4384
2048 2
3 4
5 6
7 8
9 10
11 12
13 14
15 16
17 18
19 20
21 22
23 24
25 26
27 28
29 30
31 32
33 34
35 36
37 38
39 40
41 42
43 44
45 46
47 48
49 50
51 52
53 54
55 56
57 58
59 60
61 62
63 64
65 66
67 68
69 70
71 72
73 74
75 76
77 78
79 80
81 82
83 84
85 86
87 88
89 90
91 92
93 94
95 96
97 98
99 100
101 102
103 104
105 106
107 108
109 110
111 112
113 114
115 116
117 118
119 120
121 122
123 124
125 126
127 128
129 130
131 132
133 134
135 136
137 138
139 140
141 142
143 144
145 146
147 148
149 150
151 152
153 154
155 156
157 158
159 160
161 162
163 164
165 166
167 168
169 170
171 172
173 174
175 176
177 178
179 180
181 182
183 184
185 186
187 188
189 190
191 192
193 194
195 196
197 198
199 200
201 202
203 204
205 206
207 208
209 210
211 212
213 214
215 216
217 218
219 220
221 222
223 224
225 226
227 228
229 230
231 232
233 234
235 236
237 238
239 240
241 242
243 244
245 246
247 248
249 250
251 252
253 254
255 256
257 258
259 260
261 262
263 264
265 266
267 268
269 270
271 272
273 274
275 276
277 278
279 280
281 282
283 284
285 286
287 288
289 290
291 292
293 294
295 296
297 298
299 300
301 302
303 304
305 306
307 308
309 310
311 312
313 314
315 316
317 318
319 320
321 322
323 324
325 326
327 328
329 330
331 332
333 334
335 336
337 338
339 340
341 342
343 344
345 346
347 348
349 350
351 352
353 354
355 356
357 358
359 360
361 362
363 364
365 366
367 368
369 370
371 372
373 374
375 376
377 378
379 380
381 382
383 384
385 386
387 388
389 390
391 392
393 394
395 396
397 398
399 400
401 402
403 404
405 406
407 408
409 410
411 412
413 414
415 416
417 418
419 420
421 422
423 424
425 426
427 428
429 430
431 432
433 434
435 436
437 438
439 440
441 442
443 444
445 446
447 448
449 450
451 452
453 454
455 456
457 458
459 460
461 462
463 464
465 466
467 468
469 470
471 472
473 474
475 476
477 478
479 480
481 482
483 484
485 486
487 488
489 490
491 492
493 494
495 496
497 498
499 500
501 502
503 504
505 506
507 508
509 510
511 512
513 514
515 516
517 518
519 520
521 522
523 524
525 526
527 528
529 530
531 532
533 534
535 536
537 538
539 540
541 542
543 544
545 546
547 548
549 550
551 552
553 554
555 556
557 558
559 560
561 562
563 564
565 566
567 568
569 570
571 572
573 574
575 576
577 578
579 580
581 582
583 584
585 586
587 588
589 590
591 592
593 594
595 596
597 598
599 600
601 602
603 604
605 606
607 608
609 610
611 612
613 614
615 616
617 618
619 620
621 622
623 624
625 626
627 628
629 630
631 632
633 634
635 636
637 638
639 640
641 642
643 644
645 646
647 648
649 650
651 652
653 654
655 656
657 658
659 660
661 662
663 664
665 666
667 668
669 670
671 672
673 674
675 676
677 678
679 680
681 682
683 684
685 686
687 688
689 690
691 692
693 694
695 696
697 698
699 700
701 702
703 704
705 706
707 708
709 710
711 712
713 714
715 716
717 718
719 720
721 722
723 724
725 726
727 728
729 730
731 732
733 734
735 736
737 738
739 740
741 742
743 744
745 746
747 748
749 750
751 752
753 754
755 756
757 758
759 760
761 762
763 764
765 766
767 768
769 770
771 772
773 774
775 776
777 778
779 780
781 782
783 784
785 786
787 788
789 790
791 792
793 794
795 796
797 798
799 800
801 802
803 804
805 806
807 808
809 810
811 812
813 814
815 816
817 818
819 820
821 822
823 824
825 826
827 828
829 830
831 832
833 834
835 836
837 838
839 840
841 842
843 844
845 846
847 848
849 850
851 852
853 854
855 856
857 858
859 860
861 862
863 864
865 866
867 868
869 870
871 872
873 874
875 876
877 878
879 880
881 882
883 884
885 886
887 888
889 890
891 892
893 894
895 896
897 898
899 900
901 902
903 904
905 906
907 908
909 910
911 912
913 914
915 916
917 918
919 920
921 922
923 924
925 926
927 928
929 930
931 932
933 934
935 936
937 938
939 940
941 942
943 944
945 946
947 948
949 950
951 952
953 954
955 956
957 958
959 960
961 962
963 964
965 966
967 968
969 970
971 972
973 974
975 976
977 978
979 980
981 982
983 984
985 986
987 988
989 990
991 992
993 994
995 996
997 998
999 1000
1001 1002
1003 1004
1005 1006
1007 1008
1009 1010
1011 1012
1013 1014
1015 1016
1017 1018
1019 1020
1021 1022
1023 1024
1025 1026
1027 1028
1029 1030
1031 1032
1033 1034
1035 1036
1037 1038
1039 1040
1041 1042
1043 1044
1045 1046
1047 1048
1049 1050
1051 1052
1053 1054
1055 1056
1057 1058
1059 1060
1061 1062
1063 1064
1065 1066
1067 1068
1069 1070
1071 1072
1073 1074
1075 1076
1077 1078
1079 1080
1081 1082
1083 1084
1085 1086
1087 1088
1089 1090
1091 1092
1093 1094
1095 1096
1097 1098
1099 1100
1101 1102
1103 1104
1105 1106
1107 1108
1109 1110
1111 1112
1113 1114
1115 1116
1117 1118
1119 1120
1121 1122
1123 1124
1125 1126
1127 1128
1129 1130
1131 1132
1133 1134
1135 1136
1137 1138
1139 1140
1141 1142
1143 1144
1145 1146
1147 1148
1149 1150
1151 1152
1153 1154
1155 1156
1157 1158
1159 1160
1161 1162
1163 1164
1165 1166
1167 1168
1169 1170
1171 1172
1173 1174
1175 1176
1177 1178
1179 1180
1181 1182
1183 1184
1185 1186
1187 1188
1189 1190
1191 1192
1193 1194
1195 1196
1197 1198
1199 1200
1201 1202
1203 1204
1205 1206
1207 1208
1209 1210
1211 1212
1213 1214
1215 1216
1217 1218
1219 1220
1221 1222
1223 1224
1225 1226
1227 1228
1229 1230
1231 1232
1233 1234
1235 1236
1237 1238
1239 1240
1241 1242
1243 1244
1245 1246
1247 1248
1249 1250
1251 1252
1253 1254
1255 1256
1257 1258
1259 1260
1261 1262
1263 1264
1265 1266
1267 1268
1269 1270
1271 1272
1273 1274
1275 1276
1277 1278
1279 1280
1281 1282
1283 1284
1285 1286
1287 1288
1289 1290
1291 1292
1293 1294
1295 1296
1297 1298
1299 1300
1301 1302
1303 1304
1305 1306
1307 1308
1309 1310
1311 1312
1313 1314
1315 1316
1317 1318
1319 1320
1321 1322
1323 1324
1325 1326
1327 1328
1329 1330
1331 1332
1333 1334
1335 1336
1337 1338
1339 1340
1341 1342
1343 1344
1345 1346
1347 1348
1349 1350
1351 1352
1353 1354
1355 1356
1357 1358
1359 1360
1361 1362
1363 1364
1365 1366
1367 1368
1369 1370
1371 1372
1373 1374
1375 1376
1377 1378
1379 1380
1381 1382
1383 1384
1385 1386
1387 1388
1389 1390
1391 1392
1393 1394
1395 1396
1397 1398
1399 1400
1401 1402
1403 1404
1405 1406
1407 1408
1409 1410
1411 1412
1413 1414
1415 1416
1417 1418
1419 1420
1421 1422
1423 1424
1425 1426
1427 1428
1429 1430
1431 1432
1433 1434
1435 1436
1437 1438
1439 1440
1441 1442
1443 1444
1445 1446
1447 1448
1449 1450
1451 1452
1453 1454
1455 1456
1457 1458
1459 1460
1461 1462
1463 1464
1465 1466
1467 1468
1469 1470
1471 1472
1473 1474
1475 1476
1477 1478
1479 1480
1481 1482
1483 1484
1485 1486
1487 1488
1489 1490
1491 1492
1493 1494
1495 1496
1497 1498
1499 1500
1501 1502
1503 1504
1505 1506
1507 1508
1509 1510
1511 1512
1513 1514
1515 1516
1517 1518
1519 1520
1521 1522
1523 1524
1525 1526
1527 1528
1529 1530
1531 1532
1533 1534
1535 1536
1537 1538
1539 1540
1541 1542
1543 1544
1545 1546
1547 1548
1549 1550
1551 1552
1553 1554
1555 1556
1557 1558
1559 1560
1561 1562
1563 1564
1565 1566
1567 1568
1569 1570
1571 1572
1573 1574
1575 1576
1577 1578
1579 1580
1581 1582
1583 1584
1585 1586
1587 1588
1589 1590
1591 1592
1593 1594
1595 1596
1597 1598
1599 1600
1601 1602
1603 1604
1605 1606
1607 1608
1609 1610
1611 1612
1613 1614
1615 1616
1617 1618
1619 1620
1621 1622
1623 1624
1625 1626
1627 1628
1629 1630
1631 1632
1633 1634
1635 1636
1637 1638
1639 1640
1641 1642
1643 1644
1645 1646
1647 1648
1649 1650
1651 1652
1653 1654
1655 1656
1657 1658
1659 1660
1661 1662
1663 1664
1665 1666
1667 1668
1669 1670
1671 1672
1673 1674
1675 1676
1677 1678
1679 1680
1681 1682
1683 1684
1685 1686
1687 1688
1689 1690
1691 1692
1693 1694
1695 1696
1697 1698
1699 1700
1701 1702
1703 1704
1705 1706
1707 1708
1709 1710
1711 1712
1713 1714
1715 1716
1717 1718
1719 1720
1721 1722
1723 1724
1725 1726
1727 1728
1729 1730
1731 1732
1733 1734
1735 1736
1737 1738
1739 1740
1741 1742
1743 1744
1745 1746
1747 1748
1749 1750
1751 1752
1753 1754
1755 1756
1757 1758
1759 1760
1761 1762
1763 1764
1765 1766
1767 1768
1769 1770
1771 1772
1773 1774
1775 1776
1777 1778
1779 1780
1781 1782
1783 1784
1785 1786
1787 1788
1789 1790
1791 1792
1793 1794
1795 1796
1797 1798
1799 1800
1801 1802
1803 1804
1805 1806
1807 1808
1809 1810
1811 1812
1813 1814
1815 1816
1817 1818
1819 1820
1821 1822
1823 1824
1825 1826
1827 1828
1829 1830
1831 1832
1833 1834
1835 1836
1837 1838
1839 1840
1841 1842
1843 1844
1845 1846
1847 1848
1849 1850
1851 1852
1853 1854
1855 1856
1857 1858
1859 1860
1861 1862
1863 1864
1865 1866
1867 1868
1869 1870
1871 1872
1873 1874
1875 1876
1877 1878
1879 1880
1881 1882
1883 1884
1885 1886
1887 1888
1889 1890
1891 1892
1893 1894
1895 1896
1897 1898
1899 1900
1901 1902
1903 1904
1905 1906
1907 1908
1909 1910
1911 1912
1913 1914
1915 1916
1917 1918
1919 1920
1921 1922
1923 1924
1925 1926
1927 1928
1929 1930
1931 1932
1933 1934
1935 1936
1937 1938
1939 1940
1941 1942
1943 1944
1945 1946
1947 1948
1949 1950
1951 1952
1953 1954
1955 1956
1957 1958
1959 1960
1961 1962
1963 1964
1965 1966
1967 1968
1969 1970
1971 1972
1973 1974
1975 1976
1977 1978
1979 1980
1981 1982
1983 1984
1985 1986
1987 1988
1989 1990
1991 1992
1993 1994
1995 1996
1997 1998
1999 2000
2001 2002
2003 2004
2005 2006
2007 2008
2009 2010
2011 2012
2013 2014
2015 2016
2017 2018
2019 2020
2021 2022
2023 2024
2025 2026
2027 2028
2029 2030
2031 2032
2033 2034
2035 2036
2037 2038
2039 2040
2041 2042
2043 2044
2045 2046
2047 1
2049 2050
2051 2052
2053 2054
2055 2056
2057 2058
2059 2060
2061 2062
2063 2064
2065 2066
2067 2068
2069 2070
2071 2072
2073 2074
2075 2076
2077 2078
2079 2080
2081 2082
2083 2084
2085 2086
2087 2088
2089 2090
2091 2092
2093 2094
2095 2096
2097 2098
2099 2100
2101 2102
2103 2104
2105 2106
2107 2108
2109 2110
2111 2112
2113 2114
2115 2116
2117 2118
2119 2120
2121 2122
2123 2124
2125 2126
2127 2128
2129 2130
2131 2132
2133 2134
2135 2136
2137 2138
2139 2140
2141 2142
2143 2144
2145 2146
2147 2148
2149 2150
2151 2152
2153 2154
2155 2156
2157 2158
2159 2160
2161 2162
2163 2164
2165 2166
2167 2168
2169 2170
2171 2172
2173 2174
2175 2176
2177 2178
2179 2180
2181 2182
2183 2184
2185 2186
2187 2188
2189 2190
2191 2192
2193 2194
2195 2196
2197 2198
2199 2200
2201 2202
2203 2204
2205 2206
2207 2208
2209 2210
2211 2212
2213 2214
2215 2216
2217 2218
2 4
6 8
10 12
14 16
18 20
22 24
26 28
30 32
34 36
38 40
42 44
46 48
50 52
54 56
58 60
62 64
66 68
70 72
74 76
78 80
82 84
86 88
90 92
94 96
98 100
102 104
106 108
110 112
114 116
118 120
122 124
126 128
130 132
134 136
138 140
142 144
146 148
150 152
154 156
158 160
162 164
166 168
170 172
174 176
178 180
182 184
186 188
190 192
194 196
198 200
202 204
206 208
210 212
214 216
218 220
222 224
226 228
230 232
234 236
238 240
242 244
246 248
250 252
254 256
258 260
262 264
266 268
270 272
274 276
278 280
282 284
286 288
290 292
294 296
298 300
302 304
306 308
310 312
314 316
318 320
322 324
326 328
330 332
334 336
338 340
342 344
346 348
350 352
354 356
358 360
362 364
366 368
370 372
374 376
378 380
382 384
386 388
390 392
394 396
398 400
402 404
406 408
410 412
414 416
418 420
422 424
426 428
430 432
434 436
438 440
442 444
446 448
450 452
454 456
458 460
462 464
466 468
470 472
474 476
478 480
482 484
486 488
490 492
494 496
498 500
502 504
506 508
510 512
514 516
518 520
522 524
526 528
530 532
534 536
538 540
542 544
546 548
550 552
554 556
558 560
562 564
566 568
570 572
574 576
578 580
582 584
586 588
590 592
594 596
598 600
602 604
606 608
610 612
614 616
618 620
622 624
626 628
630 632
634 636
638 640
642 644
646 648
650 652
654 656
658 660
662 664
666 668
670 672
674 676
678 680
682 684
686 688
690 692
694 696
698 700
702 704
706 708
710 712
714 716
718 720
722 724
726 728
730 732
734 736
738 740
742 744
746 748
750 752
754 756
758 760
762 764
766 768
770 772
774 776
778 780
782 784
786 788
790 792
794 796
798 800
802 804
806 808
810 812
814 816
818 820
822 824
826 828
830 832
834 836
838 840
842 844
846 848
850 852
854 856
858 860
862 864
866 868
870 872
874 876
878 880
882 884
886 888
890 892
894 896
898 900
902 904
906 908
910 912
914 916
918 920
922 924
926 928
930 932
934 936
938 940
942 944
946 948
950 952
954 956
958 960
962 964
966 968
970 972
974 976
978 980
982 984
986 988
990 992
994 996
998 1000
1002 1004
1006 1008
1010 1012
1014 1016
1018 1020
1022 1024
1026 1028
1030 1032
1034 1036
1038 1040
1042 1044
1046 1048
1050 1052
1054 1056
1058 1060
1062 1064
1066 1068
1070 1072
1074 1076
1078 1080
1082 1084
1086 1088
1090 1092
1094 1096
1098 1100
1102 1104
1106 1108
1110 1112
1114 1116
1118 1120
1122 1124
1126 1128
1130 1132
1134 1136
1138 1140
1142 1144
1146 1148
1150 1152
1154 1156
1158 1160
1162 1164
1166 1168
1170 1172
1174 1176
1178 1180
1182 1184
1186 1188
1190 1192
1194 1196
1198 1200
1202 1204
1206 1208
1210 1212
1214 1216
1218 1220
1222 1224
1226 1228
1230 1232
1234 1236
1238 1240
1242 1244
1246 1248
1250 1252
1254 1256
1258 1260
1262 1264
1266 1268
1270 1272
1274 1276
1278 1280
1282 1284
1286 1288
1290 1292
1294 1296
1298 1300
1302 1304
1306 1308
1310 1312
1314 1316
1318 1320
1322 1324
1326 1328
1330 1332
1334 1336
1338 1340
1342 1344
1346 1348
1350 1352
1354 1356
1358 1360
1362 1364
1366 1368
1370 1372
1374 1376
1378 1380
1382 1384
1386 1388
1390 1392
1394 1396
1398 1400
1402 1404
1406 1408
1410 1412
1414 1416
1418 1420
1422 1424
1426 1428
1430 1432
1434 1436
1438 1440
1442 1444
1446 1448
1450 1452
1454 1456
1458 1460
1462 1464
1466 1468
1470 1472
1474 1476
1478 1480
1482 1484
1486 1488
1490 1492
1494 1496
1498 1500
1502 1504
1506 1508
1510 1512
1514 1516
1518 1520
1522 1524
1526 1528
1530 1532
1534 1536
1538 1540
1542 1544
1546 1548
1550 1552
1554 1556
1558 1560
1562 1564
1566 1568
1570 1572
1574 1576
1578 1580
1582 1584
1586 1588
1590 1592
1594 1596
1598 1600
1602 1604
1606 1608
1610 1612
1614 1616
1618 1620
1622 1624
1626 1628
1630 1632
1634 1636
1638 1640
1642 1644
1646 1648
1650 1652
1654 1656
1658 1660
1662 1664
1666 1668
1670 1672
1674 1676
1678 1680
1682 1684
1686 1688
1690 1692
1694 1696
1698 1700
1702 1704
1706 1708
1710 1712
1714 1716
1718 1720
1722 1724
1726 1728
1730 1732
1734 1736
1738 1740
1742 1744
1746 1748
1750 1752
1754 1756
1758 1760
1762 1764
1766 1768
1770 1772
1774 1776
1778 1780
1782 1784
1786 1788
1790 1792
1794 1796
1798 1800
1802 1804
1806 1808
1810 1812
1814 1816
1818 1820
1822 1824
1826 1828
1830 1832
1834 1836
1838 1840
1842 1844
1846 1848
1850 1852
1854 1856
1858 1860
1862 1864
1866 1868
1870 1872
1874 1876
1878 1880
1882 1884
1886 1888
1890 1892
1894 1896
1898 1900
1902 1904
1906 1908
1910 1912
1914 1916
1918 1920
1922 1924
1926 1928
1930 1932
1934 1936
1938 1940
1942 1944
1946 1948
1950 1952
1954 1956
1958 1960
1962 1964
1966 1968
1970 1972
1974 1976
1978 1980
1982 1984
1986 1988
1990 1992
1994 1996
1998 2000
2002 2004
2006 2008
2010 2012
2014 2016
2018 2020
2022 2024
2026 2028
2030 2032
2034 2036
2038 2040
2042 2044
2046 1
2050 2052
2054 2056
2058 2060
2062 2064
2066 2068
2070 2072
2074 2076
2078 2080
2082 2084
2086 2088
2090 2092
2094 2096
2098 2100
2102 2104
2106 2108
2110 2112
2114 2116
2118 2120
2122 2124
2126 2128
2130 2132
2134 2136
2138 2140
2142 2144
2146 2148
2150 2152
2154 2156
2158 2160
2162 2164
2166 2168
2170 2172
2174 2176
2178 2180
2182 2184
2186 2188
2190 2192
2194 2196
2198 2200
2202 2204
2206 2208
2210 2212
2214 2216
4 8
12 16
20 24
28 32
36 40
44 48
52 56
60 64
68 72
76 80
84 88
92 96
100 104
108 112
116 120
124 128
132 136
140 144
148 152
156 160
164 168
172 176
180 184
188 192
196 200
204 208
212 216
220 224
228 232
236 240
244 248
252 256
260 264
268 272
276 280
284 288
292 296
300 304
308 312
316 320
324 328
332 336
340 344
348 352
356 360
364 368
372 376
380 384
388 392
396 400
404 408
412 416
420 424
428 432
436 440
444 448
452 456
460 464
468 472
476 480
484 488
492 496
500 504
508 512
516 520
524 528
532 536
540 544
548 552
556 560
564 568
572 576
580 584
588 592
596 600
604 608
612 616
620 624
628 632
636 640
644 648
652 656
660 664
668 672
676 680
684 688
692 696
700 704
708 712
716 720
724 728
732 736
740 744
748 752
756 760
764 768
772 776
780 784
788 792
796 800
804 808
812 816
820 824
828 832
836 840
844 848
852 856
860 864
868 872
876 880
884 888
892 896
900 904
908 912
916 920
924 928
932 936
940 944
948 952
956 960
964 968
972 976
980 984
988 992
996 1000
1004 1008
1012 1016
1020 1024
1028 1032
1036 1040
1044 1048
1052 1056
1060 1064
1068 1072
1076 1080
1084 1088
1092 1096
1100 1104
1108 1112
1116 1120
1124 1128
1132 1136
1140 1144
1148 1152
1156 1160
1164 1168
1172 1176
1180 1184
1188 1192
1196 1200
1204 1208
1212 1216
1220 1224
1228 1232
1236 1240
1244 1248
1252 1256
1260 1264
1268 1272
1276 1280
1284 1288
1292 1296
1300 1304
1308 1312
1316 1320
1324 1328
1332 1336
1340 1344
1348 1352
1356 1360
1364 1368
1372 1376
1380 1384
1388 1392
1396 1400
1404 1408
1412 1416
1420 1424
1428 1432
1436 1440
1444 1448
1452 1456
1460 1464
1468 1472
1476 1480
1484 1488
1492 1496
1500 1504
1508 1512
1516 1520
1524 1528
1532 1536
1540 1544
1548 1552
1556 1560
1564 1568
1572 1576
1580 1584
1588 1592
1596 1600
1604 1608
1612 1616
1620 1624
1628 1632
1636 1640
1644 1648
1652 1656
1660 1664
1668 1672
1676 1680
1684 1688
1692 1696
1700 1704
1708 1712
1716 1720
1724 1728
1732 1736
1740 1744
1748 1752
1756 1760
1764 1768
1772 1776
1780 1784
1788 1792
1796 1800
1804 1808
1812 1816
1820 1824
1828 1832
1836 1840
1844 1848
1852 1856
1860 1864
1868 1872
1876 1880
1884 1888
1892 1896
1900 1904
1908 1912
1916 1920
1924 1928
1932 1936
1940 1944
1948 1952
1956 1960
1964 1968
1972 1976
1980 1984
1988 1992
1996 2000
2004 2008
2012 2016
2020 2024
2028 2032
2036 2040
2044 1
2052 2056
2060 2064
2068 2072
2076 2080
2084 2088
2092 2096
2100 2104
2108 2112
2116 2120
2124 2128
2132 2136
2140 2144
2148 2152
2156 2160
2164 2168
2172 2176
2180 2184
2188 2192
2196 2200
2204 2208
2212 2216
8 16
24 32
40 48
56 64
72 80
88 96
104 112
120 128
136 144
152 160
168 176
184 192
200 208
216 224
232 240
248 256
264 272
280 288
296 304
312 320
328 336
344 352
360 368
376 384
392 400
408 416
424 432
440 448
456 464
472 480
488 496
504 512
520 528
536 544
552 560
568 576
584 592
600 608
616 624
632 640
648 656
664 672
680 688
696 704
712 720
728 736
744 752
760 768
776 784
792 800
808 816
824 832
840 848
856 864
872 880
888 896
904 912
920 928
936 944
952 960
968 976
984 992
1000 1008
1016 1024
1032 1040
1048 1056
1064 1072
1080 1088
1096 1104
1112 1120
1128 1136
1144 1152
1160 1168
1176 1184
1192 1200
1208 1216
1224 1232
1240 1248
1256 1264
1272 1280
1288 1296
1304 1312
1320 1328
1336 1344
1352 1360
1368 1376
1384 1392
1400 1408
1416 1424
1432 1440
1448 1456
1464 1472
1480 1488
1496 1504
1512 1520
1528 1536
1544 1552
1560 1568
1576 1584
1592 1600
1608 1616
1624 1632
1640 1648
1656 1664
1672 1680
1688 1696
1704 1712
1720 1728
1736 1744
1752 1760
1768 1776
1784 1792
1800 1808
1816 1824
1832 1840
1848 1856
1864 1872
1880 1888
1896 1904
1912 1920
1928 1936
1944 1952
1960 1968
1976 1984
1992 2000
2008 2016
2024 2032
2040 1
2056 2064
2072 2080
2088 2096
2104 2112
2120 2128
2136 2144
2152 2160
2168 2176
2184 2192
2200 2208
16 32
48 64
80 96
112 128
144 160
176 192
208 224
240 256
272 288
304 320
336 352
368 384
400 416
432 448
464 480
496 512
528 544
560 576
592 608
624 640
656 672
688 704
720 736
752 768
784 800
816 832
848 864
880 896
912 928
944 960
976 992
1008 1024
1040 1056
1072 1088
1104 1120
1136 1152
1168 1184
1200 1216
1232 1248
1264 1280
1296 1312
1328 1344
1360 1376
1392 1408
1424 1440
1456 1472
1488 1504
1520 1536
1552 1568
1584 1600
1616 1632
1648 1664
1680 1696
1712 1728
1744 1760
1776 1792
1808 1824
1840 1856
1872 1888
1904 1920
1936 1952
1968 1984
2000 2016
2032 1
2064 2080
2096 2112
2128 2144
2160 2176
2192 2208
32 64
96 128
160 192
224 256
288 320
352 384
416 448
480 512
544 576
608 640
672 704
736 768
800 832
864 896
928 960
992 1024
1056 1088
1120 1152
1184 1216
1248 1280
1312 1344
1376 1408
1440 1472
1504 1536
1568 1600
1632 1664
1696 1728
1760 1792
1824 1856
1888 1920
1952 1984
2016 1
2080 2112
2144 2176
64 128
192 256
320 384
448 512
576 640
704 768
832 896
960 1024
1088 1152
1216 1280
1344 1408
1472 1536
1600 1664
1728 1792
1856 1920
1984 1
2112 2176
128 256
384 512
640 768
896 1024
1152 1280
1408 1536
1664 1792
1920 1
256 512
768 1024
1280 1536
1792 1
512 1024
1536 1
1024 1
1 2208
1 2208
2176 2208
1 2208
1 2208
1 2208
2208 1
2208 1
2208 1
1 2208
2208 1
2208 1
1 2208
2208 1
1 2208
2208 1
2208 1
2208 1
1 2208
1 2208
2208 1
2208 1
1 2216
1 2216
2208 2216
1 2216
1 2216
1 2216
1 2216
1 2216
2216 1
2216 1
2216 1
1 2216
2216 1
2216 1
1 2216
1 2216
2216 1
1 2216
1 2216
2216 1
1 2216
2216 1
2216 1
2216 1
2216 1
1 2216
1 2216
2216 1
1 2216
1 2216
1 2216
2216 1
1 2216
1 2216
1 2216
2216 1
2216 1
1 2216
1 2216
1 2216
2216 1
2216 1
2216 1
2216 1
1 2216
1 2216
2216 1
2216 1
2216 1
2216 1
2216 1
2216 1
2216 1
2216 1
1 2216
1 2216
1 2216
2216 1
1 2216
1 2216
2216 1
2216 1
1 2216
2216 1
2216 1
1 2216
2216 1
1 2216
1 2216
1 2216
1 2216
2216 1
2216 1
1 2216
2216 1
2216 1
2216 1
1 2216
2216 1
2216 1
2216 1
1 2216
1 2216
2216 1
2216 1
2216 1
1 2216
1 2216
1 2216
1 2216
2216 1
2216 1
1 2218
1 2218
2216 2218
1 2218
1 2218
1 2218
1 2218
1 2218
1 2218
1 2218
2218 1
2218 1
2218 1
1 2218
2218 1
2218 1
1 2218
1 2218
1 2218
2218 1
2218 1
1 2218
1 2218
1 2218
1 2218
1 2218
2218 1
2218 1
2218 1
2218 1
1 2218
1 2218
2218 1
2218 1
2218 1
2218 1
1 2218
1 2218
1 2218
1 2218
2218 1
2218 1
2218 1
2218 1
2218 1
2218 1
2218 1
1 2218
2218 1
2218 1
1 2218
2218 1
2218 1
1 2218
1 2218
1 2218
2218 1
1 2218
1 2218
1 2218
1 2218
2218 1
2218 1
1 2218
2218 1
2218 1
1 2218
1 2218
2218 1
2218 1
2218 1
2218 1
1 2218
2218 1
1 2218
1 2218
2218 1
1 2218
2218 1
2218 1
1 2218
1 2218
1 2218
1 2218
1 2218
2218 1
1 2218
2218 1
2218 1
2218 1
1 2218
1 2218
1 2218
2218 1
1 2218
2218 1
1 2218
2218 1
1 2218
2218 1
2218 1
2218 1
1 2218
2218 1
2218 1
2218 1
2218 1
2218 1
1 2218
1 2218
2218 1
2218 1
2218 1
1 2218
1 2218
1 2218
2218 1
1 2218
1 2218
1 2218
2218 1
2218 1
2218 1
1 2218
1 2218
1 2218
2218 1
2218 1
1 2218
1 2218
2218 1
1 2218
1 2218
2218 1
1 2218
2218 1
1 2218
1 2218
2218 1
1 2218
2218 1
1 2218
2218 1
1 2218
1 2218
1 2218
2218 1
2218 1
2218 1
2218 1
2218 1
1 2218
1 2218
2218 1
1 2218
2218 1
1 2218
1 2218
2218 1
2218 1
2218 1
1 2218
1 2218
2218 1
1 2218
1 2218
1 2218
1 2218
1 2218
2218 1
1 2218
1 2218
1 2218
2218 1
2218 1
1 2218
1 2218
1 2218
2218 1
1 2218
2218 1
2218 1
1 2218
1 2218
2218 1
2218 1
1 2218
1 2218
2218 1
1 2218
1 2218
1 2218
1 2218
2218 1
1 2218
2218 1
2218 1
2218 1
2218 1
1 2218
1 2218
1 2218
2218 1
1 2218
2218 1
2218 1
2218 1
1 2218
2218 1
1 2218
2218 1
1 2218
1 2218
1 2218
1 2218
2218 1
1 2218
1 2218
2218 1
1 2218
1 2218
1 2218
1 2218
1 2218
1 2218
1 2218
1 2218
2218 1
1 2218
2218 1
2218 1
1 2218
1 2218
1 2218
2218 1
1 2218
2218 1
1 2218
1 2218
2218 1
1 2218
1 2218
1 2218
2218 1
1 2218
2218 1
2218 1
1 2218
2218 1
2218 1
1 2218
2218 1
2218 1
1 2218
2218 1
1 2218
1 2218
2218 1
1 2218
2218 1
2218 1
2218 1
2218 1
2218 1
2218 1
1 2218
1 2218
2218 1
1 2218
1 2218
1 2218
2218 1
1 2218
1 2218
2218 1
2218 1
1 2218
1 2218
2218 1
1 2218
2218 1
1 2218
1 2218
1 2218
2218 1
2218 1
1 2218
2218 1
2218 1
1 2218
2218 1
2218 1
2218 1
2218 1
1 2218
1 2218
1 2218
1 2218
2218 1
1 2218
1 2218
1 2218
2218 1
1 2218
1 2218
1 2218
2218 1
1 2218
2218 1
1 2218
2218 1
1 2218
1 2218
1 2218
1 2218
1 2218
1 2218
1 2218
2218 1
2218 1
1 2218
1 2218
2218 1
2218 1
2218 1
1 2218
2218 1
2218 1
1 2218
2218 1
1 2218
2218 1
1 2218
1 2218
2218 1
2218 1
1 2218
2218 1
1 2218
2218 1
1 2218
2218 1
1 2218
2218 1
1 2218
1 2218
2218 1
1 2218
2218 1
2218 1
1 2218
2218 1
2218 1
2218 1
2218 1
1 2218
2218 1
2218 1
2218 1
2218 1
2218 1
2218 1
1 2218
2218 1
1 2218
2218 1
2218 1
2218 1
1 2218
2218 1
1 2218
2218 1
2218 1
2218 1
2218 1
2218 1
1 2218
2218 1
1 2218
2218 1
1 2218
2218 1
2218 1
1 2218
1 2218
1 2218
1 2218
2218 1
2218 1
1 2218
2218 1
1 2218
1 2218
2218 1
1 2218
2218 1
1 2218
1 2218
1 2218
1 2218
2218 1
2218 1
1 2218
1 2218
2218 1
1 2218
2218 1
2218 1
1 2218
1 2218
2218 1
1 2218
1 2218
1 2218
2218 1
2218 1
1 2218
2218 1
1 2218
2218 1
1 2218
1 2218
1 2218
2218 1
1 2218
2218 1
2218 1
2218 1
2218 1
2218 1
1 2218
1 2218
1 2218
2218 1
2218 1
1 2218
2218 1
2218 1
1 2218
1 2218
1 2218
1 2218
1 2218
1 2218
2218 1
1 2218
1 2218
1 2218
1 2218
2218 1
1 2218
1 2218
2218 1
2218 1
2218 1
2218 1
1 2218
2218 1
2218 1
1 2218
2218 1
1 2218
1 2218
1 2218
2218 1
1 2218
1 2218
2218 1
1 2218
1 2218
1 2218
2218 1
2218 1
2218 1
2218 1
1 2218
1 2218
1 2218
2218 1
2218 1
2218 1
2218 1
1 2218
2218 1
1 2218
2218 1
2218 1
1 2218
1 2218
2218 1
2218 1
2218 1
1 2218
1 2218
2218 1
1 2218
2218 1
2218 1
2218 1
2218 1
1 2218
2218 1
1 2218
2218 1
1 2218
1 2218
2218 1
1 2218
1 2218
2218 1
2218 1
1 2218
2218 1
1 2218
1 2218
1 2218
2218 1
2218 1
1 2218
1 2218
2218 1
2218 1
1 2218
1 2218
2218 1
2218 1
2218 1
2218 1
2218 1
2218 1
1 2218
1 2218
1 2218
1 2218
1 2218
2218 1
1 2218
1 2218
2218 1
2218 1
1 2218
2218 1
2218 1
1 2218
1 2218
1 2218
2218 1
2218 1
2218 1
2218 1
2218 1
2218 1
1 2218
1 2218
2218 1
2218 1
2218 1
2218 1
2218 1
2218 1
2218 1
2218 1
2218 1
2218 1
1 2218
1 2218
1 2218
2218 1
1 2218
1 2218
2218 1
2218 1
2218 1
1 2218
1 2218
2218 1
2218 1
2218 1
2218 1
2218 1
1 2218
1 2218
1 2218
1 2218
2218 1
2218 1
1 2218
1 2218
1 2218
1 2218
2218 1
2218 1
2218 1
2218 1
1 2218
1 2218
1 2218
1 2218
1 2218
1 2218
1 2218
2218 1
1 2218
1 2218
2218 1
1 2218
1 2218
2218 1
2218 1
2218 1
1 2218
2218 1
2218 1
2218 1
2218 1
1 2218
1 2218
2218 1
1 2218
1 2218
2218 1
2218 1
1 2218
1 2218
1 2218
1 2218
2218 1
1 2218
2218 1
2218 1
1 2218
2218 1
1 2218
1 2218
2218 1
2218 1
2218 1
2218 1
2218 1
1 2218
2218 1
1 2218
1 2218
1 2218
2218 1
2218 1
2218 1
1 2218
2218 1
1 2218
2218 1
1 2218
2218 1
1 2218
1 2218
1 2218
2218 1
1 2218
1 2218
1 2218
1 2218
1 2218
2218 1
2218 1
1 2218
1 2218
1 2218
2218 1
2218 1
2218 1
1 2218
2218 1
2218 1
2218 1
1 2218
1 2218
1 2218
2218 1
2218 1
2218 1
1 2218
1 2218
2218 1
2218 1
1 2218
2218 1
2218 1
1 2218
2218 1
1 2218
2218 1
2218 1
1 2218
2218 1
1 2218
2218 1
1 2218
2218 1
2218 1
2218 1
1 2218
1 2218
1 2218
1 2218
1 2218
2218 1
2218 1
1 2218
2218 1
1 2218
2218 1
2218 1
1 2218
1 2218
1 2218
2218 1
2218 1
1 2218
2218 1
2218 1
2218 1
2218 1
2218 1
1 2218
2218 1
2218 1
2218 1
1 2218
1 2218
2218 1
2218 1
2218 1
1 2218
2218 1
1 2218
1 2218
2218 1
2218 1
1 2218
1 2218
2218 1
2218 1
1 2218
2218 1
2218 1
2218 1
2218 1
1 2218
2218 1
1 2218
1 2218
1 2218
1 2218
2218 1
2218 1
2218 1
1 2218
2218 1
1 2218
1 2218
1 2218
2218 1
1 2218
2218 1
1 2218
2218 1
2218 1
2218 1
2218 1
1 2218
2218 1
2218 1
1 2218
2218 1
2218 1
2218 1
2218 1
2218 1
2218 1
2218 1
2218 1
1 2218
2218 1
1 2218
1 2218
2218 1
2218 1
2218 1
1 2218
2218 1
1 2218
2218 1
2218 1
1 2218
2218 1
2218 1
2218 1
1 2218
2218 1
1 2218
1 2218
2218 1
1 2218
1 2218
2218 1
1 2218
1 2218
2218 1
1 2218
2218 1
2218 1
1 2218
2218 1
1 2218
1 2218
1 2218
1 2218
1 2218
1 2218
2218 1
2218 1
1 2218
2218 1
2218 1
2218 1
1 2218
2218 1
2218 1
1 2218
1 2218
2218 1
2218 1
1 2218
2218 1
1 2218
2218 1
2218 1
2218 1
1 2218
1 2218
2218 1
1 2218
1 2218
2218 1
1 2218
1 2218
1 2218
1 2218
2218 1
2218 1
2218 1
2218 1
1 2218
2218 1
2218 1
2218 1
1 2218
2218 1
2218 1
2218 1
1 2218
2218 1
1 2218
2218 1
1 2218
2218 1
2218 1
2218 1
2218 1
2218 1
2218 1
2218 1
1 2218
1 2218
2218 1
2218 1
1 2218
1 2218
1 2218
2218 1
1 2218
1 2218
2218 1
1 2218
2218 1
1 2218
2218 1
2218 1
1 2218
1 2218
2218 1
1 2218
2218 1
1 2218
2218 1
1 2218
2218 1
1 2218
2218 1
2218 1
1 2218
2218 1
1 2218
1 2218
2218 1
1 2218
1 2218
1 2218
1 2218
2218 1
1 2218
1 2218
1 2218
1 2218
1 2218
1 2218
2218 1
1 2218
2218 1
1 2218
1 2218
1 2218
2218 1
1 2218
2218 1
1 2218
1 2218
1 2218
1 2218
1 2218
2218 1
1 2218
2218 1
1 2218
2218 1
1 2218
1 2218
2218 1
2218 1
2218 1
2218 1
1 2218
1 2218
2218 1
1 2218
2218 1
2218 1
1 2218
2218 1
1 2218
2218 1
2218 1
2218 1
2218 1
1 2218
1 2218
2218 1
2218 1
1 2218
2218 1
1 2218
1 2218
2218 1
2218 1
1 2218
2218 1
2218 1
2218 1
1 2218
1 2218
2218 1
1 2218
2218 1
1 2218
2218 1
2218 1
2218 1
1 2218
2218 1
1 2218
1 2218
1 2218
1 2218
1 2218
2218 1
2218 1
2218 1
1 2218
1 2218
2218 1
1 2218
1 2218
2218 1
2218 1
2218 1
2218 1
2218 1
2218 1
1 2218
2218 1
2218 1
2218 1
2218 1
1 2218
2218 1
2218 1
1 2218
1 2218
1 2218
1 2218
2218 1
1 2218
1 2218
2218 1
1 2218
2218 1
2218 1
2218 1
1 2218
2218 1
2218 1
1 2218
2218 1
2218 1
2218 1
1 2218
1 2218
1 2218
1 2218
2218 1
2218 1
2218 1
1 2218
1 2218
1 2218
1 2218
2218 1
1 2218
2218 1
1 2218
1 2218
2218 1
2218 1
1 2218
1 2218
1 2218
2218 1
2218 1
1 2218
2218 1
1 2218
1 2218
1 2218
1 2218
2218 1
1 2218
2218 1
1 2218
2218 1
2218 1
1 2218
2218 1
2218 1
1 2218
1 2218
2218 1
1 2218
2218 1
2218 1
2218 1
1 2218
1 2218
2218 1
2218 1
1 2218
1 2218
2218 1
2218 1
1 2218
1 2218
1 2218
1 2218
1 2218
1 2218
2218 1
2218 1
2218 1
2218 1
2218 1
1 2218
2218 1
2218 1
1 2218
1 2218
2218 1
1 2218
1 2218
2218 1
2218 1
2218 1
1 2218
1 2218
1 2218
1 2218
1 2218
1 2218
2218 1
2218 1
1 2219
2218 2219
1 2219
1 2219
1 2219
1 2219
1 2219
1 2219
1 2219
1 2219
1 2219
2219 1
2219 1
2219 1
1 2219
2219 1
2219 1
1 2219
1 2219
1 2219
2219 1
1 2219
1 2219
1 2219
2219 1
1 2219
2219 1
2219 1
1 2219
2219 1
1 2219
2219 1
2219 1
2219 1
1 2219
2219 1
1 2219
1 2219
1 2219
2219 1
2219 1
1 2219
1 2219
2219 1
2219 1
2219 1
2219 1
2219 1
1 2219
2219 1
1 2219
2219 1
1 2219
1 2219
2219 1
1 2219
1 2219
2219 1
2219 1
2219 1
2219 1
2219 1
1 2219
1 2219
2219 1
2219 1
1 2219
2219 1
1 2219
1 2219
2219 1
2219 1
2219 1
2219 1
1 2219
2219 1
1 2219
1 2219
1 2219
1 2219
1 2219
2219 1
2219 1
2219 1
1 2219
2219 1
2219 1
2219 1
2219 1
2219 1
2219 1
2219 1
2219 1
1 2219
2219 1
2219 1
1 2219
2219 1
2219 1
1 2219
1 2219
1 2219
2219 1
1 2219
2219 1
1 2219
2219 1
1 2219
1 2219
1 2219
2219 1
2219 1
2219 1
1 2219
1 2219
2219 1
1 2219
2219 1
2219 1
2219 1
1 2219
1 2219
2219 1
2219 1
2219 1
2219 1
2219 1
2219 1
1 2219
1 2219
1 2219
2219 1
2219 1
1 2219
2219 1
2219 1
1 2219
1 2219
1 2219
2219 1
2219 1
2219 1
1 2219
1 2219
1 2219
2219 1
2219 1
2219 1
2219 1
2219 1
2219 1
1 2219
2219 1
2219 1
2219 1
1 2219
1 2219
2219 1
2219 1
2219 1
1 2219
2219 1
2219 1
1 2219
2219 1
2219 1
1 2219
2219 1
1 2219
2219 1
1 2219
1 2219
1 2219
1 2219
1 2219
1 2219
2219 1
1 2219
2219 1
2219 1
2219 1
1 2219
1 2219
1 2219
2219 1
1 2219
1 2219
2219 1
1 2219
2219 1
2219 1
1 2219
1 2219
2219 1
2219 1
2219 1
1 2219
1 2219
1 2219
1 2219
1 2219
2219 1
1 2219
2219 1
2219 1
2219 1
2219 1
1 2219
1 2219
1 2219
2219 1
1 2219
1 2219
1 2219
2219 1
2219 1
2219 1
2219 1
1 2219
1 2219
1 2219
1 2219
2219 1
2219 1
2219 1
1 2219
1 2219
1 2219
2219 1
2219 1
1 2219
1 2219
1 2219
1 2219
2219 1
1 2219
2219 1
1 2219
2219 1
2219 1
2219 1
2219 1
1 2219
2219 1
1 2219
2219 1
2219 1
1 2219
2219 1
2219 1
2219 1
1 2219
2219 1
2219 1
1 2219
2219 1
2219 1
2219 1
2219 1
1 2219
1 2219
1 2219
2219 1
2219 1
1 2219
1 2219
2219 1
1 2219
2219 1
1 2219
1 2219
1 2219
1 2219
2219 1
2219 1
2219 1
2219 1
2219 1
2219 1
1 2219
1 2219
2219 1
2219 1
2219 1
1 2219
1 2219
1 2219
2219 1
1 2219
2219 1
1 2219
1 2219
2219 1
1 2219
2219 1
1 2219
1 2219
2219 1
2219 1
1 2219
2219 1
1 2219
1 2219
2219 1
1 2219
2219 1
2219 1
2219 1
1 2219
1 2219
2219 1
1 2219
1 2219
1 2219
1 2219
2219 1
2219 1
1 2219
1 2219
2219 1
1 2219
1 2219
2219 1
1 2219
1 2219
2219 1
2219 1
1 2219
1 2219
2219 1
2219 1
1 2219
2219 1
1 2219
2219 1
1 2219
2219 1
2219 1
1 2219
2219 1
1 2219
2219 1
1 2219
1 2219
2219 1
1 2219
1 2219
1 2219
1 2219
1 2219
1 2219
2219 1
2219 1
1 2219
2219 1
1 2219
2219 1
2219 1
1 2219
1 2219
1 2219
1 2219
2219 1
2219 1
2219 1
2219 1
2219 1
1 2219
1 2219
2219 1
1 2219
1 2219
2219 1
2219 1
1 2219
1 2219
1 2219
2219 1
1 2219
2219 1
2219 1
2219 1
2219 1
2219 1
2219 1
1 2219
1 2219
1 2219
1 2219
2219 1
2219 1
1 2219
1 2219
1 2219
2219 1
1 2219
2219 1
2219 1
1 2219
1 2219
1 2219
1 2219
1 2219
2219 1
1 2219
1 2219
1 2219
2219 1
2219 1
2219 1
2219 1
2219 1
2219 1
2219 1
2219 1
2219 1
1 2219
2219 1
1 2219
1 2219
2219 1
2219 1
2219 1
1 2219
2219 1
2219 1
1 2219
1 2219
2219 1
1 2219
2219 1
2219 1
2219 1
1 2219
2219 1
2219 1
2219 1
2219 1
1 2219
2219 1
1 2219
1 2219
1 2219
2219 1
1 2219
2219 1
2219 1
1 2219
1 2219
2219 1
1 2219
1 2219
1 2219
2219 1
1 2219
1 2219
1 2219
1 2219
1 2219
2219 1
1 2219
1 2219
1 2219
2219 1
1 2219
1 2219
1 2219
2219 1
1 2219
1 2219
2219 1
2219 1
1 2219
1 2219
1 2219
1 2219
2219 1
1 2219
1 2219
2219 1
1 2219
1 2219
1 2219
2219 1
2219 1
2219 1
1 2219
2219 1
1 2219
1 2219
2219 1
2219 1
1 2219
1 2219
1 2219
1 2219
1 2219
1 2219
1 2219
2219 1
2219 1
1 2219
2219 1
2219 1
2219 1
1 2219
2219 1
2219 1
1 2219
1 2219
1 2219
1 2219
1 2219
1 2219
2219 1
1 2219
2219 1
1 2219
2219 1
1 2219
1 2219
2219 1
2219 1
2219 1
1 2219
2219 1
1 2219
1 2219
2219 1
1 2219
1 2219
1 2219
1 2219
2219 1
1 2219
2219 1
1 2219
2219 1
1 2219
2219 1
2219 1
2219 1
1 2219
2219 1
1 2219
2219 1
1 2219
2219 1
1 2219
2219 1
1 2219
2219 1
1 2219
1 2219
1 2219
1 2219
1 2219
2219 1
2219 1
1 2219
2219 1
1 2219
1 2219
2219 1
1 2219
1 2219
2219 1
2219 1
1 2219
2219 1
2219 1
2219 1
1 2219
1 2219
1 2219
1 2219
1 2219
2219 1
2219 1
2219 1
2219 1
1 2219
2219 1
2219 1
2219 1
1 2219
2219 1
1 2219
2219 1
2219 1
1 2219
1 2219
1 2219
2219 1
2219 1
2219 1
2219 1
1 2219
1 2219
2219 1
1 2219
2219 1
1 2219
2219 1
2219 1
2219 1
1 2219
2219 1
2219 1
2219 1
1 2219
1 2219
2219 1
1 2219
2219 1
2219 1
1 2219
1 2219
2219 1
1 2219
2219 1
1 2219
1 2219
2219 1
1 2219
2219 1
2219 1
1 2219
2219 1
1 2219
2219 1
1 2219
2219 1
1 2219
2219 1
2219 1
1 2219
2219 1
2219 1
1 2219
2219 1
2219 1
2219 1
2219 1
2219 1
1 2219
1 2219
1 2219
2219 1
2219 1
2219 1
2219 1
1 2219
2219 1
2219 1
1 2219
1 2219
2219 1
2219 1
1 2219
2219 1
2219 1
1 2219
1 2219
2219 1
1 2219
2219 1
1 2219
2219 1
2219 1
1 2219
2219 1
1 2219
1 2219
1 2219
1 2219
2219 1
2219 1
1 2219
2219 1
1 2219
1 2219
1 2219
1 2219
2219 1
1 2219
1 2219
2219 1
1 2219
2219 1
1 2219
2219 1
2219 1
1 2219
1 2219
1 2219
1 2219
2219 1
1 2219
1 2219
1 2219
1 2219
1 2219
2219 1
2219 1
1 2219
1 2219
1 2219
1 2219
2219 1
2219 1
2219 1
1 2219
2219 1
1 2219
2219 1
1 2219
1 2219
2219 1
2219 1
1 2219
2219 1
2219 1
1 2219
2219 1
1 2219
1 2219
2219 1
1 2219
1 2219
1 2219
2219 1
2219 1
1 2219
1 2219
2219 1
1 2219
2219 1
2219 1
2219 1
2219 1
2219 1
2219 1
2219 1
1 2219
1 2219
1 2219
1 2219
1 2219
2219 1
1 2219
1 2219
2219 1
2219 1
2219 1
2219 1
1 2219
2219 1
1 2219
2219 1
2219 1
2219 1
2219 1
2219 1
1 2219
2219 1
2219 1
1 2219
2219 1
1 2219
1 2219
1 2219
2219 1
1 2219
2219 1
1 2219
1 2219
1 2219
2219 1
2219 1
1 2219
2219 1
1 2219
2219 1
2219 1
2219 1
1 2219
1 2219
1 2219
1 2219
2219 1
1 2219
2219 1
2219 1
1 2219
2219 1
2219 1
1 2219
2219 1
1 2219
2219 1
2219 1
2219 1
2219 1
1 2219
2219 1
2219 1
2219 1
2219 1
1 2219
1 2219
2219 1
1 2219
2219 1
1 2219
1 2219
1 2219
1 2219
1 2219
1 2219
1 2219
2219 1
1 2219
1 2219
1 2219
1 2219
2219 1
1 2219
1 2219
2219 1
2219 1
2219 1
1 2219
1 2219
2219 1
2219 1
2219 1
1 2219
1 2219
2219 1
2219 1
1 2219
1 2219
2219 1
1 2219
1 2219
1 2219
2219 1
1 2219
2219 1
2219 1
2219 1
2219 1
1 2219
2219 1
1 2219
1 2219
2219 1
2219 1
1 2219
1 2219
2219 1
2219 1
2219 1
2219 1
1 2219
1 2219
2219 1
2219 1
1 2219
1 2219
2219 1
2219 1
1 2219
1 2219
1 2219
2219 1
2219 1
1 2219
2219 1
2219 1
2219 1
1 2219
1 2219
2219 1
1 2219
1 2219
2219 1
1 2219
2219 1
1 2219
2219 1
1 2219
1 2219
1 2219
1 2219
2219 1
2219 1
1 2219
2219 1
2219 1
2219 1
2219 1
2219 1
1 2219
2219 1
1 2219
2219 1
2219 1
1 2219
1 2219
2219 1
2219 1
2219 1
1 2219
2219 1
2219 1
2219 1
2219 1
2219 1
1 2219
1 2219
1 2219
1 2219
1 2219
1 2219
1 2219
2219 1
1 2219
2219 1
1 2219
1 2219
1 2219
2219 1
1 2219
1 2219
2219 1
2219 1
1 2219
2219 1
2219 1
2219 1
2219 1
2219 1
2219 1
2219 1
1 2219
2219 1
1 2219
