1388
269
487
83
0
659
381
0
6
449
222
396
531
82
108
432
713
117
14
0
7
642
14
482
580
119
337
363
142
105
58
11
378
146
483
0
0
0
647
121
0
195
43
413
117
0
651
129
568
531
18
197
0
133
0
0
640
263
469
60
77
508
0
604
289
57
517
224
442
562
762
348
35
411
220
324
1189
17
0
422
87
118
522
967
550
433
241
0
595
40
119
345
151
554
267
14
247
0
430
0
61
162
146
50
190
0
349
0
31
544
0
46
93
0
56
0
0
220
0
0
0
21
104
40
514
496
6
30
122
484
150
0
0
56
0
0
695
15
676
0
6
0
0
372
0
0
0
387
0
0
151
0
0
422
238
184
0
277
0
0
0
91
31
310
109
0
0
0
0
339
0
0
447
107
0
0
0
0
0
519
217
0
0
126
65
0
0
0
0
14
157
403
0
271
0
52
307
300
0
0
0
0
0
33
117
0
89
291
387
151
0
0
248
207
485
0
186
0
141
0
0
0
525
0
0
537
0
0
242
0
0
0
55
0
99
542
0
0
0
254
0
232
407
0
0
9
454
0
0
194
264
0
0
0
416
0
423
514
0
0
0
0
0
0
0
0
0
0
247
480
94
0
0
0
481
0
0
0
0
280
198
410
0
0
230
130
0
464
0
0
392
0
321
512
0
0
530
287
0
0
0
0
0
516
0
238
36
551
191
205
0
0
0
385
144
42
102
474
0
0
287
170
0
270
437
454
0
269
295
5
0
0
0
128
0
499
2
0
679
540
138
0
0
460
0
590
0
0
0
0
276
0
211
0
418
274
390
90
0
0
99
0
327
174
0
453
199
8
146
0
248
0
13
131
375
37
37
86
548
0
11
0
454
84
0
91
0
0
418
6
21
2
38
552
0
2
333
482
92
0
435
299
297
0
441
0
107
20
65
63
58
342
365
314
0
6
78
458
0
195
163
278
273
1
83
122
306
241
355
0
0
0
0
0
408
0
0
385
315
434
0
408
249
207
0
147
289
0
355
15
0
0
0
432
267
39
0
277
0
238
0
0
0
0
398
0
349
219
23
7
340
0
16
0
0
0
7
11
338
218
402
0
0
6
0
0
177
0
128
1
0
62
0
0
17
368
