21374
26743
26900
17687
18779
18804
20674
1473
9397
22964
21670
30788
23665
1259
7161
14834
32519
1796
25685
10090
10706
29576
20566
11466
558
29872
4997
2035
28142
30372
28554
3400
29685
27210
12721
31302
5807
2030
1310
21448
16553
8734
31125
15479
3006
3851
16322
884
24819
8101
7578
20746
1169
23944
17419
5476
80
26689
12649
29017
8365
9362
10330
15708
14300
12824
6604
19128
21342
30780
25047
17768
6512
21857
21378
12068
4399
15607
21544
18294
30715
27587
28629
13617
26754
18009
29150
8413
13155
3333
18469
11909
12311
10603
17976
13443
13628
21068
6741
26966
17278
32691
7860
9235
19797
231
10489
25476
13412
30488
25363
30250
14095
11001
30134
20401
4592
22909
18962
17459
16760
24665
18953
2195
317
24650
8531
29415
18051
30580
23039
22044
30207
17038
27944
17415
27195
31985
12005
5080
4491
4509
19457
30080
6577
26474
5912
25371
13106
20357
2000
22115
29324
1805
13755
20142
5532
13137
2704
2594
882
22530
18138
27110
8438
31435
13680
19342
3581
21923
6277
904
9068
31996
3179
22367
5079
13806
7555
6911
21939
1648
17969
7675
5178
32366
31167
12541
21528
19058
1822
18763
15819
16045
1857
31944
30460
25245
5868
28938
3929
13721
9463
3048
16889
5077
14184
28216
30095
1350
16018
30637
12820
2901
22657
9733
4518
22670
23
24164
7891
10265
14954
20643
13249
21564
4660
26538
14045
28140
18987
843
17766
14703
7210
9059
25787
31174
19470
31657
4176
11742
19525
25679
8120
28441
15594
19534
29722
32539
29209
8495
4002
31357
20715
19548
1164
15469
21218
24553
22375
10651
17964
21377
31651
9689
21236
31253
5723
12257
9777
12758
3043
26211
14800
12721
12729
31122
9128
6950
21528
17419
30068
15482
5860
16906
26578
5324
28823
14236
8473
8135
4071
13371
17271
13164
18147
12100
10047
14382
12261
11472
17595
28693
24619
14451
28725
15318
12902
20086
24251
12872
29054
5818
17805
21629
24732
12029
13266
17891
6025
26404
31994
32055
11601
6743
1348
21689
9183
11976
4563
9632
3979
10275
21321
29572
27691
26847
6360
12582
17251
10889
23910
17863
23647
26880
13334
475
19915
2423
10782
10556
8289
4492
1975
10319
21853
26665
11653
21733
27833
24529
24712
3980
19938
13398
7995
17563
6372
29065
5657
24071
31254
11892
7793
16502
28613
22193
30412
24132
1388
2583
4641
27535
17790
5695
26325
7142
14965
7569
25935
20486
29163
32183
21286
2928
17628
28141
23100
1333
6257
16902
17620
20190
8302
22954
29784
18711
2037
7606
9733
32265
29384
21640
23378
26628
29774
4051
19536
4518
16784
4645
1533
13137
24667
23810
29132
14095
4198
31455
31187
18848
25996
28996
11838
17138
4237
30977
14003
10747
25361
30444
32189
23056
30834
27207
6399
1230
31173
1603
24423
3269
4085
27432
23223
2395
15099
32470
20020
22311
21192
8545
20057
7032
730
24793
16078
15501
1534
31837
16626
7325
3433
2286
12236
21541
18740
8531
30503
651
30101
8204
5966
27269
16921
23901
26050
25537
3212
28263
11513
2119
