38724689
84720678
81100331
106534928
5889943
11984299
123325245
16498869
1881269
27278805
47670342
13179092
536669
72188676
93665364
11479825
71808669
58317866
98018055
125761520
125601376
77377095
91480122
1020282
82905482
84030780
13702702
10508462
28379964
51774920
13380110
74184362
32770868
99767808
58972061
114748603
26117353
96273595
117331556
40497725
111586054
69974984
18214814
105372985
27119716
119934749
58214336
65970039
27346766
25723110
92523795
54946254
81117445
8287217
97207690
2173649
34093021
113623947
12595695
129718392
99966529
513800
92069662
53981695
94621174
116053379
125744791
86515450
50884576
1673321
99274784
86641560
95057870
16285937
62262978
11280175
131063412
60698
56021184
1582326
1248766
104367515
31844116
56054669
54995756
13138482
69931601
24586746
7524098
96059880
10702389
131545187
8579904
10952337
7020437
17056919
57652505
56321893
71132720
3673345
32006109
79123081
133918467
45863848
20727032
42907641
63876141
40680786
113037040
129953529
121479933
120121690
58537929
109330016
7623706
8305891
22642207
62109652
9460116
24117298
97798873
2487749
48013486
124920237
80629864
43235292
118235102
9822541
81010872
14895186
10074102
77596205
50356780
111662693
11316444
86046879
132492826
1555133
133689350
95564382
72073907
116097469
103464823
12789892
119925554
114885415
92961293
37545658
120465592
51637829
57541241
91517891
103818811
3872943
21612345
5773924
102242252
101757246
46034156
10801629
33900276
114274863
56958638
61789123
57987723
97965898
87092722
90429840
1397628
53312968
78876995
101432052
47305801
4067519
1227015
6298784
10401270
36033244
11585440
97083798
38198455
3710532
28535504
10135859
48995388
98313695
63927280
39089343
52761999
3407527
105651686
112019115
42212665
102953973
29064301
100213413
116320105
16033040
121246336
99841069
79207948
121150592
11637684
111981527
66563547
44523137
29139237
84679783
36010439
106732220
23589763
52754812
122799700
193903
63888215
60588789
63410910
49612607
79413001
119369279
95686270
80875879
76982394
66852593
904956
125497649
2059288
36493578
11731959
82580586
78160247
16076344
103485390
1965089
53084758
3636437
105930359
59286483
1439640
87926924
46873807
127539026
43836000
94281383
54819557
7680662
9755127
54834060
97180051
42445007
91363091
120620035
34323385
99059650
7421762
89292832
111180486
7602381
7195262
26266034
68114851
36130367
128895361
42292297
49216184
46407647
61316907
72067538
114262620
22818731
91203300
50303229
16556848
133094758
38110109
1770495
14681022
43251418
17011589
73564654
77328733
121278054
35417943
91577336
124789740
39415530
11452912
37511931
4570132
62266753
731722
108570273
47913816
55323764
33580527
6765376
47721596
47225095
6930637
30068440
60694973
122691850
28747787
131729203
39171655
60333936
9961260
33037946
9828335
127186826
64096496
41172834
33974283
26219604
37608213
60714745
1179549
110834324
19772433
1695250
20166214
69640458
59099992
55244188
11326593
92516014
3777573
79415190
115078002
58542313
86107876
53565979
108452689
73879838
93189924
20256725
28530345
12685579
119567823
41217049
39852956
46902314
11337352
89637841
225936
28597082
83455414
924373
33157223
115492051
123519076
59983695
125229219
18141549
681
24996509
3910689
113793554
129737484
80707161
32390708
28755023
93205679
97246107
90526093
129786285
33800891
73541451
105545257
51698941
62198234
25820746
102277532
55389838
57563452
84555003
84852971
60935107
91257996
18830240
60255690
52739552
40121092
20654428
112930498
13221912
4559188
721918
107444743
12118483
6619619
121610742
37150461
36282159
42662037
26360474
32577297
124707684
121609426
67173872
22300192
76687464
65621589
101693095
21441595
921827
91809875
41788957
40523717
69151201
2405494
131918829
91577182
39104762
1308709
124524687
47115967
93905277
39319033
44137897
10145868
108381107
37284130
16240117
74680719
59098824
121043807
67369439
56047612
54697173
109913927
98654441
66729518
29450228
43064626
32068378
117252618
17639551
89276708
17927427
35955693
87970196
103983274
142974
19079161
80382680
66706044
3649048
61702483
8609740
15549196
25385425
126318469
84509137
43438233
92479367
2002140
121667198
69176964
125710451
50892785
140621
104548961
84261888
39119120
62272717
17830616
111024193
15738380
95905703
4602250
115359002
38844759
275170
27192005
109486087
72491676
133708993
40720442
115648015
3942552
121555879
123389972
54516426
128061481
8503384
33276246
23298366
72895450
28838861
28656272
16804735
47588205
24232812
10253777
2632945
66802095
44635843
92927778
3180114
126904099
32517710
35075294
23980417
110795177
71044866
218046
58833014
39618942
34957295
20743393
11269673
52296653
92774984
108270959
76328299
18891
20521407
29529249
46584299
11144773
130074737
89496526
124162427
562
91370066
49141819
58631543
120831612
16045072
11410671
26425059
84712977
67310683
3496936
61299589
81590814
112096161
37960660
29980199
54440039
84597404
85101102
98826614
79596984
76685013
16054109
65255036
122618350
17778102
6026255
18149381
32824970
1006645
17622867
42305656
36284555
104881313
35729296
23679305
112621377
38058704
52394984
71626592
31466461
46491138
37042981
63356266
11625320
24277871
130794328
63039432
5051844
50461130
96048633
17868818
70841793
34151055
58131918
18756442
123363211
101540531
120622298
76579487
6293369
70507208
129267619
45637126
99718125
124981893
124443027
101482792
54718465
5202302
50196276
18591654
63622215
31934298
27200343
55114322
57377878
104742592
62551959
31157025
89509264
62524423
7205504
109516379
32868405
28160468
5012792
15292861
845746
123555073
22097014
57513316
5544136
38049011
124284935
122790247
2527697
109640081
4969484
104171184
68454411
94791595
108902378
101535534
110322891
65283970
14973597
86922017
109879247
33069470
25953264
84435563
2607748
87776457
103715048
109708417
123112972
27228568
2613
98806971
103058142
28545739
116369457
41343145
127170045
31152230
113092281
12914418
22038121
59532550
48406033
6092371
95831187
5826318
120385559
57708518
74547289
7839632
836846
92088816
1045853
116436723
85697058
44535844
38055746
114409205
24471635
26186308
6543792
67815492
16644539
54212051
26035810
91964482
13456031
78309377
33361677
98106908
509721
6343313
105201716
29572175
112797382
30828261
62290325
94409148
128987470
6167539
89208910
105963922
26466388
5899808
8567444
28875567
110780101
112072652
10617823
63648290
12344779
112394512
85916193
75590253
19083873
14326918
28456900
120165746
122437960
78500896
3015481
107786207
45916271
106586538
42768600
30055469
53921238
104496578
52582143
29838641
110352375
19886165
11523036
46226494
62758837
71345408
77331012
3653875
40355914
91480664
47204113
110975751
86430876
64787353
92654447
50349337
109347688
50703309
36924384
19156338
95359366
3452701
19817299
20801060
34424693
65011403
75606724
56646382
35524804
4836655
48858907
68977655
48306793
7276271
107228008
8695285
25016412
2291052
22078270
78597993
88952224
70172485
83994062
65232174
21442999
35475092
105157925
11718210
39716441
133964712
124738403
59523228
87041442
43499018
40259167
84464496
75786546
637206
9404137
989644
64251685
77017794
74776709
90036671
77615482
123018889
102608105
54129113
68608261
12047236
33333369
7123341
123496214
3767742
5701574
8112389
92655138
758053
111909583
20428939
30282177
64094128
108096526
46292903
115348798
27773936
52101291
14578986
9111835
129135561
47744759
54805508
52218645
34286511
46886438
67870522
132270608
116437861
51695376
29383304
18676865
32141553
60000525
49969938
10529494
2641469
73045745
1064259
10174397
97929612
14487064
45265606
42444767
9867821
542486
322941
73856450
120073995
113506555
12235647
35682979
22582504
4256999
15186621
116546320
15536980
89271343
83783958
83912581
84642938
34236101
94640144
91613200
5603031
40550475
79574133
13043537
92639257
73689142
123747506
15234288
115035369
68504004
133076654
106556863
55463411
411425
95845700
64405939
61120982
132701000
22986488
52232809
127410200
9775696
26436168
1084846
13425503
20114375
22373402
81767591
104344035
70367836
18371513
18974014
19143
76358956
36269921
121492502
28191786
27840942
131667704
11743945
132030979
18460729
3873901
103656595
132764473
59969838
132140043
73422276
18215410
871545
86501143
82703492
30112499
86294135
44551222
123186647
115927449
49822593
92228754
68815231
31758237
71905369
134123616
25185185
81310844
26788656
68187561
18501574
41403370
97483813
16720637
85127150
4818111
85841029
16357589
281713
77505499
60341410
85552656
46768248
89894198
52841050
132566330
92817129
91948593
112538746
104358570
33678314
21244763
129816241
112433894
39867335
94841489
735976
11866888
75694050
125243975
21732108
24533692
116688578
3876821
122067240
79644041
105362320
2935723
52664493
114908101
76895005
16096116
131477177
52020312
55677189
83539648
7595968
498289
42045960
48978867
18493521
35636408
1256461
9838740
34712785
9078744
104035756
720891
4098
17399047
89789862
106269017
56362503
43451279
89730391
61733160
26823672
72340030
133666424
66513094
15994157
66055251
132844312
58295963
130162195
198849
36522618
32338140
9092616
121556496
131514687
103787929
52424523
132623216
4607399
115981875
51799538
92702255
30654980
54580067
4735148
6049600
2885376
125929245
129622797
18667533
24816785
111083539
133080826
70589581
105492551
17301911
52050992
3039396
93359893
29835877
28697297
49107730
99226266
115311693
1780872
13789495
114869789
115194713
25189907
56649629
5167299
22090741
101943642
128259582
46940385
42689149
27327020
131578847
117481746
53648408
23784550
39461258
5434952
59177155
80755514
41023556
70689667
56328590
130429901
23424822
121948882
85598444
105326435
96157195
113062676
43000352
29926556
41768520
66947758
111038063
101590615
15427028
87170394
916248
57415430
114743619
30352015
53443766
35615038
92072775
115196422
91198996
78560235
46316585
86924710
112043191
1053827
2622918
133486957
38569705
124913266
9263709
2806430
62944541
33363976
132049132
21412941
24531276
41593201
33331951
22563168
54667189
32649026
122540282
29867024
110972527
119550931
3156255
8778803
4943625
49362533
9392065
31982593
38027916
37698767
120550470
83538366
31781863
117184776
125045136
52099536
80476188
31707775
95939359
95572704
82574273
21644826
5555916
12702102
7823291
124728205
53088793
50668785
132748833
89337
95087945
130615944
18917576
35215235
42789920
56028946
105118235
118891237
78962930
125430866
22694331
54366690
129256628
127694718
104948622
76870433
62600358
80485251
3802085
75856264
59068034
122833208
75417244
63223037
84279123
107512642
36086129
813745
35912825
25563214
8525148
9287468
121079932
130869165
44485813
22932243
6363887
109335726
6496171
5259704
55335693
122343051
82408376
126484660
84600153
84628423
5637257
73639951
13518369
110647403
83784971
82711715
61258101
32108458
70608499
44807878
35866190
67280782
44305877
773562
75178433
85808581
70533230
8799817
64955992
48505648
26853315
92713007
19738727
8870688
8895751
21703448
115585649
101371470
56165139
50217408
75801894
125998746
24624299
133607945
64850822
99567646
11871519
111695942
11913009
115628823
66921207
125478276
48692449
37801820
117399792
92149520
27082028
9246500
11536795
118184516
96883945
36673103
26545446
2883773
31474870
31592076
98783589
93124054
72089846
9493296
1787950
35838672
35218742
15560005
112841702
18790451
41561247
56050208
2967286
107579191
95925726
96865488
47581035
78701324
72468255
116946494
76771851
131939914
16605496
43231546
83701336
53924871
8107975
67310601
81730147
2175191
51693289
133180056
15413203
35526517
71796228
84469287
35252341
91541900
49348313
103903872
104507301
99782821
109863508
58347916
79400959
98105573
75290113
872292
13483829
114548632
59915015
88796809
28294235
132784368
85481409
83591435
46460482
115812521
16144758
77409058
49970944
99300626
127253754
130416208
39943407
50469604
126926666
72322188
82480125
117519558
6411577
88420927
132927190
74440486
75796202
13247358
54755097
12451169
127003951
27931396
4042813
1886824
4803346
58375227
120304416
1621201
49558750
91939514
12415173
66718242
575
19868130
45997051
55060115
65399887
22375067
43889747
10890502
127399481
46096892
124401371
1223462
108273801
36011320
23830558
69589924
23633104
120506412
58158784
1907956
62553683
35346509
22255067
123019473
19828452
34280346
105385485
82535236
516665
13454836
124409047
78308171
108740822
103934259
1395868
53824537
99094505
92067520
9535363
118227885
76801276
40898039
40170967
45457953
81554892
56706660
72002109
88476619
940627
67012521
47034253
67243368
11112947
103900365
119963354
16558675
103688449
81020977
82424330
5594358
38369220
119804420
29469653
64209312
39341096
53599009
94936193
111662297
10446174
55669341
51457236
57288797
1528807
2338270
84776007
86406308
80531004
64288210
2901701
57275893
17110971
120144766
52301371
78498232
776066
14364554
12417713
113593850
127309668
113369878
93754870
11644206
91775845
94439890
110568549
119967229
123434399
108145377
131938231
40881445
21551386
115826028
127043263
17797860
64498676
4042643
15723513
26591005
78761856
86870491
119455663
12551350
45087644
5918528
132375
4571658
32377472
17313399
97520455
98816898
78373195
11825132
102472568
58573618
1387903
36035432
94288004
128820713
84412989
75764041
103830020
2847106
57994314
120881455
39973057
29718221
89404208
113613910
90028409
63726424
27626459
111319785
1398146
26228953
74565845
48072616
3120697
101555036
63838758
5082722
129057051
125667116
100846563
94713357
1566798
61984133
118674363
1572019
124294385
15382455
88265892
126929690
38379750
59374442
15854785
11624883
113221732
46144305
64928215
1015392
68100188
8164413
18130519
108639479
1151701
100670195
49007642
257896
107878038
31486953
82852666
21335662
4343663
108396716
30218037
55709936
60438807
114613609
10374362
119639285
91885133
129976622
123023514
113624241
87828844
85900037
12227621
133281830
69157627
3193562
8842796
133770519
71447706
55519475
19691840
59610134
132472202
94054630
25650961
63574055
1060191
131147109
61202491
38571846
111084103
132829176
5516611
116741604
77062973
57258076
56744813
131409068
70782488
51801076
47323818
37906152
11470543
118774576
109330252
15110208
130526275
127116202
90007615
119882928
24665516
117698067
20545761
97524565
73753898
5596450
28537497
23194422
47720782
41144968
22809071
703469
47093667
60283158
80140063
18851449
88052783
86480332
3407217
3082928
52359280
75941410
4419895
6227916
12904059
133877236
66466851
819257
22946997
84921938
103218
114084381
41894362
86791884
27800408
5179657
81171834
104030823
12026030
3704707
78510496
84566395
91709926
15797422
38393814
100045263
51532822
103437714
24887406
54663821
67040862
21007793
113683110
59945690
16645535
33317694
124454648
28030416
94323819
120431892
3210556
121648099
90098243
13855259
98660579
34485598
132300697
7102339
22848609
21991047
20647517
43576714
99316389
730119
132061907
27852034
29716509
53342086
45291814
4570953
49292804
80991507
80155948
84960897
129504442
80628803
117972311
113833873
115174576
111407492
104163359
49199316
29555257
42003849
115682006
111222484
75964888
59878234
105653276
3475201
9133899
41062
54427908
109930500
124933381
133457464
40211758
127202156
57367691
126562563
49253040
17501889
35462119
91055936
1280838
125036161
26252777
55486498
85058739
16691768
38476050
96069649
122789862
117381700
115031411
31331658
110941771
3169016
20470226
122309654
114748238
39414882
898143
61606723
1201427
63876888
6841193
35819463
92812965
76746285
5366735
95475289
66869169
86557311
94202654
29855325
92193220
18061653
131951557
121079580
43290693
4691881
8418750
114847475
27423729
32732052
109211577
15978011
31487635
31311739
67143398
57909048
5281997
30468714
128756451
133826722
64976636
2609695
49423682
11697312
118439673
66211806
78659966
13972873
52008651
47786858
35363689
16694241
224862
64823486
3431359
30732006
31589788
16733510
88736499
73437068
58813035
31687
117156702
123206510
89624049
128046
74034449
112694790
132125785
85729777
1206225
108171290
82485641
33566815
14949447
13834945
115235792
43217545
23311059
30315452
80841808
79089248
32892906
1352870
33190912
94129685
130193999
48320240
100397723
39570005
8692221
24380903
8728962
133820013
4811422
57748695
18987738
110326815
2803859
359113
99273085
12595697
16616038
37054814
1376059
11352642
93775452
77089742
97667479
45676593
108409746
8894354
67337789
8260743
9114168
50141818
4511286
752441
28037469
101796232
56333751
39274694
2663800
21706011
98708479
132374683
9904890
130352538
15881013
54843311
106172499
102203964
4594093
60226148
94768743
60094516
90851105
7585980
13327156
33108154
90835164
103488477
12004604
128983521
88370738
92193324
121855967
44713333
462047
51849945
29459678
82344877
6100596
33614744
11904595
11180095
47705613
1230404
61448268
6483087
122115639
8320491
63617357
26203754
30402643
103783292
55573608
131974476
76016456
46406233
94789706
31661503
92744148
93600697
29949698
15874161
10378976
74124554
43805394
75481163
117928831
103711469
40657995
15970365
1061923
112792191
122376968
18383007
88725205
95421062
120694300
110936242
28415594
8600255
11144090
3501703
19595036
57251097
121827834
123758825
44537116
114022581
12036846
16547384
55891028
79634349
16478612
69997555
1689652
36434130
15131411
58561084
43145691
66401369
93425066
90234332
11064102
123321073
1798697
52111105
10666648
41851959
101328694
48237265
7162191
7310347
74258611
3933237
61585755
91624675
107815459
37596330
14519605
96396287
47708881
47284629
84323212
28035993
79882238
32005301
81932750
76199176
126675413
77002061
81980363
120151669
104481880
80955102
46981952
123789520
78029730
103256206
129062193
95692756
54735511
41171763
63067011
114371573
32266908
37930456
37534882
93912461
125777386
106065641
19682228
11242753
130055007
14609575
111363801
17308720
18241075
17055836
13023001
883605
74115505
78593845
112530863
14303125
22679386
1449330
8598379
130165754
13991679
2465956
30018735
12835408
15356895
21150113
15477393
71969044
55544735
35192696
8452366
5731930
68353038
76124095
57240762
73481773
133976607
30776157
26633089
10084191
15810670
55725078
52553024
31157355
2014119
122215573
122444692
23922610
850976
1054254
2003765
47546917
53603960
122110579
28991910
14667839
114782079
16502589
115027132
107496112
125830524
94604211
552071
112272928
26616849
12268542
1079035
85031518
12577134
85805745
9892686
97567651
86370486
35032621
129746137
113404639
10314856
79514545
25553088
2349751
97959537
111781858
87326142
70779274
7046259
90933842
41949144
14966714
13599453
27172609
82238945
43832209
132579741
27565061
124117588
29190256
78822877
74113216
37230257
4740782
94690055
54846135
99260274
79308714
18134781
115873320
80169926
46453018
79937499
94992805
102669223
30013335
82979953
118308666
111503838
26496622
31260941
84888541
46448797
7444695
93509292
1246983
29853851
103102065
45476098
42645557
3173314
110973446
36727406
112193651
21244377
104120457
2089987
118250026
63536088
97292042
62313677
43393055
16493266
9944338
3956507
25576315
66472466
11914064
30650032
113404768
15233117
989641
79690427
127808616
73325331
55827955
18875892
23394
31839407
84021194
103875088
75749788
51914460
121372797
72420776
131376303
2611171
4012116
62542971
81363239
31850715
18168418
39922007
32917522
97014096
43612986
69481526
88694267
49947788
14181836
12696155
83951749
104962987
51840702
30349498
28687214
96997474
9160008
123665885
49980034
87911590
103796490
62603850
22165833
93125367
19970568
99851510
30066656
17513625
42139483
104642291
16718468
45783408
99976361
56595193
67325803
62642038
70038010
35345615
73014916
88241984
60436454
79320183
14624204
11147764
66458864
52421859
79766160
4086085
14699729
32128943
86658476
1174831
47370355
47804627
23164256
52489374
485937
17802106
23053479
65985649
85019166
82786770
39919523
9931064
56876938
52956318
2441492
73618771
38746107
1829980
23055619
132947429
92980087
15167578
69699504
24265510
4597
47311362
3579093
23677142
98469046
93369065
71450119
11057757
1606396
53892985
115693480
127047882
18632680
12327208
41640626
29251885
117444400
68185956
63243812
48210146
4844049
5211960
42478306
116757355
62291666
114275755
113632300
50329055
71147864
118260613
20092018
89165565
108174452
95219
4186886
74268314
4449492
59841104
102179686
131991095
4005744
58
85427658
46933256
96170324
48413443
16600644
130906546
173987
34950907
15424975
23432378
132753662
107589741
52217033
71914077
21396
53229222
48452671
343952
9850666
118094617
909049
29599018
98154631
75760717
37867432
124965110
35280058
51616603
46766000
86593658
103669300
83392191
10278165
130867718
55892421
78930381
76285818
40972480
47042265
79449987
9123225
39187649
40379545
54178555
12717904
64460763
39823501
132132149
90021081
119945896
108025162
104321374
6232061
58558
96772752
102863088
8169924
23697331
4841366
35688117
83267737
69555783
505
63231106
112502396
118707484
26947087
109792094
96298685
75410249
74505614
169162
989270
68923019
119910491
52135686
24603871
18099532
31181617
38948606
27744726
68860155
40079418
62361008
77163154
61078555
27073759
28260646
9268540
87688725
54774718
43253369
60150537
3800958
45245999
6619039
30302271
2605914
36885737
100070959
10855868
67769935
83803986
20055159
74327409
73413546
105651960
9608137
15221076
49910493
60152958
44162087
25598906
505705
11438234
112884865
8049704
74818329
55199735
129546633
50621464
28144189
93747256
81782484
120448435
130989815
116097732
1570618
33513238
102373572
50065916
95167454
105610211
129104432
64103222
124943656
79059489
11951946
127354363
392493
49795841
5455963
112333228
5770832
56964332
79039427
58732757
42997172
93986289
108482972
50724221
10936078
40587170
131964324
26965679
21185376
3096351
8775117
124630990
33106913
70630558
16124599
102538612
75049443
120268157
40676257
38863714
53832346
27595007
11603320
77199984
60750009
102036635
94448670
61597873
79849625
88802955
1113017
38068011
123851937
28695519
110416865
129791147
104617447
118377773
121945723
109489505
52191259
60675231
24958476
27727872
99646317
126422530
69825032
113234005
106509056
71435536
104344122
42079667
6718409
7227606
68740710
26208068
9255089
3389413
39671519
67645734
66517111
91096505
24123220
85669409
7340609
22195432
125304153
72702470
20878669
80495411
2493736
51912552
74707868
86638733
109475539
55926487
74779455
40952999
1044924
82202783
78556353
50021878
78964005
46775147
96841301
132547842
4677502
669377
99875933
65612500
46408330
82128506
40151057
49596982
6605673
44096804
38036806
49375037
93241062
2985928
112892273
15819693
2748181
108893092
128959277
68179035
47769535
22961419
3964086
61467540
5860892
11584807
67641757
82054901
3190537
19809892
96733433
64699625
14899433
102488545
32609407
113440416
76767921
41812933
14878476
20716422
109428383
72121550
30494933
508915
15062477
15696542
131252138
15247409
30514059
97836541
27941953
68330785
620283
30815567
89848776
5653920
1213
4590139
33200
122149162
102904572
104696775
111614954
32313050
9095963
17212880
69902015
112532798
122346628
49371038
113148047
3368808
63308712
74022661
38951395
2747904
61216022
9556617
80433148
85152656
599452
11450850
73850300
120381876
55354806
115094259
124783846
6928944
14002503
52595883
52221532
4854996
24165
16445874
38122646
108148318
77174671
27445843
71149329
11086156
33550760
197626
34464869
6186414
83197472
114495991
17090762
96077240
57470345
17621281
92819496
46209779
55506882
99730058
129948082
93147199
114275358
90217420
107160843
71669539
24310819
23783416
124962633
13836582
106610732
33365
121487302
31027117
34380074
34502427
19465693
75451640
30346460
51195547
1382065
63137914
129782099
6508565
8857830
33520463
48066865
103403746
28942130
23564238
67272580
63951863
80210606
23294111
52150428
7445246
119382318
105218714
120236915
8440838
64500726
83647976
110998003
21960093
45522300
3842
53387572
1961267
26846980
22182650
103507017
25357907
18894071
87473278
9104674
83001970
33885376
32949055
1938638
111412133
130407969
12056878
30917168
257489
102654083
20544921
53077974
40177436
126309738
53406611
7279084
61290912
106761289
99680712
53890110
15580551
94095328
37929967
130060548
76079346
29415524
117779332
90735658
44409006
93038042
29692428
78156287
116717658
98083591
8438690
52429502
58825599
56021786
132977115
115949761
125112431
4390288
55113614
16049113
9751295
10780502
123020407
42285177
20126217
19618938
11757384
1836543
58775761
26939972
1189163
10395156
109710295
13697603
104854415
98765630
129925300
131147523
56948383
68000657
32865685
128853752
93515410
92218527
3292555
473895
15722254
91593359
43148259
24692074
11947398
118339371
33112136
96715103
130177298
78878042
3036341
77612563
35263244
20454057
26119537
101146317
71666714
4555070
124022336
131269526
14009680
53781130
125300344
4766876
114736301
28601228
50127199
1138771
39508711
18475684
59194299
133799531
235223
193635
86332213
30784120
68344203
45962617
6772865
126981365
118135074
112709763
89967131
78793867
90267374
112519871
8896965
110160011
103049136
85594074
82543091
45526724
1062812
120652702
6282962
6323
33956844
75348928
67112314
109274539
127288753
32171861
84818867
71705835
17418412
65538702
52754531
100135486
81529732
33712972
31720233
16520659
14969558
10840450
15582074
20330515
17753847
28698397
46749932
62338146
30248876
32837476
20429839
82519739
106693513
87587272
133240322
68404014
102283044
24685140
44273849
112648834
115701565
118117577
13050297
1649961
48754115
99741951
10586745
85024298
13875248
128658279
53382767
88882642
7589130
108706015
121012221
17900450
10105336
56550621
121685451
25329490
3546574
1757028
3319812
105289114
6596948
31309113
4272620
64922683
75603364
111590499
76902587
105705163
32308254
58120412
38180914
87138531
15975790
47969828
89003609
20790535
86728074
50279374
107501758
124367113
92114271
88538191
6479283
93540450
86678884
57698818
5017584
6677333
67147530
69045671
132302
48576540
25528705
1804461
7591237
23127260
16516822
5884599
12951207
57925441
89656530
46255481
4213602
73844910
6660449
42827632
3608230
8385762
88677806
20681124
2101271
18285825
101126462
55166841
63796443
111586251
75182688
29178215
44205517
1657853
123232786
62917670
52627
88436047
67309840
67980648
25334911
35551905
33154602
5487219
63435383
10647107
45233742
22100870
14443970
32376267
111362848
27853821
21271782
3070078
124178128
19506628
86662325
1192230
13364092
16022645
33490058
21555219
70897832
59673959
80679026
5863701
37018439
53035376
112510152
132410661
14024532
33265664
562311
86079509
50006237
73339983
30465301
47156187
67498890
109115998
124290199
109718046
43441273
103253180
86696592
101227642
15409241
81853610
39797897
132602361
13120929
97199876
4613788
33030991
125844726
100362721
22462115
24403833
108023910
3711623
107374978
4706810
28491113
110317108
126117742
114418105
105259156
13000920
5034688
86789867
4069232
74453536
41597274
102257895
102713486
58486172
5950729
77428285
133229223
133292881
46422099
27279608
52373705
94282079
295702
130272397
57822185
25659214
13088754
81497461
86453403
22627594
210530
104429194
35850371
93246189
60955869
58090685
46899406
101345041
113355097
46282906
41101152
46796768
43721314
66919267
125192747
2843030
32722206
49482930
101487418
21314138
127579048
76997656
76181156
12628261
117148609
8822195
106737855
65835998
42874777
74219758
115132555
1159706
105761292
127235922
114912337
29201928
124186923
702451
29174895
30475204
10465624
863102
101836672
34363816
41795067
87601632
129732953
113862164
29980585
8938910
94671980
98854311
75862955
127759470
66104608
46508689
60359691
17777075
390477
83548289
32860259
94521661
85589680
29816128
32252618
129486929
59567901
37909
87195815
123212673
1613363
68466552
86452663
127667582
28507248
69696768
86085706
1606521
128078719
74874758
14277027
59801781
111239544
75350198
15114442
40188171
39475551
27068833
42811139
70126316
7214765
93561279
76545207
86871765
4556810
55203553
131402114
119871153
87441452
3811237
46465919
36239395
122217194
83121603
62281464
127183482
92002014
53239882
6902360
54589197
109199723
117882689
30299103
133490972
46602314
3062817
107372539
4503585
84478939
50898821
87582826
69931838
88348663
37569288
39417300
35129766
76788893
64643928
10934887
133427262
2275922
53102023
106584963
4390261
126437292
93859662
23155680
63459815
108067545
24233418
27179468
95378789
33382896
73888771
118623909
123746891
102795840
46060633
69237951
112687449
6441526
71373655
42535571
46939802
61306296
3877708
131667297
27529851
114314341
56778043
14367524
115187477
112485883
93891976
94456031
12460559
118124477
15460621
44874976
32425356
50397971
6820435
96746891
30728591
93417392
48983869
10923018
26620555
127584915
13605295
8197324
25116160
14597486
54946330
20968291
46764823
4351871
21609247
1413098
7807435
8162423
1429360
22207946
25353466
24918653
121796014
33161894
25920628
102480484
85439612
83012583
112376546
131989612
107239035
120953157
92473599
85523939
45324529
23906403
78690393
26839893
48945823
26618590
3832
63667674
46567048
17152101
14216918
65430264
710219
74860227
30103969
93581979
1385212
122775767
106847390
91526537
64982038
118071729
114615975
104433726
61681362
30017221
120809341
107806051
122228078
103699903
1417061
12551123
2619208
12560344
110077698
27741999
946460
70044513
76412309
130231513
57819795
2354646
31372854
49408564
85538404
55132608
2644520
34893023
12979412
123348592
8291078
17553017
81659829
474399
18221027
7486712
9527736
93510318
38949424
7922341
41501598
93834832
131804381
122832209
109419080
33769951
101691090
45976806
120294368
