0521000000
1442100000
6916310000
1582200000
2742100000
6412000000
0673200000
4400000000
4310000000
5550000000
6283000000
5156140100
4912913121
4111100000
4940000000
9903822111
0236350010
5300000000
9141622111
2100000000
0351341000
8720000000
0710000000
2217100000
5106913200
3000000000
3211000000
9400000000
5442000000
5701431000
0510000000
3863311000
9668102121
2811000000
6998222100
8692200000
6283331000
9310000000
5554010000
7578440000
9451000000
7728131100
3320800111
1113200000
2358340000
4398371000
3800332100
9657442100
3806301000
9757241011
5131521111
1041100000
3129552010
9592000000
3790360000
6100000000
9432000000
2323000000
6101000000
6400000000
5213200000
8068361010
6740000000
7387821010
4040000000
9864010000
8000000000
4001000000
5820000000
3198371010
1955150000
7138870121
3000000000
0492100000
1930000000
6000000000
0410000000
6910000000
1601000000
0870000000
9021000000
9473401010
6461000000
4100000000
8942713111
3700000000
3778301000
2679360000
5352100000
9420000000
2612000000
8701000000
2365530000
8372282121
3289760121
2398371010
3816783100
5151000000
9010000000
5917780201
6962200000
5077521101
7575351000
3100000000
8410000000
3928680201
5000000000
5022101000
2410000000
8253100000
7049761021
1562100000
5358020100
7651100000
1807631021
8993200000
1023000111
5010000000
4373400000
4200000000
6300000000
7696531111
1922821111
6203770100
5078250010
3101000000
6348221100
9652100000
0132000000
7100000000
4626210000
6432100000
7270000000
8423200000
3435141000
8910000000
5518011000
7522000000
1695400000
0000000000
2210000000
3210630001
5596200000
0562100000
9725200000
2840081111
1764301000
9401000000
0220000000
6874000000
5528020100
1400000000
4413200000
3712100000
5931090111
1310000000
9175311010
0762100000
4411000000
4810000000
5120521111
4104000000
1100000000
3528200000
6006130000
6930000000
3358530000
1113200000
5053000000
4645100100
3300000000
6542000000
8132721111
2385611001
7989321000
7303411000
9100000000
2000000000
6023100000
7010000000
5937501101
1501000000
0000000000
8314000000
9639200000
9410000000
4200000000
9112300000
8456520000
3300000000
0771000000
7273200000
3920000000
0848210000
3488331000
9700000000
4520000000
1057993111
3163110000
5617000000
4600000000
2930000000
5120000000
2300000000
8000000000
1147200000
1625200000
9848371121
6011000000
9835350010
7554120000
8694200000
2636600000
7911000000
6957693201
0000000000
8100000000
3000000000
6981100000
0505521001
0036800000
3250000000
8656150100
6500000000
9324501100
8125591200
8162100000
2557603101
1382000000
8610000000
9989301000
8000000000
9300000000
5031890111
4723380100
5907210000
4000000000
7622000000
1752100000
8100000000
6000000000
5233000000
2930000000
3114200000
6760230000
4510151111
6588440000
1658261021
9000000000
8047871021
6400000000
1822000000
9120100000
0000000000
9176100000
7300000000
9720000000
9810000000
2600000000
2200000000
7000000000
6500000000
7937100000
6334120000
5000000000
7553000000
7510000000
0176341000
0995310000
3300000000
4415000000
8713100000
9540000000
9611000000
4852000000
3621381000
1923100000
3857611011
7739220000
9040000000
7999232100
4733000000
0330000000
2000000000
8392341000
6674000000
9017700000
6425100000
7482301000
0938501201
5457150100
1200000000
3231000000
9810000000
2620000000
2620000000
4952100000
1156140100
3000000000
6859220000
6291331000
9100000000
4823300000
1100000000
1120000000
6415721001
0007200000
5721923121
8500000000
9020381000
5400000000
2118770121
0950000000
6614000000
7625000000
3100000000
4833821001
6200000000
7514120000
1000000000
4029250000
8509151011
1537520000
0200000000
9745200000
0230562000
5674201010
7731000000
2920000000
5696010100
3395521001
0041100000
4296221000
3746100000
1000000000
9637000000
8665200000
1100000000
9885200000
8191341000
8540023121
4407230000
7492301000
6078621011
4927200000
5394100000
3029250000
6000000000
5200000000
5100000000
0253300000
3799631011
5726750101
1830000000
0530000000
4411460100
5063000000
7333100000
8659125121
0043000000
9909450010
9600000000
4842823111
6455300000
2300000000
6100000000
1258340000
4573110000
5300000000
1000000000
2945331001
8594641011
7811000000
1010000000
9689521101
2724924111
7200000000
1220000000
2094760111
8440000000
0334000000
2520000000
0100000000
7920000000
4880621011
0100000000
8286221000
4957210000
8210000000
9710000000
5000000000
8500000000
1200000000
3842310000
7938971021
9452000000
0537301000
7100000000
5100000000
2820000000
9213200000
5040521111
2183000000
5000000000
0000000000
8577310000
4200000000
6633391100
7000000000
8600000000
9476600000
2912000000
8909550010
6131100000
2830000000
3800422100
4910760111
0010000000
3200000000
2107320000
8683100000
3219121100
0300000000
1510000000
1193100000
8696010100
8070311000
7700000000
9210000000
6549222100
6764310000
2393100000
7248501111
1134000000
9272100000
7120000000
9110000000
7955000000
7242100000
9658693201
9084000000
8688521101
0237690111
2200000000
0063010000
5000000000
1853200000
2342000000
8048300000
9094010000
5651100000
5727921001
5621381000
8421000000
3630000000
2010000000
0441000000
8478440000
6887220000
4167020100
0520000000
9515501100
9512000000
0341000000
5100000000
2201000000
2307020000
3857210000
5294521010
7392770100
2810000000
4138301000
4258530000
3658551010
0544310000
2577521101
7837300000
1927121011
7281321000
9115500000
8843000000
2332000000
3252000000
8852100000
3817200000
3774301000
9742572000
6410000000
0900820000
2000000000
8987500000
5100000000
0483200000
8372000000
4370260000
6410000000
7100000000
1100000000
8320000000
1300000000
2183200000
8261000000
9641000000
6400000000
8885310000
7795200000
9100000000
7078222100
4385020000
9733000000
3652100000
2000000000
4000000000
8686220000
9787631011
8968250010
1600000000
3890311000
3910000000
3953730001
7662200000
9453100000
1400000000
1200000000
4625000000
0414680100
5610000000
5632000000
3600000000
3100000000
4611000000
3596500000
9531000000
3737301000
6472100000
8529620000
7372000000
1123900111
7300000000
6211000000
5140000000
6926921001
4263000000
7916721010
1132800111
9752000000
8596100000
2200000000
3827921001
7200000000
0723391100
0639211000
1392100000
7573400000
1300000000
3748301000
9509241011
1341000000
0020000000
9649222100
8738200000
8810000000
7582100000
2000000000
6557720000
0871641011
1359330000
2211000000
7000000000
1212100000
4920000000
5628202100
0513100000
7700000000
9482301000
7332000000
9701511000
9250000000
8154400000
9827240000
9341522111
7358150100
1000000000
7966350010
6524120000
0317212000
5049693111
1568361121
9624000000
6551100000
4072200000
7000000000
9326112000
8900000000
1913200000
1274000000
3953000000
6420000000
0588301000
4100000000
7649322100
8813100000
0237021001
0806760101
7210000000
6179260010
3595003211
4620000000
2926670101
4830000000
8433302000
0091311000
0830000000
4393331000
7421662010
3601000000
7153200000
2118770121
4100000000
7557150100
0000000000
9589182121
8762100000
7000000000
7893210000
3980311000
7174000000
5131000000
0810100000
7100000000
7224000000
4200000000
9917200000
9214000000
7786700000
1393212000
0701000000
3100000000
7267800000
2127121001
7847210000
3767683101
9005100000
3555300000
5930000000
1220630010
5047312000
8000000000
7492000000
9601000000
0200000000
3822113111
0347200000
0765400000
9303300000
5920000000
6413100000
7101321000
6313100000
7541100000
4167020100
9773100000
4753031001
7200000000
8689521101
4538211000
7761100000
8046000000
9901000000
6340000000
9133100000
4546600000
6677210000
9100000000
0804000000
1563100000
2636700000
3318200000
5000000000
5000000000
7040000000
8340000000
9325110000
1412000000
6726700000
3483913121
4120000000
8124421000
4653210000
7389361010
9533100000
7000000000
6000000000
6359222100
6600000000
9154000000
9892741011
9300000000
2901000000
4000000000
3304200000
5232000000
1474301000
7000000000
9600000000
8976800000
4673110000
7308721001
7600000000
9071311000
6584120000
1214000000
7930000000
7374311000
0163000000
4012100000
9000000000
5912000000
8949770111
6558542100
5476000000
5650003121
4712000000
8853200000
3768240000
2962200000
6130000000
4033120000
1704421010
2400000000
3114000000
4610100000
3737301000
2213000000
0605521010
2170000000
0929890111
5211790111
5001000000
4510000000
2100000000
7572200000
2200000000
7100000000
7664000000
6823300000
2123200000
7710000000
3000000000
7341100000
2472200000
8403310000
8181000000
8193670100
2600000000
4077300000
8510000000
9574100000
8053110000
2813000000
5522000000
4836271131
3100000000
5012000000
4011000000
2500000000
3010000000
8300000000
7360000000
1430000000
5524120000
2610000000
8284760100
9838300000
8161000000
8250000000
9314693100
5330000000
5836700000
8100000000
9815870201
3513200000
3862000000
1700000000
5000000000
5040000000
1981641011
4832254222
6111000000
5900000000
6854310000
0390270000
0623000000
8100000000
0620570100
8414000000
7741100000
1154000000
2677021001
6894100000
7792000000
3300000000
0059311000
5415200000
8536100100
4520000000
0838131100
3827271131
3934000000
6300000000
6110000000
3957210000
5213000000
6795400000
2241000000
3300000000
5821000000
5599352010
3828301000
4601000000
1037121001
8913110000
6544483100
6338251111
7798631011
6662000000
8654483100
3000000000
2341000000
2000000000
5300000000
5102201000
8828320000
3839010100
1740000000
9639193201
3626210000
0750650110
0647400000
9300000000
2189341000
2601000000
7321000000
0200000000
7924511101
3420000000
3907100000
9911000000
6542100000
1678351121
2791371000
5931090111
4817121001
2651372000
3772482100
6875100000
7100000000
8303411000
2124000000
0962000000
0723391100
2845200000
4332000000
0131630001
9127220000
3400000000
6661000000
5653031001
7322100000
3952000000
2101000000
5221600111
8944150000
2175020000
7023300000
2600000000
1332000000
8227200000
9200000000
2921000000
7100000000
4580000000
8022541000
5000000000
9234020000
7206621011
1200000000
8594000000
6797010100
6400000000
4130000000
5110000000
3600000000
3410000000
9200000000
8630000000
8310000000
1667541001
5147340000
5800000000
9892100000
6664300000
1036221001
8000000000
9723100000
4630000000
2810381000
9017700000
6694000000
0300000000
1500000000
6376110100
5758551010
0582211000
6719641021
4581000000
0172200000
1510000000
5956700000
3903100000
0217212000
6300000000
0713200000
1721000000
7810000000
9940161121
1630000000
6421000000
2210000000
9210000000
2118200000
8076100000
9100000000
8100000000
1200000000
3092100000
7394621010
9430100000
1697000000
2400000000
2230000000
3462200000
0200000000
8200000000
3272200000
2972300000
5514110000
6487810000
1100000000
2285500000
2710000000
8610470100
7514000000
9123721111
8234300000
8712000000
6300000000
3825100000
4900000000
8561282121
6253000000
8662200000
6020000000
9726750201
3100000000
2541100000
1528240000
9245531100
5420000000
9200000000
8810000000
2730470000
6000000000
1981100000
2529193201
6110000000
2918200000
7500000000
6833821001
2111000000
6913411000
2642200000
8773100000
9222900111
8740000000
7551125121
1300000000
0403212000
4411370100
6700000000
3576000000
7478350010
8831990111
3120000000
4287350010
5482301000
2516340000
2994760111
7588440000
7836700000
