20
17
9
53
59
7
45
33
15
51
11
9
8
11
15
49
14
18
9
170
8
6
32
10
5
93
10
8
383
16
28
15
440
13
11
0
15
6
14
9
9
11
8
12
19
11
13
51
8
53
8
15
183
46
8
6
8
13
12
26
10
18
10
9
10
9
13
7
8
6
11
5
15
11
57
8
14
10
35
5
10
36
10
16
13
9
4
13
39
9
18
7
6
7
35
53
7
59
30
17
3
25
7
33
8
14
10
7
31
9
6
12
21
42
8
13
128
9
5
22
7
24
12
13
19
225
29
8
10
10
13
8
44
10
11
18
5
9
7
3
33
6
7
10
6
6
129
11
14
11
9
8
11
25
25
28
367
11
27
6
14
5
23
12
12
3
8
93
10
38
17
11
62
7
15
8
9
8
8
8
14
28
13
162
9
8
4
90
441
7
8
62
15
17
13
14
41
1
44
53
8
24
16
17
6
107
77
17
18
12
10
15
22
6
206
11
48
13
18
14
177
10
11
9
25
185
26
13
18
7
12
13
18
13
20
16
9
8
32
11
12
4
20
13
29
10
4
8
196
10
4
43
12
12
28
64
40
38
7
5
141
5
14
16
166
5
22
7
13
8
13
3
14
14
38
7
10
8
8
8
7
9
11
13
3
20
16
284
7
7
15
6
5
28
7
6
21
4
17
7
21
51
6
14
7
7
10
29
8
218
10
19
21
10
12
10
54
404
6
13
25
218
9
13
4
17
6
14
19
12
37
15
1
12
173
7
13
31
142
98
10
9
9
80
15
10
30
11
5
64
21
23
14
19
26
16
10
17
13
10
8
7
20
10
8
5
15
48
11
20
8
14
10
7
4
7
11
11
20
16
11
7
7
28
1
5
16
14
6
51
31
29
6
14
12
17
5
36
17
4
228
7
6
7
20
8
12
130
8
6
14
12
306
5
8
15
5
73
24
12
48
8
22
12
8
30
242
48
15
14
9
20
27
25
2
45
15
9
9
9
12
3
2
396
9
12
18
15
15
10
154
8
12
7
13
11
2
10
15
13
13
17
8
21
27
12
8
294
27
9
34
9
9
11
18
14
232
17
9
3
7
9
16
12
13
14
13
110
11
7
13
10
9
16
21
6
14
9
10
23
