3
+
11111111111111111111111111111111111111111111111111111111111111111111111111111111111111111111111111111111111111111111111111111111111111111111111111111111111111111111111111111111111
11111111101111111111111111111111101011111111101011111111111011111111111111111111111111111111111111111111111111111111111111111111111011101111101110101111101011111111111011111011111
11111011111111111111111111111111101111111111101111111011111110111111111111111111111111111111111111111111111011111111101111111110111111111111111110111111111111111111111111101111101
11111111101111111111111111111111111111111010111011111111111111111111111111111110111111111111111111111111111111111110111110111111111110111111111111111110111110111111111111111111111
11111111111111111111111111111011111011111110111111111111111111101111101111111111111111111011111010111111111111111111111111111111111111111110101111111111111110111111111111111111101
11111111111111111111111111111111111011111110111111111011101111111111111110111111111111111111111111111111101111111110111111101111111111101111111011111111111111111111101110111111111
11111110111111111110111111111111101111111111111111111110111111111111111111111111111110101111111110111011111111111111111110111111111111101011111111111111101111101111101111111111111
11111111111111101111111011111111111111111111111011111111101011111011111110111110111111111111111011101111111011111011111111111110101111101111111011111111111111111110111111111011101
10111111111111101110111111111110111111111011111011101111101111101110111111111111111011111111101011101111111111111110111111111110111111111111111110111111111111101111111111111011111
10101111111111111111111110111011111111111111111011111011111110111111111111111111111011111111111110111111111111111110101110111011111110111111101110111111111111111111111010111111111
11111111111111111110101111111111101011111111111111111011111111111111111111101111111111111111111111111010111110111111111110111111111111111111111111111110111111111111111111111111111
11111111111111111111111111111011101111111111111111101111111111101110111111111111111111111011111111111111111111111111111111111111111110111111111111111111111111111111111010111111101
11111111111010111110111111111111111111111010111111111111111111111110111111101111111111101011111110111111111110111111111011111111111111101111111111111111111111111111111111111111111
11111111111111111011111111111110111111101111111111101111101111111111111111111111101111111110111111111111111111101111111111101111101111111011111111111110111110101111111111101111111
11101110111111101111111111111111111111101111101111101110111111111111101011101111111111111111111010111111111111111111101111111010111111101111111111111110101111111011111111111111111
11111110111011111111111110111111111110101110101111101110111111111011111111111111111111111011111011101110111111111111101111111111111110111111101111111111111111101111111110101111111
11101011111111111111111111111111111110111111111111111111111111111111111111111111111011111110111110101111111111111111111110111111111111111111111111101011111111111111111111111111111
11101111111110111111111110111110111111111011111111101110111111111111111111111111111111111111111111111110111111111111111011111111111111111011111111111011101110111111111111101111111
11111111111111111111111111111111111111111111111110111011111011101011111011111111111011101111111111101111111111101111111111111111111111101111111110111111111111111011111011111110111
11111111111111111011111111111111111111111110111110111110111111111111101111101111111111111011111111111111101110111111111111111111111111111111111111111011111111111011111111111111111
11101111111111101111101011111111101111111111111111101111111111111111111011111011111111111111111111111111101111101011101110111111111111111111101110111111111111101110111111111111111
11111111111011111111111111111111111011111111111111111111111111111111111111111110111111111111111111111111111111101111111010101110101111111011101111111111111111111110111111101111111
11111111111111111110101110111111111111111110101111111111111111111111101110111111111011111011101111111110111111111110111011111111101111111111101111101010111111111011111111101111111
11111111111111111111111110111111111111111011111110111111111111101111111111111111111110111111111011111111111111111111111111111111101011111111111111111111111110111111111111111110111
11111111111110111011111110101110111111111111111111101111111110111011111111111110111111111011111111111110111110101111111111111110111111111111111111101111111111101111111111101111111
11111111111111111111111110111111111110111111111111111011111111111111111111111111111111111111111111101111101111111111111111111111111110111111101111101111101111111011111011111111101
10111111111011111111111110111111111011111111101111111111101111111111111111111111111111101011111111111111111111111011111111101111111110111111111011111111101110101111111111111111111
11111111111110111111111011111111111111111010111110111011111110111111111111111110111111101111111111101111111011111010111111111111111111111111111111111110111110111111111111111111111
11111111101110111111101111101111111111101010111011111010111011111111111111111110111111111011111110111111101110111011111110111111111111111010111111101111111111111110111111111111111
11111110111111101111101111111111111111111011111111111111111111111011111011111111101111111111111011101111111111111111111011111111111111111111111110111111111011111111111111111111111
11111111111111101111111010111011111111101111111111111111111011111111111111111111111111111111111011111111111111111111111110101111111110111111101111101111111111101111111111111111101
11111111111111111111101111111111111111111110111110111111111111111011111111111111101111111111101111111111111111111111111111111110111111111111101111111011101111111110111011111011111
11111111111111111111101111111111111111111110101111111111111111111011111111111111111111111111111111111111111111111111111111111111111110111111111011111010111111111111111111111111111
11111010111111111111111111101011111111111111111111111111111111111110111111111111111111111111111010111111111011111111101111111011111011101111101111101110111111101111111011111111111
11111111111111111111101111111111111111111111111110111111111111111011111111111110111111101011111111111110111111111011101111111111111111111111111111111011111111111111111111101110111
10111111111011111110111111101111111111111110111111111110111111111111111111111111111010111110111111101011111111111111111111111011111111111010111111111011111111111011111111111011111
11111111101111111110111111111111111111111111101011111111111111111011111011101110111110111111111111111111111110101010111111111111111011111011111111111111111111111111101110111011111
11111111101110111111111111111111101111111110111111111111111011111111111011111111101111111110101111111111111111101111111111111110111111111111111111111111111011111111111110101111111
11111111111111111111111011111111111111111011111111111011111111111011111111111110111111101111111111111111111011111111111111111111111110111111111111111111111110111111111011111111111
11111111111111111110101111111110111111101111101111111111111011111110111111101011111111101111111111101011111110111111111111111111111111111110111011111111111111111111111111111111111
10111111111111111010111111111111101111101111111111111111111111111110111110111111111111111110111111111111111111111111111110101110111111111111111111111111111111111011111111111111101
11111111111111111010111111111111111111111110111111101110111111111111111111111011101111111110111111111011111110111111111111111111111111111111111011111111111111111111111010111110101
11101011111011111111111111111111111111101011111011111111111010111110101011111011111111111111101110101111111111111111111011111111111011111111111111111011111111111111111110111110111
11111011111110111111111011111111111110111111111011111110101111111011101111111111111011111111111111111111101111111111111111111111111111111110111111111011111111101111111111111110111
11111111111111111111111111111111111111111111111111111011111110111111111111111110111111111011111111111011111111101111101111101011111111111110111111111011101011111111101111111111111
11101110111011111111111110101111111111111111101111111111101111111111111111111111111111111111111011101110111111111111111111111111111011111111111111111111111011111011101111111111111
11111011111111101111111111111010111110111111111111111011101111111111111010111111111111111011101111101111111110111111111111101110111110111010111010101111111111111111111111111110111
10111111101010111111111111101111111011111011111011111011111111111111111111111111111011111111111111111011111111101011101110111111111111101111111111111111111111101111111110111111111
11111111111110111111111111111111111111111111111111111110111111111110101111111011111110111111111011111111111111111111111111111110111111101111111111111111111111111111111011111111111
10111011111011111111111111101011111111111111111111111111111111111111111111111011111010111011111111101111111011111111111111111111101011101011111011101011111111111111111111111111111
11111011111111111111111111111111111111111111111011111111111111111111111110111111111111111110101111111111111111111110111111111111111110111111111011101110111111101110111111111111101
11111110111111111111101111111011111111101111111111111011101110111110111111101011111110111111111111111111111110111111111111111111111111111111111111111011111111111111101111111111111
10101111111111111011101111111111111111111111111111111111111011111110111111111111111111101011101111111111111111111111101111111011111111111110111111111110111111111011111111111111111
11101111111011111111111110111111111111111111111111111111111111101111111111111011111111111011111111111111111110111011111111101111111110111111111111111111101011111111111111111111111
11101110111011111111111111111010101111111011111111111111111111111110111111111111111110111011111111111111101111101111111011111111111111101011111111111011111111111111111111101010111
11101111111111111011111111111111111111111111101110111110111111111111111111111111111110111011111110101011111111111110111111111110111011111111111111101011111111111111111111111111111
11111111111111111111111011111110111111111111111011111111111111101111111011111111111111111111111111111110111110111111111111111011111111111111111111101111111111111111111111111111111
11111110101011111111111111101111111011101111111110111011111111101110101111111111111111101111111111111111111111111111111111111011111111111011111011111110111111111111111111101111111
11111111111111111111101111111011111111111111101111111110111111111111111111111111111111111110101110111111111111111111101110111110111110111111111111111111111111111111111111101111111
10111111111111101010111111111111111111101111111111111111111110111111111110111011111111111111111111111111111111111111111111111111111111111011111110111111111111111110101110111111111
11101111111111111111111111111111111011101111111111111111111010111010111111111111111110111110101111111111111111111111111111111111111111111111111111111110101011111111111111101111111
11111111101110101111111111111111111111111111111111111111111111101110111111111111111011111011111111111011111111111011111111101111111111111010111111111110101111101111111111111111111
11111110111111111111111111111011111111101111111111111111111011111111111111111111111011111111101111111111111011111011111111111111111110111010111111111110111111111111111011111110101
11101111111111111111111111111111111111101011111111101111101111111111111111111111111111111011111110101111111011111011101111111111111111111111111111111111111111111110111110111111111
11111110111111111111111111111011111011111111111111111010111011111111101111111111111111111011101110111110111111111111111110101110101111111111101111111011111111111110101110111111111
11101111111111101111111111111110111111111011111111111111111111111111101111111111111111111111111011111110111111111111111111111110111111111011111010111111111111111111111111111110111
10111011111111101111111111101111101111111111111111111110111111111111111111111111101111111111111110111110111111101011111011111111111111111111111010111111111011101111111111111111111
11101111111011111111101111111111111111111111111111111111111111111111111111111111111111111111111111111111101111111111111111111111111111111111111111111111111110101111111111111111111
11101111111111101110111110111111111111111111111111111111111111111011111111111011111111111110111011111110101111111111111111111011111111111111101111111111111011111111111111111110111
11111111101010111111111011101111111111111111111110111110111010101111111011111111111011111110111111101011111111111011111111111111111110111111111111111111101111111111101111111111111
11111110111011101111101111111111111111111111111111111111111111111111111110111011111111111111111110111111111111111111101011111111111111111111111110101111111111101111111111111111111
11101110111011111011111111111111111111111111111111111011111111111111111111111011101110111110111011111111111111111110101010111111101111111110101111111110111111111111111111111111111
10111111111111111111111111111110111111111111111111101111111111101110101111111111111111101111111111111111111111111111111110111010111011111111111111111110101111111110111111111011111
10111111101111101111101110111111101111111110101111111111101111111111111111111111101011111111101011111011101110111111101111101111111111111111111110101111111111101111111111101011111
11111010111111111111111110111011111111111111111110111111111011111111111010111011111111111111111111111111111111111111111111111111111111101111111111111111111111111111111111111111111
11101111111111111011111111111111101111111110111111111110111110111111111111111110111111111111111111111111101111111111111111111011111111111111101111101111111111101111111110111110111
11111111101111111011111011111011101111111111111111111111111111111111111111111011111111111111111111111010111111111111111111111111111010111111111110101111111111111110111111101010111
11111111111111111111111111111111101111111111111111111111111111111111111111111111111110111011111111111111101111111111111110111110111111101110111111111111111111111111111111111011111
11111111111011111011111111111111111111111111111011101111111111111111111011111111101111111110101111111111101011111111111110111110111110111111111111111111111111111110111111111111101
11111111111111111111101111111111111111111111101111111111111111111111111110101111111011111110111111111111111111101111111111111111111111111011111110111111111111101111111111111011111
11111011111111111111111111111111111111111111101111101111111111101111111111111111111111111111101011111111101111111111111111101110111111101011111111111011111110111111111111111110111
11111111111111111111111011111111111111111111111111101111101110101111111010111111111111101111101111111110111111111111111111111111111111111111111111111111111110111010111111111111111
11101110111110111111111110101111111010111111111011101110111111101111111011111011111111111111101011111111111011111111101111111111101111111111111111111111101111101111111111111111111
11111111101111111111101110101111111110111111111111111011111111111110101111111110111111101110111111101111101011111111111110111111111111111011111110101111111110101110111111101111111
11101111111111111111101011101110111111111111101011111111111111111111111111111111111111111111111111111111111111111110101111111111111011111111111111111111111111101110111111111110111
11111111101110111110111111101111101110111011111111111110101111111111111111111010111111111110111111111110111011111111111111111110111111111111111110101111111111111111101011111110111
11101111111111101111111111111111111111101110111111101110101111111011111011111111111111111111111111111111111111111111111110111111111111111111111111111011111111111110111111101111111
00000000000000000000000000000000000000000000000000000000000000000000000000000000000000000000000000000000000000000000000000000000000000000000000000000000000000000000000000000000000
+
00000000000000000000000000000000000000000000000000000000000000000000000000000000000000000000000000000000000000000000000000000000000000000000000000000000000000000000000000000000000
11111111011111111101111111011111111101110111111111111111111111111111110111110111111111111111111101111111111111010111111111111111111111111101011101011111111111011111111101111111011
01110111111111111111111111110111111111111111111111111111110111111111111111011111110111111111011111111111111111111111111111111111011111111111111111110111110111111101111111111111011
11110111111111111101111111111111011111011111110111111111111101011101111101111101011111110111111111110111110111010111111101111101011111111101111101111101111111111111111111110111011
01011111111111010111111111111111111111111111110111111111111111110101110111111111111101111111111111110111111101111111010111111111111111111111111111111111011101111111111111110111111
11111101110101111101110111111111111111110111011111111111111111111111111111011101011111011111111111111101111111111111110111111111111101111101111111110111111101111111111111111111111
11111111111101111111111101011111110111111111110111011111111111111111111111111111111101111111011111010111111111111111011111111111111101111111111101111101111111110111111111111111111
11111111111111111111111111110111111111111111111111110101111111111101110101111111111101111111011111011111111111111111111111111111111111111111111111111111111111111111111111111111111
11110111110111110111111111111111111111111111111111111111111101111111111111110101111111010111111111111111111111011111111111110111111111111111110111111101111111011111111101110111111
01111111111111111111111111111101111111111111111101110111111111111111011111110101111111011111111111111111111111111111110111111111111111111111111111111111111101110111111111011111111
11111111110111111111010111111101011101111111111101111111111111111111111111111111111111011111111111110111111111011111110111110111111111111111111101111111110101111101111111111111110
11111111010111111101111111111101111111111101111111111111111111111101011111111111111111111111111111011111111111111111111111110111110111111111111111111111111111111101111111111111111
01111111110111111111110101111101011101111111111111111111110111111101111111011111111111111111111111111111111111011111111111011101110111111111110111011101110111111111111101110111111
11111111110111111111111101110111111111111111111111111111011111111101111111111111111101111111111111111111111111111111111111111101111111011111111111111111111111110101110111111111111
01111111111111110111011101010111110111111111111111011101110111111111111111111111110111110111110111111111111111011111111111111111111111110111111101111101111111111111011111110111111
11111111111111111111111101111101111111111101111111111111011111011101110111111111111111111111111111111111111111110111111101111111110111111111110111111111111111111111111111111101111
11111111111111111111111111111101111111011111111101110111110111111111111111111111111111111101111101111111111111111111111101110111111111111111111111111111111111111111111111011111111
11111111111111111111111111111111111111111111111111111101110111111111111111111111011111111111011111111111111111111111111111111111111101111101111101111111111111111111111111111111011
01111101010111111111111111111111110111111101111101110111111111111111011111111111111111111111111101011111111111111111110101011111011111111101111111111111111111111111111111110111111
11011111110111111101110111011111111111111111011111111111111111111111110111111101110111111111111111111101111101111111111111111111111101110111110111111111111111111111111111111111111
01111111111111111111111111011111011111111111011111111111111101111111110111010111110101110111111111111111111111111111111111111101110101111111111111011101111111111101111111011111111
11110111111111110101111111111101111111110111110111111111111111111111111111110101010111111101111111010111110111110111110111111111011111111111111111110111111101111111111111111111111
01111111011101110111111111111111010111110111111101111111111111110111111111111111011111111111111101011111111111110111111111110111111111111111010111111101111111110111111111111111110
11111101111111111111111111111111111101111101111111011111111111111111111111111101111111110111111101010111111101111111111111011111111111111101111111111111011111111111111111110111111
11111111111111111101111111010111110101111101111111111111111101010111111101110111111101111101011111111111111111111101011111011111111111010111010111111111110111111111111111111111111
11011111111111110111111111111111011111111101111111111111010101111111111111110111111111110111111111111111111111111111110111111111111101110111111111111111011111011101111101110111111
11111111111111111111111101011111111101111111110111111111110111010111111101111111011111011111111111011111110111111111111111111111111111111111111111111111111111111111111111111111111
01111101110111111111110111111111111111111111010111111111111111111111111101111111111111111111111111111111011111111101111111111111110111111111111111011111110111110111110101111111111
11111111011111111111110111110101111111111111011101110101111111011101011111111101110101111111111111111111111111111101011111111101111101111111111111111111111111111111110111011111011
11011111111111111111111111110111111111111111111101011101011111111111111111111111111111011111111111111111111111111111011111111101011111111111111111111101111111111111111101111111111
01111111111111111111111101011111111111111111110111111111111111111111111111111111111111011111110111111101111111111111011101111111111111111111111111111111111111110111111111111101111
11111111110111111111110111111111111111111111111111111111111111110111111101111111111111111111011111111111111101111101010111110111111111111111011111110111111111110111111111111111011
11111111011111111111111111111111111111111101111101111101111111011111111101111111010111111111111111111111111111111111010101111111111111111101011111111101111111011101111111111111111
11011111111111011111111111110111110111111111111101111111111111111101111111111111111111111111111111111101011111111111111111111111111111111111011111111111111111111111110111111111010
11111111110111111111111111111111111111111111111111111111111111111111111111010111111111111101111111111111110111111101110101111111011111111111111101011111111111110111111111111111111
11111101111111011111111111111111111111111101011111111111111111111111111111111111011111110111111111011111011111111101111111011101110111110101011111111111110111111111011111110111111
11111111111101011111110111111111110111011111110111111101111111111111110101110101011111111111111101111111011101011111011101111111111111111111111101111111011111111111111111011111111
11111111111111111111111111111111110111111111110111111111111111111111111111011111111101111111010111110111111111011111111111111111111101011111111111011101111111111111111111011111110
01111111110101011111111111011101111111111111111101111111111111111101111101110111111111110111011111111111010111111111111111110111111111111111110111111101110111010111011111010111011
11111111111111111111111111111111010111011111111101111111110111111111111111010111111111111101111111111111011111111101010111111111111101011111111111111111111101011111011101011111110
11111111011101011111111111110111110111111111011111110111110111111101110111011111111101111111111111111101010111111111110111111111011111011111111111011101111111111111111111111111111
11111111111111111111011111111101110101111111111111111111111101011111111111110101111111111111111111111111111111111111110111111111111101111111110111111111111111111111111101011111111
11111111111111111111011111111111111101110111111111111111110111111111111101111111111101011101111111111111011111111111011111111101111101110111111111011111111111111111111111111101111
11111111111111011101111111011111111111111111111111111111110111011101110111111111111111011111111101110111111111111111111101111101111111111111111111111111110111111111111111111111111
11011111110101011111111111111111111111110111111111111101111111011111111111111111111111110111111111011111111111111111110111111111111111010111111111111111111111110111010111111111111
11111111111111111111011111110101110111011111011111111111111111111111010111011101011111011111111111111111111111111111011111111111010111110111110111111111111111011111110111011111111
01110101011111111111111111111101111111111111011111111111111111111101111111110111111111111101111111111111111111110111111111111111110111111111111111111111011111111111111111010111111
11111111111111110111111111111111111111111111011101111111111111111101111111010111110111011111111111111111111111111111111101111101011111111111111111011111111101111111111111011111111
11111101110111110101110111011111011111111111111111110111111111011101111111110111111111111111111111111111111111110111111111110101111111110111111111110111110111110101110111111111111
11111111111111111111111111010111110111111101110111111111111111111111111101111101111111111111111111111111111111111111111111110111110111010111111111111111011111110111111101111111111
11111111111111110101111111111111111111111111011111010111111111010101111111111111111111111111111111111111110101011111111111111111010111111101011111111101111101111111011111111111111
11111111111111111111111111111111110111111111111101110111111111011111111111111101111111111111111111010111111111011111111111111111010111111111111101011101011111011111011111111111010
01111111111111111111110111111111111101011111111111011111011111011111011111111101111101111111111111111111111111111111111111111111110111111111110101111111011111110111111111111101111
11110111111111010101111111110111110111111111111111111111111111111111111111111111110111111111111101111111111111110101011111111111111101111111111111111101111111111111111111110111111
11111111111111111111110111111111111111110111110111110111011111111111111111111111011111110111011111111111111111011111111111111111111111111111111111111101111101111101010111110111111
11010111110111110111111111111111111111111101111111111111111111110101111111111101111111111111011111111111111111111111111111011111111111010111111111110111111111110111111111111111111
11111111111111111111111111111111111111011111010111011111111111111111111111111111111111111111011101011111110111111111111101111111111111111111011101111111111111011111011101111111111
01111111111111110111110111111111111111111101111111111111111101111111111101011111011111011111111101111111011111111101111111110111010111011111111111011111111111011111110111111111111
11111111111111111111111111110111110111111101111111111111111111111111111111111111011111011111111111111111111111111101111111111111010101111111111111111111111111111101111101110111110
11111111111111111111011101111111111111011111111111011111110101111101111111111111111111110111111111111111111111011111111111010111011111110111011111011111111111111111111111111111011
11110111111101110111111111111101111111111101111111111111111111111111011111011101110111111111111111111111111111011111111111111111111111111111111111111111010111111111111111111111111
11111111111111111111011111111111111111011111110111011101111111011101111111111111111111111111111111011101111111111111111111111101111111111111111111111111111101111111011101010111111
01111111111111111111111111011111011111011111111111111101111111111111111111110101011111011111111111111111111111111111111111111111111111111111111111111111111111111111111111111111110
11111101110101110111111111111111111101111111111111011111011101111111111111111101111111110111111111111111111111111101111111111101111111011111111111111111111111111101111101111111010
11110111111111011111110111111111111101111111111111110111011111111111111111111111010111111111111101010111111101110111111111111111111111111111111111111111111111110111111111010111111
11111111111111011111111111111111111111111101111111111111111111111111111111011111110101111101111111111111111111111111110101111111111111011111011111110111111111111101011111111101111
01011111111101111111111101111111111111111101111111111111111111111111111111111111111111111111111111111111111111111101111111111111111101011111110101111111111101111111110101111111011
11111111011111110111111111110111011111110111111111110111110111111101111111011111111111011111111111111111111101111111110111111111111111111111011111111111111111111111111111111101110
11011111011111111111111111111101011111111111111111111111011111111111111111111111111111111111110111111101010111110111111111011101111101111111010111011111111101011111111111111111111
11111111111111111111111101110101111101110111111111111111111111111111111111111111111111111101111111110111111101011111111111111111110111111111111111111111011111111101111111111111110
11010111111111011101111111111101111111111111111111111111111111110101011111011111111111111111111111111111111101111111111111111111111101111111011111110111111111110111111101111111111
11111111111111111101111111110101111111111111111111111111111111011111111111111111110101111111111111111101011111011101110111111111111111111101010111011101110111111101110111110111110
11110111111111111111011111111111111111111101111111111101111101111101111111111111110111111111111101011111111111011111111111111111110111111111111111111111111111110101111101011101111
11111111011111111101111101110111111101111101111101111111011101010111111111111101111101011111111111011111111111111111111101111111111111111111110111110101111111111101111101111111111
11011111111111111111111111011111111111111111111111110111011111111111011111111101110111011111111101111111111111110111011111111111111111111101111111111111110111111101011111111111111
11111111111111111111111111011111111111111111111111011111111101111101111101111101110111011111111111011111111111111101111111111111011111111101011111010111011111111111111111111111111
11111111111111111111111101111101111111011111111111111111111111111111111101110111111101111101111101111111011111011111111111111111111111111101011111111111111111111101111111111111111
01111111111111111111011111111101111111111101111111111101111101111111011101111111110111111101111111111111111111111101111111110101111111010111011111110111111101011111111111111111111
11111111111111111111111111111101011111111111011111111111111101110111011111011111111111110111111111111111111111111111111111111111111111110111111111111111111111110111111111111111111
01111111111111110101110111111111011111110111111111111111111111111111111111011111111111111111111111111111111111011101111101111111011101111111111111111111011111111111111111011111111
11111111111101011111011101111111111111111111111101111111111111110111011111111111111111111101110111011111011111111111111111111111110111110111111111111111111101011111111111110111110
11110111011111111111111111111111111111111101011111110101111111110111010111110111111111111111111111011111110111111111110111011111111111111101111111111111110111111111011101110111111
11111111011111111111110111111111111111111111011101110111111101010111111111111111111111111111111111111101111111110111011111111111111111111111011111110111011111111111111111011111111
11011111110111110111111111111101111111111111111111010111111111111111110111111111111111111111111111111111111111111111111111111111110111110101111111110111111111011101111111111111111
11111111110111011111111101111111111111111111111111110111111111111111110111111111111111111111111111111111111111110101011111111101011111111101011111111101111111111101011101111111110
11111111111101111111111111111111111111110111011111110101111111111111111111011111111111010111111111111101011111111111011111011111111111110111111111010111110101111101111111011111111
11110111111101111111011111111101110101111111111111111111111101111111110111111111110111010111110111111101111111011101111111111101111111111111111111111111011111111111111111110111111
11111111111111111111111111111111111111111111111111111111111111111111111111111111111111111111111111111111111111111111111111111111111111111111111111111111111111111111111111111111111
-
00000100000000001000001000000100111011001000000010000000000001000001000000000010000010000000100000000001000010000000000000000000001010100000000000000000100100100000001000000100000
11111111111111111111111111111111111111111111111111111111111111111111111111111111111111111111111111111111111111111111111111111111111111111111111111111111111111111111111111111111111
11111111111111111111111111111111111111111111111111111111111111111111111111111111111111111111111111111111111111111111111111111111111111111111111111111111111111111111111111111111111
11111111111111111111111111111111111111111111111111111111111111111111111111111111111111111111111111111111111111111111111111111111111111111111111111111111111111111111111111111111111
11111111111111111111111111111111111111111111111111111111111111111111111111111111111111111111111111111111111111111111111111111111111111111111111111111111111111111111111111111111111
11111111111111111111111111111111111111111111111111111111111111111111111111111111111111111111111111111111111111111111111111111111111111111111111111111111111111111111111111111111111
11111111111111111111111111111111111111111111111111111111111111111111111111111111111111111111111111111111111111111111111111111111111111111111111111111111111111111111111111111111111
11111111111111111111111111111111111111111111111111111111111111111111111111111111111111111111111111111111111111111111111111111111111111111111111111111111111111111111111111111111111
11111111111111111111111111111111111111111111111111111111111111111111111111111111111111111111111111111111111111111111111111111111111111111111111111111111111111111111111111111111111
11111111111111111111111111111111111111111111111111111111111111111111111111111111111111111111111111111111111111111111111111111111111111111111111111111111111111111111111111111111111
11111111111111111111111111111111111111111111111111111111111111111111111111111111111111111111111111111111111111111111111111111111111111111111111111111111111111111111111111111111111
11111111111111111111111111111111111111111111111111111111111111111111111111111111111111111111111111111111111111111111111111111111111111111111111111111111111111111111111111111111111
11111111111111111111111111111111111111111111111111111111111111111111111111111111111111111111111111111111111111111111111111111111111111111111111111111111111111111111111111111111111
11111111111111111111111111111111111111111111111111111111111111111111111111111111111111111111111111111111111111111111111111111111111111111111111111111111111111111111111111111111111
11111111111111111111111111111111111111111111111111111111111111111111111111111111111111111111111111111111111111111111111111111111111111111111111111111111111111111111111111111111111
11111111111111111111111111111111111111111111111111111111111111111111111111111111111111111111111111111111111111111111111111111111111111111111111111111111111111111111111111111111111
11111111111111111111111111111111111111111111111111111111111111111111111111111111111111111111111111111111111111111111111111111111111111111111111111111111111111111111111111111111111
11111111111111111111111111111111111111111111111111111111111111111111111111111111111111111111111111111111111111111111111111111111111111111111111111111111111111111111111111111111111
11111111111111111111111111111111111111111111111111111111111111111111111111111111111111111111111111111111111111111111111111111111111111111111111111111111111111111111111111111111111
11111111111111111111111111111111111111111111111111111111111111111111111111111111111111111111111111111111111111111111111111111111111111111111111111111111111111111111111111111111111
11111111111111111111111111111111111111111111111111111111111111111111111111111111111111111111111111111111111111111111111111111111111111111111111111111111111111111111111111111111111
11111111111111111111111111111111111111111111111111111111111111111111111111111111111111111111111111111111111111111111111111111111111111111111111111111111111111111111111111111111111
11111111111111111111111111111111111111111111111111111111111111111111111111111111111111111111111111111111111111111111111111111111111111111111111111111111111111111111111111111111111
11111111111111111111111111111111111111111111111111111111111111111111111111111111111111111111111111111111111111111111111111111111111111111111111111111111111111111111111111111111111
11111111111111111111111111111111111111111111111111111111111111111111111111111111111111111111111111111111111111111111111111111111111111111111111111111111111111111111111111111111111
11111111111111111111111111111111111111111111111111111111111111111111111111111111111111111111111111111111111111111111111111111111111111111111111111111111111111111111111111111111111
11111111111111111111111111111111111111111111111111111111111111111111111111111111111111111111111111111111111111111111111111111111111111111111111111111111111111111111111111111111111
11111111111111111111111111111111111111111111111111111111111111111111111111111111111111111111111111111111111111111111111111111111111111111111111111111111111111111111111111111111111
11111111111111111111111111111111111111111111111111111111111111111111111111111111111111111111111111111111111111111111111111111111111111111111111111111111111111111111111111111111111
11111111111111111111111111111111111111111111111111111111111111111111111111111111111111111111111111111111111111111111111111111111111111111111111111111111111111111111111111111111111
11111111111111111111111111111111111111111111111111111111111111111111111111111111111111111111111111111111111111111111111111111111111111111111111111111111111111111111111111111111111
11111111111111111111111111111111111111111111111111111111111111111111111111111111111111111111111111111111111111111111111111111111111111111111111111111111111111111111111111111111111
11111111111111111111111111111111111111111111111111111111111111111111111111111111111111111111111111111111111111111111111111111111111111111111111111111111111111111111111111111111111
11111111111111111111111111111111111111111111111111111111111111111111111111111111111111111111111111111111111111111111111111111111111111111111111111111111111111111111111111111111111
11111111111111111111111111111111111111111111111111111111111111111111111111111111111111111111111111111111111111111111111111111111111111111111111111111111111111111111111111111111111
11111111111111111111111111111111111111111111111111111111111111111111111111111111111111111111111111111111111111111111111111111111111111111111111111111111111111111111111111111111111
11111111111111111111111111111111111111111111111111111111111111111111111111111111111111111111111111111111111111111111111111111111111111111111111111111111111111111111111111111111111
11111111111111111111111111111111111111111111111111111111111111111111111111111111111111111111111111111111111111111111111111111111111111111111111111111111111111111111111111111111111
11111111111111111111111111111111111111111111111111111111111111111111111111111111111111111111111111111111111111111111111111111111111111111111111111111111111111111111111111111111111
11111111111111111111111111111111111111111111111111111111111111111111111111111111111111111111111111111111111111111111111111111111111111111111111111111111111111111111111111111111111
11111111111111111111111111111111111111111111111111111111111111111111111111111111111111111111111111111111111111111111111111111111111111111111111111111111111111111111111111111111111
11111111111111111111111111111111111111111111111111111111111111111111111111111111111111111111111111111111111111111111111111111111111111111111111111111111111111111111111111111111111
11111111111111111111111111111111111111111111111111111111111111111111111111111111111111111111111111111111111111111111111111111111111111111111111111111111111111111111111111111111111
11111111111111111111111111111111111111111111111111111111111111111111111111111111111111111111111111111111111111111111111111111111111111111111111111111111111111111111111111111111111
11111111111111111111111111111111111111111111111111111111111111111111111111111111111111111111111111111111111111111111111111111111111111111111111111111111111111111111111111111111111
11111111111111111111111111111111111111111111111111111111111111111111111111111111111111111111111111111111111111111111111111111111111111111111111111111111111111111111111111111111111
11111111111111111111111111111111111111111111111111111111111111111111111111111111111111111111111111111111111111111111111111111111111111111111111111111111111111111111111111111111111
11111111111111111111111111111111111111111111111111111111111111111111111111111111111111111111111111111111111111111111111111111111111111111111111111111111111111111111111111111111111
11111111111111111111111111111111111111111111111111111111111111111111111111111111111111111111111111111111111111111111111111111111111111111111111111111111111111111111111111111111111
11111111111111111111111111111111111111111111111111111111111111111111111111111111111111111111111111111111111111111111111111111111111111111111111111111111111111111111111111111111111
11111111111111111111111111111111111111111111111111111111111111111111111111111111111111111111111111111111111111111111111111111111111111111111111111111111111111111111111111111111111
11111111111111111111111111111111111111111111111111111111111111111111111111111111111111111111111111111111111111111111111111111111111111111111111111111111111111111111111111111111111
11111111111111111111111111111111111111111111111111111111111111111111111111111111111111111111111111111111111111111111111111111111111111111111111111111111111111111111111111111111111
11111111111111111111111111111111111111111111111111111111111111111111111111111111111111111111111111111111111111111111111111111111111111111111111111111111111111111111111111111111111
11111111111111111111111111111111111111111111111111111111111111111111111111111111111111111111111111111111111111111111111111111111111111111111111111111111111111111111111111111111111
11111111111111111111111111111111111111111111111111111111111111111111111111111111111111111111111111111111111111111111111111111111111111111111111111111111111111111111111111111111111
11111111111111111111111111111111111111111111111111111111111111111111111111111111111111111111111111111111111111111111111111111111111111111111111111111111111111111111111111111111111
11111111111111111111111111111111111111111111111111111111111111111111111111111111111111111111111111111111111111111111111111111111111111111111111111111111111111111111111111111111111
11111111111111111111111111111111111111111111111111111111111111111111111111111111111111111111111111111111111111111111111111111111111111111111111111111111111111111111111111111111111
11111111111111111111111111111111111111111111111111111111111111111111111111111111111111111111111111111111111111111111111111111111111111111111111111111111111111111111111111111111111
11111111111111111111111111111111111111111111111111111111111111111111111111111111111111111111111111111111111111111111111111111111111111111111111111111111111111111111111111111111111
11111111111111111111111111111111111111111111111111111111111111111111111111111111111111111111111111111111111111111111111111111111111111111111111111111111111111111111111111111111111
11111111111111111111111111111111111111111111111111111111111111111111111111111111111111111111111111111111111111111111111111111111111111111111111111111111111111111111111111111111111
11111111111111111111111111111111111111111111111111111111111111111111111111111111111111111111111111111111111111111111111111111111111111111111111111111111111111111111111111111111111
11111111111111111111111111111111111111111111111111111111111111111111111111111111111111111111111111111111111111111111111111111111111111111111111111111111111111111111111111111111111
11111111111111111111111111111111111111111111111111111111111111111111111111111111111111111111111111111111111111111111111111111111111111111111111111111111111111111111111111111111111
11111111111111111111111111111111111111111111111111111111111111111111111111111111111111111111111111111111111111111111111111111111111111111111111111111111111111111111111111111111111
11111111111111111111111111111111111111111111111111111111111111111111111111111111111111111111111111111111111111111111111111111111111111111111111111111111111111111111111111111111111
11111111111111111111111111111111111111111111111111111111111111111111111111111111111111111111111111111111111111111111111111111111111111111111111111111111111111111111111111111111111
11111111111111111111111111111111111111111111111111111111111111111111111111111111111111111111111111111111111111111111111111111111111111111111111111111111111111111111111111111111111
11111111111111111111111111111111111111111111111111111111111111111111111111111111111111111111111111111111111111111111111111111111111111111111111111111111111111111111111111111111111
11111111111111111111111111111111111111111111111111111111111111111111111111111111111111111111111111111111111111111111111111111111111111111111111111111111111111111111111111111111111
11111111111111111111111111111111111111111111111111111111111111111111111111111111111111111111111111111111111111111111111111111111111111111111111111111111111111111111111111111111111
11111111111111111111111111111111111111111111111111111111111111111111111111111111111111111111111111111111111111111111111111111111111111111111111111111111111111111111111111111111111
11111111111111111111111111111111111111111111111111111111111111111111111111111111111111111111111111111111111111111111111111111111111111111111111111111111111111111111111111111111111
11111111111111111111111111111111111111111111111111111111111111111111111111111111111111111111111111111111111111111111111111111111111111111111111111111111111111111111111111111111111
11111111111111111111111111111111111111111111111111111111111111111111111111111111111111111111111111111111111111111111111111111111111111111111111111111111111111111111111111111111111
11111111111111111111111111111111111111111111111111111111111111111111111111111111111111111111111111111111111111111111111111111111111111111111111111111111111111111111111111111111111
11111111111111111111111111111111111111111111111111111111111111111111111111111111111111111111111111111111111111111111111111111111111111111111111111111111111111111111111111111111111
11111111111111111111111111111111111111111111111111111111111111111111111111111111111111111111111111111111111111111111111111111111111111111111111111111111111111111111111111111111111
11111111111111111111111111111111111111111111111111111111111111111111111111111111111111111111111111111111111111111111111111111111111111111111111111111111111111111111111111111111111
11111111111111111111111111111111111111111111111111111111111111111111111111111111111111111111111111111111111111111111111111111111111111111111111111111111111111111111111111111111111
11111111111111111111111111111111111111111111111111111111111111111111111111111111111111111111111111111111111111111111111111111111111111111111111111111111111111111111111111111111111
11111111111111111111111111111111111111111111111111111111111111111111111111111111111111111111111111111111111111111111111111111111111111111111111111111111111111111111111111111111111
11111111111111111111111111111111111111111111111111111111111111111111111111111111111111111111111111111111111111111111111111111111111111111111111111111111111111111111111111111111111
11111111111111111111111111111111111111111111111111111111111111111111111111111111111111111111111111111111111111111111111111111111111111111111111111111111111111111111111111111111111
11111111111111111111111111111111111111111111111111111111111111111111111111111111111111111111111111111111111111111111111111111111111111111111111111111111111111111111111111111111111
00000000000000001000001010000000000000001100010000100010010010001000000100000000010000000001100100101000010001000000100100000000010000000010000100001000000010100000001010010001001
