3
+
111111111111111111111
101110111011111111101
111110111011101010101
111111111110111010101
101011111111111110101
111011101010101010101
111111101111111111111
101010101110111110101
111110101011101011111
111111111111111111111
101110111111111011101
111010111110111011101
101011111010111111111
101111111011101010111
111011111111101010111
111110101111101110111
111010101110111011101
111110101110111010101
111110101110111110101
111110111110111010101
111010111011111011111
000000000000000000000
+
000000000000000000000
111111010111111111111
110111011111010101011
011111110111011101010
011101111101011101010
010111010111011111011
010101110101111111110
111111010101111111010
011101010101010101010
011111010101011111111
111101111111010111110
110101011101011111111
010111110101011101111
011101011101011101011
011111110111011111111
111101110101110101011
010101110101011101110
111111010101110101010
110111011111110111111
110101010111011101010
011111111101111101110
111111111111111111111
-
101011011001000101010
111111111111111111111
111111111111111111111
111111111111111111111
111111111111111111111
111111111111111111111
111111111111111111111
111111111111111111111
111111111111111111111
111111111111111111111
111111111111111111111
111111111111111111111
111111111111111111111
111111111111111111111
111111111111111111111
111111111111111111111
111111111111111111111
111111111111111111111
111111111111111111111
111111111111111111111
111111111111111111111
010000001001010101010
