3
+
11
10
10
10
10
10
11
10
10
10
11
10
10
10
10
11
10
10
10
10
10
10
10
11
11
10
10
10
10
10
10
11
10
11
10
11
11
10
10
11
11
10
10
10
10
10
10
10
10
11
10
10
10
10
10
10
10
10
11
10
10
11
10
11
11
10
10
10
10
11
10
10
10
10
10
10
10
11
10
11
00
+
00
01
01
01
11
01
11
01
11
11
01
11
01
01
01
01
01
11
01
01
01
01
01
11
01
01
01
01
01
01
01
01
11
01
01
01
01
01
11
11
11
11
01
01
01
01
01
01
01
01
01
01
01
11
01
01
11
01
01
01
01
01
01
11
01
01
01
01
01
11
01
11
11
01
01
01
11
01
01
01
11
-
11
11
11
11
11
11
11
11
11
11
11
11
11
11
11
11
11
11
11
11
11
11
11
11
11
11
11
11
11
11
11
11
11
11
11
11
11
11
11
11
11
11
11
11
11
11
11
11
11
11
11
11
11
11
11
11
11
11
11
11
11
11
11
11
11
11
11
11
11
11
11
11
11
11
11
11
11
11
11
11
01
