3
+
111111111111111
111011111111101
101111101111111
101011111011111
111010101011111
111110101111111
101110101111111
111110111110111
101011111111101
111010111111101
111011111110111
111111111111101
101011111111111
000000000000000
+
000000000000000
111101111111110
110111111101010
111101111111010
111101011101011
110101011111111
111101111101110
110111110111110
111101011111011
110101010111110
110111111111111
111111011111110
011111110101011
111111111111111
-
100110001011000
111111111111111
111111111111111
111111111111111
111111111111111
111111111111111
111111111111111
111111111111111
111111111111111
111111111111111
111111111111111
111111111111111
111111111111111
001110100010010
