2
+
1111111111111111111111111111111111111111111111110
1111111111111111111111111111111111111111111111111
1111111111111111111111111111111111111111111111111
1111111111111111111111111111111111111111111111111
1111111111111111111111111111111111111111110111111
1111111111111111111111111111111111111111111111111
1111111111111111111111111111111111111111111111111
1111111111111111111111111111111111111111111111111
1111111111111111111111111111111111111111111111111
1111111111111111111111111111111111111111111111111
1111111111111111111111111111111111111111111111111
1111111111111111111111111111111111111111111111111
1111111111111111111111111111111111111111111111111
1111111111111111111111111111111111111111111111111
1111111111111111111111111111111111111111111111111
1111111111111111111111111111111111111111111111111
1111111111111111111111111111111111111111111111111
1111111111111111111111111111111111111111111111111
1111111111111111111111111111111111111111111111111
1111111111111111111111111111111111111111111111111
1111111111111111111111111111111111111111111111111
0111111111111111111111111111110111111111111111111
0011111111111111111111111111111111111111111111111
1111111111111111111111111111111111111111111111111
1111111111111111111111111111111111111111111111111
0111111111111111111111111111111111111111111111111
1111111111111111111111111111111111111111111111111
1111111111111111111111111111111111111101111111111
1111111111111111111111111111111111111011111111111
1111111111111111111111111111111111111111111111111
1111111111111111111111111111111111111111111111111
1111111111111111111111111111111111111111111111111
1111111111111111111111111111111111111111111111111
1111111111111111111111111111111111111111111111111
1111111111111111111101111111111111111111111111111
1111111111111111111111111111111111111111111111111
1111111111111111111111111111111111111111111111111
1111111111111111111111111111111111111111111111111
1111111111111111111111111111111111111111111111111
0111111111111111111111111111111111111111111111111
1111111111111111111111111111111111111111111111111
1111111111111111111111111111111111111111111111110
1111111111111111111111111111111111111111111111111
1111111111111111111111111111111111111111111111111
1111111111111111111111111111111111111111111111111
0111111111111111111111111111111111111111111111111
0111111111111111111111111111111111111111111111111
1111111111111111111111111111111111111111111111111
0011111111111111111111111111011111111111111111111
1111111111111111111111111111111111111111111111110
1111111111111111111111111111111111111101011111111
1111111111111111111111111111111111111111111111111
1111111111111111111111111111111111111111111111111
1111111111111111111111111111111111111111111111111
1111111111111111111111111111111111111111111111111
1111111111111111111111111111111111111111111111110
1111111111111111111111111111111111111111111111110
1111111101111111111111111111111111111111111111101
1111111111111111111111111111111111111111111111111
1111111111111111111111111111111111111111111111111
1111111111111111111111111111111111111111111111111
1111111111111111111111111111111111111111111111111
1111101111111111111111111111111111111111111111111
1111100111111111111111111111111111111111111111111
1111111111111111111111111111111111111111111111111
1111111111111111111111111111111111111111111111111
1111111111111111111111111111111111111111111111011
1111111111111111111111111111111111111111111111111
1111111111111111111111111111111111111111111111111
1111111111111111111111111110111111111111111111111
1111111111111011111111111111111111111111111111111
1111111111111111111111111111111111111111111111111
1111111111111111111111111111111111111111111111111
1111111111111111111111111111111111111111111111111
1111111111111111111111111111111111111111111111111
1111111111111111111111111111111111111111111111111
1111111111111110111111111111111111111111111111111
1111111111111111111111111111111111111111111111111
1111111111111111111111111111111111111111111111111
1111111111111111111111111111111111111111111111111
1111111111111111111111111111111111111111111111111
1111111111111111111011111111111111111111111111111
1111111111111111111111111111111111111111111111111
1111111111111111111111111111111111111111111111111
1111111111111111111111111111111111111111111111111
1111111111111111111111111111111111111111111111111
1111111111111111111111111111111111111111111111111
1111111111111111110111111111111111111111111111111
1111111111111111111111111111111111111111111111101
1111111111111111111111111111111111111111111111111
1111111111111111111111111111111111111111111111111
1111111111111111111111111111111111111111111111111
0111111111111111111111111111111111111111111111111
0111111111111111111111111111111111111111111111111
1111111111111111111111111111111111111111111111111
1111111111111111111111111111111111111111111111111
1111111111111111111111111111111111111111111111111
1111111111111111111111111111111111111111111111111
1111111111111111111111111111111111111111111111111
1111111111111111111111111111111111111111111111111
1111111111111111111111111111111111111111111111111
1111111111111111111111111111111111111111111111111
1111111111111111111111111111111111111111111111111
1111111111111111111111111111111111111111111111111
1111111111111111111111111111111101111111111111111
1111111111111111111111111111111110111111111111111
1111111111111111111111111111111101111111111111111
1111111111111111111111111111111111111111111111111
1111111101111111111111111111111111111111111111111
1111111111111111111111111111111111111111111111111
1111111111111111111111111111111111111111111111111
-
1111011111101111110110111111101111111111111111100
0111111100111001101111111111110111111101111010010
1101000100101011101111111111111101101111111111111
1101101111000111110111110000101101111111110010110
1111011101111111011011011111111111110101100000101
1111110011101111110101101110011111111100110011111
1111010110111101011111101111101011111101111111110
0111110101111110111111111111111010111110110111010
0111111111011010111011111010110001101110001110111
0110101011001111110111001011001111111100010011111
0111101010111111111111110001011111101111111100100
0111111101101111111111111111111110000000111011001
1111111111101001111001111111111111111111111111111
1101110101011011101101101110111111110111011101010
0101111111111011010110101111111111011010011111011
1111111101101110110110011111001011011111111110101
1111100110111111011011111011111111111110011011111
0111110111110111110111111011011111111111011111110
0011001111111110111011111111111011010111111110101
1111001111111011100011101100011111101011001111111
0011111110001110111111011111010111111111111010110
0001011110110110111011111011100001110110111011001
0000001100110101111011111111010101011011111011111
0001110010111101101111111111110111001111111010111
0001011110101111101110000111111001111100111111101
0011010111110110110101111011101011000111111011101
0010101101111111101111110111100111101101111001101
1111111101101011101111111101101111110000110111011
1001111111111111111011111100111111000000101111111
1001111001111010111100100100111111111001111101011
1011110110110110011111101011000011001011111111110
1111110111111111101110101111111110101011101110111
1011101110001111011011101111110011101110011100111
1001111111101110111101111110111111111111111111100
1110110111111011111000111001101001010111110011111
1111101110010111110000111111110011011101110111111
0010101101110101111111001001111111110011101111111
1110101110011100111110101101111011111111011011111
0111101111111110111110111111110111110001111111111
0011111111111101111111010000111101011101110111100
0111011010011101110111101111111110110111011011100
0111011111111111111111111101111111111111110111100
0111110011111001101111101111011110111011111111100
0110111110111111011110111111111111101111101100111
0011100111111111111110101110111110000111110111111
0011110111111111111101100111111111011111111101011
0010111101110101101011111101111011111011101100111
0010111101101110111111111011010111101111111111111
0001101011110111101110111000000011110001010111110
0011011100111010111111111111000110111101010111000
1111111110110011111110000111111101111000001010010
1011100111111111111011111111111111101101001011111
1110111111111111111111011101111010111001101110110
1111111011111011001111111011111111111111101111011
1110011111111011111110111011111011011110111111110
1101111101101101111111011111110111111111111101100
1111011100011101100001011011111111111101010111100
1111110000111100100110111111111110011111111110000
1101111101110111111111100100111111111111101100101
1010100111111111111011110110111111111111011111111
1011111011010101110010111111111111111110111000111
1011101111101011111110110111111101111001111011101
0111000101111101101011011011111011011111101101001
0110000011111110110101111110111111101111110001101
0111000101011111101111011110001011001000111110111
1011110111111101111110111101110101111101010111011
1111011101011111111111111110111100111111111000001
1111011101111101011111011100110111110110011111011
1101111111110111001111111110111110111111110101011
1111111001011011111011111100011111110110110001011
0111101111100001110111111100111101110111101111110
1010111111111010001110101111100111010111110000100
1111111101110111110011101111101101111111000101111
1110100101011111011011011101111111110101101100111
1111001000010111111101111111111111111100100110011
1101011101111100111010110011011111101110011011111
1100111111111100001111110111111111111011110011111
1111101111011110111111111100011011101100110111011
1111101111110011111011110011111101001111111101101
1111100111110110101001111010111100001111111010111
1001010011111111110001110111101011110011111111111
1111111101011101110001100110110110110101101111011
1010111111001111011011110011101110110110111110101
1111110011101111011111111011111011111011001101110
1111111001111101111111111001111111100010011110100
0001111111110011010111110011111011011011111111100
1101111110111111100111101110101101111101111101111
1111111111111111100011111100111111111111111000101
1101111111101101110101110111111101001011011111000
0101011111111111110110111101101110010011011011101
1111101101111111111011000011101100111101111011111
0011111001111111111111110111011111001111001100110
0001110111101110111111111111101011111111011101100
0011111111111111101110111110101101111011111111101
0111111011011111101100111010011111111101111101101
1111111011111111111101111100111101011100100011111
1001111111110111101111111111010110011111110010111
1100100111111001110100110001110111101010111101101
1111111111101101011111111111000110111011011111111
1111111001010111111111111111110011111101110101101
1111111010111111111011011010110111100111111111111
1110111010111111111001100010111111101110110111111
1111111111111001111111111111111100111001110111111
0111101110011101111111000011101101111111110110111
1110110111111111111101110100101000111010011000011
1111010111111010011101010110111100001110111001100
1100110111011111100111111110101000111010101101111
1011101101111100111011110101110101011111100111010
1101000000111101111111111101010111111110111111111
1101111101111111110010101111100111111101111111111
0111111100111101111000111100111010111111111111111
