17
+
111111111111111111111111111111111111111111111111111111111111111111111111111111111111
-
000110000000000000000000000000000000000000000000000000000000000000000000000000000000
-
000000001000000000000000000000000000000000000000000000000000000000000000000000000000
-
000000000000000010000000000000000000000000000000000000000000000000000000000000000000
-
000000000000000000100000000000000000000000000000000000000000000000000000000000000000
-
000000000000000000000011100000000000000000000000000000000000000000000000000000000000
-
000000000000000000000000000100000000000000000000000000000000000000000000000000000000
-
000000000000000000000000000000010000000000000000000000000000000000000000000000000000
-
000000000000000000000000000000000000000000100000000000000000000000000000000000000000
-
000000000000000000000000000000000000000000001000000000000000000000000000000000000000
-
000000000000000000000000000000000000000000000000001000000000000000000000000000000000
-
000000000000000000000000000000000000000000000000000001000000000000000000000000000000
-
000000000000000000000000000000000000000000000000000000010000000000000000000000000000
-
000000000000000000000000000000000000000000000000000000000001000000000000000000000000
-
000000000000000000000000000000000000000000000000000000000000000011000000000000000000
-
000000000000000000000000000000000000000000000000000000000000000000000001100000000000
-
000000000000000000000000000000000000000000000000000000000000000000000000000000100000
