3
+
11111111111111111111111111111111111111111111111111111111111111111111111111111111111111111111111111111111111111111
11111011111111111111111111101111101111111111111011101111111111111011111111111011111111111111101110111111111111111
10111010111010111011111111111111111111111110111111111011111111101111101110101111101011101111111111111110111111101
11101111101111111010101111101110111111111011111110111010111110111011111110101111111011111011111111111111101111111
11111011111111111110111011111111111110111111111111111111111110101111101111111011111110111010111111101111101111111
11111111111111111110111110111111111110111111111010111110111111111011101111111110111111111111111111111111111111111
11111110101110111111111111111111101111111111111011101111111011111111111111111111111110111111111011111010111111111
11111110111011101111111011111111111011111110111110111011111111111111101110111011111111111110111110111110111110111
10101111111011101111101111111110101011111010111110111111111010101111111111111110111111111011111111111111111110111
10111111111111111111101110111011111111111111111110111111111011111110111111111110111111111111101110111110111011111
10101111111111111111111011111111111110101110111110111111101011101111111011101111111111111110111111101110111111111
10101011101110111111111111101011111110111111111111111110111111111111111110111110101011101110111011111111111110111
10111111111111111110111111111011111111101110101111111111111111111111101111111111111111111110111111111111101111101
11111111101011101111111011101110111110111011111110101111101111111011111111101111111110111111111011111111101110111
10101010111011111111111111101010111111111111111011101111111110101111111011111011111111111111111011111110111111111
11101111111110101010111111101110101010111110111111101111111110111111101111101110111111101111111111111111111011111
11111111111111101111101111111011111111111011111111101011101111111111101111111111111111101011111111111011101110101
11111111111111111010111111111111111111111111111111111110101011111111111011111111111110111111101111111111111111111
10111110111010101111111110101011101110111111111111111111111111111110111111111111111111101111111111111110111110111
10111011111111111011101110111011111011101111101111111111101111111010111111111111101111101110101111111110111111111
11111111101110111111101111111111111010111111111111111111111011111111111111111111111111101111111111111110111111111
11101111101111111110111111111110111111111111111011101111111111111010111010111111111011111011111111111011111111111
11101011111111111011111111101010111011111111111010101111101111101010111111111110101011101010111111111110111111111
11111110111011101111101110111110101111111111111010111011111110111111111011101111111011111111101011111111111111101
11111011111111111011111111111111111111111111111111111011111111111111111111111111101111111111111111111111111011111
11111010111111111110101110111111111111111011111110111110101111101111101111101110111111111110101110111110111111111
10101011111010101011101010111011101011111010111010111111111111111111111111111111101110111011111111111111111011111
11101011111110101011111111111110111110111111111111111111101011111010101111111111111110111111101111111111101110101
11111111111111101110111111111011111111111110111111111011111011111111111111111111101010101110101111111010111111111
11101010111011111011111111101011111110111111111011111110111111111111111010101011111111111111111111101111111111101
11101111111110111011111111101111111011111111111011111110111111111110101110111111111111111111111111101111111111111
11101111111010111111111110111011111111111111111111111111111111111110111111111110111111101011111011111110111111111
10111111101111111011111111111111111010111110111111111111111010111111111011101111111011111011111111101011111111111
10111111111111101011101110101111111111101011101110111111111010101111101111111110111111111110111010111110111111111
10111111111111111111101111111011101111111111111111111111111111111111111111111111111111111011111111111110111011101
11101111111011111110111011111011111010111011111111101111111111111011111011111111111110111110111111111111111011101
11111111101111111011111010101111101111101111101111111111111111101011111111101110101011111111111111111111101011111
10111111111110101110111111111111111111111111111110111111111111111111111111111111111110111110101111101011101111111
11111011101111101011111011111111111111101011111111111111111111101010111011111011111111111111101011101110111111111
10111110111111111010111111101111111011111111101111101110101111101110111110111111101110111111111111101110101110111
11111110111111111111111111101111111111101010111111101111101111111011111111111110111111111111111111111111111111111
11111011111111111011111111111110111110111111111010101011111111111111111111101111101111111111111111101111111111111
11111010101111101010111111101010101010111111111011111111111111111111111111111011111111111011111011111011111010111
11111111111111111111111010111011111011101111111110101111101011111010111111101010111111111111111111111111111111111
11111011101110111010111111111110111110111011101110111111111111111111111111101111111110111111111011111011111110111
11101111111111101111111011111111111010111011111111111111111111101111111011111111111110111111111110111011111111111
11101111111110111111111011101010111111101011111111111110111010111111111110101111111111111011111111111111101111111
11111011111111111111111011101110111111101011101110111111111011111111101111101111101111111110111110111111111111111
10101111111111111110111111101111111110111111111111111010111111111011111111101111111111111111111111111011101111111
10101011101110101111101011111110101111101011111111111110101111101111111110101111111011111111101110111110101111111
11101110111111111111111010101111111110111111111111111111111010111111101111101111111011111010111110111111111111111
11111111111110111111111110111111111111111110111111111111111011111111111110111111111111111111111111111111101011111
11111010111111111011111111101111101011111111101111111111101011111011101111111011111111111111111111101011111110111
10101010101010111111111110111111111111101111111011111111111011111110101011101011111011111110111010101110111110111
11111010111111111011111111111111111111101011101110111010101011101110111111111111111111111111111111101111111011101
11111111101111111011111010101111101011111011111110111111111111111111111111111011111011111111111111111111111111101
10101111101110111010111111111110111110111110101011111111111110111111111110111111101111111111101111101110101111111
11111110101111111110101111111111111110101110111011101110101111111110111111101111101011111111111010111011111110111
10111011111011101110111011101111101110111110111111111111111111111111111110111111111110111111111110111110101111111
11111011111011111110111111101111111011101111111011101111111111111111101010111011111111111111111111101111101111111
11111111101111111111101111111111101111111111101011111111101011101111101110111011101111111110101011111111101110111
11101111111111111110111111111111101111111111101111111111111111101111111111111111101111111111111110101110111010101
10111111111111111010111111111110101111111111101111111111111111101111111111111111101111101010101110111011101110111
10111110111110111111111111101110111111111011111111101111111111111111101111111111101110111111111011111110111010101
11101111111011101010111010111111111011101010111011101111111111111111111110101111111111111111111111101111111110101
11101011111110111110111110111111111111101110101110111110111110111110111111111111111011111111111111111111111111111
11111011111110101111111010111111111011111011111010111011111111111111111111101011111111111111111111101111111111111
10111111111111111011111111111111111111111111101011111011111110101111111010111011111111111111101111111110111011101
11111111111110101110111111111111101011101111111111101011111111111111111111111010101011111010111111111111111011111
10111110111011111111111110111110111111111111111111111111111110111110111110111111101110111111111111111011111111111
11111110111111111111111111101111111111111111111111101111111111111011111111111011111111111111111111111111101110111
11111110111111111011101111111111111111101111111111111011111011111010111111111111101111111111101011111011111110111
11111111111111111111101111101111111110111111111111111011111111111011111111111111111111111111111111111111111111111
10111011101111111111111110111111101110111111101111111111101110111010111111111111101111101111101110101111111111111
11111111101111111111111111111110111111101011111010101110111111111110111111111110111110111111111111101111111111101
11101110111110111110111111101011111011111110111110111111111011111111101011101111111111111111111111111111111110111
11111011111011111110111011101011111010101110101111101011111011111110111111111111111111111110111110111110111110111
10101010111011111111111011111110101011111111111011101110111010101011111111111111101111111111111011101011111111111
11111111111111111011111111111111111111101111111010111111111110101110111110111111111111111110111110111010111111111
10111111111111111110111011111011111111101111111110111110101010111011101011111110101011111011111011111111111111111
00000000000000000000000000000000000000000000000000000000000000000000000000000000000000000000000000000000000000000
+
00000000000000000000000000000000000000000000000000000000000000000000000000000000000000000000000000000000000000000
11110101010111011111110111111111110101110111111111111111111111111111110101111111011111111101110111111111111101011
01010111011101111111111111011111111101111111011111111111110111011101111111011101011101010101111111110101111111010
11111111110111111111111111111111110111110111110111110111111111111111111111111111111111111111111111111111111111111
01110111110101011101110101111111111101111111111101110111110101111111010101110111110101111101011111111111111101111
11011101111111110111011111110111011111111111110111110101111111011111111111111111111111011101111101111101011111111
01010111111111111111110101010111011111111111111101110101111101011111111111011111011111111111110101111101111111110
11111111110101010101111101011111111111111111111111011111011111111101011111111111111111111111111111111101011111111
11110111111111011101111101111111111111011101110111111111111111110111011101110111011101111111111111011111111111011
11110101111101111111111111011101011111111101110111111111111111111111111111011111011111111111111111011111111111011
11010101111101111111110111111111111101111111111101110111110111110111010111111111111101011111111111011111111111111
01111111111101111111111111111111111111111111011111111101111111111101111101110111011111111111011111111111111111010
11111111111111111111011101111101111101111111111111111111111101111111110111011111111111111111011101011111011101111
11110111111111011101111101111111111111110111111111111111111111011111111111110111111111111111111111111111110101111
11110111111111111111110101011111111111111111111101110101111101011111110111110101111111111111110111111111110111111
11110111111111111111110101010111111111111111111101111111111111110111011111111111111101011101111111111111111111110
01111111110111111111111101111111111111111101011101010111011111111111110111011101110101110111110111110111111111011
01111111011101111101110111111101111111011101110111111111110111110111111111110111111111111101010101110111111111011
11110111011111111101111111111111111111011111110101111101110111111111111111111101111111011101111111111111111111110
11111111011111110111111111111111111111111101111111111111111101111111111111111101111111110111111101111111011111111
11011111111111111111111111110111010111111111011111111111011111111111111111110111010111111111111101111101111101111
01110111111111111111110101110111111111111101111111111111111111111111111101011111111111011111111111011111011111111
11110111111111010101111111111111111111111101111111010111111111110111111101111111110111011111111111110101011111111
11111111110111111111111111111111110111111101111111111111111111111101011101111111011111111101111111110111111111111
11011111111111110111011111011101110111010101111111011111111101111101111111011101111111111111011111110111111111111
11111111111111110101111111111111011111111101011111011111010111110111011101110111111111011111110111111101110111111
11110111110101110111111111111111010111011111111111111101111111110111111111111101111111111111111101111111111111111
11111111111111111101011111110111111111111111011101110101110111111101111111111101111111011111111111111111110111111
01111111010111011111110111111111111101111101111111111101011101111101111111111111111111111111010111011111010111111
11111111011101111111010111111111111111110111110111110101111111011111010111110101011111111111110111011111010111111
11011111110111011111110101111111110111010111111111111111111111011101111101011111111111011111111111110101110111111
11110111011111111111010111111101111101111111111111011111111111011111011111111111110111111111111111111111111101111
11011111111111110111010111111111011101110101111111010111111101010111011111111111110111110111111111111101111111011
11011111111111110111111111111111111111111111111101110111111111110111111111111101111111011111011111011111111111111
11111111111111111111011111011101111101011111111101110101111111010111010101111111111111111111010101011101111111111
11110111110101110111111111111111110111111111010111011111010111111101110111111111110101111111111101111111110111111
11011101011111011111111111110111010111110111011101111111111111110111010101111101111101110111010111110101111111111
01111111110101111111110111111111111111011111010111110111110111111101110111010101110111111111011101111111111111111
01111111010111111111111111011111111111010111011111110111111111111111011101110111111111111111111111110111011111111
11111111111111111111110111111111111111011111110111111111110111111111111111110101111111111111110111011111010111111
11111111111111011101111111010111010111011101011111111111111111110111010101110111011111011111110101111111110111111
11110111111111111101111101110111010111111101111111111111111111110111111111110101110111111111111111111111110111111
01111111110111010101111111111101110111111101111101110111111111111111110101111111111111110111111101011111111111111
01111101111111111101110111110111111111111111111111110111111101111111111111011111111101011111111111110101110111111
11111111110101111101111101111111110111011111111111111111111111110101111111111111011111111111010111111111111101011
11111101110101111111111111010111010101111111111111111111011101111101111111111111111111111111110111111111111111011
01110111111111111111111111111111011111111111110111111101111111010111111101111111010101111111111101110111111111110
11111111110111011111111101110111111111111111111111110111110111111111111111010111011101011111110111111101111111111
11011111111111011111011111111111111111111111111111111111111101111101111111011111011111110111111111111111111111111
11011111111111110101111101111101111111011111111111111111111111011111111111111111111101110111111111110101111111011
11011111111111010111111111111111111111111101011111011111111111111111111101111111111101111111111111111111111111011
11111111110111111111111111111111110111110111011101111111111111110111110111110101111101011111010111011111111111111
11111111011101111111111101111111111111111111111111010111011101111111111111011111111111110111010111111111010101111
01111111111101111111111101011111010111110101111111111101111111011111111111011101111111011101111111111111011111110
11111111011101111101110111011111111111011111011111111111011111110101011111111101110111111101110101111111011101110
11111111111101110111111111111101111101111111111111111111111111110101110111111111111111110111111111111111111111111
11111101111111111111011111010111111111110111111111010111111111110101011111111111111111110111010111110101110111111
01111111011111111111111101011111111111011101010111010111111111110111111101011101111111111111110111110101010111011
01010111110111111111111111011101110111010111110111111111111111111101111111110111110111111111111111110111010111010
11011111010101110101111101010111011101110111111111111101111111111111111101110111011111011111111101111111110111010
11110111111111110111110111111111111101111111011111111101111111111101111111111111111111111101011101110111111111111
11111101111111111111111111111111111101110111110111111101110111111111111111111101111111111111111101111101110111111
11111111111111011111110111111111011111111111111111111111011111111111011101111101111111111111111111011111010111111
11011101111111111101111111011111011101110111110101110111111111111111111111110111011101110101110111111101111111111
11010101111101110111111111111111111111111111111111110101110111111111011111011111111111110111010111011101110111110
11111111111111111111111101111101110111111111111111110101011111111111110111011111111101010101111111111111111101111
11110111011111111101011111110111110111111111110101111111111111111111111101010101110111011111111111011101111111011
01110111111111111101011111111101111111111111011111111111110111111111110101110111111111111101111111110111111111111
11110111010101011111010101111101111111011111110111111101110111111111111111111111110111111111111111111101111101011
11011111111111111111111111011111111111011111111111111101111111111111011111111111111101011111110101111111111111011
01110111111111011101111111011111011101111111010111111111111111111111011111110111111111010111111111111101111111111
01110111111101110111110101110111110101011111111111111111111111111111111111111111011111011111011111111111010101111
01111101011101111111110101010111011111111111110111111111110111111111111111011111111111111111010101111111111111111
11111111110111011111011111011101111111111111111111111111111101111101111111110111111111010101011111011111111101110
11011111111111011111011111111111010101111111011111111111111101111111111101110111111111111111011111110111011111111
11110111111111111101110111010111111111111111111111011111011111011101110111111101111111111101110111111111111111011
11111101111111111101111111111101111101011111111111111101111101110101111111010111111111010111110111011101110111011
11111111110111011111111111011111011101111111110111111111111111111111111101111111111111110111111111111101111111111
11110111010111111111111111111101111111111101111111011101010111110111111111111111011111010111111101111111111111111
11111111111111110111011111011111111111011111110101110111110111111111110111111111111111111101111111110111011111111
11111111111111111111111111111111111111111111111111111111111111111111111111111111111111111111111111111111111111111
-
00011001000100000000100001000000001000100100000010100000110100000100100011000111100010000000000100001001101110000
11111111111111111111111111111111111111111111111111111111111111111111111111111111111111111111111111111111111111111
11111111111111111111111111111111111111111111111111111111111111111111111111111111111111111111111111111111111111111
11111111111111111111111111111111111111111111111111111111111111111111111111111111111111111111111111111111111111111
11111111111111111111111111111111111111111111111111111111111111111111111111111111111111111111111111111111111111111
11111111111111111111111111111111111111111111111111111111111111111111111111111111111111111111111111111111111111111
11111111111111111111111111111111111111111111111111111111111111111111111111111111111111111111111111111111111111111
11111111111111111111111111111111111111111111111111111111111111111111111111111111111111111111111111111111111111111
11111111111111111111111111111111111111111111111111111111111111111111111111111111111111111111111111111111111111111
11111111111111111111111111111111111111111111111111111111111111111111111111111111111111111111111111111111111111111
11111111111111111111111111111111111111111111111111111111111111111111111111111111111111111111111111111111111111111
11111111111111111111111111111111111111111111111111111111111111111111111111111111111111111111111111111111111111111
11111111111111111111111111111111111111111111111111111111111111111111111111111111111111111111111111111111111111111
11111111111111111111111111111111111111111111111111111111111111111111111111111111111111111111111111111111111111111
11111111111111111111111111111111111111111111111111111111111111111111111111111111111111111111111111111111111111111
11111111111111111111111111111111111111111111111111111111111111111111111111111111111111111111111111111111111111111
11111111111111111111111111111111111111111111111111111111111111111111111111111111111111111111111111111111111111111
11111111111111111111111111111111111111111111111111111111111111111111111111111111111111111111111111111111111111111
11111111111111111111111111111111111111111111111111111111111111111111111111111111111111111111111111111111111111111
11111111111111111111111111111111111111111111111111111111111111111111111111111111111111111111111111111111111111111
11111111111111111111111111111111111111111111111111111111111111111111111111111111111111111111111111111111111111111
11111111111111111111111111111111111111111111111111111111111111111111111111111111111111111111111111111111111111111
11111111111111111111111111111111111111111111111111111111111111111111111111111111111111111111111111111111111111111
11111111111111111111111111111111111111111111111111111111111111111111111111111111111111111111111111111111111111111
11111111111111111111111111111111111111111111111111111111111111111111111111111111111111111111111111111111111111111
11111111111111111111111111111111111111111111111111111111111111111111111111111111111111111111111111111111111111111
11111111111111111111111111111111111111111111111111111111111111111111111111111111111111111111111111111111111111111
11111111111111111111111111111111111111111111111111111111111111111111111111111111111111111111111111111111111111111
11111111111111111111111111111111111111111111111111111111111111111111111111111111111111111111111111111111111111111
11111111111111111111111111111111111111111111111111111111111111111111111111111111111111111111111111111111111111111
11111111111111111111111111111111111111111111111111111111111111111111111111111111111111111111111111111111111111111
11111111111111111111111111111111111111111111111111111111111111111111111111111111111111111111111111111111111111111
11111111111111111111111111111111111111111111111111111111111111111111111111111111111111111111111111111111111111111
11111111111111111111111111111111111111111111111111111111111111111111111111111111111111111111111111111111111111111
11111111111111111111111111111111111111111111111111111111111111111111111111111111111111111111111111111111111111111
11111111111111111111111111111111111111111111111111111111111111111111111111111111111111111111111111111111111111111
11111111111111111111111111111111111111111111111111111111111111111111111111111111111111111111111111111111111111111
11111111111111111111111111111111111111111111111111111111111111111111111111111111111111111111111111111111111111111
11111111111111111111111111111111111111111111111111111111111111111111111111111111111111111111111111111111111111111
11111111111111111111111111111111111111111111111111111111111111111111111111111111111111111111111111111111111111111
11111111111111111111111111111111111111111111111111111111111111111111111111111111111111111111111111111111111111111
11111111111111111111111111111111111111111111111111111111111111111111111111111111111111111111111111111111111111111
11111111111111111111111111111111111111111111111111111111111111111111111111111111111111111111111111111111111111111
11111111111111111111111111111111111111111111111111111111111111111111111111111111111111111111111111111111111111111
11111111111111111111111111111111111111111111111111111111111111111111111111111111111111111111111111111111111111111
11111111111111111111111111111111111111111111111111111111111111111111111111111111111111111111111111111111111111111
11111111111111111111111111111111111111111111111111111111111111111111111111111111111111111111111111111111111111111
11111111111111111111111111111111111111111111111111111111111111111111111111111111111111111111111111111111111111111
11111111111111111111111111111111111111111111111111111111111111111111111111111111111111111111111111111111111111111
11111111111111111111111111111111111111111111111111111111111111111111111111111111111111111111111111111111111111111
11111111111111111111111111111111111111111111111111111111111111111111111111111111111111111111111111111111111111111
11111111111111111111111111111111111111111111111111111111111111111111111111111111111111111111111111111111111111111
11111111111111111111111111111111111111111111111111111111111111111111111111111111111111111111111111111111111111111
11111111111111111111111111111111111111111111111111111111111111111111111111111111111111111111111111111111111111111
11111111111111111111111111111111111111111111111111111111111111111111111111111111111111111111111111111111111111111
11111111111111111111111111111111111111111111111111111111111111111111111111111111111111111111111111111111111111111
11111111111111111111111111111111111111111111111111111111111111111111111111111111111111111111111111111111111111111
11111111111111111111111111111111111111111111111111111111111111111111111111111111111111111111111111111111111111111
11111111111111111111111111111111111111111111111111111111111111111111111111111111111111111111111111111111111111111
11111111111111111111111111111111111111111111111111111111111111111111111111111111111111111111111111111111111111111
11111111111111111111111111111111111111111111111111111111111111111111111111111111111111111111111111111111111111111
11111111111111111111111111111111111111111111111111111111111111111111111111111111111111111111111111111111111111111
11111111111111111111111111111111111111111111111111111111111111111111111111111111111111111111111111111111111111111
11111111111111111111111111111111111111111111111111111111111111111111111111111111111111111111111111111111111111111
11111111111111111111111111111111111111111111111111111111111111111111111111111111111111111111111111111111111111111
11111111111111111111111111111111111111111111111111111111111111111111111111111111111111111111111111111111111111111
11111111111111111111111111111111111111111111111111111111111111111111111111111111111111111111111111111111111111111
11111111111111111111111111111111111111111111111111111111111111111111111111111111111111111111111111111111111111111
11111111111111111111111111111111111111111111111111111111111111111111111111111111111111111111111111111111111111111
11111111111111111111111111111111111111111111111111111111111111111111111111111111111111111111111111111111111111111
11111111111111111111111111111111111111111111111111111111111111111111111111111111111111111111111111111111111111111
11111111111111111111111111111111111111111111111111111111111111111111111111111111111111111111111111111111111111111
11111111111111111111111111111111111111111111111111111111111111111111111111111111111111111111111111111111111111111
11111111111111111111111111111111111111111111111111111111111111111111111111111111111111111111111111111111111111111
11111111111111111111111111111111111111111111111111111111111111111111111111111111111111111111111111111111111111111
11111111111111111111111111111111111111111111111111111111111111111111111111111111111111111111111111111111111111111
11111111111111111111111111111111111111111111111111111111111111111111111111111111111111111111111111111111111111111
11111111111111111111111111111111111111111111111111111111111111111111111111111111111111111111111111111111111111111
11111111111111111111111111111111111111111111111111111111111111111111111111111111111111111111111111111111111111111
11111111111111111111111111111111111111111111111111111111111111111111111111111111111111111111111111111111111111111
00100000001000011000000100100000100000011000011010000101001100100000100000001100011100000010001000001010000000010
