2
+
111111111111111111111111111111111111111111111111111111111111111111111111111111111111111111111111111111111111111111111111111111111111111111111111111111111111111111111111111111111111111111111111111111111111111111111111
111111111111111111111111111111111111111111111111111111111111111111111111111111111111111111111111111111111111111111111111111111111111111111111111111111111111111111111111111111111111111111111111111111111111111111111111
111111111111111111111111111111111111111111111111111111111111111111111111111111111111111111111111111111111111111111111111111111111111111111111111111111111111111111111111111111111111111111111111111111111111111111111111
111111111111111111111111111111111111111111111111111111111111111111111111111111111111111111111111111111111111111111111111111111111111111111111111111111111111111111111111111111111111111111111111111111111111111111111111
111111111111111111111111111111111111111111111111111111111111111111111111111111111111111111111111111111111111111111111111111111111111111111111111111111111111111111111111111111111111111111111111111111111111111111111111
111111111111111111111111111111111111111111111111111111111111111111111111111111111111111111111111111111111111111111111111111111111111111111111111111111111111111111111111111111111111111111111111111111111111111111111111
111111111111111111111111111111111111111111111111111111111111111111111111111111111111111111111111111111111111111111111111111111111111111111111111111111111111111111111111111111111111111111111111111111111111111111111111
111111111111111111111111111111111111111111111111111111111111111111111111111111111111111111111111111111111111111111111111111111111111111111111111111111111111111111111111111111111111111111111111111111111111111111111111
111111111111111111111111111111111111111111111111111111111111111111111111111111111111111111111111111111111111111111111111111111111111111111111111111111111111111111111111111111111111111111111111111111111111111111111111
111111111111111111111111111111111111111111111111111111111111111111111111111111111111111111111111111111111111111111111111111111111111111111111111111111111111111111111111111111111111111111111111111111111111111111111111
111111111111111111111111111111111111111111111111111111111111111111111111111111111111111111111111111111111111111111111111111111111111111111111111111111111111111111111111111111111111111111111111111111111111111111111111
111111111111111111111111111111111111111111111111111111111111111111111111111111111111111111111111111111111111111111111111111111111111111111111111111111111111111111111111111111111111111111111111111111111111111111111111
111111111111111111111111111111111111111111111111111111111111111111111111111111111111111111111111111111111111111111111111111111111111111111111111111111111111111111111111111111111111111111111111111111111111111111111111
111111111111111111111111111111111111111111111111111111111111111111111111111111111111111111111111111111111111111111111111111111111111111111111111111111111111111111111111111111111111111111111111111111111111111111111111
111111111111111111111111111111111111111111111111111111111111111111111111111111111111111111111111111111111111111111111111101111111111111111111111111111111111111111111111111111111111111111111111111111111111111111111111
111111111111111111111111111111111111111111111111111111111111111111111111111111111111111111111111111111111111111111111111111111111111111111111111111111111111111111111111111111111111111111111111111111111111111111111111
111111111111111111111111111111111111111111111111111111111111111111111111111111111111111111111111111111111111111111111111111111111111111111111111111111111111111111111111111111111111111111111111111111111111111111111111
011111111111111111111111111111111111111111111111111111111111111111111111111111111111111111111111111111111111111111111111111111111111111111111111111011111111111111111111111111111111111111111111111111111111111111111111
111111111111111111111111111111111111111111111111111111111111111111111111111111111111111111111111111111111111111111111111111111111111111111111111111111111111111111111111111111111111111111111111111111111111111111111111
111111111111111111111111111111111111111111111111111111111101111111111111111111111111111111111111111111111111111111111111111111111111111111111111111111111111111111111111111111111111111111111111111111111111111111111111
111111111111111111111111111111111111111111111111111111111111111111111111111111111111111111111111111111111111111111111111111111111111111111111111111111111111111111111111111111111111111111111111111111111111111111111111
111111111111111111111111111111111111111111111111111111101111111111111111111111111111111111111111111111111111111111111111111111111111111111111111111111111111111111111111111111111111111111111111111111111111111111111111
111111111111111111111111111111111111111111111111111111111111111111111111111111111111111111111111111111111111111111111111111111111111111111111111111111111111111111111111111111111111111111111111111111111111111111111111
111111111111111111111111111111111111111111111111111111111111111111111111111111111111111111111111111111111111111111111111111111111111111111111111111111111111111111111111111111111111111111111111111111111111111111111111
111111111111111111111111111111111111111111111111111111111111111111111111111111111111111111111111111111111111111111111111111111111111111111111111111111111111111111111111111111111101111111111111111111111111111111111111
111111111111111111111111111111111111111111111111111111111111111111111111111111111111111111111111111111111111111111111111111111111111111111111111111111111111111111111111111111111111111111111111111111111111111111111111
111111111111111111111111111111111111111111111111111111111111111111111111111111111111111111111111111111111111111111111111111111111111111111111111110111111111111111111111111111111111111111111111111111111111111111111111
111111111111111111111111111111111111111111111111111111111111111111111111111111111111111111111111111111111111111111111111111111111111111111111111111111111111111111111111111111111111111111111111111111111111111111111111
111111111111111111111111111111111111111111111111111111111111111111111111111111111111111111111111111111111111111111111111111111111111111111111111111111111111111111111111111111111111111111111111111111111111111111111111
111111111111111111111111111111111111111111111111111111111111111111111111111111111111111111111111111111111111111111111111111111111111111111111111111111111111111111111111111111111111111111111111111111111111111111111111
111111111111111111111111111111111111111111111111111111111111111111111111111111111111111111111111111111111111111111111111111111111111111111111111111111111111111111111111111111111111111111111111111111111111111111111111
111111111111111111111111111111111111111111111111111111111111111111111111111111111111111111111111111111111111111111111111111111111111111111111111111111111111111111111111111111111111111111111111111111111111111111111111
111111111111111111111111111111111111111111111111111111111111111111111111111111111111111111111111111111111111111111111111111111111111111111111111111111111111111111111111111111111111111111111111111111111111111111111111
111111111111111111111111111111111111111111111111111111111111111111111111111111111111111111111111111111111111111111111111111111111111111111111111111111111111111111111111111111111111111111111111111111111111111111111111
111111111111111111111111111111111111111111111111111111111111111111111111111111111111111111111111111111111111111111111111111111111111111111111111111111111111111111111111111111111111111111111111111111111111111111111111
111111111111111101111111111111111111111111111111111111111111111111111111111111111111111111111111111111111111111111111111111111111111111111111111111111111111111111111111111111111111111111111111111111111111111111111111
111111111111111111111111111111111111111111111111111111111111111111111111111111111111111111111111111111111111111111111111111111111111111111111111111111111111111111111111111111111111111111111111111111111111111111111111
111111111111111111111111111111111111111111111111111111111111111111111111111111111111111111111111111111111111111111111111111111111111111111111111111111111111111111111111111111111111111111111111111111111111111111111111
111111111111111111111111111111111111111111111111111111111111111111111111111111111111111111111111111111111111111111111111111111111111111111111111111111111111111111111111111111111111111111111111111111111111111111111111
111111111111111111111111111111111111111111111111111111111111111111111111111111111111111111111111111111111111111111111111111111111111111111111111111111111111111111111111111111111111111111111111111111111111111111111111
111111111111111111111111111111111111111111111111111111111111111111111111111111111111111111111111111111111111111111111111111111111111111111111111111111111111111111111111111111111111111111111111111111111111111111111111
111111111111111111111111111111111111111111111111111111111111111111111111111111111111111111111111111111111111111111111111111111111111111111111111111111111111111111111111111111111111111111111111111111111111111111111111
111111111111111111111111111111111111111111111111111111111111111111111111111111111111111111111111111111111111111111111111111111111111111111111111111111111111111111111111111111111111111111111111111111111111111111111111
111111111111111111111111111111111111111111111111111111111111111111111111111111111111111111111111111111111111111111111111111111111111111111111111111111111111111111111111111111111111111111111111111111111111111111111111
111111111111111111111111111111111111111111111111111111111111111111111111111111111111111111111111111111111111111111111111111111111111111111111111111111111111111111111111111111111111111111111111111111111111111111111111
111111111111111111111111111111111111111111111111111111111111111111111111111111111111111111111111111111111111111111111111111111111111111111111111111111111111111111111111111111111111111111111111111111111111111111111111
111111111111111111111111111111111111111111111111111111111111111111111111111111111111111111111111111111111111111111111111111111111111111111111111111111111111111111111111111111111111111111111111111111111111111111111110
111111111111111111111111111111111111111111111111111111111111111111111111111111111111111111111111111111111111111111111111111111111111111111111111111111111111111111111111111111111111111111111111111111111111111111111111
111111111111111111111111111111111111111111111111111111111111111111111111111111111111111111111111111111111111111111111111111111111111111111111111111111111111111111111111111111111111111111111111111111111111111111111111
111111111111111111111111111111111111111111111111111111111111111111111111111111111111111111111111111111111111111111111111111111111111111111111111111111111111111111111111111111111111111111111111111111111111111111111111
111111111111111111111111111111111111111111111111111111111111111111111111111111111111111111111111111111111111111011111111111111111111111111111111111111111111111111111111111111111111111111111111111111111111111111111111
-
111111111111111011111101011111111111111111011111111011011111111111111111111100111011111000011111011111011111011111110001011011111110001101011111111100111111111111111111111011101111111011101111111101111111111111111111
111111111111111111101101111100111011011111110011101101111111011111111011110110111111110111110101111111101011111111111111111111111111111111111111111111111111111111101111111111111010010111111111111110011111111110101111
010100110111111110111111111010111111110111010101111011111110011111110011011111011101111111111111111111101111111111010101011011110111101101101111101111011111111101101111111111111111111011111011111111111111111001111111
011111111111111110111111111111110011110111111110111101111010110111111111111111111111111101111111111111101011111110111111111111111010011111101110111010111111101011111111111111111011111011111111110011111111111011111111
001111111110111101111111111111111101101111111111111111001011100111111111110111111111111011111111011111111111111001111111111110111111111111111110011111110111111110111111111110110011111101111111111101101110111011111111
011101111111011111011111111101110011100111111111111011111111111111011101101111111111111111111111111111111101110111111111101111111111011111111101110111011111111111111111111111111111111111111111101110111101111011110111
111110111111110011111100101110011111110111111111111111111111001110111111101111111111111111111110111111111110111111101111111101111011111111111110001111111111101111111111101111111011110110101111101110110111101111111111
111101111111111111111011101111111111111111011011110111111111111111111101111111011110111011111110101100111001011111111111101111111000111111111101111110110111111101111111111111111111111111111111111110011111111110111111
101011110111111011011111111111010011111111111101111110111011111111011111111111101111111111111111111011111001110111111111101101111110111110111101111011011110111111111111010111111111101111001111010010100101101111110101
111101111101010110111101111111111111111111111010111010111111111110111111111111111111111101111111111111111111001010111111011011111001110111111111111111111101111111011110111111111101111111101111111111111110101101111111
111111111110111111111111010111110101011111111110111011101110111111111111111111111111111011111011111111111101101011111110011111111111011111111111010111111111111111111110001111111101111101010111011100010110111111111111
111111011111101110111111111110011111111111111111111001111110011111101111110010111111011111111110111111101101111011111111111111111101111011011111111111101111111101111111111011111011101101111111000010010110101111101101
011101111111101111110111111111101110111100111111111111111011110110111100111101011111111110011011101110101011101001111111111110111111111111111011101010110011111011111101111111111111101011010011111011111110111110111110
111111111111110111101100111111111111011101111111001111111011111111110111101111111110111111110111111101111111111111110111101100111111101111111111111111011111101111101111110111111111111110101110111101111111101111110101
110111111111111111111111101111111101110110111111111111111111110011111111101110110111001011101111111110111111001100111111000111111111100001110111011111111011110011101101101111111111111011111111011110111111111111111111
111101001111011111111110011101111101111110111101111111111111011111101111111111110111011011111101111111111011101111101111101111101101111111111101111111111111100111111011111011111111111011111011011111111111111011110111
011101110011111110101111111111111011101111101101110011111111111111111011111111101111011111101011011100111101100111011011111110111011101111110111111011101111101011101111111011111101111101110111110111111111101111110111
001101110110101111011011111011111111011100101101010001111111111011001110110111111111111001101111110111111111111111111111111111111111101111111111110001111111111011111011110111111001101111111111101101011110111111011111
011111111110111110111111111111111111111111110111111111111101111111111111111111111111111111101101101111111111110011011111111110111111111111111111111011111111111111111111111111111111011111111111101111111101110100110111
011111111101111101111111111101011111110111111111110111111000111111011101111111111111111111111011011011110110111111011111111110110111011111111111010111110111111111001011110011101111010111100010111101101111111111110111
011111110101111111100111011111111111111111101110110111101101110111111111110011011100101101111111101111111111111111110110111101110111111111100111111111111111111011011011111111111101011111111101011111111011011111110110
111111011110111100111111111111111011111111110111110101000101110110111010101111010111101110011011111111111111111111111111111111111011110111111111011111011111111111111111101110101011111111110101111111010111011111111101
101111011100101110111111111111110111111111111111011111101111011110111111110111010110111011011111010111101011111011011110111111110111111111011111111111111110011101111101111110101110111111111011111111011111111011111111
101111111111011111111011111011111111111110101110101111011011001111111111101000101111111111011111011111111111111101111111111100111101111111111001111011111011111110111111111110111100111101000110111111111111111101111111
110111111111111110110011011001011110111111011111111111111111111111011111111111111111111101111011111111011111111111110110111110111111111111110011111110010111111011111001110111111000111111001111111110101101101111111111
111111100010111011111111111111011011111111001110111110011111101111111111111111111011111101011110110111011111011111111111101110111111111101110011110111111011011010110111111111011001111111011011111011111111111011111111
101111111100111110111011111111111110001111111011011110110100111111011101111110111101111110010111111111111101110110111111101110111011110111111111100011111111111111111110111110111001111111111111101111111111111011111111
000111001111011011111111111111011101110111111111111010111111111101111100111101111111111101011111101110111111111111000011111111110110011111011001110111111111111111101101111111111011110111111101111111111111000011111111
111101111111100111111111111100111111110011111111111011110101111101111111111011111111110111111111101111111111100110111111111010111111110110101111111010111111110010111011101111110111110110111101111111111011011110111111
110111110100111111111111101111111111000111111111111111111111111111111110010011111111110111111111111111111111001111011111111101101111110111111011011101011111111101111111111111111111101111001111111111111001111111111111
111101111100111111111111101011011111101110110111111101101101001111111111111011111101110111111111011110111101111101001111011111101011111111111111101111111111011111101101111111111000111111111111100111110111010110101100
110111111111101111111111111101111111101111100111011111111110111011111111111101011111111100100111111111110111111110110101110011111110111011111111100110111111111111111011110111111111111111111111000111110101111100111011
111111111111011111011111111111101111111011111111111111011111111101110011011111101011110111111111111111111111111101101110101101111111000111111111111011110101111110111111111101111011111111111001111111111111111110110110
111111111110011111110111111111111011000101111111111111000101111111101111111111101101001111001101111011111011101111111101111111011101101111011111111101011111110111011111111111101111111101111011111111010111101111101111
011100111110010101100101111111110111111111010111111001111111101110111110111101101111101110000110111010111100111111111111111001111111101111111001111111111110111111111110111011111110011011111101111110111111111110111111
100101111001111000011111111101111011111111110111101111011101111111111101111111111111011011011110101111111111011111011110110101110111111111110010111111111101111111111111111111011110010101110111111111011011111110011111
111111111111111101111111100111111111011111111011111111101111111011111111101011111101111110110111111111111111111101111111111111011110111111111111111111101111111011111111111011111110111111001111111111111111111111011101
111111111010110111001111111101110111101110110101111111111111101011001111001001111011111111101111111111111111111111111011111111111101101101110101100111110111110101111101111111111111111011101111111111001111111011111011
111111111011111111111111110011010111101111111111111111110110111111111101111111111110110111111111111111111010111101001111111111110111111111110111110010101111111101111111111111111101111110111110111011011111011100111110
111111110111111001111110011111111011101111111110011110110110101110111111111110011101101001111010111111111101101011111110101100011110111111011111111011111011111011111111111111101011111111111101111101001101111111111111
010111101110111110100011101111111011111111111100111111111111111111111110111111100011111111110111001111110101111111110111110011111111010111111111111100111110111001110001101111111111111111001111111011111010111101111111
111111101011111010011111111111111110110111111110011101111101101111110100111011111111111111110111011111111111000111011011101011110011111111111111111111111111111111010101111101111101111111101111101111011110111111111111
001011101111011111111111110111111111111111111001111111111111111011111111111111111111001110011101101101011111011111111111111101011111111111101111110010111011111111101111111111111111101111111110011111111110111111111111
111111111011011111110101111101111111110111110101111101011111110111011111111100010111111111111101111010111011111111111111111110111011111111111100111111011111111101111101011111101111111110011100011011111101010011111111
110001111101110111011101111101111111101111111111111010100111111111101110101111111111111111111001101111110111111000111111111111101111111111110111101101111111001111101101111111101111111111111111011101010111111011111111
111111011111011111111111111111101011111111001011111111101111111111101111111101111111111110111111011010101110111111111110111011011111111011110101101100111111111011111101111111111111111111011111111101111110111111111110
110101110110111111111011101100011100101111101111011010111111111111111011111111111110111111010111111111111111111011101101111100011111010111111111111111111101111011011110101001111110111111011111010101111001111111001100
111111011101111101111111111001111111111111111110011110110111010111111111101101011111011111111111111101101111110111011100111111110011111101111101110111011111111111011111111111101011111111011011100111110101110111111110
111111111111011110011101111111111111111111101111111111111111011111111110110111111111110111111011111110101110101111101111111101011000111110111111111110011111111111110111111110111111110111111011111111111111001101111110
111111111001010111111111111110111011101111111011111011111111111101111011011010111110011111101111011111111111111011111010111011111111111111111111111001110011111111110111111101111111111111110111111011111111111011111111
110111011001011111101111111101100111111111101111111110111111111111111111110111111111011101111111111111110111110001110111111101100101111110111111111111111111110110111111011111110111011111110101111111101011111111011011
