1530
1064
952
914
883
589
588
639
410
379
1169
115
1510
446
1324
422
202
115
1513
880
1330
838
125
567
469
436
1240
1027
89
649
292
695
305
312
327
1416
394
55
614
833
15
383
109
48
332
696
943
1066
179
980
582
1166
324
689
1168
840
366
1834
462
303
1409
346
1130
433
1021
632
43
680
199
624
1116
1532
1795
153
1048
506
539
130
715
241
680
788
845
1552
417
1089
573
351
94
1521
754
1364
181
320
1547
472
148
1435
767
750
677
0
404
1264
520
37
655
411
386
1592
212
4
311
552
1396
661
799
521
404
1139
435
186
1451
23
262
743
237
137
112
857
28
992
133
1360
1036
1057
1482
11
888
291
299
831
368
494
66
203
119
809
102
211
0
791
1263
87
1513
311
171
406
1322
110
627
229
374
403
333
110
672
252
4
0
462
211
7
0
818
612
708
489
52
685
438
452
447
661
921
205
363
499
399
167
1087
258
861
1051
1246
48
186
193
23
351
311
918
463
716
957
538
83
531
401
1473
0
806
791
1100
478
952
1494
373
125
39
37
850
119
719
18
1021
556
1140
1312
117
1296
1095
486
299
1132
1007
797
141
290
0
230
1420
140
241
1313
564
335
1707
166
262
322
15
878
0
160
447
280
795
65
1072
481
361
401
1463
227
80
16
211
237
390
164
1439
887
294
1152
1093
1322
1295
276
227
1535
479
1357
141
961
424
19
0
429
239
231
661
1318
620
70
0
268
1200
925
4
231
5
221
469
817
248
176
292
951
365
1266
519
354
0
403
238
167
1253
49
1268
753
0
645
1356
0
826
648
474
0
562
754
75
109
849
0
0
0
342
612
486
129
1875
0
38
1046
997
774
130
556
880
270
793
188
0
477
0
94
0
688
343
302
376
321
1212
78
136
544
210
0
0
1449
954
172
297
1546
387
154
245
144
361
104
319
104
778
569
388
437
517
804
714
976
1270
0
632
69
0
910
0
999
1181
1192
217
1054
1056
0
821
602
0
66
763
1003
377
0
1183
153
794
1570
954
1071
0
176
1
209
494
185
199
73
1117
186
234
33
830
0
289
895
433
0
427
406
336
228
632
9
212
0
124
271
1048
65
323
363
1217
879
561
634
617
1128
215
1058
1043
409
940
261
475
307
71
864
1066
20
0
22
0
66
1865
16
48
99
183
146
5
0
653
451
121
348
0
141
154
334
1122
33
0
0
327
953
900
708
0
0
0
741
599
0
1271
0
516
400
1067
89
0
370
513
839
256
115
0
1534
0
734
504
1280
379
770
1365
1263
222
687
552
0
1212
0
892
0
1186
512
178
1436
450
0
519
96
612
141
1729
156
33
1509
0
212
219
390
0
4
667
61
1051
922
1235
3
347
1440
0
186
506
0
894
561
857
1137
92
204
370
317
1440
694
0
0
253
956
557
989
0
392
0
0
381
427
393
165
365
54
0
89
885
1038
328
0
604
1362
865
1485
0
11
90
299
1143
524
336
11
249
1133
28
506
0
508
0
237
628
264
603
0
1599
1331
0
70
126
1810
0
483
188
40
710
149
348
0
556
0
0
683
0
386
3
251
227
407
0
744
1874
0
0
15
0
206
1221
0
385
0
602
0
263
0
46
812
613
1187
0
898
836
1163
23
367
1110
0
0
327
163
380
121
840
674
289
0
84
594
574
0
0
3
1587
0
1085
99
231
1498
206
681
0
59
67
0
0
1188
174
376
486
585
0
424
257
31
867
0
27
623
36
379
0
4
1674
303
21
0
213
631
168
563
32
0
20
876
451
0
35
611
0
152
0
16
0
220
1153
0
476
0
179
68
960
840
232
944
0
1037
335
0
711
692
0
0
421
0
0
261
1280
363
0
592
357
514
0
0
0
684
0
446
113
645
1364
157
1251
263
357
0
646
30
607
0
645
435
127
88
308
715
105
458
0
495
1163
119
314
1271
16
0
653
716
0
0
292
0
0
0
380
60
1178
122
0
147
0
1
173
278
313
0
423
16
0
881
0
1878
537
0
1058
382
0
1164
118
0
532
0
0
929
423
1401
180
1251
109
748
1061
6
1393
1368
91
72
45
204
912
0
2
441
0
123
0
179
266
975
153
0
87
0
951
813
0
313
504
29
534
0
1022
413
0
303
374
61
167
0
551
1706
340
828
299
224
124
0
219
0
358
1387
1487
0
165
519
255
0
147
1002
1548
370
39
192
0
958
0
350
1372
94
0
330
92
0
986
113
0
0
415
1336
56
393
247
39
51
0
73
49
0
120
181
1212
0
1394
0
0
28
0
1501
0
261
0
0
190
0
209
0
0
537
418
761
1171
70
0
162
442
329
805
755
5
507
0
1036
0
0
418
789
0
132
111
0
705
0
884
1214
313
116
704
0
0
67
1686
1357
216
365
61
610
276
0
1460
0
216
0
374
75
0
0
163
311
0
0
44
996
521
0
0
191
605
101
47
0
814
99
161
309
2
148
0
105
93
109
1131
0
168
101
412
174
23
37
380
185
454
83
602
90
0
710
664
0
84
80
0
282
0
0
0
378
48
474
23
0
844
1537
0
1016
0
0
0
0
241
0
0
0
334
239
141
0
0
485
0
2
0
13
140
0
0
0
0
1150
0
340
762
0
0
0
238
0
0
0
1648
156
0
203
0
392
295
38
406
1516
0
383
0
0
0
363
26
1322
220
0
0
0
727
116
0
66
0
0
682
0
787
417
335
0
94
0
0
0
67
0
0
0
218
0
0
0
0
0
1224
886
957
0
124
0
555
123
0
586
614
0
0
894
1525
414
593
313
1425
0
0
307
815
577
546
0
325
0
0
0
421
732
529
395
0
0
0
222
818
0
0
300
0
90
286
0
364
25
409
72
175
0
123
0
0
945
90
739
159
178
0
0
108
627
252
697
532
240
47
524
12
40
212
0
0
0
0
19
47
51
0
0
0
0
0
594
39
979
0
601
162
4
402
0
836
928
152
60
424
233
0
0
0
0
145
0
88
0
561
528
0
0
0
655
0
0
872
310
106
67
0
23
0
645
366
41
307
0
154
0
317
801
239
163
0
533
210
0
0
0
170
294
0
0
170
783
274
74
0
0
29
306
0
0
219
1536
0
16
1
0
0
214
248
206
0
92
24
98
0
0
47
0
0
230
0
360
0
0
139
33
0
180
309
13
388
0
133
284
0
482
0
159
0
536
1715
25
859
0
1356
120
0
0
14
0
434
0
0
0
0
294
0
0
0
455
310
399
0
0
0
319
0
752
289
60
453
423
0
0
36
0
0
40
70
0
139
0
319
79
434
0
0
0
0
0
228
0
279
200
22
595
0
0
711
0
0
138
0
282
0
0
0
0
0
0
229
0
131
4
730
119
183
170
351
0
0
205
440
54
137
28
639
0
0
218
374
0
458
0
7
282
102
0
105
0
155
0
198
56
0
0
12
516
487
278
295
66
70
0
0
0
309
0
0
0
0
24
0
126
0
0
89
297
181
82
0
96
1010
0
250
266
68
0
0
146
0
39
0
0
0
0
0
0
41
0
55
0
3
0
0
342
164
18
0
0
82
250
62
0
110
44
675
0
0
0
0
93
0
0
115
171
0
0
0
0
16
569
0
78
639
103
0
0
0
0
0
0
342
0
0
0
207
326
0
0
0
0
0
43
619
0
27
0
70
0
0
0
0
77
2
283
0
8
0
0
29
78
304
0
286
92
276
298
0
507
148
0
327
0
118
99
0
230
0
85
55
56
420
0
341
0
0
366
20
0
167
20
0
0
96
47
0
0
70
0
0
22
0
90
0
153
0
253
0
0
0
428
36
47
0
0
216
128
0
113
0
78
0
0
102
209
0
507
0
0
0
0
0
0
247
152
660
0
0
0
289
0
0
0
0
0
227
424
166
0
151
93
0
0
338
0
11
0
0
138
0
1
0
0
134
0
0
40
0
0
0
0
0
116
0
0
200
0
0
0
51
0
0
69
0
149
0
0
0
134
95
500
76
0
212
412
157
99
267
297
0
0
0
0
0
0
0
0
51
0
0
2
27
0
97
356
63
0
0
357
5
0
0
0
0
0
0
367
0
0
0
39
144
221
0
66
0
208
0
156
0
0
0
0
90
0
0
0
188
0
19
296
0
0
0
0
89
113
0
19
0
90
0
0
0
0
227
176
129
53
0
640
0
134
0
0
203
42
0
0
147
85
55
437
172
169
247
0
0
0
190
0
90
0
0
0
0
0
810
0
123
62
0
286
0
88
0
141
0
0
0
0
0
0
0
85
70
0
0
0
0
42
0
33
0
0
220
0
332
0
7
0
0
0
89
0
101
0
0
0
0
0
0
0
0
66
0
0
0
0
0
45
0
0
0
0
15
195
263
0
45
0
0
0
0
0
0
0
0
0
0
0
0
0
0
0
255
0
0
196
0
0
0
0
209
171
0
0
82
186
0
0
279
212
0
0
0
0
0
0
164
0
32
0
0
119
0
65
0
198
88
66
0
91
0
158
0
0
112
0
0
137
0
0
0
86
0
173
0
0
0
0
332
128
0
17
0
0
0
0
39
0
0
30
0
0
122
0
0
5
39
0
0
0
0
300
0
0
0
0
0
8
124
82
180
0
108
0
0
305
0
0
0
0
15
0
85
0
0
111
0
29
0
174
0
0
316
0
11
0
139
0
0
92
0
0
0
0
68
0
0
0
11
0
0
0
0
175
0
175
0
0
0
231
0
232
0
5
0
55
0
44
0
0
0
131
0
104
0
0
0
0
0
293
0
223
0
0
0
87
15
207
0
11
234
53
124
0
82
23
119
18
0
0
0
0
0
0
0
0
136
0
0
73
0
0
0
303
0
332
260
26
63
51
0
0
0
50
0
34
0
83
100
91
151
0
0
0
0
0
0
6
141
294
0
0
206
0
0
0
0
0
0
0
0
0
93
0
0
288
0
215
0
0
0
149
0
0
24
0
0
0
0
0
136
255
0
0
0
0
0
0
269
120
0
218
0
0
44
17
0
0
0
0
0
184
0
66
0
0
0
82
0
0
270
0
0
0
0
0
0
26
0
142
0
0
23
77
0
126
0
0
0
0
0
0
0
0
0
0
0
200
0
0
0
43
0
0
113
122
0
78
306
0
0
0
0
0
0
0
0
0
0
0
0
0
122
8
0
158
0
157
0
0
0
14
128
0
0
0
0
0
0
0
252
238
0
0
0
0
77
28
4
0
14
1
0
0
0
0
0
0
0
0
0
126
0
167
0
0
0
54
0
17
0
0
0
0
194
0
0
0
0
0
0
0
0
0
0
0
0
220
0
281
199
21
0
0
0
0
0
0
0
10
0
0
4
0
38
0
0
0
206
0
0
23
0
0
0
162
0
85
0
0
0
0
0
86
0
194
0
0
0
0
23
318
102
0
0
0
0
0
0
0
0
0
0
0
0
0
0
0
171
0
0
0
18
0
88
0
203
0
0
0
0
0
41
0
0
0
0
0
0
3
120
187
165
0
0
0
0
0
0
0
0
107
0
0
0
0
0
0
170
0
0
0
0
180
0
0
0
0
0
0
0
0
68
312
0
0
42
0
0
0
0
47
72
0
0
0
103
0
0
0
4
0
0
0
0
73
0
0
171
0
0
443
79
0
0
0
0
0
0
0
0
0
0
0
0
73
107
0
0
104
0
0
76
0
0
0
45
70
0
0
82
201
0
0
0
0
0
196
270
0
0
402
35
0
0
0
0
0
75
163
0
0
0
0
167
0
237
0
0
0
0
0
0
0
0
39
0
0
0
0
0
0
0
83
0
0
0
26
0
0
29
0
0
