35020
32413
7760
6897
3408
707
24747
43391
12828
17641
12638
19494
20858
18362
20655
32057
572
500
10704
2191
14630
5885
1042
2893
17259
15248
4783
20468
7373
8433
21168
40089
9187
7094
8613
22280
22474
14513
18766
53712
22914
55272
12112
7846
12149
14245
23190
12539
9130
21879
22681
21245
25774
38766
22515
4603
29734
17638
37598
17739
53747
19380
31156
22161
27642
27316
46781
42342
7960
676
4170
17193
7624
29660
33057
5351
30272
5815
3302
6145
12600
12941
27194
10561
3061
5337
16631
13757
19770
13107
13597
21292
47794
34610
34197
18281
12741
14511
53458
13039
19971
26576
10246
10879
5587
16468
23412
6246
10095
110
50079
6090
13521
17585
5510
17734
11004
23721
8740
17560
52926
15184
3654
27137
7946
19635
13724
16709
166
224
9651
6329
14979
6158
49073
23155
11874
14634
18712
13197
15264
23273
27537
14171
13387
4725
10104
31608
2873
21948
34155
10468
33246
19952
36355
39293
12506
48314
25155
4546
4678
23856
22196
33950
34114
2423
28658
2631
3904
2602
17069
13521
15359
31628
2524
6853
20975
10747
28595
2861
17112
9494
9598
1025
16526
15282
16439
58013
17284
10611
10636
6153
16991
26694
3806
4322
26577
6275
9798
34502
47348
8963
14522
32466
48476
2697
21919
2946
12999
32960
24947
17234
11683
2996
9946
3621
25357
242
21483
4172
6377
43424
19174
20883
8693
478
53520
23021
4828
316
12222
17911
9868
179
50573
22086
1823
6101
1612
19098
3817
52389
9371
14984
11754
6082
35355
6673
9987
5592
7387
10457
19625
6478
8579
25800
6585
32513
1494
20713
55785
9433
7771
52057
34766
16388
20230
14474
42590
24962
11597
20672
23679
10055
6604
39897
12215
40436
12350
22411
10165
17923
7514
29962
11730
48338
1637
9292
7260
6828
15825
30208
6680
7068
4720
32248
578
922
3080
15892
10781
27562
19358
45497
27587
21529
23256
27193
26406
20742
34167
16148
5732
37937
40306
13256
34792
13530
13132
26296
33199
3698
9129
4737
11016
3868
28650
48942
8424
4010
28036
7834
41138
158
15604
24981
2524
18472
14937
14522
11693
2659
16755
10104
1887
19025
3541
32813
19235
26908
18548
10317
39187
12917
9202
24172
28672
51271
17671
7520
29439
6406
39973
15622
1682
16230
32913
33970
14342
19599
5673
6542
1078
13070
26652
20131
10056
3741
22499
18501
35090
49522
21005
11223
19194
5786
31186
27535
38376
37884
5557
15238
32392
6117
6081
28998
9346
17829
18550
15776
15949
740
5155
31987
18464
8781
23749
33310
20587
18889
43840
4139
1289
2146
21282
14640
1298
18755
19813
46667
23002
18450
729
2925
30650
9389
16305
14875
30002
4728
1483
5210
660
32097
8278
14961
32446
28762
17523
39730
35437
2819
13256
1214
604
443
26675
22450
1502
2792
10500
8966
5882
31931
436
42900
3058
36437
18552
7115
45514
3032
10050
45921
27966
3014
6060
21100
12569
10302
49651
3341
51662
11975
24608
28337
2911
4944
14648
10300
20856
8586
0
22067
8014
56821
40463
60128
15567
51847
805
19418
22499
9354
7338
12555
20900
12586
4756
20742
54284
16450
13400
24770
55246
2697
6508
13190
2108
31490
7611
54645
21403
12043
22920
17332
35879
793
14473
15436
18476
5907
4516
694
19677
13280
1832
28946
48865
21458
16449
25415
26061
15098
16537
28055
13746
10688
2116
43007
43332
13279
20118
22253
37873
39493
50418
11087
40431
2242
14292
21521
25151
23117
638
154
12114
27528
2117
1673
2609
23795
11728
9567
3914
11602
15052
13600
10749
44603
45
58023
7281
4124
22200
4949
8465
19012
39522
37584
19628
10835
31490
24176
14782
0
1776
25993
11938
32925
5001
10150
6418
24308
4442
2694
13922
139
4031
7948
5194
32593
4921
706
8988
30050
13547
22951
34503
34554
170
14232
3634
16511
4094
2853
11832
16197
14436
2807
17730
443
35988
24024
13882
35146
16231
9386
52891
7975
44144
30723
5536
58163
1066
22622
1992
25710
4814
7372
1228
1661
11433
4318
2448
14375
19966
7576
11095
16717
2225
23449
10360
6140
4736
14532
26868
1243
22715
2389
3311
11379
10896
23146
8633
17507
24627
12516
12077
6287
935
18666
11260
2689
7297
18050
29425
31993
16287
2758
13467
6809
15444
10546
2562
42525
3257
30938
24343
3059
2654
7237
24810
11966
2039
185
10082
2012
45109
18698
36288
2005
46984
6035
36001
4284
37455
19098
6443
18603
1891
35492
41415
14407
1786
18067
5670
10525
11912
1764
38016
45859
3897
15156
19380
9215
7918
6637
24980
29051
23723
11585
29699
3252
117
11641
4040
24006
7057
7822
11241
4114
9973
18883
1901
3958
11197
6902
7852
3788
26922
5685
35234
31608
4231
10541
6587
1394
12291
14979
4228
34235
2461
3819
37365
16648
3018
46241
53844
19281
32120
13124
16181
15773
7761
5551
12804
4775
33395
38785
19148
48216
43235
28325
35803
16751
53954
2432
11911
15964
53674
22322
35994
24100
27337
13663
54192
18860
5361
2986
6403
3073
10990
3458
10933
3447
13732
2258
61637
2765
9418
5824
4176
576
9521
28695
46630
13466
11312
27447
5503
20306
4466
19359
17980
9809
14960
21770
2176
4700
46491
6818
26720
198
20206
11810
5424
15789
40720
16840
1923
3106
2377
1760
4580
5296
19160
39122
10571
9842
32156
26943
20077
16073
32342
47634
5751
4726
24700
24803
24702
28021
57248
37286
9564
4869
6571
4232
22185
7752
6012
23291
53542
6296
15089
4834
10739
1782
3160
21992
14310
22314
3283
21551
4869
4393
6552
16810
11269
2390
26869
5398
3551
550
3100
19136
15274
8126
51831
28236
33455
15760
34832
10307
30411
19029
16389
12597
803
24053
25087
24155
2571
23492
6136
1295
250
52402
8036
32012
426
49967
1384
16265
16132
1367
17643
17325
3457
6626
7684
29369
21342
2230
5721
16481
10880
654
4909
3441
54271
1341
19562
18897
16410
8816
5228
3885
51737
10662
5991
9134
2674
33581
13890
6978
23439
22625
52103
20306
318
17804
5747
15326
11411
19017
16644
12955
6725
9000
17296
2469
2854
6647
21528
19265
25029
10472
8884
3321
1292
15698
10101
9778
5046
15424
11409
4100
54416
18244
22763
10745
28454
9476
5420
7231
31095
2617
776
2991
4858
22089
2556
11476
5178
3838
704
28150
3166
25116
27034
25306
3252
6527
25889
13016
11910
13220
8773
1534
14582
7108
15586
13795
583
9088
55781
24357
5972
10467
4532
27388
2617
36635
11087
2833
23641
6912
259
15948
37306
27210
24916
12121
16951
6877
1079
19272
4430
36862
956
16015
44887
34980
16441
6389
24359
24744
3350
39242
25200
14506
14283
2529
2979
36726
17305
3525
565
6566
20089
12650
8059
13138
6782
3500
11344
7975
12438
14678
31216
3178
48391
22914
24460
5977
9549
26748
6757
18857
47912
5463
10390
8265
17888
4965
4917
20661
29765
29219
12474
1754
21588
10611
17199
18588
12878
24
34304
6332
12004
25692
27043
26933
8284
52313
46764
17317
986
9141
27574
5820
12209
18971
44050
20799
9554
7334
10835
44490
15895
27854
3698
3454
1765
11795
17448
4814
30472
9288
9474
1447
4376
676
11464
41365
13424
20946
44097
13541
3921
34431
422
4794
16391
2621
17578
37469
48336
10275
35786
896
1163
13357
1934
44044
2303
31043
3136
18136
7746
645
39289
7086
24436
5849
5504
25768
8747
9991
6034
31937
14257
6098
48167
20732
41715
11981
36138
903
8447
5098
26916
5061
20214
3053
30461
110
40142
17418
15747
16947
3302
58987
2183
10252
1455
50471
1437
2823
2902
1967
9557
3243
6913
21873
460
34528
9987
34002
19283
19649
10908
15792
57900
20210
35384
52435
2960
19
107
2199
12479
6256
3058
14376
7111
14038
23327
31621
8816
9498
45585
22906
34866
7912
2973
18471
13293
957
8176
39724
30628
3274
2790
4652
26694
0
2492
2931
14246
26145
20724
15335
3709
41438
9852
3296
4767
15703
6806
7991
49898
19730
22787
2231
6770
29297
8944
25856
30885
21398
4472
5189
5388
5475
21347
17574
23700
1949
19690
13384
26967
2711
10748
13820
16195
7180
29622
24035
47252
32799
17941
9858
12462
21473
55
7279
1705
5615
54806
2247
13427
669
10854
8057
8181
10969
42860
7286
18918
11933
7386
11513
10979
36360
11276
14956
2229
16450
35262
18480
23710
8862
19612
5645
3690
9407
5449
20201
14416
35038
7341
8574
28069
17175
25055
1870
9214
30232
33965
18474
33301
36296
1646
18302
32832
14823
7073
2804
33830
14406
35531
9729
1003
19144
2564
15269
22063
12621
27945
3785
25790
4780
665
80
25005
12832
2413
15852
6720
14425
19810
5018
23693
26346
3770
19956
1209
18375
9316
3549
1721
15792
23185
9973
1223
6398
3065
17237
16072
38552
5970
15465
10660
4011
3508
9277
29366
4770
27326
24082
19668
3369
4248
17254
4481
3072
7856
29375
9359
29533
7827
23723
42
1079
21772
2697
17406
23864
1248
18323
9347
14814
2508
4444
14867
5987
16304
13149
24916
3520
15975
22436
17802
27320
10445
17960
25206
3694
26071
22762
58704
5598
3220
8933
16751
26344
346
26574
6611
22497
50415
17831
22505
3594
16259
50272
1956
4650
8891
3891
5701
17241
908
215
6818
13990
21157
2546
12564
11159
292
460
4255
23063
16327
45343
23763
29348
38932
19707
8038
44549
9963
26644
1215
242
5919
21275
57714
15631
26100
14316
10987
17539
17271
24198
13582
4703
26676
22312
4942
14235
23493
1422
55916
20099
5184
10802
14766
23095
6334
716
14795
19070
2501
27941
23086
34355
9294
4341
27823
7317
51450
442
22417
19722
1203
38198
8050
8850
4561
22496
35658
12187
7362
12361
3131
7874
38955
4842
11142
20936
16991
16901
18367
1442
15066
5144
18646
28797
5464
35153
53918
10332
1720
11596
4674
13301
51886
41163
26663
6005
10012
59548
58295
28889
655
9418
14614
15279
26339
6459
2070
8757
9088
37357
22887
1516
16268
15463
19039
4513
3298
5194
22871
10135
17298
12863
4121
18551
79
9473
10715
30149
1251
28609
4239
26574
12346
30027
34611
10929
11008
33864
14043
7008
7624
9268
1631
31788
920
53501
19418
17048
29774
1300
11280
14577
4086
11832
14549
13616
1644
4675
24241
15045
38551
11566
16331
15782
6807
38765
11552
12456
6868
10796
10681
18415
13749
25238
7810
37106
3183
20469
8117
28122
25969
25844
31122
11694
599
5851
2643
20828
14952
7241
12203
8695
16662
20338
5725
5252
7130
10048
7039
15354
2405
6323
47759
17875
21215
43684
26671
1040
1361
24924
19314
23061
437
6016
53654
4719
39897
47075
10901
18940
26419
4043
5820
12040
2383
7332
33545
12575
11994
30585
15090
26914
3735
52811
1503
55790
20341
3728
14977
30566
22513
3340
37204
34321
14188
17543
12656
13848
15065
15852
5836
6053
11431
10138
38736
8191
8910
37204
24319
2352
2280
3780
2060
22541
35778
13433
10926
37234
5682
36000
20147
9058
12941
9346
2433
20191
12680
17989
30251
18455
52832
4610
16637
21097
37759
2824
14018
6458
25190
14640
11830
6409
9532
7773
8639
11024
19755
23769
7287
25596
43322
778
23355
18861
21788
31233
2346
4145
12759
17157
30428
991
49566
7869
9723
7136
3553
23300
8595
14911
11163
4306
25847
14158
59944
19512
435
22257
23873
159
21095
6563
11378
27834
6494
27667
19048
6634
2437
15735
4561
3923
27956
22197
6211
3981
1826
24768
21778
20818
10979
52723
12541
8716
20097
22413
13447
39810
8466
6171
34905
63143
3643
0
5094
10673
2673
38020
2224
8843
24924
15819
57832
55233
6948
5127
9264
27035
28012
13031
31413
681
5198
2786
4116
17034
10120
40528
6515
14318
3501
16766
14166
50508
24699
27446
29555
6130
4226
25007
15631
1387
11144
34583
35384
17575
17935
19490
5799
21730
2713
25448
7332
3120
1628
12783
14944
35785
17642
4034
4003
2649
6557
19092
45470
50410
7738
11459
7440
22590
11684
19612
6207
1128
4587
20076
19142
16956
25855
25497
18035
23082
12468
3934
35967
27557
6352
6385
16524
7427
15482
1398
9344
18439
13488
9440
11671
28948
51495
8509
10230
2867
12610
4986
18635
14095
1639
7836
13943
26780
4814
34827
6493
23160
1238
1270
9515
13140
6249
14495
17115
1803
10191
17651
35533
8235
12149
1250
26261
12061
2430
22223
11985
1817
5149
30343
14907
23640
27961
1274
8806
40174
22488
15360
8226
19521
10862
7546
7720
21723
27684
27782
4259
1507
14886
36439
26062
36527
1270
7025
49103
11190
4028
27249
14425
7524
6543
30963
17562
15671
15553
11146
24979
11342
29253
4304
12648
25289
32407
32201
2976
63372
8717
9713
5255
59106
8401
10223
789
10317
1677
2188
19796
43939
47663
41412
3537
39946
4027
17764
34183
26390
10094
16016
29609
309
15372
36158
25800
6722
1982
14666
18487
22062
14264
16009
13098
13826
2708
25985
22516
17510
430
12291
38808
9231
10411
5284
16831
29057
42378
31442
5552
13335
9294
37970
8578
33117
28138
22509
668
2449
1329
37713
1526
33375
6857
2769
14008
10364
4009
464
16940
28293
27348
11231
30497
11965
27003
5911
26456
9124
3151
35132
37496
52611
24176
4703
14742
51992
22358
6948
20150
19400
1136
15266
2088
3187
37245
17753
60204
14375
12527
29376
31854
33970
57686
15110
1249
23260
14818
15537
28920
49808
7083
6380
23195
12125
27388
57612
36960
11962
92
24141
24321
14471
13949
9379
17286
18107
5415
47517
17331
1213
16780
33196
12055
18280
232
47806
38623
26378
14024
19
36650
9707
14074
5566
22043
45571
6934
31662
6040
44257
18037
6796
16886
25035
40908
2419
8988
2935
11256
4372
18948
8756
5963
15510
24469
11357
23440
13333
18998
18166
12316
9742
8403
36023
9043
12910
15541
6630
4144
11018
37811
24511
21241
1134
13362
4670
24800
6861
4772
17544
13161
2217
14301
20316
10478
10963
41743
1899
14377
43034
738
20100
14163
22345
3420
4472
48775
1545
17508
33864
19548
51574
15587
54409
10848
14656
10154
14330
10299
24804
19381
3231
4159
888
54676
41863
6044
24049
17604
980
4796
47882
14879
24400
5519
10174
45471
9978
32635
5006
16674
2033
4125
3327
5352
2731
18558
994
6997
17673
63662
8800
5404
18432
48428
5520
3415
4413
13531
8149
2104
12234
34693
11505
15558
2764
11451
13186
28360
15062
46338
40477
23332
27837
3595
6686
21492
12441
6587
33618
30427
36438
21870
16207
11373
18124
609
29374
9471
44600
4388
8961
24863
34789
30861
12722
29965
1757
10964
6847
8585
56209
12497
8760
37800
62482
8938
16843
2740
17739
11559
7499
24975
2507
22426
6305
4218
8181
9070
35850
43661
21253
20213
30674
21344
49517
3773
3177
15193
6064
5279
24228
7708
12944
13577
5006
17165
23563
20296
33631
7848
17646
19020
15119
3112
2774
19838
15295
12454
6631
94
7900
38127
2707
26700
1230
185
16926
25558
23191
32445
5833
63179
12733
9426
36941
10063
28352
7428
6661
42065
9387
44418
32
0
43644
7641
19269
35554
505
19693
19920
17794
13300
31952
25171
17004
39885
299
6496
649
4597
516
10771
13257
2007
6418
3011
17160
24886
18676
31991
264
52130
20876
1144
3809
3416
865
39613
8276
11176
25570
19109
21270
56106
1054
2756
10618
41030
23380
314
1874
15434
2818
42915
19335
13928
12024
8996
17687
13343
36489
52199
6457
1595
28523
3321
306
49377
4050
11249
20563
20471
20223
50480
21192
12505
4590
4796
36186
43926
22890
11273
31873
11501
21273
15992
14414
15881
1510
22484
20755
62025
5924
28117
9922
6689
2169
22373
25833
9946
16262
14136
18675
22190
15783
24913
7500
46302
10997
28290
5792
2859
16019
37831
28848
13788
1666
15013
33062
12300
3265
27385
4804
7245
15752
41096
10382
20886
4477
16667
724
0
8234
21688
20032
10449
737
52177
16784
12509
19724
18573
17205
28782
15290
14945
42326
18445
43787
9484
11279
40035
20169
2434
10824
34832
17492
22935
5979
4110
27242
4349
24643
5909
39272
9376
8607
8741
86
23386
22305
13132
886
151
5844
14953
18754
21228
4756
3187
41034
6474
27410
24135
671
17037
16908
18338
24044
202
14764
23920
18037
3533
45818
7250
55783
14262
17629
16489
12323
35758
17546
36898
10174
9584
13979
1791
14835
51699
4492
54427
28340
1170
8443
32246
20321
8097
14946
30492
4412
9245
14184
10880
5153
13882
22325
682
1933
11604
2585
5995
8486
10127
3941
15189
3088
30450
19196
16928
5594
1042
12534
21573
20405
14320
8086
17669
24632
4012
14177
43789
29665
2792
28810
13259
25794
1951
884
25537
18089
7598
46431
1288
19519
10017
28476
7697
20067
2231
25878
24495
11623
8395
15609
16282
26003
6300
33595
44060
10322
258
33435
35405
2897
24097
44737
12821
23634
12580
16223
16919
31629
21104
9404
42922
63950
19939
14386
15532
33006
19381
6991
14695
14848
14231
2660
14934
5069
8068
11170
12535
18241
6540
50839
4974
13948
8638
16204
18
10087
43042
10219
26071
2892
8492
5765
30138
4840
27699
13720
14701
59287
47824
1598
26464
5242
50963
36288
16889
39826
4201
2116
773
908
22084
10952
26138
17740
10505
11228
43437
3323
11496
49610
25339
19677
8466
3716
45216
15237
2555
7023
2898
1280
1406
14344
11368
9264
19099
34032
14495
29913
7537
21293
20500
26861
52698
28095
4026
11469
1303
5868
11059
25238
13577
7780
42640
7551
1683
4401
35227
30313
29631
37002
24132
8937
16745
10457
16102
15048
18656
21603
18119
24893
8765
30461
2056
4030
17668
14228
985
34416
60696
10776
10043
5380
7700
1141
21786
10026
38827
1138
5696
28242
10060
14456
43022
2363
2820
8484
15328
3663
10518
10529
13879
12805
12886
28803
22048
3047
12608
20092
38959
11142
4722
11483
21347
11860
1841
6775
23169
7852
14546
16451
32175
19849
26289
419
12027
20950
9975
38919
10519
9113
15965
16677
32031
36192
37206
12331
50473
3655
25970
2011
4310
17383
5834
24986
3102
27484
9295
35330
16425
27277
22624
4686
29562
7929
37885
1025
7641
7188
9882
20756
10206
30733
40745
2750
16367
20903
2499
22476
7482
1211
4279
12207
24653
5463
17265
14276
29116
40022
43227
47632
1997
26845
12416
6529
9444
17327
22596
8737
8042
18225
3547
8188
11035
17338
15342
14039
13882
6985
48379
10119
19457
31890
15071
18726
50245
1407
8987
5696
20684
30122
14473
62925
13933
27143
35613
19165
1511
3898
5234
20753
3990
14303
37630
26888
14317
21735
26945
8399
7528
63609
6494
8203
25797
23663
7243
35078
5539
22769
10047
2343
35740
25509
1533
21549
19142
32888
9428
18629
13231
34632
15838
21835
20304
17529
21765
63554
7853
37496
35337
38912
15179
4272
2265
3977
25958
11683
347
642
27447
27899
36811
48921
47634
11165
3579
5658
8535
3016
6
11320
19846
22399
11640
53147
36649
51543
8513
23388
26445
2536
12525
20633
26062
1426
2268
33448
4119
4976
12913
1532
6321
12972
23321
9075
518
5522
15203
21450
6895
14448
45323
170
0
16143
569
22581
21393
4117
13058
44238
5619
14448
21663
4060
10371
7014
16506
9997
1198
16474
242
38671
12292
17064
22121
28786
6164
45548
17100
2080
6966
3633
3093
38056
5836
20490
8459
8631
18099
15934
11596
6508
16521
11991
35212
16409
8057
17163
9312
10475
19048
24067
25227
34610
2828
39324
15326
3142
12593
8439
3043
4978
12520
16054
2033
42023
10187
932
4724
18633
1040
34144
9524
3098
21504
21141
34090
1206
9957
29581
15100
47995
4737
6152
12180
21505
19903
22842
10343
6469
5693
6390
13161
57719
7585
22591
2453
47994
44432
13994
25997
11898
26643
23243
7248
54989
3545
13755
61162
12919
5613
8132
7889
21652
28384
2064
20664
7176
37488
5756
12702
5302
2898
12687
10861
1485
8230
884
27595
36607
13823
18201
21812
3653
5412
43077
20410
12292
7603
13088
13672
8144
11527
9420
1454
12602
14935
4392
20552
14027
18940
3792
35225
8922
26094
4707
17499
41705
11113
42199
8111
40731
48338
7389
15148
2489
25260
23334
16683
718
14741
5010
35124
8194
5814
6053
16812
17600
10158
15809
18683
14334
42956
7794
3547
0
18804
3460
1040
3744
4279
21555
6723
17000
3420
483
11686
5669
7407
983
4339
3461
31550
73
439
4030
13744
13490
13940
8324
9743
14251
35203
26269
549
9972
16784
11412
1309
30685
17266
41963
21885
23163
24672
7265
22924
10041
2366
9584
7680
17548
9342
12192
27961
22260
12235
14423
26559
12039
48365
47804
2445
35485
73
37073
23404
32676
43080
143
6904
19492
2357
7730
8335
40935
7285
9365
1545
4385
13177
15608
17395
10820
17565
1917
22507
9811
6292
7624
22978
28499
9073
8267
29910
20659
24636
13989
15345
1261
3598
1426
59444
5290
20639
22590
19892
18619
10464
11793
31819
27968
50719
11719
1767
50668
14524
28159
17709
32118
25294
7380
37061
16783
3539
45969
14430
301
3298
7021
1074
10381
2844
15392
17306
21827
11553
4836
15252
23
6808
10023
7728
344
38182
4875
45800
38485
8824
13076
39253
15116
18896
9971
25718
9162
3929
11199
10471
8197
27565
31951
47316
27115
28561
7473
865
3925
13999
56092
7935
1067
14060
22831
2641
7806
3194
5446
20650
22699
2962
10371
301
12612
24007
12398
17218
11377
8626
24459
9854
7471
9477
14727
62372
301
427
8424
49420
23129
15994
49741
18909
8262
19192
23175
17756
8823
1305
22228
13723
21431
24042
17163
5409
774
8516
3336
21501
19695
17770
13394
6636
10494
32095
33469
4789
26194
29224
1491
3976
12674
21021
18698
7423
40414
12606
37710
10957
17130
6087
1971
17845
14255
47190
7200
3749
43974
22805
4769
17665
47006
3082
21326
5308
31817
52224
35672
23169
42352
19425
12210
5449
7103
7277
14475
20848
7254
2156
38557
5431
39746
24901
22384
6807
6079
8501
32569
1996
37575
16183
976
11450
7018
5035
15623
4283
15237
4805
9664
17446
51196
10819
16936
11517
8873
26775
17246
16873
21256
15530
1537
19114
3816
22017
3278
3669
5018
10818
36690
44921
6028
39424
24815
43972
14871
16740
18672
3555
19470
28036
5147
8376
13747
32007
7854
647
19269
28864
29652
14835
13305
3912
4208
16590
23192
4106
43371
5760
60869
15044
32937
28842
25098
2918
4088
15275
49580
3731
18169
29670
4342
1068
2816
10830
16934
12141
12302
7391
38879
1457
40234
20017
5103
9050
30045
21331
46804
34540
3262
26920
27473
22492
3461
15964
17180
14189
10205
17608
26887
45938
15274
41132
7565
1246
9364
24928
18887
2296
4875
2129
7871
12189
8009
5138
14930
30214
31295
5586
1050
30530
6306
63781
44596
15741
11588
7538
36956
3863
10686
2424
25567
8776
34538
27868
7005
6105
8297
1067
32978
3731
9706
40391
646
6058
64092
15710
8124
1238
52120
47957
14463
24081
305
29300
11246
12465
9036
4583
12090
49771
22749
17384
6683
20937
16645
982
5191
9414
8173
1323
35935
11201
6704
19070
11390
26543
54170
23740
20749
8039
55623
22169
9054
9325
8339
28903
16466
17121
615
7910
2133
9780
23868
16397
40519
60098
17873
19483
11879
36856
4626
14214
11779
28254
12797
29568
19126
23570
3836
3802
9972
52588
6706
24785
1784
40026
8010
15568
56726
24078
775
16194
17249
20568
2347
2181
9229
18994
5655
15002
25629
43228
47983
22467
51228
852
4772
11906
10871
24347
32802
6064
4896
16851
22406
53119
16033
8175
34711
1022
23251
5910
9424
53329
6888
20111
7162
5575
21117
6893
12129
13882
5928
26554
4820
13358
25109
9644
9423
43974
12606
2063
16820
8483
21593
26334
14361
14394
26910
16889
4067
56507
28465
3714
19576
37936
11305
24462
8136
36755
45021
16442
27045
5567
10618
6242
1441
22424
18046
18131
2516
5565
19185
19882
17179
35491
627
10078
7110
26143
48142
6812
3978
1177
23797
1559
48502
8700
1092
11272
18683
9921
14442
42961
6318
3198
34522
55656
24635
54384
8811
33895
4307
6990
4023
11643
33
10508
11464
1976
925
1899
11161
25858
1380
780
30606
20418
25892
26795
23995
13925
13376
3890
16530
24332
47233
18713
11580
2875
7925
3764
15744
33397
12485
38715
17834
19189
12615
30216
21543
16160
14816
12784
9900
8163
40147
3118
15303
21720
19421
1922
42884
10776
17962
21415
14002
21672
13556
155
40415
63920
16643
13529
17566
9304
16310
14211
30790
13683
4371
4499
57898
41534
19091
16993
7177
1361
15049
20825
7241
3798
10667
17845
17215
16758
27825
20174
17428
9832
10679
2472
9244
6810
9064
18855
31110
2539
2796
28936
3376
34069
4816
55542
16020
8636
53946
2543
19126
8266
3873
20027
45896
30432
37382
36125
568
25160
33003
11282
11279
5988
55093
25591
52481
35425
2997
48691
4440
8645
5150
32899
5997
35703
24014
24169
13520
15762
9311
8729
14528
7738
3331
3492
9983
10396
4610
6261
2541
21042
8178
19071
7334
16193
14442
12365
2780
608
4811
15516
10
8690
23870
15851
6760
48949
9437
12879
33161
7369
146
887
4496
14412
16447
6454
49171
30014
21757
13108
4994
4425
4203
22987
3902
6910
3060
13682
27825
20314
7857
41485
4946
19858
11881
15154
22825
20801
11480
17821
23689
2846
8288
27366
2257
5001
4223
22345
13431
19918
23452
16011
63387
6406
22407
26950
26604
4330
2858
14827
21328
243
14310
9288
10623
26327
8590
21868
2283
6696
31807
26236
23364
19763
4230
5278
27249
4110
22006
20132
16793
20022
13151
13559
20255
20234
15675
14725
7376
12838
10683
44133
33094
9094
12438
11928
4299
18093
22191
10566
5305
46333
11950
17147
3401
11287
9205
147
13844
8367
1752
759
6207
51094
1039
12605
20985
18113
36688
15087
44212
262
37925
22247
797
4148
16188
5024
9036
34135
15410
16338
19307
9041
16607
24557
10922
24948
3669
28042
18091
1739
32704
58095
35584
3798
28015
15111
39988
8458
41015
21862
4274
4109
8063
9003
2473
8881
4359
48869
18721
43245
43844
28739
30565
526
27410
3460
10138
1912
21712
39384
4020
19818
18357
7864
11042
10674
38356
1182
2075
18054
17530
29080
2202
1003
20349
22837
10597
23611
2528
21359
11089
1055
12055
7770
10255
11739
13017
15425
28132
19780
23793
7300
8625
48584
8633
2180
2906
30912
3466
33552
20585
22246
8575
19887
50619
61655
1967
8281
37463
27300
11344
1168
25955
19176
21519
23297
12906
40469
21792
26747
11895
11356
49
25736
5205
27227
24984
22804
42734
41304
29947
15145
34417
5391
17924
2575
1006
8607
10914
4159
572
25916
3811
1057
2615
59066
32549
29193
2558
11287
18791
2263
5862
6960
3665
40302
6610
7603
4583
14440
7309
13211
15187
3551
7611
39438
983
41995
17328
20937
523
5535
5872
17996
429
4801
8816
6712
12341
20065
42862
3703
37137
36677
10552
5135
23992
19743
2431
7905
44120
483
2577
18357
8974
13578
1396
37156
1329
24625
19052
16262
5238
32467
847
5302
1303
22445
25450
57547
3592
16663
5097
32069
39296
15119
23993
14466
13846
4229
4453
8440
2341
43838
2397
3987
10638
20134
31814
53656
25583
2811
5437
56765
21996
2985
3469
28033
5049
12786
14451
25478
23080
22558
5208
10795
627
49206
2997
23232
7938
17414
4577
16998
6594
22145
22825
9128
2015
5371
32403
38378
32464
1964
10676
22354
13963
14953
24305
7430
9242
6017
13735
25530
17910
18078
6128
29124
840
1392
7899
31133
12745
2092
10196
29397
34018
29389
32305
43955
53754
26536
822
31134
15837
29948
1271
44427
17956
13552
2394
219
5444
24273
1388
9429
16942
7174
41896
13445
2630
49608
6150
2946
22477
2073
23199
48640
7533
14893
55209
14686
10884
14708
8844
13198
20733
33092
25674
5232
2634
17728
1237
16548
5151
5402
15646
33464
11998
14827
18760
14538
11038
14610
5680
95
10327
21301
16927
21288
11473
12826
1744
17036
15823
4395
34506
12185
14275
6311
3059
8336
7567
7894
42689
17783
63575
4450
26256
21676
53296
28368
482
24086
32394
29297
6447
6319
12134
32091
46239
53486
7281
10891
18314
3198
16157
13388
36975
10653
3457
13129
46194
11874
6953
12729
7798
495
23213
12376
9982
4644
15619
46657
11954
817
16608
1295
18262
13311
16284
1429
22598
20884
35368
3136
699
29099
29311
13099
19866
41660
15333
4180
4122
26350
16345
20658
3730
17732
11718
11777
5135
47064
1056
13442
6860
6313
12709
46761
3787
8729
53310
2673
12736
8252
383
26969
7109
4034
21289
9788
17549
3934
1465
2708
22029
22576
45329
33249
48873
16598
2036
5781
6981
15245
14762
23719
8424
44420
4465
16764
4180
11091
1482
11563
1784
5113
8790
2384
4369
7452
19682
3419
22153
29702
9318
37984
10398
39554
1380
2718
23639
6298
9635
24864
603
2885
12044
8552
20691
4072
15819
26751
18974
22545
22353
10218
7029
3352
19188
7272
13289
36516
23724
20238
42925
19623
2830
35958
2
503
7816
3417
32391
16184
7017
39671
31444
40314
2871
262
41998
3317
35891
2706
25030
34190
12801
11717
4623
24225
32559
7921
24971
8337
3766
17178
7580
15915
40062
16990
14034
3222
27674
29310
4646
49530
3359
1146
8561
2507
33132
20319
9149
5160
4883
18188
25922
1512
10220
13105
16577
12069
14467
3124
22262
3270
15282
0
53200
1334
9252
7412
12063
4638
6420
49752
10674
34029
914
13230
18019
20946
4373
9152
54602
66630
39060
837
2002
13897
22661
9098
7448
52407
18035
35331
32145
58706
11787
26541
43960
5787
59891
33421
704
584
25867
8764
4395
52378
1330
32700
7012
3006
13850
4979
2442
8933
12665
11663
3074
63891
7604
54809
9257
12479
1061
13947
13050
14533
7876
9252
46456
2203
22160
31573
22079
5665
21738
15212
8867
22895
8224
47283
45021
12801
8373
48558
3317
37585
2252
19198
49474
4343
17157
527
17322
799
11271
13070
15748
35589
19103
15800
22250
12824
9319
7096
25851
22949
28598
3308
42637
15514
9549
10928
8355
300
3714
30460
33161
6286
29017
15208
19964
6647
22776
7140
5083
3539
9891
22082
54637
27168
11054
13317
5456
11527
42855
995
7131
9777
850
17761
16289
32229
29508
23855
7830
16424
29367
18676
20765
14567
718
12331
6389
16915
16308
17148
59549
808
22758
1947
15609
43248
7837
21119
39810
37694
31544
16018
26566
30985
4320
13316
44504
7439
14567
25039
61521
6461
33590
1878
3558
6954
5837
8508
17415
49556
5977
16298
108
4578
25856
1073
2614
11483
13346
15196
1299
12808
50961
39798
11028
2278
9741
35780
45304
15488
24937
16093
13314
11071
15479
2777
22918
30720
6292
9876
37781
16854
1093
21401
3229
2942
21700
894
4055
12023
28068
27297
10982
5189
24744
3792
30866
11415
378
2406
4365
2748
26732
9216
40844
4072
16567
6340
73
34967
1538
5600
44448
48159
26181
18851
41350
1222
3416
12184
25024
1461
12341
38749
9003
30288
3915
13317
1540
14470
11754
27290
2937
27528
11220
8821
30289
7881
6605
7829
12678
31103
24519
54473
921
9265
8065
49098
20108
23016
44959
21818
110
5864
6344
23566
38310
64542
475
9964
9308
40878
798
7560
11587
18699
2081
1840
14640
48943
23064
27078
37889
25668
3762
19280
13089
12739
40541
10271
7786
20946
31260
8325
2548
14660
52297
15903
44712
49473
2451
33565
31607
3592
6428
32149
54960
31236
51905
7510
11019
32723
17847
24992
5080
14981
6369
11590
10856
49847
4192
36848
22187
12765
27924
18290
23441
1347
1915
30908
13182
3961
10663
15312
17615
40371
29654
12070
6376
56189
17252
23054
14631
6793
32419
24556
36043
80
35681
737
30585
33356
5214
16774
35523
30356
17039
47164
28642
7646
35097
1500
1458
23856
13439
14621
3304
7817
33400
59629
4661
2483
19677
17730
5456
16924
23725
376
14958
2164
26247
40312
1873
3656
9987
8818
23963
16565
10481
4127
15031
11307
22904
2201
43314
12373
19138
2925
56463
12709
18550
8668
15948
16042
22793
4353
15850
48919
16184
5409
15137
10224
15300
7065
19035
17339
12987
1975
1694
10604
813
16519
35057
17306
1539
9939
60382
7278
3740
18024
11861
3323
26912
20608
4818
5835
4050
15116
700
58624
16562
45987
45570
11619
16361
17004
51199
1924
4596
7335
7732
30049
43172
15031
9173
8867
9482
6229
10342
21051
4392
1622
1365
18412
18977
10974
15836
9715
25019
0
10080
17242
15791
42039
32334
4471
12801
21717
5430
12803
21261
22442
378
7474
2581
5161
744
8698
18843
4842
28534
778
8105
407
18326
14439
114
17267
6746
24336
53498
56658
22330
23168
6058
38631
10196
35629
2787
18781
28914
515
38605
8454
29709
21521
14606
5490
10061
2564
8187
20170
18705
16013
19164
12772
12329
8120
6163
23455
7758
15984
37780
37372
3955
10463
25914
4643
2383
5092
16406
5826
12870
7978
7800
2820
19673
22313
57244
38018
18427
53633
2876
10833
4949
19303
35017
29753
3430
1838
32139
26301
34036
15709
10010
12999
3960
10386
5690
23336
20677
2164
50060
20140
4596
7827
16676
12752
19203
4077
19220
31535
525
17933
1829
8384
15000
37362
27477
2416
7520
21521
27098
5793
20636
11719
13242
12550
3820
16594
4850
6277
45444
27247
550
64045
13295
3148
20030
10066
17807
41996
22983
13215
17462
264
52114
39453
12947
9549
59277
36489
3872
9387
14002
4818
33670
59685
3858
60758
7827
27418
17312
616
6739
4110
20127
19313
29825
14183
15849
9671
25826
32434
39987
34425
31376
4571
3370
7598
53224
2386
30848
37014
26913
3469
4079
5187
38487
57981
20662
4678
14360
16191
131
8478
2725
48742
5172
7510
22332
22174
20462
33766
15638
21160
23088
1548
7924
171
17203
23484
1136
19149
41438
16208
8380
52949
1626
29232
17223
32047
25447
34423
8106
6289
24591
1018
7314
9512
5129
9553
9737
11136
9797
33277
2598
21059
19645
22858
9561
1130
44760
24721
40873
27352
11651
29005
20736
44175
22709
48450
13772
9783
15465
6373
3549
11202
16380
5340
5159
7785
8867
21522
52530
19130
12964
2161
3333
53888
796
3422
7212
34390
8859
23194
9668
24989
9384
5328
18015
12618
9593
18898
14442
15355
0
6966
11027
17743
3612
3172
48698
13178
216
20574
12006
11613
8979
21164
21161
21618
14362
15638
14896
35444
341
4223
12387
34221
26529
8185
533
26336
2472
9232
20530
1578
28655
5024
37863
2729
12695
15694
11735
14948
1936
52162
3875
57389
57313
13448
4345
41807
6311
10859
16356
10063
48515
2262
15210
59840
1788
33745
37454
15902
18174
552
1139
1122
23118
31372
10566
26972
7337
25112
84
30478
37319
2444
12017
10496
11011
25142
95
22914
25474
14804
10067
36937
26704
11753
9966
11661
44083
22363
3082
12266
14025
425
8164
4671
1239
26429
42286
28281
13564
18422
39538
8035
3907
9056
1699
18719
8583
17336
3466
10273
18838
54309
12002
18142
24235
26735
16792
22311
35769
2425
1398
8530
8077
4150
14095
5169
6704
25707
29570
8691
40450
4430
36266
26225
2602
1320
15089
49530
39416
23301
4670
25469
8732
11100
44827
7183
8950
28028
15708
9281
57059
57608
14069
35180
12287
1508
14597
5825
23978
14830
17493
7121
18053
28107
2507
26419
26014
62796
11119
236
6697
13162
4052
51338
19330
5465
1489
8109
14640
2751
9185
12707
26884
10930
7176
13908
7685
46490
584
4845
9208
19973
2425
5189
78
6544
16264
29608
3153
876
12126
25601
6638
22143
20647
2135
18071
14268
14319
7450
2020
53643
16488
9897
28860
17952
2882
14707
27529
6296
19148
17688
28979
9870
2772
35017
40900
11746
25123
22542
19888
17640
17229
35004
2820
2647
59657
20422
4936
2367
9090
22846
22655
5994
12401
18787
6036
2080
29686
9426
10273
50735
9499
18049
44
8015
5640
2928
20589
43111
11606
26914
24055
311
3492
36185
37210
14686
23131
19290
9188
21532
51865
609
6248
10070
4884
17733
3816
28833
5475
20401
4116
1967
8743
7392
8169
17316
8752
6845
30942
8155
6658
10751
12666
8363
4233
18399
3417
8128
26375
3
16396
8904
1148
22796
5281
3989
17803
1930
2365
59737
4736
8405
10650
31985
13001
10636
19041
24280
3862
3484
5199
22867
17655
33698
12543
10469
7719
5847
17673
46382
16591
13583
19820
6100
28014
6040
5385
12204
6555
11167
10289
4653
12781
26876
5574
1962
8900
6827
49590
14776
31172
12441
600
19877
29501
4673
23833
44060
3927
4361
14304
24145
33947
13025
18422
7245
20450
44779
1905
16355
16725
9505
21309
7547
15265
17500
3179
19369
4916
6628
21899
37398
18675
26033
18431
27121
4548
5572
6910
24721
16159
25092
4081
12924
14275
53505
22329
28449
8614
14823
569
11521
19989
23580
20156
10966
32068
27271
2385
890
13215
9151
15209
7601
58947
6019
19909
22541
48496
12086
3752
60069
17526
13245
24943
19014
12353
4661
18068
22911
3583
13287
7716
11977
17148
58908
14378
40494
3690
16882
5675
32480
4427
40360
3041
52119
10231
15380
20301
7755
10307
20193
8268
836
10789
3863
36543
9812
5335
5094
4662
37981
1182
7495
7966
15357
39267
46918
1136
21327
6429
27365
20512
159
1268
7357
42454
14555
3640
4001
5960
49582
13437
44548
16329
27275
16925
36782
24585
19053
42142
8991
23926
3452
11801
2271
9699
18508
46954
35696
33201
57729
33397
5553
49271
24983
2677
22978
13128
14235
44269
21526
20100
48365
51823
4820
151
10333
27214
15869
14
40827
39451
1128
1833
541
217
10337
3350
2018
45225
5011
3837
21742
2049
17979
5612
22553
1300
20060
37845
26389
13494
24924
9651
11522
1713
38380
15194
19017
41809
9779
32784
7328
13956
26354
12618
11887
11984
3452
31719
24287
363
23557
8205
26892
4882
54305
9180
4184
39098
2395
12920
24507
8894
48315
6649
9956
875
7
7597
17095
16415
23311
10496
6380
6955
9584
4349
36577
1133
7632
10338
27916
9037
13052
3886
9721
51021
2666
16442
29564
5639
6704
6152
41384
22121
9410
22844
11509
17650
18004
53253
33706
2959
11193
2716
22002
19931
45388
31981
1598
57436
17340
12026
16240
10778
37435
29902
15206
19166
13693
11250
10491
35571
19345
13695
43278
54888
10655
46042
2142
8746
17327
23906
10384
12484
16509
34525
13586
12753
5593
24692
7841
30023
7799
6086
25556
8624
4663
3
32030
22268
2521
6856
11824
12331
3750
22562
15520
3781
55978
19058
11634
42157
8529
9124
61
25282
15507
1610
19948
47829
6093
6391
7089
56201
18366
12726
39185
2788
1794
20812
13346
32886
40021
20419
36306
15352
9859
24207
31060
9596
13394
5885
31817
11156
56262
33830
11427
11783
15495
10746
21538
4140
1631
4070
24210
13675
13246
47833
23808
27733
25477
24982
25561
13213
3887
3168
1757
12646
1199
49032
6394
26582
1910
33242
7563
16924
40270
8321
52878
10773
7236
14777
14564
14455
15006
27307
11724
19791
22453
11420
13768
20078
40790
1050
15765
36680
2286
7533
9606
12245
3350
24746
8412
10804
24708
564
5199
6027
20833
13254
8396
7121
8362
13467
25956
3344
18635
52269
23815
11768
1408
6842
14997
2091
59294
17479
5144
9747
6291
2934
862
16855
6170
9448
10253
3372
22662
33402
2506
3668
11263
11286
2377
1982
31556
7755
8004
11949
440
31194
5637
18838
22188
6370
47358
29333
18846
6472
19024
10851
2655
6473
10473
18103
753
1434
17472
28722
4164
19247
25097
42891
17359
17371
17739
135
21200
1685
34195
14930
28628
6045
1896
5227
13709
35011
52027
6005
36179
4872
6459
12570
5350
39904
27698
25134
2518
29798
46461
13088
2122
4180
2712
48548
13539
14901
26513
13144
64844
46408
12407
14703
3402
490
2526
705
13794
9799
3810
9177
9217
14836
7811
26680
55739
8568
1225
3039
3093
7111
15342
32773
20953
17711
16560
14568
1401
5466
8334
5252
6336
14842
45762
8784
23527
2391
4684
3904
3711
25219
1011
37959
13019
42696
2480
1177
94
6853
14685
24293
16187
8152
6548
756
24274
3305
20093
11686
10044
24898
2317
29894
40646
7758
13629
16863
10336
11473
9033
11247
19677
24670
22153
15200
1035
3924
11964
11027
35043
8449
15970
28520
10492
21425
10013
4816
49040
4530
20667
15392
51556
54162
19429
6515
23630
10960
31998
654
23994
1787
22175
3737
1419
21420
8221
9944
8835
46258
1942
28737
24724
20821
17121
45487
13579
1166
43622
11948
18515
25641
9509
21471
19536
12548
1914
8755
10524
7338
23023
25041
8702
42908
46368
23390
3980
36203
17331
6911
41389
10695
16901
15617
30471
38251
16073
4352
2294
7669
581
35057
10722
13110
17553
22560
5623
16307
8725
3718
33291
31530
38365
4731
1226
21886
12200
2223
871
7897
25924
53942
8632
9461
16940
6336
11085
12956
7776
4694
25108
8617
1264
24032
0
4647
24729
8960
29973
8630
21157
5964
22407
1552
30264
17349
5181
13744
7294
22496
23076
7350
93
12081
23663
1351
8256
27682
10447
666
46799
358
17796
10245
20100
20782
9676
16482
12871
30251
10904
233
10017
19072
18008
20533
3551
2357
173
25227
29787
5736
38017
32605
11574
3936
4699
830
13230
4000
43570
34489
582
108
15435
38259
4109
20462
25325
6610
28131
3009
10165
16914
639
11292
20084
10920
27266
32260
918
13980
22686
8095
11877
1952
460
18057
8573
42436
16533
43649
21050
35359
13838
46743
29034
6887
3949
3911
27194
15256
46038
26890
18344
7008
10373
7755
16292
11763
30812
23899
5975
43729
34318
35949
12354
940
4489
31880
15420
11705
49701
564
9669
9776
12841
13930
18285
43606
14769
10153
2731
288
23691
22385
7752
14622
225
3714
17207
20461
9015
24145
16706
38773
25900
6555
27219
4044
11258
20020
14748
35024
5631
16803
7094
1291
20529
13108
27237
7123
2610
11361
6260
2711
15384
10388
6864
29284
3086
13174
49173
12002
17823
34906
4534
8282
15584
18806
18314
11980
51045
31632
7389
2144
11926
8115
65
28706
8524
25270
27774
46046
1402
13888
3270
11836
11218
54854
29786
12165
28573
11077
4736
4907
6703
3647
50774
5830
16586
29157
9980
7863
15509
1730
13380
15258
10867
19350
6336
5941
8311
6478
23277
17661
4967
12549
15175
5769
10220
3187
6758
16538
13190
21197
8946
17381
241
53764
13417
10599
35513
10692
1632
5661
49
18199
18211
19023
23730
19184
1676
9190
50831
4904
7181
16638
5854
6011
10406
12891
346
60621
16994
62778
14388
3045
16001
18351
2762
24857
30884
23723
46541
21642
3487
12683
2864
9435
7176
25977
25500
28748
6268
1739
10207
18570
14795
14642
56671
21662
263
1931
18910
3274
51372
6012
46113
1531
7834
6227
54402
2764
33900
12939
23347
21023
4912
16208
47375
57116
34503
52677
8420
13380
22012
8166
29962
2474
20381
10659
1243
7999
22991
7506
8826
27452
8151
45493
9358
3872
17239
6727
18576
13210
23603
10638
6104
10074
37263
47921
3114
40304
3093
27007
8813
15226
44108
16220
6784
15949
29680
22904
6442
5530
40552
22690
24179
816
31860
7141
32542
10304
11078
7587
20542
14345
13629
41907
63794
41185
21264
2628
27436
8977
2413
24263
9638
25927
9377
19780
11015
18892
8093
40391
33165
1723
18779
485
14931
7089
46675
24522
10856
1456
423
5171
5954
19191
26485
17734
3701
27012
19878
25280
25546
17734
15833
7949
5313
12299
26737
23725
2900
42069
11065
5965
1520
3348
21131
210
34699
10383
19016
20054
9584
23449
30532
12802
5912
27128
4703
11644
1239
16797
41979
36969
55026
23203
9636
1808
24523
26880
24626
6381
759
17409
20071
5989
51408
58654
18369
23466
25
11870
17645
2130
33234
64723
13365
2530
19911
20611
4061
25930
10295
51765
22295
1176
40521
7854
35224
12075
26141
7451
21373
37825
12724
16066
10425
20266
14120
2105
13382
30845
4672
21591
46162
1439
7404
12857
42977
25965
4397
3728
9079
25669
3878
7822
1106
17773
19510
9568
24401
10366
1556
699
25400
734
8625
26952
26333
1885
26885
6096
37209
29770
37518
23171
15121
137
10935
28944
12673
18868
26467
5091
56297
63892
29430
26487
5696
1971
6406
27462
8847
44434
11379
29786
16956
21575
8752
1218
16737
8634
9665
17695
14235
9235
15333
8912
39780
53860
10842
35806
9076
21706
12069
15338
3620
35245
3843
3977
45291
6684
10979
13064
2148
5454
21135
25453
38523
3173
13
7824
7851
39826
4378
15888
12318
5270
32593
10808
1551
433
664
63872
44381
53527
11951
41733
14990
4682
26799
22788
17880
23802
8970
10807
1859
6798
20475
26828
42221
14488
4918
28438
24442
2073
21213
17982
12647
12045
5014
13144
12193
14095
4545
6170
8173
27605
14615
18915
7506
3159
9495
13823
5617
5361
44752
46911
13697
12338
17688
7181
2095
9495
2325
6167
20632
6534
10986
8340
9408
35264
36672
34318
2722
45627
20017
9601
18878
11836
2162
32693
12868
14763
26883
57963
9818
19667
54
1153
541
6515
4604
17455
12302
24237
14337
35161
312
17526
12612
3998
28370
33205
30221
33212
1164
7058
8230
17830
15437
13033
10572
651
7211
54010
20099
38122
188
1839
30893
56005
4750
22110
15135
10257
20727
9231
43564
506
25431
47481
48379
1029
4921
10180
16047
36936
20515
61321
3239
15464
5150
11653
15141
26589
13352
32028
17016
11698
2362
5410
16431
45296
34548
27064
1122
38640
1475
819
17399
12004
16974
13983
3635
3865
31668
15296
10551
4957
40949
1367
28444
39478
14355
18183
24518
19875
915
17397
19052
24504
5180
21169
2126
2911
10361
13176
2545
5499
10740
26317
25331
36446
21876
30063
35054
37754
18843
583
17077
35140
7709
29504
26159
30562
2959
4669
6830
13852
1586
12517
18854
13137
25208
23035
31919
36356
36739
911
7266
14868
43219
2500
22289
21878
34843
6585
13014
373
13734
19153
22409
3739
183
5804
29951
13638
53827
23304
15202
4845
10759
8173
5376
5306
10275
13524
1944
21295
21157
9658
28255
15231
3348
20513
16503
5896
28204
16771
31415
7480
30619
31680
30213
9557
5967
12024
9613
33786
27403
44014
20699
16758
20997
11195
11732
49929
25931
23643
359
176
21810
18478
9936
197
6700
8431
10028
11442
28757
665
4149
26566
16364
4273
20053
27912
15001
7179
56326
2878
2461
22445
8005
38656
21385
868
7432
25508
13226
10002
11188
24066
37483
1503
1998
36379
45404
6517
12196
35936
24450
8986
51168
22614
5333
37498
52635
32442
14091
5686
1550
31019
30925
58990
9035
22781
19824
3452
5392
5949
33757
32993
11557
16163
16161
4164
5766
2170
933
7579
3561
15031
2238
474
6787
6007
3723
17132
18678
20016
15173
26224
4132
1678
10253
44136
17299
1467
20508
15647
10508
191
40228
3444
7209
22112
39103
16845
10811
15637
1950
4697
34136
17543
1011
12612
3808
56943
5940
5996
3917
3375
41273
25132
426
399
19405
22597
311
37985
9510
2732
4075
9036
3474
15880
1971
7547
13141
24757
7742
3343
36044
3970
34551
14214
28767
10244
25172
6382
7903
16780
804
5895
31072
3981
175
150
10234
6372
6896
11794
16794
27447
7702
21690
14184
21262
26943
15311
9323
35041
46092
3591
5324
41555
23550
7718
11500
29322
19337
22780
18983
6992
6828
10333
13298
9693
421
17665
6558
3209
17116
5635
4548
21061
25007
11006
12540
38389
20875
21994
24056
354
36293
18045
20284
13429
22704
8287
57133
27856
1781
4360
41365
48679
12348
25598
10433
30765
15042
38400
5431
9393
17702
20450
21207
24194
14728
34264
3102
179
2800
51811
34428
16548
14548
29733
6339
31392
2674
15171
2898
13251
2453
24191
7640
19224
27342
3672
25698
59096
25254
4743
4840
3546
15780
2779
6071
17012
4925
43404
34706
7004
241
13200
51312
17061
14873
6135
26488
26981
23143
40517
35259
12926
63808
16669
262
2983
33722
10590
5225
30727
13042
43998
11221
24229
151
32400
2927
2401
8360
3163
17931
23349
16263
18025
4455
6638
27418
26664
13
12582
5811
9814
22635
17604
19532
16908
59991
16722
8100
1644
1391
21256
20321
5993
38323
24434
10165
1529
10497
29605
28204
3187
51857
5661
27056
15388
17966
12478
3505
4094
988
16942
15346
10981
8864
50800
16767
6890
12607
14007
19951
14212
15764
10353
43729
19073
17569
2272
7625
21819
2285
24170
31431
23732
22051
18675
21110
3797
7829
5644
4425
24678
2018
1438
53532
255
5865
11314
6223
6567
10144
25410
9710
8306
4665
35274
1951
5946
30171
21080
18338
17080
8802
22593
1409
3795
18638
2998
10660
47701
61629
15543
32012
47090
14699
14633
15438
18088
25937
1123
12458
7027
17369
10349
22376
25863
16677
13425
10980
7537
12736
4481
1529
15907
18874
3014
46990
36831
20022
17355
29940
11180
50712
11919
11890
32385
5437
26986
2724
15952
3056
15589
10935
20
32545
21371
37217
16755
3966
1404
32523
2684
17862
39081
63719
2702
10077
45577
34674
30112
51915
12300
44956
1706
2921
4884
19749
16023
32950
30743
16995
11667
10433
34982
2522
5774
4919
2788
50846
8160
16800
27608
16824
21893
9969
25449
14457
7519
14088
8205
26695
22784
54589
4365
1711
41338
8021
3582
25252
6953
24954
13043
16021
45321
26850
3340
30062
10138
29332
13697
4421
18745
2838
27269
27909
5760
7022
27589
4419
19829
2936
64135
1142
21911
33389
7664
24122
24629
20411
5063
30631
60277
18517
2084
7644
8101
40546
19295
25500
13235
17304
10053
3829
11469
33397
4647
17548
11528
14069
5063
34874
10211
394
6379
50114
7935
750
29641
4404
49430
25805
572
29847
3639
4235
8018
6867
10141
19115
38046
16493
7410
22767
4937
52537
14086
4733
51436
21400
1578
9270
28349
10224
1172
11059
1321
31281
15641
8354
2219
19646
4571
15578
26614
942
6912
16599
3956
15400
7596
30842
27578
12637
875
26983
38811
9881
21097
5482
3468
45840
9702
24049
43544
38519
20434
11346
2436
35357
16912
2091
25382
30489
40380
30584
3855
4234
20266
11098
3709
34322
29416
40119
7974
29270
21268
2892
35773
3129
48443
8670
14541
50856
24272
25126
14038
24571
16028
16808
25577
6275
52066
5273
9696
951
908
21661
21576
41242
18165
4424
16085
1658
16880
1471
145
23342
60059
16526
4880
14062
14172
6116
4350
7217
43029
15264
3370
23052
12467
15431
20665
26739
36907
16235
9561
20408
3996
1834
38432
33769
4824
654
4404
2648
27021
17311
13954
5211
242
9296
7324
7938
748
7075
30928
30782
32677
14262
28446
7621
7334
14469
22414
56954
21338
7699
10904
61211
4591
16557
14053
27628
15622
6072
2906
25104
23780
31588
13038
16854
7105
13254
20097
27608
18672
12102
20975
41357
10596
2660
28526
2022
9498
4724
4045
40748
15113
5724
7448
21845
18858
44649
25629
20454
25439
9583
53758
35365
2476
11656
12792
19893
11657
807
15410
24883
55811
28800
13080
19294
7830
24
6493
20799
18621
27551
21836
8804
21920
11212
553
0
18939
568
445
8228
3412
5233
39422
15731
94
5082
19541
11549
52634
21549
34274
12958
2879
3526
18465
5340
12048
22529
10353
4381
13419
13191
8870
12447
30764
20029
19664
36088
9789
10755
30420
31369
20076
16657
4130
54010
1402
3821
40942
13791
23959
22284
14190
16972
17002
12395
29004
54648
15657
7637
30187
8034
5785
6680
21888
11528
38640
3444
31228
17965
10209
12760
23661
21544
13817
13936
6274
41814
1832
15593
28583
18294
23643
3456
3153
4420
22566
21024
32907
39319
35112
2429
46320
21958
44965
26786
11437
1945
8197
21404
12942
48813
37140
11914
10105
36875
2123
14583
24719
22771
18908
18038
10857
46363
8826
16384
12220
10916
3883
1572
28227
42351
6778
17173
480
18858
18364
10220
10136
39274
33424
246
39751
121
40292
12867
4678
40284
197
3905
10045
10779
39881
17802
30310
3284
38142
24790
41296
35589
9893
4722
18686
6074
21001
12087
5199
13491
33021
26467
10738
31028
42416
17562
32598
37802
28444
12593
58164
890
1479
27854
17792
15174
5007
23538
18207
27437
25597
25346
18276
18645
9472
914
12367
4103
16608
16417
8220
2337
4759
25894
32773
43334
15673
25169
11520
53230
1302
10036
10983
15954
484
1427
31046
23973
4996
19135
34184
48916
7282
1625
2280
1782
43932
39556
4529
3002
3141
19807
14259
12718
9274
12422
13880
45213
13442
10156
25394
1517
8786
1540
32436
7944
38951
15444
18208
5738
18471
3035
25460
17676
11456
6014
5937
12680
3694
1551
22005
18236
2575
17320
6942
52294
14176
7148
32258
3248
19968
45227
10083
36559
14690
7809
1882
14298
34977
1710
59489
21363
8462
52623
5546
22584
24631
15432
8782
3592
6014
23127
16157
39100
5815
18169
27443
42356
11184
6636
209
37924
2833
1844
3946
13611
5067
22250
9173
2339
2584
1791
3243
48435
14236
18860
31571
16356
7733
32308
46331
22304
39852
6981
7297
8537
10589
1968
29495
2065
30885
3821
51487
13804
20296
23537
21440
5504
77
538
53077
19790
14616
5361
13456
5405
22438
9966
13575
45460
11861
7161
7231
2003
15232
11445
11144
17384
4082
5386
20865
5896
3545
37203
15975
23590
24090
3658
10479
50031
7847
19286
1915
11526
7125
15053
40712
18334
41537
41138
13178
2895
27740
16216
7956
5848
25071
7779
21313
39506
32366
1858
8184
14331
17925
2708
26106
20100
20469
6533
10936
2245
7622
1427
56295
6265
17916
16152
4211
21579
15854
45613
48596
17239
17978
4173
19375
10071
8931
4052
11811
62846
5471
18917
10870
3142
14111
50169
21318
25519
11719
58029
3249
6975
8653
14556
24904
24638
26043
5150
10362
8721
21320
63669
14937
2083
15421
8059
17931
2053
2901
1541
22097
12027
6702
4118
21345
16257
13951
28444
40054
15555
12225
17484
8531
7848
20680
21132
52073
9868
13110
4260
32540
51970
21024
13010
9482
41197
22684
8740
18416
42273
10216
92
20925
22316
4394
28360
2046
32848
28851
30184
29488
40172
30859
3934
16193
24289
42601
17898
4579
17781
17851
534
2318
12757
2941
2209
26303
50154
18147
6830
292
18313
15665
2568
37588
12406
24381
23172
10536
17019
19563
19848
11884
1850
9288
18576
9841
2468
12377
22254
8383
2987
56828
31700
50825
23190
6150
5163
12116
32441
1343
54
4050
25808
17390
42642
2236
15456
534
4776
149
18595
17317
9553
31107
15993
40632
3153
21525
30933
25481
21079
20033
9747
6657
22710
23356
12318
2490
37865
16908
7027
31426
10880
11360
20653
11667
9090
8527
2618
32448
3426
28900
12572
20098
11975
7109
22151
11601
3767
652
3631
558
15771
7605
12462
43117
20874
3098
6999
20744
22176
27070
21353
7054
13532
8758
10039
39126
47125
46355
693
14565
17629
16975
40324
26804
110
15236
27011
11910
5956
5204
12281
16266
13673
7104
14101
60052
26153
22159
16550
17106
22633
21137
2818
32083
26323
14326
16564
18384
56169
24626
7819
53661
16528
1145
567
14893
3216
22975
60
575
16611
10541
22648
14399
3210
17458
5483
56949
45260
10540
36733
47358
220
13531
52688
8058
252
31150
38551
18526
7472
13068
23001
3050
23950
19870
772
17679
14103
25775
10787
16614
15264
15444
1560
7711
1770
16300
2452
2014
5531
51413
21835
38684
42871
13382
37518
33609
165
34528
11398
13378
3166
4
21226
24751
19515
58200
7854
13546
31727
13103
2097
15052
30311
19195
1694
38487
2962
15087
41012
1221
21482
11569
28736
54690
7799
1256
41606
16680
23233
12770
18096
10851
27144
39564
4175
1355
5272
2448
21163
14988
19560
6996
20835
15354
9878
10848
1069
47637
16066
1648
2985
19489
5468
14919
5350
11621
14797
3202
8040
44360
14602
1077
26622
20327
12404
25990
828
497
8071
39087
9119
14898
12636
25896
1803
3881
3048
25124
6813
25740
17819
9896
2258
8296
650
5744
18367
29623
12048
990
1896
9471
2535
18866
19355
17738
35463
13373
11832
16494
6638
42483
15291
27653
22391
35100
116
24454
14550
1959
6146
49908
2213
26648
27759
16135
32969
41754
2342
43613
15458
21680
38241
10984
21267
9734
19896
17538
531
24493
2303
190
14750
19685
1630
14468
10715
27177
12391
23694
50252
27344
6702
10012
30234
2872
22464
1936
16005
42272
12286
4272
13253
51305
11407
1064
3739
7222
5062
13140
63970
38509
47315
7368
76
21680
11628
12668
54626
57283
10553
3293
15700
12158
26905
18862
22277
55043
9945
22582
2584
1239
3962
8950
2905
21427
7110
10203
267
6614
12558
15918
31728
1441
6002
5001
5073
12781
4365
34511
13677
10859
17253
1741
12241
1827
27562
10060
20091
17763
3711
23305
7094
6860
1514
6734
1605
22401
31914
13870
4673
4476
34309
22461
9345
18493
16121
3924
28965
635
2019
10527
19159
9967
13153
9447
36868
22657
16822
11274
19312
11204
23925
786
32425
1125
5174
27973
28019
8269
3769
19443
16732
23197
3373
17833
11686
20929
5410
3855
26976
14675
6995
14582
19347
18893
7647
9984
57484
2415
6571
11969
3427
33857
10481
55893
11761
25513
24149
1209
6553
1452
20464
10916
11148
154
59040
17096
3240
40641
27100
8588
24657
13755
36712
21788
18177
2911
5342
6221
20517
54795
12536
33777
42230
15936
44934
28500
3522
1302
6556
21096
19773
4587
3525
216
6800
23335
4313
21106
5260
24003
42572
31868
9221
1160
21720
15234
9109
32180
7516
26824
2771
12054
10109
52881
32827
8867
24195
14637
3629
4039
10526
15274
10277
21677
3878
1460
40393
3156
31266
4921
5608
48974
20174
28439
3840
403
3677
4296
4492
35426
33272
14805
13142
15314
2095
54458
9098
20921
3809
11181
4323
39154
13628
23623
51164
10271
732
12591
7417
8961
23949
17968
23588
12368
5005
35773
4901
5911
19274
6740
893
27405
14821
25832
16380
4192
28128
16609
19984
3032
1823
3965
3625
15613
49883
18196
2942
14416
13128
507
11470
3801
2433
21198
16494
12476
49517
9566
35764
33587
11821
34002
6170
15797
46265
24292
5796
406
5554
53576
9214
45278
33193
2585
14104
1424
19340
27318
13177
34542
35255
4040
10163
11054
6654
12372
15426
31744
12177
6203
7126
763
18315
42721
33737
19958
737
13223
11388
21662
14308
23497
26048
12389
1232
10859
13196
25973
31670
17472
16700
14872
675
36932
11546
1753
3354
34014
4754
3946
21501
5073
8173
45366
286
10612
20026
8486
19163
12767
44456
9716
12243
20893
15384
3384
11670
6861
34480
6800
14339
11970
526
12356
5442
24081
1129
30063
5637
1612
20267
8249
26454
40613
1056
38691
1266
5723
5589
29758
14311
1197
12779
19415
17593
20176
21940
47629
23519
3720
5475
52162
17770
42217
6821
9199
681
27668
504
9479
14543
9307
10008
11371
7771
8332
7746
17064
4973
28513
5742
21125
7955
11481
25385
19121
13349
6746
4361
19827
34602
38944
2071
10392
39582
31377
9839
22246
13507
9404
3906
21566
18667
16132
11493
27956
20424
7981
15183
39328
19497
12278
8307
13311
18747
2312
18889
12985
8007
29074
28023
20519
9226
1834
20341
17774
8684
25184
32054
42957
16883
15807
8064
13732
26510
28639
32154
33968
22345
8577
6013
4496
8237
4740
22528
11209
2559
18115
18336
9348
24857
11540
31
31310
8350
7850
15952
35106
4529
17479
290
7261
7752
2465
7034
11109
1232
15723
16148
7266
36922
12047
1530
32899
3654
4508
8178
8590
9616
45114
11203
21429
22829
4671
11315
14804
8669
10472
5350
19716
21832
1854
10240
19768
4242
14436
22394
8147
15189
25027
20071
52847
32865
1598
6867
32816
15044
1533
11513
27635
11307
869
26072
44758
1886
31205
4608
1817
1687
10416
32487
15665
26267
39350
24153
20777
46544
30528
24209
14135
17874
42425
10423
26443
19823
14826
36032
22083
19962
2748
15419
3749
8264
11815
2914
3884
27078
12050
11247
7475
4444
3142
17187
5224
15511
36514
15780
7299
10204
1382
16180
4745
9632
22770
10599
12345
16928
22288
37105
19920
21463
16563
129
35230
18748
6652
24134
5482
10900
49085
13081
8044
4361
7380
53291
13154
37948
25794
40652
41165
18755
24907
18375
8354
4170
6452
19408
39180
63037
37863
149
1980
15753
1907
7754
13767
26759
10228
47018
24805
14853
8603
1258
6039
17028
8752
20888
25616
22379
3653
34671
23436
35568
12857
10428
1623
8606
26062
16812
20397
13502
21858
9986
30532
27789
22967
5690
29976
20600
7633
11811
54
10160
4925
15318
49377
2662
13005
4820
3294
65
3283
25949
14106
33875
38526
21795
25081
37925
3675
19330
38861
601
22862
2729
9107
17190
298
25595
13086
1044
17736
158
17413
25939
44761
15143
11110
19229
43104
9292
13761
3809
8885
564
24166
34357
17520
8061
26003
36254
36802
418
17186
25083
17084
3917
31095
1811
11392
26786
1251
12532
11692
27878
10039
19746
14632
3823
19246
57454
31768
22740
2682
5080
7057
13904
21772
18602
29315
8307
8318
11984
29064
20259
21156
7586
2649
30234
1061
18453
20657
29067
28765
8018
228
30074
22563
4950
19546
10142
20736
17396
2855
15697
8304
4102
29391
30096
28537
39120
2284
14095
50002
9782
1193
10005
27779
20663
13934
12160
1120
5704
24489
29468
5027
3530
21827
36504
1020
49462
22159
6947
6064
28104
25874
8307
24411
328
14693
16806
6725
52702
26812
26349
1358
5340
48692
6426
6641
21838
11071
11352
20996
6773
17604
8769
1975
21947
9792
5394
17784
14894
23146
32596
46487
15271
18454
56299
40340
7703
22966
24426
25537
9464
22565
1437
2688
22027
28823
23143
11646
2790
18661
3151
5533
14875
1108
18867
42624
33161
24987
21513
25503
41288
24277
2714
42055
2466
47471
25027
33889
5918
987
37169
8962
22795
1953
23155
21187
48207
5749
9222
3833
20002
63507
13594
4972
3546
26778
9339
14427
29403
12805
7105
43524
240
18175
7444
10446
23616
12070
16051
29677
6713
38292
28566
17622
12510
7130
5287
7091
5209
8060
7888
2620
42424
7368
33885
32488
128
33677
10607
8292
30984
10516
1229
7064
35410
21139
19496
33660
3935
4459
6131
5883
7665
22097
5592
20330
28906
13674
33977
36616
34213
10829
11281
20147
15074
55225
2378
330
9763
15358
13406
9403
620
28270
3226
7294
12209
42303
8272
44636
18260
24890
20498
35484
35919
20115
11753
36840
5145
8615
8226
2941
715
48527
37844
18976
8871
24300
2252
6411
10237
1671
36581
8341
9836
27842
18461
40116
7572
11544
4720
549
10604
44858
25155
3628
37688
11355
11499
21180
8862
21784
18849
20522
26285
7380
22006
18902
20542
8165
51602
4467
23589
35087
8373
4978
212
20708
8069
2860
1252
19566
50593
7528
36286
17702
19674
1292
5505
5487
18102
1223
27179
12425
18372
12286
13789
7022
10182
22239
25151
23492
42511
12567
22643
9807
11859
20833
10241
35905
13325
10206
10090
18966
14500
26625
5546
11354
15941
32591
5123
8666
3484
10829
94040
