150
1 0
1 1
1 2
2 2
2 3
2 4
1 4
1 3
0 3
0 4
0 5
0 6
0 7
1 7
1 6
2 6
2 7
2 8
1 8
0 8
0 9
1 9
2 9
2 10
1 10
0 10
0 11
0 12
0 13
1 13
1 12
2 12
2 13
3 13
3 12
3 11
3 10
4 10
4 11
4 12
4 13
5 13
6 13
6 12
7 12
7 11
6 11
6 10
6 9
7 9
8 9
9 9
9 10
9 11
8 11
8 12
8 13
9 13
10 13
11 13
11 12
11 11
12 11
12 12
13 12
13 11
13 10
13 9
13 8
12 8
12 9
11 9
11 8
10 8
10 7
11 7
12 7
13 7
13 6
12 6
11 6
11 5
12 5
12 4
12 3
12 2
13 2
13 1
12 1
12 0
11 0
11 1
10 1
10 0
9 0
9 1
9 2
10 2
11 2
11 3
10 3
9 3
9 4
8 4
8 3
7 3
7 4
6 4
6 5
7 5
7 6
6 6
5 6
4 6
4 7
5 7
6 7
7 7
8 7
9 7
9 8
8 8
7 8
6 8
5 8
4 8
3 8
3 7
3 6
3 5
3 4
4 4
4 5
5 5
5 4
5 3
4 3
4 2
5 2
6 2
7 2
7 1
7 0
6 0
5 0
4 0
4 1
3 1
2 1
2 0
