60645030
100352901
132602153
133343366
17041274
13363645
71762656
5049003
109249610
33859668
63431958
99592246
2882727
20419263
6971604
1494351
51199221
637012
89273710
6962978
60550949
32853376
2079560
192492
46659791
133629693
90384515
70450648
36217927
75282010
76518476
68723968
121235758
124968944
42095271
25283136
358522
94672695
83079867
42021509
106026882
24585838
115719562
106387430
110859403
95368233
51923879
8264451
676031
68641695
21279424
42421198
1401997
29429921
41274234
84124896
117381709
88254863
26665783
1707450
47407235
106674721
31752020
63394676
24098858
114687273
15008459
108630945
82187662
21262382
10606999
5603817
70648560
13139168
64984685
56848779
100502048
18882185
73752598
59556441
7047592
118327970
133356333
133635122
52663309
16977527
79162156
2388686
41884575
72150967
89541769
19829648
25246440
25856004
7241594
5985738
99176468
96520614
22366817
87125427
23249630
23932544
107677758
1353020
42958602
3382494
31436649
17404634
6426548
56114187
42344913
43147562
10196779
9595268
107732403
22920394
121361903
25585649
68836452
52210243
3313663
16076606
33239386
70055603
4603970
3872602
86561321
5179732
22124239
36460856
32070648
61535595
53102865
1259599
40956919
98124792
122861099
31400277
46025816
30975432
23152309
9316528
105574824
85510881
18465738
23708846
74948706
4227808
99941596
1200055
51557261
1499891
9916477
44429364
84510754
27657234
63281577
24610724
126735113
1404146
59881508
119092214
91617245
39636590
94923407
3668809
130894148
2438813
54458171
124221787
82952806
27379515
44575418
100171468
15988718
17652841
40176546
51562761
23459841
942224
28628123
30589305
2028176
83905928
59615311
60706806
97970741
132884942
17778986
26264013
3481858
97538394
24354950
34103320
32583096
85592935
12444759
105174382
56980212
11462525
55235991
83169988
1560398
118261065
128027517
65008636
66420295
37687483
85820073
108316773
34258600
10414811
25201510
69602624
1116603
35573787
64157358
15201205
60561419
87373571
125651704
33612916
80716192
109882861
32185301
93439922
5769182
84375234
83543520
110563895
68118596
130560666
2475027
36008963
34717872
32685171
10147834
80803981
723776
39444377
52949651
87588118
3245024
107266883
2707242
70065176
49192274
28804909
39321475
1059226
125682834
25355938
90454550
119925598
1996867
245053
12179024
122426241
43809452
97278029
59133930
35032659
120382386
47539613
27722107
14589641
91651582
29817897
92284120
124152551
7055710
123842182
11249500
125020810
40287623
56374623
2815122
22947195
111843797
50808813
119240887
25778615
6897886
44719316
73695680
45764758
83833731
12199548
25933739
64668136
45516613
15072964
48400532
19762851
6334878
2808657
6109603
8107866
27863139
2733401
98801566
44768626
57445747
34375794
112944881
45498086
7493099
111379727
10712969
98347844
117628598
32105974
10101728
26696567
103094953
2773872
120397948
119021757
38884685
11498005
62550101
23005979
625
30289205
20663761
131213149
66893243
2400793
54266335
24093311
91605472
98223008
95456911
9210182
87407503
7454984
21211132
6039390
56318058
115769240
63945961
7377404
71626970
76818205
54215640
111661636
65275465
1853672
30962830
80305683
116400894
35928504
127777617
106304460
11971504
84785998
30445587
113376081
60385523
6483722
13387983
9139116
51739377
53531215
39707771
2360863
4615493
94638802
28705115
1312839
71407867
76930023
8725088
7140546
106144539
88468904
63418252
27605777
60231327
133598348
83339299
8801348
49426622
288757
65739963
23102804
97152018
22771597
84986251
95036479
58576305
117611373
109947835
126976
11317952
30593044
9809256
13003920
65764695
97852406
73829659
130936201
123766701
16634496
18755059
22900261
57142160
48950178
54026584
908733
120479278
2320563
11874802
10716779
18779382
97835898
133355216
11998158
2979842
97228790
55590384
47569595
38237120
46236078
79429272
118507619
46156822
110172929
3584286
60504024
120519677
33496762
18926168
14325
6071
66876525
24200567
1332624
2636568
37418736
34550578
27760749
37742341
6093697
26266309
14370791
90027643
121133404
1667964
77430877
9025559
66355822
47639926
80129379
41331106
98888437
133366947
97310246
95215375
7734496
37730742
112583076
39079326
52826471
108455585
13837706
5336872
31824901
72088851
85432945
88722030
20241731
85828013
79375213
111107554
37233758
40794358
42973589
34376424
88542519
10498794
120838575
110519737
127120943
39763998
3585991
39599869
17543685
49908622
86207132
129987248
10303722
50843088
122413393
69173656
3323104
61455843
97821751
74657497
124157437
2056066
65300370
19432859
45421
81466920
60209420
37892055
6023774
120052313
111380900
4402868
9385686
3017120
1334901
12301746
34221278
11056489
128396728
433938
19963268
42825857
23739028
3655834
94233541
4102521
79624464
14006907
127631649
19978084
91339082
75460609
96562106
121151568
64220305
14274298
2748495
131735395
29680758
127830130
57930606
116529675
40542179
11437783
590978
5361853
3594423
16524613
2158939
59250442
26880291
71695916
35922317
36701955
127991003
53666
82581293
64960433
21301154
10389132
21918163
45151190
8954836
311698
89888596
55460562
23569535
46139386
55373336
3771054
3217899
76248162
29884553
98116128
127897326
20554641
83911470
102508324
117799602
101742911
6007196
55272745
78965340
80987902
99659256
104860908
36501880
67963503
113361380
49080700
61766817
42903923
128756919
56993942
24887047
42129680
4873379
59841036
109111700
21650853
21809532
52815570
63874666
81278261
99067413
1807212
5981193
85720897
104429169
133161748
27959481
69418464
10117932
85981106
1755174
61871460
5325369
63845204
27641336
104187438
135374
14595436
45471033
23006359
48210845
45377728
74678372
39001253
2863606
8820859
77448227
50439896
4843778
24913580
15153563
121888802
2642595
22406731
14003184
19334293
85520740
37972032
3427706
48287538
20594315
11214964
17553183
64383379
30251396
91377022
68274466
10810413
44437229
19813934
51435327
1141671
57735664
32384909
31968081
465318
87624172
64405590
32966093
102095169
127066623
1577419
117578396
78677814
90715598
110180155
61357421
62861643
17066
130717709
33742887
48129357
66733750
47067238
25301404
8037647
119386157
6639233
85326435
1981465
29658
86535378
32065743
11874772
64124916
5116252
71949453
27023482
2572816
43260800
61235441
82436029
38256668
22350198
49782492
129862952
109338266
70046441
147830
60687405
15136498
100044690
2413120
3268893
1903047
8378864
10130
110980208
9311779
51651431
121804406
8368108
131920893
43563508
6958826
28798060
93987368
92404848
64812995
62122737
78993531
122090423
74337545
19994783
17788831
122814373
102618835
6110202
963755
21678067
91480529
124487968
80541872
647374
112205934
34596211
79226906
55931370
111197795
1495225
3162416
43273888
18883190
31432317
92000311
84994318
13586045
90144571
84189307
51105591
70429324
110566531
3536964
115000079
126940805
51820497
6286457
14971571
125509
10437638
122496077
68440880
130556996
22852238
54760506
89478861
43035002
5890041
43251862
47643486
907764
31346293
73320382
76664232
78706520
106585972
74543349
30834543
45953692
26571365
131783219
67882441
20081122
30934695
17463924
23594063
28258427
16865825
36007731
123051341
26482320
116152910
115771581
82304881
53019033
58675661
65884441
58609642
115952263
117386335
114266975
304325
82140946
65775066
101824360
4652554
4750581
1877244
107250004
110078163
12645555
16001476
65081684
66217813
3764029
32501669
42670141
120738180
76886368
8288369
119820698
120040701
129759964
3765921
15264021
21210150
57807118
4400530
93779254
102391353
73664516
74713219
109654651
66049842
77009721
42708904
64671001
62253409
97894508
16159241
66893167
74444334
21378800
76517420
78149885
71771433
55281930
15399503
83051634
50334997
38145397
72505501
8598
63522740
50544938
16310077
82067065
9991620
40552426
74599454
449231
8225046
84136825
57647184
105149093
80382725
69194276
119068447
38230115
13542696
15437081
69932737
45628387
68916
23681646
232200
86643669
97587969
108916917
11610370
74588519
51463150
120284331
37107965
1908081
47052668
82806435
77363566
290561
69004748
17915988
10140556
116254184
125307047
52312837
113520241
1284642
102283185
923541
122621233
104922166
25333032
4031510
28069250
30934950
19396293
90160169
881861
129503755
80601398
99550659
195364
2942100
70583034
32641946
120940322
31913589
71479179
77651856
90420414
1965609
3321561
130354571
103833299
51182126
1541935
1722811
109376801
21780942
5124083
72887836
5075952
128449582
25258773
36646830
6025926
106018111
83606909
13063290
92070253
83976155
53922396
4106765
77660770
130760786
13290142
46296431
18607
31364713
97852673
40414414
55259165
109872317
24153372
22806234
407550
43992715
3981803
2054248
54237329
4283137
117679324
1473809
118813842
4957003
14284843
93683305
35827534
126206407
77575853
93352101
4687305
101255213
35884943
39552596
106168928
932
90483430
51989679
24974114
4706968
6928312
4512011
14002269
93422786
74558485
105737693
86671397
20998811
12275579
70002649
118288778
19023488
49173673
96796992
52124342
123733758
100257091
60509063
117380264
118869
14671776
16664782
121163900
79548883
29431572
31012693
20569603
101055840
111610621
23279564
1031401
66152165
12881621
95475063
14424807
86560374
96292963
16519820
89063
16966011
16322212
129032655
226513
1828844
129010671
100018589
72297527
8859713
128663072
103562405
72817334
94304731
2986289
99594279
86119924
131837626
118369368
112068372
73771417
32418691
92353781
11541802
98666500
10425809
107811616
6231988
81230710
8897202
72792960
2810471
22769368
19989098
11638335
79408024
6670760
12800705
36860701
12230382
63933208
62471200
11525
43869473
33352256
61968961
12833223
116358095
118991939
46195800
34087093
822067
95128626
38224147
91996457
15295887
299530
76403911
11384470
25266820
110747603
12793478
108981182
103909736
93901555
6920223
30897509
90975335
49667842
8035210
19898129
92497305
90803283
89101958
91088269
85129441
90447140
109667817
104079074
18681614
338833
27657831
98999035
39828081
57625926
58952807
79371873
126844246
23590572
102354790
403088
5203600
2469516
5529226
68427086
65345082
46379735
8679
12001054
13200255
60101766
78469486
62623148
51175840
48221164
5813934
40570624
125465139
69440943
24199178
110224563
8006531
106698290
25493617
53697661
1944963
50341580
40736222
3975062
32248091
12417913
73823159
38901039
38793920
975735
37549511
46295008
109200779
76998476
109988153
29906513
65394848
10979676
30877521
89001913
59709866
54267549
16715021
85134988
88206
96552099
1397845
102460213
56209074
8077021
8959917
60249188
15903790
126856936
8615597
127139611
93791643
16364134
35207992
4260657
119321759
92327532
31763059
122027404
106881066
622025
87136101
80096529
7984357
35430751
28241922
23123176
75588904
70817525
112175977
105953467
3989904
17885491
116746595
78531469
126417689
1347137
6496877
85870974
42140596
50916995
43747830
1822096
91052732
79701514
25146660
108208587
88540365
8645272
111523642
88100591
51530203
106370189
74158287
12441491
48307789
9093575
82104411
128974825
2594807
23603613
54070641
126651506
1901542
104031865
105293248
113929463
9486191
25724330
6718572
74175827
11682085
4476028
16927430
54713129
121099358
129483967
4050753
88897912
14679
92653963
4741993
72640771
115802551
4411562
50579340
1810547
110273395
50201381
121273220
7676719
21159816
58013695
10658486
375157
11303916
22580122
118085434
110525883
21917544
22879958
842761
82064707
127698703
229774
6096272
8478570
20621390
30622497
80914292
50375046
38497275
70791042
63114
86260838
77204314
84028753
4359457
131346872
86382551
32302209
59048788
112915525
8781573
83197618
55594617
53213126
123849052
5662632
44580734
107972882
24791390
85695839
30132900
4737236
31876908
26653966
25464834
67213735
41863756
92503804
48195180
86696690
75508407
27008157
105408792
6771518
8711875
71811605
1086871
1126054
95371978
25333800
85985893
29296285
9276560
98803959
29984296
1831614
55653440
101188102
40373083
41737915
60256160
120469656
20599917
60449927
134077110
28575913
25417359
2949908
67641477
83835460
131789066
594797
97877810
80645906
29586227
93569476
16482313
22408345
129458943
1801366
128026977
16437158
95642369
7685982
8386674
133671384
9847870
12319699
94259118
110740854
65024636
126646683
66860493
83149410
33496309
59884258
120910621
121204686
2659465
56133722
12334807
92156104
59695306
121656
109108646
19394130
55454795
1391957
2928355
70435452
63978195
52082553
129058624
47632078
71323305
105831764
53352377
7733913
43341775
2957907
99593067
81610219
59114163
1568845
25690088
31222128
14502206
3269203
105632907
10650137
287566
36045596
42150689
43058419
30181883
16053883
113677028
62261361
54088403
43548889
65327686
2689896
27935991
492182
10073859
5434710
33498923
60404918
4324946
11928316
26131599
126433553
130487688
67384926
50644083
122256772
47657696
34598902
23031000
3358659
112693087
21773772
86259113
119048458
23060289
53092608
98873945
81161825
39772340
30161474
75571559
38413170
100184109
85359884
127182708
28041358
1402084
90443498
16166289
32038868
50496425
60973380
12544819
7640240
100002425
32953354
98094081
124645220
2901089
1786131
129320554
126370057
18579665
24922867
9567537
71320198
67130210
52168381
5842356
94987174
74308238
16060175
12372787
101197147
127891912
57977
8501776
93995999
132374472
3494784
14381354
108669533
120442606
130931102
49916360
86873611
41197791
60036127
47784606
118876180
95161704
27870223
91671288
1271274
82433455
16483687
104869944
66491254
1080533
79056056
47851806
76481476
15363736
903306
95611923
26773222
128680055
119400682
3283844
39028542
9844848
105893415
34213910
72597719
51845273
128099430
60375929
5082569
57981104
97097001
70301537
69297835
54729855
15142228
44251084
114787109
67433237
70530295
54469951
8862185
65251251
85669513
186680
113034323
8994127
133888334
7937536
101373442
35025130
133701013
26440854
110964557
9557463
25992732
30807951
104970393
16917403
27876995
3965724
10568437
12079792
45645664
29226016
121119109
5972118
75992779
6411230
58221625
103114089
477805
1401853
57881833
132393718
54813697
124202608
31479574
123903542
5826765
3675722
1288655
36427755
99117012
1926349
57915364
126772797
48448901
6457375
20881763
88464096
115321457
94806352
34713154
29007901
13648308
40675932
4070714
54343125
16826073
90225425
3741100
5820328
99606593
60543228
36344830
46282620
119163923
933620
3579972
249365
30584533
72419355
106142306
92069291
2661600
317181
106802861
20933572
131470162
49216460
98693498
31567490
117499520
31848609
72290109
31590115
122883374
14736963
97211842
47020846
46336
71926543
98379506
7159625
21316511
21085131
84906768
92303761
112620066
39629288
99584138
38039498
37790815
88125817
486615
2666597
73602812
72535400
9880751
89059735
10388286
41290272
582328
122333690
59663418
107927633
15228220
18389750
52438626
29993704
125716771
24349102
97097637
124205597
22369605
73500908
99628949
23282383
119389566
50795807
106752112
23046294
123374133
23979504
130356048
53250434
1080440
89150321
103777947
88814233
120434205
47893692
48862284
651982
83692768
53334838
3443880
22262879
457298
103484403
36720092
64872665
32116936
86247415
1023244
28433996
16722277
54380135
52405915
59771286
131400774
35338658
66947832
31591732
67498895
83745976
101657396
786198
63208701
3141789
21
13305737
22448932
343333
50113552
3076408
15243869
5123636
34304813
56476927
113313821
7676414
291457
2930123
6289221
72656786
91780898
415665
23392590
124951033
759386
116989418
1845941
8932333
96180781
5023730
8475626
1313453
91865527
56
8122569
11009515
78824700
4837775
59443848
126707642
75552259
25637439
63556582
43648779
37514042
34603295
56570400
129273666
32831882
49500518
22205120
16065538
3452444
42204911
96980860
3823421
1856245
125032906
55790423
120924300
2529102
94262976
14231242
128815763
42000450
32332384
26159878
47033200
84799446
132039870
1934431
81299169
78779573
52727703
15108052
7646392
82301754
54213312
126123715
73434665
97142660
22596465
27541360
30720426
5856306
326141
130176277
1856032
862987
112754232
9465155
5277038
127796288
127367511
92084976
35049240
52284581
74732477
34942364
78840566
2031236
5087723
55480571
91607569
3816598
37193025
121364629
119800364
122987906
103379454
126903594
824765
108399731
619572
54793145
101766622
68894906
106091096
131177791
133335834
14856162
38921133
28134508
124521861
4890607
107920189
27780174
133265719
66749020
109145056
789782
3776357
49853483
83463756
118675673
124455375
118505452
47165542
102969876
25139533
119270486
82831928
81045823
11650874
43224718
98292099
12451330
98040458
112553762
86388724
38024149
84343191
66273563
49450844
52072797
121033067
94237561
96505855
48760126
13409
9239450
113781105
108811794
23866826
19901605
71038325
49563230
60935700
32063185
7183055
52437808
114894668
118551912
26129544
123467416
20195815
2245355
50973376
13350515
37478575
88311296
95598886
73850419
73737310
73465368
7693804
117945560
131019945
14868617
58861797
23257943
57906148
6336418
116750026
68537150
2855341
12666389
98151889
7619528
4264079
15173299
128310478
100422860
51924903
79224618
79984129
1826763
73897128
38069806
17779850
791511
32696462
57663587
30152175
119266189
5302605
853726
66114287
93807741
2797106
8275417
7559471
80435798
19649914
533090
3504065
101426885
132792563
65177098
39908469
106999937
118979143
10241369
54031967
4207156
30841
18696755
7831418
58918788
38369155
6062109
123743886
197777
65937087
390596
45709896
44659148
107940828
77864547
26810267
74487895
22514918
42489917
7075248
47952678
86094855
115995261
64573356
139516
82989169
6107985
63671723
93662719
8307995
438969
2292286
7026351
6249
39828338
9836484
31978295
80373559
57916826
51665486
96366319
104575801
38030100
100732481
72488452
7990163
945879
27887112
18543279
43883411
80225401
66579886
121123110
75185375
3695452
44359862
33671342
72617600
46759965
9997574
131616379
134014180
35790913
26171072
60088030
82407448
69803374
128429830
24854346
133880762
11353987
2236032
119004949
1847650
7798269
41063700
80321612
808573
42293235
77095183
86176542
43620074
38668385
47962793
44718288
15558079
2183367
108393535
71316319
91718267
67447117
52766730
43749968
113923521
130413915
195260
93296597
41953605
57777546
39580592
99807559
30240978
71747871
8013955
81562957
87873701
20163727
3000043
93890423
1157130
83018522
5337392
56814634
45038575
24683965
107491782
131349426
24181793
132097671
114682985
64700297
29177982
131842149
2410809
130020130
55626841
220999
39515286
56658217
80885742
44307665
72984954
299645
67077565
102943844
2708701
112349967
73206151
100125362
83653832
65786756
609009
73813504
105946858
111356051
21070189
9705986
13155627
49310984
7968029
7621046
41420281
131544879
17299087
94846060
93535080
426784
49062729
64889253
29118939
70294974
4356699
63137035
74603183
83835059
63447368
523276
80285917
4630514
94313177
115043324
20634680
85607846
108981320
78117197
99100709
90603555
104795696
128854444
376262
87641137
86660973
1658961
196495
2782808
2172376
82356427
36835615
75510643
23530519
13562185
19159441
95565226
92383755
1836
29513935
52726445
59415242
102492408
93936214
414271
43317392
53725279
24256550
959
12615317
118412568
98278496
20060572
5675819
103760198
40665919
8017444
111675752
92631037
1302909
12472178
31436318
8257093
1340879
50394758
25123161
60759518
57359364
13512162
22044879
15167855
8206918
92857574
11885996
94314107
50016833
49906197
42827303
132309420
20210830
49007768
122015985
111790224
108353490
121759934
109565052
93752979
89283351
131468752
1196365
69017058
41887034
35447181
119050663
947160
36985178
90802035
100330946
48995962
41576100
120508808
17875744
119825817
23884878
124961948
21374351
43266900
112540404
8978439
20889040
3296753
67551157
11884630
17609684
109803765
2925722
51154599
119005220
2504898
10794369
32207709
78459175
1959015
121549232
29962008
133865519
1288738
52943839
69129990
7412
14840580
128114379
122441
15758464
3066
12344366
16305548
114506971
28590751
58343236
45081315
89518720
72265266
27590616
65684410
47571641
121282689
636894
130412309
9158132
32037246
49496522
97849635
23493662
131710019
34388192
90204831
53212156
129489057
19711081
56297867
26053598
128633548
156538
70599417
133009070
82739853
42151089
84601968
47777842
120278929
51954591
1488237
128074514
107635401
27273783
8110933
49307324
20086116
105778387
9235405
36718673
7631820
65134999
1012232
55334461
52215503
132447103
7677199
111978832
31651356
72860028
55407272
7091204
12588564
44219279
63603714
14264285
26190990
6068164
11154149
7835714
72327961
131321003
37917508
12673115
4010980
7957636
3168265
116398831
129151368
106520121
52245756
96535206
121354361
5497290
120931615
79983160
132266409
35846694
109977369
18278886
14323561
61350148
54622344
31626436
6128410
20714239
40140038
37724265
6756194
94924808
70274603
21940820
15363523
7505949
99621360
46112566
80530765
55653940
86478528
55688181
130908787
99554034
35654566
58185160
26994227
13463852
61632365
81306607
82997902
106183438
3813069
4453861
4060105
75064109
23872741
121742306
15621242
48858523
106436063
13178659
78768778
70130572
54571081
21586280
39500782
1844490
38648228
20945495
97542835
93754
33483483
51048896
12576000
28701396
20506552
19879526
23412430
89833265
26991335
40140581
132499411
25785476
71411789
66377005
110899656
24995289
10849735
44266569
36189737
1931016
3044492
46315425
56282246
46481133
111490984
22683859
502742
108997158
9579116
53332353
116522952
111921977
61579521
24701459
89909311
111373000
133935192
126093063
47899233
41533396
129987660
20115559
112586980
113493067
1577314
17944651
7379288
20271955
43860053
33044663
15887
41270048
83809733
105849301
101416885
63166258
25263471
109579047
38707316
129564398
1981488
111348253
76407104
77719945
103477164
2577264
84933123
56504468
105042208
21308370
78277754
18079688
94066502
10828294
116181113
94719576
72748337
96892084
100464774
123431652
84058268
127941965
86851729
26122655
31003657
44680470
70271957
10703112
8616639
243888
80033469
72967760
70373291
52486658
29063639
75856958
82840266
7107596
18609721
110231642
20604005
98660029
28506084
25543872
15217207
102888803
133631088
104802777
4233047
20016654
19196583
93228119
76927665
52338023
63256632
1853574
64653007
67780566
12918557
112845255
62933209
4620224
61234718
110180438
56698270
71605858
86622740
64572649
14376083
2281759
7887277
21979378
60357391
116668349
50056196
17787707
6705086
47229031
60366401
88135573
67435830
267653
9553016
69521388
2524763
7310328
10050284
37962508
123663716
47320315
24184929
97593328
28116376
31803624
11129462
124729851
27291130
120759092
27699802
19466524
115821336
30668007
31414934
67593044
98989382
78965809
63906307
72955969
314486
95416928
38818530
63907969
133152286
60409800
70479714
76061102
81902110
37553793
21719754
71051249
19602835
128943358
69754971
127093610
105615901
74198907
13830739
44267672
55124258
105808091
12337922
9565521
79263558
58087631
14708620
120353973
48350688
61635832
77052222
48530560
79380566
114865042
84457142
127082604
121176053
49556796
28066245
7729403
38031381
99771924
77786065
12187576
31282211
50839116
3353777
120965185
8254156
20647857
104166915
79131447
9064697
117775342
12500380
8226122
5090386
126574152
457980
6156070
55649930
129286221
79866
120170799
128515077
47850319
1716978
69556121
25156588
32470030
34824081
32059404
28062693
123415147
133338928
60389919
26965919
94876190
124006453
51310055
21544882
123816439
129224305
7021585
112585893
17577934
22866456
6189820
66732485
128975395
62043807
6135069
14112661
83210512
10001186
67644752
63376698
7004428
128967747
33288997
873401
21237650
93811972
57626276
70831147
7710
4429194
67863642
54026908
114666717
1853352
51633626
1681828
69486906
32367467
122644508
128437322
3014
40750431
41925731
33970582
122201519
39170225
76546825
16394976
49543526
98922587
57501778
21097421
34743621
57559561
63448624
43521
86943134
81275651
75415336
18652179
94055299
118821805
75700755
123750436
9894843
67768428
17087503
11434398
47692245
71423176
104420378
76497869
25608325
77401552
71732241
16407626
78060106
118212121
131986602
9587497
54882368
16102615
50713517
25819744
50997017
127971135
126510320
108797501
75288624
116909664
1894118
56544723
53689023
49551427
113069555
35418
75278669
121777166
11808700
23921770
12716142
28892000
84279054
96984498
55690834
83764948
4346339
13768083
47093891
59079392
58875900
8470495
10965851
58779662
14021304
8052612
110107102
2840641
15459334
105379179
31921272
68202870
13199724
54512207
36957614
13062397
94109291
6441334
79214727
53713825
55560345
5357842
5730620
35835263
3546541
23106109
39388402
10697632
16236242
124501344
28679366
593035
3606655
106718368
28319104
41666712
31552516
62098085
82181756
89030966
49676902
132250043
44327890
83470097
28919018
46433098
106170466
103355733
69351042
2040148
81980542
91277184
7093182
89875816
143219
56085917
32444291
117544373
13652818
66924310
108412651
25229651
19572529
43764819
35740247
11771604
81079967
54849094
5311481
55929195
35115176
128734138
213307
32794461
64773227
12028769
3422652
112234793
660527
123554776
95858714
47954151
74627731
32792857
51718006
12595632
72804344
129963439
102195878
339938
34985529
15772813
109028864
119552681
76549495
75328031
91955484
31192907
24810658
6884118
14604956
72700472
111849646
115311036
14728190
98515564
89785043
33674459
55073018
112333194
66341390
86421732
22112913
21939372
56653803
146990
6637926
8165306
44075327
54641899
51925999
32219991
931204
15171230
4255295
3756447
8066595
7430719
32181382
12847111
5357678
3024166
126218259
85868518
105917868
25500708
131122360
25431078
36320837
18649745
14086577
23364350
69691660
107450923
85369049
729403
132792329
83833971
127769236
1257893
75190886
72567180
74176124
65471644
126393743
16276939
131831191
3220804
21008400
40920663
64233549
43340707
26241215
24653742
78542220
11661199
70519618
23181285
109418312
116145167
77571908
82788178
106401294
22135797
45908124
54990325
77869478
47152431
83883344
62019255
101937199
123275338
779
75634569
490527
48349137
893933
52876796
67087380
27045630
8916687
13515464
2939649
228382
17514990
9641259
8030671
34890782
74486289
116755540
71208485
24916965
62493010
56365158
16589511
70972015
101683424
86953783
17538560
62533171
322182
63428252
33133074
86078857
2258725
89581781
622850
23863125
118161944
74465895
29713902
188021
68298963
10562653
36518129
32843929
572328
115511231
13958332
77581258
125657185
13101445
4744281
91152479
7856539
9100404
5069077
105653925
42494205
7154826
107927629
41414953
117925946
75405624
122421489
74945291
57077341
35570615
10784658
124668954
132112934
62033799
61380010
9182325
51232828
95190660
19621737
22361463
25769234
128382787
2658586
84909180
72083549
91705435
39749566
90274981
27098751
65813565
131373430
54178621
4547
212006
66840422
133065836
325182
105962415
100037761
30009973
63414825
35344497
91780552
49701379
6061006
124206359
53223056
34998866
88399040
116195550
8667308
1439033
38969652
52367636
19010183
29204724
95471420
2753249
5783843
73080553
106041794
30390477
1270382
109264556
561562
6492942
29160824
19487978
11198039
107196604
113495625
92112
108320165
58338420
104555848
2434262
61994027
78433528
52086943
8233518
18556962
19348810
129502780
108626133
76349628
82145080
28352909
15622416
22475617
113100892
25073283
5411455
117096210
29887308
126231934
89922104
86699798
55990355
59033539
32422348
28949843
14201492
98651347
81538909
49562837
116160190
77563569
44216340
36869335
61057605
81907890
106226310
122195195
129746775
74424155
16767737
7462209
104235914
912209
1839543
16244428
132145610
2523855
7068006
108714509
28268767
12444604
8724825
1997042
116676873
100345073
7912890
28247814
13852601
57588375
53310150
107190584
28390591
2073231
90707527
50633752
27527956
9935670
19599029
40497070
2057
109744054
2918676
43158593
28039888
63385389
100693297
48186890
55606201
18227988
60164860
12468264
127018796
34453919
19427738
16806309
3306047
82000250
132936878
56663245
37968752
5104475
108296272
82840715
1142951
6196295
95441758
37891894
93554082
134034555
99403192
2266591
83916744
44340531
31783151
124026112
22041
46087904
1073944
35869724
63181103
116845060
118655798
80843306
8209882
130454466
70826002
8193718
62970656
31334204
30372246
2275750
2735493
57561394
35922183
27101694
103043073
98904727
3662015
26010423
99425022
112225620
9633990
123906627
91831077
39896703
129501153
55836463
128605559
56162733
49433554
4715567
38979660
15857457
1370530
5309045
50844602
51776947
65142261
15918236
30014971
16326933
114156407
10243763
117681189
42396520
61131285
107535975
112300090
6257896
100773740
67224171
2652440
2266768
125847960
33851853
9773095
93336997
132304942
1472883
64011765
125032255
107523584
5409382
122030157
5890450
36814597
1326905
52629079
59908480
128984321
589431
76150560
17639772
62273833
3280411
62697435
7748045
57194093
337116
12956203
125993879
98867883
122714884
112714884
17885574
1436
15571449
3444091
13616973
64623970
84997
87293241
128817072
61281773
49554295
27658427
9720127
86122110
79146088
84585859
21695243
32227069
4614263
392732
100267652
54837509
11797098
101219767
131176640
31573144
39275927
51958456
97683697
92887959
96504463
90809276
16244009
116228176
25703206
101757840
117347879
31337064
63902775
7615000
6610292
18708906
29772799
121860111
119983904
122632184
107697713
25084510
103634680
75624691
8386757
87142987
129792061
104738130
8104756
113962203
123209828
115738199
84572303
408076
76586559
2352115
11883725
109582351
116183293
71978625
86340340
120721317
30940101
46624926
49821533
30893484
132668729
24391022
32697257
17241886
15513190
36679487
57068368
25154938
126199213
13130455
49359947
1769461
49072976
30641906
4783677
6732084
118234692
28397790
16748993
88633449
5598371
54929528
66252377
43635992
96705140
16494656
105023988
14943766
64750215
1042401
131745135
107773527
91714955
35770220
22135532
855792
28280709
63636161
124925781
53415015
45152094
13806336
15390199
22608944
1765563
100262836
15470471
25329504
78106528
87324330
55354870
1523355
17751182
75674314
98527125
152794
3280095
103659202
129532491
29840312
96415399
66715999
31291408
118678577
49931422
111309631
26309810
13892328
98810922
55756940
596963
32084812
58598626
61237229
598259
729313
1179770
14373991
98432439
3859850
14921392
106504181
36287325
64117833
42661612
43945165
39885100
100558383
44955286
36245024
21165850
112444486
31686190
27303826
19670162
48559670
165371
38982532
118857136
6744675
56321538
88579173
65976276
47996111
100567619
28512853
13687
1256529
94710928
7061030
7654089
2070591
33378740
117392822
17209164
29247284
123569806
9443206
647197
82245528
42060826
69859593
112307003
17694855
32780024
115604045
82897964
118369473
74292017
88865329
3834093
51842441
46782929
129074338
66396181
46425236
21647579
24711086
34763642
6612070
63551074
107459601
79907861
15897716
40525964
99204239
36982362
56976555
93258624
878703
5426995
118071744
43554447
65928365
107111552
81137352
113965991
131339468
45201614
1967198
41912666
71191209
7367947
69579097
96115213
8239366
5742150
75902496
75810248
18789442
98844330
2044281
33100210
123651432
104609213
110080424
10347071
5482098
3754714
6674429
41202537
58537575
45049329
46893136
71230173
53697788
88048155
6480041
3715305
61028868
25096380
12778654
129295319
87467256
34659360
121822153
90851581
76980088
94033472
130292697
81005663
9734640
13452220
84308093
43711758
106138761
51151845
12712099
8020148
102068988
75419140
8035238
97759338
94299854
81787651
117049259
41242470
106887064
110408741
46572817
70841389
18463832
11460567
125615368
62088712
68670428
31005036
59353334
41699958
103842872
38924235
130370537
5583651
90296707
55371744
96130088
125553052
44070
95603861
36344458
129874527
123293
121362756
62725584
14995328
11197690
4066136
46512255
41959260
90922549
45356821
45998853
3417755
106768920
83996746
21116302
74139632
112092803
4970620
54156108
6365637
87472590
23338404
3691885
122104382
85731040
90199000
54345289
22308354
63475265
22385558
46877865
57405153
1261457
31217334
123028888
60859196
110763397
67354339
1719107
109803019
49041941
6134320
59495942
66877727
36173370
19277574
57596308
104518047
13576921
50328649
124267521
75271807
8186489
53870497
128640904
33043063
5536944
77595542
12225096
72258181
8165362
92200614
53351280
64832318
32076143
86674513
68343227
50192692
33473294
97108637
82069112
125684136
15861261
15423306
21250539
5248482
81434857
25633661
2822406
1707953
67026181
62428729
15094174
73184638
57279790
38887733
34058858
48453507
1429901
23399129
127079549
73370554
49868152
117991375
33552474
103984337
28851962
122986185
126328230
89612979
111219537
12441015
115135806
65585153
77247205
86805570
9193319
1499792
44189257
109463993
2501958
124583742
19114738
18950850
42036925
94385619
1753026
116743773
133052271
124848520
1042688
627613
130220592
58920122
7756802
108388254
4082631
101042692
25046838
42681024
114949751
30532588
539285
30834389
120290980
119508452
42272131
41531833
23392986
118006698
9995224
4056212
110835596
75401163
842349
3787715
32628511
87511873
21599217
91584676
133973053
22515246
666181
61200428
64946575
69987161
15198451
23542093
127815432
3920546
787256
107401719
89865103
26242075
4227845
61169514
62665360
53359764
37598522
120356651
14492151
11013786
117912681
62673124
103580518
124383192
94190115
22509470
3343491
40627397
96928141
23213366
101408209
57759953
31964902
39698500
101214844
22826748
83692322
76043509
57172668
120595419
8194903
60098780
15610056
1683926
79593277
11224900
100453054
97197779
22488202
27194514
31590281
115716043
25846251
48019323
42103721
48580192
51989242
61227868
34890212
50960364
90675744
5788649
97576172
50956979
58424
35031096
127113997
48247992
59205335
118756646
15320790
122509636
2288797
53149609
13392570
67865112
65539296
30868974
13455696
61914468
134084016
42914235
48046925
6494200
63188439
23655904
139587
91864638
222112
63620882
12523531
57066807
113613499
86842434
42047695
124322671
106866321
45970318
22628823
75276525
13773351
65285230
33343269
14201182
990824
64713162
2837646
18309438
50944995
85664620
4273312
123933407
64776193
92592163
34772273
2070713
110329812
130412444
123513418
128812408
88205735
56961546
120477466
53009647
62489757
2128995
4685073
131184688
52234266
638025
1130586
56468388
69535484
11535757
46708272
33815775
5394629
66840580
105724919
121792729
77429093
58929814
22439171
111397904
131487053
24649388
103920193
118281512
114479478
60725593
12502497
111909148
521300
107489074
73497430
479539
118912104
57810141
56105595
60952905
126217758
133739254
48165749
107741120
25458736
30072
103228139
103011061
111867718
44905750
19691905
111305958
94921918
4337144
48729687
86626189
80276244
62908591
102882758
786483
120240133
10219150
61712188
41626363
124975195
22400914
63259533
63404898
25599239
9027173
132630415
102628733
38849142
63141782
107493612
123199356
774254
102688094
125280766
105450902
93878704
34811491
127051726
3283952
96351647
115594686
2091648
42901057
1596979
24881888
105514589
40024374
106758409
25611744
1522570
15544099
12180993
22031323
51330467
117262540
33405781
100044098
90189531
3919673
110048864
1969327
90555229
90890644
1594808
95042041
47884544
298364
9570390
2143580
372473
32580665
23862
14214191
54499076
17134939
40291756
62188703
47945360
79789326
2310054
28943930
129424192
15446485
123903912
28589278
41431005
23602283
3669233
11457215
451977
29935455
68316267
67535689
1946451
4672386
52690082
29401220
117324855
3120782
20167580
62391414
25501354
109195888
107972896
113279752
17339329
89054694
23466018
93795729
64971692
35806411
52632165
3818875
49877531
96620203
132234535
76149964
114946534
10649088
78890838
121096403
488152
53416751
49021549
91667932
10243956
76575348
42494998
27580475
9974261
10824396
30164736
25251558
11683717
49945586
14130974
21455192
2892156
31217764
2573452
29369829
116979017
9976090
34232870
53977435
4057507
90283712
69994832
40427180
28546359
2890547
8135653
40646732
84772260
10369807
65927573
5751004
1762397
61394467
77664935
122856516
18497507
17103
287879
10516148
2525795
19577103
17441543
104490102
115891815
45528915
36539289
110921657
24693963
14400267
50564893
1202311
28852607
22907625
28429185
56858190
35225578
12193113
6711678
16291085
28112796
4090347
1733358
2675753
13921773
721567
117560772
83831470
99257630
4203317
107654083
7434669
11773316
13572908
71560976
22685561
20307324
61376552
122705222
63035033
28406143
74718647
22627313
123294106
28473568
24343689
120624594
83222340
27982588
25020220
104549652
46414138
275301
742389
10485740
31802111
89899423
59083228
508665
101236905
22126490
109282166
3660617
3224862
82952679
87629588
80553682
21010223
38658129
2387246
54192170
10834279
14923964
837037
108492293
69242887
37682384
64013103
11477245
16057171
95182502
31416730
60451468
118004886
40235464
103539097
133941944
103503894
1203929
52504373
39087556
8917318
8307489
70577581
51409324
36640202
100575861
67096429
91941099
88024984
1571984
54974257
29019786
131162069
4559957
3710209
117889039
3816193
19584710
48961775
48388680
113948800
90027183
11721391
115896689
93950963
111074785
59303843
87551512
69290566
26347758
99356280
867639
66019929
50860566
100497351
134056313
88547199
108948890
41979793
58816757
120168684
43080034
14903401
75598183
98764198
41839174
128966632
127123775
62132001
2206758
59856690
82636005
75745564
71787153
81481504
122032792
80984230
70971543
101075764
28812914
43498508
13395685
122310495
133892978
46777104
16720682
1894312
64125911
26304209
131498828
272062
131415556
5684690
10922273
100904040
132398768
4240418
121771333
62217797
89275334
128630639
66172875
15964630
100409542
101593082
5641431
56197997
8162378
127852785
12458605
55115241
93479190
76031870
18874523
26376451
37583424
15683144
12225218
65323057
1508991
127799215
131434238
108672818
14887513
87911218
113962023
31821727
51387924
110353690
91815655
18965613
74239422
55057600
115547668
15103731
41132490
7579517
43315360
7200517
6564962
10169243
71249337
118616053
7845487
105623063
64903973
17440190
100627444
8736209
60957168
100858721
27561394
16307026
40524255
49903907
47286305
33206914
27517913
81072348
33633131
61287125
108214779
14750265
35440489
26151306
27041371
73445631
3152467
1684811
23400395
23399326
31355748
19459750
11833718
63337080
10862785
20214384
122640909
320862
111318992
60551897
30128745
47006499
2973054
11759606
52086620
120814806
55205814
51643266
25721375
70812714
23418198
2114758
57999127
37813978
30883413
121073003
121264935
10937164
127486612
14001589
120559098
7018528
133350271
99678975
932068
2080700
4181262
20220914
122758417
23250030
69920839
81845575
104204290
7726497
53077269
5350488
41659773
116907186
65118953
104752202
9093726
69951593
6350093
3272428
66423187
126334
61724895
57790522
66503799
53755399
72277788
50170945
32143572
4455097
18802190
97481892
4750529
19850
111254720
122521172
116518310
84842485
113166557
89648764
33186949
60782570
32939748
32528770
1480495
49375400
69544977
7581540
12862759
105341801
103845893
13686187
61594925
146333
12381354
90985017
511175
61875260
113268534
3198692
47577798
96781068
27385921
130362665
8670462
454523
94326858
119093081
73901377
34105746
81121183
80945607
113732231
71209497
120247475
7684810
46809876
1283246
88584505
84118775
32600480
80976217
65832017
27214
52307448
42097796
7839877
110774881
9073072
57148126
14425816
8768429
15953103
15823246
37598139
609847
127080604
63378341
87455935
43436592
117096968
27319706
3694077
27595031
19716046
47357017
109183373
835810
95940224
2072885
95045584
120152838
44662644
109542461
113993680
9694019
2020891
8559210
84697164
56159576
73554
125613241
7022080
15831736
26942031
62267411
27580695
66198802
5572223
15050685
110542718
50266736
103779238
70099014
124528320
2042
513119
83735497
64243996
133329946
64488626
117423907
79593071
17848245
125184388
10545462
86731043
19157146
110506231
28804377
59421358
115512619
65622651
30376200
64478948
106690941
2641172
108152246
41311469
95285943
2899946
64031841
34377730
93744030
43009964
15376906
16679180
9214241
15701309
78780402
2995798
54317105
118072042
29406253
47252681
108571598
108399121
13550032
429576
44637360
12366646
113846987
6848992
8552233
29192552
42793704
471149
5028680
7611883
41890907
741751
3017237
113455088
4106097
13922043
67380647
36248639
27459617
15440686
33129621
114658131
8627831
74132226
18741810
131383009
11394808
2910293
39524560
27752740
42170677
3113878
35723744
16751005
19975354
36677100
89846223
87135842
5678058
43891971
10762064
1148113
63047781
118394060
101824199
44083269
15327471
76309
106112544
56157
77695280
62807545
4057033
32197397
22823627
44811910
68909526
105556161
88436161
7764330
39658966
32963842
1809611
65458489
98542120
78556730
36960397
91962992
63242338
73933562
13158907
124478964
38884289
34347878
55377534
16363751
87169847
35880170
124822073
17755598
13159971
123806883
431526
20225812
52765141
91320905
67535249
10823669
50302733
114118176
25220305
60528625
1915095
52632168
71782638
73864113
30415326
109363495
72110388
19956595
30328180
60320427
35538182
34189587
13710992
119623418
30132157
9639670
3968115
66049806
116552708
67978610
95513428
123934839
111131237
99518673
29117514
3521
97875987
16863326
125643233
19570596
55967144
4367506
1409481
123798003
75150925
12880648
97849310
51637375
11119061
105318687
36052888
132544716
36557472
16403245
109814290
99650938
1183604
56478193
86384045
14624387
47521000
51280784
123271270
75835095
13215743
113833943
32805664
1429863
11608629
27799
111262824
13886174
103426342
104712473
111372805
120333265
116521724
106623513
1662016
79747394
5349150
19482382
446409
119584251
68205803
79278700
88687146
19174773
16679398
1795672
114927142
70707261
27429506
60158858
4621730
62118584
10217554
53590446
101933282
31957249
90350548
27720087
32798437
48810133
61967678
86783788
25760493
7503835
33747029
58199315
314400
70974115
81240189
25309943
25568989
26460350
6085087
55901235
64425806
147131
98377383
25875095
116026963
25300051
78633085
237158
59372374
38129767
89201306
15827032
3856134
106357462
26034867
111605736
8262356
39969742
68375989
2907052
86821612
30818317
874532
24925649
63478481
2428169
29818626
127478694
99446149
27846375
4952660
67611917
132889596
79684751
39841402
15793128
3001079
40579960
98216835
420752
105243851
1744270
3370147
7211298
969139
26144244
86020797
109603837
7434
94982659
2963288
11674908
61938440
41592040
94427657
9970151
42140519
8053617
38765828
8145634
48179964
30397405
110300302
129907002
57589906
65344635
55192056
28064872
133302768
69116146
5524586
6383826
19117372
6533721
47389348
9674466
100578219
1382937
24472896
51125983
13429
22338646
129398952
53961056
42885774
127708342
45384477
126151255
102288795
60434942
77174311
71006167
13322
49804607
39106833
15297
123032110
131625939
111405108
31339680
745049
26034382
126164514
14347363
1426813
3436988
25368074
2019680
129976528
7006286
54893073
49860797
133381698
23224
129122402
54072416
37662638
163555
119894774
26871626
42303365
21038731
64921890
72788770
27274247
41909673
122078268
95775945
72795268
32399894
98236408
71713744
11355582
20283752
50961248
5404923
89124261
90673137
33256992
107766485
81911024
24763136
24510976
112312294
3626082
96409625
3114913
832
108576666
48767728
63910168
75748098
5989631
131846730
8591400
99455298
21289
85128
115154045
76009284
127619117
241655
62815473
58352769
43248793
15626510
1301
134192901
56638399
4076212
130577018
80236002
3760605
44674880
1289172
125220137
13426619
6390178
101563275
422508
31086393
369762
16407842
109121903
2774609
89361282
84794862
96665553
102575461
8769833
21369185
29079356
18649537
25175646
25968703
4058191
27251634
95820897
9807839
38390121
5662572
24389004
13806832
105849060
39430
53242331
129141925
8
43812886
99510501
5454924
8148139
27722559
18959756
102005194
115275373
881775
32091211
3142364
32330654
12419926
91341791
35845951
3970845
30381222
56551985
49337447
34648303
21202959
133090332
1510330
84659155
167
35071912
63470913
3415528
43586067
123638622
1247646
5688134
17467063
81257189
13886937
37310644
24827883
7987020
101208088
79896950
76524926
60632419
2311772
55100239
93287351
8742465
61522917
1620986
8965167
13190818
41775094
81252251
116236256
6463365
66535442
20654282
119007345
124972422
77576794
7114277
52550174
134142786
21903270
125010042
90810
5120927
66064698
7474077
1404261
25840704
133064677
8162491
87891724
103887050
45850516
40051821
60212202
876521
19983081
258662
926784
22546581
35637239
27120449
103781068
41836
59130530
66015359
63031237
115325795
4695952
55336
53067950
4558492
89931491
122827500
374761
61279912
112661761
35000426
7537165
12434648
34302636
54041982
10073304
53051572
49222167
51943
936071
131200866
5829855
91223295
14244919
83153029
128315866
92936764
78863711
118980720
126408523
98595235
96288821
132223682
128422109
493992
36850095
389323
85214205
48090878
27027810
116386461
507192
32076969
76426032
37214297
83159575
56442948
1097164
109788117
42496395
912474
16488912
3092727
61415086
92128275
38809165
5653987
121027547
105881555
31468328
68882695
61292135
31129271
47832600
92782835
10327
76689564
76933583
32263622
78578867
85224
98275671
40235147
632
17056821
2793144
12982014
83496446
7449989
4542877
3466065
851914
120277932
115525529
7254296
103049677
20844497
25254034
109781069
25624710
25737470
22117516
49009877
1023637
40106099
5232833
14736956
8099851
49824004
17626891
92072640
96176636
13062511
50720863
104721494
112432053
63866459
36670526
15236895
510117
127989246
1531030
48141595
7702750
4395739
101625611
34902093
27528437
1832673
2297100
121531591
78448682
243146
75083963
13952912
70969020
118459166
11469242
4519298
596182
1080452
11710369
14276559
1036760
65272729
109074529
5440145
118262315
96611782
120444877
35800291
111076103
72329068
117065126
899448
29640576
114495709
3326036
103684221
2256099
3077435
20850053
56511032
59977912
118589047
110992319
36393039
1964171
29349135
79447303
49561701
93027821
192016
71415982
51831621
7888228
104352233
59659483
470346
129467413
125927027
101945420
96723330
55207678
68056920
119854559
132708406
11241254
95753038
62787656
11413781
281302
70703418
1732870
58589942
96
3567307
13544654
15033617
14037350
31651833
13970584
42906346
15591125
81656095
66568620
69258691
44194790
51303249
132383042
49595907
8105537
105310585
11235378
46775604
52901120
125223722
3273198
12795623
122246179
111559977
65785591
7665337
131256962
64759255
56303572
72524625
78774554
81794029
9261195
118197811
26443672
32262398
126606482
42872432
58437359
64607893
40070212
105003791
412370
50626984
15568493
1521076
15808271
132453401
31274548
126809313
104623576
55184086
61748144
15240988
40563096
116389
16035333
23962423
19383453
9754427
81672394
22284283
127037108
3327
50033579
25902044
13775028
16931084
4288641
20600639
14805002
76572234
132343669
58159254
63684460
129296143
72768727
120190347
21569866
38075862
6449345
1167123
112597645
29906599
53138713
106810175
75248471
125231914
128891340
57379348
55071374
48706201
20436316
114175301
59954646
72187265
76109959
80179259
120260649
60483379
80246679
11983481
88436825
10545562
113595268
34995797
7304732
23626213
15011641
46698205
683902
49455884
6468967
8394672
80110262
78803540
88375642
20725437
78112645
92695169
131914578
11732877
6478746
113729102
16016078
44664240
39707649
16491244
24326978
8186434
27331557
39138249
54138716
23422799
80721472
30351855
16389397
39153218
43760487
2315211
19476113
110045048
98402950
101679234
111072285
68508802
56311001
171061
131890627
26700621
5893038
90275822
43642424
108454372
14372761
56071461
53018510
133502120
10491281
32396863
20674148
39754834
39233219
131091603
14332771
17250352
73786196
24755582
82895716
64783649
49322209
28063312
25430047
51426577
51578167
46679214
80802454
112525271
19261654
49432537
128548420
73653258
5121823
8159168
60000271
18444469
38130929
50491603
22413753
31916375
16593812
886156
3305260
53488263
29204406
8786521
64102864
49532309
51864004
106611086
65240860
41412161
105295910
9957683
129100888
1127095
91983190
23323735
59541129
29988958
214134
43455131
65845572
8420364
75473804
93795943
122635345
1745469
72661366
10975627
130875095
129111604
77300984
32141444
130783174
80322957
99044503
7364461
42895246
63452385
855509
213157
48133741
34681353
614470
71629433
103084800
103722847
55003627
115828642
20055
108824189
957153
1473651
125508027
353454
14868817
1880018
84977385
53308681
37279281
81476016
37468777
41891614
100566244
83835333
49770822
53587360
52759093
1956121
21563234
36336602
15170050
16972698
26920680
31306724
30070998
21224373
22499655
6873511
6361481
15800408
42590838
3542054
91592573
118845861
13407243
30466070
22940180
40209162
30857949
429345
7653801
15269932
101123141
91661242
1081081
99290054
53196069
81107229
1956439
115786015
43485260
80621310
2000284
110886573
86816254
118463997
18005845
104158126
52225854
9427814
252819
47031092
64260298
103098277
72365244
15875976
32076856
110842384
84701193
75493628
35614947
64768272
8360423
63729337
53877541
50220796
184099
73965194
95017
115149204
75167648
114921359
37115678
118238998
42567475
4626251
109971529
21743918
119894066
56150240
110606662
124210262
79563525
62507627
109833403
122352509
114211345
42707820
131498140
19452063
32931016
123222649
13227249
14963838
68808455
6716455
13852328
50281700
7740819
5169
86215463
43748589
32159400
4199723
1912846
6765751
113110965
28385600
86534090
1036534
101083026
11848865
19209917
127416176
24552809
83115844
69378517
27388943
3182611
7020598
106596618
4124376
98316865
69659587
96430943
93372254
53787321
113317351
6041329
4942125
29684859
21117001
3526503
5820693
3319126
34225430
52868898
1117207
114281205
108773649
132911673
14172923
10236470
21261310
129541980
23955634
125322464
102462339
69489
90041124
128952010
21155207
130347966
43342343
97505222
91813876
1753138
44692792
1713044
92083885
103974040
104704374
85850677
13079241
54008936
7658540
84045265
81596099
42153458
121255707
126218023
102196853
84360
3914440
15184423
71519923
12889990
133311872
127449338
79813516
53193423
45048
51658899
9835176
112198436
29628737
20525636
89770445
111333113
26489792
44983892
42154006
38028235
75054325
105882850
41210221
86707019
124230234
114659105
79570796
54165135
26255384
125876161
112078570
23051034
10032913
133824137
39895289
65604127
16538666
54866955
1100994
110580279
86367091
24292255
130043024
14443321
28913891
40033424
14599039
42962080
128328793
47749754
25014223
122344759
99999213
37844392
50680932
66049036
97720145
11121578
58954902
1562554
13916102
20957124
60172163
8058986
85454276
78865702
53075413
17613687
132789228
127255381
68999660
53394754
71026944
4796964
45157595
1611527
11308586
17675950
29623983
6521363
122318661
45762426
8451150
7578583
10537481
11723126
2217436
54899848
52285549
13789321
50872813
1654093
84720648
10162654
55825080
10778264
104975029
33804863
94484517
96285617
72162662
30731845
31165328
76190717
44428933
21141291
49990420
65791248
12897817
132527337
126672833
32921240
95197752
60914363
83805797
72837045
76826256
1751684
50803669
22575572
127680988
742592
76825100
48405296
43811066
72286896
1142581
23392706
75083854
129097
67092033
61442130
54045437
13757642
12282932
3704124
2531518
33762659
48365523
37744055
85145451
15786750
5604134
3869458
80505541
105988490
67972772
77612241
119284824
117754
23849766
27957796
25598714
2480730
75925142
31961936
80589579
62059
37392847
19272522
28616095
531016
113451610
92945063
17473399
87224691
59141874
5293067
25587154
46372592
22494648
132863917
14063665
48531262
9741285
34109404
46125841
90727504
64647834
77
69766398
28687506
96641892
3798573
1655124
51931156
114777921
129233772
2244471
43178047
88808696
105211664
122552
104876925
36474181
31139292
55471771
59302090
11839928
2537605
131306108
63266127
36
891
9728501
91762214
88508747
3246817
3162329
54182978
80868337
96948268
21233833
103802821
79106375
5214762
38214883
1121084
113381604
45905734
16488055
49969569
78008768
52716867
119861263
38949873
81547140
53530650
312134
28991306
70777685
93336240
75300709
58357206
93289621
1524844
76245833
111353985
38825985
58352623
43747955
69896711
100658055
324142
665970
108316328
92302675
66995782
87429216
2118467
41946035
47073496
46911506
125717427
54191457
28967287
105473679
51320921
132571641
49608441
132867524
40697905
21824832
115503880
14041450
105349033
92948472
2657553
119484438
9067538
109879165
107075213
92018791
4464578
130553772
8448534
116506544
25375654
57121797
7322366
56096333
71361317
29242321
39874646
45664006
17657271
90428176
2622268
57403241
12703148
777553
117870064
104209966
21086755
12819020
47039565
24248208
19766471
97112029
70694720
98396221
24249464
65526845
119276457
127605303
20636431
57414984
75874078
91838703
76925178
23224471
98303382
98635259
37369238
55362175
122128609
41819
63743085
32325840
4782611
14621128
6194220
131927302
24119927
6798474
47851425
76966738
48428057
9858092
44822003
28851858
63912118
40834457
40214008
14870262
32015174
48686125
77392024
96148633
30005996
64443654
7882568
59528957
20779201
120543642
34221677
4803045
25896464
14409987
51314764
28193588
755550
54982589
3144177
4237618
14485138
28626937
79855695
121602254
83253738
4662949
35788876
584014
68167430
18822661
8334484
23336068
159545
29522543
79275405
69389839
904908
54465275
173128
75101378
96961772
65149422
64000287
81542083
29010425
63585352
124229601
88974571
92204115
123179156
47484705
4993691
128449760
875996
114228700
30974741
31859437
86298821
85165294
110120679
103595813
107016867
116757247
64976186
6983013
98887264
433220
5091557
106880073
71057377
32439285
133991836
40267233
18628466
54237167
1976229
127314581
101001564
119599207
100945611
17752868
10967964
64192795
129624703
22059405
132182081
8096957
48864960
16041002
74098263
29493873
101380356
109400639
56440477
20095619
19240383
19180309
90550301
6357279
1319345
91423156
27726588
38737469
206652
68293855
129821387
130917312
58136505
20670384
37954985
37985475
62321453
77993266
3593304
16549960
24837073
118860156
94306667
108779652
39193874
121467831
54457110
20205250
38365219
59888017
81915468
29807225
102301953
123540
14267109
62332819
80007431
51414850
90710159
345322
6315247
16901365
40373303
78946916
103193173
16055244
8692864
93781092
21903138
81973047
28554012
30992940
34993764
6549821
59478
56354470
39395074
40878798
32799409
125474319
14499976
29319249
58603557
6678415
122084150
85327475
54153487
102649276
32813911
22960797
24256885
1201941
18871623
30660081
7821615
8123785
10008976
3921744
49401166
57400874
4964678
6663077
31031999
1988351
3733908
22423277
11853240
14738223
2671829
90191052
55256458
749684
92980544
26295415
36119753
4457430
49457461
32105207
3231401
42271466
60349106
54246473
5848469
56536288
108873340
5507579
1649
41258049
130308043
53715096
117156377
109745910
15946913
46972478
102365149
101788875
127611748
15464262
77552599
129213433
68820458
90946451
1516438
9765961
20256175
38666658
121287256
45175847
56538204
27040
88325888
118427726
1674230
92454524
1365319
26201262
62002998
65939344
46177126
43956556
111400831
110105801
16713230
93341109
33796701
8188
78657868
84123818
1246786
58692875
100762
122964877
7903475
24381399
55859389
4743174
68187378
28109325
15348561
102078521
99953769
121821959
53070515
81814067
6403714
50445015
5577
23836207
258870
121192994
100304608
16643048
66569864
67973052
39827956
49919031
23937516
48887476
121075057
5121199
113378952
56344884
133246724
39849763
43907775
105820271
112829362
29794675
67557545
39916169
84038601
71814002
60805463
21495307
44476271
55704396
16580046
65226085
21219957
58323978
126453833
10178034
57359763
24429382
55373593
65729264
15334283
18767789
13801545
20665232
113836894
133730849
110358408
12678658
234877
35562265
30606200
117791173
32004550
39258905
66069644
65200495
6942205
29910972
129179190
14076813
30379
38001928
9923522
49569655
1383518
33450617
97297949
58478435
30622723
34584526
99753946
106467559
98373341
124486696
28077711
64115063
28918576
12900643
126398017
38161234
151193
66118055
55078283
125730500
37854973
86517637
62883504
94916109
84727096
76232391
7250151
77658038
53823240
29167510
119997022
19369089
115622850
39798562
60306020
37456597
62574531
117303989
18167339
34326888
40924337
16172102
19015464
41140890
7570738
28487790
1435532
30622553
52543683
126787104
120725112
8038939
19123273
4109863
235279
24385747
15800536
69235069
180613
97685736
28029607
26508655
32110743
2264265
3740346
27110501
121621290
4099146
96297950
108818914
1722518
65504703
1326130
18728026
7700002
20679280
127369161
63622664
60097605
33527377
120624522
76607535
121985085
60284369
45351565
86393573
73639781
120580607
63247995
113390400
70292799
72919692
48987653
47424195
34984276
14977891
85986437
64978104
122597611
104013
61595728
4212709
33106047
26299450
14145398
854489
109047489
5912434
105265033
113955892
9513889
24335478
91634979
73550683
109150211
7400513
112676362
86433894
56074549
131091295
3087890
4661
1569468
37900083
52896393
120127108
8286321
2671111
6411678
17994592
1570746
14978078
32427525
23419548
18665446
107140485
104716253
13417755
129443076
129101211
113147983
61587759
133404124
58490682
53142506
109005651
109635231
28762175
95890244
58614623
116537637
103867853
8998477
104341129
356017
1172961
43933650
106966560
2560858
83762255
109358645
93668
688335
27452079
88326964
5969930
83049209
120815320
103431881
22354173
1842305
2280967
59563896
3706466
121533757
17148910
40431948
30835341
40541988
9014499
100270302
131578265
1223077
76748504
544911
114516724
74480720
62391334
124823376
126337648
44233865
58083728
59948173
73176407
17657137
77076936
11516911
15978841
29136131
109668954
115960808
5722670
90589693
121287469
73752218
40393087
99425968
99910999
5895305
95975874
11109184
7150062
83981183
4156802
35939684
4686245
23299500
6552688
16731685
117679
539286
35372529
99983090
107902908
79459942
117506524
1060127
45461065
5900102
126110006
33881550
76786527
1298104
22195485
128581634
22117325
29570062
124300351
102434830
111627581
99007821
28276258
108654
115560404
107369512
78518831
12715026
88714528
32715773
108413179
36544237
22629021
39941800
133740
96480282
1591736
70932707
94367634
49039651
133258262
86167196
26408059
16805
18389899
6795779
457337
43703218
104575728
1562574
64278996
32627594
130992512
42351153
125257629
104432576
17668022
25551462
2667621
54139556
357329
56919916
3887299
32255039
30089252
5074600
38603281
26887135
5775777
49624362
39822508
47339529
6169005
35728411
8156548
114064159
52387835
102045443
35087685
42944100
504681
10633840
4275358
108389938
76956298
64475455
132551156
72680033
130117772
71300179
5931995
102827729
32154474
95085784
56468870
6684164
55927094
6392855
46824692
113476085
128339371
114506558
62622779
690592
684358
30806907
63162782
11779128
51001521
781005
89747952
106977241
13800638
103396388
117999485
93934722
59799316
106691024
120736175
32685278
65323989
57731199
33417786
72182206
55419099
30067459
21295893
41927251
20003945
30111321
38141508
5412880
14345012
5976056
15759858
30985704
19330592
65016269
18311237
9740920
87947634
31882222
99290117
29145397
16135141
49211768
21700182
14039242
132800245
4135412
1790433
8529472
2182673
42183560
78603348
129113781
82242783
10213204
99449701
13971755
94317927
792897
29562180
12828734
8819091
35918144
38053234
119195789
72951632
741533
78368294
1249393
1409
90441612
118607924
123108875
36937255
46333136
993260
96480280
133729755
25043115
68007561
2010991
21328349
113413557
2627776
26661246
77703368
126750158
36675630
133998371
19241367
11466515
91776437
20260690
82969544
25795250
53891582
23733747
6124320
114272013
5667
36901487
112995978
222316
44950841
6016045
928012
93990054
104751308
41604978
130733748
50023176
2422696
54704788
116722232
105937715
127989382
33602684
31975070
89857684
105957902
101538786
24701031
68354676
32930759
124294209
122923846
127313435
53835577
70911750
74391160
27839937
125333319
1403930
10498595
363
75014476
8252054
76019539
94826288
50687948
127425817
89546016
70632114
10728042
127651493
62586805
126687978
39934542
85657300
120850077
44482252
15906094
21737245
22416809
878375
1399717
26607471
110476509
27419057
110312617
9914823
99325734
19973462
117915462
21862300
116743818
109853
6731958
2455214
18839004
49403278
107427105
