30901
3613
27386
27530
22825
8834
5231
25210
7363
1960
14881
30609
26917
1252
6939
8213
24438
13211
6670
6075
22205
29094
18875
31856
3499
4916
16478
5056
28156
15072
30946
27808
9205
19330
3089
18761
31143
17862
10654
6834
491
3301
4537
22384
23195
8281
7987
25876
29727
3948
24734
844
21904
32716
20280
3535
26742
20984
552
1778
6323
30535
19013
13429
22536
28585
11882
15453
427
17494
5905
22993
4570
3488
28399
5659
852
26606
27012
1643
29136
31765
10751
16531
30342
3988
19656
26740
12948
23608
100
5304
5970
12181
29515
26665
23183
24634
32705
17055
18137
28294
31279
18333
28488
27695
27970
1863
13
19467
5278
16412
9261
2386
25486
43
9078
7985
2212
27717
20550
17169
3051
26078
13942
1641
6659
22258
10431
25220
2731
14725
385
14907
4539
19818
24966
16682
5319
14934
9268
31067
30161
18481
16440
7963
5549
11057
10766
11106
26441
4359
18943
8019
30105
7608
11430
20844
1359
30496
450
31624
29038
17041
30526
4571
16999
24668
21540
5083
13581
11588
12417
28024
13827
11701
13336
16753
16594
15438
16003
27812
4167
21627
24274
31924
22424
2072
26671
25236
11772
2493
15089
29510
28102
25288
17969
4237
31501
14239
4405
26791
19871
20952
19804
12335
303
16964
7789
21400
4133
25654
17976
28
25228
7535
20986
22109
25527
9672
10974
18847
19016
21767
12639
30665
27761
22304
10062
31939
2101
6908
2265
14778
14854
31997
16058
17507
20592
13664
9571
22958
24872
3258
5757
7800
6725
2737
1466
10111
31863
26750
2055
927
23525
26331
23325
25048
30025
14340
27079
174
32387
524
31888
3784
4454
6396
14064
12375
31372
19291
14095
13007
6870
29383
23626
19067
18530
2549
10114
27414
14666
13119
15559
14035
6932
26718
6785
2227
847
11494
18681
28721
9594
20589
24642
20804
7299
30877
13625
6426
17340
28419
27325
29187
23865
7242
18469
21091
5665
9785
16430
13797
25023
4112
353
14066
11736
20328
948
31842
28616
20497
22933
16451
