126722280
95531691
21309052
53841736
27788400
62056559
5786220
18059294
2165776
18352843
10295310
53975303
83017670
6697192
12371479
23693281
25241596
133610843
114949218
21469381
107691257
26890804
63666422
78578968
101594359
37556449
76265306
4263145
121430661
119379473
77259771
114368711
85272172
91043498
80021160
101329322
83617840
124078074
61624776
67028561
20615368
98920459
82171759
67925921
85718726
50015630
131203591
96809185
72390988
124518609
55845648
16029779
69210538
84378861
72886376
20220499
39506569
39742037
123978558
70944148
37627222
82356001
2998977
15715554
128908855
29720200
46776636
90478121
98571717
12612102
25347147
105049454
5169075
125296449
92592711
96151295
13419876
83205827
26568862
34811671
125985588
109957254
85819791
110008477
83122055
38435375
79380234
29730283
90883475
86778081
95754128
71543337
568402
76828923
107974960
84069713
16507203
319448
106460119
71116059
31417055
127542699
17869506
129919925
72648683
85270390
98303921
85402185
99867892
13345827
64527998
13090528
23400853
24436261
123117780
105498980
9323425
37928018
88161498
63570872
90262982
103355325
25194255
879257
9695549
73529358
112159242
133077099
50292832
47967278
39087939
7356860
115809938
70443827
117392248
42766409
16140132
16262769
6975429
79324957
2028534
114197694
40906943
9206200
43282844
26634590
113819576
131091872
85057202
116733029
66758034
3322
84878117
3038141
6768680
20740144
47916370
86125113
42712688
6589307
117304542
123542321
136213
42478938
2171525
28379216
53266450
14152606
128326484
14512496
34693649
13296105
22514711
58175302
33612938
117398183
51975228
71202091
63921822
3995444
35091978
91737014
120648760
50347154
19527549
58276003
67033976
19037369
48135631
56062279
95147936
35146713
5631400
61763968
16000664
4055150
112267
116455430
88008944
55928608
124847178
56444385
60002327
110587193
9993095
108067424
12256592
128296752
22323346
26643859
54927614
13051647
67859346
66481501
99795551
36214715
81108746
21429514
46092364
35351418
69793384
81348227
65911397
58723862
34508013
13821485
56710620
40444435
24368260
20218962
48617219
45876116
1793014
4068033
100005302
3337303
20929232
42940473
3658807
122827759
131321615
95689833
116859974
100550997
58333419
128044465
120254472
131514789
89250958
56422288
7691908
31096125
92089957
25342896
18033894
131577838
4947873
47728243
70133594
22656227
126424491
70015777
21723853
35281387
49142379
101384251
92289954
37162068
59072217
42221772
93684679
105579065
120224643
18278017
54137528
113014276
25655587
41639510
33280619
96811781
49848559
21546470
81240739
62237768
114574691
30286931
113820554
48546060
98876525
15205699
16308408
103420834
35015797
123037528
68591096
97826696
31557796
118239372
6698039
108010862
5250302
19756595
101715802
77701125
57336143
8255231
4233128
62164083
59477912
40171173
35840227
46105510
106970352
1086611
46589723
28157519
132724505
35573812
45964859
17878757
132001523
86209470
47871269
98997035
16386796
36537885
26082
97411604
9469182
151161
119285814
124394949
62709475
34346656
79482671
83281657
123990675
113024335
94251434
42533181
132263671
62938758
1382057
36726819
8974727
60844671
21617336
30080860
127660660
125376022
71297231
122208380
91182888
62119970
84039636
78416661
88545623
132742478
41788373
94417209
74639903
21504096
34222746
21300421
13507589
83121241
67549856
36149849
53834431
94603082
87778365
34422817
64447275
110122598
94559524
7101783
10663374
55648476
107537783
39831923
47256889
28350497
4992577
44199620
36571905
105223142
124566460
31921006
100031023
20877178
99316429
77066250
85323266
85134419
16038003
59924327
16234556
10786447
10793700
35763508
92827876
95122616
75381319
18940563
65202928
33980239
97062698
16002360
43973422
100452685
970883
44423413
64039214
90640254
54094989
27037240
28472437
27716707
7094088
133295787
6408380
45243099
40686507
48344706
67864252
73405295
81413868
65080850
35205721
61524
45259095
102619455
19138132
97912018
29749412
19232440
111543144
98420104
52031202
109174869
101860641
15631774
85580399
67093617
67780738
14375098
114299266
59239118
131803001
85915156
102627740
83820910
24774404
85109223
101111563
41203872
122753879
76970905
13131088
26130855
6067335
117753
72378697
17847229
87950145
113840258
101072588
2146648
74432136
14114810
41195980
25023456
83286772
89088974
50120966
126255016
72092887
16381710
13476706
64417938
39824226
59571056
47228871
21927458
45693872
400322
90249305
92142758
44268265
17942884
94406980
3396378
33817757
462617
27590113
13845348
20154797
30965626
30719204
63555435
120977794
94939437
127165074
122210701
118642732
65219979
21220203
112596917
65397509
24457289
83064624
108173856
108238326
6876446
19027257
127342445
64990917
21132943
92180359
13637178
32631967
15459818
45192892
3544437
50613319
30339399
94247003
42081333
87596223
24806562
48604114
65910626
60904762
47174797
33962668
107395293
22656795
125658632
691857
69734699
93419701
73225334
120489222
93314799
81492295
76618136
111677528
63459069
25985192
48234594
111456694
19539131
42607082
131074592
78712915
77585457
32969673
81107303
101395873
117739522
112682759
123143315
85067981
70552554
81264680
13725012
927893
62413369
94186218
86197407
119071829
27917852
108659361
8715543
128125128
773168
131864105
118937623
122067440
109062535
105101635
73254857
124056145
37088639
48490491
127179106
89810564
25297961
104175395
71806437
95889838
34548545
22908549
78165218
21904770
40547868
40260143
51312983
3821454
111942307
72471554
17815185
102010350
31539331
39566271
102577848
113175698
109268836
64409003
55366911
84014254
91146973
36430946
106448809
52168020
22297241
73909251
28774528
75497609
43607402
127112820
48567981
75124918
74765274
30606272
23973426
1026570
6540909
242313
49348503
44093789
9691360
23427719
129609150
112531554
109320492
130141874
87102336
80220397
40334911
15002239
4591155
49890611
52149925
10338225
103319234
78605987
3320432
56927253
125525720
107296110
35751518
123266750
16495810
58783083
62370325
32898757
118678092
1992413
104939994
130414269
63079058
37113227
90045275
10302084
19128057
123619197
78358190
21875570
15083
83960185
26581556
55412044
22438407
130276044
51811507
74128641
31779891
48604780
27285926
95326389
17258898
124149124
22473449
108216578
100962444
34055701
48561046
59246879
84340195
96511779
69416420
40477903
15301997
29909576
66576154
92080325
115054
1832857
33415734
4177787
75104358
1255314
133883360
4192109
69972216
95300904
7885197
119056090
69409965
68467307
123065853
31586842
111093444
48720412
64025449
66708981
30335079
2850215
13296385
84743107
424092
26208892
66516972
36965395
38677771
5194487
30154972
89798230
84840469
121824529
126760971
70541537
2808950
23454536
62053511
40882681
6804330
6721874
79265390
43173874
78120732
121339259
112028669
47975865
45094010
4818327
47742820
2257120
5920755
115568972
126670180
37281305
109948572
18365830
55243224
131660363
9975784
42765665
19164283
30323695
125559915
112625905
13040454
93293655
91214389
10352756
29656630
39744017
19707474
50678848
61474955
18127212
119236337
108307093
41813651
40008715
26161782
14637377
19422535
27256688
21428616
15093320
5925346
38643422
53547358
67827123
34764189
113934796
67443853
7963341
31589652
100900610
132217989
105084393
58030982
95210822
4942832
14594759
104593311
48280142
35467970
117184151
38800081
126590846
67505055
37800935
68981535
66397638
111702489
373286
97691387
101124194
8591652
122649571
63200480
120597442
39978034
96144726
125412458
73873636
7346928
77430630
133729192
122280304
57217680
6264041
60211647
61408748
67266388
20199755
51254045
66047911
99108803
90451248
48459799
49643826
15834776
100261519
79098315
6924499
69189907
70498402
5721470
22665723
75556623
133717248
104858054
56335352
76281458
46133860
91618425
114940570
24219103
75627820
12987934
35616042
121068224
14524332
8745751
36910087
94090758
58857270
3441467
123224471
2741169
12535559
105449640
21049986
130158362
51810951
52381375
52689763
28551122
107657090
16175540
59712533
16496702
49134
4174269
17208710
46533043
13769624
3800193
1697383
5590846
93002987
95268744
33984339
94086350
97182714
122714608
80048022
78276844
27676398
116207228
95884223
58524489
34051956
24025212
45476502
63522031
23749260
37548516
77111546
118715677
51290547
4325707
20631618
112894524
120670922
110372370
110146393
48836958
96115954
106551833
95762437
93576180
90626487
79288491
6317889
46820921
37784092
42949157
13771
38858399
97322272
85025823
42765076
97105366
18167234
34602064
53577741
54395749
125947091
127731103
85340557
120084008
3286665
25194098
92505441
10690176
64656396
18406517
64678158
109737223
132619446
22546719
10070287
118121446
105985379
12568285
59643901
119147220
120778242
39348098
7663428
35855366
3799941
66182497
18401657
15817647
109267816
59064899
100307048
34522894
121702771
61787268
38845863
85549936
50268751
72983853
37126376
129018052
89679372
52803888
3570008
44130156
98726656
83045401
75417106
69161867
46324355
81203837
97840746
35595899
72760567
15438003
70262142
14724005
36078842
22705493
9612929
124926114
123432
119473666
60081981
23235078
44625997
1261719
12732921
86459393
70463488
4812541
1390793
7560070
19535531
128894599
60566361
125267970
54154969
65353489
20873328
66529422
22382483
98512565
57551026
52327677
78582250
35186087
32293601
10098964
271824
39116216
102329527
29554676
194667
125248582
100599979
132533467
50258458
74989348
25658284
9629018
63628779
99691984
78041592
121416831
55085944
33066636
40446363
110719195
3261169
65253331
81421019
64496786
114237512
42088694
110524204
114650222
46956130
81851510
26263205
101503542
45866447
36420997
3591645
105262199
99653049
8102632
47507088
59732799
77496021
124788573
93525003
133290563
87361678
133498420
125036825
4192444
55212002
112713627
51992575
75491331
95144451
44967202
149114
61885193
104793368
50773107
79626776
15148732
93041084
111760099
30708233
1820231
5118638
30489593
52035775
108254663
83452807
119055513
9657521
100337455
110009567
16403577
3795385
57267268
107109569
57507271
35634817
85664330
76158603
132035970
15801638
77898753
19747034
40103749
28992002
48424849
32205373
45256131
47609405
61413349
31083016
44219083
124397505
122581575
103535038
21143564
121874727
56204056
10128970
3653714
13807717
97547963
55309100
30903938
133691888
26608973
55279943
72279031
41059925
95228938
126919067
85665800
130541297
6549193
104432243
49564172
53222180
52326425
105423480
2065248
127451678
101138786
94484958
21335684
17920339
67634027
114341777
125238676
127782066
24014276
9240214
125632618
100244328
102932179
81026282
131649298
97103715
58059312
9867562
42754750
9700490
17261919
17643776
78306044
17038048
35139616
124129962
75254264
25664444
75365025
13487390
118001749
82854910
18653649
52082825
17800915
74345254
24573262
37328018
52332643
118267129
43182588
30792541
56763683
11704493
72010879
109511194
114061560
53835447
108561904
116366756
21207712
59715590
90049030
124952422
54236778
115361148
11197361
85506029
118462232
86596454
100573905
89964164
12573101
92978
83918167
110118901
99535616
118440338
57422149
119273774
55488784
40221235
3752969
114187361
26096540
60365649
43251741
103323816
1353164
66353800
29104597
65070321
56999530
128521252
10305926
117880427
93174000
81642691
103753417
17162657
81024312
117784303
92354485
1502917
74848202
1165806
39004087
69383378
47620495
1608810
96969423
34437195
117947801
66724146
118085542
44136035
27807773
3155415
65831173
111615452
29801822
58520330
49486745
14665854
85946665
71948036
81129809
15934057
108369098
48162254
120529705
85369319
88960129
109772865
52214585
10764050
80593950
65660741
10044417
27880633
5118303
12131826
56646983
110452732
4105617
95867518
51071657
76242953
10684183
25256668
127793493
51994978
21142039
7881811
459949
131678170
121671467
78911115
125601923
94364662
131988785
15180729
74082688
71465106
2152674
2333134
69476563
50908297
16310086
111677837
107918572
112590115
9392367
49265270
19353586
37088702
91794268
19112784
15912843
7722835
10977783
112093977
6295233
55500398
62025946
114247894
53012452
6472567
25162185
73387482
76954787
84773725
7662823
109740574
35807033
114132812
7298667
29303639
778451
65008930
18589224
1827872
6565815
104139612
38482458
39920006
120495292
33157251
19477240
115836471
37820956
88288671
84599677
32639587
11977306
81948075
92989895
93715365
8350557
55511150
52705305
84674215
12504069
66447973
88853629
105611516
14392566
11265794
22770945
10066167
86663662
15992264
13503904
27823298
20798282
72737067
16882864
66829640
68218979
39723534
132789106
58236918
132359692
106964066
107303699
72322567
11722981
85071876
88870160
73703682
785892
76026102
5273076
64080657
14425472
46011048
122787982
4671916
40199931
113845149
49385381
80138634
78159606
7106926
115182503
2556907
16752329
87027792
133203490
117668322
15890844
84957603
37350688
56557250
353858
70887081
5563603
27825084
132959770
106797397
77130837
1858902
67904263
9517023
93272739
72337996
83949451
122720779
74151087
83394610
63121162
6007555
118569964
54273842
84528578
3171332
10395999
93219848
115893262
68926269
73025107
68931126
59442472
15471727
115921421
39150495
1681815
2834278
101174117
90961369
42708450
107668730
99198468
58128099
95692134
50627871
122067812
70320670
6917799
5674848
117540681
83861984
96768341
110293024
59626798
29992098
125382999
74157819
65345984
125570923
133356682
118930944
133430328
2211549
123542262
36914545
18820822
33403489
35353389
6804254
5318447
53326059
57790651
59431188
130252917
22137100
13921037
9691774
85178761
107643007
98209345
78045171
130964207
71703717
90723946
65899966
69436212
128601811
123473314
59110253
75901841
100105178
129360061
40380698
13075299
73475029
134188211
134034311
5850290
116458996
122736568
48903393
38620532
13320276
115543525
113240565
110614253
127334419
32264891
51504190
83091264
1147248
10351126
8884173
5149061
59767012
17246151
53124818
55118662
54543420
1418146
81905209
31437467
67077113
27814022
36512839
123011232
116980128
92367202
60578313
32541336
76475494
111675535
63408626
132888855
66337023
104493180
130980893
68213359
36356367
58703436
2062221
76094878
131396847
62257595
60786436
7156489
24083030
35134499
15625629
93193437
75175445
1410399
64830246
55896928
3496990
54464817
74044111
55070593
19833950
85177616
88517927
104334969
36733105
3200373
96584722
114731168
112945499
4142260
15315482
42046487
90910924
24400252
117791863
25746483
58901144
12705759
38643894
65150603
19490939
77401504
49046588
125252800
116986889
110246542
38971679
42538533
32645268
10681464
45393944
28553946
9982896
7595590
61512920
106605897
17083910
115502667
127331004
111864153
76221521
31081331
106872825
58010820
117669039
59893450
66504749
37185543
104908658
26619228
68336514
41006227
18792864
16665191
38279501
8075665
8304204
54432704
43076715
120121825
99506574
112906258
112040463
48808332
45732137
134091409
38561905
28908583
3158951
115868083
35698786
77905605
20061726
1248448
30002515
47216674
126965949
26404917
42917407
126652505
581975
75132
81851189
16393245
10433770
110422072
77723825
68732676
126670343
59990262
46006337
51584208
17948337
58808422
24739774
5056395
39466356
77367569
1827678
1967319
99389724
20448731
16294715
103212110
47363418
72585941
10528463
8888643
109086139
16145172
27125269
81474531
11296978
74006751
61464329
14592194
113817393
76943611
69402278
51779706
51487524
106708538
1907739
24404241
26880317
56729725
10166320
13849080
110897168
114707177
117081847
39597954
111313405
36684131
97972822
121180623
99453473
9620516
70373737
79181166
29265465
4661
125093457
86567560
75965350
80045798
95376666
60539348
58677921
104206297
120149317
22276641
65990744
94730430
97328973
80432455
644118
7298452
6649723
129285152
56313337
1174356
29572047
127453798
31372559
114352983
64423699
899263
116317079
18627482
51326069
117037462
112558016
10754611
123866319
76400084
85848141
85680551
125830624
85720046
89936417
19938121
97945078
9376890
46682982
96667540
56861550
10934607
24511934
72734886
91769629
7092343
86050523
37413972
6627647
78628414
114190873
94346953
7067807
16032
89155380
86419535
27391498
22867391
56330102
39738434
80541147
35373553
24279496
64970346
41697918
28794490
17790537
112240544
68136950
2544870
54075486
105051523
128216582
121122181
72744055
88996548
1048291
117382890
96740868
109018081
41123496
85329311
107563700
45830393
1023203
49467964
48076424
78545906
29068365
18681480
79308196
112201904
127333115
1896405
76237527
23123820
52748379
104991936
109993392
95009890
115875598
36127256
103573757
106731650
31549739
44726213
48265411
39561739
57814441
69670594
91534183
89857640
89720878
81707080
5808053
80818541
33174671
31626671
105497336
39011826
83425465
3701955
56905818
118058010
30750835
122445682
24196263
3351525
100658137
89444357
55145423
82640598
51593637
129185343
26252528
28037485
470633
80346043
89497579
119822238
27828857
51087516
24822012
118769187
51129032
3953553
74640763
88540239
38805393
1215163
104854457
94967606
90358
203239
24237034
111592820
28601244
30239014
10918392
66189863
12226465
16925649
102949923
92083435
45261239
3908627
84351359
40509238
11539741
34088668
2953987
50368758
22277385
127313678
22438710
11376071
54362764
64442212
37571592
52415856
4562916
66098604
10252203
10213051
102734858
18874552
129468392
58226109
46370176
93271612
94145616
76553790
11498700
130991605
68199313
2053840
58687550
72827905
81511711
36497327
6846290
32214574
72859990
34701436
13185849
41988042
48428092
25349239
126308353
44233553
84984655
46926158
7548545
77773613
12606558
57117701
45033187
28145302
72700429
31289170
44625
12625308
16055426
98378851
30513486
65220787
65322727
34140014
107189104
3405431
13483743
53207563
49335708
80554198
118886442
65105899
2476056
97468000
38646348
86133302
17941367
106339962
93556637
80320836
133343568
43481416
56203361
26379623
62826933
14049270
118184460
123541103
31333420
27248351
48640334
116074989
5678302
53544538
62762908
2916112
115012729
56022317
1418660
77441391
48689808
92740377
84501237
28603137
80756824
60608441
47823018
68123543
41972100
60070706
100566594
83643466
70678872
5987980
81770468
123534198
23715876
369228
42754658
4488735
129907847
102668966
95517774
18664290
107638693
70137568
105459752
10035447
71068894
107681549
42951126
48066
47567647
28837355
24122954
124982652
133887154
79499574
69336004
60257754
3218740
1022047
97555610
132438668
128876066
20309751
119759056
17477096
81945506
59099548
81667372
79129465
26426581
56080516
25142906
11237677
76933285
61518258
54704241
28361320
44255995
114765055
43959201
114608292
95754923
37765249
108532703
49348707
28551298
26713901
26203587
18452076
36243030
102693713
55962646
30406516
2862361
130626667
130519256
116423704
16732700
73264273
124945305
8159334
27611485
31022921
45060397
25034592
49530289
69890490
19060870
87746331
25927266
77577096
47206873
33231299
21923220
86754370
105657817
27748792
7722855
38806857
114485222
24094016
98831677
2966170
113482721
123335848
47539309
103213885
12588664
104613023
96724703
101479873
84580237
104101127
124446430
28725978
29999697
77085776
81425582
3246492
112091820
3767537
28330470
19541367
8304876
66808669
98870179
38631233
101738597
25069294
52014967
65576175
10011302
87188278
61369257
25812346
129324119
54666187
16628045
84276460
96444391
120490853
56931193
21343463
36263317
28498235
36913059
62729366
59515569
36074478
102652002
4238872
44425994
30409125
70031261
63222339
129460523
262409
49640636
5670086
132480365
73658672
89106611
77729685
64881714
20935272
3675063
33815816
50271075
14635495
184692
34202383
35346842
249974
66320576
55741653
46442913
59096393
100345534
6870887
59669325
7759805
32294482
130701741
20617172
89676816
657232
130577205
46046861
38381231
126957363
59646470
47066800
3310813
128722029
85682513
98763594
76336891
99499801
54911079
81864903
129967247
93925044
84622075
8814720
123031687
86894810
62317475
98039975
52568614
84749371
62654115
25539729
75685904
120910538
122909191
47643206
20978159
77422535
113411442
70169251
2170879
8688900
63606613
3768543
57312025
86513336
177738
34107042
30724171
51413225
82079499
128071309
83102181
34880860
39334200
5561796
58529393
103394384
108288715
86367382
8807937
59436408
102582917
10572720
114183220
35153561
121170157
28330558
132919689
18826869
58132206
62928451
93743408
41670966
130164874
80284905
21719572
1579420
1663211
84310630
67956625
108509710
109232014
86804749
39025284
65675165
85984739
31411107
19631984
55407595
52250988
110127577
60097022
882080
29356810
110681164
63802172
9580010
2319798
109557662
7384815
15223355
40200750
36405619
1603547
61368566
75044118
62965055
86317712
64634018
57632976
61066
41680821
16585753
5013442
48687693
14374769
33116886
93184464
46264578
3768593
13797892
131935299
5923045
42884979
23013580
22908167
44058369
91637288
9684838
5755027
14160214
5773568
820351
38308637
3267615
7900569
116311627
104457690
45058242
60669561
32458111
19776452
64391640
63178882
209742
54361730
47875798
19184989
6050481
66679366
62020547
44325486
15441130
64327127
109335778
95481232
133047914
3627702
43783471
11251103
62161320
119163383
107987218
8367461
8232366
37142243
18082047
14302261
7849033
116520514
47029546
83204481
31625369
85000318
67909015
56934
4915228
13018725
108673806
85148820
45032209
130107324
122769138
131948320
76270557
128489148
23713051
12368987
25121049
40863501
92570268
132209266
7342786
48146264
54418611
17947281
56071252
22189292
30562953
21000471
104654409
118275490
14312425
95025917
24080949
53027668
93018523
94605983
118558547
30950886
120879729
132017693
31507473
21608288
88272001
10141115
34308308
129725544
42622714
9502
60774305
3590373
72431264
19429355
37603496
79627180
57728134
66345053
105419995
66328800
82652194
116420008
42169801
94606157
126913732
11278050
44750808
45738405
97984254
30952311
132811368
49212574
34977122
57104106
18305879
85004822
119659326
63711088
577148
8025
130401212
118183873
103337397
98718075
29041424
67931329
19625858
43908371
8028989
134025376
45465787
70275423
55303127
47423528
12408899
62198196
90800848
102663804
13170631
107923434
11647417
71296123
32722293
28126743
111306
33155854
3662078
102663296
95864361
97844231
22275389
118917084
102388809
101064948
22689167
23973655
55548096
1684928
23061766
123206479
119591789
5346086
111809353
104989823
116974073
3300208
53461777
13108975
69927646
52778854
58174669
5212
5574237
97109311
114032609
112015400
47119409
7771674
90066
96873606
100993227
2133356
11215668
124875341
25956192
71622148
75596014
42130408
47749292
34071592
46885931
134159308
127797200
43492191
85110330
72372104
74016380
100382205
51520176
61830991
41801091
1305917
1527245
53255770
6786557
60149571
10690533
501557
108291532
39526360
58744649
42593760
113941166
61687321
87664639
18145284
114332003
126077816
53772319
29476935
514693
11678383
100719936
29111307
6446662
43181630
44351635
2087243
103812822
50086239
105915924
132196181
29569007
124609717
133520663
67938479
961399
6685614
52197178
36779538
100894058
90566888
130202629
835913
2475985
14085445
81485724
32930104
53664939
101217326
34529
94534807
50497082
69483519
88980370
17683603
36569024
113037264
117994824
30288449
102078517
112669330
47197096
101181132
45066672
82868653
16562209
36843403
128464444
91009937
123214814
114975091
112814568
55896420
123529058
41023842
92756752
40055242
1130013
17506127
117004559
37188507
17252718
38290638
100044848
130494928
21235155
29849146
17703413
4218041
85081193
8189586
83779698
111861547
121165390
72999381
287359
76436067
1224548
17915806
51019810
58753596
27683543
128275052
115702030
109781762
120029759
41672525
49667957
119156076
84051261
72313250
4705525
22910953
65481991
12400110
21827857
17056374
10385725
131241731
46212878
10289816
33880835
79979449
47704315
100475683
119948313
34721158
42450510
33443971
18294778
8763286
2207216
124747610
17761863
27278606
86433354
8156810
79996297
68426345
21027847
16045353
1564230
18591372
37783789
113561014
28486879
58049477
24283985
6110632
63586266
811879
122064035
2943803
128092284
10232915
50107309
28786041
59392287
106454448
87479701
79578044
30532365
115618113
81042466
8646868
43082630
7736878
83635916
85780970
79982126
2679487
66781032
75367280
114678557
38100639
55134736
1593667
946825
6125885
129603384
103654600
2950055
119615476
27500836
111125512
11061863
5595334
51967006
129124683
126392369
51466417
19613321
124562987
52033894
17362510
43475408
98915494
55032574
55504944
132300269
18941092
124868132
78756408
99208293
82433973
90576607
34115555
35774219
70045923
66293142
48456814
5589335
3619825
4683522
22273325
51079314
52491665
460502
48294
24004007
20397306
13362181
56974197
16870968
85504827
95976106
34355541
17921101
61485688
108164488
19756536
132941853
45619201
27645252
40372041
122304229
39596298
51276673
7788488
8375957
64614779
16535900
47703413
62630405
6244741
89853006
118644350
82834805
103874224
75984225
75621475
73052757
114386479
21372834
56820778
20971531
16141401
63034904
52007892
57592009
94303368
13965782
66085498
9658522
95303854
130402226
117753758
129580837
129795751
74594666
12682030
57249168
21889563
73727673
133199481
57793147
105851735
129692001
17199066
61230853
78411048
82545628
63437312
60333174
97059584
24137523
28531572
88207597
78277515
39584842
1450621
128081250
68538452
67943185
7072159
36069574
56354371
44552108
27377780
6473075
124759480
31833464
68642728
60785889
37952930
905735
643
7786804
86608690
4331562
95129765
74766263
103266186
49025830
60660735
73166638
112546794
21501564
33115420
116531653
16188093
49532766
66991054
15610894
68506539
18756833
130573733
92150986
12693578
30509772
21197238
106102570
20196310
44709023
123833232
102774862
11333698
3805418
12897741
9546323
115441734
106456848
19787780
35493282
26039124
13894541
5380406
13586993
1988688
123108826
60815093
72345844
11122503
100577855
34013934
72648348
108701319
67079783
26833196
129717923
100145224
80792212
74878675
120748972
31199662
86910427
85855499
2074923
124602273
49550958
60166661
16821994
82109201
105107902
85094209
74255394
107248170
129374402
48025578
76343671
122897915
34285673
813132
114150655
116150654
761748
12530561
91738511
44330833
106257983
906910
133539542
26603682
52866483
92365940
57004867
324298
127616254
80899200
19470843
5118320
81348789
60186890
11946158
37598845
133724248
72140052
13463295
49093893
3813072
56395884
90356165
64655672
9091795
76303383
47770688
24486205
78386632
83426566
16917212
45294140
85133981
72134738
112060667
24229874
35517061
75251819
9895354
17640732
88193105
130786113
73161029
9306836
28107103
130217513
121038183
58278262
76549290
101150325
91563860
88202834
51367875
56368199
66240602
92116105
122394085
123628316
23919981
53590222
80394008
84558569
34850930
104455400
56033372
78381661
10845529
24391289
19749757
2428897
18440012
34358034
103117582
56786630
3121281
49491982
47280886
83560553
66442947
24920055
36304370
130508233
98771109
60711632
74515853
20800470
23684316
8779483
63220178
94929368
95275120
131679085
111856524
2810626
133900352
97865526
98473857
43864964
130150647
64781544
107576052
65840106
90213939
60559784
31315745
47035447
5676956
32235619
71260823
55548699
25700991
120028398
68011332
85005051
28097727
32418990
26516120
59182972
98779478
67866336
23368919
6911069
68401285
52965527
2600795
46523887
112216900
68631757
77342074
87941034
120912351
5588775
125756959
96629761
57894745
55390732
45645905
14552511
32890908
4498262
25875748
14666157
81000309
133934452
117038271
121331454
117503044
61226534
61641925
132674814
2304379
126629743
21193602
108200677
114875793
93035649
90261556
33649214
29947467
60954068
102360353
71218705
104345093
104353023
75035438
3635286
65895221
37551586
5484541
106387285
51782579
127299150
68979025
67144297
1798049
46206125
87196634
41390007
2773766
70314858
110697256
2926285
129961096
93136433
11734558
104965998
41629693
44139537
101742251
283574
111321647
4746927
13170873
129344327
86708985
37252990
83659198
123980441
19620450
66506045
5942921
131941230
54989063
50150448
131130233
31725234
53404836
25128560
25451292
115616674
45045644
15839629
38671116
96862607
123914799
29134601
22957964
12663799
27598909
90636254
53670847
48272297
26029544
2831073
27867739
21461092
114971911
81747623
109918938
615956
69462911
127274321
3471368
119252822
92730979
24719599
68346073
3280209
117820271
61568658
83862418
77189461
38440792
65316740
75503295
56108970
69529220
60845858
107922725
120622225
50632965
20849520
28583093
13802970
5413865
117542258
9434199
85113283
109602709
112182294
35792481
32124734
93399
58863190
66770395
122458198
104802481
30223884
26664878
7756799
25678961
25645802
52411388
73925074
7736938
15789693
82122015
81240450
100157480
99407638
66978409
46094268
20074774
38274497
132996217
52457431
97316697
124707635
4402591
122625827
21787316
33370430
59946083
75843260
100236374
91773325
51176884
61431055
12173788
113141226
50968888
89740077
87388471
65555259
55446675
50122866
10227634
38419282
37645686
26777063
100699751
23832900
25118370
46155234
124466648
102744771
15041392
68470420
97817989
61384748
54162961
62537116
108362220
102796347
30354363
27629419
132831714
6821778
93125754
38786931
13535939
27265288
115763137
80361069
68214492
62325160
92024562
114324961
7742371
67074868
8680000
102181978
128799552
69887317
120036219
117282885
132990616
5062642
115551452
112163441
11284070
13179078
3300410
123338202
18490458
32832423
18314155
2229259
55121826
61493497
77056
47310197
59293986
108790442
58385295
118247170
43258890
2683707
32445384
74595596
100161854
16936507
12626410
97827058
91307075
452822
23581747
128942295
130840898
68282835
127647851
110694161
122045576
5273881
5279260
45806559
122854264
67164932
78206608
45443120
83148564
130613449
88915071
73763690
31674994
127006900
109932304
22775615
121887613
1027159
117934514
121399152
10100044
119802174
35381403
1293695
473229
517098
14543191
2515807
121016015
74466617
31777888
73230600
108485549
40403744
63470522
29723370
10850395
67954649
125750731
35756584
20232927
6983256
3355348
104388382
60933280
78696495
80359698
66991214
118007310
31386024
131474445
20513865
84106482
73736711
13615371
70802650
5963608
28174136
51504111
59939723
34572610
115829807
48175949
126254672
32702286
81174114
61323651
11421918
14603126
86178867
94062135
111780569
54245914
39758117
102560956
21273002
131615684
99224847
323611
69496967
62571670
63545237
62573556
10124581
83553222
40504152
9419037
16169264
125618426
97283288
79263874
31882471
112429434
6042544
12471911
104935251
78746161
