99950057
93015595
58619887
112363404
86843083
100620573
18431295
89876996
14602815
61534657
108495636
103793786
2666908
11231797
3713502
15629433
1531671
120006346
103278808
123753543
8827440
112412572
79506599
96150536
112246408
123238472
61308675
128500352
131803804
34546534
76720021
96005650
64311395
58793351
47132624
26958454
22167656
84941232
13734303
26933824
98452061
97032880
63985660
31943486
86574063
127634183
124660463
69319417
3465530
4373216
90422039
832776
26098210
75064317
1213407
24493906
126615620
3369069
5427392
63630548
3250552
2890330
60056344
39338891
62099256
86520957
103737263
101890685
2022099
40079154
14999986
25395879
57739994
93920422
38501700
107836369
77959074
3151291
12042043
29045656
122028894
35370925
126110799
76008058
103137225
381628
24124315
9493148
77041676
39123209
97926041
112467063
505835
3756334
118762325
56584020
553051
3171008
115175323
11149326
48103348
115257670
63017890
3496475
19637475
62243346
56710999
123352643
108025895
125353940
109253561
84537461
110572876
50812471
39484928
33510668
40541693
98411661
122273929
22835044
51815926
105915685
36185962
39522912
131625260
68245965
2291173
7524508
67814840
59467366
122588361
111249784
128920968
16708586
77199318
24360317
117159082
61877342
83884931
20206290
35218282
53413574
103033733
45008249
28806118
13612805
106846118
31788710
1556694
55098651
119530230
16258690
75897591
21057694
103233271
57465488
46006582
119210693
116766239
104609274
33158734
116312223
126074181
85365873
24866221
19201435
9821778
64286258
94796104
10755938
109903653
53619648
292513
14028137
54760409
122174998
18773339
41591
51895639
94064468
112283666
125129798
48321846
131143065
125424129
57666484
42818129
3865709
75166048
8600485
49346002
15089979
26121274
29132350
129636600
42163597
92954580
43984322
50501954
122479721
72625716
108139574
40397899
45265574
16057188
53051351
117692626
128869527
111520362
450039
95742050
27453849
99811702
25035861
36007415
104884211
14488450
53365665
132448931
111108342
48923739
82414744
8985879
2389853
131533021
5829003
99810638
118229350
128050933
77855611
37422735
131031854
59044438
46458
41233889
2726324
14907189
42567719
75995691
128865952
2436137
73089206
19292546
115378162
8096086
59631681
84166331
87599022
38138131
90662650
56388887
102060408
95018136
28581871
29862954
12261959
93176739
48725167
81389959
70616964
49665470
71519998
81378169
33549636
52352100
73945332
92715015
51402288
112712939
18125892
14433228
114121434
118684258
53263412
8046209
6433041
18931435
17302404
49142781
113107866
109954463
111127303
15861769
26199357
13905286
86372417
132116645
57022901
99705595
36529399
54033108
75264417
192954
16058891
128001404
4015286
124887789
6555319
9161982
126763480
9137605
16311408
97239603
15992939
3455481
403098
70585109
25184190
31137520
2800419
56888027
5397154
73041
4554633
44097806
44038540
67403036
68798532
36208783
61635840
21077076
42716557
48027177
14440179
63272004
663893
103436294
61323016
39413046
89779907
6094251
40064868
121768122
56702591
15635212
21097002
18305581
1883355
57968616
2326427
9152971
115481355
55450359
56764
9527999
38004802
32111383
3417434
81964490
62285306
