242
0 0
1 0
2 0
3 0
4 0
4 1
4 2
5 2
5 3
6 3
6 2
7 2
7 1
6 1
5 1
5 0
6 0
7 0
8 0
9 0
10 0
10 1
9 1
9 2
10 2
11 2
12 2
12 1
11 1
11 0
12 0
13 0
14 0
15 0
15 1
15 2
15 3
14 3
14 2
14 1
13 1
13 2
13 3
13 4
12 4
12 3
11 3
11 4
10 4
10 3
9 3
9 4
9 5
10 5
10 6
11 6
11 5
12 5
12 6
13 6
13 5
14 5
14 4
15 4
15 5
15 6
15 7
14 7
13 7
13 8
14 8
14 9
15 9
15 10
14 10
14 11
14 12
13 12
12 12
12 11
11 11
10 11
9 11
9 12
8 12
8 13
9 13
10 13
10 12
11 12
11 13
12 13
13 13
13 14
14 14
14 13
15 13
15 14
15 15
14 15
13 15
12 15
12 14
11 14
11 15
10 15
10 14
9 14
8 14
8 15
7 15
7 14
7 13
6 13
6 14
6 15
5 15
4 15
4 14
5 14
5 13
5 12
4 12
3 12
3 13
3 14
3 15
2 15
2 14
1 14
1 15
0 15
0 14
0 13
1 13
2 13
2 12
1 12
0 12
0 11
1 11
1 10
2 10
3 10
3 11
4 11
5 11
6 11
6 12
7 12
7 11
8 11
8 10
9 10
9 9
9 8
10 8
10 9
10 10
11 10
12 10
13 10
13 9
12 9
11 9
11 8
12 8
12 7
11 7
10 7
9 7
9 6
8 6
8 5
8 4
8 3
7 3
7 4
7 5
7 6
7 7
8 7
8 8
8 9
7 9
7 8
6 8
5 8
5 9
6 9
6 10
5 10
4 10
4 9
3 9
2 9
2 8
3 8
4 8
4 7
5 7
6 7
6 6
5 6
5 5
6 5
6 4
5 4
4 4
4 5
4 6
3 6
3 7
2 7
2 6
1 6
1 7
1 8
1 9
0 9
0 8
0 7
0 6
0 5
1 5
2 5
3 5
3 4
3 3
2 3
1 3
1 4
0 4
0 3
0 2
1 2
2 2
3 2
3 1
2 1
1 1
0 1
