19
73
54
20
58
21
24
67
59
12
60
51
1
66
8
72
47
27
58
10
14
62
49
6
14
26
8
61
16
18
23
48
50
1
38
27
74
25
28
56
20
53
37
28
63
18
15
18
79
70
55
27
79
4
16
14
48
24
33
56
33
57
57
45
53
31
77
27
48
55
71
68
36
13
57
24
71
15
67
24
44
60
37
10
31
11
56
14
54
36
17
19
33
22
33
4
1
43
64
77
36
11
7
69
42
59
19
56
46
33
40
43
79
60
43
42
24
41
45
31
11
8
47
22
26
42
44
27
23
6
28
61
60
31
21
35
21
75
22
52
24
62
32
15
35
29
11
10
45
27
16
51
53
61
18
25
49
18
32
11
67
44
1
42
73
16
45
26
48
72
31
6
50
48
43
24
61
12
11
57
42
13
48
52
55
14
16
60
66
80
27
18
46
21
42
4
49
24
20
46
5
38
40
43
57
22
40
50
30
27
7
88
48
68
16
65
45
69
56
41
5
18
10
27
19
47
86
60
48
44
62
30
17
54
6
47
39
12
16
46
4
65
53
9
13
37
39
72
59
52
30
31
5
22
50
7
14
28
79
31
42
13
49
40
36
20
63
85
44
19
24
3
61
7
20
59
19
57
13
70
70
28
1
58
72
21
15
39
66
36
19
72
21
65
58
26
27
21
10
51
50
67
21
18
63
55
54
54
9
27
35
72
38
44
56
8
46
42
65
40
15
64
25
30
5
50
75
23
71
49
48
35
47
26
81
68
15
21
52
64
10
33
48
72
39
20
38
43
70
24
15
68
65
34
66
6
24
57
67
64
50
10
40
35
34
71
38
54
57
50
68
23
51
58
66
67
15
67
61
37
15
4
14
44
14
28
18
11
66
68
23
72
15
14
65
2
18
38
17
46
67
18
40
20
75
15
11
57
32
31
69
31
13
56
15
11
71
52
11
48
41
3
3
37
50
15
23
68
37
41
26
34
58
69
14
4
57
67
36
14
79
29
39
11
20
38
26
16
18
6
26
51
43
84
42
29
30
75
10
58
42
51
24
62
62
44
9
60
35
4
48
28
49
52
73
87
38
40
35
83
76
30
32
20
17
57
9
61
14
21
25
52
65
31
9
59
29
16
18
76
11
38
25
34
59
26
79
26
86
3
55
37
42
57
42
44
1
50
75
79
52
68
33
30
11
8
48
41
10
47
25
38
38
17
40
32
32
33
34
59
4
11
54
26
23
64
26
9
57
16
17
15
45
10
47
63
19
4
43
18
42
63
29
8
26
44
8
44
17
69
76
38
54
30
28
57
42
50
74
8
54
33
79
6
15
37
83
68
22
11
64
18
80
49
46
14
28
24
70
35
20
78
48
37
46
28
35
6
31
57
23
11
4
54
19
69
3
14
42
32
19
5
42
14
16
11
35
73
60
65
50
8
51
67
39
26
42
87
37
22
19
33
20
62
20
46
48
17
23
16
68
25
31
7
16
60
24
51
22
62
68
23
43
55
43
14
10
39
19
33
36
4
47
40
61
21
43
58
41
22
31
56
68
69
47
10
8
60
59
62
3
1
39
22
36
10
5
66
41
15
23
37
1
31
43
65
24
24
52
50
36
73
27
11
47
25
4
33
11
63
12
15
31
68
66
43
32
19
38
53
12
45
18
49
15
61
19
32
23
7
74
57
22
4
21
25
15
68
14
42
43
56
68
38
16
58
39
32
75
56
73
39
68
10
17
72
47
4
64
7
67
34
67
73
72
14
48
68
22
63
39
19
65
17
23
24
78
43
26
42
16
24
61
40
34
39
64
63
55
47
12
32
23
68
17
13
24
65
10
32
14
55
65
25
32
49
42
74
5
11
3
48
16
35
31
24
45
43
46
38
28
31
12
43
17
48
74
25
5
60
28
47
35
3
44
71
31
5
35
38
52
2
20
43
46
53
9
13
30
29
31
40
11
50
16
50
29
64
79
8
58
50
58
89
57
65
68
61
16
75
60
57
31
23
14
12
20
18
18
57
49
65
19
39
8
67
45
6
44
19
41
58
28
54
49
72
40
53
31
25
48
55
40
21
53
53
33
77
27
6
28
57
61
61
31
7
30
59
9
34
19
52
8
67
55
12
69
3
60
76
43
1
34
70
18
27
32
17
82
54
17
46
48
50
65
68
41
26
29
37
61
51
39
73
48
39
74
66
40
50
79
85
48
22
23
70
75
46
49
10
15
72
60
14
72
38
12
5
57
9
11
59
25
39
48
38
23
12
34
39
