761
571
1734
2014
2109
1110
104
3678
1694
2331
643
312
144
306
3952
997
234
1248
1450
3401
2136
890
288
2570
3664
1514
2104
347
468
1601
2785
1223
2124
1149
475
659
618
856
2255
406
3022
3019
453
1121
2040
714
1462
1739
995
2162
395
2602
2357
665
3636
2995
890
1923
469
1724
1596
2476
79
3107
175
1719
382
2180
2159
2885
68
451
44
3738
1873
1992
990
2019
824
277
1655
1044
836
1714
646
428
2116
2636
759
947
1255
689
3269
1130
972
2259
589
211
2357
1849
1011
751
1745
1576
1114
88
817
970
177
935
359
1839
3091
1488
1624
2132
1248
1003
1113
1403
655
148
3098
767
94
99
220
1038
339
263
379
821
2055
458
2336
345
887
8
904
732
495
2048
869
1527
125
1109
562
973
2428
714
666
507
506
147
611
369
375
213
51
907
92
229
99
0
416
481
284
484
1377
133
81
1214
266
1063
629
1566
725
208
805
791
253
613
743
783
0
368
663
800
1087
155
788
368
377
657
546
854
207
815
1323
2035
842
269
713
1029
799
1965
1006
918
627
1537
558
748
0
583
565
978
1332
1872
1849
1202
2094
445
901
1091
910
0
1063
2198
837
1101
815
1917
145
1522
0
497
216
364
1419
886
95
322
2966
1266
251
690
2752
782
1215
994
1313
1152
2251
1177
3224
1057
1309
713
2010
398
1211
1421
693
3673
810
0
913
0
2632
840
167
1850
1908
15
1401
1580
231
2457
346
1415
0
2122
1216
114
367
283
1603
1660
501
1872
597
1149
2216
1178
2024
328
263
2312
542
1671
757
1553
1283
1027
1020
2509
1875
497
117
1499
59
2792
1081
1447
0
602
2908
304
1993
797
2566
793
3308
6583
2399
24466
1487
2551
44468
86437
71604
23036
50087
51517
32812
40496
74914
29587
37628
18970
3872
24241
5865
39592
18851
96642
65603
70773
13729
50256
5645
73339
45806
48505
20514
40657
13176
2688
5869
72030
14019
18914
37359
62382
14015
28743
7424
27824
41925
5609
6271
71772
15738
14260
3399
984
15725
17139
4038
70978
22947
41898
25736
69945
38793
1796
24651
50385
7143
16995
6294
3548
22843
48356
17201
234
59485
21594
4552
48316
18610
6797
28511
55494
19663
33378
15585
20196
1712
10236
12654
24100
71773
20224
52669
42728
24964
55220
83087
38528
5109
28865
15501
9760
33997
27715
25435
80722
30924
49642
33840
12509
63113
91816
28554
27479
19924
20650
21429
45436
23458
9107
80773
22855
16292
10926
3330
16056
33623
31792
35849
575
41865
905
77922
40472
17068
10762
2744
60783
50438
11360
48565
72877
30984
59457
62393
49211
32845
18369
16256
33037
66078
12657
4704
69624
282
22908
79710
30005
50112
46955
10613
33339
78392
48071
36673
38842
51867
29213
64262
72199
12321
42476
32928
53244
370
17649
20273
14834
44071
38665
47815
47613
30925
68713
24445
27759
13765
39765
64667
6737
13384
50405
40777
63700
27965
71331
25289
25735
3286
13694
36715
18626
3094
40757
83847
2266
72600
15605
66427
17171
87807
53413
41291
25595
1980
24377
66021
2737
792
36380
19032
19856
56153
5022
66502
11187
30663
30443
76837
41641
49613
53908
23386
28763
5869
49967
18642
4455
24401
15416
16609
76568
5175
1764
79223
32555
64331
40544
71464
20855
20461
16569
33739
57172
27699
44742
7548
40802
20024
60150
42941
81565
52087
60932
6444
65118
84256
62723
5656
3054
68896
977
79220
7640
88373
1150
63391
25856
66544
8689
1620
82188
50228
15208
26735
41388
8572
28921
71294
22325
36793
59953
18293
12658
33182
37475
11790
8712
17975
61651
38656
14179
28936
25201
31197
41508
31928
26844
37684
25482
8985
50890
40772
6359
19088
76557
17586
10083
28382
2982
16529
12894
4082
57602
53276
66370
31816
67153
11379
31069
19557
23493
11235
26643
76271
54815
62583
15356
6673
16381
16529
45553
11359
62973
29632
10845
57983
40263
6307
18453
70870
31085
28097
48678
6886
7552
45485
50368
42043
30988
41447
86076
38419
41002
76079
42757
27720
37624
2797
77175
28984
9737
38596
40629
10581
27699
7022
63378
18659
235
79629
27563
23241
35543
25482
41050
53004
23863
20791
68648
11601
61072
47063
8099
32788
1896
47967
20714
33768
32764
33029
19313
40211
37724
92346
24494
63402
33961
42492
38335
47726
27776
22036
80019
42384
27675
14722
6037
60009
43319
6021
87682
3540
15778
15991
24225
24903
57578
81300
5123
30865
24816
82517
80337
19192
78437
25751
33230
12890
46457
78351
8512
63973
1536
6519
19578
8958
75629
31182
65752
406
37117
4901
35029
6215
61683
32836
18120
51999
61000
7210
5854
28346
27881
27519
56338
14031
1837
1230
32700
35805
7648
36949
6946
23377
33005
33033
71363
21016
37982
39030
64024
7644
29692
37732
24365
27261
79421
43529
81826
27148
30791
4447
63406
80196
65832
14697
35267
62856
36419
29277
17683
18983
71488
25225
78805
31579
4633
37154
32398
39223
21080
22369
7813
62221
65889
46581
15212
16027
10372
11144
34065
57779
14609
5131
5154
11548
13352
6010
4002
18976
16717
69930
36953
5913
35355
59860
44726
25462
11897
56980
39171
25353
21936
68002
24538
90072
74456
35816
21481
20204
22936
24450
20365
17107
60052
33467
30004
72026
70685
12541
4604
684
9858
70938
6644
18509
67788
63988
16867
34737
34672
7552
36997
2173
7215
50280
33592
25530
36218
230
19711
69129
54663
4612
40239
92217
17245
921
1177
92744
18726
8324
60514
33567
16465
35491
12151
24129
38998
27731
20036
98543
24630
87361
4902
84939
32764
53831
55422
26273
1070
418
10708
76050
8090
86703
27819
72387
43239
50321
32069
2154
16770
17068
18987
3780
20200
1655
7199
70624
81232
42022
11782
61160
29353
74155
6222
14536
15823
74581
9954
1177
7447
9139
38085
43958
7063
10441
70829
10224
14998
93646
2432
66495
55888
14883
8830
32916
24619
62025
9070
82521
8283
50759
56971
71162
53855
27180
24868
4918
60711
54024
5046
2161
59711
4857
87682
46814
7055
64286
53060
59413
44295
68419
17759
6696
10239
39692
52674
966
31061
4957
82381
4251
9187
46055
32455
2454
28229
53827
69480
56104
6391
8962
19482
32672
40272
8492
75287
91157
1366
32076
68021
41202
26887
25518
64390
6762
42673
23353
25752
66700
26647
22232
8577
2185
43665
25498
772
29736
36471
28980
66149
7745
5496
17665
23710
33547
12878
25519
24370
953
88526
37608
21743
45323
366
13344
2600
15545
5818
80110
35121
25201
9239
80191
37021
4997
20117
4909
50899
55405
19470
15011
5287
430
46139
52739
2026
70873
60414
74026
34415
35705
46408
42628
49496
10416
16938
24871
0
0
0
0
0
0
0
0
0
0
0
0
0
0
0
0
0
0
0
0
0
0
0
0
0
0
0
0
0
0
0
0
0
0
0
0
0
0
0
0
0
0
0
0
0
0
0
0
0
0
0
0
0
0
0
0
0
0
0
0
0
0
0
0
0
0
0
0
0
0
0
0
0
0
0
0
0
0
0
0
0
0
0
0
0
0
0
0
0
0
0
0
0
0
0
0
0
0
0
0
0
0
0
0
0
0
0
0
0
0
0
0
0
0
0
0
0
0
0
0
0
0
0
0
0
0
0
0
0
0
0
0
0
0
0
0
0
0
0
0
0
0
0
0
0
0
0
0
0
0
0
0
0
0
0
0
0
0
0
0
0
0
0
0
0
0
0
0
0
0
0
0
0
0
0
0
0
0
0
0
0
0
0
0
0
0
0
0
0
0
0
0
0
0
0
0
0
0
0
0
0
0
0
0
0
0
0
0
0
0
0
0
0
0
0
0
0
0
0
0
0
0
0
0
0
0
0
0
0
0
0
0
0
0
0
0
0
0
0
0
0
0
0
0
0
0
0
0
0
0
0
0
0
0
0
0
0
0
0
0
0
0
0
0
0
0
0
0
0
0
0
0
0
0
0
0
0
0
0
0
0
0
0
0
0
0
0
0
0
0
0
0
0
0
0
0
0
0
0
0
0
0
0
0
0
0
0
0
0
0
0
0
0
0
0
0
0
0
0
0
0
0
0
0
0
0
0
0
0
0
0
0
0
0
0
0
0
0
0
0
0
0
0
0
0
0
0
0
0
0
0
0
0
0
0
0
0
0
0
0
0
0
0
0
0
0
0
0
0
0
0
0
0
0
0
0
0
0
0
0
0
0
0
0
0
0
0
0
0
0
0
0
0
0
0
0
0
0
0
44035
22542
35269
4837
38641
13155
11383
13480
4845
65716
42492
21457
44368
10781
40754
29145
43601
1073
27518
34536
19714
51976
6292
43493
27932
46878
6619
89168
40359
37150
64506
4661
22273
1378
47400
17212
13786
5736
12629
47155
37243
33788
74833
7834
11995
41565
60715
37729
14135
24168
13789
4689
22036
37728
49063
46987
10761
46786
8905
37696
25980
56948
52131
79472
4877
30514
10238
4557
38178
7838
48850
33218
72564
30245
48714
68723
32504
80292
26120
50617
6818
27811
26084
64885
30254
27968
91623
82208
4271
4765
50810
16268
35587
8898
18252
4363
21449
1471
42275
5283
11461
36777
66852
61125
54314
8729
23273
18441
9388
27864
568
60699
6119
89133
1813
28988
39420
2631
5849
73942
69074
48766
24923
46384
31161
56048
23093
24100
19723
8282
51285
7468
49095
6090
2587
12341
57024
51123
57784
3359
32222
15054
85404
15526
53398
57887
10658
4921
11452
9589
1306
54217
83617
54831
27924
62554
65715
1941
7756
43046
49353
33636
77235
9138
4428
12994
25808
7163
78384
18597
37287
5038
43878
19349
58233
45673
9300
32524
30165
48309
3376
4503
32757
15693
23192
6788
32727
51530
7974
14790
74697
543
20461
30482
246
14874
66174
79489
70315
0
0
0
0
0
0
0
0
0
0
0
0
0
0
0
0
0
0
0
0
0
0
0
0
0
0
0
0
0
0
0
0
0
0
0
0
0
0
0
0
0
0
0
0
0
0
0
0
0
0
0
0
0
0
0
0
0
0
0
0
0
0
0
0
0
0
0
0
0
0
0
0
0
0
0
0
0
0
0
0
0
0
0
0
0
0
0
0
0
0
0
0
0
0
0
0
0
0
0
0
0
0
0
0
0
0
0
0
0
0
0
0
0
0
0
0
0
0
0
0
0
0
0
0
0
0
0
0
0
0
0
0
0
0
0
0
0
0
0
0
0
0
0
0
0
0
0
0
0
0
0
0
0
0
0
0
0
0
0
0
0
0
0
0
0
0
0
0
0
0
0
0
0
0
0
0
0
0
0
0
0
0
0
0
0
0
0
0
0
0
0
0
0
0
0
0
0
0
0
0
0
0
0
0
0
0
0
0
0
0
0
0
0
0
0
0
0
0
0
0
0
0
0
0
0
0
0
0
0
0
0
0
0
0
0
0
0
0
0
0
0
0
0
0
0
0
0
0
0
0
0
0
0
0
0
0
0
0
0
0
0
0
0
0
0
0
0
0
0
0
0
0
0
0
0
0
0
0
0
0
0
0
0
0
0
0
0
0
0
0
0
0
0
0
0
0
0
0
0
0
0
0
0
0
0
0
0
0
0
0
0
0
0
0
0
0
0
0
0
0
0
0
0
0
0
0
0
0
0
0
0
0
0
0
0
0
0
0
0
0
0
0
0
0
0
0
0
0
0
0
0
0
0
0
0
0
0
0
0
0
0
0
0
0
0
0
0
0
0
0
0
0
0
0
0
0
0
0
0
0
0
0
0
0
0
0
0
0
0
0
0
0
0
0
0
0
0
0
0
0
0
0
0
0
0
0
0
0
0
0
0
0
0
0
0
0
0
14999
314
40540
37624
56618
908
8605
29680
3368
10260
29775
25189
22334
28479
51420
5913
16015
33113
60189
728
4431
24812
80299
9027
92333
9002
31403
22201
16847
3853
43665
25796
52963
16412
48308
61920
1010
63719
6125
10018
37785
24675
25812
14187
46605
77062
22141
26189
36812
57678
79537
42324
15847
17317
33293
20734
7210
72934
32940
58615
4371
33852
21984
27438
52196
28221
26574
47737
47821
48308
5013
9801
22614
1655
64865
58036
31242
62615
11549
47100
70010
34339
56457
9416
21104
32218
50071
44011
19420
96747
66530
55702
79240
3560
49698
15525
42192
38355
37721
3081
15854
21197
8122
25000
8692
30848
33502
20011
31740
49235
13598
44308
39287
1170
4267
43777
969
8636
2029
4382
56036
7018
53654
2270
4219
54827
1158
7090
36609
54369
46392
62929
46701
9933
22164
13882
42716
68612
25322
27196
25194
8250
3820
10853
88457
1006
13256
35681
60570
3029
58386
15124
35897
0
0
0
0
0
0
0
0
0
0
0
0
0
0
0
0
0
0
0
0
0
0
0
0
0
0
0
0
0
0
0
0
0
0
0
0
0
0
0
0
0
0
0
0
0
0
0
0
0
0
0
0
0
0
0
0
0
0
0
0
0
0
0
0
0
0
0
0
0
0
0
0
0
0
0
0
0
0
0
0
0
0
0
0
0
0
0
0
0
0
0
0
0
0
0
0
0
0
0
0
0
0
0
0
0
0
53626
16417
48750
63201
7672
49910
21654
28197
189
40404
238
35443
5797
39701
41793
354
26466
39375
66066
8612
57337
18312
17180
2849
64060
15159
22566
14887
66221
70543
19265
18216
48296
0
0
0
0
0
0
0
0
0
0
0
0
0
0
0
0
0
0
0
0
0
0
0
0
0
0
0
0
0
0
0
0
0
0
0
0
0
0
0
0
0
0
0
0
0
0
0
0
0
0
0
0
0
0
0
0
0
0
0
0
0
0
0
0
0
0
0
0
0
0
0
0
0
0
0
0
0
0
0
0
0
0
0
0
0
0
0
0
0
0
0
0
0
0
0
0
0
0
0
0
0
0
0
0
0
0
0
0
0
0
0
0
0
0
0
0
0
0
0
0
0
0
0
0
0
0
0
0
0
0
0
0
0
0
0
0
0
0
0
0
0
0
0
0
0
0
0
0
0
0
0
0
0
0
0
0
0
0
0
0
0
0
0
0
0
0
0
0
0
0
0
0
0
0
0
0
0
0
0
0
0
0
0
0
0
0
0
0
0
0
0
0
0
0
0
0
0
0
0
0
0
0
0
0
0
0
0
0
0
0
0
0
0
0
0
0
0
0
0
0
0
0
0
0
0
0
0
0
0
0
0
0
0
0
0
0
0
0
0
0
0
0
0
0
0
0
0
0
0
0
0
0
0
0
0
0
0
0
0
0
0
0
0
0
0
0
0
0
0
0
0
0
0
0
0
0
0
0
0
0
0
0
0
0
0
0
0
0
12425
4343
54984
80051
46095
69512
57262
46971
26096
16437
27105
55642
38633
23647
72279
26258
58788
3857
58514
146
53071
4604
1158
18193
11677
2874
54807
10127
31583
3620
33029
77419
13283
37110
49388
2455
77834
13664
55879
34270
6014
31559
0
0
0
0
0
0
0
0
0
0
0
0
0
0
0
0
0
0
0
0
0
0
0
0
0
0
0
0
0
0
0
0
0
0
0
0
0
0
0
0
0
0
0
0
0
0
0
0
0
0
0
0
0
0
0
0
0
0
0
0
0
0
0
0
0
0
0
0
0
0
0
0
0
0
0
0
0
0
0
0
0
0
0
0
0
0
0
0
0
0
0
0
0
0
0
0
0
0
0
0
0
0
0
0
0
0
0
0
0
0
0
0
0
0
0
0
0
0
0
0
0
0
0
0
0
0
0
0
0
0
0
0
0
0
0
0
0
0
0
0
0
0
0
0
0
0
0
0
0
0
0
0
0
0
0
0
0
0
0
0
0
0
0
0
0
0
0
0
0
0
0
0
0
0
0
0
0
0
0
0
0
0
0
0
0
0
0
0
0
0
0
0
0
0
0
0
0
0
0
0
0
0
0
0
0
0
0
0
0
0
0
0
0
0
0
0
0
0
0
0
0
0
0
0
0
0
0
0
0
0
0
0
0
0
0
0
0
0
0
0
0
0
0
0
0
0
0
0
0
0
0
0
0
0
0
0
0
0
0
0
0
0
0
0
0
0
0
0
0
0
0
0
0
0
0
0
0
0
0
0
0
0
0
0
0
0
0
0
0
0
0
0
0
0
0
0
0
0
0
0
0
0
0
0
0
0
0
0
0
0
0
0
0
0
0
0
0
0
0
0
0
0
0
0
0
0
0
0
0
0
0
0
0
0
0
0
0
0
0
0
0
0
0
0
0
0
0
0
0
0
0
0
0
0
0
0
0
0
0
0
0
0
0
0
0
0
0
0
0
0
0
0
0
0
0
0
0
0
0
0
0
0
0
0
0
0
0
0
0
0
0
0
0
0
0
0
0
0
0
0
0
0
0
0
0
0
0
0
0
0
0
0
0
0
0
0
0
0
0
0
0
0
0
0
0
0
0
0
0
0
0
0
0
0
0
0
0
0
0
0
0
0
0
0
0
0
0
0
0
0
0
0
0
0
0
0
0
0
0
0
0
0
0
0
0
0
0
0
0
0
0
0
0
0
0
0
0
0
0
0
0
0
0
0
0
0
0
0
0
0
0
0
0
0
0
0
0
0
0
0
0
0
0
0
0
0
0
0
0
0
0
0
0
0
0
0
0
0
0
0
0
0
0
0
0
0
0
0
0
0
0
0
0
0
0
0
0
0
0
0
0
0
0
0
0
0
0
0
0
0
0
0
0
0
0
0
0
0
0
0
0
0
0
0
0
0
0
0
0
0
0
0
0
0
0
0
0
0
0
0
0
0
0
0
0
0
0
0
0
0
0
0
0
0
0
0
0
0
0
0
0
0
0
0
0
0
0
0
0
0
0
0
0
0
0
0
0
0
0
0
0
0
0
0
0
0
0
0
0
0
0
0
0
0
0
0
0
0
0
0
0
0
0
0
0
0
0
0
0
0
0
0
0
0
0
0
0
0
68832
21369
35017
43809
67837
41874
37856
16718
9496
63013
45413
89253
76083
57318
7175
47673
39142
16220
10343
38371
4862
73624
16071
6648
82151
44179
44391
33238
66080
10352
59020
55324
14710
1909
2957
54593
85634
74029
2651
65343
14437
18565
31351
42704
15348
53087
28482
26405
26912
4198
65157
17678
68475
36587
57634
7504
49256
48272
12883
13805
66189
17714
295
15689
97004
68914
65442
17011
36612
65069
22623
37207
1885
46773
98054
7262
47464
12814
6930
57678
71066
39041
6869
35126
37860
47847
3162
79476
61582
77906
23522
22184
44315
8970
60703
10026
33599
21771
33411
20678
10702
29784
2468
37909
47835
70829
63293
48621
14023
58511
37873
10850
35399
67165
81
8151
49038
31435
17815
12826
55076
21979
13508
5026
27590
55759
56068
92731
67065
33901
34009
9689
36580
20152
636
1323
2889
2105
40251
33921
8845
73842
66358
2238
13604
25912
42440
76770
28427
51706
24654
61510
52875
61439
56832
34153
8802
25434
22104
4311
20972
8648
724
7288
5347
8396
33856
51474
13429
82223
2130
13978
58177
27278
19368
67619
9970
10633
18988
44817
59398
79633
48156
21923
11452
65419
81477
91691
34354
71403
66246
59690
43468
36804
19224
4942
24482
23703
30695
752
22671
11528
3314
51935
33544
30001
8375
69957
49396
51855
11473
51461
63877
54819
35310
69339
30877
40527
2286
24734
12914
61053
10773
63840
37186
26619
65041
23851
33158
34945
154
48690
24300
34209
6777
48926
68961
55261
35034
5351
10432
58915
46432
27374
18590
42597
26864
10107
126
69868
35346
25236
12934
42171
1575
16192
23859
62823
28285
82396
14702
20067
39974
1958
34001
43247
28478
5294
32088
7890
39989
60040
1215
82605
6942
31302
6672
4709
28518
31514
4531
15355
12902
12461
76834
53213
66647
5336
7540
33072
21216
19585
66094
53710
55782
17654
15689
57787
14240
31952
27943
35532
31555
1114
29089
15963
28117
30045
31772
38183
69
23506
23080
49778
7075
39753
5985
16890
75231
90835
5761
88967
25811
14934
40368
9031
6938
6175
83180
42861
42126
18802
6002
19313
33209
22699
13573
28606
85116
17111
24229
12597
56860
42568
54770
1668
7906
20024
13429
49155
3359
42765
38649
12645
25016
52276
44359
14092
56132
37065
25847
56325
92101
41400
35484
41640
7834
12232
30893
38789
84016
58663
48517
10062
9316
31539
34615
20212
22758
52433
20329
62563
64056
8491
15131
73701
17252
12372
8628
32844
37528
21802
175
31125
56822
46967
64510
45352
6519
14432
8395
11436
26940
3965
26229
30367
40411
55466
24812
11156
11612
14043
82678
17413
64487
69556
34277
22188
65949
43528
18436
50807
30748
4218
78368
49521
54300
39299
89820
59828
53372
20935
560
45356
53462
8717
45637
21738
46922
51392
70865
43753
38359
36448
74411
146
38107
36885
16120
12187
65054
21964
14252
67226
21690
42930
10726
5749
13204
35624
22007
46364
47765
19360
59120
72078
49369
9878
42167
49083
84907
19730
36540
81151
6954
57779
10026
8158
55614
64764
53201
7958
25470
53651
54573
57630
53143
4130
51645
16280
21011
76078
19502
8323
51044
1872
20329
47412
10521
11263
74094
50795
28687
85855
36251
20710
32515
21261
37383
34920
80428
22574
24731
8155
21574
13299
2114
4693
42163
6617
19433
50886
13312
12376
58072
1302
7368
37479
20004
5388
12263
62519
5853
16140
47806
14384
3800
49871
28519
663
22457
66733
49184
24840
2640
29795
43954
9585
45380
14649
24281
30795
9629
15693
51143
15388
15329
26812
52333
19481
43882
20665
17184
8419
59245
11452
81822
24844
53991
35077
11781
17891
65511
20413
12383
11026
32013
88105
8721
48027
768
5476
55209
7798
43207
19188
54670
48316
49946
23084
15139
21192
13043
16325
28535
23385
43845
80360
45276
3548
67535
23057
10260
42645
63921
82678
6400
31142
44706
69203
37532
4307
8404
65286
27957
22895
30285
37399
2275
36259
46746
31346
5046
10050
2657
14890
75182
82670
13078
62707
77279
19195
24734
21884
80801
71468
70777
51099
71395
13775
1908
63719
20493
6581
69825
28024
28165
80228
8664
61358
2370
49729
10151
15352
62867
94684
30723
22216
77730
13187
68178
31897
2853
78593
78022
14794
36363
54863
65478
49123
61378
74905
24369
26559
2552
2961
1033
8485
7347
23397
42483
11424
17995
37162
14504
90695
46621
51349
5652
86807
23180
85798
49971
61815
18092
75745
37427
34041
76420
15545
52578
2832
13251
53120
2287
15774
67201
14617
18264
35135
62603
32254
48701
75146
4853
13798
32628
33053
35993
51566
3945
22096
17541
9833
5765
21405
37994
33675
28719
29519
38307
22454
10170
21369
76308
89212
51516
18428
74119
11472
9740
34689
49296
12914
6496
71065
7456
17040
72552
4784
43922
82356
33005
78264
36178
63567
27720
11211
37877
27952
9018
16710
22221
13124
2311
9038
43749
25627
75833
1279
35054
7889
55900
43320
69282
81793
91506
52441
40757
4649
14544
2395
22019
1495
63100
10866
29691
29302
17758
25252
43066
16059
72813
62776
6893
7335
21561
31965
16075
33792
4953
34479
52831
47869
21984
43239
2901
5402
73845
62101
7239
63920
8059
6363
6326
36749
2246
39049
46148
45484
67680
35716
69768
47987
47690
8942
61510
55638
48392
4282
96812
48513
56317
33511
64181
31651
20212
6958
76199
17545
12910
38165
25
45437
12975
54224
69238
15750
58984
62680
31470
48203
30731
3829
31066
42509
24458
35591
8982
27763
90899
50947
77244
32214
6991
53148
56149
24470
41873
62024
69592
30656
2781
30691
10263
22365
27824
77082
83320
43746
63925
7018
33033
13995
79200
19631
7838
16537
61137
10388
50023
0
0
0
0
0
0
0
0
0
0
0
0
0
0
0
0
0
0
0
0
0
0
0
0
0
0
0
0
0
0
0
0
0
0
0
0
0
0
0
0
0
0
0
0
0
0
0
0
0
0
0
0
0
0
0
0
0
0
0
0
0
0
0
0
0
0
0
0
0
0
0
0
0
0
0
0
0
0
0
0
0
0
0
0
0
0
0
0
0
0
0
0
0
0
0
0
0
0
0
0
0
0
0
0
0
0
0
0
0
0
0
0
0
0
0
0
0
0
0
0
0
0
0
0
0
0
0
0
0
0
0
0
0
0
0
0
0
0
0
0
0
0
0
0
0
0
0
0
0
0
0
0
0
0
0
0
0
0
0
0
0
0
0
0
0
0
0
0
0
0
0
0
0
0
0
0
0
0
0
0
0
0
0
0
0
0
0
0
0
0
0
0
0
0
0
0
0
0
0
0
0
0
0
0
0
0
0
0
0
0
0
0
0
0
0
0
0
0
0
0
0
0
0
0
0
0
0
0
0
0
0
0
0
0
0
0
0
0
0
0
0
0
0
0
0
0
0
0
0
0
0
0
0
0
0
0
0
0
0
0
0
0
0
0
0
0
0
0
0
0
0
0
0
0
0
0
0
0
0
0
0
0
0
0
0
0
0
0
0
0
0
0
0
0
0
0
0
0
0
0
0
0
0
0
0
0
0
0
0
0
0
0
0
0
0
0
0
0
0
0
0
0
0
0
0
0
0
0
0
0
0
0
0
0
0
0
0
0
0
0
0
0
0
0
0
0
0
0
0
0
0
0
0
0
0
0
0
0
0
0
0
0
0
0
0
0
0
0
0
0
0
0
0
0
0
0
0
0
0
0
0
0
0
0
0
0
0
0
0
0
0
0
0
0
0
0
0
0
0
0
0
0
0
0
0
0
0
0
0
0
0
0
0
0
0
0
0
0
0
0
0
0
0
0
0
0
0
0
0
0
0
0
0
0
0
0
0
0
0
0
0
0
0
0
0
0
0
0
0
0
0
0
0
0
0
0
0
0
0
0
0
0
0
0
0
0
0
0
0
0
0
0
0
0
0
0
0
0
0
0
0
0
0
0
0
0
0
0
0
0
0
0
0
0
0
0
0
0
0
0
0
0
0
0
0
0
0
0
0
0
0
0
0
0
0
0
0
0
0
0
0
0
0
0
0
0
0
0
0
0
0
0
0
0
0
0
0
0
0
0
0
0
0
0
0
0
0
0
0
0
0
0
0
0
0
0
0
0
0
0
0
0
0
0
0
0
0
0
0
0
0
0
0
0
0
0
0
0
0
0
0
0
0
0
0
0
0
0
0
0
0
0
0
0
0
0
0
0
0
0
0
0
0
0
0
0
0
0
0
0
0
0
0
0
0
0
0
0
0
0
0
0
0
0
0
0
0
0
0
0
0
0
0
0
0
0
0
0
0
0
0
72805
9528
8058
46296
78389
704
16525
28298
29222
90682
13813
14967
16966
1824
31796
69111
31600
19855
7226
44360
44894
19730
53196
34073
20268
61928
27498
993
77308
92935
63439
57189
22360
40564
4596
23313
31394
53916
3077
17871
20674
67532
70593
98695
43701
54943
15449
55112
21963
26663
8532
19774
55734
23490
41677
35174
27876
7700
29406
74356
65828
61933
31482
16497
19791
15432
2957
2757
31161
13219
40881
49067
79970
40379
29342
50072
42219
18177
71788
6392
31550
45501
20127
3728
1295
22799
651
81103
69234
38383
56087
2287
7841
26105
39998
36182
76003
21876
8947
13408
20613
6520
52723
14538
6689
59506
5074
5158
3536
1704
18610
24469
53324
17658
74825
6857
63992
40463
97
81586
58847
10822
12878
34893
36748
10958
24490
16224
43769
34182
70873
44074
32897
27012
25911
13577
37872
65326
10737
67069
31796
22069
1358
5889
24515
11721
52638
40379
50549
14609
15095
23450
27169
19750
24635
3061
72632
20112
39179
12971
39797
50497
51754
7255
38921
24442
95114
59840
41440
75054
38733
16610
15934
17216
54943
40328
18068
52208
35644
2568
11228
13086
5921
14492
31134
11356
23302
2142
7452
7439
16802
60290
37969
39760
49975
50188
62732
33909
69789
58362
24566
53987
41889
19758
94454
34917
71081
69399
24731
55779
20947
3977
60329
30374
22156
6512
14725
20747
44408
40339
63289
86939
11039
16714
42312
68366
8994
5114
32118
16874
6552
15597
37014
933
8356
86446
44267
11481
20385
46702
23715
49806
32335
23205
36603
51361
32209
6363
7814
21253
69941
821
76006
55060
12926
32274
32298
5717
19923
9303
54421
47368
21329
83911
37177
14653
11721
44296
10634
80737
66591
9420
20907
53819
1809
4270
34825
69785
2282
41941
47802
51217
33150
24486
46003
21682
23872
6588
29526
23566
7672
51654
29474
34643
59969
28583
24510
11677
3310
42958
22088
42027
22109
24879
3640
54284
35042
13312
16143
13299
3101
26201
54161
3318
10745
85887
17143
48256
91313
30490
8914
58048
17473
4452
49976
12536
34760
50477
54670
9576
35306
53553
80315
63619
43741
9556
27462
34343
63447
33093
39527
671
16116
48468
14577
13159
28390
66442
56787
81894
67659
28703
25429
399
31218
55819
30406
50099
13566
51296
12653
22232
1495
68146
40688
15148
94775
19911
70419
12882
2628
35641
25507
50472
28289
44561
91434
73151
69226
40083
7223
41464
31707
66279
43632
49971
25924
15384
88481
12203
63760
14180
15545
0
0
0
0
0
0
0
0
0
0
0
0
0
0
0
0
0
0
0
0
0
0
0
0
0
0
0
0
0
0
0
0
0
0
0
0
0
0
0
0
0
0
0
0
0
0
0
0
0
0
0
0
0
0
0
0
0
0
0
0
0
0
0
0
0
0
0
0
0
0
0
0
0
0
0
0
0
0
0
0
0
0
0
0
0
0
0
0
0
0
0
0
0
0
0
0
0
0
0
0
0
0
0
0
0
0
0
0
0
0
0
0
0
0
7274
9990
31310
8360
6415
26863
16670
28755
21718
5186
22786
39512
31257
23639
63369
9235
37664
51871
58278
39556
27133
13108
52397
23502
29824
28961
8544
7464
40540
24485
14441
55573
95547
76190
10565
520
52394
54168
22614
21606
66792
80986
40733
12806
3388
72266
52232
11405
14785
4006
23763
27767
17490
12159
46011
55260
48561
30614
17972
60667
35673
3958
34226
40774
30004
35426
23316
3194
4053
21549
2250
13717
62989
40001
8274
8219
2391
19614
7725
44725
28976
63068
26374
25707
15903
49107
58887
33837
51111
8123
8942
36990
70239
45910
31455
39320
43099
1013
52006
97984
24457
40371
38464
34737
57758
12070
61880
34226
56514
16112
63361
39078
75315
45922
4347
19663
41452
75199
47508
25659
13774
39782
33587
58337
96112
40709
74577
15943
34468
50043
50193
66005
7913
23687
36889
9118
76898
41275
41717
23960
3825
53453
48757
611
6295
81959
65909
73183
71404
84939
36608
41207
56802
2974
7308
48020
39740
7391
58823
69191
39954
26157
77967
60470
24249
3857
88598
6090
56325
26233
14520
43115
45979
659
41194
2978
86610
20658
4118
21875
31941
88714
33503
2665
25583
9139
10452
12722
16365
8974
19682
13235
23269
29554
47846
32064
82280
32162
34507
414
2753
1250
9524
62105
18240
12296
65728
25285
5693
5455
21232
31242
52868
695
29185
4689
52902
2568
9504
41516
4800
60828
1354
24466
58667
59061
5909
55808
39392
54297
26113
65825
38319
83401
33254
3487
73234
2969
69298
27760
62085
25233
24325
24112
24080
39701
16047
17782
21543
53651
36447
18337
43407
28004
52509
76170
36315
6741
39716
13412
10959
46793
13247
70311
26346
5587
81188
49280
10693
25535
7480
51658
30783
21787
26165
70551
35925
19116
21967
57132
4114
47440
1430
97
66492
44882
28370
4118
31760
11862
43632
68391
52625
69211
27944
69908
4403
46717
32809
16084
64265
43400
45395
54486
11528
59342
20466
38688
17180
22405
6809
71624
35201
33331
6031
7810
61827
8163
13062
32908
54322
3374
14227
31271
4612
77243
66150
76966
234
6672
17067
40985
31275
40865
21040
22052
3171
24812
24827
15288
43006
35559
16449
53252
37720
66973
62490
6817
42295
34294
36560
2986
26373
24024
24515
35575
19075
44870
88959
7018
40572
18968
27217
54280
62603
10862
42411
17963
32170
36178
969
64917
48601
2009
56911
8965
4278
14529
52722
4046
18236
36178
21603
21879
40652
9356
19597
52453
1804
36857
21715
81220
14441
14553
41581
4748
18208
28077
50699
4649
10577
884
50918
22988
61880
51417
17461
86320
29772
4801
6595
5158
10272
25856
32704
5339
9396
12681
63740
28972
64121
19473
33990
13220
7669
20039
43420
55068
55558
31831
71516
31105
1607
38387
7982
22088
60133
30317
7186
57775
44058
6535
41971
56024
51031
2886
46766
8564
45413
37163
58229
13011
39215
41460
8548
24792
6641
43797
1768
34957
47195
47858
15187
9166
27040
48485
31121
45184
1322
24594
29739
19293
47098
79219
40459
59779
2725
57096
36403
7965
12614
11685
41858
26647
3110
68865
19629
40170
48721
62004
5105
26036
16437
28201
19931
88285
31451
35776
93399
22409
38720
32430
22550
33872
20782
50703
12156
60069
1588
88847
10601
4745
36543
64603
1933
5403
64759
28061
88595
21595
46337
5616
12693
46180
51304
94358
16505
46031
17320
26638
78006
9942
59811
11959
9256
16871
4065
87647
14532
30723
59631
52677
13565
41557
11143
23759
87289
60707
9464
500
8147
40026
58020
2058
15259
22747
36949
72592
54714
18625
71472
4386
65338
42023
66984
14923
14689
69902
65145
14791
71415
21136
76471
60399
17638
11030
229
30153
53763
17328
18566
71580
49256
37672
48324
7202
10653
58204
5588
29860
18919
30663
12701
43339
36716
65329
10199
41821
73335
75785
29639
54666
13119
29871
35238
58583
61784
74959
32113
32776
65861
42359
3006
7179
2094
69146
16084
1640
54494
41007
13697
3881
30193
458
6065
4801
42179
58212
56578
37969
34841
18204
9789
9838
72342
59563
9645
10485
1319
96539
3198
6621
9901
86328
68588
9925
57795
15606
22132
30065
60177
35572
32812
50698
50179
7211
9601
9448
12300
2342
16345
37395
24529
12171
68034
93466
33166
70748
12717
12528
31270
74444
13324
36126
13943
51341
21172
10255
48991
72223
81264
14834
27543
48826
71219
57116
42035
20618
49878
56843
41001
32226
26925
21067
38644
42468
16661
1327
672
3640
28567
5716
62972
29804
23766
20386
10838
32423
44926
7023
997
29688
26097
14830
42280
5354
13412
64226
46195
46878
6995
4315
22490
59490
73166
8219
10195
40078
19369
21686
7053
8909
61410
4069
41978
29611
58896
89964
44749
66893
18059
76255
33571
70660
28056
11492
55819
33363
3359
4271
37507
1856
41395
36797
56617
17272
70081
51128
77886
45143
17730
32639
20879
8287
51758
25417
1793
69965
8471
22140
50477
56177
3611
11074
60767
5849
67250
79243
73448
19457
15618
237
2757
6142
21651
57185
49437
31045
20726
10022
15621
46027
63933
73307
61237
5789
50859
6717
4865
2667
12172
36821
52763
6897
13030
10923
0
0
0
0
0
0
0
0
0
2572
11200
720
49409
68547
31358
11018
63543
44432
50798
39978
17480
69921
23068
19088
27804
14321
5218
9762
21241
78529
7396
54811
28588
64635
40086
31391
35555
720
3283
32808
51847
50413
29615
60008
15468
39677
29422
93152
22357
31772
74479
15999
15360
6804
52698
42745
19702
24482
34932
12091
4567
16027
11874
11135
39769
38848
53775
43017
63888
30539
1584
4649
33000
52926
39118
5508
35315
44315
62891
65307
90437
12617
72419
74423
5427
2415
22851
64415
45211
35504
18549
27667
27631
20593
36436
80492
48360
24438
61575
28889
60004
42624
7805
43368
9681
3524
5688
6082
11187
42387
39741
38358
8556
65876
47216
40371
22888
27940
27040
57197
67386
48966
28843
21498
56385
4388
32632
3339
60269
30985
46733
68860
9693
23225
65021
9098
23956
1937
20955
24366
66451
17934
77376
25551
38022
27607
38789
86550
21521
46496
18096
535
7584
3251
21482
1463
23096
2149
54646
20618
5464
36998
25100
22405
1318
15799
10914
78959
26871
53031
32627
10926
41813
43746
37524
21072
15332
17706
6468
18007
13524
41372
36302
10604
67953
61449
27077
32013
24181
24887
31278
17269
60173
10533
51184
7998
38347
5061
45130
46589
57639
9038
5877
55852
70098
76698
59747
23988
19911
35130
7636
21056
18469
51743
989
50863
41937
7476
36491
73291
11854
18546
24595
33229
60787
23474
6507
2828
21859
33456
2873
33555
25666
10861
1375
62101
12846
648
22197
12625
57824
60973
60008
33089
69957
12247
22470
31776
3066
60133
1504
40789
3005
60936
38853
62474
13574
25574
13159
9457
29973
29406
49574
52803
13119
5371
6057
14152
12923
8801
68516
17128
27920
12098
68033
29338
40219
9023
71050
14155
63795
21164
16807
9408
62667
36668
36905
10605
95021
35057
66008
53566
32391
8701
48068
15355
1459
49492
76869
45971
16196
27366
31102
25362
3105
20509
47773
1491
46176
67981
35704
5709
31615
32455
17879
46308
6142
18730
95250
4656
56510
34162
6364
49593
2094
88867
44801
8119
21348
2571
5873
28454
10850
4616
75267
23446
22907
15919
42487
12067
29157
3982
70684
15723
8769
55856
45062
72985
27880
12411
25337
40561
81750
22229
34018
13702
12572
6982
23292
16991
5103
47168
20739
89008
51429
10143
27840
50682
17269
8842
37242
54574
60731
2917
43010
39095
24726
4090
6459
24386
3764
10850
3186
36741
45713
8042
4652
98367
49216
5760
36006
43592
71326
8524
60716
25658
11191
1134
20373
48662
62490
3179
37455
35708
17249
2772
41071
12613
8247
25136
18268
29699
2716
52385
11148
22570
19879
59346
8813
7838
73002
78790
1354
22530
92579
78870
20848
17554
56497
19919
32652
8315
73103
90358
57582
66519
38496
2945
11850
30391
25164
51827
76010
10922
3897
73685
67909
20031
39307
13596
29045
29547
64941
22333
10998
50971
4262
47014
499
8319
59599
10532
70873
24104
3677
1375
46179
18714
22016
40552
13067
68668
49557
16357
74452
17927
27435
16754
29254
19441
39764
17349
53232
11259
12240
10123
2399
8581
45283
18381
335
13348
39037
26333
12111
51116
6632
45669
27113
48360
58691
42753
33471
55184
24185
60341
1121
77158
40994
37307
21763
55308
50103
30776
49412
19746
43577
63571
17011
54393
14260
13038
21289
1017
26157
9774
14456
17510
18626
34712
13673
53264
17561
33937
23266
7150
22747
45596
14316
13351
50080
87923
7432
47324
7022
65158
42994
45585
24294
9957
42471
28250
17907
11332
44436
19911
67098
25317
9308
25188
12501
12609
64137
8520
25924
30864
47031
58292
30812
13557
10712
25686
69536
14079
24269
57281
8945
34507
31049
35777
47903
19449
25957
15726
19609
85697
16300
27535
15850
75335
64358
11817
19372
55651
34226
55779
30193
7082
17999
25264
27439
78600
11604
36543
11674
49693
50742
8782
68221
40440
5664
38090
13441
28676
53305
7094
65547
8974
16300
64382
47666
3922
52673
19405
39898
52722
7118
74359
41865
3945
80220
1652
38640
84903
2709
24285
34776
12628
4788
73416
21481
88393
67254
51984
21088
33330
8825
76761
56080
82578
14517
29177
19028
32612
74813
25297
23852
64836
12665
23441
495
17642
4206
5929
10158
6343
23606
12878
54851
22915
29728
12757
54577
3251
4615
16107
38624
15670
28490
3001
51738
14240
44187
6761
83405
958
50951
3584
21585
13400
63904
40231
5729
24876
15569
7033
62349
22868
23092
85135
8516
12585
26634
35994
33307
73308
40861
71138
5330
74042
15256
11991
2608
8685
42316
29522
64298
30459
72785
65639
40536
32406
45810
47549
46649
69105
1962
4226
4440
25117
41368
11826
49191
7399
43885
59152
10311
10584
15006
15376
13361
46147
35129
70781
39162
15657
36106
2294
31414
3138
18264
18935
57249
82259
12003
15910
43886
60369
77685
71913
84175
35808
62771
2961
21156
57594
95009
61791
82673
39521
88912
59334
14605
24767
2560
64146
44280
17189
54137
45135
63510
33037
85509
14228
20730
65805
13255
43513
13051
85806
16910
49501
28153
33114
42870
9965
56707
14589
15759
77609
41187
22485
80678
11163
19352
25317
69226
74745
37448
54722
49478
11737
21574
76858
23394
45649
29190
30061
8544
70097
70603
30084
28965
44806
22273
28386
37046
7267
25984
66246
52257
71010
37344
5528
9336
8086
77903
73155
1644
34358
50822
25498
28844
14481
3809
18754
12951
2845
3551
57314
41621
3109
8577
42517
30941
37001
43714
45291
30732
278
4724
8765
4210
38812
17155
74918
44786
1592
56844
21602
89277
8211
66716
527
43781
52855
33427
11931
56390
28960
27993
15032
48754
29442
15356
57116
15931
22859
31362
19457
65118
63905
54393
82024
15159
56080
54197
48151
19903
48271
2954
51542
29084
62932
13621
12299
32009
84967
15742
47328
11866
29578
21493
14420
25438
24811
95152
63029
20839
65977
43255
37386
8102
40841
38950
54414
5407
13272
15763
42131
14477
10556
22096
49296
49320
64113
13058
29735
54293
16493
34138
1544
65925
3303
86711
38998
5841
1612
10287
6512
9191
901
10311
32893
964
33828
60317
70625
55574
49143
92129
77870
2046
20755
42263
48432
49562
45312
5307
44533
31423
26522
26097
83030
16990
21695
20213
660
85445
43917
51185
54168
11617
56137
58928
35584
38496
65784
18336
1198
86401
53268
21060
28864
63379
21220
2677
77878
52140
82725
44672
12228
28041
77485
75359
16345
31125
30519
47994
31273
64659
41729
60162
22116
36986
10195
53413
23992
23345
40512
14681
37889
31897
12501
70677
34142
41243
20871
25470
24132
41272
59944
32009
39983
1620
30992
42503
9227
16348
42066
16763
32166
11026
4202
423
31740
4459
61318
26554
24012
46424
46650
55277
34724
49256
29631
9139
47119
592
74926
49818
57136
1106
17015
43139
9280
4001
39308
27346
10649
23530
39673
96052
84533
72716
23209
75010
3463
86016
7589
31094
19273
56570
23719
66986
33133
4014
57414
62141
36408
39709
23220
16344
20963
28178
7211
76790
11625
30146
45420
6323
14806
2234
73813
21381
27246
55172
16646
35961
12484
17562
79251
1901
30900
29081
820
28885
38363
57028
33334
21461
71846
76886
40508
13849
33555
29402
23429
63439
23574
63317
33082
4302
52405
17718
6315
22619
1093
8709
46750
14975
7656
7854
63925
6431
19409
43448
74745
73492
89072
51521
21940
34013
3210
652
13813
1403
38118
4990
32604
10115
94149
51059
43190
2017
34310
33077
30679
27791
32760
40218
3870
15549
42814
51968
479
7267
57019
41705
5617
31262
9492
65828
5753
13212
26767
39769
7332
17974
14312
8018
7853
79903
33058
96836
38006
14128
2699
11934
2306
5145
14284
59502
26140
6624
27097
21100
43746
25053
65905
19490
28188
31715
69625
14755
20711
52835
18096
66953
59972
71403
16035
27414
37420
45087
69078
15007
16232
61638
10411
19613
25674
4902
47618
20452
34523
34391
87561
49364
29988
48052
15694
25915
36271
41929
60748
16312
40307
55984
65811
8552
1520
11923
19717
10849
35696
1531
39958
25623
40296
27193
66355
49802
25702
186
7949
3504
1322
62856
44990
84204
12079
13307
20815
15866
44879
55281
63683
844
9865
81618
16518
12632
53879
77183
86506
31563
35070
72487
70635
62049
97639
56743
47617
692
35395
34282
47890
3616
18140
33824
20855
45633
18625
4106
23767
34748
17983
82220
8034
5800
48742
12340
12874
18883
38752
0
0
0
0
0
0
0
0
0
0
0
0
0
0
0
0
0
0
0
0
0
0
0
0
0
0
0
0
0
0
0
0
0
0
0
0
0
0
0
0
0
0
0
0
0
0
0
0
0
0
0
0
0
0
0
0
0
0
0
0
0
0
0
0
0
0
0
0
0
0
0
0
0
0
0
0
0
0
0
0
0
0
0
0
0
0
0
0
0
0
0
0
0
0
0
0
0
0
0
0
0
0
0
0
0
0
0
0
0
0
0
0
0
0
0
0
0
0
0
0
0
0
0
0
0
0
0
0
0
0
0
0
0
0
0
0
0
0
0
0
0
0
0
0
0
0
0
0
0
0
0
0
0
0
0
0
0
0
0
0
0
0
0
0
0
0
0
0
0
0
0
0
0
0
0
0
0
0
0
0
0
0
0
0
0
0
0
0
0
0
0
0
0
0
0
0
0
0
0
0
0
0
0
0
0
0
0
0
0
0
0
0
0
0
0
0
0
0
0
0
0
0
0
0
0
0
0
0
0
0
0
0
0
0
0
0
0
0
0
0
0
0
0
0
0
0
0
0
0
0
0
0
0
0
0
0
0
0
0
0
0
0
0
0
0
0
0
0
0
0
0
0
0
0
0
0
0
0
0
0
0
0
0
0
0
0
0
0
0
0
0
0
0
0
0
0
0
0
0
0
0
0
0
0
0
0
0
0
0
0
0
0
0
0
0
0
0
0
0
0
0
0
0
0
0
0
0
0
0
0
0
0
0
0
0
0
0
0
0
0
0
0
0
0
0
0
0
0
0
0
0
0
0
0
0
0
0
0
0
0
0
0
0
0
0
0
0
0
0
0
0
0
0
0
0
0
0
0
0
0
0
0
0
0
0
0
0
0
0
0
0
0
0
0
0
0
0
0
0
0
0
0
0
0
0
0
0
0
0
0
0
0
0
0
0
0
0
0
0
0
0
0
0
0
0
0
0
0
0
0
0
0
0
0
0
0
0
0
0
0
0
0
0
0
0
0
0
0
0
0
0
0
0
0
0
0
0
0
0
0
0
0
0
0
0
0
0
0
0
0
0
0
0
0
0
0
0
0
0
0
0
0
0
0
0
0
0
0
0
0
0
0
0
0
0
0
0
0
0
0
0
0
0
0
0
0
0
0
0
0
0
0
0
0
0
0
0
0
0
0
0
0
0
0
0
0
0
0
0
0
0
0
0
0
0
0
0
0
0
0
0
0
0
0
0
0
0
0
0
0
0
0
0
0
0
0
0
0
0
0
0
0
0
0
0
0
0
0
0
0
0
0
0
0
0
0
0
0
0
0
0
0
0
0
0
0
0
0
0
0
0
0
0
0
0
0
0
0
0
0
0
0
0
0
0
0
0
0
0
0
0
0
0
0
0
0
0
0
0
0
0
0
0
0
0
0
0
0
0
0
0
0
0
0
0
0
0
0
0
0
0
0
0
0
0
0
0
0
0
0
0
0
0
0
0
0
0
0
0
0
0
0
0
0
0
0
0
0
0
0
0
0
0
0
0
0
0
0
0
0
0
0
0
0
0
0
0
0
0
0
0
0
0
0
0
0
0
0
0
0
0
0
0
0
0
0
0
0
0
0
0
0
0
0
0
0
0
0
0
0
0
0
0
0
0
50521
24361
8946
76046
83895
59117
3407
712
26405
40734
41893
50160
47010
69592
3584
4392
18778
38881
73170
7070
72432
40251
4685
9500
34081
72118
6154
9203
32062
10062
49123
1926
24521
35366
11898
39829
7540
64282
46801
668
59590
48104
27085
15629
14063
73861
39539
46428
40431
716
33989
10094
13095
8648
24630
13448
399
42668
8790
71965
6324
41063
3868
48594
1001
56847
13331
27812
12681
89232
14549
65297
56092
2215
21458
57036
13685
198
6910
33085
6624
20827
17221
49509
2603
58241
22907
28920
8376
16606
35588
5637
16797
9
30555
71834
55940
58097
3467
35917
94048
4162
36290
30588
20710
71463
72002
20205
67665
1664
40227
29406
76673
17626
60358
22334
2250
30326
19826
58369
18332
26631
59052
3801
15935
9
33820
54541
32478
51690
5338
7264
8729
4821
21413
44240
43690
18658
7901
14335
15847
9054
5933
37432
22835
61547
67624
33785
39074
62547
8011
46320
40813
56525
6620
13400
54313
2347
26723
3202
21168
26004
29728
7757
25369
13357
69861
15911
50184
17228
36379
43344
4351
23035
56333
7745
11885
13994
53899
68041
13513
16127
37688
64459
68587
63439
66957
70543
65623
73230
38592
9047
42641
45750
5363
37656
22027
25598
5749
46056
18068
19076
5479
29258
17943
86834
56501
30840
11144
10436
12127
28361
4222
41512
10448
3190
38142
15104
40865
38816
50207
16899
12537
18422
41027
23373
30318
10549
70597
28061
15151
33334
6476
1749
44368
30980
30763
73966
70483
65173
29020
37174
49031
13541
20787
5407
33876
44701
12397
7480
31004
16076
23084
40086
10592
64916
17369
67600
64077
520
8750
51786
26602
63173
4379
71632
71391
26202
2958
18353
71555
25980
12047
16440
14481
6532
23630
13083
74170
11661
63696
39001
10227
0
0
0
0
0
0
0
0
0
0
0
0
0
0
0
0
0
0
0
0
0
0
0
0
0
0
0
0
0
0
0
0
0
0
0
0
0
0
0
0
0
0
0
0
0
0
0
0
0
0
0
0
0
0
0
0
0
0
0
0
0
0
0
0
0
0
0
0
0
0
0
0
0
0
0
0
0
0
0
0
0
0
0
0
0
0
0
0
0
0
0
0
0
0
0
0
0
0
0
0
0
0
0
0
0
0
0
0
0
0
0
0
0
0
0
0
0
0
0
0
0
0
0
0
0
0
0
0
0
0
0
0
0
0
0
0
0
0
0
0
0
0
0
0
0
0
0
0
0
0
0
0
0
0
0
0
0
0
0
0
0
0
0
0
0
0
0
0
0
0
0
0
0
0
0
0
0
0
0
0
0
0
0
0
0
0
0
0
0
0
0
0
0
0
0
0
0
0
0
0
0
0
0
0
0
0
0
0
0
0
0
0
0
0
0
0
0
0
0
0
0
0
0
0
0
0
0
0
0
0
0
0
0
0
0
0
0
0
0
0
0
0
0
0
0
0
0
0
0
0
0
0
0
0
0
0
0
0
0
0
0
0
0
0
0
0
0
0
0
0
0
0
0
0
0
0
0
0
0
0
0
0
0
0
0
0
0
0
0
0
0
0
0
0
0
0
0
0
0
0
0
0
0
0
0
0
0
0
0
0
0
0
0
0
0
0
0
0
0
0
0
0
0
0
0
0
0
0
0
0
0
0
0
0
0
0
0
0
0
0
0
0
0
0
0
0
0
0
0
0
0
0
0
0
0
0
0
0
0
0
0
0
0
0
0
0
0
0
0
0
0
0
0
0
0
0
0
0
0
0
0
0
0
0
0
0
0
0
0
0
0
0
0
0
0
0
0
0
0
0
0
0
0
0
0
0
0
0
0
0
0
0
0
0
0
0
0
0
0
0
0
0
0
0
0
0
0
0
0
0
0
0
0
0
0
0
0
0
0
0
0
0
0
0
0
0
0
0
0
0
0
0
0
0
0
0
0
0
0
0
0
0
0
0
0
0
0
0
0
0
0
0
0
0
0
0
0
0
0
0
0
0
0
0
0
0
0
0
0
0
0
0
0
0
0
0
0
0
0
0
0
0
0
0
0
0
0
0
0
0
0
0
0
0
0
0
0
0
0
0
0
0
0
0
0
0
0
0
0
0
0
0
0
0
0
0
0
0
0
0
0
0
0
0
0
0
0
0
0
0
0
0
0
0
0
0
0
0
0
0
0
0
0
0
0
0
0
0
0
0
0
0
0
0
0
0
0
0
0
0
0
0
0
0
0
0
0
0
0
0
0
0
0
0
0
0
0
0
0
0
0
0
0
0
0
0
0
0
0
0
0
0
0
0
0
0
0
0
0
0
0
0
0
0
0
0
0
0
0
0
0
0
0
0
0
0
0
0
0
0
0
0
0
0
0
0
0
0
0
0
0
0
0
0
0
0
0
0
0
0
0
0
0
0
0
0
0
0
0
0
0
0
0
0
0
0
0
0
0
0
0
0
0
0
0
0
0
0
0
0
0
0
0
0
0
0
0
0
0
0
0
0
0
0
0
0
0
0
0
0
0
0
0
0
0
0
0
0
0
0
0
0
0
0
0
0
0
0
0
0
0
0
0
0
0
0
0
0
0
0
0
0
0
0
0
0
0
0
0
0
0
0
0
0
0
0
0
0
0
0
0
0
0
0
0
0
0
0
0
0
0
0
0
0
0
0
0
0
0
0
0
0
0
0
0
0
0
0
0
0
0
0
0
0
0
0
0
0
0
0
0
0
0
0
0
0
0
0
0
0
0
0
0
0
0
0
0
0
0
0
0
0
0
0
0
0
0
0
0
0
0
0
0
0
0
0
0
0
0
0
0
0
0
0
0
0
0
0
0
0
0
0
0
0
0
0
0
0
0
0
0
0
0
0
0
0
0
0
0
0
0
49449
45022
6845
74122
16750
48947
19185
69680
19337
56393
25209
9749
22755
44484
45846
58867
27679
11585
1303
84666
26085
8339
61944
20670
98334
4403
49163
30234
25382
10556
92209
1700
25100
67981
3459
30157
27844
3605
16895
5138
3905
55485
25394
60092
51104
21774
11379
10429
2419
55477
77424
66757
20830
40748
78381
33471
84742
50506
30997
53723
9548
81365
36057
14943
84839
26461
22113
3716
65214
12585
52452
52180
20425
9605
30784
15276
5143
1054
56012
45075
29072
7545
69958
90739
19356
66186
2576
2719
15999
20413
59908
54866
11429
0
0
0
0
0
0
0
0
0
0
0
0
0
0
0
0
0
0
0
0
0
0
0
0
0
0
0
0
0
0
0
0
0
0
0
0
0
0
0
0
0
0
0
0
0
0
0
0
0
0
0
0
0
0
0
0
0
0
0
0
0
0
0
0
0
0
0
0
0
0
0
0
0
0
0
0
1872
4788
19918
50276
65539
51179
17293
68443
9243
44456
41990
53992
52847
42435
44095
23698
1050
11465
50155
12095
869
30502
32490
21936
39403
73704
21481
47095
9668
37752
35636
4097
60149
6504
5669
5102
11396
72777
3017
20281
5440
23337
15131
47830
35917
21928
67885
52147
9026
28630
81934
9219
31370
4159
66001
45521
10022
2283
4480
26269
21341
46203
7142
12938
25639
52268
85257
47593
56795
72278
37713
1668
22931
66506
55377
21848
67005
21818
89927
7327
26049
33178
45055
59149
11034
2540
97061
8114
48236
1222
7849
43569
10211
938
2046
9158
18766
18425
9264
43183
1692
61820
8447
31880
3106
10035
15662
48729
58378
5833
36864
35379
2294
37118
26137
19834
47943
68732
30531
12118
494
47694
32753
47726
22646
84103
3966
52815
2615
14139
5945
88373
86754
20461
52349
13384
64310
2897
12814
8728
13576
24703
17750
20799
35768
7601
7047
59714
48830
38263
70119
41364
55775
81657
28855
2772
32775
8601
29839
11525
43942
56755
39547
6764
26936
62925
53582
32482
60531
66612
42593
20172
54140
39069
2962
12400
0
0
0
0
0
0
0
0
0
0
0
0
0
0
0
0
0
0
0
0
0
0
0
0
0
0
0
0
0
0
0
0
0
0
0
0
0
0
0
0
0
0
0
0
0
0
0
0
0
0
0
0
0
0
0
0
0
0
0
0
0
0
0
0
0
0
0
0
0
0
0
0
0
0
0
0
0
0
0
0
0
0
0
0
0
0
0
0
0
0
0
0
0
0
0
0
0
0
0
0
0
0
0
0
0
0
0
0
0
0
0
0
0
0
0
0
0
0
0
0
0
0
0
0
0
0
0
0
0
0
0
0
0
0
0
0
0
0
0
0
0
0
0
0
0
0
0
0
0
0
0
0
0
0
0
0
0
0
0
0
0
0
0
0
0
0
0
0
0
0
0
0
0
0
0
0
0
0
0
0
0
0
0
0
0
0
0
0
0
0
0
0
0
0
0
0
0
0
0
0
0
0
0
0
0
0
0
0
0
0
0
0
0
0
0
0
0
0
0
0
0
0
0
0
0
0
0
0
0
0
0
0
0
0
0
0
0
0
0
0
0
0
0
0
0
0
0
0
0
0
0
0
0
0
0
0
0
0
0
0
0
0
0
0
0
0
0
0
0
0
0
0
0
0
0
0
0
0
0
0
0
10296
28647
27659
74042
31004
57602
20758
45698
80573
34808
14549
69876
18056
66757
24089
15983
6869
8130
40782
1314
79400
2677
42645
35424
42127
38757
40463
13142
749
23920
4319
49629
2278
64599
1993
25314
75870
15324
643
10604
20751
1539
40412
19609
22907
16717
13871
9680
13152
14147
13227
12396
32953
61872
31644
36198
58096
775
24586
80806
35836
47283
57912
18264
3210
3567
30222
19088
8734
20521
10520
65450
22991
82365
20320
90892
34868
318
25446
5802
70022
32764
16942
58542
21751
16031
69134
39765
35351
33496
28166
25920
46296
43853
1949
37467
19225
11741
24895
23390
18847
69190
24224
49023
42059
34323
34679
2054
37090
3769
24012
32391
18172
52027
32627
5994
43806
44786
13280
42291
31021
38620
42427
39910
65226
36552
106
14931
2463
64197
7918
8026
34595
16043
22976
72865
15617
29109
36993
12512
35198
57542
65346
18405
126
70363
5219
6010
2186
70652
14332
32668
12854
39906
29848
16416
57153
35970
22180
44753
70885
54666
12473
4913
75822
28804
27700
27675
8150
60442
46071
10974
41123
14260
48657
56209
46112
65004
51369
386
66013
40806
31700
21743
69929
15396
45717
50718
60579
25927
4006
81211
29290
8882
7914
5981
13412
8540
37166
2576
18681
11022
21473
84734
68177
40516
62
30085
25209
29831
55594
45629
5728
8910
14148
30249
43384
50775
26125
45557
12930
14368
724
46578
13392
35042
3945
66467
12682
26767
38278
5741
9557
1925
44874
31492
49795
13850
26289
30881
20341
499
28663
9813
21189
31928
19630
14062
37957
40672
44946
38238
45
47095
62603
5837
22044
73299
69223
26009
64165
4464
29366
14847
27511
38464
29057
27859
21193
15019
47998
5585
45139
62913
3703
26835
50035
32262
16465
84096
1238
26534
10307
15745
2427
29941
46087
4741
98474
10978
71810
46958
55293
23216
23887
10311
26321
24879
92242
22088
50690
1355
39359
47825
73556
2367
23157
64270
30989
46642
32989
24069
6886
42098
4728
16176
21180
25924
17088
43063
26069
13332
58325
8030
1572
37673
23241
43107
58812
45372
58864
28860
25530
9199
5962
19107
42239
54312
29306
89583
59626
35865
42255
25205
1447
52268
7592
12814
84605
3078
76905
456
53172
27615
44605
18734
38428
16774
25828
1728
29772
43552
29341
1130
15030
7066
3540
9472
35451
41677
85717
25108
71640
73135
48380
44641
29941
7452
52955
59716
59663
64185
54269
4002
9195
26937
12251
15955
32017
49754
31153
29342
8798
20388
32564
78307
72821
22658
10814
20438
14785
52296
8882
20501
3741
26780
58144
48750
43042
44557
9979
32848
84513
58250
17369
50356
44312
66715
8316
22365
2420
36170
55068
47376
72222
7295
16196
20774
12926
15529
13264
44995
57133
23176
13586
19923
75440
14854
3945
60992
25031
18759
14376
24213
21722
11613
74790
21629
42472
27145
31162
44661
49770
18466
79649
24598
44472
6081
48991
47795
68909
25069
65110
44348
19763
29636
68516
16883
21409
44038
38705
31226
5010
12199
28675
12050
10770
39049
71447
48883
26611
30382
32700
34696
20586
15043
23707
56686
14384
32227
50148
32077
27286
27904
19389
7568
28281
69258
23690
60322
23333
39006
17886
55457
536
17140
48352
29563
16545
13758
55562
26551
53433
1187
53630
84385
67359
28534
72198
12231
1564
41854
60048
2547
39625
14240
72929
11597
33656
32150
40
21622
5231
68809
4652
15264
8247
24670
52654
43923
87445
19605
44833
7090
89883
72784
40628
12508
9167
10970
42268
10412
46891
6480
32672
12424
48540
42838
1920
10432
1796
47807
23329
20654
5350
515
40287
6166
12649
3367
66379
70219
161
11500
7360
10854
35933
14027
16875
63302
19165
45894
47368
53980
19570
13291
17476
25715
68777
495
59828
15802
71367
19007
5099
34230
10758
82184
14525
10943
18614
75472
44107
22156
26764
82103
29687
23987
29639
11107
17501
70376
8242
16216
35213
2318
13369
1741
47758
38018
15027
61940
65540
26630
2535
37097
27719
64961
6584
8440
44504
85602
38190
12858
4954
40716
58422
22434
59417
4460
43721
27959
36066
29587
1130
42930
21510
26345
4872
55325
3137
9725
15167
37954
57081
31988
94306
27913
58104
10493
5037
32225
13208
2447
684
52562
2440
5756
38877
8483
60161
38271
36181
89225
8295
35122
34970
60603
26001
2892
10878
3848
54699
355
1450
11323
31764
32414
14034
31992
41500
27322
50015
46364
50039
23434
8581
44371
16996
23740
49015
36833
55911
30086
39070
63346
26868
14959
34937
5022
30587
69146
62788
51562
19758
54377
20856
17493
65226
97668
28205
45195
10319
26189
53924
24618
13878
24068
41191
3929
16549
70978
42649
29980
39946
47947
17767
40339
12565
8030
24635
16148
49396
985
25863
35134
54301
29078
20168
27402
47062
34327
43344
67988
51228
26262
15617
63185
41513
29322
54843
15384
30447
77521
22531
66407
6146
48408
38255
55429
53862
8379
29250
32751
69816
3455
32727
79110
11492
80364
31410
59868
47489
20168
69319
75448
80846
62916
56192
527
73897
55027
7971
62860
79979
42604
34516
49972
12500
7359
22542
23735
58900
75953
52485
17457
19553
29799
70989
3917
29588
9440
71612
75934
7564
93619
49497
386
23606
82798
38797
31764
50279
48296
820
63162
42439
31949
13272
48721
55646
34969
61787
18212
48272
32105
47967
78449
47336
65680
15112
91024
73842
24309
15867
4191
61941
44300
26220
35921
49758
8729
35732
29494
7371
4543
10670
39901
54329
34406
21100
23449
68061
7451
27048
37238
62506
40830
7211
25647
36226
2516
16164
52662
9114
41861
6697
499
14264
48316
3154
45918
78644
29779
9159
62920
44939
9435
4219
22538
1805
32450
19931
22405
27326
55253
40950
4921
599
19899
26562
32812
1524
374
21168
19822
11669
8411
24027
77492
15918
36737
50618
24232
71889
9352
76829
11640
51200
34857
48590
2660
60233
89470
20715
2223
52699
15071
1853
72708
59052
28117
19293
62510
36098
14516
8511
40103
90666
14260
58535
15895
8240
17380
41902
14565
14176
24454
34375
11239
52309
34721
13718
34013
44564
38030
8520
94053
29543
24153
26699
7532
16537
50923
7407
1221
28282
46079
49019
19565
9111
20550
39668
10673
19621
5973
78179
56072
34394
38789
48702
68499
30984
14023
10328
49127
23264
68620
33037
46155
41814
60839
23527
20738
4837
50541
2379
79774
43708
34254
2743
40560
50967
8549
58433
13352
71580
84931
3994
28743
4247
6969
86179
52084
8014
33001
40689
61266
6452
86678
31186
54738
2106
4878
44003
5805
19663
63454
14316
24442
41230
8219
36961
9525
0
0
0
0
0
0
0
0
0
0
0
0
0
0
0
0
0
0
0
0
0
0
0
0
0
0
0
0
0
0
0
0
0
0
0
0
0
0
0
0
0
0
0
0
0
0
0
0
0
0
0
0
0
0
0
0
0
0
0
0
0
0
0
0
0
0
0
0
0
0
0
0
0
0
0
0
0
0
0
0
0
0
0
0
0
0
0
0
0
0
0
0
0
0
0
0
0
0
0
0
0
0
0
0
0
0
0
0
0
0
0
0
0
0
0
0
0
0
0
0
0
0
0
0
0
0
0
0
0
0
0
0
0
0
0
0
0
0
0
0
0
0
0
0
0
0
0
0
0
0
0
0
0
0
0
0
0
0
0
0
0
0
0
0
0
0
0
0
0
0
0
0
0
0
0
0
0
0
0
0
0
0
0
0
0
0
0
0
0
0
0
0
0
0
0
0
0
0
0
0
0
0
0
0
0
0
0
0
0
0
0
0
0
0
0
0
0
0
0
0
0
0
0
0
0
0
0
0
0
0
0
0
0
0
0
0
0
0
0
0
0
0
0
0
0
0
0
0
0
0
0
0
0
0
0
0
0
0
0
0
0
0
0
0
0
0
0
0
0
0
0
0
0
0
0
0
0
0
0
0
0
0
0
0
0
0
0
0
0
0
0
0
0
0
0
0
0
0
0
0
0
0
0
0
0
0
0
0
0
0
0
0
0
0
0
0
0
0
0
0
0
0
0
0
0
0
0
0
0
0
0
0
0
0
0
0
0
0
0
0
0
0
0
0
0
0
0
0
0
0
0
0
0
0
0
0
0
0
0
0
0
0
0
0
0
0
0
0
0
0
0
0
0
0
0
0
0
0
0
0
0
0
0
0
0
0
0
0
0
0
0
0
0
0
0
0
0
0
0
0
0
0
0
0
0
0
0
0
0
0
0
0
0
0
0
0
0
0
0
0
0
0
0
0
0
0
0
0
0
0
0
0
0
0
0
0
0
0
0
0
0
0
0
0
0
0
0
0
0
0
0
0
0
0
0
0
0
0
0
0
0
0
0
0
0
0
0
0
0
0
0
0
0
0
0
0
0
0
0
0
0
0
0
0
0
0
0
0
0
0
0
0
0
0
0
0
0
0
0
0
0
0
0
0
0
0
0
0
0
0
0
0
0
0
0
0
0
0
0
0
0
0
0
0
0
0
0
0
0
0
0
0
0
0
0
0
0
0
0
0
0
0
0
0
0
0
0
0
0
0
0
0
0
0
0
0
0
0
0
0
0
0
0
0
0
0
0
0
0
0
0
0
0
0
0
0
0
0
0
0
0
0
0
0
0
0
0
0
0
0
0
0
0
0
0
0
0
0
0
0
0
0
0
0
0
0
0
0
0
0
0
0
0
0
0
0
0
0
0
0
0
0
0
0
0
0
0
0
0
0
0
0
0
0
0
0
0
0
0
0
0
71025
31639
72563
411
13870
32640
6713
85879
64815
59595
74729
61145
9411
7468
46609
29129
80385
24816
62470
32656
38431
30435
13047
44239
82051
34792
43304
85007
6138
34788
12437
16697
15802
71119
26626
70021
88108
67086
40006
7641
4114
24810
68138
5926
64905
70258
32375
40294
92571
33463
16384
7761
38368
7135
19533
84224
61667
27422
26691
18425
16068
49002
35395
27559
41933
26422
44516
42355
5375
34937
47284
56992
5596
51449
66961
45311
5737
27232
29901
30739
43424
68174
28205
79392
22591
22252
62813
7837
48103
70520
55562
10319
65475
26864
20324
73822
9026
12292
2905
22847
18971
12283
15340
23109
3544
64108
71540
39571
38744
28142
44240
82485
18863
47838
56370
41267
41339
55293
59181
33543
42372
52035
31431
9459
20482
4255
57823
65672
4581
40045
34158
26213
18011
89683
1065
64555
4881
47175
17822
71107
18240
49309
41348
32502
53787
46943
27619
48967
59571
39656
51594
50554
48280
6142
81564
11163
33415
10224
15356
21775
12023
18541
49220
28164
12034
24458
9476
8448
7793
4367
69097
54988
18277
31908
42773
74323
5982
354
5138
26020
17935
40268
33764
48867
50042
43983
21651
12244
51670
54599
24815
13778
22634
77059
10497
82027
21012
14351
23607
14176
44701
3543
21205
3656
8467
20121
30655
11485
81356
45320
62647
1402
9938
6448
41766
4704
18284
6082
30793
40882
19823
78135
4363
28748
38323
6644
44842
916
17509
51875
1025
25944
50863
75833
2202
65150
24935
28293
8754
10536
77425
49264
28221
289
9459
26052
33158
47799
607
16019
16749
82027
37037
11621
38756
2989
7496
49083
57804
40005
8914
23036
85
49035
5098
40310
71769
39452
15886
5797
44239
33033
25912
46172
38146
6431
17983
62900
26953
59527
16039
27017
6826
34724
25493
3684
28623
689
49749
11529
24334
4888
56871
30021
37053
24711
1290
447
64386
41709
18738
2073
25290
69187
11998
6491
62165
60410
18244
59230
11348
14958
14999
4717
57410
10441
60547
36162
74154
54055
54715
29233
20822
30720
18044
37263
27559
34902
8762
63065
31667
27020
34470
22313
64503
39319
21686
3137
89751
4685
52586
14572
56438
14425
39745
1736
44348
60630
23646
38788
8368
38375
42970
29743
48521
44411
10588
8620
61582
42119
6336
63250
37657
18814
11023
44416
56895
75528
8997
21389
35451
38271
42271
31463
12090
46006
3190
48730
55755
2286
25426
35547
23828
8371
1829
4294
70303
79071
35761
63828
82291
24136
4784
50477
31202
62073
40367
10673
62374
41608
67905
4825
14705
4664
8423
75034
34973
18843
30474
57478
46107
66885
14203
48336
42110
51609
11781
71058
467
46870
21742
19770
23069
52088
45910
75356
22168
14360
937
46287
65129
18140
46613
69089
25192
31233
6561
1765
66454
21779
48829
50276
64607
31731
10661
33217
2893
17931
40970
45195
6757
6014
61795
13834
25240
29229
69913
65817
42668
36211
74962
8231
22698
1089
27389
6276
65217
16139
47922
12324
18144
6495
36183
21639
91176
69311
35692
42207
53899
65370
69768
56148
25189
32624
49276
16309
21679
31880
28997
17550
8845
35667
7282
3375
21706
7155
44878
2283
50534
19083
41290
2829
37238
46372
27434
31174
74553
29096
0
0
0
0
0
0
0
0
0
0
0
0
0
0
0
0
0
0
0
0
0
0
0
0
0
0
0
0
0
0
0
0
0
0
0
0
0
0
0
0
0
0
0
0
0
0
0
0
0
0
0
0
0
0
0
0
0
0
0
0
0
0
0
0
0
0
0
0
0
0
0
0
0
0
0
0
0
0
0
0
0
0
0
0
0
0
0
0
0
0
0
0
0
0
0
0
0
0
0
0
0
0
0
0
0
0
0
0
0
0
0
0
0
0
0
0
0
0
0
0
0
0
0
0
0
0
0
0
0
0
0
0
0
0
0
0
0
0
0
0
0
0
0
0
0
0
0
0
0
0
0
0
0
0
0
0
0
0
0
0
0
0
0
0
0
0
0
0
0
0
0
0
0
0
0
0
0
0
0
0
0
0
0
0
0
0
0
0
0
0
0
0
0
0
0
0
0
0
0
0
0
0
0
0
0
0
0
0
0
0
0
0
0
0
0
0
0
0
0
0
0
0
0
0
0
0
0
0
0
0
0
0
0
0
0
0
0
0
0
0
0
0
0
0
0
0
0
0
0
0
0
0
0
0
0
0
0
0
0
0
0
0
0
0
0
0
0
0
0
0
0
0
0
0
0
0
0
0
0
0
0
0
0
0
0
0
0
0
0
0
0
0
0
0
0
0
0
0
0
0
0
0
0
0
0
0
0
0
0
0
0
0
0
0
0
0
0
0
0
0
0
0
0
0
0
0
0
0
0
0
0
0
0
0
0
0
0
0
0
0
0
0
0
0
0
0
0
0
0
0
0
0
0
0
0
0
0
0
0
0
0
0
0
0
0
0
0
0
0
0
0
0
0
0
0
0
0
0
0
0
0
0
0
0
0
0
0
0
0
0
0
0
0
0
0
0
0
0
0
0
0
0
0
0
0
0
0
0
0
0
0
0
0
0
0
0
0
0
0
0
0
0
0
0
0
0
0
0
0
0
0
0
0
0
0
0
0
0
0
0
0
0
0
0
0
0
0
0
0
0
0
0
0
0
0
0
0
0
0
0
0
0
0
0
0
0
0
0
0
0
0
0
0
0
0
0
0
0
0
0
0
0
0
0
0
0
0
0
0
0
0
0
0
0
0
0
0
0
0
0
0
0
0
0
0
0
0
0
0
0
0
0
0
0
0
0
0
0
0
0
0
0
0
0
0
0
0
0
0
0
0
0
0
0
0
0
0
0
0
0
0
0
0
0
0
0
0
0
0
0
0
0
0
0
0
0
0
0
0
0
0
0
0
0
0
0
0
0
0
0
0
0
0
0
0
0
0
0
0
0
0
0
0
0
0
0
0
0
0
0
0
0
0
0
0
0
0
0
0
0
0
0
0
0
0
0
0
0
0
0
0
0
0
0
0
0
0
0
0
0
0
0
0
0
0
0
0
0
0
0
0
0
0
0
0
0
0
0
0
0
0
0
0
0
0
0
0
0
0
0
0
0
0
0
0
0
0
0
0
0
0
0
0
0
0
0
0
0
0
0
0
0
0
0
0
0
0
0
0
0
0
0
0
0
0
0
0
0
0
0
0
0
0
0
0
0
0
0
0
0
0
0
0
0
0
0
0
0
0
0
0
0
0
0
0
0
0
0
0
0
0
0
0
0
0
0
0
0
0
0
0
0
0
0
0
0
0
0
0
0
0
0
0
0
0
0
0
0
0
0
0
0
0
0
0
0
0
0
0
0
0
0
0
0
0
0
0
0
0
0
0
0
0
0
0
0
0
0
0
0
0
0
0
0
0
0
0
0
0
0
0
0
0
0
0
0
0
0
0
0
0
0
0
0
0
0
0
0
0
0
0
0
0
0
0
0
0
0
0
0
0
0
0
0
0
0
0
0
0
0
0
0
0
0
0
0
0
0
0
0
0
0
0
0
0
0
0
0
0
0
0
0
0
0
0
0
0
0
0
0
0
0
0
0
0
0
0
0
0
0
0
0
0
0
0
0
0
0
0
0
0
0
0
0
0
0
0
0
0
0
0
0
0
0
0
0
0
0
0
0
0
0
0
0
0
0
0
0
0
0
0
0
0
0
0
0
0
0
0
0
0
0
0
0
0
0
0
0
0
0
0
0
0
0
0
0
0
0
0
0
0
0
0
0
0
0
0
0
0
0
0
0
0
0
0
0
0
0
0
0
0
0
0
0
0
0
0
0
0
0
0
0
0
0
0
0
0
0
0
0
0
0
0
0
0
0
0
0
0
0
0
0
0
0
0
0
0
0
0
0
0
0
0
0
0
0
0
0
0
0
0
0
0
0
0
0
0
0
0
0
0
0
0
0
0
0
0
0
0
0
0
0
0
0
0
0
0
0
0
0
0
0
0
0
0
0
0
0
0
0
0
0
0
0
0
0
0
0
0
0
0
0
0
0
0
0
0
0
0
0
0
0
0
0
0
0
0
0
0
0
0
0
0
0
0
0
0
0
0
0
0
0
0
0
0
0
0
0
0
0
0
0
0
0
0
0
0
0
0
0
0
0
0
0
0
0
0
0
0
0
0
0
0
0
0
0
0
0
0
0
0
0
0
0
0
0
0
0
0
0
0
0
0
0
0
0
0
0
0
0
0
0
0
0
0
0
0
0
0
0
0
0
0
0
0
0
0
0
0
0
0
0
0
0
0
0
0
0
0
0
0
0
0
0
0
0
0
0
0
0
0
0
0
0
0
0
0
0
0
0
0
0
0
0
0
0
0
0
0
0
16851
12645
197
12609
5810
43210
37764
42175
14296
13626
83184
69242
6965
37070
15227
24731
10252
69785
28643
23305
761
59630
25502
3291
36475
7018
7287
44645
18092
28767
63700
11745
24847
34559
12195
40697
42990
33178
40078
19759
34905
73521
282
61084
57366
33359
37720
9001
15585
89537
14473
6587
52340
27157
48110
29354
10130
31986
79493
23241
27418
23141
4531
70781
43830
6805
11098
27309
14092
36387
17622
9231
75001
14690
53959
46051
51918
75565
26844
2659
55052
29807
291
22940
85509
64082
69885
34169
9166
24531
1496
41279
76983
31672
19558
65551
2688
13337
59574
42267
50481
8452
20276
6741
9047
33977
39837
85585
16135
9083
54059
2749
1451
14425
24618
17919
4074
18875
50597
88116
63711
13701
55960
36547
20501
22802
1053
51999
22964
45721
40183
32446
34508
26418
22003
40
20886
21116
40082
26301
75440
11263
8737
38592
61045
3982
36239
32603
10773
34450
8797
23342
73447
19706
13508
90513
51039
5733
43817
15056
67070
75046
6701
22051
20003
28113
56104
499
22305
11918
93555
75553
14670
33732
62402
3471
23944
64378
42468
15031
16983
11312
5167
4884
31158
74287
78733
8427
23807
58081
16537
38978
61418
20959
36138
4351
42163
38122
8471
4399
12504
30402
38110
58663
80436
44086
12143
42648
5817
17087
13829
25707
86172
17525
10328
78637
60972
13797
42616
62832
4468
7139
89085
28016
24960
1438
17104
49629
39492
60354
43616
20759
35203
15922
9793
19639
5362
43873
42504
42774
66017
74074
29823
78436
60702
16396
36363
41713
18650
59800
14878
12167
67524
47580
28161
71709
36797
14525
13990
16087
34982
13854
32399
55529
30527
37600
7926
74042
45674
18590
69583
67896
49461
39069
40604
31165
10825
32150
34817
34366
16192
58651
2862
32773
34664
14384
15746
11810
6451
48281
51048
11753
32138
5946
28478
21682
5159
2917
22754
19879
63406
15032
81745
33904
50473
32548
14051
14766
42624
17055
53513
17023
41057
17215
5295
30391
49048
3664
1395
44813
1250
5372
3885
31522
65153
7529
63628
42014
72432
17590
22751
77082
9002
60105
4616
54823
22470
33097
44790
26310
616
42155
37580
78930
78134
6813
42544
9886
95277
45919
16799
78714
6885
13416
76712
64487
20340
28442
78741
11893
36563
7026
84249
2540
19349
50320
121
10990
42640
38621
24144
33876
40267
59281
57080
27009
49714
42613
41958
75897
14199
15763
37134
82827
16542
47251
40452
3431
46276
24233
24317
26020
55361
73576
26539
62792
11778
39078
60851
13331
63129
15803
89313
102
48493
65419
48380
32037
67816
33691
57040
37130
7082
2568
22301
84682
77781
21811
37749
51201
27904
0
0
0
0
0
0
0
0
0
0
0
0
0
0
0
0
0
0
0
0
0
0
0
0
0
0
0
0
0
0
0
0
0
0
0
0
0
0
0
0
0
0
0
0
0
0
0
0
0
0
0
0
0
0
0
0
0
0
0
0
0
0
0
0
0
0
0
0
0
0
0
0
0
0
0
0
0
0
0
0
0
0
0
0
0
0
0
0
0
0
0
0
0
0
0
0
0
0
0
0
0
0
0
0
0
0
0
0
0
0
0
0
0
0
0
0
0
0
0
0
0
0
0
0
0
0
0
0
0
0
0
0
0
0
0
0
0
0
0
0
0
0
0
0
0
0
0
0
0
0
0
0
0
0
0
0
0
0
0
0
0
0
0
0
0
0
0
0
0
0
0
0
0
0
0
0
0
0
0
0
0
0
0
0
0
0
0
0
0
0
0
0
0
0
0
0
0
0
0
0
0
0
0
0
0
0
0
0
0
0
0
0
0
0
0
0
0
0
0
0
0
0
0
0
0
0
0
0
0
0
0
0
0
0
0
0
0
0
0
0
0
0
0
0
0
0
0
0
0
0
0
0
0
0
0
0
0
0
0
0
0
0
0
0
0
0
0
0
0
0
0
0
0
0
0
0
0
0
0
0
0
0
0
0
0
0
0
0
0
0
0
0
0
0
0
0
0
0
0
0
0
0
0
0
0
0
0
0
0
0
0
0
0
0
0
0
0
0
0
0
0
0
0
0
0
0
0
0
0
0
0
0
0
0
0
0
0
0
0
0
0
0
0
0
0
0
0
0
0
0
0
0
0
0
0
0
0
0
0
0
0
0
0
0
0
0
0
0
0
0
0
0
0
0
0
0
0
0
0
0
0
0
0
0
0
0
0
0
0
0
0
0
0
0
0
0
0
0
0
0
0
0
0
0
0
0
0
0
0
0
0
0
0
0
0
0
0
0
0
0
0
0
0
0
0
0
0
0
0
0
0
0
0
0
0
0
0
0
0
0
0
0
0
0
0
0
0
0
0
0
0
0
0
0
0
0
0
0
0
0
0
0
0
0
0
0
0
0
0
0
0
0
0
0
0
0
0
0
0
0
0
0
0
0
0
0
0
0
0
0
0
0
0
0
0
0
0
0
0
0
0
0
0
0
0
0
0
0
0
0
0
0
0
0
0
0
0
0
0
0
0
0
0
0
0
0
0
0
0
0
0
0
0
0
0
0
0
0
0
0
0
0
0
0
0
0
0
0
0
0
0
0
0
0
0
0
0
0
0
0
0
0
0
0
0
0
0
0
0
0
0
0
0
0
0
0
0
0
0
0
0
0
0
0
0
0
0
0
0
0
0
0
0
0
0
0
0
0
0
0
0
0
0
0
0
0
0
0
0
0
0
0
0
0
0
0
0
0
0
0
0
0
0
0
0
0
0
0
0
0
0
0
0
0
0
0
0
0
0
0
0
0
0
0
0
0
0
0
0
0
0
0
0
0
0
0
0
0
0
0
0
0
0
0
0
0
0
0
0
0
0
0
0
0
0
0
0
0
0
0
0
0
0
0
0
0
0
0
0
0
0
0
0
0
0
0
0
0
0
0
0
0
0
0
0
0
0
0
0
0
0
0
0
0
0
0
0
0
0
0
0
0
0
0
0
0
0
0
0
0
0
0
0
0
0
0
0
0
0
0
0
0
0
0
0
0
0
0
0
0
0
0
0
0
0
0
0
0
0
0
0
0
0
0
0
0
0
0
0
0
0
0
0
0
0
0
0
0
0
0
0
0
0
0
0
0
0
0
0
0
0
0
0
0
0
0
0
0
0
0
0
0
0
0
0
0
0
0
0
0
0
0
0
0
0
0
0
0
0
0
0
0
0
0
0
0
0
0
0
0
0
0
0
0
0
0
0
0
0
0
0
0
0
0
0
0
0
0
0
0
0
0
0
0
0
0
0
0
0
0
0
0
0
0
0
0
0
0
0
0
0
0
0
0
0
0
0
0
0
0
0
0
0
0
0
0
0
0
0
0
0
0
0
0
0
0
0
0
0
0
0
0
0
0
0
0
0
0
0
0
0
0
0
0
0
0
0
0
0
0
0
0
0
0
0
0
0
0
0
0
0
0
0
23964
5380
58996
32431
38171
4866
33343
28486
1262
55112
49972
42119
24896
1198
39503
32145
66837
49806
22333
24783
83424
7741
12027
33526
75793
46629
74870
37122
21980
30250
65398
25987
45657
30129
31993
5741
9143
5483
42698
18063
56774
45962
32189
9914
4158
40950
23414
19091
33514
21983
1290
71355
58671
21192
41701
10143
73234
35764
48124
91800
49573
29603
28398
49132
20429
47870
25057
73295
27924
2800
20875
41416
55320
15235
19822
44822
2046
55566
20333
79022
69672
44195
19621
47822
81819
2523
15902
14653
36977
54104
26880
82360
27538
33668
11179
60670
65201
31607
84160
15292
33692
36106
9162
35937
23228
19398
169
62940
48518
70146
2302
38817
27037
35170
39460
48677
13304
5230
38560
53117
5881
22959
25269
7298
14517
18103
491
58992
41038
23638
31398
23791
2213
33888
42436
16919
38865
29254
48420
1709
65532
60700
19473
24473
36890
68299
31017
11661
85694
2600
15967
55988
19662
12781
3624
39099
10070
52843
20285
27417
22768
69170
68559
3508
18332
4736
43231
9600
61020
35833
37419
69226
36664
12766
47537
54377
73162
10870
1419
4283
26108
27382
81103
13935
56157
6258
86594
1422
76331
9099
59068
13432
33972
6130
38363
215
15706
21642
30719
49537
19141
70914
56093
736
15444
27189
12070
18995
3186
2398
52915
24397
53341
54875
6862
64173
24229
52698
49951
22489
91181
39455
35804
61964
41685
24433
13557
4748
36238
36740
12392
27072
79224
16484
82923
4139
3704
13574
75765
50413
9135
9118
5532
41347
7127
24237
44031
38495
9026
4669
4166
5106
14698
35202
2102
46296
9568
65478
38869
2849
56164
1323
49650
15886
50617
5488
3917
571
4415
10853
84200
25751
24711
11661
43738
0
0
0
0
0
0
0
0
0
0
0
0
0
0
0
0
0
0
0
0
0
0
0
0
0
0
0
0
0
0
0
0
0
0
0
0
0
0
0
0
0
0
0
0
0
0
0
0
0
0
0
0
0
0
0
0
0
0
0
0
0
0
0
0
0
0
0
0
0
0
0
0
0
0
0
0
0
0
0
0
0
0
0
0
0
0
0
0
0
0
0
0
0
0
0
0
0
0
0
0
0
0
0
0
0
0
0
0
0
0
0
0
0
0
0
0
0
0
0
0
0
0
0
0
0
0
0
0
0
0
0
0
0
0
0
0
0
0
0
0
0
0
0
0
0
0
0
0
0
0
0
0
0
0
0
0
0
0
0
0
0
0
0
0
0
0
0
0
0
0
0
0
0
0
0
0
0
0
0
0
0
0
0
0
0
0
0
0
0
0
0
0
0
0
0
0
0
0
0
0
0
0
0
0
0
0
0
0
12220
16239
74399
6989
53160
18413
2969
9536
85912
23453
21517
23972
10215
8857
9099
33755
32274
34197
12336
16899
23285
67427
5359
64776
47228
13299
37194
60458
20473
76271
18131
9155
42043
57647
54385
36077
24081
11264
75953
49
7721
12417
49433
48899
41902
1090
64431
10440
9649
555
51669
23069
46404
53635
84184
72066
95036
6648
27634
31337
83328
42075
43749
30728
5500
8067
94157
41431
5877
50244
26198
77512
8191
62523
19846
18345
339
53746
61036
80452
6725
79421
38102
7532
41316
60449
20690
50638
14456
31905
9243
33499
33233
42818
36564
51902
18261
85156
22201
40078
53522
27338
4841
9408
26180
23056
46115
26290
35732
21324
58029
54027
36945
48858
5411
25137
33892
50147
26831
1406
17794
51726
24694
30471
10223
41588
1986
66313
5014
56180
46770
79821
11356
25518
26771
90750
15420
44769
95293
24462
45975
12071
16505
44633
47875
19622
69062
42729
38576
12906
15441
62009
70041
53561
77757
16080
487
11722
38579
20240
45030
668
55987
35668
11038
48789
23583
60157
20413
17015
14207
8604
43842
20694
50561
68366
17156
22506
21237
13785
90578
21473
17035
57800
58209
16288
2660
21867
23783
8339
53839
30580
35249
2966
31486
54795
21441
66101
55706
7742
76005
67480
728
73725
60152
23887
47513
66945
16148
24473
71093
66314
26759
969
6010
5568
46991
170
50685
31455
2708
68239
73898
42826
64857
55589
19755
3781
22581
65953
7238
2355
69993
24425
5175
48573
25891
3868
32572
29491
27824
7962
43701
13468
56590
22200
36198
45147
66740
3090
28061
38745
16369
63333
47444
17830
65342
15846
15481
15172
13360
20718
55852
67138
24703
30053
45488
25615
11673
40648
7150
34520
45135
36062
1836
57586
1583
33748
8673
56574
63948
45059
50179
51353
7420
26743
21052
64901
86590
23108
12509
35410
67355
53454
82882
13336
3468
26238
2519
37138
87955
7488
20386
23092
10726
48416
5692
23631
15489
17337
43258
74725
95610
14658
43271
79063
85104
8854
27056
32608
73006
33695
59136
33755
4573
16441
30692
45436
29178
3909
14874
19911
5901
2034
57558
54168
23096
61065
91832
10460
29342
9505
51055
78814
3069
23128
36452
19336
4970
9401
25639
6226
10833
46601
56445
30937
68644
17847
37359
88349
32146
24232
51115
40830
23129
67845
65744
44031
44134
16875
71110
31395
33415
7701
73677
69648
34860
4114
6712
61876
5483
87409
22244
10505
16850
17561
20934
64241
72174
54939
10160
5885
25767
33735
25928
49842
40298
37085
69423
27675
8195
26250
2247
14167
9733
87191
14066
16935
0
0
0
0
0
0
0
0
0
0
0
0
0
0
0
0
0
0
0
0
0
0
0
0
0
0
0
0
0
0
0
0
0
0
0
0
0
0
0
0
0
0
0
0
0
0
0
0
28193
9295
32319
26751
41130
28229
1901
28016
8881
54008
20811
33552
51360
30386
12335
46287
31278
17212
20619
41135
55393
7571
29089
17509
60784
49758
2760
16807
20570
3339
70532
54341
18968
14003
59688
55153
54699
14014
26550
1711
76525
11431
46786
79023
53020
67599
8508
27265
2840
11019
4564
32997
3439
38150
25727
8272
5946
12014
39082
36359
24699
14613
69086
9303
75175
21959
4808
68725
65263
5206
419
72712
30781
46813
40982
36263
47512
75303
5367
18654
2964
78593
15698
28040
24353
38459
41866
60675
2411
3833
53850
18698
80698
35483
17497
91201
21555
4597
80778
15031
83091
35178
9026
45202
64490
22056
13834
4616
44822
43922
1864
47082
1925
12625
36612
60008
1431
37729
20389
15305
67178
11086
30490
66491
6226
7034
86695
46175
973
97109
14505
42902
81324
0
0
0
0
0
0
0
0
0
0
0
0
0
0
0
0
0
0
0
0
0
0
0
0
0
0
0
0
0
0
0
0
0
0
0
0
0
0
0
0
0
0
0
0
0
0
0
0
0
0
0
0
0
0
0
0
0
0
0
0
0
0
0
0
0
0
0
0
0
0
0
0
0
0
0
0
0
0
0
0
0
0
0
0
0
0
0
0
0
0
0
0
0
0
0
0
0
0
0
0
0
0
0
0
0
0
0
0
0
0
0
0
0
0
0
0
0
0
0
0
0
0
0
0
0
0
0
0
0
0
0
0
0
0
0
0
0
0
0
0
0
0
0
0
0
0
0
21586
77701
18209
667
11789
81231
37689
63905
36279
74673
12039
816
45593
62357
59241
2716
79384
33241
539
1872
7825
95751
24073
69753
808
8448
25755
66406
75544
1338
10030
30712
84686
89963
1756
3761
2302
31511
5572
170
27764
22566
21409
22851
29905
21670
71363
70914
31868
1640
39331
19714
6343
30527
70432
54670
45047
391
17629
18578
30984
32009
31194
11127
55229
27012
29096
43006
31704
72768
6047
44002
22064
26005
6539
22706
48875
59113
2990
8902
38625
31503
21795
49
11231
16867
22589
86240
20951
85052
27880
40411
5801
11186
20429
28230
51428
87695
25891
2472
14746
67097
75710
14890
3283
59057
45774
78842
11991
57916
59060
82043
29109
81951
12424
24401
20876
6339
27961
48726
9913
6286
25185
44432
37905
15642
33242
18854
12119
70942
70415
21931
9123
65623
2262
53305
44433
26341
53895
31266
16481
22344
21771
20855
28222
55348
35250
78179
1524
53590
30298
36416
87027
49891
31101
24313
21048
47593
32230
82284
12586
44950
63929
15313
20791
43826
46159
44842
13955
11532
11548
70692
950
46642
12288
36917
20393
80802
4001
15633
57120
46103
17971
74179
62928
0
0
0
0
0
0
0
0
0
0
0
0
0
0
0
0
0
0
0
0
0
0
0
0
0
0
0
0
0
0
0
0
0
0
0
0
0
0
0
0
0
0
0
0
0
0
0
0
0
0
0
0
0
0
0
0
0
0
0
0
0
0
0
0
0
0
0
0
0
0
0
0
0
0
0
0
0
0
0
0
0
0
0
0
0
0
0
0
0
0
0
0
0
0
0
0
0
0
0
0
0
0
0
0
0
0
0
0
0
0
0
0
0
0
0
0
0
0
0
0
0
0
0
0
0
0
0
0
0
0
0
0
0
0
0
0
0
0
0
0
0
0
0
0
0
0
0
0
0
0
0
0
0
0
0
0
0
0
0
0
0
0
0
0
0
0
0
0
0
0
0
0
0
0
0
0
0
0
0
0
0
0
0
0
0
0
0
0
0
0
0
0
0
0
0
0
0
0
0
0
0
0
0
0
0
0
0
0
0
0
0
0
0
0
0
0
0
0
0
0
0
0
0
0
0
0
0
0
0
0
0
0
0
0
0
0
0
0
0
0
0
0
0
0
0
0
0
0
0
0
0
0
0
0
0
0
0
0
0
0
0
0
0
0
0
0
0
0
0
0
0
0
0
0
0
0
0
0
0
0
0
0
0
0
0
0
0
0
0
0
0
0
0
0
0
0
0
0
0
0
0
0
0
0
0
0
0
0
0
0
0
0
0
0
0
0
0
0
0
0
0
0
0
0
0
0
0
0
0
0
0
0
0
0
0
0
0
0
0
0
0
0
0
0
0
0
0
0
0
0
0
0
0
0
0
0
0
0
0
0
0
0
0
0
0
0
0
0
0
0
0
0
0
0
0
0
0
0
0
0
0
0
0
0
0
0
0
0
0
0
0
0
0
0
0
0
0
0
0
0
0
0
0
0
0
0
0
0
0
0
0
0
0
0
0
0
0
0
0
0
0
0
0
0
0
0
0
0
0
0
0
0
0
0
0
0
0
0
0
0
0
0
0
0
0
0
0
0
0
0
0
0
0
0
0
0
0
0
0
0
0
0
0
0
0
0
0
0
0
0
63174
15733
916
51786
28302
60040
406
250
63535
18923
35205
20168
8501
25659
49059
4491
43545
59956
43392
40974
20667
91085
17221
39102
27812
63129
68042
6187
45512
4130
21389
14080
92735
7428
32591
26453
88209
50622
34290
87388
25574
1644
33029
11657
21136
16867
32475
43548
53898
24101
22137
26735
45954
11468
13830
21401
62265
44858
85047
13480
49360
34829
29073
6700
8757
74420
42496
57032
43777
15172
20075
22963
16160
18493
21694
83521
24924
51168
23606
49292
22454
38905
41625
33479
50328
21583
38757
84541
13681
35856
49557
8829
70134
30338
34572
34720
23253
37532
46232
61731
48943
79950
50063
18139
14396
34829
46412
36527
37716
63908
8721
9565
22137
96386
46585
33929
18244
16593
42653
28177
18417
57257
13116
22353
28068
68383
26703
57141
8653
61382
29194
52177
12079
28667
13649
41150
48661
25614
29957
35865
15404
16256
1382
53337
17935
84280
32500
15553
42713
41584
17814
24900
31522
10375
58965
56394
33796
38054
19317
38379
31077
40178
81032
5547
36355
18995
47520
55991
25040
11838
74503
70114
42500
13119
60919
10758
89293
51232
43899
50589
49943
42480
66157
24381
65916
53369
12927
15349
1528
16171
49705
49533
29563
44648
14304
22939
33981
44630
84453
58654
10099
24225
50525
51855
44260
27470
52522
37848
22003
35246
33327
39784
23980
7978
51770
48927
46160
52489
19722
965
10071
22550
26519
25482
55928
49276
67796
37351
9636
15003
18458
56257
77207
28868
53613
5171
50336
1724
8902
7239
4777
66852
4552
7223
5126
41901
2210
26298
6608
40407
24891
41536
327
24197
35138
9290
8557
3307
41376
81549
23305
40400
75488
8592
25936
20715
49056
44166
1129
57723
2399
25425
692
63213
53264
14810
26290
12452
7304
32504
76981
20277
9460
12922
15863
35134
1045
23579
31209
4500
2029
52332
53952
25735
29800
42949
80954
33178
10842
12589
63945
6772
80396
31016
54980
8038
110
54739
23144
61803
60181
2623
80094
83823
15468
32607
20822
15103
27892
68428
79239
8255
13327
60172
21216
44094
41789
61129
75552
3660
33699
11983
35603
25149
24297
15529
51011
22867
22703
61053
2054
20630
37547
36637
42592
19513
18489
15376
28274
23257
57646
18939
4957
21449
49421
11059
9050
17855
21425
22987
12838
41404
25948
11359
8272
13456
37499
46344
4544
76878
45184
66643
18107
1896
2327
20521
8460
7660
48835
9127
32921
10821
6138
6692
2797
33877
11493
17196
14516
61747
25318
17119
46593
32426
25188
34711
11826
2126
34028
7191
84083
559
50601
20956
26438
51259
5708
222
9207
25321
58732
30680
6091
58988
76998
41271
12092
36275
37439
5063
21181
58421
8364
86346
69215
11404
84717
12211
65045
13588
17995
10380
87410
10429
63876
90406
6898
4500
24735
12038
55153
66916
64695
8953
19742
49558
70219
18702
45950
57237
84633
78665
49694
30772
19429
37041
37740
46650
18493
24052
7529
67250
1259
15320
22008
45710
13200
20786
27499
840
1636
16252
59377
17975
44123
20345
74175
58812
5352
35675
69021
28824
50325
76765
66640
26892
3961
74411
19642
52204
47838
27968
21630
20215
16227
59072
1679
15522
40572
8006
18759
27077
68896
6809
11677
15742
1102
1455
3933
30788
17908
59919
31519
81902
1146
17417
14545
11115
20823
46139
52642
66503
30675
72318
15336
21815
25643
37817
3456
31904
26755
314
1370
54731
16480
23285
15817
4483
87722
27029
10259
11640
82882
26859
43287
31361
41564
30764
38354
58623
56611
9291
10384
3958
26370
22181
39098
85766
15822
59450
81689
47963
48034
31237
25474
64920
36487
1395
94531
63821
12637
4733
47031
0
0
0
0
0
0
0
0
0
0
0
0
0
0
0
0
0
0
0
0
0
0
0
0
0
0
0
0
0
0
0
0
0
0
0
0
0
0
0
0
0
0
0
0
0
0
0
0
0
0
0
0
0
0
0
0
0
0
0
0
0
0
0
0
0
0
0
0
0
0
0
0
0
0
0
0
0
0
0
0
0
0
0
0
0
0
0
0
0
0
0
0
0
0
0
0
0
0
0
0
0
0
0
0
0
0
0
0
0
0
0
0
0
0
0
0
0
0
0
0
0
0
0
0
0
0
0
0
0
0
0
0
0
0
0
0
0
0
0
0
0
0
0
0
0
0
0
0
0
0
0
0
0
0
0
0
0
0
0
0
0
0
0
0
0
0
0
0
0
0
0
0
0
0
0
0
0
0
0
0
0
0
0
0
0
0
0
0
0
0
0
0
0
0
0
0
0
0
0
0
0
0
0
0
0
0
0
0
0
0
0
0
0
0
0
0
0
0
0
0
0
0
0
0
0
0
0
0
0
0
0
0
0
0
0
0
0
0
0
0
0
0
0
0
0
0
0
0
0
0
0
0
0
0
0
0
0
0
0
0
0
0
0
0
0
0
0
0
0
0
0
0
0
0
0
0
0
0
0
0
0
0
0
0
0
0
0
0
0
0
0
0
0
0
0
0
0
0
0
0
0
0
0
0
0
0
0
0
0
0
0
0
0
0
0
0
0
0
0
0
0
0
0
0
0
0
0
0
0
0
0
0
0
0
0
0
0
0
0
0
0
0
0
0
0
0
0
0
0
0
0
0
0
0
0
0
0
0
0
0
0
0
0
0
0
0
0
0
0
0
0
0
0
0
0
0
0
0
0
0
0
0
0
0
0
0
0
0
0
0
0
0
0
0
0
0
0
0
0
0
0
0
0
0
0
0
0
0
0
0
0
0
0
0
0
0
0
0
0
0
0
0
0
0
0
0
0
0
0
0
0
0
0
0
0
0
0
0
0
0
0
0
0
0
0
0
0
0
0
0
0
0
0
0
0
0
0
0
0
0
0
0
0
0
0
0
0
0
0
0
0
0
0
0
0
0
0
0
0
0
0
0
0
0
0
0
0
0
0
0
0
0
0
0
0
0
0
0
0
0
0
0
0
0
0
0
0
0
0
0
0
0
0
0
0
0
0
0
0
0
0
0
0
0
0
0
0
0
0
0
0
0
0
0
0
0
0
0
0
0
0
0
0
0
0
0
0
0
0
0
0
0
0
0
0
0
0
0
0
0
0
0
0
0
0
0
0
0
0
0
0
0
0
0
0
0
0
0
0
0
0
0
0
0
0
0
0
0
0
0
0
0
0
0
0
0
0
0
0
0
0
0
0
0
0
0
0
0
0
0
0
0
0
0
0
0
0
0
0
0
0
0
0
0
33471
20212
4804
77930
43239
67303
37729
29262
41577
77391
28835
67482
4841
27526
59643
9660
10637
35504
7668
15055
28631
29370
42633
20052
27602
75090
87703
46778
48320
55948
71949
20217
59048
419
49501
53466
82199
27518
24257
7298
24800
9283
58783
21880
44961
45039
55373
17517
12520
575
33780
51522
22578
58321
4671
54465
14220
19489
53545
83059
63330
38278
72789
81939
50581
87373
68933
28415
87112
34804
37283
65881
31592
35929
37061
7826
30624
30217
2436
84151
4227
56627
56124
56249
5138
5014
46557
19305
6785
35404
34893
34543
26108
14019
7054
17007
33980
26252
14381
18530
33170
30663
145
39929
51774
9548
8701
39633
64864
43809
7633
5647
53899
61169
49906
36286
8174
14508
29643
27013
40255
11408
28764
48063
9850
42380
73684
5416
76405
7074
59305
21100
4363
43733
21782
23353
6126
26551
46813
1752
77280
18248
40106
9732
44420
11544
40821
87847
41047
0
0
0
0
0
0
0
0
0
0
0
0
0
0
0
0
0
0
0
0
0
0
0
0
0
0
0
0
0
0
0
0
0
0
0
0
0
0
0
0
0
0
0
0
0
0
0
0
0
0
0
0
0
0
18581
22546
27486
90899
33631
57116
25032
81918
11404
22804
8404
9067
14682
66796
62149
49119
16742
2187
73250
46477
11082
27060
7187
36705
30800
6861
31832
21068
56441
22333
19589
8010
61338
15509
23381
55445
36973
58619
32908
46959
47208
9299
89353
2511
53485
67664
2953
1170
53626
30178
59217
52506
23903
687
31439
38673
89972
65169
1118
69286
48581
12843
2474
12544
14264
46207
35006
50681
36295
24366
68628
30371
63089
3824
4460
12030
14147
21039
2001
41195
36733
20751
20112
45348
69491
543
4475
22831
15578
58899
35042
9786
1173
25658
31656
6443
17976
3857
5897
22750
3230
65221
29768
80737
9150
35800
347
6801
72913
13717
33098
24595
91984
14765
57035
30620
37640
39431
46171
66053
29740
51609
3994
36078
35888
45180
49176
72118
23421
44838
53534
42713
1113
52850
31624
29566
15698
3492
71861
22622
53606
22281
15199
15806
58466
8668
7158
23534
60260
47051
15335
9898
30145
5733
10930
27691
80802
69904
5274
11612
2178
24253
86461
46235
21332
9685
9238
16424
37133
86361
51895
76898
19946
34873
55072
7111
4732
575
71986
52667
18044
26265
9231
21706
41488
23755
6511
3824
3182
15336
37086
7468
35479
28109
3065
42082
21100
43749
14954
28414
18915
11628
62847
3339
2788
28928
41419
74239
30201
12413
17498
43456
20438
65366
31732
1761
20424
18842
84063
20349
18183
39061
15693
40057
45135
34527
50801
5167
20626
45440
17822
68543
16472
7041
39608
46686
11714
14340
43440
28578
63659
52570
8986
78252
10967
24481
26256
14854
77291
1257
50605
13388
38636
19172
61884
38463
25426
36242
54521
73528
2451
19731
91233
26265
70170
27357
20015
26498
1066
4082
48092
16758
83236
43777
36098
17474
4150
20253
28675
25056
47393
49622
43877
35612
18794
12597
7893
5194
16907
38431
31286
50931
72303
9203
50168
1054
72230
58273
65752
39231
18944
29052
81950
375
25290
15148
71588
6350
16931
50943
50136
7014
2443
74974
7203
71155
59080
9271
31213
0
0
0
0
0
0
0
0
0
0
0
0
0
0
0
0
0
0
0
0
0
0
0
0
0
0
0
0
0
0
0
0
0
0
0
0
0
0
0
0
0
0
0
0
0
0
0
0
0
0
0
0
0
0
0
0
0
0
0
0
0
0
0
0
0
0
0
0
0
0
0
0
0
0
0
0
0
0
0
0
0
0
0
0
0
0
0
0
0
0
0
0
0
0
0
0
0
0
0
0
0
0
0
0
0
0
0
0
0
0
0
0
0
0
0
0
0
0
0
0
0
0
0
0
0
0
0
0
0
0
0
0
0
0
0
0
0
0
0
0
0
0
0
0
0
0
0
0
0
0
0
0
0
0
0
0
0
0
0
0
0
0
0
0
0
0
0
0
0
0
0
0
0
0
0
0
0
0
0
0
0
0
0
0
0
0
0
0
0
0
0
0
0
0
0
0
0
0
0
0
0
0
0
0
0
0
0
0
0
0
0
0
0
0
0
0
0
0
0
0
0
0
0
0
0
0
0
0
0
0
0
0
0
0
0
0
0
0
0
0
0
0
0
0
0
0
0
0
0
0
0
0
0
0
0
0
0
0
0
0
0
0
0
0
0
0
0
0
0
0
0
0
0
0
0
0
0
0
0
0
0
0
0
0
0
0
0
0
0
0
0
0
0
0
0
0
0
0
0
0
0
0
0
0
0
0
0
0
0
0
0
0
0
0
0
0
0
0
0
0
0
0
0
0
0
0
0
0
0
0
0
0
0
0
0
0
0
0
0
0
0
0
0
0
0
0
0
0
0
0
0
0
0
0
0
0
0
0
0
0
0
0
0
0
0
0
0
0
0
0
0
0
0
0
0
0
0
0
0
0
0
0
0
0
0
0
0
0
0
0
0
0
0
0
0
0
0
0
0
0
0
0
0
0
0
0
0
0
0
0
0
0
0
0
0
0
0
0
0
0
0
0
0
0
0
0
0
0
0
0
0
0
0
0
0
0
0
0
0
0
0
0
0
0
0
0
0
0
0
0
0
0
0
0
0
0
0
0
0
0
0
0
0
0
0
0
0
0
0
0
0
0
0
0
0
0
0
0
0
0
0
0
0
0
0
0
0
0
0
0
0
0
0
0
0
0
0
0
0
0
0
0
0
0
0
0
0
0
0
0
0
0
0
0
0
0
0
0
0
0
0
0
0
0
0
0
0
0
0
0
0
0
0
0
0
0
0
0
0
0
0
0
0
0
0
0
0
0
0
0
0
0
0
0
0
0
0
0
0
0
0
0
0
0
0
0
0
0
0
0
0
0
0
0
0
0
0
0
0
0
0
0
0
0
0
0
0
0
0
0
0
0
0
0
0
0
0
0
0
0
0
0
0
0
0
0
0
0
0
0
0
0
0
0
0
0
0
0
0
0
0
0
0
0
0
0
0
0
0
0
0
0
0
0
0
0
0
0
0
0
0
0
0
0
0
0
0
0
0
0
0
0
0
0
0
0
0
0
0
0
0
0
0
0
0
0
0
0
0
0
0
0
0
0
0
0
0
0
0
0
0
0
0
0
0
0
0
0
0
0
0
0
0
0
0
0
0
0
0
0
0
0
0
0
0
0
0
0
0
0
0
0
0
0
0
0
0
0
0
0
0
0
0
0
0
0
0
0
0
0
0
0
0
0
0
0
0
0
0
0
0
0
0
0
0
0
0
0
0
0
0
0
0
0
0
0
0
0
0
0
0
0
0
0
0
0
0
0
0
0
0
0
0
0
0
0
0
0
0
0
0
0
0
0
0
0
0
0
0
0
0
0
0
0
0
0
0
0
0
0
0
0
0
0
0
0
0
0
0
0
0
0
0
0
0
0
0
0
0
0
0
0
0
0
0
0
0
0
0
0
0
0
0
0
0
0
0
0
0
0
0
0
0
0
0
0
0
0
0
0
0
0
0
0
0
0
0
0
0
0
0
0
0
0
0
0
0
0
0
0
0
0
0
0
0
0
0
0
0
0
0
0
0
0
0
0
0
0
0
0
0
0
0
0
0
0
0
0
0
0
0
0
0
0
0
0
0
0
0
0
0
0
0
0
0
0
0
0
0
0
0
0
0
0
0
0
0
0
0
0
0
0
0
0
0
0
0
0
0
0
0
0
0
0
0
0
0
0
0
0
0
0
0
0
0
0
0
0
0
0
0
0
0
0
0
0
0
0
0
0
0
0
0
0
0
0
0
0
0
0
0
0
0
0
0
0
0
0
0
0
0
0
0
0
0
0
0
0
0
0
0
0
0
0
0
0
0
0
0
0
0
0
0
0
0
0
0
0
0
0
0
0
0
0
0
0
0
0
0
0
0
0
0
0
0
0
0
0
0
0
0
0
0
0
0
0
0
0
0
0
0
0
0
0
0
0
0
0
0
0
0
0
0
0
0
0
0
0
0
0
0
0
0
0
0
0
0
0
0
0
0
0
0
0
0
0
0
0
0
0
0
0
0
0
0
0
0
0
0
0
0
0
0
0
0
0
0
0
0
0
0
0
0
0
0
0
0
0
0
0
0
0
0
0
0
0
0
0
0
0
0
0
0
0
0
0
0
0
0
0
0
0
0
0
0
0
0
0
0
0
0
0
0
0
0
0
0
0
0
0
0
0
0
0
0
0
0
0
0
0
0
0
0
0
0
0
0
0
0
0
0
0
0
0
0
0
0
0
0
0
0
0
0
0
0
0
0
0
0
0
0
0
0
0
0
0
0
0
0
0
0
0
0
0
0
0
0
0
0
0
0
0
0
0
0
0
0
0
0
0
0
0
0
0
0
0
0
0
0
0
0
0
0
0
0
0
0
0
0
0
0
0
0
0
0
0
0
0
0
0
0
0
0
0
0
0
0
0
0
0
0
0
0
0
0
0
0
0
0
0
0
0
0
0
0
0
0
0
0
0
0
0
0
0
0
0
0
0
0
0
0
0
0
0
0
0
0
0
0
0
0
0
0
0
0
0
0
0
0
0
0
0
0
0
0
0
0
0
0
0
0
0
0
0
0
0
0
0
0
0
0
0
0
0
0
0
0
0
0
0
0
0
0
0
0
0
0
0
0
0
0
0
0
0
0
0
0
0
0
0
0
0
0
0
0
0
0
0
0
0
0
0
0
0
0
0
0
0
0
0
0
0
0
0
0
0
0
0
0
0
0
0
0
0
0
0
0
0
0
0
0
0
0
0
0
0
0
0
0
0
0
0
0
0
0
0
0
0
0
0
0
0
0
0
0
0
0
0
0
0
0
0
0
0
0
0
0
0
0
0
0
0
0
0
0
0
0
0
0
0
0
0
0
0
0
0
0
0
0
0
0
0
0
0
0
0
0
0
0
0
0
0
0
0
0
0
0
0
0
0
0
0
0
0
0
0
0
0
0
0
0
0
0
0
0
0
0
0
0
0
0
0
0
0
0
0
0
0
0
0
0
0
0
0
0
0
0
0
0
0
0
0
0
0
0
0
0
0
0
0
0
0
0
0
0
0
0
0
0
0
0
0
0
0
0
0
0
0
0
0
0
0
0
0
0
0
0
0
