70324
41426
25179
2567
34518
12103
27516
5800
14488
25223
14739
53605
16191
34113
76300
37329
4312
33732
28744
35765
27765
55554
26764
16396
63365
5078
15784
20997
12118
22708
43838
59592
71333
12421
8158
48619
14851
2867
25598
30952
63307
19380
39999
62493
7838
21619
1221
60792
62580
20568
31568
33267
17985
13697
46103
25465
77662
71520
13123
48897
37114
73622
52629
52698
13239
13281
23705
54828
18998
43912
14205
49114
36436
80166
18003
82089
2877
52854
26744
20847
14482
77276
3876
13026
27735
18406
21775
37434
64657
11773
52233
73973
13959
49717
15626
1178
36197
15559
44999
24265
24331
40726
79714
39779
57942
46809
79975
57606
4688
17292
23649
8687
16057
32083
29882
25755
20111
11921
27219
2645
39132
17143
23679
22792
10715
63428
22531
13146
61136
66275
34171
56831
62448
2863
72360
9189
18376
13633
27711
3355
563
31062
984
18666
19378
46172
11652
15602
19751
1415
4317
61891
33604
41736
56660
13517
15491
1917
22742
26913
18156
46744
57944
33674
2456
16293
20283
8532
77972
17342
20643
7292
2233
12335
34134
43946
57414
1683
3536
40589
908
45893
28887
42331
49604
52345
25533
9172
11607
25523
46929
71907
43757
644
15143
39973
86504
12630
22184
44445
30523
9260
38806
15607
5958
23339
50763
67166
10538
39198
22719
68343
28353
15248
22187
557
14121
19448
46667
44712
3024
35052
5506
50226
41888
45728
37703
26556
26066
20436
56140
843
12620
7764
20173
16982
12686
3541
35120
39
4273
21206
11076
33046
7496
66880
34235
48052
74693
65552
12304
26650
31168
40108
38126
10616
86786
31649
40900
9843
25805
44509
29358
11660
50054
3853
22433
43165
507
2601
62358
31827
41581
25856
46159
47475
32659
57022
43795
31775
64375
37314
34481
20042
5989
81821
16702
13253
21324
18304
53267
49501
53250
25212
4289
29789
3516
81173
16401
32628
27554
48218
39116
6845
10255
79159
41291
42128
29378
8913
69644
45288
34298
4666
34256
14395
52588
54083
31051
6366
20115
8533
40826
11468
5672
48987
32124
76313
26997
4779
23431
49372
62219
32416
7803
31221
72723
5460
48915
65518
39051
455
52135
33121
48424
73466
70045
46461
24218
2764
63212
38457
37898
42331
16670
24116
46458
12103
6961
3624
26626
32365
33959
40945
40265
3535
55948
6478
52238
39823
14036
36104
13913
40150
34800
15940
8874
53130
45404
5013
46264
57093
18716
5889
26552
5939
16971
64728
12279
57376
20875
1180
34437
24372
66000
8981
1406
43512
50933
5555
21596
6466
36609
4521
31181
13983
45712
7200
21186
60851
1696
16608
35833
38570
10971
10428
21665
8105
29497
74024
6592
24249
62743
59396
487
33310
3092
768
14219
19254
31997
39400
11171
3100
40408
14871
37912
21798
40416
32630
11226
68913
65589
13059
24472
44915
8308
35223
11573
10603
71191
35610
70522
57816
6527
45010
5932
43050
7174
30121
27003
27408
1909
11861
29547
52046
22808
22746
21121
70029
59351
12533
33199
42737
3474
47839
23809
28636
34007
13617
1734
3311
39833
21069
1545
20209
19022
9014
19970
60721
3368
46171
20575
30272
9356
15323
2726
2838
53497
8876
5336
5366
53954
38452
29399
33349
925
60461
39919
71207
68170
6895
931
61805
61219
15685
23666
20327
8165
16259
33536
45283
8240
23664
12596
23417
31739
41820
50822
13630
35200
34048
34748
43607
10898
25892
15833
4053
2160
43264
57776
28510
20109
26206
11890
17077
4490
8548
9502
1424
76469
67793
11560
68440
28712
16302
75637
454
24491
2191
47609
44750
43416
26034
13007
85514
12703
28445
34438
75661
2468
18679
10927
36540
31987
15420
42701
4175
560
75110
7289
9095
3669
48865
54356
23220
6361
28116
40207
26809
44835
58758
4241
37816
41018
40364
44882
13148
18937
11992
13562
2019
29724
6989
19763
1160
5690
1665
21794
76735
38367
26918
7283
671
1417
66682
9926
29955
13834
495
30658
28387
26238
42744
44193
65144
42523
5865
18982
13879
35
40606
31690
41169
47351
36988
30477
70553
46239
29068
26477
20198
28531
1965
12428
3666
15603
31696
4021
53755
13759
44793
11047
18230
15139
18987
5617
4554
31650
43302
18106
515
66912
31352
48361
1297
38644
51470
2504
39851
29423
5506
65631
17667
24941
1203
2219
856
36287
1247
22489
17204
25137
62510
22752
48485
3980
12638
28763
46
38671
25069
39965
5596
78413
69675
51579
80205
55906
9758
12514
2821
11197
16155
33138
1900
13042
17284
14642
53136
70113
55835
13055
11180
33274
15436
10252
14907
21397
27314
555
58228
15778
31474
34531
32643
22988
46770
23438
22349
74400
41082
7122
4945
36355
282
21172
5034
48416
13746
16456
63250
9432
16119
34877
39295
55413
406
58879
18472
60691
4134
3877
90831
41411
54349
75432
65568
56180
10524
6692
3615
41315
55485
30201
86482
35447
5415
16545
64981
48574
36105
48384
5049
57755
1837
41407
9234
76252
11886
78059
19582
24241
6319
65434
56855
32064
15991
36303
81066
35716
42263
53538
6018
30732
58490
53771
23935
11404
31177
15883
29173
72182
68941
19104
10375
25571
12737
70776
31580
8166
65318
459
25694
22807
63144
6724
15745
23063
65948
43443
67981
20618
51738
7235
12564
1900
27997
75990
23224
50456
24702
23360
4921
8753
37110
3676
26028
1723
25221
41617
30523
45143
44938
35178
34828
1940
8332
1832
31880
81649
27485
8532
30997
19084
17726
57634
17465
31543
43730
39555
48329
4837
28618
75367
18686
10316
18276
1804
39142
14854
27049
31294
2117
31531
12898
12420
31045
7082
30880
5656
39346
47581
60804
37344
73335
12195
14344
73689
20642
76324
4713
7950
85305
61154
11826
63008
42688
61005
84095
41501
49167
82039
32150
5488
5306
51240
46155
10183
70089
67985
72279
28033
41588
21988
18935
54879
35611
9468
31751
20976
7584
34816
11140
4376
83276
17228
67672
18004
41054
8909
53373
27779
36169
25004
47287
31217
32206
58872
19509
467
21920
47995
22309
30956
3102
19650
20819
29760
48673
53003
47464
4524
2981
20597
2459
2772
41388
17261
29744
14147
30973
68643
35154
46428
23233
17196
11713
41496
13191
23706
35086
52019
23084
6199
25237
27329
45525
57245
34327
11427
35030
18823
9806
22675
13907
60868
63105
70869
2037
15585
77178
19859
14328
6287
34880
55706
6195
7829
61451
26301
19783
68624
8790
58129
459
10002
19421
46858
49252
70926
16436
61129
53863
52441
44400
26763
36431
15938
35391
49598
11529
51168
61831
74688
57
46416
13959
16295
58426
28349
60282
15891
23072
83544
23045
60377
439
21534
32402
4922
44328
31552
36973
9130
72881
5720
2141
37295
45857
28884
26788
32250
31454
7118
1330
55096
10713
68640
20972
37809
57000
6151
48083
12067
6499
72432
10978
12738
1639
76854
24554
48682
66636
941
11975
85923
24233
9199
49564
415
33857
37057
76833
40440
31021
34399
94840
68514
6054
11465
6439
34644
7323
19485
11078
59795
12654
7580
57884
61639
49980
11015
58578
37431
2773
50477
7509
59457
5058
4033
56108
3511
16618
74547
71382
370
48308
67516
32507
60378
7296
78399
57776
11110
11484
29395
9661
44878
94206
90760
51260
15963
6314
28052
15593
71415
57240
53779
73275
75303
94904
23257
65451
9492
33921
19685
475
75857
12428
71765
23248
48859
6990
25168
24285
7009
17444
55072
6119
66253
26924
21240
13893
16890
31688
8933
3066
44794
74902
2849
59173
47184
45288
56466
35455
6055
49609
22751
23063
58176
20357
44123
16211
8821
12449
36757
20
49015
7954
5914
6002
2648
25224
47589
15413
9697
568
4660
64964
47847
58992
21979
28286
29009
18213
37873
18621
89738
50630
88614
49236
3953
22534
70431
5792
21590
64776
46593
53353
12942
3520
31255
34106
76114
21606
48875
21312
25687
11359
52686
28447
1572
56224
15831
39146
18212
1652
37841
63796
43320
61502
25671
41013
8364
38724
19366
10581
13465
19766
70306
435
7484
65519
85908
58606
48645
7307
58530
7247
25221
20847
11018
5328
17482
52730
33210
20891
18670
39094
14155
82377
28108
40685
28691
12829
30479
66990
55079
55285
78323
20000
37499
45857
59763
26696
57550
62805
2326
87698
8994
12151
33575
39520
24919
23305
34374
27165
43624
10845
12577
25350
40753
51594
80022
48838
10364
76649
21449
21485
6913
29350
24474
54257
11376
15734
37958
45541
9332
9797
34395
37933
37547
23670
5918
3290
33486
56341
14179
2194
36926
2801
50461
63921
45220
12521
49461
45939
24911
41549
7091
8733
5773
40279
52440
32885
18032
58517
31904
49500
20574
2334
11690
68656
26451
65849
10573
32306
57048
4512
3166
8424
38090
57928
52613
26113
28977
19758
77063
1800
22691
42781
50332
27610
32993
50152
70018
61370
54530
15774
25575
21425
8592
2916
22727
43030
15786
26510
1034
34560
95868
45549
56469
3896
24168
56518
19224
47602
81307
7238
23393
21574
22490
61370
58963
8729
39986
17377
24614
44673
23462
33901
74950
21883
5552
25216
29375
50072
28515
29060
2793
42299
8327
12267
8974
8388
23120
51562
38411
10372
19996
11441
59751
66623
3022
36388
15801
35869
24113
17340
13991
42319
64297
15911
12825
5106
53200
50578
19420
89148
28650
19056
9147
8448
8511
66442
45232
84702
563
54835
8343
35956
1001
32080
75215
41516
14714
10288
6552
7407
39669
10629
31780
12178
29172
11396
18727
15642
85192
35005
72138
21316
60274
6677
2126
77259
35017
4756
57992
74328
8131
1893
660
31624
71685
28065
36640
26703
5656
10456
6990
22903
56016
27716
26108
15525
11898
5198
10391
20641
14421
8239
50666
44391
25234
22168
36845
9686
63241
1801
33375
28213
21105
18742
5580
63716
34225
71716
56425
43259
50305
48075
28700
1729
19348
58719
11962
5009
43078
29599
72685
1988
37620
12561
69973
15922
13850
66640
16004
82971
39633
27924
19884
66796
13400
53786
69046
77497
31455
38672
3982
14823
12738
45882
28128
22144
10520
67202
50558
76782
55281
2094
4018
752
61800
30178
11303
22828
33603
37781
29417
31419
16272
7664
38259
13131
44098
51175
46183
13444
4769
14891
76372
17975
42641
32532
24149
62662
27618
89871
40765
22650
6958
74195
30431
8725
12690
50284
38905
35254
1206
30804
61949
23381
36906
10075
6058
2443
44122
20529
8649
95337
41677
71568
52489
25301
7118
30675
28631
87635
51027
26245
1519
15726
29856
7901
40006
17277
5231
8680
31475
18466
26803
18160
6428
1479
40769
55192
28020
4375
61229
47356
1294
2628
0
0
0
0
0
0
0
0
0
0
0
0
0
0
0
0
0
0
0
0
0
0
0
0
0
0
0
0
0
0
0
0
0
0
0
0
0
0
0
0
0
0
0
0
0
0
0
0
0
0
0
0
0
0
0
0
0
0
0
0
0
0
0
0
0
0
0
0
0
0
0
0
0
0
0
0
0
0
0
0
0
0
0
0
0
0
0
0
0
0
0
0
0
0
0
0
0
0
0
0
0
0
0
0
0
0
0
0
0
0
0
0
0
0
0
0
0
0
0
0
0
0
0
0
0
0
0
0
0
0
0
0
0
0
0
0
0
0
0
0
0
0
0
0
0
0
0
0
0
0
0
0
0
0
0
0
0
0
0
0
0
0
0
0
0
0
0
0
0
0
0
0
0
0
0
0
0
0
0
0
0
0
0
0
0
0
0
0
0
0
0
0
0
0
0
0
0
0
0
0
0
0
0
0
0
0
0
0
0
0
0
0
0
0
0
0
0
0
0
0
0
0
0
0
0
0
0
0
0
0
0
0
0
0
0
0
0
0
0
0
0
0
0
0
0
0
0
0
0
0
0
0
0
0
0
0
0
0
0
0
0
0
0
0
0
0
0
0
0
0
0
0
0
0
0
0
0
0
0
0
0
0
0
0
0
0
0
0
0
0
0
0
0
0
0
0
0
0
0
0
0
0
0
0
0
0
0
0
0
0
0
0
0
0
0
0
0
0
0
0
0
0
0
0
0
0
0
0
0
0
0
0
0
0
0
0
0
0
0
0
0
0
0
0
0
0
0
0
0
0
0
0
0
0
0
0
0
0
0
0
0
0
0
0
0
0
0
0
0
0
0
0
0
0
0
0
0
0
0
0
0
0
0
0
0
0
0
0
0
0
0
0
0
0
0
0
0
0
0
0
0
0
0
0
0
0
0
0
0
0
0
0
0
0
0
0
0
0
0
0
0
0
0
0
0
0
0
0
0
0
0
0
0
0
0
0
0
0
0
0
0
0
0
0
0
0
0
0
0
0
0
0
0
0
0
0
0
0
0
0
0
0
0
0
0
0
0
0
0
0
0
0
0
0
0
0
0
0
0
0
0
0
0
0
0
0
0
0
0
0
0
0
0
0
0
0
0
0
0
0
0
0
0
0
0
0
0
0
0
0
0
0
0
0
0
0
0
0
0
0
0
0
0
0
0
0
0
0
0
0
0
0
0
0
0
0
0
0
0
0
0
0
0
0
0
0
0
0
0
0
0
0
0
0
0
0
0
0
0
0
0
0
0
0
0
0
0
0
0
0
0
0
0
0
0
0
0
0
0
0
0
0
0
0
0
0
0
0
0
0
0
0
0
0
0
0
0
0
0
0
0
0
0
0
0
0
0
0
0
0
0
0
0
0
0
0
0
0
0
0
0
0
0
0
0
0
0
0
0
0
0
0
0
0
0
0
0
0
0
0
0
0
0
0
0
0
0
0
0
0
0
0
0
0
0
0
0
0
0
0
0
0
0
0
0
0
0
0
0
0
0
0
0
0
0
0
0
0
0
0
0
0
0
0
0
0
0
0
0
0
0
0
0
0
0
0
0
0
0
0
0
0
0
0
0
0
0
0
0
0
0
0
0
0
0
0
0
0
0
0
0
0
0
0
0
0
0
0
0
0
0
0
0
0
0
0
0
0
0
0
0
0
0
0
0
0
0
0
0
0
0
0
0
0
0
0
0
0
0
0
0
0
0
0
0
0
0
0
0
0
0
0
0
0
0
0
0
0
0
0
0
0
0
0
0
0
0
0
0
0
0
0
0
0
0
0
0
0
0
0
0
0
0
0
0
0
0
0
0
0
0
0
0
0
0
0
0
0
0
0
0
0
0
0
0
0
0
0
0
0
0
0
0
0
0
0
0
0
0
0
0
0
0
0
0
0
0
0
0
0
0
0
0
0
0
0
0
0
0
0
0
0
0
0
0
0
0
0
0
0
0
0
0
0
0
0
0
0
0
0
0
0
0
0
0
0
0
0
0
0
0
0
0
0
0
0
0
0
0
0
0
0
0
0
0
0
0
0
0
0
0
0
0
0
0
0
0
0
0
0
0
0
0
0
0
0
0
0
0
0
0
0
0
0
0
0
0
0
0
0
0
0
0
0
0
0
0
0
0
0
0
0
0
0
0
0
0
0
0
0
0
0
0
0
0
0
0
0
0
0
0
0
0
0
0
0
0
0
0
0
0
0
0
0
0
0
0
0
0
0
0
0
0
0
0
0
0
0
0
0
0
0
0
0
0
0
0
0
0
0
0
0
0
0
0
0
0
0
0
0
0
0
0
0
0
0
0
0
0
0
0
0
0
0
0
0
0
0
0
0
0
0
0
0
0
0
0
0
0
0
0
0
0
0
0
0
0
0
0
0
0
0
0
0
0
0
0
0
0
0
0
0
0
0
0
0
0
0
0
0
0
0
0
0
0
0
0
0
0
0
0
0
0
0
0
0
0
0
0
0
0
0
0
0
0
0
0
0
0
0
0
0
0
0
0
0
0
0
0
0
0
0
0
0
0
0
0
0
0
0
0
0
0
0
0
0
0
0
0
0
0
0
0
0
0
0
0
0
0
0
0
0
0
0
0
0
0
0
0
0
0
0
0
0
0
0
0
0
0
0
0
0
0
0
0
0
0
0
0
0
0
0
0
0
0
0
0
0
0
0
0
0
0
0
0
0
0
0
0
0
0
0
0
0
0
0
0
0
0
0
0
0
0
0
0
0
0
0
0
0
0
0
0
0
0
0
0
0
0
0
0
0
0
0
0
0
0
0
0
0
0
0
0
0
0
0
0
0
0
0
0
0
0
0
0
0
0
0
0
0
0
0
0
0
0
0
0
0
0
0
0
0
0
0
0
0
0
0
0
0
0
0
0
0
0
0
0
0
0
0
0
0
0
0
0
0
0
0
0
0
0
0
0
0
0
0
0
0
0
0
0
0
0
0
0
0
0
0
0
0
0
0
0
0
0
0
0
0
0
0
0
0
0
0
0
0
0
0
0
0
0
0
0
0
0
0
0
0
0
0
0
0
0
0
0
0
0
0
0
0
0
0
0
0
0
0
0
0
0
0
0
0
0
0
0
0
0
0
0
0
0
0
0
0
0
0
0
0
0
0
0
0
0
0
0
0
0
0
0
0
0
0
0
0
0
0
0
0
0
0
0
0
0
0
0
0
0
0
0
0
0
0
0
0
0
0
0
0
0
0
0
0
0
0
0
0
0
0
0
0
0
0
0
0
0
0
0
0
0
0
0
0
0
0
0
0
0
0
0
0
0
0
0
0
0
0
0
0
0
0
0
0
0
0
0
0
0
0
0
0
0
0
0
0
0
0
0
0
0
0
0
0
0
0
0
0
0
0
0
0
0
0
0
0
0
0
0
0
0
0
0
0
0
0
0
0
0
0
0
0
0
0
0
0
0
0
0
0
0
0
0
0
0
0
0
0
0
0
0
0
0
0
0
0
0
0
0
0
0
0
0
0
0
0
0
0
0
0
0
0
0
0
0
0
0
0
0
0
0
0
0
0
0
0
0
0
0
0
0
0
0
0
0
0
0
0
0
0
0
0
0
0
0
0
0
0
0
0
0
0
0
0
0
0
0
0
0
0
0
0
0
0
0
0
0
0
0
0
0
0
0
0
0
0
0
0
0
0
0
0
0
0
29462
39813
61441
29619
63056
22927
51084
16468
64302
11914
21627
46786
26615
10762
20485
18947
45179
13742
66756
14022
44640
30880
15585
37383
43745
35025
26254
60057
31246
5765
22076
20164
69997
9572
63752
42445
37657
2555
15830
65462
28077
11489
70186
20240
77356
21779
28527
26015
8263
20731
38813
28667
8123
8255
15722
47348
44962
49802
11963
23963
15866
51622
8115
49987
18887
51316
85674
41701
8978
54285
68910
27366
503
9999
76219
3691
52991
52236
35868
15759
77327
6459
72296
71230
8343
4029
2053
28197
11645
14714
18546
15653
21574
21562
37327
12167
8123
12166
18566
66816
6853
64905
12429
21120
45830
18441
53647
60365
13806
11236
73123
27507
32580
29953
30028
22421
22048
8640
36323
7091
26128
62875
22144
72612
22574
16042
44943
39965
13843
8407
86007
19288
18172
21549
29112
44388
27081
7046
6121
83493
36721
30487
28546
45954
74721
580
38567
24474
26053
27901
12846
5274
5737
36672
15159
26575
31474
86960
42588
19256
64933
28989
9199
12914
36001
58728
13813
63052
20658
65591
46653
15196
10183
63354
44983
68006
22758
89381
46223
51032
12962
13669
20225
32767
41785
43641
30904
34013
78369
13043
34973
6949
15562
46874
22975
37097
15115
8745
52132
92655
70684
15440
28988
27711
49935
42415
11822
41175
12160
5768
24281
5319
58563
4724
2688
4793
50003
83790
37054
5392
40870
60197
78653
44139
9485
13521
21577
13260
17670
15791
78987
66098
30038
42922
24453
234
51248
53285
32900
13771
43818
31651
44540
58036
59566
43749
25455
27993
42476
44010
15910
6259
23482
13645
920
35832
15818
45516
21983
34439
70283
87891
39255
36499
21674
19999
34427
75881
11142
94289
12352
31202
11412
39170
17851
33752
42897
2824
7536
60214
41857
4143
23289
12432
55751
28017
35170
47296
13
25538
5049
81292
1034
39909
62884
812
30840
7384
6496
28547
56622
47428
3516
62635
11645
88643
17128
62844
19670
15039
0
0
0
0
0
0
0
0
0
0
0
0
0
0
0
0
0
0
0
0
0
0
0
0
0
0
0
0
0
0
0
0
0
0
0
0
0
0
0
0
0
0
0
0
0
0
0
0
0
0
0
0
0
0
0
0
0
0
0
0
0
0
0
0
0
0
0
0
0
0
0
0
0
0
0
0
0
0
0
0
0
0
0
0
0
0
0
0
0
0
0
0
0
0
0
0
0
0
0
0
0
0
0
0
0
0
0
0
0
0
0
0
0
0
0
0
0
0
0
0
0
0
0
0
0
0
0
0
0
0
0
0
0
0
0
0
0
0
0
27943
35800
35362
18718
39797
60583
36191
29957
76211
11216
30290
9291
14586
13031
15364
12239
5981
34010
76917
16946
22268
12179
30359
45690
856
43549
3720
1322
68660
33110
15887
2069
8435
54417
73588
46260
77573
57490
21864
19083
47553
4094
27731
38697
30566
7492
47842
36201
38776
27976
1278
87694
359
80773
2331
7625
27430
2897
0
0
0
0
0
0
0
0
0
0
0
0
0
0
0
0
0
0
0
0
0
0
0
0
0
0
0
0
0
0
0
0
0
0
0
0
0
0
0
0
0
0
0
0
0
0
0
0
0
0
0
0
0
0
0
0
0
0
0
0
0
0
0
0
0
0
0
0
0
0
0
0
0
0
0
0
0
0
0
0
0
0
0
0
0
0
0
0
0
0
0
0
0
0
0
0
0
0
0
0
0
0
0
0
0
0
0
0
0
0
0
0
0
0
0
0
0
0
0
0
0
0
0
0
0
0
0
0
0
0
0
0
0
0
0
0
0
0
0
0
0
0
0
0
0
0
0
0
0
0
0
0
0
0
0
0
0
0
0
0
0
0
0
0
0
0
0
0
0
0
0
0
0
0
0
0
0
0
0
0
0
0
0
0
0
0
0
0
0
0
0
0
0
0
0
0
0
0
0
0
0
0
0
0
0
0
0
0
0
0
0
0
0
0
0
0
0
0
0
0
0
0
0
0
0
0
0
0
0
0
0
0
0
0
0
0
0
0
0
0
0
0
0
0
0
0
57558
28614
65394
23746
28294
8143
73877
14227
36640
44451
46171
24257
67824
12849
50666
3290
59756
15401
42782
53003
14187
64069
48277
3708
43319
15115
30616
8484
73628
38504
66010
55711
18822
28365
48303
14147
21614
58218
20975
42403
14332
14333
42890
22072
33797
49068
14770
71785
52558
45974
43010
59165
13638
16199
27486
32552
38133
18682
31643
39086
49822
55237
4876
37270
19654
16858
5191
74556
20557
19735
21824
11818
15618
69448
15156
73150
15324
22534
576
29494
24541
63462
5279
44769
44159
28595
18313
6286
3331
42709
3781
23285
44564
29346
691
6620
17601
15099
80974
41210
23092
24743
20486
2604
21143
7282
7834
5314
27144
31696
20690
36946
71961
14220
21067
10122
61651
40416
35435
75700
61732
36186
12649
16188
27233
73842
28293
45978
4865
46533
26124
67194
43260
2065
4881
13360
45725
21948
11151
26852
19445
10621
68696
29435
26310
8901
26141
12959
1600
53168
27699
7046
46778
13898
4713
8922
22425
67021
36910
1981
8515
10376
69475
49902
74451
45887
33587
32322
8267
8513
58483
10557
26981
80480
9367
16268
45689
54610
80574
13879
1904
32506
27683
67572
43275
30310
41660
57831
8191
4398
3861
29249
59663
80966
26751
47126
869
86003
15546
9139
57859
16341
41443
55525
38512
46223
1399
65551
13271
6018
506
23256
26020
60253
25587
34049
46942
23048
63780
14413
44524
31937
56248
37070
65314
27644
1692
18052
72087
51686
35861
9797
53855
55526
73740
27060
54907
30270
44533
25289
57630
7837
6295
76938
77959
61338
59434
65330
1616
6696
93868
14179
40560
48179
9886
12838
10415
11472
40608
42298
76492
4499
81288
57
20806
16509
42564
47561
78292
5082
63037
34415
25759
2503
20421
28928
10203
8419
945
66511
20200
71194
9629
81766
59414
29515
27864
7512
66186
12569
4813
47629
2447
37435
21911
26988
65371
27202
52116
13204
23097
21879
50440
19570
89826
65278
1699
6263
5870
16492
8842
11396
50758
68057
2058
33820
55120
63017
16642
5865
36665
28193
28716
84633
49574
37604
13063
26278
10396
11661
52011
40230
1061
58614
82224
30250
2817
27277
62016
15071
1905
46299
21461
28290
15714
54111
40929
50112
47970
15212
1982
59964
57502
49356
36017
37644
9838
1981
35367
18116
44726
19433
88892
49891
10725
22140
41797
36921
24959
78971
25080
7150
44805
889
8870
8548
18305
6918
46356
52320
34672
15963
22799
3298
7677
65969
27233
44162
74095
4042
40909
80621
34728
44746
47385
20124
27510
49630
8970
17521
44734
77970
7885
37009
68061
8059
25144
26607
74431
45420
9573
49842
62803
21458
21935
57995
3528
8982
51048
88273
57963
12954
30956
33443
28546
20000
796
27245
50123
52048
3447
68486
33531
455
33138
768
81469
50255
54501
51060
14361
9702
74636
96214
84216
57956
17554
1110
15340
9497
74890
45652
3588
87293
52778
43766
15304
24670
4857
44729
21783
28145
10227
66760
17943
37042
22212
51545
31924
59731
61615
16505
71163
2781
15460
29104
2729
79810
73226
4917
3150
4255
3892
9251
23350
23225
31732
76267
34486
14525
25534
95270
19594
10898
40270
34121
31844
48943
22790
53458
20638
71302
38291
50649
24598
15633
55948
4645
19911
8849
12577
1025
48384
17184
81573
45079
67439
31065
9612
34274
60153
20123
55675
34291
14461
96025
44685
16731
22256
63748
3660
26856
5
9464
64869
29439
49871
71864
14994
0
0
0
0
0
0
0
0
0
0
0
0
0
0
0
0
0
0
0
0
0
0
0
0
0
0
0
0
0
0
0
0
0
0
0
0
0
0
0
0
0
0
0
0
0
0
0
0
0
0
0
0
0
0
0
0
0
0
0
0
0
0
0
0
0
0
0
0
0
0
0
0
0
0
0
0
0
0
0
0
0
0
0
0
0
0
0
0
0
0
0
0
0
0
0
0
0
0
0
0
0
0
0
0
0
0
0
0
0
0
0
0
0
0
0
0
0
0
0
0
0
0
0
0
0
0
0
0
0
0
0
0
0
0
0
0
0
0
0
0
0
0
0
0
0
0
0
0
0
0
0
0
0
0
0
0
0
0
0
0
0
0
0
0
0
0
0
0
0
0
0
0
0
0
0
0
0
0
0
0
0
0
0
0
0
0
0
0
0
0
0
0
0
0
0
0
0
0
0
0
0
0
0
0
0
0
0
0
0
0
0
0
0
0
0
0
0
0
0
0
0
0
0
0
0
0
0
0
0
0
0
0
0
0
0
0
0
0
0
0
0
0
0
0
0
0
0
0
0
0
0
0
0
0
0
0
0
0
0
0
0
0
0
0
0
0
0
0
0
43239
66768
25607
25446
21975
9613
54457
5708
12994
83180
7170
27414
13445
51076
92200
45360
54099
13388
60984
58490
59658
36154
12143
20229
49472
19320
10982
7288
33423
42235
15858
15039
13380
6524
36017
49500
71745
23129
10015
8210
35359
32214
79585
18079
52695
13035
38335
17305
15280
32021
9011
24153
12670
49995
9979
1848
35480
17786
4809
38013
31105
74790
58353
7392
16191
70615
9295
25314
29587
45143
60531
2825
15167
11034
14601
24089
60330
2840
52501
14548
5998
20593
71636
27879
21304
44496
8391
70796
57185
7047
20071
31785
33045
51055
12288
33146
63309
22132
50313
30996
59212
54734
32222
6267
9560
25393
17393
23209
20562
1861
28032
7146
19366
47585
5459
39002
31877
68106
33535
19691
36740
42817
61684
11034
82151
60703
3026
61700
45789
41669
10817
1616
36439
69950
88248
60530
25507
6034
43235
12384
57
54430
40268
50646
22397
34033
60410
28419
21035
19305
4641
48308
38777
6805
63065
11469
36078
51014
3077
54545
19687
21999
8709
32632
44484
13528
55184
40186
41086
16248
21189
10701
75504
14581
65222
13726
19240
78284
33977
5460
45721
40557
62607
32065
9074
6754
15682
23040
35021
50641
3925
3246
36134
28138
23719
44597
19747
22344
7821
35893
39744
3889
57542
52003
47529
45770
50774
18332
36167
42195
42135
11837
13497
6725
3194
8909
33708
37463
40776
26005
37741
15068
16341
69844
36627
37740
46545
2118
15738
46722
26658
31848
19811
46662
1984
5262
72568
16055
5182
56314
32941
73821
80895
60852
16421
62149
57538
62559
47749
5428
73785
62491
41223
68471
20731
60093
20754
49653
15537
21437
70287
13661
6853
20441
24257
2174
71416
70383
27433
11015
45174
15159
58598
2310
65635
4190
25136
2748
34399
29342
23368
33278
12769
90707
35921
3888
42697
17144
74142
26690
27526
57871
29165
53502
4607
64129
62394
16067
8553
20718
28133
7910
17015
62956
61639
13002
21418
30478
62920
34677
43006
75657
62985
985
13461
37761
22313
54296
62349
16360
12163
55534
27117
42705
23707
13481
46621
0
0
0
0
0
0
0
0
0
0
0
0
0
0
0
0
0
0
0
0
0
0
0
0
0
0
0
0
0
0
0
0
0
0
0
0
0
0
0
0
0
0
0
0
0
0
0
0
0
0
0
0
0
0
0
0
0
0
0
0
0
0
0
0
0
0
0
0
0
0
0
0
0
0
0
0
0
0
0
0
0
0
0
0
0
0
0
0
0
0
0
0
0
0
0
0
0
0
0
0
0
0
0
0
0
0
0
0
0
0
0
0
0
0
0
0
0
0
0
0
0
0
0
0
0
0
0
0
0
0
0
0
0
0
0
0
0
0
0
0
0
0
0
0
0
0
0
0
0
0
0
0
0
0
0
0
0
0
0
0
0
0
0
0
0
0
0
0
0
0
0
0
0
0
0
0
0
0
0
0
0
0
0
0
0
0
0
0
0
0
0
0
0
0
0
0
0
0
0
0
0
0
0
0
0
0
0
0
0
0
0
0
0
0
0
0
0
0
0
0
0
0
0
0
0
0
0
0
0
0
0
0
0
0
0
0
0
0
0
0
0
0
0
0
0
0
0
0
0
0
0
0
0
0
0
0
0
0
0
0
0
0
0
0
0
0
0
0
0
0
0
0
0
0
0
0
0
0
0
0
0
0
0
0
0
0
0
0
0
0
0
0
0
0
0
0
0
0
0
0
0
0
0
0
0
0
0
0
0
0
0
0
0
0
0
0
0
0
0
0
0
0
0
0
0
0
0
0
0
0
0
0
0
0
0
0
0
0
0
0
0
0
0
0
0
0
0
0
0
0
0
0
0
0
0
0
0
0
0
0
0
0
0
0
0
0
0
0
0
0
0
0
0
0
0
0
0
0
0
0
0
0
0
0
0
0
0
0
0
0
0
0
0
0
0
0
0
0
0
0
0
0
0
0
0
0
0
0
0
0
0
0
0
0
0
0
0
0
0
0
0
0
0
0
0
0
0
0
0
0
0
0
0
0
0
0
0
0
0
0
0
0
0
0
0
0
0
0
0
0
0
0
0
0
0
0
0
0
0
0
0
0
0
0
0
0
0
0
0
0
0
0
0
0
0
0
0
0
0
0
0
0
0
0
0
0
0
0
0
0
0
0
0
0
0
0
0
0
0
0
0
0
0
0
0
0
0
0
0
0
0
0
0
0
0
0
0
0
0
0
0
0
0
0
0
0
0
0
0
0
0
0
0
0
0
0
0
0
0
0
0
0
0
0
0
0
0
0
0
0
0
0
0
0
0
0
0
0
0
0
0
0
0
0
0
0
0
0
0
0
0
0
0
0
0
0
0
0
0
0
0
0
0
0
0
0
0
0
0
0
0
0
0
0
0
0
0
0
0
0
0
0
0
0
0
0
0
0
0
0
0
0
0
0
0
0
0
0
0
0
0
0
0
0
0
0
0
0
0
0
0
0
0
0
0
0
0
0
0
0
0
0
0
0
0
0
0
0
0
0
0
0
0
0
0
0
0
0
0
0
0
0
0
0
0
0
0
0
0
0
0
0
0
0
0
0
0
0
0
0
0
0
0
0
0
0
0
0
0
0
0
0
0
0
0
0
0
0
0
0
0
0
0
0
0
0
0
0
0
0
0
0
0
0
0
0
0
0
0
0
0
0
0
0
0
0
0
0
0
0
0
0
0
0
0
0
0
0
0
0
0
0
0
0
0
0
0
0
0
0
0
0
0
0
0
0
0
0
0
0
0
0
0
0
0
0
0
0
0
0
0
0
0
0
0
0
0
0
0
0
0
0
0
0
0
0
0
0
0
0
0
0
0
0
0
0
0
0
0
0
0
0
0
0
0
0
0
0
0
0
0
0
0
0
0
0
0
0
0
0
0
0
0
0
0
0
0
0
0
0
0
0
0
0
0
0
0
0
0
0
0
0
0
0
0
0
0
0
0
0
0
0
0
0
0
0
0
0
0
0
0
0
0
0
0
0
0
0
0
0
0
0
0
0
0
0
0
0
0
0
0
0
0
0
0
0
0
0
0
0
0
0
0
0
0
0
0
0
0
0
0
0
0
0
0
0
0
0
0
0
0
0
0
0
0
0
0
0
0
0
0
0
0
0
0
0
0
0
0
0
0
0
0
0
0
0
0
0
0
0
0
0
0
0
0
0
0
0
0
0
0
0
0
0
0
23670
39263
4227
26289
71247
66274
65105
43942
18589
20851
43817
11420
42673
30032
36552
17168
39609
29815
17249
26704
17895
114
40608
23622
13389
80657
6557
34447
1157
9749
68432
14208
15544
43681
28000
57547
16919
6705
12047
20217
92117
35885
51269
11621
37460
27873
27225
66459
83710
34491
38966
17340
6239
15509
72231
38214
6174
44066
35430
61442
8127
828
18959
14176
18746
76066
47710
4748
56410
12541
36483
20920
47662
24446
44661
8950
46188
26298
88803
31812
76684
49465
77472
45047
16553
23421
13211
11689
9443
9094
49120
63141
555
45323
25808
29394
80586
41303
65367
3387
29820
36712
10042
38830
40310
0
0
0
0
0
0
0
0
0
0
0
0
0
0
0
0
0
0
0
0
0
0
0
0
0
0
0
0
0
0
0
0
0
0
0
0
0
0
0
0
0
0
0
0
0
0
0
0
0
0
0
0
0
0
0
0
0
0
0
0
0
0
0
0
0
0
0
0
0
0
0
0
0
0
0
0
0
0
0
0
0
0
0
0
0
0
0
0
0
0
0
0
0
0
0
0
0
0
0
0
0
0
0
0
0
0
0
0
0
0
0
0
0
0
0
0
0
0
0
0
0
0
0
0
0
0
0
0
0
0
0
0
0
0
0
0
0
0
0
0
0
0
0
0
0
0
0
0
0
0
0
0
0
0
0
0
0
0
0
0
0
0
0
0
0
0
0
0
0
0
0
0
0
0
0
0
0
0
0
0
0
0
0
0
0
0
0
0
0
0
0
0
0
0
0
0
0
0
0
0
0
0
0
0
0
0
0
0
0
0
0
0
0
0
0
0
0
0
0
0
0
0
0
0
0
0
0
0
0
0
0
0
0
0
0
0
0
0
0
0
0
0
0
0
0
0
0
0
0
0
0
0
0
0
0
0
0
0
0
0
0
0
0
0
0
0
0
0
0
0
0
0
0
0
0
0
0
0
0
0
0
0
0
0
0
0
0
0
0
0
0
0
0
0
0
0
0
0
0
0
0
0
0
0
0
0
0
0
0
0
0
0
0
0
0
0
0
0
0
0
0
0
0
0
0
0
0
0
0
0
0
0
0
0
0
0
0
0
0
0
0
0
0
0
0
0
0
0
0
0
0
0
0
0
0
0
0
0
0
0
0
0
0
0
0
0
0
0
0
0
0
0
0
0
0
0
0
0
0
0
0
0
0
0
0
0
0
0
0
0
0
0
0
0
0
0
0
0
0
0
0
0
0
0
0
0
0
0
0
0
0
0
0
0
0
0
0
0
0
0
0
0
0
0
0
0
0
0
0
0
0
0
0
0
0
0
0
0
0
0
0
0
0
0
0
0
0
0
0
0
0
0
0
0
0
0
0
0
0
0
0
0
0
0
0
0
0
0
0
0
0
0
0
0
0
0
0
0
0
0
0
0
0
0
0
0
0
0
0
0
0
0
0
0
0
0
0
0
0
0
0
0
0
0
0
0
0
0
0
0
0
0
0
0
0
0
0
0
0
0
0
0
0
0
0
0
0
0
0
0
0
0
0
0
0
0
0
0
0
0
0
0
0
0
0
0
0
0
0
0
0
0
0
0
0
0
0
0
0
0
0
0
0
0
0
0
0
0
0
0
0
0
0
0
0
0
0
0
0
0
0
0
0
0
0
0
0
0
0
0
0
0
0
0
0
0
0
0
0
0
0
0
0
0
0
0
0
0
0
0
0
0
0
0
0
0
0
0
0
0
0
0
0
0
0
0
0
0
0
0
0
0
0
0
0
0
0
0
0
0
0
0
0
0
0
0
0
0
0
0
0
0
0
0
0
0
0
0
0
0
0
0
0
0
0
0
0
0
0
0
0
0
0
0
0
0
0
0
0
0
0
0
0
0
0
0
0
0
0
41938
22940
44240
67771
5255
13564
9536
29097
57510
88181
19810
11529
86854
12637
16683
6785
20521
16220
41813
56473
32772
16115
78114
63257
18871
15742
16951
29691
43628
47622
52076
41560
20574
11448
87896
16674
53252
4612
24039
14874
59887
78557
7436
36327
16971
39825
33025
29060
13320
47798
7994
40322
62812
84742
24803
8243
31041
11343
49124
7649
27827
37114
67519
18011
89546
56679
34342
36170
64395
2918
6898
24353
10825
45914
24923
11247
615
45517
28165
47838
6628
48814
51489
5423
64808
19734
27044
77392
18802
25210
12074
71127
62631
20663
75443
50212
42280
83509
93121
39254
16790
11918
79480
34090
2250
24931
3195
36885
38853
8680
26611
82489
22530
21586
4459
15931
28293
35178
66137
57236
29981
2350
48963
36764
90551
16750
71588
13042
93993
41717
43580
53441
43556
4339
841
49372
45312
667
40733
18143
69592
77685
42673
4849
49867
1853
67856
14409
18276
67199
3366
6556
48031
19293
31337
4098
68901
48002
63202
15068
18436
37680
25527
3824
23907
7902
10095
35271
30849
7166
54027
11400
40877
880
44115
40673
35848
45171
12665
22711
6829
55662
47300
31301
44986
42684
16509
67848
24012
27210
22329
25634
48521
12423
48304
57381
5965
7203
60475
38776
5909
28261
48734
19570
32576
78163
507
59747
20252
75436
86385
21161
60337
16771
6085
43094
2282
74857
48762
43914
37388
8822
62358
46725
15172
14445
28588
27345
67476
39833
61735
18300
54072
52667
2411
11589
21987
16297
10994
26133
21674
7693
64864
26466
13433
7171
39781
67776
48626
44504
19674
60169
39371
47858
77460
30487
12516
2483
58844
4447
74802
6881
1197
3821
20622
39130
19308
18566
40178
42881
41484
40086
740
16187
49227
35430
12171
30498
14441
2676
18822
74854
11223
57776
28699
17513
26523
51670
51047
48168
1889
11400
47677
47998
30020
31221
43693
23256
6162
89553
9304
13212
31343
5862
9677
42384
24397
34069
7006
3680
5210
59913
9934
19257
38282
36146
14248
51429
1905
15059
7625
10955
45657
21161
44903
79978
9845
27161
75194
39026
46235
35945
35917
37022
24252
36624
34229
29478
523
17505
37684
28377
70368
43255
71475
6721
21337
16625
68488
32499
58912
5572
66647
6508
24763
4170
51115
23984
17795
51232
47509
56068
40536
4797
45291
14561
81071
32502
23096
12047
2106
59659
45614
1495
10697
61041
11035
6070
80557
76054
10564
12379
7215
11906
21614
1929
87204
33078
17722
85440
20662
82152
27570
63828
24788
38789
21538
65744
76091
37050
35986
5459
38379
5966
18521
55398
76332
32568
8255
53979
62422
7640
249
35780
51188
40660
69712
80673
327
22659
22895
27522
3684
70681
56747
25622
69953
10778
48460
1833
6689
40556
8684
52474
21714
3817
22931
58141
31763
22401
42572
31342
19260
54433
35672
9127
20726
67362
7641
45622
44409
925
28912
30522
57707
23020
15019
24507
64851
85132
46786
31571
18412
23927
14401
23622
6604
10529
57052
5351
23506
86389
44239
63884
13999
15829
46335
27884
46693
70427
26611
17501
38833
41608
24045
30704
47516
69283
19474
20863
41264
2547
13718
26309
33620
5050
15364
59783
33109
9331
33760
16248
36093
96643
14312
21364
57606
18059
84778
15477
21108
6874
24189
7925
15084
17935
71226
49662
63101
34868
89871
15421
18176
2969
23172
16633
25843
73986
34752
21131
70528
73596
50476
7415
17180
6806
63865
40443
32615
74308
21088
17300
64255
25213
15846
37619
74275
8769
56377
53421
51722
6717
1451
91393
26634
3781
37945
1025
59261
825
59410
45537
12363
52067
57819
45155
51453
48151
23523
1528
1861
76339
45304
59077
18867
51529
15074
24851
65775
4785
30462
51518
54433
2832
19906
29049
31512
56671
42467
23438
32744
67382
37937
64399
28551
60631
20922
46733
87007
9143
4619
21597
67675
26694
62704
50806
57968
24019
77106
36263
9576
50994
25241
34053
69278
39126
11308
23256
47570
1901
3592
26161
11766
24786
32708
1166
22177
11592
4138
15741
64523
13380
54313
4018
51979
35466
25160
21578
315
49384
35644
14320
16353
146
17026
93675
65584
7375
24992
29133
86152
88047
9809
39777
16465
43468
21228
6563
50536
60217
75961
17469
54470
12894
23438
54947
19856
27566
6712
26128
34917
45368
13337
12556
12090
25638
57414
63265
1492
8970
8962
543
38909
73661
12597
42331
28828
31230
38833
49192
16934
43244
72319
41688
10114
53827
41990
53425
34371
51879
82633
51063
37667
38926
66733
5905
67921
40604
27526
10689
61285
32997
56583
57024
13990
15207
61446
1018
61450
9022
14733
36958
33266
19779
36258
14131
18068
3676
14476
24245
24590
66571
60133
3961
14806
1431
11853
42039
12809
32592
78468
38512
6029
43556
18947
38407
22766
9978
32323
39804
55330
1749
3291
1841
32073
29241
27204
0
0
0
0
0
0
0
0
0
0
0
0
0
0
0
0
0
0
0
0
0
0
0
0
0
0
0
0
0
0
0
0
0
0
0
0
0
0
0
0
0
0
0
0
0
0
0
0
0
0
0
0
0
0
0
0
0
0
0
0
0
0
0
0
0
0
0
0
0
0
0
0
17469
10415
68953
11573
32165
12022
20618
84569
11175
10978
4981
41585
17943
17409
1359
58888
13007
50160
12284
46385
36946
43252
50453
5360
17698
26912
32857
91333
65041
31012
8870
11541
44866
9781
6226
73355
31869
9762
35829
37432
12383
67134
21522
18650
4868
30032
29293
16442
54895
19413
6387
22840
32949
13718
11287
62069
36311
29860
7833
50155
24345
14573
36082
91510
27325
6625
24646
13637
48525
12621
31502
42708
59650
56856
9266
13806
15252
65631
234
30896
35511
2390
17348
21316
16666
39484
38314
42697
6906
3081
54228
71214
24441
14562
7440
25293
2853
16721
33161
31302
22626
58433
31635
50915
11026
6805
18409
15702
25016
24827
42019
22766
15939
37958
16457
38436
65037
34221
25956
21047
9
51433
66310
52818
25554
24238
6664
30306
9593
38307
51545
73981
31495
27779
11517
36808
37539
1077
44750
8436
76926
48220
18826
64467
25679
8211
33864
6810
54509
69720
38339
49926
37596
5789
34330
6782
67900
37122
50755
10380
79332
76424
51160
26003
42536
59670
11790
8881
40388
6754
30297
27457
88521
21228
47770
62888
56747
28643
34045
42495
13461
61398
2177
31880
3282
36223
24619
37408
36604
39893
31130
1680
44439
161
30667
59197
52071
83276
23944
28495
51887
7074
76870
56490
75043
65307
50506
22770
1856
12360
70833
54454
82501
8564
25337
49694
11982
12075
1551
24273
41954
21277
3812
595
11163
4227
34604
33977
25848
20064
31578
83558
75922
48847
17658
62314
7219
51401
37094
68185
8838
62715
28634
42504
8709
8902
1161
69298
1475
24334
2633
4271
22112
39198
61755
18409
33270
21077
9914
26112
42331
29366
31735
76709
30711
9513
32198
52650
8822
24097
11473
16312
72604
34721
53333
23073
5275
48175
54462
54011
36367
12830
27346
65696
38183
16168
34527
53782
18220
42448
34362
31624
7766
33801
1351
63367
50247
39311
13750
57514
158
37813
9167
40396
73524
0
0
0
0
0
0
0
0
0
0
0
0
0
0
0
0
0
0
0
0
0
0
0
0
0
0
0
0
0
0
0
0
0
0
0
0
0
0
0
0
0
0
0
0
0
0
0
0
0
0
0
0
0
0
0
0
0
0
0
0
0
0
0
0
0
0
0
0
0
0
0
0
0
0
0
0
0
0
0
0
0
0
0
0
0
0
0
0
0
0
0
0
0
0
0
0
0
0
0
0
0
0
0
0
0
0
0
0
0
0
0
0
0
0
0
0
0
0
0
0
0
0
0
0
0
0
0
0
0
0
0
0
0
0
0
0
0
0
0
0
0
0
0
0
0
0
0
0
0
0
0
0
0
0
0
0
0
0
0
0
0
0
0
0
0
0
0
0
0
0
0
0
0
0
0
0
0
0
0
0
0
0
0
0
0
0
0
0
0
0
0
0
0
0
0
0
0
0
0
0
0
0
0
0
0
0
0
0
0
0
0
0
0
0
0
0
0
0
0
0
0
0
0
0
0
0
0
0
0
0
0
0
0
0
0
0
0
0
0
0
0
0
0
0
0
0
0
0
0
0
0
0
0
0
0
0
0
0
0
0
0
0
0
0
0
0
0
0
0
0
0
0
0
0
0
0
0
0
0
0
0
0
0
0
0
0
0
0
0
0
0
0
0
0
0
0
0
0
0
0
0
0
0
0
0
0
0
0
0
0
0
0
0
0
0
0
0
0
0
0
0
0
0
0
0
0
0
0
0
0
0
0
0
0
0
0
0
0
0
0
0
0
0
0
0
0
0
0
0
0
0
0
0
0
0
0
0
0
0
0
0
0
0
0
0
0
0
0
0
0
0
0
0
0
0
0
0
0
0
0
0
0
0
0
0
0
0
0
0
0
0
0
0
0
0
0
0
0
0
0
0
0
0
0
0
0
0
0
0
0
0
0
0
0
0
0
0
0
0
0
0
0
0
0
0
0
0
0
0
0
0
0
0
0
0
0
0
0
0
0
10247
56928
20112
83485
10930
4528
31888
956
704
4303
3198
13400
27209
13645
6411
3186
34800
11730
27832
48533
15978
11015
26120
60044
6660
26823
48613
26932
9071
71447
15955
6302
28840
4283
34435
20325
72753
8126
27000
10162
2844
62406
39853
45600
42303
15489
57173
3825
15111
23995
51528
47026
4395
11986
11501
54297
25152
67440
4753
54694
6532
59820
58723
47786
12849
43196
13890
61498
34182
32218
63832
4528
24033
49087
808
20453
711
50717
35503
43718
13477
35222
63193
81136
34113
32021
31973
57325
47022
6206
6267
9122
0
0
0
0
0
0
0
0
0
0
0
0
0
0
0
0
0
0
0
0
0
0
0
0
0
0
0
0
0
0
0
0
0
0
0
0
0
0
0
0
0
0
0
0
0
0
0
0
0
0
0
0
0
0
0
0
0
0
0
0
0
0
0
0
0
0
0
0
0
0
0
0
0
0
15353
16288
21505
49408
49200
73548
23726
38158
10006
25245
71391
62956
52835
28490
37709
23887
29069
7978
42713
42155
3981
24284
20180
41569
38965
1865
14042
5814
29378
24876
22180
23437
7239
46403
83734
4335
64925
41773
55730
13288
26317
22332
6467
65824
25333
75661
27471
56426
8982
37953
26478
21140
22618
38135
12581
8214
7042
39271
1712
59703
47593
67442
48381
34077
2797
78228
77320
446
65422
242
79766
38395
10239
22136
2299
407
20386
33747
24711
15750
12939
53465
49971
17014
97952
28627
8010
957
77500
75878
21854
15754
38700
14015
45815
30178
34021
76260
7034
41508
7589
33455
35848
2732
27418
4154
57043
5713
50019
3094
11541
46649
18365
13963
52494
73155
6436
39210
33740
3190
67190
57622
68013
24694
20313
74363
24992
37087
3680
57304
41219
1691
29438
7287
66797
47128
54498
3299
35484
28467
41593
3841
33836
42564
24454
58635
82
29373
24545
67757
54342
1555
16460
23109
71512
48733
43613
85232
56004
84920
46111
76616
43387
6878
80654
39576
15344
21325
53823
22671
42761
9967
50746
77316
47633
13597
29808
46492
16673
10833
19241
4227
41680
47626
1012
23109
89912
14071
4994
32319
4693
33459
93333
51127
35789
18385
6472
97278
19228
17533
78907
35006
1507
80630
38660
26269
75934
38375
2303
39540
20502
21055
86296
26052
17690
73214
6026
51325
8231
38352
40693
27715
36845
37424
63599
15404
1772
41628
21161
65129
18223
10078
16754
29222
47649
62241
80336
39559
77975
51715
46319
34254
73239
22040
1105
30246
3275
64049
728
2624
31820
21103
20562
1556
40624
80870
95253
62177
47777
54509
34219
31512
11231
60242
24032
84043
8794
37121
68503
73745
12714
72982
46901
6857
4295
56193
47472
57888
4837
83397
22703
88987
15252
46271
24108
20983
44263
58679
95262
78678
22189
25209
2153
93567
52505
28302
13139
71724
67442
1973
37729
68687
52469
628
42865
16235
31908
54209
49428
41376
72620
11713
33194
22952
7941
41589
22719
21908
40656
26820
20409
42954
15392
29948
45905
1780
14682
34166
82015
49251
34809
39162
29466
0
0
0
0
0
0
0
0
0
0
0
0
0
0
0
0
0
0
0
0
0
0
0
0
0
0
0
0
0
0
0
0
0
0
0
0
0
0
0
0
0
0
0
0
0
0
0
0
0
0
0
0
0
0
0
0
0
0
0
0
0
0
0
0
0
0
0
0
0
0
0
0
0
0
0
0
0
0
0
0
0
0
0
0
0
0
0
0
0
0
0
0
0
0
0
0
0
0
0
0
0
0
0
0
0
0
0
0
0
0
0
0
0
0
0
0
0
0
0
0
0
0
0
0
0
0
0
0
0
0
0
0
0
0
0
0
0
0
0
0
0
0
0
0
0
0
0
0
0
0
0
0
0
0
0
0
0
0
0
0
0
0
0
0
0
0
0
0
0
0
0
0
0
0
0
0
0
0
0
0
0
0
0
0
0
0
0
0
0
0
0
0
0
0
0
0
0
0
0
0
0
0
0
0
0
0
0
0
0
0
0
0
0
0
0
0
0
0
0
0
0
0
0
0
0
0
0
0
0
0
0
0
0
0
0
0
0
0
0
0
0
0
0
0
0
0
0
0
0
0
0
0
0
0
0
0
0
0
0
0
0
0
0
0
0
0
0
0
0
0
0
0
0
0
0
0
0
0
0
0
0
0
0
0
0
0
0
0
0
0
0
0
0
0
0
0
0
0
0
0
0
0
0
0
0
0
0
0
0
0
0
0
0
0
0
0
0
0
0
0
0
0
0
0
0
0
0
0
0
0
0
0
0
0
0
0
0
0
0
0
0
0
0
0
0
0
0
0
0
0
0
0
0
0
0
0
0
0
0
27928
39556
43946
8468
8078
81231
65881
13894
73150
46540
25205
76497
39251
77215
25851
9681
61406
63446
1114
20766
53782
66446
20626
17088
52235
26012
37167
17734
26590
16080
33712
84437
15473
20301
21039
36399
81745
59703
53284
15990
2426
2744
56819
59173
3202
34149
37636
25317
60748
56357
27715
18212
14827
78248
44954
34407
25626
52421
42043
33399
22388
5287
56771
7781
23561
6130
10219
15103
48968
74123
24265
49404
19465
15947
29603
15738
26233
95690
10633
31238
37693
35291
2495
69607
19754
23683
32242
51919
7477
38170
7291
5769
109
16372
16139
40941
3977
19381
23638
33202
33535
10604
84428
19328
18091
35455
44303
41114
17494
38990
40350
33792
19441
30474
42271
12119
9850
70194
56261
2780
50031
5403
2544
46561
59027
28920
12115
21687
6440
21140
16689
33556
43955
567
29398
32149
14709
8308
8159
55352
44905
4034
43822
2014
46396
3616
62538
72632
86843
65254
6970
9138
55032
17317
38123
40022
6223
6954
23196
14955
50337
36150
11766
57956
23947
6977
48666
2651
18509
38653
12785
97242
55064
43135
53433
27482
13384
33049
46914
997
51189
6090
51690
12698
506
9147
16143
4629
74111
39077
40512
2251
33503
16657
531
33230
13484
3659
42343
4564
27077
4030
45155
86742
78316
49421
68672
72620
78026
36729
4230
25936
91298
31362
14264
16554
45389
53348
24509
23723
52019
10629
10625
80524
6680
95337
21024
62896
41207
34355
7645
26182
6005
49818
19156
41319
32242
15818
17268
19722
54538
929
43942
40042
6186
38033
33716
47030
12107
14521
22799
18289
49654
13938
14014
19866
23807
21168
47328
60398
14465
45545
4870
10103
50349
3414
12508
80513
47453
53349
73648
15103
11782
36733
8882
45279
30719
48749
17602
7339
59852
25346
10616
9211
24791
31752
75476
29675
611
38757
7926
32174
81092
34736
43304
524
54079
64153
7283
61832
78947
48204
22828
27760
49822
4889
28286
60727
22955
71074
11509
25089
10003
2102
14388
37789
42239
24045
59108
23072
6893
20682
50412
38411
4343
62675
949
17582
18400
5588
45087
2363
56274
85718
3896
72524
68607
11260
9308
43645
808
25715
53426
18264
12496
72199
13537
16717
48111
59177
30318
21546
62104
22848
21863
27939
8288
51203
70592
37603
77251
61944
52096
77387
33986
9119
84438
2540
62600
52562
1556
60443
31150
46785
59651
22112
10536
25506
5753
45641
9979
17393
38603
57273
5018
6102
39547
29627
29993
37924
62784
22851
12267
30157
36034
41548
51099
51004
16349
45813
75489
59410
37728
37829
51437
70070
70643
2596
7957
74054
25434
17172
15517
34865
2697
26683
6591
34302
40311
70672
31459
2391
92888
48003
19457
45473
724
46741
25495
1929
2431
24414
66948
27169
39560
74841
16886
45207
47472
81042
62414
31342
2141
59667
30793
6302
23176
63347
29478
14353
37825
26768
24040
44584
2607
82762
3468
4310
12589
81356
16456
46565
9753
18489
29732
3331
20658
41541
41922
20614
16280
9151
39608
12167
37744
8416
39877
44307
3234
81713
29599
42484
54201
913
4853
1363
19790
60539
13770
41918
3559
23566
54787
58342
29615
3375
55767
79123
17823
89052
1455
81381
10436
57555
66001
71661
31390
38331
84715
50951
25944
7407
14942
8810
1150
58763
73102
9978
30908
54723
44247
8773
38061
29751
10994
52268
50344
32909
31985
2773
4327
11798
10573
88164
62824
4014
61478
62627
70274
66314
82324
28097
65683
33492
9280
57843
14164
32985
60530
28454
43368
17464
3351
52108
41263
53354
12416
32314
11119
13047
5930
86827
50790
34162
43488
75061
2342
2195
55610
33981
27622
2247
7050
19979
52899
10584
27145
49404
44894
15317
6790
41524
54871
34219
41319
62650
24289
45023
51429
74404
24184
56425
55992
11026
78616
59823
2022
30185
10665
663
7632
14854
2013
10364
81348
60539
49771
25044
58952
17357
49428
24875
59655
8508
17890
52449
46473
34254
28495
32703
17448
35523
49717
87365
46865
19609
19401
20611
2961
68853
11389
79079
32580
19336
54196
84469
3684
65591
54342
51485
63788
61407
73492
17260
24434
53710
75299
10942
7842
8143
16067
17453
85883
40822
37961
59555
11456
31548
10676
30253
43532
10726
45067
1374
35306
34146
6637
66471
7563
5861
69065
20859
35383
51356
788
52907
3949
5447
40721
73681
3683
54618
27410
6431
66113
56301
44199
25799
42126
40263
77512
57871
92200
64567
30800
3604
1435
34833
50729
10790
3953
37488
34138
21312
20466
19148
18561
8090
38279
23786
44885
3335
80886
61374
2595
46951
12914
6131
11023
38340
24297
4765
35604
33243
46212
30623
66269
46316
17136
11179
24534
58389
13813
20281
63287
69720
32217
16517
2528
69363
43075
44979
23856
5661
32298
43837
36323
52650
10102
9628
22678
69757
3142
10118
6255
15488
2656
48738
3014
10331
27803
58064
14513
523
13982
11267
40287
6588
39761
14746
23012
40194
8789
12537
8014
42545
15119
7516
36223
74078
20586
34777
33852
29663
3355
55261
26779
24639
214
34037
32118
14485
15774
17333
73922
56952
26546
33681
406
46726
22370
3607
1520
86730
41905
3347
69808
4873
23008
6355
12798
38905
67544
50505
11436
75934
57546
44557
29057
14565
13613
7552
3616
10853
39537
17445
12485
15303
2520
55714
38881
55197
34370
9371
36367
20642
15537
26667
38567
35893
44179
64270
76520
61181
35463
6054
47127
12388
25285
5017
55000
96290
32767
50365
40918
67817
62277
83223
13143
28101
46854
8262
57341
25458
42315
78604
40805
65976
40645
26732
87578
86253
3142
900
22100
48304
36728
42649
90518
11581
83492
75319
13517
53108
46031
1041
11472
78770
73443
13232
2074
21546
30884
11223
33808
62511
13576
2913
7511
27554
64595
26386
9468
40669
55028
19404
16697
43159
17988
12373
13316
11830
50056
16056
9845
46154
31273
12409
25350
327
8986
67189
9917
22373
54373
69785
2688
5636
58787
12709
72773
86614
11315
52718
46963
25695
26723
27554
28326
68006
29133
32431
7263
54312
6966
9408
18192
29077
39311
74243
8806
20546
74267
1303
55216
11151
16292
11332
27141
15376
5523
65981
13328
47075
20750
8147
23007
59726
19051
29181
43383
25317
8283
14368
41267
27851
57510
36282
62415
13397
65949
31660
55791
40507
33504
77115
21867
29736
30064
15453
9870
34291
51653
22545
19100
9911
70222
5452
47710
71926
41745
56734
5612
36299
41062
26940
55336
34391
26482
18562
7444
64905
6424
21217
17477
71579
66563
16963
15095
41234
42496
16212
62097
27956
16870
33487
53746
86887
6600
8042
10432
53160
0
0
0
0
0
0
0
0
0
0
0
0
0
0
0
0
0
0
0
0
0
0
0
0
0
0
0
0
0
0
0
0
0
0
0
0
0
0
0
0
0
0
0
0
0
0
0
0
0
0
0
0
0
0
0
0
0
0
0
0
0
0
0
0
0
0
0
0
0
0
0
0
0
0
0
0
0
0
0
0
0
0
0
0
0
0
0
0
0
0
0
0
0
0
0
0
0
0
0
0
0
0
0
0
0
0
0
0
0
0
0
0
0
0
0
0
0
0
0
0
0
0
0
0
0
0
0
0
0
0
0
0
0
0
0
0
0
0
0
0
0
0
0
0
0
0
0
0
0
0
0
0
0
0
0
0
0
0
0
0
0
0
0
0
0
0
0
0
0
0
0
0
0
55671
34936
60607
4078
3989
22892
600
19681
12427
10910
1664
8736
68002
38319
20554
76296
48240
70303
69652
10115
7793
62053
19594
66768
53027
21619
52369
41271
23293
2568
13738
34061
15842
44224
538
38712
4966
21221
2609
74544
70777
35845
35351
28748
62394
36624
14879
46645
2226
64972
15361
8894
40018
29205
4424
52088
67210
40645
24092
28675
32917
6523
10822
26835
51678
2166
31803
9307
2511
40299
53261
15533
52702
77879
72158
19365
69066
78661
89197
2616
66243
2507
70427
15705
30676
4680
20959
62479
40978
22558
27703
10449
31639
6054
61217
27201
48598
22722
45424
16927
13042
13083
15284
9131
36002
2161
6821
33281
50147
49296
27559
23077
66889
26671
78132
52919
41585
19875
0
0
0
0
0
0
0
0
0
0
0
0
0
0
0
0
0
0
0
0
0
0
0
0
0
0
0
0
0
0
0
0
0
0
0
0
0
0
0
0
0
0
0
0
0
0
0
0
0
0
0
0
0
0
0
0
0
0
0
0
0
0
0
0
0
0
0
0
0
0
0
0
0
0
0
0
0
0
0
0
0
0
0
0
0
0
0
0
0
0
0
0
0
0
0
0
0
0
0
0
0
0
0
0
0
0
0
0
0
0
0
0
0
0
0
0
0
0
0
0
0
0
0
0
0
0
0
0
0
0
0
0
0
0
0
0
0
0
0
0
0
0
0
0
0
0
0
0
0
0
0
0
0
0
0
0
0
0
0
0
0
0
0
0
0
0
0
0
0
0
0
0
0
0
0
0
0
0
0
0
0
0
0
0
0
0
0
0
0
0
0
0
0
0
0
0
0
0
0
0
0
0
0
0
0
0
0
0
0
0
0
0
0
0
0
0
0
0
0
0
0
0
0
0
0
0
0
0
0
0
0
0
0
0
0
0
0
0
0
0
0
0
0
0
0
0
0
0
0
0
0
0
0
0
0
0
0
0
0
0
0
0
0
0
0
0
0
0
0
53137
21554
71271
6284
73737
14155
58490
1692
14548
43452
8155
42066
14116
14405
23718
4439
22216
19514
925
29242
10151
22486
23988
9649
5416
15794
46626
27952
4753
23843
11633
1206
42198
7716
26554
56016
47738
20434
51988
26478
5890
60623
84071
76789
58674
68407
9720
27904
56445
72311
54626
1250
6440
10685
3122
15331
42701
33555
35487
4057
9200
53506
11472
45645
9194
46830
39874
21731
44223
36113
1768
42577
63836
56157
39276
4921
2491
8419
19610
11216
37563
40195
48593
50931
24908
26893
14180
75676
12914
75922
68596
4704
36138
70864
64366
3291
30596
36452
16059
81536
50574
60618
65285
35141
35564
78284
14312
66816
64522
18858
47432
45335
6644
32468
28510
9066
54132
48400
61555
6278
43917
9826
40090
48709
51481
748
9874
57441
7664
38885
49769
15939
833
57369
23727
60648
44320
35194
6102
18578
54911
55056
10448
62342
45537
38516
21430
13854
47195
54373
30615
1729
84618
35691
10364
30322
18770
24028
20336
54887
9682
44834
27220
50324
42994
6624
33735
63880
52634
59437
80834
85285
52268
79087
48665
22397
39122
7604
91896
31162
56342
25145
2038
26912
72533
49108
67644
36062
32013
82019
22261
29146
20610
25478
14111
51634
29318
31137
41335
34306
7986
7014
909
57847
47078
4001
57398
36796
65496
10444
33454
19610
77127
12805
18136
6113
87301
62060
20610
18899
20108
5307
1399
49561
27101
1419
22473
49356
3206
0
0
0
0
0
0
0
0
0
0
0
0
0
0
0
0
0
0
0
0
0
0
0
0
0
0
0
0
0
0
0
0
0
0
0
0
0
0
0
0
0
0
0
0
0
0
0
0
0
0
0
0
0
0
0
0
0
0
0
0
0
0
0
0
0
0
0
0
0
0
0
0
0
0
0
0
0
0
0
0
0
0
0
0
0
0
0
0
0
0
0
0
0
0
0
0
0
0
0
0
0
0
0
0
0
0
0
0
0
0
0
0
0
0
0
0
0
0
0
0
0
0
0
0
0
0
0
0
0
0
0
0
0
0
0
0
0
0
0
0
0
0
0
0
0
0
0
0
0
0
0
0
0
0
0
0
0
0
0
0
0
0
0
0
0
0
0
0
0
0
0
0
0
0
0
0
0
0
0
0
0
0
0
0
0
0
0
0
0
0
0
0
0
0
0
0
0
0
0
0
0
0
0
0
0
0
0
0
0
0
0
0
0
0
0
0
0
0
0
0
0
0
0
0
0
0
0
0
0
0
0
0
0
0
0
0
0
0
0
0
0
0
0
0
0
0
0
0
0
0
0
0
0
0
0
0
0
0
0
0
0
0
0
0
0
0
0
0
0
0
0
0
0
0
0
0
0
0
0
0
0
0
0
0
0
0
0
0
0
0
0
0
0
0
0
0
0
0
0
0
0
0
0
0
0
0
0
0
0
0
0
0
0
0
0
0
0
0
0
0
0
0
0
0
0
0
0
0
0
0
0
0
0
0
0
0
0
30841
69825
30720
3133
7648
9303
68342
640
5049
7636
33237
16320
65973
41371
29916
34069
8782
51204
41347
70323
32964
56305
15304
73400
42336
32510
15421
2447
14393
81341
26607
30045
55622
12970
17806
9082
25177
38845
18992
1227
50461
45465
644
77825
43211
55521
51280
9822
23494
7649
6407
3617
30379
18441
75025
70836
25269
4805
142
21268
37768
24968
10456
35511
38227
20453
70954
3189
42793
21184
46110
86120
44452
28551
58221
13854
20900
1892
24784
57365
8359
57690
44058
1094
2625
56221
29976
12939
30249
36282
39765
1917
9685
41893
20280
334
18357
15999
29916
22635
21209
22899
11196
9416
45007
1588
21333
20754
71752
47548
29349
42235
47970
44160
32194
39745
84316
26403
52952
697
34776
3410
20228
35567
1282
6617
17622
5307
84112
78240
22976
53091
5094
91040
64863
52020
19123
44553
11156
58057
42664
23337
43945
47778
3624
39312
53693
13283
98081
6368
47863
26590
4993
1319
7218
2608
7961
24265
51819
5752
61425
8231
72311
82228
37970
7018
20333
4973
59465
35885
50669
90104
72163
68756
25164
14573
12999
3741
49955
8280
9006
20244
29
18043
17907
1510
9597
9733
487
50216
52819
52790
15915
9095
30298
49372
29076
59948
26373
48003
32403
50742
1917
59917
33299
15187
17677
43757
46280
41227
42416
69937
21975
511
5195
77585
66235
56430
46565
11987
12368
16396
23783
62114
12521
41420
52762
21329
5026
84677
35258
8335
32841
23337
35005
81604
46766
70644
37484
72741
53305
49336
48705
7304
20686
48030
72125
6890
5018
80875
21658
77814
25450
27602
92309
68604
53172
20108
42922
28273
41427
60426
1045
20344
5862
30503
14292
23963
12537
3186
71917
41552
12929
42954
57518
48320
1519
660
56209
7276
32788
37114
46770
55011
44395
24213
14112
15236
62804
31021
36463
14223
49413
48043
3756
60390
14822
6086
34017
62162
24900
74798
2383
944
74950
11629
10135
6673
1841
42159
85662
61892
27538
63591
15811
39198
23746
25985
84325
85713
67427
10042
9404
12296
11561
27265
56064
42621
4906
30507
23558
34909
82721
76636
83826
17011
66387
1458
379
4379
9230
37781
19219
30450
14305
66997
3572
79861
21542
53795
45067
64234
8420
16385
69837
78408
30237
20392
62984
3649
82971
82629
242
11577
56413
4202
5294
69652
47858
44396
37415
7665
14573
3203
12324
57200
34153
11019
2125
9477
30699
79023
14236
1897
40246
26289
9
34460
16482
48324
25852
50208
35660
9264
45212
19618
11179
467
45842
57756
5918
42576
33110
12951
45709
31359
31824
40697
63936
22080
26286
9146
52854
18975
60835
3327
49352
68294
71227
35342
89903
8629
36163
27217
11023
8126
67672
2974
2105
59358
34523
44131
25048
56072
54
55799
15204
45826
13324
27911
35511
33238
24579
10467
54751
4648
34804
50305
14340
20473
11653
66262
85079
1263
43074
8652
35705
63957
32733
20722
61117
10477
17064
94655
63695
47596
60779
19292
25370
18104
13368
32892
42220
47461
53727
16597
1804
17842
51875
51453
59085
29675
37026
680
51192
18473
79781
31699
2684
8914
47890
732
8307
82963
8030
25563
35789
34977
58615
45898
6006
49851
3648
20522
13067
4623
37857
21296
50714
6384
12119
72034
5845
2346
27715
75577
54730
13641
70151
3568
7266
45276
20983
55562
24402
14311
4849
8797
8122
75825
20731
41335
75139
39627
7548
6352
7549
14267
6295
30526
64241
20104
31194
39822
37809
41513
62402
26478
44862
91043
39391
12296
68928
21784
34905
51268
23887
51160
13320
41849
43741
11986
35436
5472
4536
17759
28732
20518
52770
82573
39774
59214
27193
58486
62033
3684
386
54043
8102
57566
61093
40022
14714
33884
62659
43416
32133
57370
9212
47296
71812
40183
1343
87095
6986
43962
6950
65828
25206
36290
62362
11548
68162
6624
70270
79369
6708
29089
475
8561
40934
46295
16461
27217
11861
33487
7729
13131
17669
10412
16665
15847
9987
76652
89108
46456
43942
42275
6685
38728
5456
43500
16875
40130
28800
57489
34154
21160
1311
39969
229
1957
12195
61511
87313
20165
35058
1363
24827
56667
23795
45180
13232
19718
1820
36150
53830
18477
511
14022
11448
43914
20144
33358
26218
19123
71528
27172
10536
24799
3226
38804
17521
32524
70
270
15235
55153
9766
84091
20357
30145
54734
34788
427
41063
65262
30475
69129
27346
8625
21606
70728
68098
8284
32640
25647
12276
27290
4058
1165
14180
2664
34057
1058
86554
40231
32861
22341
33211
48028
93397
9006
7022
4062
40444
19276
10616
28218
26760
45910
50132
7335
27851
27567
44877
26246
12176
48934
25381
23212
13891
18557
37636
6700
1515
11670
50321
34543
785
37029
69395
16962
27048
61265
20356
25888
7215
4263
24181
15525
4836
60911
11195
17722
24414
46027
24715
58535
18035
76513
11268
61478
13208
34034
32555
46713
73752
307
56457
6829
28250
2564
45251
38488
47569
86248
34920
51092
73669
23743
33471
47822
29024
50501
8677
73688
45569
46762
46621
38387
79066
8914
55803
64234
9617
56200
27655
61819
32780
62507
56863
817
15481
21550
2905
8284
31045
22562
74710
6716
27221
15080
51766
888
10202
48052
13154
94644
22116
13890
26216
75564
4801
75785
19617
37382
10308
23555
67303
30386
89602
38126
6155
4544
14701
65841
12186
53891
57928
65177
58903
6283
73223
67398
25899
56357
18847
15067
4420
4974
5612
49280
71866
63016
9845
88767
8917
18701
22036
28687
7206
6255
39263
71849
14983
63137
26835
30117
78508
23064
9499
21803
56124
18225
58771
48376
15769
12843
32772
48172
42011
15830
87972
32616
83264
29747
4302
40717
35828
471
26936
21380
58357
13685
1632
4512
11347
24795
45889
1715
27193
38330
30177
30732
27213
8356
29651
22144
64327
2857
9178
40098
88123
15947
19389
60486
19393
9444
1587
65250
23903
32278
74838
97984
33001
50472
87654
37231
71041
29602
8793
89742
3275
10031
78292
22216
52168
15911
69246
16473
8978
4499
21835
28594
41497
24100
26474
11456
25760
27301
32078
42311
1263
43424
12582
54091
59856
21289
11477
17750
63920
28984
3491
37769
86011
56566
13184
38123
73099
28977
42732
39652
34181
2154
30370
47646
14191
55136
59128
47272
13746
57201
35070
72560
19891
32857
14103
19064
31575
17746
71765
80762
18759
74761
43303
5223
12954
49518
43898
728
38672
12098
34532
35532
25133
24578
40970
45207
15894
12685
19076
45115
29639
57591
13091
5781
51116
69861
46581
30078
86570
25619
45296
95366
9513
32271
16746
75304
25028
35133
13381
11272
42528
206
26559
35531
64130
73260
90751
0
0
0
0
0
0
0
0
0
0
0
0
0
0
0
0
0
0
0
0
0
0
0
0
0
0
0
0
0
0
0
0
0
0
0
0
0
0
0
0
0
0
0
0
0
0
0
0
0
0
0
0
0
0
0
0
0
0
0
0
0
0
0
0
0
0
0
0
0
0
0
0
0
0
0
0
0
0
0
0
0
0
0
0
0
0
0
0
0
0
0
0
0
0
0
0
0
0
0
0
0
0
0
0
0
0
0
0
0
0
0
0
0
0
0
0
0
0
0
0
0
0
0
0
0
0
0
0
0
0
0
0
0
0
0
0
0
0
0
0
0
0
0
0
0
0
0
0
0
0
0
0
0
0
0
0
0
0
0
0
0
0
0
0
0
0
0
0
0
0
0
0
0
0
0
0
0
0
0
0
0
0
0
0
0
0
0
0
0
0
0
0
0
0
0
0
0
0
0
0
0
0
0
0
0
0
0
0
0
0
0
0
0
0
0
0
0
0
0
0
0
0
0
0
0
0
0
0
0
0
0
0
0
0
0
0
0
0
0
0
0
0
0
0
0
0
0
0
0
0
0
0
0
0
0
0
0
0
0
0
0
0
0
0
0
0
0
0
0
0
0
0
0
0
0
0
0
0
0
0
0
0
0
0
0
0
0
0
0
0
0
0
0
0
0
0
29338
9990
17986
8484
85899
0
0
0
0
0
0
0
0
0
0
0
0
0
0
0
0
0
0
0
0
0
0
0
0
0
0
0
0
0
0
0
0
0
0
0
0
0
0
0
0
0
0
0
0
0
0
0
0
0
0
0
0
0
0
0
0
0
0
0
0
0
0
0
0
0
0
0
0
0
0
0
0
0
0
0
0
0
0
0
0
0
0
0
0
0
0
0
0
0
0
0
0
0
0
0
0
0
0
0
0
0
0
0
0
0
0
0
0
0
0
0
0
0
0
0
0
0
0
0
0
0
0
0
0
0
0
0
0
0
0
0
0
0
0
0
0
0
0
0
0
0
0
0
0
0
0
0
0
0
0
0
0
0
0
0
0
0
0
0
0
0
0
0
0
0
0
0
0
0
0
0
0
0
0
0
0
0
0
0
0
0
0
0
0
0
0
0
0
0
0
0
0
0
0
0
0
0
0
36375
75576
69326
20437
21851
4749
35769
28482
45886
26137
81080
14722
70572
18336
12388
286
14934
75186
82806
82027
271
4946
3840
70017
45601
66054
38238
63266
11609
10702
58430
35475
25626
10746
42114
73885
52742
15562
27913
439
22332
25891
30073
689
16878
75580
25482
37230
7215
14087
20325
62872
44023
8750
1339
39689
76600
294
38387
22788
62515
31780
20647
34395
14822
40842
36415
32792
25682
28952
78874
7251
29924
71427
21148
28503
44826
3354
10311
63852
4095
45521
69673
41890
25767
8914
57337
5339
5813
35619
48706
28021
51830
44155
14441
72366
26610
50072
32181
77854
21707
60439
42496
3772
57181
28936
54216
53454
10505
40110
50971
3998
30744
46127
40042
6379
57574
18779
35062
3198
16203
25116
27723
7395
88129
10047
1149
13991
52855
70627
6496
42918
39460
11722
12839
3563
17782
56534
30017
52333
65873
23048
29952
90771
3054
40717
41284
73966
28169
11391
1390
50911
44014
49622
47518
16524
5933
14935
4854
16851
23538
19019
93354
33029
26744
45168
64831
14939
15907
10148
9645
78958
25261
6954
71069
32415
23481
26819
50474
33246
64908
46260
19035
11854
10456
43926
47132
54715
54731
79746
69122
74260
52079
30575
11897
16878
57776
46810
8311
2588
56719
51231
68584
60016
40829
5965
5336
12963
58217
40945
23498
37905
5222
20959
12152
36536
43921
58108
38547
961
22345
22517
67001
59828
24586
10930
15614
65551
53851
36896
22233
56152
13147
5070
8021
80974
70492
47308
43766
77432
18678
15099
2712
11564
92321
53995
18028
44717
9544
14043
36536
49693
74580
78524
63426
72684
48850
43834
73014
84866
15593
36704
47963
36957
12690
78581
16939
117
47071
12528
10203
19988
10898
37576
7889
1101
16778
33455
15148
37045
30069
20802
39170
13151
56794
3390
25204
53217
26052
71748
13047
20264
6139
13597
44617
12135
18988
43725
20352
71841
45223
9436
8930
56341
5657
4267
11300
76881
14110
63005
47481
70041
49994
64941
6439
2442
3318
31354
26751
47143
75524
15074
14592
37029
18433
31233
22385
2936
21277
13673
45216
13035
72223
71581
87718
22542
81637
237
7420
52281
15091
73773
21614
1174
36382
25004
2724
77665
77300
2784
9054
13589
6097
41271
117
15694
16381
87891
38628
37737
20477
0
0
0
0
0
0
0
0
0
0
0
0
0
0
0
0
0
0
0
0
0
0
0
0
0
0
0
0
0
0
0
0
0
0
0
0
0
0
0
0
0
0
0
0
0
0
0
0
0
0
0
0
0
0
0
0
0
0
0
0
0
0
0
0
0
0
0
0
0
0
0
0
0
0
0
0
0
0
0
0
0
0
0
0
0
0
0
0
0
0
0
0
0
0
0
0
0
0
0
0
0
0
0
0
0
0
0
0
0
0
0
0
0
0
0
0
0
0
0
0
0
0
0
0
0
0
0
0
0
0
0
0
0
0
0
0
0
0
0
0
0
0
0
0
0
0
0
0
0
0
0
0
0
0
0
0
0
0
0
0
0
0
0
0
0
0
0
0
0
0
0
0
0
0
0
0
0
0
0
0
0
0
0
0
0
0
0
0
0
0
0
0
0
0
0
0
0
0
0
0
0
0
0
0
0
0
0
0
0
0
0
0
0
0
0
0
0
0
0
0
0
0
0
0
0
0
0
0
0
0
0
0
0
0
0
0
0
0
0
0
0
0
0
0
0
0
0
0
0
0
0
0
0
0
0
0
0
0
0
0
0
0
0
0
0
0
0
0
0
0
0
0
0
0
0
0
0
0
0
0
0
0
0
0
0
0
0
0
0
0
0
0
0
0
0
0
0
0
0
0
0
0
0
0
0
0
0
0
0
0
0
0
0
0
0
0
0
0
0
67957
24092
25213
6137
42958
49870
10110
58795
65483
66246
4809
90743
3848
56073
17826
57863
57803
22341
8617
17477
3865
69447
65110
13907
71190
55349
511
28133
4344
34034
17754
1544
35531
17827
5082
15674
8340
46955
5464
62197
25766
31438
57723
46894
22839
65430
1672
49726
17566
52405
44970
33418
7054
42842
45874
3808
34704
80436
39881
36439
53908
39331
535
40729
8115
38086
14674
35520
7464
27924
32836
42717
708
6898
5175
16220
68588
1382
25149
4523
29399
43328
26033
31202
966
13130
77825
1407
44432
75661
63824
79577
34660
25220
29382
64827
36563
26064
2085
24747
9596
58108
44572
55380
5460
41549
6275
32551
14110
30004
14115
52995
42127
60366
10983
5877
35833
68599
59229
17136
66371
17486
78886
16376
5677
27419
58538
34692
35920
46078
62643
55113
14834
76436
17088
46545
4616
34242
5672
1696
6877
54055
6090
66869
51594
74427
63242
3905
32371
2279
72845
1929
17389
72488
5954
58148
41090
25109
49179
24370
23350
55329
7375
38210
6760
15224
40107
31165
55792
47514
48791
95108
62237
95438
19486
18063
21321
19437
6283
37126
4844
80931
13059
77476
65648
30792
51939
59349
52714
7388
40850
259
69933
5086
4817
57988
45026
57534
23803
18735
51372
17512
27241
55992
21393
19409
17646
50842
8593
16092
18345
11927
34588
25587
18188
25177
57896
26161
8990
66688
64044
30944
33628
31053
71689
48417
38885
54369
40110
21883
48260
23987
85007
22380
14384
37202
24369
387
23557
19803
28064
36845
73693
0
0
0
0
0
0
0
0
0
0
0
0
0
0
0
0
0
0
0
0
0
0
0
0
0
0
0
0
0
0
0
0
0
0
0
0
0
0
0
0
0
0
0
0
0
0
0
0
0
0
0
0
0
0
0
0
0
0
0
0
0
0
0
0
0
0
0
0
0
0
0
0
0
0
0
0
0
0
0
0
0
0
0
0
0
0
0
0
0
0
0
0
0
0
0
0
0
0
0
0
0
0
0
0
0
0
0
0
0
0
0
0
0
0
0
0
0
0
0
0
0
0
0
0
0
0
0
0
0
0
0
0
0
0
0
0
0
0
0
0
0
0
0
0
0
0
0
0
0
0
0
0
0
0
0
0
0
0
0
0
0
0
0
0
0
0
0
0
0
0
0
0
0
0
0
0
0
0
0
0
0
0
0
0
0
0
0
0
0
0
0
0
0
0
0
0
0
0
0
0
0
0
0
0
0
0
0
0
0
0
0
0
0
0
0
0
0
0
0
0
0
0
0
63491
1093
39604
32410
26796
5644
17010
87445
26992
53337
12283
688
29467
14220
14734
22301
5918
14284
39549
11754
19783
59197
18646
3977
4998
59864
28105
59763
59133
15903
12517
42175
60526
60028
26180
5937
10336
9616
36207
2712
12347
7685
20876
66961
18980
21100
3504
2203
36705
28150
6411
14144
52236
24477
18240
19618
91434
22168
49014
7331
17421
55079
32141
68170
13879
29864
25072
82686
36760
72138
15785
33636
85558
88759
5211
7953
73656
33596
26736
53104
1704
4434
70334
35733
16790
31598
44388
1419
55984
24775
5098
61932
16256
12062
89321
31901
4147
35439
41436
3809
84404
27474
38436
23634
24289
60675
15332
45846
74070
20842
27457
79645
19983
52766
63503
32659
62108
20316
8736
21221
31274
22738
35728
14713
56104
177
11898
24478
5359
55658
11548
12862
37978
41685
87585
64289
62124
31663
3295
2404
48054
73549
14794
43268
7046
39230
33506
65809
6897
6604
16425
61329
52594
5862
4567
56274
1198
50496
24875
6556
22321
61113
9942
15325
2917
46669
45946
38307
83505
40874
57077
26354
49196
6628
28883
52867
2897
44384
33905
18790
72684
43929
19771
35239
315
35255
11347
672
56493
11862
51602
3439
12909
73577
54413
84629
11950
44830
51714
1913
63835
50657
53087
2263
47279
16368
55429
69645
40050
18377
36195
41311
67214
77387
15537
41937
18437
51702
3074
41648
29696
21782
39089
6511
25044
10983
10099
54111
19269
21718
50103
9331
20104
56055
12861
54164
24003
41467
28073
25032
29828
9620
87401
17533
31680
33475
80650
70227
8467
3676
40829
64728
74009
19509
512
43907
75263
3267
53899
65230
28274
38211
1588
25434
11347
19646
55329
9464
11488
19858
14641
50928
21101
30816
5290
15858
46821
68692
26381
47460
35860
36094
25242
16441
78424
7472
11898
64301
48967
13227
8424
26563
37724
9850
29672
16717
36784
1701
51352
44392
16155
8672
18782
51589
12039
9472
30612
71572
28547
43268
24173
52657
48629
16050
39484
4769
22080
15484
42319
1824
60855
12886
12119
26033
52477
9033
71677
80220
56161
11070
63720
63077
1568
61662
39034
33243
44866
27419
20791
53534
21145
22332
16111
25024
68178
35539
29969
9175
75323
27747
2515
2720
9906
38155
15011
31081
30968
49842
40591
56615
13593
3969
76087
3965
13087
41254
14064
58807
43789
15313
63048
61386
47874
1784
47010
18890
1299
37483
62712
36600
59780
1237
84674
38464
43854
12721
33788
37484
4732
86157
17758
83003
48854
42303
1315
3170
82265
31097
41448
62936
46251
52292
5286
26298
20248
7042
2472
900
40781
37483
27704
46071
37921
47838
9256
35070
11961
81641
51028
41352
45629
4644
26995
16396
18481
19842
15316
3620
330
7641
47911
32603
1013
46460
57193
45356
42745
34262
66154
64450
38556
37564
51148
20617
56880
6043
21594
11090
48714
87494
30784
20931
4765
5974
44625
27004
77757
58157
18341
13834
30539
51911
50187
64013
5689
322
30892
12151
45239
15509
14878
65523
21176
84702
5058
33540
386
9075
80798
38211
84895
48000
42110
62719
10436
76280
1868
22241
8605
19288
37596
27840
86570
46592
8749
5941
40837
91506
72954
27409
24425
14866
354
83143
21293
26819
29124
35664
53606
49521
8829
11119
31233
62060
46685
13986
24967
54044
47890
69836
70334
24196
25048
31154
16192
23831
70358
49626
51404
13280
14998
44500
12388
55121
29763
23382
35656
40725
53208
12436
52469
30876
66765
9680
7977
44223
74327
62827
3186
20092
12123
20799
84429
35190
48557
23875
17416
42556
62426
47686
7455
15621
5130
41950
12705
26916
36299
58482
41399
1667
4837
76292
31205
64772
83092
23855
87330
25189
36367
61422
31257
2179
8778
47296
27667
30615
46584
21643
27925
14938
30700
7118
3242
33045
47047
42412
65362
69154
15204
2494
12709
37997
44540
61117
83886
46361
19032
52200
49581
3724
59731
47509
6672
11862
8371
27281
56948
49501
57843
13778
33877
36078
68539
52128
2487
85505
71913
14533
8504
28084
50936
6813
32065
33029
26671
27511
3547
2713
19386
47690
20815
30443
66085
82971
29494
3732
32072
49127
60398
21915
43303
33544
51248
48504
24097
19585
13187
24944
31266
47051
7243
5182
30186
23233
1238
22434
95149
38560
86710
29383
1102
13376
25683
4210
23196
70604
30960
50039
23494
37452
35129
54862
78737
61675
71495
55634
14713
19987
60896
15682
65687
6331
80329
89964
31800
40343
5937
7299
30140
35454
45043
25378
28113
27795
76541
55357
33531
69765
29005
27642
47224
42340
80862
61398
4957
39296
106
11484
19063
23473
25076
3010
22706
21406
37246
9569
50578
14870
21133
45773
15787
26724
25700
16670
4472
24991
9901
20144
57827
10910
9601
60639
22951
58096
20871
9990
8170
69422
56610
71251
19233
24313
59510
72271
28889
15658
8979
70813
38990
50284
16501
35094
63903
50007
5669
8214
8617
52449
2604
82834
36181
51723
23353
11814
9922
39849
54971
42355
51183
43138
21614
92594
7974
42098
298
52995
42339
38090
88131
7083
10913
4270
0
0
0
0
0
0
0
0
0
0
0
0
0
0
0
0
0
0
0
0
0
0
0
0
0
0
0
0
0
0
0
0
0
0
0
0
0
0
0
0
0
0
0
0
0
0
0
0
0
0
0
0
0
0
0
0
0
0
0
0
0
0
0
0
0
0
0
0
0
0
0
0
0
0
0
0
0
0
0
0
0
0
0
0
0
0
0
0
0
0
0
0
0
0
0
0
0
0
0
0
0
0
0
0
13131
34149
17317
35703
10765
25984
30222
7339
25630
45862
37480
39460
23907
87332
11468
34214
23004
51742
53428
22614
57983
14251
43773
720
14858
58739
47120
79280
30945
49529
34399
42942
62342
15802
62582
84887
19175
75817
49963
32154
20553
76979
7737
55093
3214
13670
16188
3343
23924
13319
40516
61631
4700
53754
62992
86854
53706
3607
6934
2796
44693
71933
35306
69459
68366
49159
56449
45
19308
13484
55140
74818
80875
79508
32905
33415
75782
14508
48400
66053
33611
19361
41364
8348
46
20111
46962
48220
26664
21610
22232
1299
33628
16481
2974
48032
6528
18646
33278
47239
65568
79191
31607
3652
21328
41299
40977
66229
57562
54670
12830
29884
51353
16368
24800
4195
16883
43561
28391
19586
9665
2940
60434
22092
12853
62290
8725
39881
32519
18707
12617
45696
23835
4997
73676
5680
36158
66387
13027
40809
43180
20907
11805
10283
3436
20224
60566
6657
78606
64217
54663
47645
74254
65134
71961
0
0
0
0
0
0
0
0
0
0
0
0
0
0
0
0
0
0
0
0
0
0
0
0
0
0
0
0
0
0
0
0
0
0
0
0
0
0
0
0
0
0
0
0
0
0
0
0
0
0
0
0
0
0
0
0
0
0
0
0
0
0
0
0
0
0
0
0
0
0
0
0
0
0
0
0
0
0
0
0
0
0
0
0
0
0
0
0
0
0
0
0
0
0
0
0
0
0
0
0
0
0
0
0
0
0
0
0
0
0
0
0
0
0
0
0
0
0
0
0
0
0
0
0
0
0
0
0
0
0
0
0
0
0
0
0
0
0
0
0
0
0
0
0
0
0
0
0
0
0
0
0
0
0
0
0
0
0
0
0
0
0
0
0
0
0
0
0
0
0
0
0
0
0
0
0
0
0
0
0
0
0
0
0
0
0
0
0
0
0
0
0
0
0
0
0
0
0
0
0
0
0
0
0
0
0
0
0
0
0
0
0
0
0
0
0
0
0
0
0
0
0
0
0
0
0
0
0
0
0
0
0
0
0
0
0
0
0
0
0
0
0
0
0
0
0
0
0
0
0
0
0
0
0
0
0
0
0
0
0
0
0
0
0
0
0
0
0
0
0
0
0
0
0
0
0
0
0
0
0
0
0
0
0
0
0
0
0
0
0
0
0
0
0
0
0
0
0
0
0
0
0
0
0
0
0
0
0
0
0
0
0
0
0
0
0
0
0
0
0
0
0
0
0
0
0
0
0
0
0
0
0
42107
19722
58627
18132
19352
55859
2339
46256
10830
25277
66025
65403
19606
36094
1475
29418
25180
52533
63165
16950
28446
24176
36110
76986
13970
61857
20325
14593
13469
86132
23980
44163
83364
32451
4684
5725
57968
21908
15220
41813
8548
32664
7986
54626
3439
3439
6071
67752
22213
58064
39447
48750
8252
66326
62920
14806
74480
30592
58161
37639
64366
83721
18296
8973
50598
14216
22823
23036
40504
8841
94659
6355
56771
6785
30772
2227
25703
56060
6866
63334
22180
16103
76327
76509
61819
18256
12192
37552
58270
19658
34508
59975
24763
0
0
0
0
0
0
0
0
0
0
0
0
0
0
0
0
0
0
0
0
0
0
0
0
0
0
0
0
0
0
0
0
0
0
0
0
0
0
0
0
0
0
0
0
0
0
0
0
0
0
0
0
0
0
0
0
0
0
0
0
0
0
0
0
0
0
0
0
0
0
0
0
0
0
0
0
0
0
0
0
0
0
0
0
0
0
0
0
0
0
0
0
0
0
0
0
0
0
0
0
0
0
0
0
0
0
0
0
0
0
0
0
0
0
0
0
0
0
0
0
0
0
0
0
0
0
0
0
43192
16260
56778
43516
6523
75549
2460
4543
4591
19502
10223
14549
26346
25205
39592
19015
16489
56529
22449
28735
91920
77549
32178
47156
6106
18562
29711
1604
7870
55501
65045
48894
62366
20674
49801
55269
64414
13075
55810
7846
50642
16473
17313
81769
74280
31278
5259
142
66495
6093
25823
3949
4367
39669
23522
39314
13460
19333
15289
18968
32696
19060
41123
27892
61531
28141
42255
4874
47357
5318
36266
8484
36170
81115
21871
37721
22003
22622
1857
12111
77894
20292
67017
33924
55020
26069
35567
62338
7066
84236
55309
57040
33937
36937
12055
18020
76585
48363
31146
14649
69861
14103
40057
37700
44540
28695
94172
69
43335
28322
5913
59233
41588
31298
36215
12545
57208
9130
5532
40604
43975
78428
59836
20803
4154
16160
27144
21819
17349
4001
63845
5993
61414
13822
31603
11637
54213
28322
23714
19224
3921
3512
20875
44605
28968
33206
27084
3050
40809
57020
30313
21703
20667
77043
34892
24513
55883
54350
14613
30447
20770
91414
13030
79397
19000
48344
9379
44878
286
21859
26953
17135
23759
23414
21738
78099
8139
17424
9392
26583
72527
7223
61511
24651
60269
4704
24848
21121
33178
53887
12923
897
21594
21293
17525
1901
81939
3057
9183
22747
46476
35428
2981
75396
13396
55413
67852
386
55967
46465
40468
29149
68354
71748
12874
15947
38367
9268
71069
13982
15035
22887
18566
33964
13433
2495
22710
62153
77938
14397
39785
24940
16899
20088
49317
56241
0
0
0
0
0
0
0
0
0
0
0
0
0
0
0
0
0
0
0
0
0
0
0
0
0
0
0
0
0
0
0
0
0
0
0
0
0
0
0
0
0
0
0
0
0
0
0
0
0
0
0
0
0
0
0
0
0
0
0
0
0
0
0
0
0
0
0
0
0
0
0
0
0
0
0
0
0
0
0
0
0
0
0
0
0
0
0
0
0
0
0
0
0
0
0
0
0
0
0
0
0
0
0
0
0
0
0
0
0
0
0
0
0
0
0
0
0
0
0
0
0
0
0
0
0
0
0
0
0
0
0
0
0
0
0
0
0
0
0
0
0
0
0
0
0
0
0
0
0
0
0
0
0
0
0
0
0
0
0
0
0
0
0
0
0
0
0
0
0
0
0
0
0
0
0
0
0
0
0
0
0
0
0
0
0
0
0
0
0
0
0
0
0
0
0
0
0
0
0
0
0
0
0
0
0
0
0
0
0
0
0
0
0
0
0
0
0
0
0
0
0
0
0
0
0
0
0
0
0
0
0
0
0
0
0
0
0
0
0
0
0
0
0
0
0
0
0
0
0
0
0
0
0
0
0
0
0
0
0
0
0
0
0
0
0
0
0
0
0
0
0
0
0
0
0
0
0
0
0
0
0
0
0
0
0
0
0
0
0
0
0
0
0
0
0
0
0
0
0
0
0
0
0
0
0
0
0
0
0
0
0
0
0
0
0
0
0
0
0
0
0
0
0
0
0
0
0
0
0
0
0
0
0
0
0
0
0
0
0
0
0
0
0
0
0
0
0
0
0
0
0
0
0
0
0
0
0
0
0
0
0
0
0
0
0
0
0
0
0
0
0
0
0
0
0
0
0
0
0
0
0
0
0
0
0
0
0
0
0
0
0
0
0
0
0
0
0
0
0
0
0
0
0
0
0
0
0
0
0
0
0
0
0
0
0
0
0
0
0
0
0
0
0
0
0
0
0
0
0
0
0
0
0
0
0
0
0
0
0
0
0
0
0
0
0
0
0
0
0
0
0
0
0
0
0
0
0
0
0
0
0
0
0
0
0
0
0
0
0
0
0
0
0
0
0
0
0
0
0
0
0
0
0
0
0
0
0
0
0
0
0
0
0
0
0
0
0
0
0
0
0
0
0
0
0
0
0
0
0
0
0
0
0
0
0
0
0
0
0
0
0
0
0
0
0
0
0
0
0
0
0
0
0
0
0
0
0
0
0
0
0
0
0
0
0
0
0
0
0
0
0
0
0
0
0
0
0
0
0
0
0
0
0
0
0
0
0
0
0
0
0
0
0
0
0
0
0
0
0
0
0
0
0
0
0
0
0
0
12725
10156
44207
11159
66006
7235
34552
48160
32981
77650
58543
56651
12830
34371
16730
1993
57293
54457
62109
38162
11885
16155
65306
22819
6777
7271
75015
4403
4114
60350
42533
2527
56880
59888
8440
60976
49015
29695
33403
68849
38632
27029
37078
12243
41564
32623
36954
11702
10874
32230
1262
23859
29366
33982
53108
78
26385
17425
8298
8468
1029
17160
73415
14509
30751
62158
57916
40255
13091
60229
53795
21136
46830
50405
21505
19967
32708
10544
16534
32402
59567
1736
40270
27599
58193
45182
67817
46039
6331
43207
85525
5171
72921
64779
9352
47931
1748
62783
39214
11625
70186
26466
41732
39605
55743
28366
4551
27008
42786
18397
3568
77685
42725
45150
43014
53389
33857
10203
1773
50023
37102
67323
62635
59816
1512
2720
64768
65849
7408
39319
73352
64371
22980
40881
94361
87638
35925
50144
83051
24559
14991
60579
91590
57108
19364
16216
81159
22076
1832
22502
11917
14397
72311
22578
8066
48304
15585
16762
58999
5022
3138
20955
33314
54442
19418
1821
30230
27979
67913
58470
23638
63595
15943
63924
14879
26891
23007
67077
37411
25397
39500
18485
39013
41757
9572
45335
72532
49907
20502
72021
19521
38383
78320
42971
36813
2696
45673
18718
1636
89156
2394
40303
37021
37837
1591
37668
68070
90687
44702
9151
41059
69889
31896
63362
2475
18819
9491
77810
46601
3604
1171
523
81240
47299
34848
0
0
0
0
0
0
0
0
0
0
0
0
0
0
0
0
0
0
0
0
0
0
0
0
0
0
0
0
0
0
0
0
0
0
0
0
0
0
0
0
0
0
0
0
0
0
0
0
0
0
0
0
0
0
0
0
0
0
0
0
0
0
0
0
0
0
0
0
0
0
0
0
0
0
0
0
0
0
0
0
0
0
0
0
0
0
0
0
0
0
0
0
0
0
0
0
0
0
0
0
0
0
0
0
0
0
0
0
0
0
0
0
0
0
0
0
0
0
0
0
0
0
0
0
0
0
0
0
0
0
0
43653
30386
47807
43923
6062
76918
10934
35809
0
0
0
0
0
0
0
0
0
0
0
0
0
0
0
0
0
0
0
0
0
0
0
0
0
0
0
0
0
0
0
0
0
0
0
0
0
0
0
0
0
0
0
0
0
0
0
0
0
0
0
0
0
0
0
0
0
0
0
0
0
0
0
0
0
0
0
0
0
0
0
0
0
0
0
0
0
0
0
0
0
0
0
0
0
0
0
0
0
0
0
0
0
0
0
0
0
0
0
0
0
0
0
0
0
0
0
0
0
0
0
0
0
0
0
0
0
0
0
0
0
0
0
0
0
0
0
0
0
0
0
0
0
0
0
0
0
0
0
0
0
0
0
0
0
0
0
0
0
0
0
0
0
0
0
0
0
0
0
0
0
0
0
0
0
0
0
0
0
0
0
0
0
0
0
0
0
0
0
0
0
0
0
0
0
0
0
0
0
0
0
0
0
0
0
0
0
0
0
0
0
0
0
0
0
0
0
0
0
0
0
0
0
0
0
0
0
0
0
0
0
0
0
0
0
0
0
0
0
0
0
0
0
0
0
0
0
0
0
0
0
0
0
0
0
0
0
0
0
0
0
0
0
0
0
0
0
0
0
0
0
0
0
0
0
0
0
0
0
0
0
0
0
0
0
0
0
0
0
0
0
0
0
0
0
0
0
0
0
0
0
0
0
0
0
0
0
0
0
0
0
0
0
0
0
0
0
0
0
0
0
0
0
0
0
0
0
0
0
0
0
0
0
0
0
0
0
0
0
0
0
0
0
0
0
0
0
0
0
0
0
0
0
0
0
0
0
0
0
0
0
0
0
0
0
0
0
0
0
0
0
0
0
0
0
0
0
0
0
0
0
0
0
0
0
0
0
0
0
0
0
0
0
0
0
0
0
0
0
0
0
0
0
0
0
0
0
0
0
0
0
0
0
0
0
0
0
0
0
0
0
0
0
0
0
0
0
0
0
0
0
0
0
0
0
0
0
0
0
0
0
0
0
0
0
0
0
0
0
0
0
0
0
0
0
0
0
0
0
0
0
0
0
0
0
0
0
0
0
0
0
0
0
0
0
0
0
0
0
0
0
0
0
0
0
0
0
0
0
0
0
0
0
0
0
0
0
0
0
0
0
0
0
0
0
0
0
0
0
0
0
0
0
0
0
0
0
0
0
0
0
0
0
0
0
0
0
0
0
0
0
0
0
0
0
0
0
0
0
0
0
0
0
0
0
0
0
0
0
0
0
0
0
0
0
0
0
0
0
0
0
0
0
0
0
0
0
0
0
0
0
0
0
0
0
0
0
0
0
0
0
0
0
0
0
0
0
0
0
0
0
0
0
0
0
0
0
0
0
0
0
0
0
0
0
0
0
0
0
0
0
0
0
0
0
0
0
0
0
0
0
0
0
0
0
0
0
0
0
0
0
0
0
0
0
0
0
0
0
0
0
0
0
0
0
0
0
0
0
0
0
0
0
0
0
0
0
0
0
0
0
0
0
0
0
0
0
0
0
0
0
0
0
0
0
0
0
0
0
0
0
0
0
0
0
0
0
0
0
0
0
0
0
0
0
0
0
0
0
0
0
0
0
0
0
0
0
0
0
0
0
0
0
0
0
0
0
0
0
0
0
0
0
0
0
0
0
0
0
0
0
0
0
0
0
0
0
0
0
0
0
0
0
0
0
0
0
0
0
0
0
0
0
0
0
0
0
0
0
0
0
0
0
0
0
0
0
0
0
0
0
0
0
0
0
0
0
0
0
0
0
0
0
0
0
0
0
0
0
0
0
0
0
0
0
0
0
0
0
0
0
0
0
0
0
0
0
0
0
0
0
0
0
0
0
0
0
0
0
0
0
0
0
0
0
0
0
0
0
0
0
0
0
0
0
0
0
0
0
0
0
0
0
0
0
0
0
0
0
0
0
0
0
0
0
0
0
0
0
0
0
0
0
0
0
0
0
0
0
0
0
0
0
0
0
0
0
0
0
0
0
0
0
0
0
0
0
0
0
0
0
0
0
0
0
0
0
0
0
0
0
0
0
41139
1567
85831
7351
30720
33950
51995
38986
22060
30652
40055
23659
27049
20281
12713
254
35737
82761
1495
51498
22473
3708
9175
38315
6849
21410
7697
12424
36432
61808
13412
12042
7954
14714
42777
5018
10111
28808
24329
18345
44415
6937
1624
7906
16710
16211
19148
39993
9974
13300
78914
62912
42122
96856
18409
50774
59935
45480
30435
15167
35130
55541
13054
58269
17264
91944
1954
1194
75142
24811
20715
64073
28835
73475
75757
8348
78589
1990
32173
14019
16216
55292
31555
1676
16803
51068
34552
78693
11255
34141
9283
33269
87894
27860
46658
12616
1705
5897
5616
8745
5849
50999
20537
33346
54634
33620
75532
13335
33648
17104
95591
60823
74938
51402
20723
10793
8139
14413
9902
11396
52955
80798
46525
24767
27394
26746
11412
7793
9284
23513
84135
10320
16709
23023
32736
85798
96976
37411
41339
6737
27519
38970
15400
8423
31049
21346
17348
46633
67190
50807
47926
45698
10223
7604
65053
24172
13485
5266
80331
30627
61426
27258
36010
60261
59570
44730
28969
29125
73299
53602
62366
29237
65611
853
82497
35540
96848
26306
10039
6636
0
0
0
0
0
0
0
0
0
0
0
0
0
0
0
0
0
0
0
0
0
0
0
0
0
0
0
0
0
0
0
0
0
0
0
0
0
0
0
0
0
0
0
0
0
0
0
0
0
0
0
0
0
0
0
0
0
0
0
0
0
0
0
0
0
0
0
0
0
0
0
0
0
0
0
0
0
0
0
0
0
0
0
0
0
0
0
0
0
0
0
0
0
0
0
0
0
0
0
0
0
0
0
0
0
0
0
0
0
0
0
0
0
0
0
0
0
0
0
0
0
0
0
0
0
0
0
0
0
0
0
0
0
0
0
0
0
0
0
0
0
0
0
0
0
0
0
0
0
0
0
0
0
0
0
0
0
0
0
0
0
0
0
0
0
0
0
0
0
0
0
0
0
0
0
0
0
0
0
0
0
0
0
0
0
0
0
0
0
0
0
0
0
0
0
0
0
0
0
0
0
0
0
0
0
0
0
0
0
0
0
0
0
0
0
0
0
0
0
0
0
0
2657
44308
1342
4571
53325
6821
63270
8074
45208
9218
85300
28297
4346
8982
2355
46601
36733
27186
6785
8708
31406
6279
28787
47428
6468
17931
31595
83131
72424
13846
40279
18353
53007
55835
11396
19650
58028
63993
17485
54835
16702
32884
54614
25417
25546
61928
3314
16749
54951
14239
64622
11545
46963
10323
18305
18834
12187
10022
76849
6500
56518
17207
68655
13429
19506
40625
27112
15400
4825
60606
2532
66214
20920
53675
7031
34925
60751
88811
39199
49380
39954
34234
44604
74957
26700
43794
34270
30057
21044
49590
31037
71632
7091
18630
39713
30210
88735
19453
24072
14939
79867
75179
3753
12918
47356
44143
28431
39444
46260
31001
54261
16408
20682
48247
46319
26450
6576
36359
33584
48706
7508
51464
48151
86711
8890
37865
89779
21350
40581
17023
12537
31415
43176
28450
52871
519
57117
51577
47805
60382
71150
49143
36837
45035
6030
35283
9673
18546
19401
60928
15968
33101
55204
9966
25988
57101
56093
61833
69676
11930
16236
6447
33206
22024
19964
45934
6644
69327
33202
48633
31660
29225
26747
3712
4966
4178
77299
48175
12718
6657
15754
5749
32150
12151
21156
65285
9721
5782
1250
26318
71399
36524
11112
9942
25936
82902
4388
6350
10087
14360
11312
5601
16019
23831
63442
21555
39881
38901
87863
18080
90834
937
24145
47296
18272
41155
35880
26053
21020
34528
23184
64169
17975
14722
31109
6360
26257
85131
2315
24272
49440
16191
40862
12428
14830
214
7314
76472
46311
73195
36114
76929
46986
37665
1671
26053
34985
9206
55758
1395
0
0
0
0
0
0
0
0
0
0
0
0
0
0
0
0
0
0
0
0
0
0
0
0
0
0
0
0
0
0
0
0
0
0
0
0
0
0
0
0
0
0
0
0
0
0
0
0
0
0
0
0
0
0
0
0
0
0
0
0
0
0
0
0
0
0
0
0
0
0
0
0
0
0
0
0
0
0
0
0
0
0
0
0
0
0
0
0
0
0
0
0
0
0
0
0
0
0
0
0
0
0
0
0
0
0
0
0
0
0
0
0
0
0
0
0
0
0
0
0
0
0
0
0
0
0
0
0
0
0
0
0
0
0
0
0
0
0
0
0
0
0
0
0
0
0
0
0
0
0
0
0
0
0
0
0
0
0
0
0
0
0
0
0
0
0
0
0
0
0
0
0
0
0
0
0
0
0
0
0
0
51553
44038
15726
47191
56530
8018
8260
10540
65282
8890
61599
49104
20646
24453
29976
45026
19542
51031
74042
17280
26899
52188
210
3652
33138
29808
33507
45484
54690
44460
14802
34880
26807
67753
78022
49215
54675
17300
76489
53477
33242
52252
6552
37737
29378
12770
1074
28503
17360
73685
16453
29286
55529
16693
5037
27409
90441
4428
48139
13039
49771
1347
5182
16481
18296
47678
7732
4878
42263
48513
59956
15943
73736
18501
14560
6697
28194
76171
49156
35322
17164
44854
2243
17975
22892
14762
68395
33226
3262
9653
53762
38379
6392
21622
969
2833
27349
29093
32001
27057
45115
40318
29096
12014
17773
25229
5737
22804
8216
4045
37761
53116
18301
48730
29133
5636
57148
66174
46095
16894
10143
68034
57651
15328
20071
23623
32704
39974
20690
38942
47951
43918
75448
48545
27594
14112
3074
32209
32266
20908
15589
42749
52995
18155
16155
58907
61800
27386
40311
22144
16528
25305
35684
79027
6789
26844
8684
27065
2925
6705
4347
34792
14320
10971
48862
35347
40588
71845
21823
11198
4467
58188
42987
32647
39600
18891
23056
17979
38849
17076
18225
37930
56675
95246
43938
67177
70820
13508
2034
17248
2467
26228
84976
36491
63318
8677
22426
4873
82782
4921
48496
44127
14617
10528
11493
37247
19931
97624
38130
5025
17970
6400
75564
42919
23370
71902
3298
56731
2355
68636
1620
8243
46195
57281
17131
72503
7283
66880
29270
66395
39830
53296
68402
77396
40070
14436
7657
1909
1559
89290
87100
20650
24526
27321
74440
44146
16240
10351
3419
43087
17874
40065
8758
24056
519
74661
92004
65978
62736
92928
19883
58903
9845
75608
65728
22502
18614
66081
37451
46854
38101
3053
63551
9588
20268
11460
38555
848
7981
21710
3322
2472
2800
53429
20758
15650
83131
14369
92759
50035
483
2407
61848
21365
47119
34551
6416
65049
18614
74295
45749
23369
25799
20498
17247
40086
49762
14304
32728
52228
66937
36576
18220
9838
78966
25796
32467
69604
62112
10677
76729
5780
25121
58827
60839
26843
2266
1259
14689
7544
68259
20631
18328
35672
78616
65009
339
23274
49558
22450
27884
43753
36704
15919
7262
46592
13501
39066
57523
58812
11075
12842
10701
11593
62908
94128
22984
33965
49851
8247
32065
1853
9131
56582
5448
9910
15951
46685
34632
24189
28624
5464
2487
63311
80187
63582
31423
21024
9190
37387
14990
16280
24450
15291
30985
9372
82288
9468
2346
41842
14766
56595
51594
30960
14127
42946
90679
23658
2158
22185
1086
7090
43407
7094
13975
50027
67471
38018
32980
9959
25454
46774
47979
50814
41644
30631
16618
3576
38463
38645
3066
80906
27651
82967
9259
36692
29446
22040
51810
1644
68977
9171
45549
7544
91956
19586
949
5191
54558
24007
23108
40625
26971
28547
10705
28470
5046
48031
15377
52819
11926
3110
10705
32270
84292
46231
30024
6593
6311
45653
38283
20738
65458
19541
12035
0
0
0
0
0
0
0
0
0
0
0
0
0
0
0
0
0
0
0
0
0
0
0
0
0
0
0
0
0
0
0
0
0
0
0
0
0
0
0
0
0
0
0
0
0
0
0
0
0
0
0
0
0
0
0
0
0
0
0
0
0
0
0
0
0
0
0
0
0
0
0
0
0
0
0
0
0
0
0
0
0
0
0
0
0
0
0
0
0
0
0
0
0
0
0
0
0
0
0
0
0
0
0
0
0
0
0
0
0
0
0
0
0
0
0
0
0
0
0
0
0
0
0
0
0
0
0
0
0
0
0
0
0
0
0
0
0
0
0
0
0
0
0
0
0
0
0
0
0
0
0
0
0
0
0
0
0
0
0
0
0
0
0
0
0
0
0
0
0
0
0
0
24068
19079
31944
17216
86071
19622
60963
38403
33961
90791
2443
21169
15790
70857
2432
631
23823
74644
7926
64306
21510
7516
29688
13094
46091
44062
25571
6287
2194
25064
7158
69881
10122
19654
87183
93306
17790
16686
38677
25815
33543
49681
39893
42396
34956
2584
13192
16947
42998
47260
44007
50838
1050
62347
24582
27395
18441
18232
14765
8720
2764
295
1599
36531
38752
38599
1303
21365
27799
50618
13107
25056
51356
12184
55418
64479
54462
42026
13227
60627
35853
20245
57385
15521
39753
13589
41110
31981
18180
62993
10464
45666
5644
14420
87032
43356
49718
79870
64266
9399
3937
30265
50509
29627
15171
39556
34254
2206
25201
63551
71528
81336
46288
21437
57767
46051
11609
1463
50244
3544
60869
29547
18264
37608
13572
48119
31952
41122
62093
13208
33290
6805
18429
78167
2455
49964
45625
43987
49710
15050
11255
14649
33205
22256
4057
24847
50618
40492
1523
1209
2439
5668
8536
63707
37591
17432
3046
64851
11910
66126
13653
30225
2793
26141
24539
64679
75500
14420
71419
80335
8838
26534
61787
24205
45909
42633
40685
66744
31455
33391
4611
27534
56393
62531
44926
68459
80039
9717
72861
6090
77218
38716
33925
25575
2154
78714
24763
7460
28965
61651
49312
8906
12649
16577
32691
8022
431
53939
12994
3600
25968
2198
43010
3661
29498
4082
59257
26583
48172
80492
47958
14123
44761
56514
10850
87758
40047
7882
7637
82420
5211
45003
33953
36207
32197
6187
33282
9938
67737
82421
88489
78391
54454
61937
46597
46598
43452
69423
66796
26015
24052
2600
55470
28755
23373
43423
4199
11548
12035
52360
4395
48810
30647
2901
16525
47481
55840
79665
55031
78211
30053
46296
16131
42942
7508
58670
46224
73797
38661
39933
29863
2347
43524
80187
16457
92915
15039
22060
2788
23152
10424
30952
11902
3645
70848
1218
85365
12625
43773
29093
43865
35133
81281
43632
20152
65695
53015
3186
51554
4958
32522
51075
51257
28800
18951
18522
25132
17272
21458
13280
0
0
0
0
0
0
0
0
0
0
0
0
0
0
0
0
0
0
0
0
0
0
0
0
0
0
0
0
0
0
0
0
0
0
0
0
0
0
0
0
0
0
0
0
0
0
0
0
0
0
0
0
0
0
0
0
0
0
0
0
0
0
0
0
0
0
0
0
0
0
0
0
0
0
0
0
0
0
0
0
0
0
0
0
0
0
0
0
0
0
0
0
0
0
0
0
0
0
0
0
0
0
0
0
0
0
0
0
0
0
0
0
0
0
0
0
0
0
0
0
0
0
0
0
0
0
0
0
0
0
0
0
0
0
0
0
0
0
0
0
0
0
0
0
0
0
0
0
0
0
0
0
0
0
0
0
0
0
0
0
0
0
0
0
0
0
0
0
0
0
0
0
0
0
0
0
0
0
0
0
0
0
0
0
0
0
0
0
0
0
0
0
0
0
0
0
0
0
0
0
0
0
0
0
0
0
0
0
0
0
0
0
0
0
0
0
0
0
0
0
0
0
0
0
0
0
0
0
0
0
0
0
0
0
0
24345
27912
22312
14496
32475
55429
6645
53967
12978
10954
29735
43340
31767
10420
38283
13428
29237
4034
43067
14846
692
27980
59699
58819
18683
54349
48309
30808
32853
36772
89007
3279
65355
20771
6757
5669
22627
