14491
3432
5696
26456
2237
23273
12298
13521
4534
9991
6543
5590
2777
21709
4335
3472
2385
3629
8078
2193
20790
4618
1077
4421
896
22391
4016
922
6727
327
2827
23040
4970
1402
4480
11207
7559
12381
9947
9276
11481
13907
12213
6163
9901
5480
2573
11340
4014
9045
10349
10854
11280
29740
46
5254
5656
8648
9851
8647
5842
4208
1252
10779
10876
6393
3698
16232
20473
1940
17975
15217
298
9154
4521
21017
12421
8580
12284
12617
986
8324
10213
753
10483
16789
14749
4252
2185
22264
4825
6161
4116
5393
1475
9073
20687
10862
3353
2478
6992
5947
7651
7518
5850
4577
884
13119
7115
1612
2719
7777
5821
4577
6016
6751
7937
6433
267
16077
16699
11262
250
3734
13841
19795
15637
5976
3548
12644
3909
10732
8280
3881
2607
7831
6232
8636
15436
4400
22792
1996
9053
4398
5704
244
13184
6553
1669
5208
26158
4678
4525
5090
2699
6618
12771
8239
8537
6541
746
7627
4708
17802
325
5453
12937
10294
956
46328
22255
1193
6214
10531
4404
13223
13357
27
23051
5831
1300
18826
3799
1636
4940
5872
7484
5414
17759
18148
18713
17185
3431
5247
15952
12971
6105
8995
18714
2220
3214
9098
10423
17561
7644
14602
951
2966
6304
16056
5536
8946
7643
2502
9667
5234
8546
6279
3073
16070
2037
6308
1765
2210
4168
3172
395
15782
15687
3665
20949
6610
5804
8506
117
9363
22886
10238
32647
37896
25002
5106
4483
4
17400
6417
10166
22799
25558
13664
12507
9373
5164
3780
16407
16632
25444
312
281
6556
12681
380
21202
19403
44062
243
443
136
8667
5342
5320
20190
8162
10920
13894
4496
16375
15185
10551
1383
12629
1205
23007
20756
4565
12234
7853
11560
6086
3343
3474
18282
12818
8181
3388
7154
11006
77
9528
3180
13221
20441
24108
10132
9852
28037
4974
12705
14015
726
6015
23556
5256
12078
25733
12762
18702
12099
11644
2624
4399
3441
17938
1284
2735
10989
6529
9841
8635
13625
2532
2085
1615
12857
399
4287
19716
20175
5319
2663
6736
2320
7517
13974
132
3516
3506
3158
4538
3621
20284
6458
1863
6780
2943
5847
11245
18678
2115
23861
18616
8732
5300
15154
18734
612
5846
3582
14330
10647
4742
19000
4747
5046
7472
15246
5193
5025
6107
9033
7182
372
22066
23127
4523
3626
14106
9611
26
9010
22855
2659
6109
5908
13625
23517
14568
5220
12472
14881
10140
779
10311
7977
3050
2716
1845
4096
2092
22328
9760
1888
11706
25406
11832
4115
15277
15344
19728
17555
2021
2794
14863
13214
8821
2141
15479
17906
11319
4182
2443
22822
4904
7551
12244
14337
5511
1173
3617
28271
19228
3354
10993
2
14887
23107
543
478
24721
14194
10317
207
7398
18032
14162
6201
11302
6243
12815
20180
14183
8177
25594
2593
7073
29155
21508
24969
10946
3408
12663
14731
3823
19272
4889
19130
7060
5865
558
5331
8622
9678
11162
4105
23861
1988
12721
12819
21192
13886
13239
16345
19404
7432
1330
29737
19088
16903
29388
454
12590
4844
5346
21882
11328
8949
1974
310
11000
5671
17629
10297
6984
10426
14803
5768
13065
18090
10584
5473
23832
2494
1340
8744
23672
2845
9772
9744
11322
26309
16963
8622
15345
21270
5809
12228
4948
5678
17154
105
8757
16468
19
2896
8494
1058
21707
19688
11829
9589
21579
1182
4535
7797
1046
12959
1640
12218
865
1308
25544
6507
952
921
12603
615
338
10057
25481
6141
7148
15719
4405
14197
3052
21888
2378
20946
6893
17816
898
7874
16912
3549
9915
7027
4093
21958
3531
2621
9246
26724
422
40044
12169
4248
206
10606
24468
2964
15279
2979
4262
19387
23800
12866
8394
5018
3476
10914
7413
7551
11629
6694
15911
5110
469
20472
9275
14452
339
22079
167
33609
4184
15265
1790
7258
23943
9255
5517
25209
230
171
1863
920
15822
10061
21268
28165
11962
2921
13224
10293
10592
14138
17290
29044
14461
7055
19863
28022
5578
8695
5777
14953
225
4267
12030
15632
15837
26879
12942
18584
2875
16309
7852
18994
19827
10955
25085
13529
3021
923
294
280
8368
17878
15796
2030
20580
4463
12392
17640
3171
945
20461
24889
14099
8765
8106
7056
4896
3390
4397
18020
21056
16169
15883
11937
4237
650
11197
10529
1030
2258
4209
3163
17729
17514
17606
19699
1780
19629
15150
2656
26311
10478
35088
10955
10207
12952
15091
6983
13250
18031
21874
10360
8789
17697
13976
10339
10243
18236
25294
15424
19709
22999
18304
19260
264
11951
17431
25001
14548
13238
686
2308
19909
2797
21734
1347
30553
8356
20477
3585
2070
5801
6358
12813
13877
12934
1247
29637
3449
10860
11303
14085
12120
1120
19431
2122
20161
12845
2238
32700
22309
534
2486
8068
16505
26167
17591
4568
6607
2806
8959
18503
20641
30452
5060
1033
23227
14931
11770
496
7416
11600
2290
20184
19973
593
15386
17664
2708
1147
23219
18087
15807
32200
19734
7433
15733
11418
25837
20658
26227
3884
28988
28890
14540
811
4445
6057
19344
15748
11243
18161
3630
12937
5214
9054
24759
14538
10294
1496
17972
14253
19170
25557
4566
284
29760
26433
8153
32888
19018
13576
12009
18279
2589
5228
8290
17435
11932
14282
28796
14074
13901
4671
27142
24172
5740
10966
16727
9672
9365
19017
7876
20226
4840
5586
27182
7452
20141
9699
12769
15802
15510
25725
17348
4332
3250
9585
24249
9060
7980
4534
14123
15050
3170
303
24019
4541
1479
1864
11593
16883
5511
13608
15362
31946
29781
1927
15557
22516
771
2974
17474
26502
7969
684
26689
2100
28047
10496
14173
2057
3512
7153
16552
5220
20067
7058
13097
5423
570
28221
5741
11515
6051
4055
6852
7367
25697
7623
19924
20696
19684
16429
1177
29395
9167
7894
8797
14281
17322
3656
20611
1111
3209
330
21927
135
9060
22158
20139
30638
21432
8611
18090
15255
23041
22867
380
7260
13665
12036
24830
5347
20412
6786
6555
6380
16824
32171
16564
5324
13639
17517
2209
10797
15682
9187
20401
2894
8106
19099
13177
12931
22775
18334
12543
10
4329
33707
30183
18338
8634
6411
17304
22695
32641
31106
10717
34279
22502
14580
7247
12186
15188
27532
30872
17202
7165
21328
8134
9295
11718
941
24954
15366
912
3906
4837
7860
1754
9321
2844
28882
24405
32683
14525
20610
9531
3874
5185
4692
14730
11663
4203
5562
3728
9859
11350
1080
4548
10377
31114
30579
21621
24010
2815
5284
8214
7901
16025
20715
1480
15577
22383
3786
7510
8982
7259
7513
5794
6275
23515
294
7506
20499
7288
31608
29057
21405
23816
8610
30758
1600
12300
15826
11354
665
2228
7959
32162
900
16420
35392
21896
11347
25288
16939
4439
11304
5678
498
32023
30628
18505
1866
32573
10830
16864
16985
9791
31654
2929
9500
12002
3616
15102
7862
28037
3279
10843
13226
1639
13023
3210
4129
29890
4678
26164
16269
27811
8963
5118
21752
2973
27918
180
4078
14657
14882
21763
17353
22478
5387
12789
23197
22727
3474
7481
867
25544
26668
4945
7197
17746
20355
17134
24980
5421
7557
3536
14679
31434
27803
30379
21504
32078
1730
17836
28970
449
10411
15977
27083
29280
12211
1254
7184
1019
19817
29367
2517
19473
28484
13999
7080
4541
15048
32002
2932
2358
11475
1043
11165
3991
30667
96
298
13287
1705
4054
2002
4058
7845
27205
37494
2749
24028
19262
6608
389
6992
2352
14946
18970
26852
22421
24366
7626
15681
1370
8419
30302
8724
27075
6441
7916
5945
2918
24651
18276
8761
25220
5649
11772
7313
3095
8852
393
12672
20125
2776
12851
4805
15824
11016
12330
6067
2909
27581
12777
6638
10287
1484
11074
10375
2713
688
31841
33522
14502
35056
24809
7478
575
2340
38967
11982
33252
1032
12651
9128
10986
9573
11900
9361
5134
34162
15941
13808
12514
782
21585
21040
5504
22565
4246
666
36096
33528
19180
12937
35104
1372
25801
21125
25580
23279
30297
3094
3461
19761
1302
1774
6791
25196
31952
10170
3774
4613
12670
33533
6959
35764
184
6976
24193
421
11767
759
28939
553
11353
36685
29115
5013
15499
5624
9120
22693
9737
10419
5307
21194
2463
25639
1583
7792
12339
898
20978
11982
23261
143
16262
12567
8514
18886
29111
24436
13157
9129
419
21968
2451
996
461
7608
10923
10271
19401
24784
15382
1787
12144
32241
18906
32585
3566
3729
2996
21599
6900
38487
15881
4892
16054
15268
6434
11267
21448
5078
6982
2045
24792
23050
1127
7406
13781
8686
12363
22606
891
20403
41934
1527
5196
2759
7011
15470
926
14634
15156
18766
4500
9201
437
233
19446
18708
5914
30737
26451
10945
24707
15472
4270
23952
13619
7490
9212
13419
7805
5748
3699
10228
31799
4554
11471
9933
3795
5377
1196
7363
7282
35563
10172
11908
16305
11084
17529
51059
1532
31175
24987
2873
23857
15187
15579
3960
5498
17643
18689
38977
35863
3793
19678
9316
3168
23525
22464
19492
16254
12235
1830
5967
38151
8930
5663
29816
30063
15274
17374
9565
38026
20637
44254
28598
7467
7963
5052
13960
18847
1100
5697
32759
5854
13025
25402
25400
22767
2175
25654
7787
5872
21753
11857
3706
25296
30135
34827
27417
16618
39981
35631
1824
21895
19727
11353
34030
12090
1235
27938
31487
30510
9078
29873
39494
21869
12689
11039
6093
28428
4109
2579
33830
7399
7879
24657
434
7324
19216
2720
5328
9187
339
10696
28080
6737
11110
38236
1989
33988
14745
17766
28923
3956
20735
42292
14047
43278
13638
8419
15603
3199
3307
3898
12072
17981
2128
4517
32849
11235
1728
5173
25879
4709
3992
9371
19038
2160
8808
27933
28657
24814
2822
4750
59
2723
36819
21366
391
28745
29122
14988
467
11089
12541
14006
16641
8401
8844
702
38069
32626
18344
30731
39884
17307
12782
25001
14381
7244
36199
9792
14959
22257
16904
9489
36260
33485
12426
25418
16188
11713
2077
17014
11400
7796
300
21017
1420
2024
7605
25448
22052
14279
5410
29972
13719
49013
5899
32326
39184
9558
10034
4054
28044
9782
23256
2576
6736
15645
1670
18669
23866
1148
14818
10637
35708
10735
24874
26551
25298
4100
1983
22995
28966
2099
11998
9717
3143
11378
28177
19409
8918
16579
10416
15831
10111
601
10542
13789
25047
17854
17856
1991
17728
10728
35864
1569
27077
1080
31074
36590
4681
3196
25040
24988
5604
12614
30285
38862
13510
11089
14897
3351
242
20135
21646
1864
7923
5814
15540
7934
13789
2607
17258
36529
30284
8056
3916
4269
29022
17720
14019
14648
21350
19777
2672
19889
5743
8326
3110
3568
5916
38792
9488
5668
723
7934
26860
1149
8935
17259
16978
3747
38049
5742
12878
10018
12657
5581
28774
1055
20665
11459
8185
5249
27206
6963
904
28013
31458
2126
26783
24535
34274
15326
22017
25947
12260
11795
2585
2292
10321
24316
19522
6419
28351
27426
2489
8881
16450
2314
9341
5836
19066
13154
3072
25324
11920
28470
7006
15398
15587
1106
4866
5149
2398
31862
33506
30950
11661
11938
17571
11544
34678
2474
15007
28509
6089
3007
18869
3174
6515
9653
17190
12657
39219
36317
1569
2867
23366
6242
12489
35683
5977
10678
23571
6039
15091
8519
43009
8202
25414
19087
9744
14654
8013
7071
41099
24147
4585
23866
17814
14121
40766
33095
15263
24
1158
25806
7301
20613
30714
10032
4153
37490
28641
1411
11411
3070
4502
3016
10749
4421
9343
16932
6862
13837
5802
12476
4081
18520
1472
30710
13777
2151
7845
27025
22952
1127
1519
2382
21593
13466
25317
10436
1643
97
30955
35678
31909
6160
29887
1741
22609
6971
35386
10589
37598
13080
1154
728
2189
6670
27678
24798
26838
1898
11091
35049
38126
35455
6087
4351
16386
15535
16477
5568
38184
31082
92
11515
13541
18079
31919
35877
15844
37451
3106
19437
14566
3966
8333
3794
4070
12281
34081
3516
31159
39037
380
6231
29928
2391
37051
20676
30216
5450
35694
20728
3272
11381
23012
12133
8844
811
7806
11919
11839
17803
15473
17289
191
12549
1331
6996
296
20957
4629
9828
17545
29077
166
17967
7496
4263
5312
1212
15270
28965
29132
18
1497
12256
17012
25354
14882
280
16244
11627
26344
5884
322
29443
7941
11425
3753
6278
2276
27271
10020
780
36297
30887
2516
8903
6380
15283
26123
32601
18885
7126
7617
59
13408
4703
28966
5922
6336
5577
6118
18258
20926
33481
11451
5626
3744
1639
25392
624
11057
37218
26032
15938
23758
18343
18889
40120
29715
24843
23186
14140
33191
29844
26166
31925
17223
10098
3820
28368
2094
17337
9709
5715
34360
2098
3057
22112
2309
2367
24225
4499
23943
7301
10891
20625
18540
29183
11140
19322
942
146
30795
16330
38259
15247
3453
6089
11072
6901
35648
999
4735
22938
3462
35090
2426
18223
21879
7058
8008
22977
20768
3446
4023
21675
20524
32464
12679
15675
16848
3451
15220
4254
6343
19793
3405
22155
9379
8927
26157
28584
15986
5065
28168
28306
4656
1687
348
1002
866
24717
6170
15964
38705
419
24923
41056
13574
20126
31459
1078
29124
2096
8531
1993
33585
14092
2890
2363
4089
4846
35749
10483
25553
19431
13984
16826
5283
3731
10323
4209
16075
12080
2343
27908
16895
32768
9826
1995
29589
119
24864
2105
7794
34277
11787
30348
21819
2322
21232
4263
28295
8839
23919
5955
1760
1670
31522
11087
15906
11991
1183
1387
12984
7198
5278
29231
10574
34052
14476
7579
4472
7338
15624
2736
28279
17816
2448
2090
16920
5180
6353
17481
12139
31173
34314
5109
6954
18524
6076
3278
14380
11135
38730
18768
2917
19258
15807
190
1882
17224
6884
6827
11828
8208
8196
2798
23209
14119
34504
23664
15766
18550
33505
14257
17239
24139
42749
17053
13224
11238
14250
5890
10092
10174
27130
38159
10988
27429
13765
9119
15785
1661
22858
17708
31375
13705
16503
2166
670
18574
21731
17485
25927
4434
27489
35654
4232
26753
40248
6789
4574
14438
21511
22563
20614
7907
38773
35029
6119
20481
24930
36003
13347
20355
6798
33904
28392
1466
15489
15468
6272
20269
16192
13758
191
25568
34999
31614
20682
27792
3376
8217
12855
26814
33472
6611
17593
16442
10445
19436
4582
21176
14787
1604
13734
12274
10456
4008
18360
8796
16228
20876
8170
5330
6287
24052
39927
291
14187
14575
24192
3331
8744
7072
8337
16919
28844
16497
9721
8329
17866
17348
19955
7328
5972
19468
37091
37001
10162
20974
5532
34992
12347
24842
9755
21563
8148
11727
18853
24351
18682
37104
2581
30565
6873
15401
3846
30604
4483
5569
16509
25775
11505
5211
14520
12121
23258
15308
210
5970
14169
15331
8661
11421
21795
12963
7544
2638
508
11771
16573
1839
38114
32601
2494
13739
23060
15990
8939
26875
10513
17308
12102
4089
28327
4645
8541
12059
1765
16438
42128
6363
11884
50
23938
12515
28418
25671
30099
16712
9481
13392
6688
20584
13716
11597
27320
4758
1333
24529
13846
10246
19539
21714
6733
9576
9610
18852
470
8549
7560
13265
5518
11856
22371
4172
21277
16245
24632
6483
13834
1127
10980
8966
18968
8224
1029
2218
24844
33689
2573
17317
8807
27383
32149
12187
29653
5662
19990
12449
31292
36516
18542
17253
20568
35219
37728
12838
31361
9090
11652
27938
27324
9001
4130
30283
22043
10796
1978
5544
36812
37486
5299
16990
18258
9473
5163
19551
6244
4214
8294
2444
25528
32464
763
7231
14615
12691
2374
315
3035
5749
31855
1692
29309
14498
19071
22858
23916
22964
4539
28699
41650
37277
4163
578
23388
2158
10175
6769
1896
17892
36008
10639
3949
14142
44780
34971
957
4309
4007
9109
14737
16925
31508
23543
4675
28688
13855
26207
711
22631
9690
2612
4403
4494
30795
20849
20214
22912
3310
5000
37607
6036
36983
16155
13143
12941
28053
1258
27002
14734
22097
8051
24638
21863
5611
14209
10391
18179
9330
16613
3263
34781
1611
4481
8750
17128
20083
4656
8927
12252
4938
23390
33977
16817
32202
4736
1734
3098
18994
41715
12832
20006
17624
2421
10127
5152
8984
1801
1956
38410
23096
1326
22000
5742
25309
16417
27566
37232
34467
32269
20280
16829
7892
304
26898
19483
38547
3243
5686
12241
7470
9844
26752
10365
15525
11107
8314
910
42475
5221
31895
4388
18851
9226
33770
7000
25881
18428
20129
9438
23341
26329
18808
3655
901
18221
32795
13864
14637
26338
25013
7997
8915
11586
26055
12418
23224
6815
5270
9378
11901
23677
6519
35031
22651
10456
28113
11835
12640
5106
32693
8950
23228
17703
14456
15368
17471
18445
15557
14550
30433
32393
12405
1619
2206
11730
1204
22152
30231
8767
16761
7743
30608
24043
9575
23174
9555
16449
21055
4622
992
12979
3603
16227
138
2167
23521
9455
85
7694
26256
27329
8944
14765
4997
1804
25376
33686
12909
29973
14662
37250
24202
5471
1098
5955
16970
27518
18789
2377
9335
6139
12351
10412
2978
5320
6619
26785
20193
9700
9222
14744
5102
17822
12840
20136
40051
32272
3679
24135
11611
15044
2799
12125
29660
23928
23712
5938
414
23084
25724
1781
30779
13777
20655
32009
21134
141
7697
12918
1166
10366
31816
18707
32309
34745
13652
14457
12031
15262
231
20781
5759
20098
6364
2613
6844
8302
7803
5366
15721
7078
4961
5056
11280
9331
14755
9416
7314
8782
4276
1871
12186
21035
1336
21597
1047
22816
20405
28546
31496
18759
13435
19212
22157
4668
10747
42214
28431
31498
15944
41424
1911
23324
30126
33554
11387
7394
29217
34265
2764
21772
12500
28875
22081
31388
92
18225
18661
28449
35387
40524
20940
22751
1545
3247
2141
33214
27416
37876
14379
20983
34488
5972
2019
13798
16824
2099
6146
23474
800
34011
28482
21882
23085
2154
17858
24091
26250
14613
14736
10119
11301
25611
7699
29475
1454
12937
4585
11460
3146
19294
22769
24569
7550
26425
18858
17700
36643
17710
8085
27599
39513
25654
14089
12597
31548
31847
11180
2577
33065
20062
12051
5248
26504
28003
18500
3296
11873
3335
604
20501
18743
26968
636
21419
24805
26485
7878
4701
27259
14717
29670
2171
14672
12833
26822
9676
2427
20115
27538
17953
20085
34032
2419
12729
8824
16109
11240
28668
7996
15663
23660
27803
9644
19185
8759
4242
16981
27230
7031
1816
2637
20771
1879
555
1205
29181
36248
7070
12690
34965
5222
23074
24150
10636
13605
34923
11305
38386
18914
43605
35439
16386
43658
19966
10342
12585
22675
6756
9301
8943
4412
2219
14465
3684
31216
2219
22643
4153
15560
645
7974
38540
17392
7403
4626
41853
11834
14751
16550
7954
11531
30086
8760
35420
5310
43540
4699
1071
23130
15138
11305
24319
89
3411
4283
30900
32464
1485
17521
4968
3627
805
38873
17070
37695
20763
35553
14312
11646
28605
11419
30111
11677
3276
17906
19739
44889
11753
5909
6262
16867
25407
1
3125
1888
4589
34146
20330
17308
23088
8298
12474
26266
565
7914
13084
4961
7376
28419
34034
17704
38947
14245
1660
3850
5986
20798
13055
28123
25761
6287
17743
39246
300
8786
12340
14148
29560
11996
11615
5197
1820
3475
9331
3435
7672
21143
6619
13129
24297
6
4125
26793
8594
20655
277
11839
12604
3571
26784
7704
8618
8276
5126
19961
23629
7720
13916
12638
518
12477
19575
23185
17705
31599
23765
19339
1792
33785
11523
6375
13201
16522
40497
25458
38505
10285
15991
27487
24881
16612
32709
28425
4521
23884
13491
2492
5068
3784
26767
13619
20032
13706
22911
22932
22458
18016
11128
11838
25440
17563
44111
2010
9119
9491
14304
23023
5589
14166
30391
858
9071
13589
3107
16711
6737
11506
30164
23832
35905
31160
5335
20287
32972
20434
15272
18123
4189
22353
22301
1150
2079
40909
33284
3259
7274
25489
3394
28214
2990
18636
25299
5928
7540
8860
14570
22922
25660
23463
2184
19456
22746
2202
8897
765
29853
13865
3488
2470
872
7885
43781
10317
12603
27447
12300
3976
1569
20874
6590
38943
12837
41944
20068
26531
11066
10061
11566
25165
13184
24982
18343
10771
26591
36661
16802
4251
2347
21420
21033
14838
26306
8231
22071
6130
7014
15409
11174
6190
13953
40741
13719
10788
13863
17613
22119
6056
7208
32258
6853
13631
7871
29655
15596
21991
30691
21906
11033
9954
3769
4979
1048
10295
3362
23460
13010
6816
7870
12529
7978
14573
33207
6333
22462
10560
20280
2913
10656
12094
31406
25136
1769
16249
29574
10186
36328
8120
30462
21750
10697
329
19527
2060
11248
12212
34225
20219
16700
21364
11159
27085
35746
35301
14727
8362
40008
4733
14744
11679
16858
2689
11124
8874
37976
23036
1607
6887
15353
10147
5370
20349
1886
13529
1632
3082
13651
12511
9024
40881
13236
30467
30766
14136
29997
7054
45497
1779
38476
3722
19770
33740
23963
12091
21990
8452
1513
8476
22777
9639
11506
387
12585
337
8644
1393
18812
5882
6297
2285
39229
1696
9822
12453
10773
8714
42230
6120
6706
10703
30207
5377
35075
97
1338
40625
22972
9021
917
1938
36516
11806
21877
30294
33769
22571
21999
27270
16487
24075
25883
19423
18336
18977
3401
15199
35308
1403
16505
34222
33677
6911
5366
7302
21884
5197
427
3378
18653
34683
9768
16800
17326
8203
4945
4693
12785
6989
22795
11967
6663
2927
8738
10643
15602
23207
21347
28826
34462
36107
37785
3373
27903
34116
14324
16103
18276
5498
2560
14978
39242
32440
1666
18551
3909
1190
24041
28119
42690
8318
32006
32960
2312
15709
9443
35302
21105
29380
9214
15435
3355
17095
34085
19318
26784
21397
14421
30219
28103
2467
18168
14411
8052
9050
18054
33189
10786
3892
9610
14901
11669
4864
5812
26619
38271
13170
2129
44257
19669
15556
34399
8037
23380
8860
3345
15033
14305
2886
9497
987
1503
16283
30988
11614
26677
6161
16030
31008
12031
4593
23552
2794
36816
64
838
17418
5185
1945
30671
18677
26677
39707
13687
26811
14582
34465
651
17180
5238
24706
1892
24942
22912
25278
3322
19147
18714
8143
8257
27328
17967
20783
1141
10366
2496
29819
1968
1259
2262
28085
19784
5345
984
9697
39520
11262
5496
37046
27046
8752
9238
6492
17833
5173
31617
35216
927
10511
6863
7826
2326
7512
19740
3999
408
27362
18643
15685
5844
2876
1198
31062
5255
27662
20990
20289
34119
7587
10389
11720
8742
5671
455
3270
2271
7130
23998
13318
14463
26035
20488
17150
11192
27276
24476
13469
36200
6945
8337
1732
9227
2051
44881
24221
7990
15212
25131
12719
11001
34507
16557
13268
4358
6767
28264
26965
19789
10543
26347
6318
44220
6213
20020
23315
8235
23719
20162
24197
5234
27673
21317
2080
27099
8258
22457
13204
30838
8162
14008
30513
8850
102
874
4702
29800
26258
24082
19556
32212
30038
16183
2568
7401
34794
2073
47741
22364
27585
5866
8817
12044
23855
14880
13108
3667
13704
32604
19755
13549
37414
6919
2562
11930
16507
6292
32101
12140
41280
26037
390
6844
19359
38946
15525
8520
31573
8814
4309
41875
4338
11997
17042
7125
23842
26145
20344
2303
26968
14544
15682
23456
10319
13711
2501
6084
31833
2488
957
8157
8770
1589
4028
17217
14466
7129
9655
5983
19744
13867
45462
468
19191
18068
47871
21294
4099
25674
4727
19222
15915
14219
26524
9251
20381
7317
10115
667
2146
9444
2843
8984
4984
7818
7240
29755
2964
21113
41049
11386
20739
4771
20474
10612
3858
18937
7266
31393
15936
19484
25639
30097
13443
15208
13054
17032
33102
4848
26901
43471
38354
2654
4782
16065
6120
17945
22650
17446
29001
2994
29117
25812
26354
17638
31756
16728
9538
29110
2110
20647
11084
3970
17868
22052
566
28999
39939
39733
40312
32303
20013
4598
39426
16781
14570
2004
8503
11642
29482
5734
11379
7403
11087
6639
8552
18664
6715
8573
7131
19268
19259
21132
2790
1607
8096
17625
11470
936
8059
4994
25975
3488
1668
6693
7395
1797
25009
10348
945
32184
40188
7654
22355
8385
22606
27840
5808
8562
39640
40194
35377
11017
8627
23805
8206
21564
2191
32822
29372
20323
8022
11526
5910
35533
15995
6113
40135
3695
8583
17136
21198
1766
14851
44252
17469
2099
5274
23464
29314
15208
41392
30730
13154
10627
11041
40189
5714
2872
11237
3734
6917
3682
521
16380
10985
39984
43109
40535
6194
26435
14898
13412
39729
19643
28854
21102
29138
12881
19934
2333
3716
30547
629
16243
8707
16657
5856
4925
6588
5918
5233
2893
5089
6174
23080
15075
28816
571
17581
6725
2431
4150
15081
24390
3583
5183
9081
24209
19355
15101
41030
10837
25905
27643
801
10691
33637
23348
37861
39921
12866
16179
6500
15578
9375
15157
7221
12771
15789
13158
14350
2951
10394
27569
18727
21244
16802
8511
15972
644
31579
16215
45972
31162
21687
26454
10788
12655
18086
3824
5565
7125
40330
14840
10688
13149
39356
8435
6948
1999
22093
4636
19111
21850
29414
205
27303
22200
6035
37378
20036
39512
13784
33310
24882
7600
20099
12991
13328
6719
13387
8205
612
13773
6406
17032
24288
10498
28954
4930
10339
44811
25013
13459
35126
1109
17738
3081
6197
7727
12538
4679
13494
28908
2141
27442
16034
17142
37753
40851
12791
24058
37396
4255
11235
11039
22084
43154
1624
8352
5510
4459
11126
33269
6332
19095
10512
17190
21608
3742
21805
3406
12099
26846
3397
14979
27477
5785
3996
13083
17379
21010
9138
13302
15093
14562
13552
19372
23273
6334
4456
26045
20236
4042
38766
28916
22740
37396
3718
137
10345
7334
4002
4469
39805
20944
32922
19562
22804
7777
14452
9502
16534
3365
20544
26787
3841
8718
15280
39119
23858
15557
589
34133
11172
9876
13156
30780
26576
6738
14415
35618
4729
1804
674
23345
9481
23209
3560
18262
14282
6113
29777
11981
16517
22585
12599
28506
11428
10531
4280
16312
731
9808
2300
15768
3093
15955
738
2046
20752
15509
19845
3032
19384
3924
18501
24833
18782
16016
11965
21570
10908
20376
22317
20553
5255
21184
10342
10974
23131
17605
38192
5061
394
27302
714
1754
3011
31371
46068
14209
29726
28346
17063
22741
13139
209
4339
18097
44679
32239
22818
560
3847
19572
12062
26122
29127
15443
28503
5892
22101
6810
25015
15793
1123
13316
4459
46485
22134
15773
10554
11028
12196
11774
5660
37523
13119
12910
1690
413
28635
2989
7129
3967
47727
24665
2072
20013
1998
35563
33118
39290
11767
8936
6074
4089
2698
14103
4490
3015
10361
9956
40161
8226
18374
7522
18545
26847
16494
9835
2093
45933
15380
17784
16873
716
10257
38272
25595
1096
38193
7285
2240
11705
26646
20729
31033
5309
17896
15072
35535
6993
32358
19102
6111
12481
13087
6036
12472
20969
1658
12252
16005
8675
1547
8069
20771
1394
4469
29608
18085
3204
27690
880
2911
7791
15142
34383
19567
5349
20522
24492
23996
27356
7317
10152
6316
7910
6919
11478
36631
5295
8622
17707
33466
1163
19285
36905
13177
9539
19207
34004
19703
30183
2299
41
24110
11485
6109
2025
11133
6689
18975
18081
2323
3410
887
8634
7646
2233
47010
26401
21831
1587
40211
7304
4737
29366
10509
35796
675
34506
11973
21491
24364
14628
3312
2088
32622
29248
15958
8788
28
28510
11675
20856
10289
27051
1276
23453
41134
3600
3632
21466
23514
15660
12823
28654
1630
9794
39390
34429
24106
35736
18383
12320
4664
14269
31850
20435
24101
18702
23421
6904
1334
14794
14052
39969
14322
40731
23129
12187
5798
31772
16307
13983
12985
30472
7434
17142
10037
7564
10696
37814
15926
28106
32360
5602
1249
15528
11881
1799
20180
26281
12742
7070
35531
3312
22886
2175
32961
11319
20103
33401
14408
9167
17246
26031
18869
30026
4476
22799
22812
12119
9254
31631
10876
22831
10491
32466
27354
2323
35639
14054
36207
26789
7638
16719
1043
15171
21401
9222
15900
22568
18261
5335
1842
9756
34068
19480
20507
27860
26269
24006
20862
35455
12770
29900
15617
5352
2710
2987
27057
13323
3179
20220
38040
2448
12482
29819
31032
14624
18284
244
15051
2705
31518
31522
15037
14656
7901
18735
8629
25214
23089
15357
6566
25714
4797
32992
5871
14171
10181
20992
43637
272
6105
23334
4718
32360
1625
11777
9911
32595
31652
23401
1141
4962
1542
3934
31273
31501
10874
9677
30666
31612
512
33167
35838
1213
39513
3601
18470
29664
2061
10753
29042
15197
24266
28295
19807
10539
17361
21289
1868
26301
17026
5991
25418
12990
14203
18610
8576
7775
1464
11391
12150
21485
14810
1312
1698
13745
27870
807
32039
32168
17628
9098
10378
4653
26462
34184
372
45016
5968
34879
42709
15275
15412
25477
3635
9970
36799
13281
7463
12704
4076
25746
22172
1701
28790
13798
5682
9214
9457
909
20204
10337
9180
40646
7602
4498
32953
5756
12637
26038
40222
14118
21290
11017
18130
27400
13542
15628
2024
38549
7281
20110
9922
20169
31579
29817
9442
6367
21396
9469
41779
443
12621
36989
17417
18110
1258
24025
1599
38198
6342
4341
15978
7000
3380
11955
35589
13480
8125
12536
16310
25148
279
16217
6617
28057
2514
2697
23172
1914
3797
15474
16769
15917
30560
23129
551
40289
8314
16081
28663
263
12431
174
12585
7892
27196
29902
12574
6510
14023
10007
14575
10778
435
995
18238
7937
1176
18856
43362
10247
1581
5383
2907
31151
19769
37859
28951
182
24324
2216
5143
12624
34799
7125
40927
4794
30267
13316
19335
2516
41146
7247
10833
26038
3395
3805
36110
11249
197
22507
7382
27613
14180
10994
3430
2625
14227
22130
44647
9552
33099
36691
7991
30407
1241
23046
12553
11956
30748
38914
5168
30847
24271
63
8288
35705
34100
1769
17954
11835
14725
29996
16962
18425
20908
1310
1826
46487
27224
17142
7815
1042
20577
2157
16796
1102
37342
8252
11058
16795
23414
10615
5441
2038
7731
179
27636
15047
11014
3524
20911
4117
7406
4438
309
1038
9405
8319
12275
1175
22644
36104
22492
7792
617
6406
429
8777
418
8467
2139
16225
21448
6394
4467
11695
29274
14304
16008
4347
25613
43764
1265
5509
7386
22733
2201
9702
6870
24698
8008
11950
19293
1232
11214
284
19578
4304
4576
472
10804
7985
1382
17018
8800
3904
30359
23896
21314
45762
15219
1775
20639
1893
18820
39577
2856
1913
28103
33921
3631
7269
15426
11814
4407
36882
11814
5656
11834
12402
19124
845
12205
24254
8904
4000
24593
21111
32723
1028
9105
8696
42995
9169
20895
30860
9750
7742
44498
25442
27236
19191
953
17097
31518
16221
3318
10618
14278
435
10703
12287
27321
14847
2042
157
21198
1998
32590
7162
15195
25191
6620
3603
24700
5491
18828
21395
14945
5371
1170
1236
17583
4612
2975
13161
40290
26496
16651
26762
41964
16274
17191
19701
35966
20230
7286
5928
3151
7565
10143
1733
14798
31198
313
3416
27909
25453
20148
38442
14134
9450
23619
18503
29268
19973
14641
5025
11710
7384
1312
32875
5977
5259
25907
12248
1228
22889
31962
1032
6130
7418
7635
12176
16367
12774
22546
1635
31419
7640
46720
37922
19111
11262
24936
35827
6633
3314
15022
14617
34110
35156
2439
24557
1830
25546
24686
16226
13114
27730
33305
34895
32159
42359
34839
3302
8220
5541
44139
5868
33702
28619
25527
7082
27085
26419
8834
23061
19836
11588
5503
10973
10873
24188
16239
3114
8233
42773
27891
2067
6730
31325
2828
12496
24164
25123
10099
20393
6368
18794
6596
6661
5159
16288
15764
23016
25576
28309
16686
23572
30057
38958
29152
11582
6816
6266
11907
25469
9819
13338
36982
20229
10475
13242
37374
17414
15249
13201
22446
40766
40370
11966
12840
29140
14884
15768
36561
5244
3793
16719
8185
17262
4505
14949
17043
6999
8083
5147
14145
8291
6951
34638
14253
21077
29421
26419
36841
16880
2070
1140
6436
19310
3408
7703
10120
36954
17773
17118
7913
13064
3695
15659
10308
9715
14312
18580
3582
8626
18943
11445
22913
5599
7617
18957
35709
19304
6954
25483
42275
2128
12168
31983
6919
538
5022
3912
455
31225
15850
22055
4926
5831
9417
27427
21559
5866
24576
23890
20173
34703
6248
2739
59
16821
26838
17977
13813
41
18409
10254
19527
7055
49519
18086
7608
16149
31643
35021
6025
15027
6925
13420
44430
8640
5615
32758
18298
31657
1235
24396
12338
44742
3840
10053
1231
33032
14448
2571
16622
15317
27630
7039
11732
8676
6187
24573
15460
22845
20791
31790
16171
20320
31309
9042
18905
39249
7567
10293
635
4174
18123
14040
1194
25218
3973
4428
27709
6660
16628
5279
10735
2906
23905
2364
10958
11147
25255
12663
22075
37021
1831
888
6683
16615
4748
8216
974
10019
36075
6992
6498
5073
5570
17514
25568
22119
17980
15186
3174
41011
3468
22478
22914
25909
15220
13363
30773
2139
2281
40478
22909
24295
16838
44700
29056
19141
8879
29804
13561
15934
19302
28757
8430
17472
18293
34527
10918
26576
23064
9370
26150
15047
6159
45298
3900
18071
47049
11134
13210
2901
13780
4729
20638
12065
10185
7120
34034
25881
23638
12713
13626
42960
12437
36089
22653
4147
9106
13271
7824
22993
7162
9980
7842
31682
16261
1243
42263
12892
19763
35712
38839
24608
7964
1583
18179
3452
18767
22869
3088
22963
6351
5032
5385
3227
5463
8752
6626
20906
42739
9780
8242
5810
21152
2846
35271
7114
33449
37814
25850
23620
28227
35971
5243
14647
4857
10129
8277
8908
626
19158
3242
4306
23572
16674
26674
21678
4667
32438
10438
52
12311
6071
18491
29046
38456
6832
6319
39497
26867
6189
22086
11426
19398
17521
4143
16157
335
8991
19396
27113
1429
9952
1814
1831
4648
37761
17159
2572
7594
40136
25698
17754
4429
4075
12118
3184
27334
10742
38518
46349
11500
39717
2473
30464
37501
35382
29180
41909
17630
8283
4115
33550
40350
22485
43523
923
10435
40
3749
23328
8674
12560
1675
81
35658
47044
18806
14821
1575
22047
4930
1165
1103
4089
33588
12720
46882
6708
14480
9067
48010
1301
6608
16970
3328
9862
27626
19466
17062
24837
38686
4043
32441
6413
30546
13583
10309
16487
7516
12145
17767
28023
29631
1422
21212
28642
787
12705
3458
37535
31624
1
10265
34318
36036
2202
15912
16363
27039
33190
5781
3876
4412
39162
27045
17084
7208
18630
34974
4893
12186
47547
382
16868
12175
3887
21865
16280
30788
15462
9676
17271
2860
14042
17313
35635
2157
30655
24126
24903
4097
348
24043
28784
10222
43620
21713
37486
20884
44702
6074
2309
22667
8678
19617
19008
5939
34040
45850
5938
36062
12651
9533
29286
4495
9839
11993
757
2608
6580
33330
26203
8986
3415
41408
15287
20850
28787
40149
26361
23736
41022
25084
33092
5069
25287
21763
28966
34913
28718
26142
1930
1279
8398
11404
6454
24497
14941
17465
31091
2900
30659
2834
31035
27009
36818
12630
9955
25553
9702
17503
921
32976
16500
23237
8492
36525
11413
1124
13092
39455
3882
6194
35524
9339
40861
22215
31621
34288
15429
42188
6208
6897
23438
16863
8699
30866
4824
6021
18460
10293
25521
6185
1684
25926
26776
8397
18242
16006
959
17800
7901
17040
6485
10010
22208
31151
20091
16198
1318
23306
9387
35668
11376
10417
8150
21760
2052
18219
3844
23617
838
25734
43597
11113
43366
9276
20627
3253
9933
377
33119
15203
19938
9709
19745
17654
32508
17077
27234
2175
11248
29709
3820
2918
24556
14824
27219
42404
5042
11880
446
25566
41211
24142
8779
14646
17522
8745
12279
575
10324
3941
35842
5934
11367
4693
11611
2778
11209
14897
10297
13995
11344
27957
37522
31297
894
8768
33007
11306
6613
20206
13455
18760
18961
4329
4682
4810
15667
16279
2630
40534
2988
1357
24245
464
3718
186
2929
1236
21777
10779
46109
34945
4804
6582
7882
4844
20316
1832
10741
34501
28269
29600
1524
26633
20123
17344
2693
7016
26875
21005
18519
27825
1949
26441
18625
7284
18744
8487
3158
7137
17379
7558
20204
45905
39502
25254
18578
9047
11077
583
39256
15551
29122
3602
34677
42686
17653
38397
28672
4150
12386
27900
32862
25288
20172
26574
26488
41379
13355
20046
1757
5826
17819
12786
23544
9835
4969
13508
6996
8038
23815
11944
20807
12832
6889
1079
4660
2
44763
5229
31786
42398
12326
14664
13018
3695
5766
5572
16104
22358
19456
23268
4423
23845
10108
17028
37146
16091
34929
24907
35363
4770
158
8697
10394
2953
8630
30968
36437
34664
16247
29011
5409
21758
10288
23046
3293
38786
2023
11740
12124
1570
5180
4956
28663
35415
11861
21213
16253
1896
4402
24059
7298
1528
15578
15373
38364
4706
10804
7809
46586
778
23955
20976
22781
16342
26179
9238
34580
23465
9841
9813
9747
21752
26984
5819
17113
21177
16666
3865
4228
17804
43273
10149
19561
16553
516
16552
16904
15344
28219
9266
24298
22765
4061
33791
38257
15409
9465
25316
29625
30461
32175
26371
1930
7550
25624
36761
13081
11999
22546
546
29208
46400
16158
6513
37237
14151
14752
9120
2073
14136
2199
12323
3280
17542
1746
9161
3014
4975
7740
7257
2591
7948
8621
23614
28909
2138
23523
16919
25489
34472
2655
20561
20435
45318
256
39191
1663
19159
21340
10233
19003
3858
43527
853
10740
7785
8587
14454
35712
8913
3172
35313
4760
24872
22956
10199
6555
30597
31227
2685
12606
43107
24550
27801
25261
21713
32968
42041
5052
34514
23403
34607
13488
21881
10420
43098
5199
2789
37124
19541
12917
23926
10563
11181
801
23280
21650
34860
29062
35204
21337
26868
5279
2492
10866
32700
8956
10700
11054
10431
25031
15512
2138
26718
33354
37454
16090
265
29111
42714
3502
12071
4378
49431
13533
16468
16193
6567
9118
38051
41359
6744
23382
4478
5293
24599
8747
15997
33644
17913
33239
6195
26164
40016
30109
5923
3811
3547
3711
349
14906
9335
47808
7559
31001
12479
6895
4754
15932
17130
8188
12957
622
6441
26089
35405
708
20879
21656
16743
23066
38311
34419
7260
32138
9388
8824
22930
14328
6510
31139
27647
5600
10650
30212
19750
29497
7176
29995
3712
32378
32943
12387
8329
20799
30314
5777
27647
9385
1374
25930
15612
2443
37950
30627
2994
19279
2430
2945
1155
6736
15183
13294
24145
35617
19985
33401
15073
35102
25259
3605
8106
8823
24081
19706
43347
33389
35485
1050
6010
25292
16840
18001
2975
6892
22493
18964
23834
39562
6558
21341
10919
10461
2220
7985
25960
36574
31111
9433
6831
23766
7157
7096
12230
27677
4749
33565
32467
19378
14937
46497
20886
13273
8596
10105
2583
13813
710
15323
13709
16196
9147
4343
1699
8830
3936
12960
18357
14378
20525
31160
43431
26268
18071
5497
5416
35742
3238
19361
15417
23956
17402
388
10306
23293
19069
11432
21395
17611
1344
3475
26706
9794
26662
6425
24445
10654
10022
6935
6642
12000
27666
1982
12251
24476
31224
12247
26010
2442
21283
33410
41318
5683
29238
15104
6643
31251
5303
25439
22892
2352
12170
15661
30519
13672
8623
3799
27122
22505
18766
4264
26476
861
21788
286
2689
5841
5303
22431
13355
10861
24032
30914
12242
31298
9762
30877
27933
32591
17600
28136
14951
42361
2895
19402
30545
19223
24855
26608
22714
39908
10260
20603
16641
8938
25561
33053
17058
8312
4285
39181
33867
28825
18831
3539
10492
2408
6465
36345
25782
2708
12348
9805
10120
1695
35869
6186
35426
40146
25582
8777
8157
37044
27821
23845
5288
784
19541
25906
7660
7676
39064
35578
27799
16111
11225
7765
20121
20853
23035
7297
13658
25126
39083
33536
6068
4238
5300
35269
1613
5524
14099
40751
36957
15719
39681
2548
35648
9659
37791
26415
14038
3769
10717
34319
26231
4062
2531
27706
36688
15189
38240
9034
15003
28053
1950
12393
6345
6065
2984
16237
7831
1327
8530
23586
46359
8603
11843
11599
13418
25499
18271
22717
14934
32701
10729
1913
8808
37446
17661
41781
15438
14908
7805
336
12808
38735
30646
3316
34292
1499
14263
30040
2414
2800
24082
30062
2821
8201
1685
6202
2416
25001
9976
7413
577
2183
26499
3656
15374
592
14376
3719
31282
1208
19700
11401
2741
21735
22108
3707
42139
4001
1772
5845
12723
23304
10620
29437
6659
36020
20867
1565
26987
30344
5685
18881
45618
38067
262
26655
41464
28086
8808
37393
33789
42470
4118
11798
22111
24235
43062
31439
29570
13344
1815
25503
13166
7520
4413
3474
13880
8182
8270
37857
5832
8179
8561
1207
39150
11449
6896
2341
20192
13169
2940
9379
13463
8566
34465
12421
11310
22424
29546
40883
5869
43844
14406
6750
677
28778
41515
19765
6992
2200
46449
5410
12873
20826
19277
15320
3505
12533
17015
15072
18184
21035
22474
6788
6376
13061
2869
17135
16169
28892
30035
20610
14695
7476
21628
13380
18910
7624
8376
37881
38387
31461
34297
36293
2544
4856
4705
30722
21901
27245
424
26553
43275
13086
17737
8166
15177
8085
5674
39226
27897
7168
31935
28339
15181
127
11576
20085
7563
19698
44326
13710
2646
7177
33351
12437
20164
36502
28299
3606
721
20702
6027
35315
9697
14084
5935
5993
34569
15392
14873
14425
28821
33571
24269
30056
10194
9844
5492
967
13988
34236
21560
11244
26723
9016
14233
9677
7860
21122
32659
31127
19979
4246
26105
566
30004
30850
5828
20064
18782
3564
21051
26038
26957
11082
13610
29744
40129
20842
15489
13930
4484
998
45643
36294
16176
11828
25860
37369
27459
2001
3201
25635
13358
18241
8532
22339
18686
29208
12084
427
18096
22140
9579
1522
523
25146
39860
36152
25815
6237
5491
11327
714
9841
5941
27203
11031
31166
2017
9136
10695
23351
22694
13909
11849
5918
6661
24062
13514
175
17373
17968
18594
11896
8481
8394
26979
3515
21613
23914
350
19615
13735
17607
17054
9197
29450
30544
10665
987
13892
3099
21283
6260
4716
26946
24836
17362
8721
4021
22518
6320
18176
8303
28374
7953
20646
28997
2241
17764
11157
4290
11702
12511
19468
2138
30081
18774
2858
12468
29577
27234
4536
12531
3294
14443
14729
12535
38345
40498
26083
17162
8082
46140
37514
13405
24835
85
1105
12793
15004
16114
37433
6164
17026
9235
15763
15647
12686
21464
4789
14675
363
539
23978
12661
21304
20880
16750
14739
4226
522
103
45329
22872
823
4922
11223
14018
16046
8672
31192
32073
46429
14827
16868
12854
29397
2709
16576
10161
29718
7257
33613
32232
7689
32236
17776
3894
12353
24449
1634
11667
12737
15339
3151
749
30686
22821
14952
18420
0
9453
9378
13882
9577
15026
7263
40559
31257
10521
36974
22593
7183
36898
5694
25401
19377
17031
12139
18439
20238
9325
41038
12842
12737
8016
10068
6175
39353
10118
2521
3263
29199
16932
23817
15795
19518
34940
27228
32168
3204
24714
29326
22504
19382
36082
7995
24735
23417
17436
1231
16566
5911
16553
14325
5053
11414
6587
3723
3912
1948
6067
2025
10664
33448
2720
6274
36696
20744
19091
28669
7272
15452
27969
9581
28214
17771
3870
16534
5486
9448
2336
7544
35656
198
3198
27061
27912
21419
40519
27542
9473
1522
3112
16433
8676
17762
10481
3289
5007
29019
13809
3496
21897
13598
36956
1664
11955
8929
24735
9544
5914
6695
20343
20161
4931
1529
30735
11750
16028
12451
4479
12576
7629
6789
24453
11171
6406
19171
3630
17572
17697
29430
15415
16919
17036
4790
18482
2713
28298
2056
679
610
7082
25
21810
34005
16715
1080
17563
31866
14253
21482
3271
2187
8356
10271
7693
7042
38229
20672
19794
21807
1156
13932
1824
24203
14130
6272
13281
14022
9768
45188
16597
17736
6669
7818
523
8789
23921
15381
23131
26700
13815
9764
4856
35649
12041
17574
23421
14113
25238
4565
7409
14092
8552
2113
6138
36251
8776
28786
30169
17393
38868
5210
6102
25127
28747
17954
1005
4502
8343
11034
31943
25726
15487
18690
18914
31655
25941
15547
23305
3403
6555
14487
18901
15928
7230
21748
4279
25384
36421
24744
45134
26531
20785
5112
9363
38670
29724
26900
23682
2140
30730
8280
14422
2751
23839
18676
9644
33715
12898
24731
2062
17846
12120
23939
12017
4611
30879
24837
10130
20691
12454
18700
5472
9691
8255
20093
665
1073
32238
18440
5258
13372
799
19696
12452
526
22137
23623
19069
21726
21878
46725
2969
7800
16949
11688
40914
23833
24071
14879
7017
14398
1868
18254
9350
21141
17857
41986
5384
9530
8424
15084
3704
25862
14450
11627
1131
2546
4825
16529
22705
3144
3132
11235
11298
1928
5421
11666
44839
7271
4337
37238
27808
5411
23149
3242
2103
3544
9687
5324
23037
28558
1540
39441
17905
18521
28716
2191
33013
30829
9731
6561
3582
31613
6762
29674
189
10639
22817
13403
4247
2842
31005
16800
19488
15141
34397
7586
25150
30033
21287
30035
8666
16530
27664
30521
41587
23979
18718
5599
46018
23037
13908
6607
27844
14308
24085
37039
8162
29233
29264
32976
2261
11165
23728
32575
7937
12951
3434
12224
9526
23359
44002
8776
20635
10344
23235
491
7867
2023
1319
27349
1050
14177
7188
13678
11063
28718
37223
18292
19636
2722
24826
14482
30334
8049
27557
3610
14469
15366
30154
34114
28537
22
6500
11399
794
40172
8692
2546
15475
40522
30829
22879
7852
3862
10046
14387
23333
2190
17346
6749
16211
39548
19822
17565
14613
33067
6031
8572
37094
14085
23962
13726
11555
2985
32057
9955
10097
12907
37010
3780
10963
17337
4232
1148
4693
8461
19809
2764
33995
22332
17527
32544
12669
3817
43902
11032
1235
20362
3112
6442
8100
11371
20795
8504
4635
40533
12149
30728
8162
11003
23977
21792
31763
8932
33409
19998
33658
39175
14206
11043
2717
7234
40340
45645
10742
12161
44353
24956
6984
5710
22164
2709
3951
2882
22311
28742
32988
27736
12653
11098
2316
29053
17322
5337
39679
16806
1839
15004
24000
23293
7447
13362
29554
16341
14423
25457
42509
1717
15339
21068
15281
23631
29689
30899
29305
13113
22557
39952
23874
24188
28020
26461
44393
16383
28985
2117
17357
16731
16424
3452
30069
32539
37267
6145
21417
17676
6331
8102
15368
8165
21372
1425
5135
34941
2948
2054
3181
21444
22577
33547
32918
34348
4411
1218
16116
10173
2431
4673
6231
46406
4423
23342
20762
39424
11554
15600
3017
6419
33911
25855
14033
2429
9334
23591
3878
16625
3894
22577
9708
10744
6321
14832
6503
7617
18570
10813
2777
5008
42206
16119
28001
20881
29743
2399
4302
27992
5742
13264
19702
18676
42772
967
4614
17688
30262
7433
21333
11875
12790
21684
8311
21677
12485
9475
10354
2273
2220
18816
6932
164
4119
14510
2164
11899
14193
4639
31367
36173
2218
28310
28311
31586
22245
33876
27148
19319
25792
28755
21416
24334
19233
28830
12476
17646
11805
3184
25069
23804
22125
4015
8395
17239
197
16327
1697
16199
31672
3918
861
674
14199
28660
6961
2755
4049
23267
3952
5209
39914
17971
5224
21066
9431
3501
21903
26785
8015
20678
3714
3772
6358
7196
35207
3265
23164
24600
406
6621
34537
17571
11718
21375
6413
2210
18107
33933
26337
9073
23069
1095
8449
17066
9077
14078
5031
27379
851
29860
19130
27983
2260
10855
16902
28384
20064
15615
29136
486
1060
36183
5537
22344
29906
40175
4459
15980
27439
2568
12213
24898
24515
3499
21553
37155
535
24954
38157
12968
15514
5057
16737
28522
28932
42294
29804
8126
3028
23217
46418
19682
18227
1609
8123
21880
30295
24142
24554
14086
18928
2938
507
10787
23239
24649
5837
1336
3450
3698
10755
175
30659
23868
9421
2062
1910
931
5170
2180
9179
11545
39940
16933
14610
30909
45070
1506
36165
12431
17354
8405
7486
10774
13725
7423
31678
27038
17410
36008
25675
8381
43450
11792
10462
9112
22859
20574
13902
22735
4508
32781
7972
24551
37855
14091
26498
24639
1053
11481
17529
9730
1015
18232
20833
13435
4113
20174
9038
21111
4359
17266
28656
35188
24871
27758
9335
2424
5115
8516
23556
14290
49547
8538
40022
1134
235
16479
26278
22998
22052
90
1844
11851
27324
37352
25929
8827
19386
10384
25298
5834
16930
5749
10964
5259
23128
4843
11124
22435
14373
5947
32409
13142
1690
11831
13085
18409
4796
14427
15761
17493
47479
8790
2970
21291
4592
8710
25402
33010
36026
17413
12338
27101
22724
25242
22886
35059
9438
16019
45670
10803
29522
8895
2238
43876
41301
19980
30866
47547
16862
15120
862
19041
37731
29009
32097
9184
7809
19004
417
32791
24230
23499
25412
3645
4576
0
13650
13424
11135
15455
19016
7862
17910
13257
8121
11915
42928
21512
17476
1274
22138
3237
10892
3242
29439
2931
1452
32153
15882
11099
26377
13676
26112
24453
9684
23927
10440
24219
27652
18194
3917
13992
11722
17583
21453
30380
30255
7740
14558
26100
14478
94
20981
22770
28717
29254
24939
8699
18729
18925
42549
11055
881
1482
12313
2818
17072
27372
4304
10860
39219
27786
31581
172
29313
19446
5938
7623
8193
2517
16495
8870
34426
41757
29434
21705
43371
20790
2692
8692
2345
22867
18839
454
35491
11128
29816
27257
17482
7738
5145
13989
25229
9987
26061
41237
10564
3907
19930
26184
16808
20688
12145
28270
23736
18134
29244
32373
18848
23700
8309
12876
13845
5606
36492
26451
30387
31765
19242
34705
23612
23964
27911
14199
24521
22098
10063
6275
39422
26461
3376
3478
38897
24731
24529
29763
1529
7934
6822
9759
9785
13511
14473
6116
4472
37051
4610
262
27821
33703
34984
4496
6875
31067
9486
32038
18421
7094
21866
1165
19264
22725
11417
15663
1719
12515
32132
3911
16640
21283
2928
4796
1950
3076
5522
5602
22969
2575
1685
21434
21226
38151
12117
21939
16316
28724
30525
11694
4856
5209
13665
16159
11587
13255
2473
21617
28024
20446
1265
22047
2491
4933
30278
11455
16373
3992
29870
9983
8497
3434
754
28073
14678
33099
2240
14107
7048
30045
12265
8674
5746
5327
27461
8344
44139
24380
1000
9501
1153
19263
34343
708
1194
15161
10877
4007
26855
18238
7164
31459
21000
14550
21815
3204
20727
13763
34121
30203
623
5462
12419
11798
21119
10496
47713
21253
27219
32600
36745
22976
22596
37533
32094
1887
20097
22597
2395
8450
10568
574
30321
13945
19482
17912
29563
4370
8040
31873
12904
20916
1852
4748
26383
31539
24298
3744
28297
1134
10163
6121
29371
25917
34768
16458
15788
21442
1725
9716
5306
5907
46494
29319
17278
1825
43134
19341
17407
33489
8901
3256
36398
34362
16016
4946
10992
31916
2191
3078
20121
9221
8290
45572
2179
35756
22545
13976
25314
4722
7140
14693
22711
234
26566
43642
11294
14106
24242
9314
16450
3290
22696
26118
18344
31774
31715
10052
6807
16045
2337
15657
6324
37215
7011
17355
3765
11976
13618
5150
5249
20195
38251
509
27979
3955
4642
64
14007
24654
15330
814
2335
6119
308
35206
31113
14537
22762
33021
1560
1592
2602
4063
4270
31951
10672
8554
17786
20816
16184
13790
38719
32330
15498
25830
26836
24728
25609
25065
14919
33918
35189
8616
34833
34788
7848
12580
29709
23053
35924
27338
29232
818
16380
599
7067
26249
41762
5054
22998
27258
32968
18644
8713
11956
7766
7785
18769
2069
15695
41739
16956
7742
9265
25398
21190
31958
32109
16534
5657
5122
34646
3055
19155
6145
3142
4388
1166
31380
7855
949
23025
676
6412
29563
47044
37985
41574
3006
18237
16769
8796
32875
20334
118
7739
16872
17550
10972
6288
26058
36505
1504
13579
28152
24345
29848
2811
18721
43888
2268
26876
12103
236
18615
15005
8501
17245
30160
15431
5928
2394
26148
11390
7118
14397
20583
14663
4811
29288
12451
5263
8094
1107
7758
608
19976
3584
37750
6642
13544
2875
21447
2941
40282
1753
367
1719
15971
1782
10112
44975
27587
44456
17467
14852
19452
22364
16378
1464
21900
5907
42062
25471
25746
13472
29432
10264
441
31686
17653
10891
18086
5785
22467
6503
2000
22264
3251
34138
20779
359
36081
5610
18582
30626
38039
22321
11113
19880
20556
40255
39206
11939
4949
10947
38547
45517
5876
31039
13451
4847
25988
24103
1310
3750
14935
27854
37411
33095
32699
19667
10381
5684
13059
7759
14404
7389
14329
21351
7030
36976
17233
11730
37073
23190
10436
14209
8880
3655
21455
42248
14459
13895
39173
35306
3504
44393
15256
29097
6227
9000
6109
5976
219
29586
3369
3693
21168
11422
14007
4703
5000
9741
14400
10833
4603
7182
34413
5590
29312
231
19636
4723
14660
20673
25206
26625
17125
16905
1501
9334
27966
20798
9658
5805
7616
43271
18155
39690
3969
16746
9069
1922
10030
29110
11218
27095
16385
18824
25046
33713
18617
24949
5091
21077
5127
6936
13311
13277
324
16310
16708
3450
30573
30066
45809
39792
5745
31262
3514
198
41320
20687
7737
40421
1480
23938
5354
39129
3420
25996
35360
28393
3694
3967
12606
12766
6439
44908
3945
36922
6556
17433
41314
14313
595
5980
27539
28289
44968
4952
4746
26823
24541
2454
44466
16979
17492
25721
7055
6207
5107
17884
26925
13732
11269
27845
36
18905
35717
15039
35281
7011
7558
13681
35346
25392
3149
4344
6929
8210
6727
15164
41453
14152
3770
6197
5971
1526
35374
38670
20414
7538
47768
21883
15682
17735
16355
3839
48367
19718
3203
32783
40330
21853
15719
4717
18928
38686
13441
8489
12273
22987
9869
11337
12052
11362
3612
37176
40313
7881
12701
13481
37217
6420
26062
13339
14277
4266
2663
12536
19880
877
26103
3573
5990
9739
19601
17074
36988
28838
36744
9502
18605
25856
5759
23957
21669
4276
17653
1860
17041
3343
13065
27690
24819
6233
17333
40132
24366
2713
29649
29847
6163
25476
194
3965
9802
4057
17381
38108
17026
17122
18146
34331
33251
9711
3483
28621
16666
31539
29715
6875
9240
4165
19395
15623
18151
6739
4333
1171
23024
4312
1652
4580
36596
15682
7779
11916
22431
35621
17126
22906
19414
201
14296
4882
14546
29216
3607
4082
7808
15248
14387
15202
16369
2183
12360
4505
9638
16883
26555
37045
21215
9242
34513
15188
7379
25073
34503
11800
14673
1814
29830
20770
19102
2893
25149
16082
9931
28165
2253
36471
4727
10804
3791
8116
40021
3445
20642
15851
25983
31812
42055
35135
688
36627
38448
1444
24965
10682
24390
274
4529
27628
4755
1410
15635
17194
36862
1859
6103
14973
25191
8867
14990
10681
17586
23697
21379
8242
28053
32259
10715
16207
33744
1080
29598
13515
0
8238
8937
1239
24638
18720
12158
30036
23668
43503
20650
10061
39164
21749
11627
4635
1060
2053
30819
526
21283
1949
27755
21487
25175
28748
1750
590
4174
13473
17194
28450
17050
24418
27825
37924
6326
8600
1756
5091
4109
28487
5145
27886
35381
16934
37165
12215
24955
35308
10835
16289
18182
11687
15286
25181
21205
2348
3414
868
156
1962
30303
42159
20250
7714
27615
20324
15898
9030
27912
412
6093
2861
33855
18220
21657
24061
12830
9531
33639
44947
4473
31439
30263
3561
12185
17077
2122
23734
10819
3365
8929
24560
14757
949
3032
4576
5156
4771
0
15756
14581
3391
3824
33248
40397
21434
15060
20577
8454
16318
12445
5575
35617
28368
4570
4571
23717
23709
18172
18037
11494
34508
34555
37711
12636
3490
22941
12123
21427
4522
10241
8147
2327
22155
22449
19237
47222
13425
1449
4401
29083
7980
21832
10101
2632
10988
67
4755
24156
21241
7212
10967
303
5775
22052
10086
30768
8574
2374
30150
2846
29581
10792
17358
7422
28035
21943
9439
5304
841
26049
9245
15925
35040
12890
16567
2741
38646
30204
26774
19650
6327
17609
31493
2462
9143
32299
18982
11712
13009
12541
1159
17071
5507
28910
40049
34846
8209
14846
9854
37174
24151
14173
33430
38920
40625
19364
1832
370
30343
7639
19627
22549
13591
14549
2120
8069
14022
33184
23517
19764
20344
18063
6093
21464
2312
78
18580
23633
4018
16842
1850
7103
663
20821
10773
4684
25284
8740
12011
8084
21782
3402
39894
22025
10796
11081
3673
25385
16546
9236
3914
42016
6113
25462
6180
20597
6725
15962
2932
24613
208
24303
13025
2227
12182
8909
15187
31155
19597
6762
7969
48603
16372
8113
11079
85
33944
44619
11134
38633
11076
10660
4815
38052
17567
22471
19670
5952
29255
23077
18381
28991
16609
15331
39251
43355
22617
9755
6652
23326
38651
29261
16127
27217
16455
15234
4317
6838
4057
2795
25143
26223
28261
22089
12957
10345
10777
12013
18483
40080
12251
5833
32673
32798
39390
4102
13329
13662
13479
40327
26791
15491
6229
15077
14325
17787
11815
2901
21526
3339
33100
23841
24671
12920
26973
13406
13986
12576
38645
16458
30842
23930
20473
12698
16694
10758
43054
6536
4235
19868
8435
3846
938
37630
1143
10378
13520
0
45268
9223
3364
30316
15585
35342
13355
2993
20209
13505
12728
36449
6834
3314
43081
33513
24741
28563
6320
18585
21082
22420
24869
19146
8517
16330
1936
14567
12013
28473
26150
20829
17810
1593
972
14004
2350
21742
12554
24463
29951
18764
7536
27961
15433
30949
22393
6282
6967
3462
39384
23887
8873
8338
23716
26930
20407
17936
3094
16415
14953
38532
2882
30776
24880
1897
5438
8100
1123
37706
9977
11852
25832
29455
24520
14226
5749
33821
2818
15066
17521
5346
9059
4533
11032
6141
1843
37332
33714
8879
5758
19077
8913
21487
43159
36945
7544
4031
11530
11443
15626
5733
26947
16369
18187
19518
41243
17739
9881
11689
36018
8190
32530
11954
25178
10431
3400
17659
10417
28128
11789
4642
27239
43331
20376
34696
4269
3755
11282
31429
29313
20600
41715
7607
3103
35456
3405
19356
22894
3037
4685
17296
17039
11070
24939
9950
18596
8601
19910
28899
25309
24233
19796
3283
5012
20419
21315
8930
10864
5076
11595
1661
22997
7908
26920
12381
12224
30482
12885
27813
20880
49251
20908
9911
34785
30986
826
4398
20477
5344
15768
22276
17836
23291
5857
30771
1575
24138
29121
1790
29534
4566
14001
37359
33644
7781
17592
35699
16515
28749
34998
17134
7803
10042
9710
8927
32306
33640
29164
1961
12214
39529
30458
8418
25787
22123
5446
24172
13705
4747
13931
770
5629
14613
18093
34926
1708
12186
5785
23264
15536
19072
5083
12845
22585
25632
16709
3305
3315
21120
37150
16
15263
17081
26281
15004
2899
32941
26763
38338
19005
22918
6160
33485
20363
30522
39573
23148
39515
13455
10560
20034
4095
2264
7766
11141
1147
3829
13163
7356
28839
10448
29107
5631
31989
44309
16415
6119
20470
22415
9716
4548
35093
2750
180
556
26164
1872
14916
8965
10071
6235
5320
14822
17072
16084
3359
11667
40910
2941
32283
3054
17775
22077
12325
7842
41771
14149
11217
13212
31341
20348
9692
23813
10368
13393
22947
25131
10479
8585
18771
9305
17201
912
26990
655
21879
22583
48486
6818
43131
25165
4601
3858
17958
38637
6423
8931
34014
191
4888
20259
32490
17086
17498
5244
23306
25499
14156
2114
5530
4170
4742
8114
2093
8365
12386
12402
15844
35583
18271
33449
14846
16613
472
15053
16113
39741
20428
1668
34982
1936
21198
11339
17045
1934
981
7709
3383
20373
11972
37642
5059
14704
4286
2395
22771
4468
28127
7787
2261
581
4845
12078
262
32921
20020
18172
14882
27436
15903
14792
1948
3137
10831
8909
23302
21624
34236
2773
9605
20656
43193
23373
15346
16309
15506
33737
35469
13718
23996
5293
19714
11878
2093
25674
14332
5945
23871
21120
24949
287
32564
13263
15259
8146
26842
2713
41427
30302
22049
13720
2300
2920
5008
25756
11468
28727
6684
23541
30285
3267
9140
2534
42232
30549
6013
3930
22953
19258
23688
18797
6487
5181
21187
19503
32863
35932
3298
6311
48494
21960
6079
23945
24324
16929
13542
17933
17596
22317
29898
10062
19688
2778
3349
19553
2905
27800
11590
27758
8393
15471
19284
19733
36621
17269
2223
28874
95
13036
9470
22476
1622
12904
23891
725
24860
22536
23727
40479
12739
3261
15901
2837
15269
8408
25173
7327
1286
3364
32719
4806
2267
36283
31130
26422
37295
8481
11862
4120
24433
19484
12470
2158
12974
31428
8303
1966
19313
11459
22998
15246
18185
34986
3721
16141
35763
21338
1669
25186
1755
16108
33976
4183
13289
37563
24400
40190
8226
2435
8179
24878
38358
24437
4427
12166
1966
36760
1740
33984
13260
10049
2376
13548
2605
24059
21385
24179
8819
14183
3502
27707
377
3537
33879
21046
21775
8432
11210
17885
4336
6194
2028
9106
21917
33761
9687
518
60
9200
2335
30107
27685
11272
9595
40432
8036
20228
33400
22572
13104
15762
12068
23553
28277
748
10013
3862
1031
17329
34461
2397
1190
17028
35219
11566
32160
11391
22069
3484
5569
10691
419
35553
23713
6603
23785
33695
48369
2607
16382
29117
23346
6891
13304
42277
36591
11801
38912
26481
7165
1325
28095
23442
14896
14896
36107
26117
29253
43967
13427
24143
23608
15698
22976
24255
46381
28166
14904
6959
25989
6338
16997
1555
37784
7474
12969
3873
8405
5086
29279
29650
39209
8671
22349
8730
10667
15119
3470
31334
600
11260
5939
22160
10729
3934
8972
8334
12167
17989
3853
5901
17659
29674
36274
3188
29357
5828
515
1845
34245
10860
25990
20690
2569
636
41599
24970
4833
17359
9354
1711
25239
20402
2172
44853
10521
15996
18152
12178
26143
10537
38382
10858
712
5473
2419
20538
15487
5850
123
6867
5127
5359
7713
26213
9120
37471
7904
32529
28617
17488
14729
23659
7701
6299
31131
10107
8798
23663
708
5684
32474
13042
14150
29174
21013
26983
10177
31228
25788
41734
11399
25463
251
6817
4052
1914
24538
31654
6379
27089
1427
42481
1301
34878
5662
40305
33295
10142
19673
11710
3342
2118
16992
2196
3056
20446
6345
4917
28405
1069
43525
22709
32273
33485
12543
14905
13498
1579
1698
6413
17587
16016
22989
1325
21200
20799
17465
20459
41204
32059
34228
17359
11728
22144
8930
2039
14167
8526
7533
26081
396
8915
4842
36518
11266
17785
11910
3251
5605
16284
12278
12538
26636
7626
4869
19519
17242
20375
7403
14320
26738
6368
18785
7859
5536
33234
3737
11718
4843
17274
7769
18428
10701
3577
9615
26022
10006
16366
25348
32266
7122
31172
618
4552
11633
9679
2917
5509
24946
34045
16526
13683
20359
5923
2585
24780
17853
40385
13476
5179
36585
18686
27437
7109
3575
16896
2033
5759
5820
34966
6855
290
1417
8003
854
29434
3687
8287
137
1742
18444
4224
1867
21036
29174
13516
4601
24703
24475
3948
9794
34980
12302
33801
9319
13955
36960
14608
9141
18096
18558
2542
47050
5206
1700
4790
11387
4907
29654
3213
10257
25073
38189
4650
25790
33102
14522
16352
18329
49030
8713
23225
8142
19205
27215
5228
4103
8878
11182
11433
19672
15376
39049
34207
33679
31492
31810
36573
4077
45774
10419
7128
5391
3897
1355
2770
6125
1705
27333
20604
37601
5383
7913
4474
18337
35851
32092
22237
9447
9234
8099
28310
11362
40755
26081
42767
17369
10735
22664
10361
25598
20254
8921
7655
39179
18783
42729
4710
14846
34495
23634
821
5186
13433
15187
9425
19238
33214
157
4749
32610
765
30464
22647
23675
40430
19618
220
17221
19132
41175
27273
16131
26292
23881
18486
1073
3121
22727
29443
31011
30276
15321
32930
19786
30027
5123
11268
44518
12172
18370
2647
9960
6487
11511
817
12385
29489
380
96
25482
6206
37565
38868
35764
2086
8117
5794
16384
13878
34726
7959
2688
3546
20791
31976
3512
19419
29323
5966
6095
18889
41515
10228
17033
15138
23193
26137
7214
3479
10729
2503
19151
1649
13127
43912
16754
19033
13306
2501
8950
41277
14408
13644
17780
743
1074
37949
39390
23497
21121
6397
29235
21064
38667
5111
20966
15539
35592
10072
20381
13800
9943
761
15548
22523
5639
1943
31945
33593
25627
12637
8170
36487
1810
14641
33204
7728
21277
3626
5723
37883
17426
11951
3847
12415
34221
18777
35046
12571
41006
3960
2257
764
4467
31481
439
40745
1276
2144
18174
34872
12374
14323
31756
16459
8154
5876
15258
8323
14063
8958
9764
31281
14089
6681
37200
3769
30776
7053
15506
19556
21883
13544
23702
21619
7360
23128
25263
36600
33314
11703
22990
19379
43262
4954
39175
2477
21466
26742
10504
19280
7782
12366
15423
38298
14328
10575
12378
13237
2912
38999
761
777
9112
26532
18493
21503
21929
26081
26671
3308
9123
10896
32916
19536
16625
42157
25390
854
33726
11423
5124
17195
4252
13924
18879
28402
3924
41014
19026
4475
8450
407
21512
5954
14516
16102
14202
26236
29206
7147
17442
4608
3322
19055
18854
2895
18481
2094
24387
18055
1368
7912
16481
4525
31817
15943
5026
5053
33572
5962
18511
839
23645
16056
43417
0
1458
16702
3143
6411
4693
11718
13765
20446
31213
6781
28566
34102
15437
19468
1937
28011
20992
29217
5620
12203
28341
15919
27599
12819
20810
28421
17645
12494
1791
25740
27954
44315
8147
39661
9261
3076
21645
11427
4870
35245
11702
7822
10050
8842
10470
1738
1372
5036
10129
41341
7928
41477
15742
1299
20760
20503
525
26595
28922
13727
16721
21533
25213
16355
6117
5136
1738
19736
3492
3423
12047
1185
23882
16588
9485
19694
1824
21982
38276
3595
3874
6312
33106
30622
34193
22417
8393
10530
12673
16582
10851
28893
18848
2563
9018
1848
38476
34047
22199
8147
29002
31201
28525
30553
5958
16762
8960
20781
14649
12137
10718
5927
38804
33467
6746
6226
18750
23586
13635
9160
17784
39492
35269
862
24679
9293
16682
5285
10087
9594
36
4213
25765
29710
45321
37597
7062
23508
21348
1481
29995
11622
27021
751
12163
12366
33013
13610
31346
27783
7614
34466
7480
12777
14776
7242
20762
2348
3248
24911
14402
18161
18593
11393
20005
5887
15615
35811
10097
44478
890
2333
23010
21183
20240
28986
29860
14195
2655
11046
25228
26994
34123
40639
38605
1355
5708
5109
18426
356
8086
37639
14913
4860
5288
11723
11596
27762
21640
32200
9961
11715
7494
2641
2523
29304
42860
53
29304
3315
24649
36809
4539
658
16591
13888
3150
7963
10148
8964
6814
22646
17066
43272
5714
13025
16237
10055
25465
3137
12363
40127
17885
23507
14943
23458
16420
606
35495
19779
30848
6048
6880
2670
7765
17326
8394
1069
11680
33849
410
34469
14585
8364
36915
17640
16265
14655
18992
12402
10418
20941
1806
39011
17550
15742
19806
31172
28243
3083
8071
36595
2524
19300
12316
11907
17029
16321
24285
34802
4565
10418
29074
8832
11370
16363
8332
24266
27900
14882
30786
6167
34915
36031
17181
6338
26427
7456
15490
26391
19295
12925
21138
3707
25157
34165
13942
34662
30970
153
7645
32954
5043
12401
7244
758
15436
24145
34630
15253
13897
6434
12259
11548
16861
21790
33031
7229
32527
14244
29083
10471
8797
3767
40078
32156
16868
2747
34615
6914
27427
13350
31291
19929
9795
12650
29239
12367
13189
19506
5377
31318
10710
18024
2500
1100
3728
46024
3355
9258
20835
9033
32855
1422
10884
23327
8659
26351
595
7094
19823
9498
46541
11751
32791
20895
6903
7903
9180
25579
130
38918
27770
4974
6087
39695
41132
10401
44603
17841
13260
34651
30163
6139
5550
6845
2993
3050
24045
7169
20237
1282
15206
359
37354
4574
16971
12265
31187
33212
20465
489
3814
33583
45
10630
18879
2282
38268
30314
4370
14702
11846
1877
8201
24395
28006
29443
29235
5696
11100
32819
32272
26466
5716
13777
45984
12062
45622
7671
40708
4997
36452
34450
46091
16538
15617
516
12199
26999
8261
41950
7767
5496
42938
45997
23611
26085
8897
17710
12104
17897
798
2150
36710
16765
12164
35207
685
17100
8663
5487
24935
2137
14486
9463
10346
21957
6602
10282
17540
21098
12433
7285
235
22003
29251
414
19209
14728
28704
5009
15049
29067
1346
40934
19119
23928
3826
21455
1641
13231
9297
14528
34537
17345
14893
1792
29854
19922
35485
36379
19027
40569
4691
21173
26159
39121
4459
4470
21513
5678
19265
48
36242
27098
19963
12514
36119
5875
2916
15249
15014
22377
28771
9024
11038
6368
12124
28219
13009
37089
21202
17448
14862
20325
31724
17424
23586
15033
9858
40670
18360
13470
12122
15036
7610
30769
25874
31739
12145
9466
5068
34299
50002
31983
15312
17178
14790
4297
11504
23854
1549
5923
24202
25889
22010
5050
24122
13731
15189
31449
37037
22264
33302
9130
42421
32111
40516
22625
2070
22694
15535
15597
34943
15715
3352
45302
15155
87
15866
7666
6755
6261
3914
18566
27832
27848
5184
10116
7308
39434
9657
33310
5405
21324
20596
12379
6886
24546
34563
50009
21862
13287
18565
15755
8611
5618
22568
18845
19445
27730
34358
30901
17836
23684
18124
32410
223
22723
17395
26496
4352
40454
7290
23040
34391
5369
4425
24747
6563
12419
11319
9805
34366
25737
8317
23855
2907
40164
27090
46700
25979
3530
9766
32384
19601
26210
14317
3483
14901
1644
10185
400
14340
21487
20440
25267
41874
29004
7570
2640
10198
25510
30657
16348
15661
31680
9071
22090
21634
13371
7071
11624
46072
191
20014
6524
5777
3406
8793
23144
28926
5938
845
8283
9942
12642
5445
25395
39632
4707
8600
1289
22109
29583
20197
42608
11870
16869
1711
15017
169
17381
13313
14547
44
31979
22859
34026
38855
42885
1085
12122
16224
24129
1455
15796
11482
18863
45791
12190
21918
20901
2541
7353
0
40277
18642
6696
30973
22047
774
7402
13947
30318
8974
355
39594
4272
10751
11035
14839
16564
11878
5767
4467
41419
3618
25734
20426
19015
26345
5104
13964
5044
41901
7923
247
15173
15611
8035
17541
23677
50
41034
10207
32736
3422
38009
22923
2961
17110
8731
28895
3866
37809
20107
2033
10690
28289
47872
13402
3536
37602
25951
20582
44990
791
1062
8135
18239
17736
7949
23227
12931
23584
20646
47743
7918
42265
9439
22586
875
16851
18953
7139
18737
0
15376
22723
20535
20741
20229
4854
19932
1641
14668
9992
35538
4679
8531
44090
3223
9034
39366
7378
2089
2548
19827
7717
40547
38677
36807
23994
5227
16162
7021
5709
23984
15613
27321
40893
2921
18750
25242
19965
16896
4385
15287
27851
18031
19873
1985
8853
2835
7920
15376
24128
23355
957
18137
33078
34860
29077
27651
3980
31503
23958
950
6475
31743
14116
6537
1728
9375
14828
24429
43958
1632
8371
1143
45355
9725
22367
2355
20174
21974
38216
22320
27513
7867
7619
120
25309
4755
13020
6443
7088
12580
36851
4313
8214
23261
31801
77
24093
2613
35298
35764
1198
10535
22320
36113
8517
25875
3394
5681
30172
1182
17314
20616
29855
16912
18585
15397
17148
26219
19734
3606
6752
4342
1839
17933
24437
29005
4656
16097
7504
4981
29638
45756
21870
16844
15507
6751
7654
14030
13176
557
1071
41652
22455
14097
21725
3885
3005
26845
42246
6571
491
30987
16708
32549
103
14164
13694
17144
12496
28580
8473
35677
21083
27430
38543
37075
40510
21632
8003
923
30839
22904
27825
7367
4991
2012
39630
20530
18638
28421
45827
30077
23251
6686
24200
42396
13689
1278
8000
22211
12325
19773
13214
8797
11932
5641
10046
17399
9061
5341
9275
11950
44755
19565
3736
11298
3083
18166
29715
880
1002
34473
12849
33806
25724
20726
17965
1225
31692
2317
11271
1117
38801
22308
3632
19367
34041
32396
16321
22160
26063
3321
3120
13270
8640
6087
27430
13298
15607
2261
7508
24074
1219
29179
10576
31679
16610
2027
9178
5657
37242
39034
18788
9371
2189
14508
17684
1292
29989
17994
5372
40927
19672
25904
16326
35357
39414
10682
15216
4076
2783
12887
10413
1005
3956
10778
10593
6925
13651
26590
10061
707
6666
23189
17071
5653
3052
2523
5433
23238
14206
15303
23208
12874
9838
8240
1641
38103
392
10481
3088
23462
22145
17423
28711
16887
33230
7455
8089
20560
10250
31789
5902
4365
38857
26660
5024
20623
47031
26705
7385
21225
9600
757
7215
9360
1495
24748
17358
9765
6624
19449
24981
5415
22812
30313
8653
10292
10383
19301
3486
4363
34304
4209
22143
24509
29999
17010
4022
44869
2348
23136
27933
9891
14215
31300
18677
21922
2413
29241
24827
30910
21143
13381
20230
29407
5838
7001
2953
22984
4348
32611
40833
16111
2846
3062
2555
16953
2928
8950
10731
23900
22846
42
2323
7601
17564
18561
41227
13612
11837
8389
3025
14344
5566
21134
10082
2750
2128
768
39921
8444
9632
22199
15832
2996
3357
9777
4502
11853
7118
28337
3738
17872
30371
12798
26750
23870
119
6336
13873
15159
38334
34307
5902
27502
7410
15290
8198
23638
40891
10326
2374
18499
13751
12746
15877
25018
7450
2991
14758
11636
7239
13982
1988
18554
24315
1184
17451
42706
20313
13252
21501
288
79
3236
23866
9612
21358
26044
1392
8769
9018
22916
22348
4249
44466
38899
2561
22992
773
22346
39421
26429
21705
7076
41185
7248
11115
37122
16373
25235
14419
4735
3137
37399
24111
34823
24223
3423
3106
9655
2737
24960
6208
32195
12383
20000
29823
20579
16044
15209
1559
3296
691
27288
39323
11530
16328
36576
5242
3467
26909
19781
24587
42456
18954
6704
8857
28681
658
3949
13909
19734
24481
8212
1171
11641
217
1278
45356
3096
2530
8594
7654
5043
325
6578
41641
30140
33163
3046
10639
2697
16162
12850
5239
4924
5352
10808
29412
44549
31103
13119
41802
2843
21025
18207
13813
32123
20376
36055
11793
3241
32418
18027
9779
24136
27588
5161
199
11465
7781
50702
9446
22740
20537
18908
47145
7012
31932
17975
34550
12001
12525
16788
9996
45592
9655
22885
7302
13975
8683
21800
23175
615
2241
25013
10452
4970
6283
21663
45090
47843
21171
37024
37873
3729
49540
8719
203
32043
136
17175
20920
45132
9959
14212
2331
13536
9110
4588
4036
10617
10707
133
15494
26808
21137
21013
30855
5650
12091
16661
23320
4112
29658
5086
13360
23036
7813
20772
31900
5469
2989
13191
16771
14519
905
9393
1368
3314
18895
3353
23273
7189
9089
24856
4618
23319
30094
1645
21300
5696
5025
9662
21767
19859
28022
31098
13551
16577
4674
16881
9144
21139
4621
17439
28221
5670
19907
2492
16763
36562
21788
18645
2497
46263
10116
26045
5728
3899
34294
14098
2648
6992
29144
7327
26600
11267
12512
20851
5021
1478
8600
25995
3879
17058
2761
237
23102
12358
21402
7567
21702
30199
30103
31585
9424
130
10407
36408
8131
2314
8086
15199
30460
29153
11652
3568
12101
46655
37094
6976
18822
15321
38923
31522
31409
15138
13552
1889
4143
6978
4473
26625
16085
26599
21347
498
1565
19598
21858
7032
13996
16479
3214
7964
34292
22306
7659
603
40994
23831
12259
4431
16469
6362
14041
17540
6067
9154
33664
13487
5384
39391
2780
25231
986
12710
36523
13068
21855
24724
3426
22973
23592
14025
40923
4793
29854
30982
2768
22957
44137
658
22913
22053
34664
44660
2274
11335
134
7650
18154
38668
29633
16618
40870
24541
8204
15858
25010
707
33012
43545
7924
26189
2212
3910
8844
14317
15339
15362
9598
9018
9652
263
8128
5184
4291
38142
29813
19116
8770
7422
37981
5623
6087
15578
13265
21451
1575
8041
20480
4827
12772
18384
27413
25062
20846
17526
4036
28616
46830
6688
22869
31130
22564
1010
15187
26225
28938
14477
36815
3511
16203
32489
22907
1380
7643
7559
33890
3869
41500
37960
9684
31337
41985
29426
23664
4911
14305
35602
10096
24884
6173
9726
10188
20866
9313
40791
1429
7580
27197
13639
30506
26660
28886
17687
14929
10519
1872
28323
18153
24598
6069
26101
10433
18779
26131
12572
20343
29165
1104
23427
14413
3378
8914
25200
17314
4376
11042
9273
6051
8660
37719
22688
23874
10503
27901
21242
20102
19076
33836
6566
13863
9178
10710
29650
7881
22126
16657
22159
36177
70
18280
29444
35719
27579
14412
9055
35795
5065
4985
2893
48313
35581
24194
12674
15391
23679
33009
15413
21077
22262
2504
2991
16211
13857
37458
26149
18818
4398
18131
30222
24834
27246
39943
16079
6893
38941
24162
34877
12905
5274
14914
14686
11331
29935
17394
19357
3565
36883
15635
7442
47552
18706
45355
17584
22428
21558
24135
6676
3493
35223
12847
28976
22765
11266
13859
22281
24913
23958
38587
5206
8034
6381
21599
6801
17115
10769
14848
11655
44514
7602
15072
5277
19415
8605
12197
12798
22896
45776
23171
44195
9146
13837
12985
7715
363
19900
21180
33030
38107
35245
44418
13506
36067
5127
19125
13036
16388
16979
27197
12970
34976
34381
17406
2474
30038
15137
15530
8897
15431
10450
5168
7428
6329
9149
13937
33861
5498
3541
47430
5455
22756
11462
6400
1098
6275
4189
11081
24484
16615
3085
27644
9521
4342
5991
5863
10911
8204
8583
18990
6945
44958
46515
7626
3709
2018
31443
1546
5950
8296
38390
5490
14167
7952
14425
17282
26212
5927
9840
47567
16852
19190
17122
11878
35385
20400
29204
41297
39653
32928
11828
8801
22015
16087
7733
12575
4728
32936
10869
30758
20934
20863
679
24371
7757
9246
34730
25137
6776
29424
19023
9111
831
12667
2036
24434
31795
3332
22940
30141
31006
12627
5563
16746
224
9983
2765
18903
14976
2900
12101
8245
23576
41837
19979
6021
637
5638
22201
24807
34778
16965
35213
22475
44987
25631
28113
38729
37088
6994
7346
6106
20779
21857
32261
40827
15639
28370
36079
8443
7619
33481
3733
45904
3476
20880
12151
1869
29824
45089
32193
42922
20095
34282
5489
16408
34845
6239
36868
19569
6771
27849
10001
45006
7791
9169
4015
2115
35775
24150
17992
13793
45029
9170
46546
26596
21014
3012
34999
39832
10159
20428
9016
11335
37221
19895
452
26585
23246
22795
2431
272
33441
14230
3656
6876
4433
13848
25679
45483
12664
40633
17842
17557
26541
832
550
3550
23499
2321
14870
47106
11343
29735
2959
14833
35015
26368
14237
19802
21823
28322
1608
20837
12969
1763
884
7469
30656
31619
25437
14464
3892
47862
20508
22778
7456
2724
13062
48218
17043
5373
1523
9027
40305
16631
9525
9828
32226
670
28884
13180
34363
2656
18275
9226
2432
8361
865
5779
34191
37023
34158
12876
21299
5945
11061
33383
1832
25192
5057
2156
35567
12466
30502
35349
5667
18679
9228
38165
9449
42506
32519
20445
19270
6789
16597
21898
38301
19332
9290
15660
11778
42245
11384
2767
29306
9158
6369
20542
20956
20128
17232
6032
16795
28745
7564
48840
22960
29425
26445
27035
6211
18723
20266
22598
11
42026
17489
31017
17915
18649
33362
2289
5050
33321
16205
1290
24217
39716
9649
19947
33366
32360
28836
5874
5399
19686
9096
14730
12386
40536
32157
9079
10663
4038
2061
38268
19280
16181
20478
25645
3002
17789
7800
39045
117
27476
479
16678
19890
1340
20863
8998
18549
10131
8248
37005
26914
7052
41035
1273
21467
2730
17817
6909
6015
30750
4008
100
4651
14205
16474
30445
17057
26960
1296
2846
26370
16222
1773
912
7456
42214
9250
26346
40876
10264
11195
18757
16493
3528
737
15204
15722
31199
31530
28235
27934
2626
39533
10870
3138
17354
26437
20781
9985
26464
1309
9990
21776
20959
13223
16569
18063
2874
1360
14567
590
26579
7898
6020
47408
48635
23830
8575
7878
14477
3084
36274
35987
12985
6707
13735
28128
36334
2068
3161
44748
36316
29750
14764
1408
14827
37193
8869
7459
44064
2439
25898
16864
9152
4737
20409
8863
5857
7329
12306
7697
11667
42592
44666
7372
7043
30393
3393
11809
23915
19467
707
2866
64
12597
37584
24806
2150
4467
17557
13602
26362
11999
11546
13330
18217
10157
34539
4287
8530
32342
19921
25802
8587
4281
28194
3043
36510
7543
14938
19730
15708
21100
10646
722
8349
338
23084
34321
1286
31592
11251
27278
15762
8615
29796
16467
3768
25045
12902
17660
5211
30898
31779
12283
21746
10246
9081
10395
12230
42047
32063
14696
14138
4973
15565
7330
15701
4896
5872
16210
23892
30998
14765
11797
26761
4061
7721
6104
43898
13051
25096
35531
7387
15214
9482
3757
26493
42629
2360
29144
12049
15712
28965
2574
10525
21404
7985
43413
2366
24327
206
21576
32691
39790
6196
23331
12409
26505
20767
1716
17883
7066
13028
10051
23462
6952
7545
37468
28080
13747
10319
24659
24225
6318
15696
43161
18510
11586
39174
6885
11292
926
41735
6875
14532
30802
18741
33518
27951
32348
1436
10980
30507
23322
4207
176
310
18746
37025
43870
30688
40483
35905
38619
12184
12231
5514
4701
282
25918
29525
3250
2254
10070
16306
42172
50595
23895
25454
7668
25532
20051
1364
7482
33037
2353
16962
9006
8007
22217
23213
19013
18206
9422
4647
12132
18855
18601
11817
37186
16470
2186
5227
6947
7982
10106
9935
39857
16286
50517
17157
6637
5412
10483
27930
5957
11036
5386
32272
8625
23649
13773
7504
11705
46697
9365
30303
45565
40111
6582
18708
18994
11238
27913
24127
3916
35494
36130
30435
10230
39579
157
10589
18905
33407
8869
234
13548
23759
21304
921
13081
43913
17174
3582
23494
10979
5303
10749
31413
2878
8897
27503
41413
22894
26042
10145
16398
6065
298
38482
13582
2068
21120
49408
4484
6926
8117
18888
5588
30606
16322
8346
5061
31573
10728
9622
15770
10408
3143
716
24544
27755
12483
3557
30730
4311
8428
24553
3799
22994
140
15766
8151
48388
921
12932
14333
15423
21261
14706
17386
5075
19126
1919
2564
6257
12530
27616
44987
948
6826
18509
32514
3403
29943
22769
31109
1774
8550
2452
2463
24701
44457
9984
38223
11024
20369
28319
17286
23377
18464
27164
36709
10322
11383
4932
31946
7935
13775
27265
18102
12502
27090
4482
28721
21328
436
11953
11898
17903
25815
21470
26833
2770
10268
40652
18156
9899
10654
2971
18540
7274
5841
8742
7926
27347
5771
5948
34510
37268
8927
5079
20730
18801
12345
8864
28013
444
21706
2555
8165
19019
27954
2779
42514
17151
22817
37248
21089
17998
10473
4991
21674
19253
1492
21486
41366
5802
15770
20714
10911
21847
12455
16525
17504
3763
24712
38735
653
28334
9466
2469
28142
16274
21332
18486
40801
14118
13491
13184
27646
447
29929
21317
8994
6434
6683
19392
17099
9382
19780
29686
4109
22242
23445
13331
13383
7509
38549
49459
33781
14137
40630
13135
22357
20686
14231
6669
3091
11465
37664
14484
30613
20834
24624
3334
31919
11570
35523
13825
22272
28437
25799
11999
5632
8363
16036
1097
11739
22758
7570
11424
9363
9334
5077
17601
5135
5563
30827
5475
16006
13833
2047
22575
14893
27828
10761
7049
27005
37504
1252
5905
8737
31805
15558
39758
31642
9258
19398
14208
5709
1538
10991
25741
19938
23840
16758
256
35336
5056
17083
2010
26494
36790
16323
10874
10584
10306
35676
1993
2933
203
16148
5403
36372
496
3041
15088
9858
22669
9565
12620
13360
37058
19330
3241
34730
3465
10120
41738
37926
290
45328
1747
8230
33502
30183
3505
27620
38865
4652
12855
4127
18980
34207
23331
1455
13063
33006
26352
44368
15925
32832
22291
4637
18100
2428
39613
42929
21790
19
16530
7862
360
21733
4285
12956
16731
5561
27603
631
31712
17917
39137
15197
37858
35229
10515
2293
8517
18416
21674
2587
32542
33663
23108
17693
3558
20
22532
18588
30189
38858
29808
42187
10038
23724
15303
16322
21976
17119
14521
1221
25931
27347
19179
10775
20357
17038
18337
7560
12915
36967
2573
13242
880
37826
19482
13560
11591
34877
31698
28682
12574
4132
3910
7370
13008
5406
28263
8661
29019
29661
32490
21539
41879
1689
43840
20870
31114
14987
5927
35794
23969
14314
11176
17472
6670
38798
18217
8633
27857
24290
8815
24497
12998
2500
26723
18562
24961
3987
2485
16274
8277
27718
29700
3912
16951
3816
20468
35476
6887
25286
776
4101
15093
22511
12918
36838
6403
15759
1991
7900
24629
42299
15684
19778
22692
9213
16778
11674
41949
17015
24713
33799
24428
5267
3484
46830
11763
24285
40523
32711
3372
19190
8749
10971
16686
8349
11939
3591
18909
41208
18467
3248
24021
21390
6195
19708
10427
11715
6734
3291
4742
14528
20522
14332
6846
16337
11575
38156
40555
2291
11129
25819
6026
12908
24302
8027
20824
27733
9746
13608
8386
44731
18942
871
40094
11921
4172
6228
9877
5959
18652
8133
7924
40405
11388
37632
26029
22471
18995
20208
6933
39716
27503
21697
18114
19372
3882
30074
47736
15355
38816
13805
33801
27313
1157
22659
8332
2849
0
36091
43830
17339
22840
6435
24092
44914
1105
7800
34218
1327
15564
46866
4387
1590
44897
10280
32207
20414
1598
24317
14170
10323
22179
7818
7122
23180
32173
20460
3092
2675
6936
28354
20763
29193
34098
18859
18767
6270
13949
939
20417
19700
15919
14754
12191
42601
20705
1537
1394
8795
15335
33453
17332
43740
18588
2289
16233
42477
38719
14462
1449
5470
13511
5440
23361
43444
5334
3296
18585
32525
18932
41378
49780
35957
6455
29731
6694
6433
11654
31870
3790
17522
3361
13224
27188
21599
25160
21949
32213
5296
30184
35185
28887
14230
9097
8823
29943
23575
47597
33235
10779
26406
42
31793
7081
4032
11594
43601
6144
13644
566
21078
16918
21700
12907
19241
11610
19819
3721
22312
17335
14097
30988
12877
10810
22002
32505
6245
4603
16296
1808
187
21483
24708
12427
2747
563
19288
7071
20618
21618
18615
34414
6810
23865
15514
4154
20915
35158
11038
308
28671
12217
9497
13134
11449
17255
21321
2173
14992
15388
12020
920
15721
9064
10705
43781
28368
28647
21273
4601
29006
16822
13382
4124
19715
7494
21984
24999
9927
6769
1428
9053
1135
33765
3841
38147
5667
10558
10970
8022
19894
44881
5038
1390
9928
36511
3277
24481
13579
23006
26767
16694
34297
13010
37449
12832
17021
17665
8325
8927
7463
21795
1566
5657
34558
21141
13777
648
7957
39143
15341
10944
38453
22933
18817
34513
4068
29269
20028
12230
811
12720
21644
16487
19100
22441
20080
27529
25545
1399
20840
11348
29796
22816
8599
34005
17631
6443
6699
10582
1866
39507
14409
16794
6371
7582
33359
26822
40777
15369
1671
1035
18935
26052
8734
2106
49736
13300
5105
29835
10983
21856
23192
22560
43053
12294
7780
18466
11848
37866
5735
36379
24460
17059
16247
3861
16322
11030
1873
24954
24856
16088
34719
31332
9389
15415
22072
17894
9465
2648
8650
45373
35982
18980
37148
25150
17392
33704
6425
3573
15145
27740
35368
31164
33818
928
42475
8750
6553
6106
26949
3485
21875
493
490
847
40457
24540
2520
7628
20699
12022
23463
11105
21522
24075
152
21019
6495
532
41598
5188
989
13517
18206
4729
19842
12734
20574
13200
32432
20544
2478
4060
23561
8417
11710
9991
19544
20688
9273
16076
30775
431
13436
3698
33545
11260
9308
24119
12729
9358
5875
8845
27594
28859
24063
8638
35216
31793
13056
25788
29070
25045
28440
10256
26010
20167
13502
21347
24675
766
13629
1794
27361
10977
35141
42540
30259
33677
4138
19715
27897
7875
20778
198
12888
17553
11765
5348
13564
4698
2014
25421
925
13311
18775
9791
24423
49780
5286
16099
21835
24660
26006
6317
43486
15563
4255
13729
37816
3178
39278
30147
12495
17553
23482
8071
1283
45558
1366
27935
3095
17012
22298
3484
3376
22977
19547
11589
6971
5428
31942
11680
19468
325
13247
10068
40877
28087
5354
13293
45917
8622
43399
7513
9826
39326
32130
7709
37759
22476
46738
10996
22047
1247
19560
38557
14856
28634
6499
9615
4034
29458
27085
5944
13578
15903
30755
24180
17378
4049
26204
18162
25749
1235
20594
14186
25440
596
15064
7730
3018
15381
20358
4543
44295
13174
28976
456
14809
26145
7417
10186
33346
7532
14409
7331
6698
30953
10273
4398
16910
3950
17929
17354
22936
8472
13648
16202
9549
42409
14099
28098
13380
17530
2297
30924
18796
1300
39886
48928
4169
21626
4313
5633
17382
11244
2355
2283
445
8863
13171
12562
6486
3537
6398
16393
35166
12981
16304
4931
6501
10095
16838
3296
13463
12349
20846
13636
47150
8123
26454
6354
15152
25472
9790
12527
41002
45644
4827
7750
28047
38247
39406
2472
17723
13912
39114
32060
14914
1786
539
2084
6085
9806
3263
15553
10680
15877
3129
17048
16374
41141
4412
5252
10441
28487
2935
5370
13351
35460
29752
18221
5103
17069
12558
14566
13880
3461
1728
11765
10066
3464
35231
35197
20422
16560
5779
5364
1776
41025
20277
8526
12150
2842
20110
25436
12321
33465
30362
6377
7730
4914
39643
1195
11888
13951
4155
8609
559
3465
3605
10864
24871
2236
2896
29212
9328
12977
26776
3124
10695
3395
13077
31646
30547
24889
21261
28614
24283
20147
16511
20099
36780
28402
13503
39364
49158
14422
50495
17029
26005
9366
1063
13151
9275
31261
24334
477
23276
15046
17088
14124
38410
36284
12875
26034
4851
46283
21565
24005
16573
3044
20745
9463
8649
2551
2442
13357
816
12733
16761
20939
4464
22831
2087
5906
44342
28539
1784
2057
508
4634
20653
2219
12300
1818
28462
7072
34971
31106
40188
19069
31060
6840
22903
13922
554
16689
16084
14366
35039
11642
8851
10107
13064
539
3694
7118
25058
16433
19471
20145
41782
4899
34531
125
29382
42309
37378
5400
17808
16853
10082
17223
14858
219
125
4233
2953
7226
16383
12599
843
0
21916
36879
19422
4050
33619
30806
26465
6889
29984
10692
8423
18700
1877
10127
28722
19293
10696
20330
20825
15232
1525
27040
8511
17389
5915
6184
8643
2802
24454
19756
2397
40895
11505
2730
3747
35412
23725
11897
46230
33473
5719
24339
45948
3407
16368
6889
6651
26298
5268
10985
7504
798
13552
42829
7655
41978
15514
911
20527
6878
1373
12522
36539
16783
12845
17004
28160
10488
904
41566
6276
8897
8154
27272
30376
5859
11307
12698
5004
2502
4248
4966
1467
5209
1586
6933
21528
17737
13045
4880
14701
20231
11136
48258
23134
24775
29853
14286
4297
10216
33901
31202
826
4911
27955
11366
1655
13874
177
44536
4200
30150
39675
37352
9665
9295
26239
8851
3042
9276
8732
6486
4637
843
14852
23009
11391
39904
13551
18786
3844
7918
14392
7409
16778
2401
28446
7689
1740
20000
2677
16321
28274
5114
43987
31786
27609
11152
27098
4681
45962
2373
28179
13467
21335
16813
24995
16791
19345
24487
433
26758
45259
12222
1254
28645
653
12801
8255
6221
33453
32638
23863
29207
145
44480
42504
18685
13303
10445
9947
14368
5659
10433
9988
32809
6973
34333
21478
8876
47840
24124
17049
22933
29962
5144
24951
2353
10838
2133
32204
17377
31581
10447
2323
38474
36483
3053
41513
14783
23569
17003
26740
19886
8936
35997
19854
15660
30278
3628
10971
15516
3967
5213
12802
18933
878
4339
3010
17666
15115
6699
15672
41457
39960
36735
42295
917
25066
44782
30717
6708
15464
5948
4684
3303
11073
13360
31032
19493
21766
23126
20697
24012
21033
21300
880
684
28451
24819
9925
335
11223
15241
3422
16067
11902
34094
5949
17524
5050
1669
15429
5052
26825
18669
2611
6678
23428
4240
10520
1002
13138
33073
4384
18414
2543
22723
27228
44107
2702
14309
37722
11828
17187
21693
18684
5317
32576
5183
32589
10002
3376
13858
18989
16390
18537
96
10699
10000
31556
21581
1645
4203
22979
16765
29434
25632
15723
11365
36521
25078
19093
19033
7202
33292
11032
11323
39514
42399
8636
4643
4296
44100
9699
8734
3614
28201
29703
5264
10998
4454
6039
16911
45904
26626
7024
3514
16249
16991
10689
11280
207
3649
7988
36146
44736
10001
23317
6933
3541
871
7092
25129
7248
8539
8392
1520
2894
4771
14354
42545
32644
29040
7688
21621
1993
39350
13634
18041
24697
2882
32573
9386
38758
28473
29629
29358
4114
23835
33612
1665
11329
19081
13338
41927
24481
7408
20805
31843
11312
11555
3034
8111
28817
38466
1825
13139
46867
8036
8668
12573
6022
5026
45465
31105
1295
33533
7571
31159
20176
31157
4015
10766
3999
16017
18100
20627
12200
14017
28991
35834
1433
25459
543
21934
27979
11725
19004
2292
23568
33760
22273
5013
33281
17685
31260
9054
5038
9968
1919
15937
12378
2808
6343
30825
32163
10483
26291
13265
5072
6932
4388
17454
8618
26528
32198
14901
7259
13837
3100
16027
5474
36695
18536
7412
28658
40274
1079
13433
14214
14408
20672
28094
19302
27439
790
12030
23685
4140
8077
12975
12577
9246
4333
37660
35162
18964
12401
29511
2062
15702
19936
453
9056
28345
1337
20593
49979
14851
3637
23403
12962
6276
13817
22462
33154
15452
35041
13410
194
40032
25712
1130
4398
4908
15559
36683
17321
2954
20722
30109
18739
19182
41112
48224
17546
4947
135
16185
17442
9451
28719
15123
23844
20167
28542
11395
4496
3321
43923
19538
13219
996
28488
7635
19127
21394
14346
1598
21679
