381
170
164
2187
900
456
3465
480
2080
4399
14
3353
1636
2316
2922
12
1658
1731
267
1588
3269
3272
1988
1269
1601
2371
3703
3416
5489
5292
6644
6470
3549
207
1683
8238
1267
4016
6802
7753
253
1408
5598
3196
1852
1504
3258
12755
2080
4150
10328
4575
8605
4547
3829
4962
13316
6610
11659
12448
10845
4672
3743
2870
9972
11345
8595
10879
1346
1807
10663
3464
5331
8720
3598
3893
2756
8892
2153
5126
7880
1904
288
102
10230
8056
13931
669
3320
7402
11302
673
4547
8872
11700
9602
3647
4387
2174
15375
13614
4450
1626
1693
1267
7526
1831
2941
473
4904
11844
5654
792
11830
8054
12303
522
14291
2410
14175
416
17015
14498
1338
15852
8024
10450
6489
5094
19376
2063
18070
9165
5121
11176
4696
5486
2683
1104
1071
7895
768
9209
5183
13193
1829
24012
4819
2619
1390
12945
13114
12468
698
3432
37
5388
18991
19214
509
11546
6154
7246
11520
1593
8106
7516
4396
4881
5066
15846
13452
697
397
8589
678
5452
9362
20452
6213
21432
14706
24172
1380
18173
8752
13644
15863
6090
12714
14075
26150
24968
10367
10370
955
19024
2040
22008
8112
9679
6205
6282
7943
5813
8707
9913
9269
4088
12913
15010
25090
3620
23835
5507
18549
21493
26617
6329
69
14276
1501
6342
13806
3358
2033
20893
21608
16370
6097
968
8529
10928
2247
1558
19586
203
8104
8740
11969
3873
27564
4040
6237
4458
7560
8411
13976
7692
15323
692
7145
5645
4058
12617
6553
2125
7032
4547
13312
30465
4024
12409
20683
27559
19991
10342
27931
4222
24066
14918
13567
12093
7973
20113
15053
11307
11509
19688
9851
19314
2191
20500
3924
22494
6133
7080
9671
5427
306
16331
25940
8819
23383
18032
420
7874
29684
19546
413
19522
7780
15364
7914
1962
20463
16388
27484
12956
25561
15339
27577
25019
2708
5383
26521
2630
15926
3120
27108
21949
4647
25213
20840
13225
3601
10821
7054
358
8840
23927
1813
19315
1480
1906
26559
24789
828
8122
74
18007
24115
6236
11417
4285
12742
9669
19388
2399
11667
22052
10344
21834
11194
13837
28052
8511
18668
15601
12247
18530
25978
16719
999
1652
21215
3219
219
11457
5249
1530
341
21003
4364
8188
5342
11013
12725
10510
17909
6268
2917
2111
2773
6366
15943
2829
28137
22904
8355
15558
158
863
13610
2613
2611
1162
8042
5107
3644
22637
18030
30196
15149
16052
21136
187
5349
10490
9505
13581
1969
6695
21907
31865
23456
18724
16494
1206
6130
4909
20485
33952
37420
2315
2537
28628
1788
20701
5744
11462
3028
13939
9504
26555
16115
674
4117
18315
9153
7528
28102
4130
22460
265
11045
3959
12226
26891
3412
16480
6061
8703
20564
20890
3942
10277
4894
4777
13065
8022
15000
30852
10880
3725
2045
4400
15362
13838
3233
6881
30182
5296
18060
10108
16408
8741
27096
637
16687
5481
21993
28970
14234
6120
16864
10735
919
20820
21949
13674
19574
17389
2942
3577
6119
15557
25325
33299
4404
6100
18613
31379
27937
3458
2485
8866
13213
1276
2798
1047
10041
3452
14668
315
15650
6684
18871
28437
2721
3438
7261
4346
5929
1342
2521
29557
16576
7230
3
14144
22932
3856
11497
20987
8281
8628
4231
25174
22917
29776
27656
15335
5527
2175
18889
20087
10518
15228
12078
25924
24810
19286
2277
6831
8015
9221
2785
34008
17250
12872
426
9650
8530
4236
24233
14786
20572
6781
9952
22359
9900
13861
15925
16480
3231
25795
1520
20989
353
14748
22140
9825
13546
2515
19247
32467
26658
10635
7047
32043
11855
19409
12666
31060
7775
11809
7331
3886
8024
5658
1409
12803
16108
28534
11752
13901
21089
12166
25482
25288
13147
3505
41374
20797
196
28842
5801
4703
20588
16878
26791
16485
4119
4234
12874
37421
2798
18675
10641
22877
19193
28480
8177
6131
22649
23002
1084
9059
2690
1963
35789
7179
2145
3551
23439
8980
13849
7231
31447
2857
8752
10844
11375
25894
4300
21436
25262
22022
10868
5878
13837
5047
2237
12280
10262
1767
7453
2195
12631
20024
5902
130
20403
3175
27737
12365
25650
3260
14999
7527
40807
32351
19690
30434
8805
496
12404
30488
3268
19677
2321
3973
4105
5836
8450
5921
3099
10214
19860
33367
21132
24780
1899
8105
28805
24167
23874
13383
10050
28597
12210
23200
23628
11779
2369
22956
30397
1916
30086
25348
12557
22347
17229
28096
7857
34546
6748
21420
10530
24714
14244
25948
13597
5658
33144
18730
4237
16270
7196
1421
12504
17934
16597
676
17135
30649
13272
35059
2198
31201
3363
9238
28254
2458
4787
9735
22070
3258
19793
19507
27344
7620
19893
24479
1781
2556
11872
15780
2403
8822
37968
4374
18114
38082
23150
5675
1362
9050
23271
22227
4121
12111
25823
9811
14232
6201
35552
1373
2719
2746
22756
15854
21986
1229
16716
29552
6659
248
2189
33754
13283
21838
21602
36812
18120
20556
28754
4496
1169
1166
36913
13067
673
3563
10247
33312
13490
14605
952
4718
15158
32953
639
22666
34012
31314
7600
4482
25115
32361
12898
5371
11935
27809
16366
34456
6702
14921
14695
3185
22466
16766
9818
29988
14224
10375
11501
40660
17702
26664
6413
12294
9633
13936
5005
42495
15237
4380
14793
37135
4715
38335
20309
2121
13449
23252
5668
13004
32797
25602
5111
29699
481
24201
6422
7101
1613
12645
4452
17810
3174
7878
18391
8161
20222
4099
6507
9257
20885
2651
6578
18315
9130
12507
6345
10772
2217
26556
32689
8885
25792
14197
21853
17955
27141
34404
2350
27520
22342
1748
29921
14779
10562
41749
7073
23208
7496
24522
17391
31634
958
13709
27866
9129
14861
6587
1270
29761
14762
19785
32860
23299
16909
30963
3710
20504
2690
12213
2950
26534
40559
13146
7610
2646
17992
2300
4393
16936
7192
40601
23445
18562
13775
17129
17142
15226
1226
15553
34999
13704
5295
2963
25125
22574
29521
8404
29065
5291
7610
538
10537
38340
21333
20491
8267
3530
13634
17190
11349
34587
33710
19928
16607
31427
28243
29568
21152
950
34844
32298
2742
12759
35680
27111
854
1911
5783
10570
38237
2889
6138
15466
59
31026
7315
1328
13567
19779
10282
7152
10133
2204
5677
14633
10464
2792
7040
21122
35382
27975
2870
23814
6990
14765
3234
5629
26623
39839
11101
8611
1000
9165
24902
1681
31083
13330
7535
12241
10342
28987
22259
12735
10290
34979
17075
3701
2636
7477
2790
7267
12786
23005
9349
20123
867
17175
5413
22527
2901
15405
19983
11652
21615
12482
733
6335
13731
4811
28285
24357
42602
29401
35754
42707
33059
11784
35699
107
26582
5436
20789
31931
30822
16594
27890
23923
6179
25226
14972
13412
11119
9446
20533
33449
20391
28614
33175
7226
4533
3721
8939
3435
586
32494
21492
21045
11774
2706
9299
1600
16898
21630
38766
1765
16683
2857
34444
16908
1914
42672
28842
7251
3227
23868
33125
16173
6049
11129
23675
33893
32418
1418
28241
5140
13935
10392
26337
15915
31245
16391
31289
20997
1948
19947
3558
28991
12741
37292
39567
21569
8949
8498
6367
34515
40605
8156
16901
33275
28467
1085
703
28685
27439
23787
21379
17186
3685
5034
18858
27985
10931
15932
11314
20652
15689
20453
33019
766
10418
19946
40183
23159
4821
29457
12934
2802
40159
7353
15578
2283
8973
2976
3278
7897
7660
7363
615
10560
24284
14906
13464
40055
3069
24554
20425
21808
20920
15538
371
8600
22537
21843
21101
13199
33938
19604
14091
14198
5712
19286
22716
20175
435
22822
6158
6494
6779
742
37277
30875
10886
15032
17069
40389
22853
2171
6917
13675
34338
14455
22790
22161
38823
25610
23804
16120
11768
18341
5921
10130
8652
2655
14877
1842
32765
1506
14664
26251
21359
29319
23630
37064
14686
643
4805
2157
34086
15398
3654
19136
34026
7764
16098
2462
33576
4948
168
9408
1488
10970
22952
40317
985
11249
4379
7539
11611
18581
29423
26025
11659
35089
12059
6907
10511
19215
14102
18372
18664
17023
7342
20315
31078
7890
29117
15792
608
29177
754
31523
4831
36950
1700
3065
15449
14036
12107
198
4458
26296
12427
12137
36593
5052
3727
4417
23780
328
14436
5043
19190
29973
22794
5644
2607
4471
13435
24763
28320
641
33832
22456
1111
11990
1991
15704
12701
673
3511
7782
18967
24557
4568
2176
38813
8630
10362
32717
29634
39664
8544
31790
18399
30536
2772
3755
3288
4183
13536
10732
44921
3825
3527
13046
9930
1414
33704
18534
35113
18441
5517
10851
37660
3436
30972
27911
11201
5877
38821
6035
887
18574
335
25363
17991
3931
46414
11386
8833
9543
10844
6637
9257
15499
4560
14034
2657
6866
16681
18622
1283
7733
10785
4188
18398
26428
19093
24851
19397
17924
10877
7974
6105
3696
43652
13987
4357
36098
44849
28845
35335
34526
29114
29877
33348
995
10032
5603
34475
1726
27439
36159
14482
806
19516
23805
16499
1415
40901
43150
6910
4448
9317
17908
39619
14026
23910
3307
2683
25668
2833
1999
35695
18727
31939
30897
9018
3552
1226
30962
24282
14916
40488
4498
23560
24004
16125
4584
17136
10799
8729
2772
706
9088
11661
1720
2157
23941
17566
35240
2702
16829
5835
11609
5930
45209
19517
17185
25121
8250
25496
2990
2975
29356
22329
41198
66
28255
12145
25498
7348
10404
15970
27764
35262
32219
4717
21485
10938
1862
33024
5610
3763
18646
16558
3475
10230
8100
33559
9420
38906
12943
6690
40784
11101
27925
15260
28057
20605
1001
9953
15610
34477
31971
5263
22348
9972
29110
7948
2014
19383
36369
39888
9185
28712
25438
13082
1664
5691
34036
37647
34313
28329
7387
3845
23945
22947
8605
6233
10500
4687
683
17594
1985
25170
17934
25177
36671
31758
44739
30080
5712
23206
34842
23347
21258
38279
28087
7752
15592
20853
11823
6500
25122
45356
25951
9467
28318
14543
10311
8383
40315
3697
30994
22144
22682
27192
4992
14184
41075
657
30
21118
4367
30271
4538
14370
24759
14525
27472
24479
39603
8561
12705
2995
10401
2140
13398
12503
11881
4153
9299
20359
32344
26636
815
17462
4909
35278
24315
3598
33371
349
7371
38659
29179
39901
28979
770
36924
35566
17791
30795
5804
4127
6191
25920
3727
13072
34971
16438
32779
1299
2811
45038
24517
11384
12109
13613
35569
38274
11862
39667
23274
13154
1258
9664
15168
23231
90
19423
8946
20026
2280
39280
43266
3385
29527
202
9930
23302
14584
11115
36172
1239
41233
20158
25280
19713
6224
6354
838
3626
12138
11543
21187
8075
30994
9632
31177
15083
25429
18011
11637
3225
22496
14627
6350
7496
8793
19096
10515
5582
5188
2903
3923
2761
19599
13699
11451
8685
7285
35073
10835
10887
1141
9920
26635
1041
3170
3844
16831
0
2333
40853
21707
29772
26008
19077
18764
11143
18547
25211
38094
10656
17532
23737
1621
18514
15734
18987
711
9651
17602
18279
27989
9571
4115
4633
16537
4874
19115
2247
40038
20583
24244
5257
2201
6059
21916
30654
25185
903
6
6461
4373
14401
313
1722
11047
38292
18873
9575
21019
39988
27269
12844
10058
7749
21942
33581
35196
34356
6746
9828
21108
2151
3468
22230
11493
12442
11646
4560
18041
8695
7555
9240
44102
9824
15674
38573
31926
16211
14267
3798
18110
10218
18661
23124
24264
9099
213
32400
20633
35682
23873
20279
15889
23247
27607
12567
1059
17907
3424
12199
11769
25366
23935
8028
14650
16323
11580
22096
2511
12420
31771
23725
14892
18266
5480
14772
22144
10668
8385
82
26090
6251
6272
17301
12082
26322
25543
3406
41769
13341
9760
1211
25431
37015
5405
23435
6755
21957
24179
45967
5606
1502
9472
3919
23312
42053
18956
34846
16181
17840
26026
681
35801
5606
34639
17070
1088
1403
26885
18030
8220
9816
5631
23882
883
16061
1769
5258
4187
9091
12954
23174
6552
6113
9338
3882
4652
9215
40922
437
9555
20233
32023
42535
18072
23023
1457
11212
28965
5089
13407
5176
18415
15251
38894
18861
38024
6747
11514
3118
13223
14867
1138
18410
4759
3694
33571
23332
29624
10512
1336
26681
28059
15237
13712
4923
61
16711
20547
3426
4423
10966
11493
18363
13005
21282
2194
27842
15097
14345
8002
8201
7409
35977
12010
16863
16339
14585
9603
35391
21400
13
10801
11454
16508
44795
30539
26575
27480
3736
15256
14843
4912
12356
16844
20982
13034
577
29326
1914
7464
33951
25296
13005
16211
36
22022
27663
18590
6960
15520
27128
3116
18938
33805
3452
14912
16027
8224
4514
19437
21369
32909
752
9013
20998
32267
6617
23615
14919
7226
12727
32987
39391
42845
9325
13235
1700
25858
22784
5694
19156
6861
3156
24895
1769
46538
46643
23985
3179
19735
20014
43690
14722
6721
15555
6059
33050
13767
13813
6666
18017
26338
24349
4519
2406
5949
9658
43092
18171
2682
4760
12916
32421
4085
25649
5491
31324
38829
2138
15044
25378
33940
30434
1808
9656
32188
2
394
14225
2417
45841
4100
22713
17293
1704
32168
12146
25533
17349
31827
42393
4911
10839
13667
12575
39313
10864
26850
26697
8044
9281
5277
14302
30308
8771
3201
3426
8693
6932
20357
26754
8210
135
4011
1087
17428
5457
15594
27151
12646
16036
4645
19924
45159
1725
9797
5328
2735
12758
5904
24805
15586
34579
32731
3507
11362
968
19330
27324
1489
14792
5042
31420
3692
21336
514
14615
16784
26110
3359
35633
45535
31945
2227
19008
12194
25553
21051
11162
27457
38956
23703
16974
6370
22101
36424
39058
9622
43605
492
32276
11264
2917
2086
2134
28811
16776
6916
25946
1614
30081
5637
9739
1138
5561
1667
3609
31557
29475
6098
17241
569
19877
2724
24239
24743
14628
19005
29755
12692
21206
15150
9457
2178
22642
18662
10716
2166
17367
39482
0
17284
7405
40978
3943
4994
25855
2025
9217
7749
3135
6328
6025
27754
3621
6936
14628
5335
30442
2393
14015
27157
9249
18902
3384
10160
32069
1744
11054
34514
13561
10418
32226
18996
23088
24022
16997
17111
5726
14930
16129
17332
11148
5920
25695
2394
34596
4142
3744
13285
41232
11334
20901
23880
479
7734
3595
25983
7744
34142
22088
1834
8351
26428
4711
21751
5349
31088
32513
16796
879
2874
1637
27431
16738
33250
25060
4093
15434
122
25214
20021
37453
1550
19734
37454
19311
14583
22640
3321
12416
9490
14094
10515
1168
1983
19095
1522
33076
220
18735
3298
17393
13942
13051
2870
36305
12275
3422
10110
12395
21293
19996
25632
19947
19534
18558
24810
20643
3589
4436
7090
11736
9488
19048
3131
4910
33685
2692
10653
21006
16441
3915
36770
22625
2733
3051
699
28665
33185
29781
39926
870
5191
26569
23156
6010
20643
16716
12683
25603
18338
30699
17104
20657
19397
14706
6992
10004
26738
6546
3609
33379
21470
23371
16600
28202
9462
8606
7449
3083
3939
40395
3139
18182
21938
16084
28990
7512
31193
18063
29589
36067
30967
4127
34970
59
26458
20446
18016
13612
7044
653
29483
19015
28021
27280
2384
11369
5380
11671
14855
4178
491
32555
313
18916
23380
16290
9951
39183
1550
26866
3554
8652
23206
27785
7342
31897
2174
11765
14329
287
47876
37506
39413
6826
7148
23072
10820
2725
2436
14928
14764
41126
27074
18068
7378
34502
7607
30132
15687
35943
35445
37650
13426
7252
152
23000
17935
4416
1830
12442
2785
25321
45663
23718
10920
19008
15292
41256
6101
22891
10887
6910
9952
2884
5689
1155
13449
9741
26048
30696
4705
325
24250
20600
619
19602
5687
176
22070
13080
742
27026
4985
17837
23473
17363
32000
3476
13232
23219
21713
11897
2480
31797
2924
10355
31027
6871
25857
36205
26116
6747
17298
18671
24307
19533
5375
11684
22965
629
23189
7053
24381
13227
3116
31377
10153
8067
4704
3408
1452
2150
6760
356
38058
11075
989
29174
8118
971
14528
16229
4803
29294
32921
742
9874
5883
7683
32865
19378
10888
29498
40862
4628
4442
22333
2751
29202
8131
4225
31072
17833
17361
6520
4044
14845
9812
35375
5056
20575
18643
25461
40273
24196
6307
15497
5564
18654
27282
9354
24468
22084
264
17477
2169
21601
14421
1768
8127
18691
2484
380
1490
424
25037
18674
438
28379
28984
458
26602
5136
33672
28182
4673
13005
40134
11962
2968
30706
24227
11374
27742
30415
42627
22744
12475
28752
7159
41906
25273
1367
6888
7804
6807
15288
11374
24976
25461
9091
19900
2508
12477
11692
32900
43434
2290
35336
29827
22775
23647
18157
31860
32431
23669
4435
1857
1679
3189
7301
36224
27374
12133
44460
5098
19240
17388
29105
19126
8019
2700
30106
21526
10196
24360
13353
3126
1432
331
36239
18466
18009
5181
12012
4591
33936
10959
8192
22829
6616
17753
20255
34573
5323
16031
5011
11573
15334
7350
31470
27797
32416
16123
6785
20474
19794
11350
19239
10374
15620
38667
34737
1703
15180
14152
16657
21389
20035
9648
26632
38064
11334
7679
5489
7507
8869
11376
3900
25041
3663
41012
3231
359
15847
23130
21764
10791
372
15934
13028
12504
5854
13185
7187
1032
32856
9793
14179
26613
14316
15993
4583
21722
33126
35160
5749
40965
4548
42189
4980
416
5145
17746
19932
559
4637
41632
11582
8584
4237
2382
38813
3329
11683
27261
38304
25258
8711
15677
24445
30488
4763
3832
2205
29176
21823
8143
22007
1230
9638
12378
23112
26583
9334
18227
19737
22638
10419
28198
12045
1089
13817
39826
5321
1995
19339
2420
19484
31928
16847
13435
21580
8519
11707
28134
10664
7352
22637
10046
683
25475
12887
2433
25024
4833
26727
15256
14078
22093
24260
22799
18183
672
4699
3292
33517
17264
1452
17560
1205
21413
13594
8302
12253
1773
7186
41444
21833
12736
7866
32946
4792
27056
21557
11676
3296
10613
38468
17341
9794
253
28393
18884
13784
25085
4935
37436
1598
18120
11118
7383
9765
20716
2144
24733
18303
20318
4090
24476
24966
1309
37270
35112
1277
4565
35612
22473
14187
30927
23845
36454
6799
5028
13084
29265
45297
13813
18093
21383
15022
23842
16344
15342
36125
20549
24860
1698
30490
38230
9069
2700
13538
9046
8548
16164
12412
35758
3772
15159
12902
16204
27626
15336
2364
9255
21090
20694
8300
5089
1283
23455
17727
4987
26034
19959
20199
4931
11317
11367
31449
7601
998
9027
18444
1037
620
40302
11002
5530
28760
12141
15786
24686
21603
4406
10733
16711
6276
5909
298
26302
4353
19737
19335
9420
23854
22680
19838
2981
8140
5391
34730
2192
21772
40099
32155
41661
8322
26593
25053
3988
3488
5001
17389
12731
16480
33761
35861
6757
8624
8366
19289
16895
2996
19817
21299
41358
16804
26291
7254
1273
6377
35401
5672
31821
7342
11239
6347
2067
25666
31364
6215
3337
23007
6504
27437
36492
5348
28658
685
7781
20428
27077
31691
2256
6030
24019
6896
37246
15964
31091
31809
21208
2717
3321
19275
12483
9537
17143
45313
8390
23791
40595
22486
21177
17803
26368
24632
14737
18074
18562
3391
16612
9496
1806
40748
21735
17367
36771
6285
20718
3229
5992
10726
9021
8175
27058
7722
849
39539
2795
21776
27376
28064
