6419
3723
11634
19067
666
3521
2935
13535
1687
5696
285
15181
7392
229
9695
5662
9729
9505
11545
8409
4619
3213
34080
15049
3233
1162
13223
8003
19083
13504
3825
1082
9727
1328
5331
17890
15565
3829
5330
8504
5270
8601
9964
5764
7261
1544
15393
14264
1398
3863
3878
262
1830
7647
1801
6751
1681
15175
1643
10792
16560
19344
16699
15783
6360
4555
3184
647
2419
9199
3707
2143
191
23602
6230
9672
15449
1861
79
8146
7826
1462
9316
5422
907
6664
2895
9249
15595
6035
705
4224
998
7661
260
11434
1682
16892
10970
3982
3036
6479
5940
685
1484
10097
5443
4455
6708
1804
2899
4091
8756
2997
18779
5702
6024
1364
3613
8073
7463
11468
227
14718
14206
1885
11576
17638
8787
2048
9534
12917
3749
3963
7067
15169
5500
11882
3547
2424
14724
5192
10925
8268
11463
3510
5376
3833
4676
408
10939
156
7376
21802
1548
4667
662
975
18353
144
2385
10922
3551
2223
5258
13652
13333
3062
14498
4612
8894
415
2004
10816
1492
7782
936
339
653
15561
5568
6236
4653
10269
2156
7333
20524
6192
2236
1020
1063
795
11237
17185
3189
5951
9695
5978
5401
22772
14298
22273
4848
19343
7795
26294
9694
6955
17291
7044
1868
1926
3832
14706
3289
7231
10792
6890
1542
4167
10200
5533
15470
8249
748
1857
8267
14426
8949
3020
8730
5067
2063
10154
1856
9518
1983
13086
10653
3644
6005
8959
4251
5061
14934
2478
5402
21585
4289
3476
11949
17718
14762
21629
2703
7133
7731
9435
11551
1024
6412
328
935
5067
468
9213
9173
165
266
5213
6998
4256
116
3263
15382
7136
13291
2450
6713
4768
371
6364
6301
17445
2734
17119
8805
4847
1263
591
19651
887
1465
5972
1157
7566
15445
11528
10900
17598
17076
6362
3693
2187
13922
6173
550
21510
4090
6491
5261
5536
5138
3200
2612
10081
11458
2262
11403
2595
15345
1216
3587
19544
7617
7839
2593
1257
11260
3732
12283
8745
6871
16126
31847
2248
12258
2679
8645
4943
7279
9155
9424
11344
1014
2250
6863
8838
15742
15042
15090
8141
3816
5019
1719
22607
9748
12236
4744
10266
9604
727
14575
9122
14334
3582
17593
4953
7697
10665
13910
5664
16914
2979
10314
4728
27251
10660
8955
8486
1783
15237
7630
10005
5409
7998
8884
11629
22101
2849
13093
6374
9692
6012
617
684
1901
2889
7117
5396
7987
3049
10938
5034
3462
8911
9737
11148
3146
20204
28285
9615
87
2109
2106
15703
1039
966
13086
2043
5157
10491
29525
8969
3254
11882
13664
437
7215
5538
7682
505
14131
7751
9086
3681
9943
8736
10256
12129
6761
7835
9526
8028
4446
4638
4291
4685
633
18967
4794
2
10525
2982
10815
1992
4106
8995
1485
3747
4897
30
9044
3193
1829
11271
12484
656
1450
10557
6895
7485
2032
17248
8958
17611
4209
10852
11743
5955
34
4156
1099
7146
230
10466
15671
6003
4313
7476
1790
14296
8510
8311
23430
4980
1155
2678
6820
4838
2763
4426
23814
22916
8371
1207
25961
2513
913
5092
4759
1352
5681
6802
8382
5215
7886
13132
8549
5173
15240
3718
10642
4461
4730
12080
2005
8927
1985
6700
16209
2223
128
8138
20942
6907
13010
4244
1480
5730
1083
9028
2799
13131
3736
3973
13368
16003
6748
1319
13829
12644
1991
3927
7054
251
15068
1234
12752
2773
5041
4293
2598
5467
8050
3302
8785
249
2774
11551
5251
12663
12588
2786
3815
10899
2119
4327
13812
9189
12990
12991
7974
9556
4188
3738
8329
5097
3286
11610
19114
1599
22312
14688
6752
20642
8811
7270
9657
10661
21315
3985
3202
16673
16702
1563
2175
3057
4318
6344
2311
15852
5073
20316
26548
4760
15730
7124
18167
345
11389
4009
3937
653
15960
2301
8026
5003
7674
3169
6283
19948
8819
5605
10364
1704
14227
7694
10523
10489
3156
18349
3205
6164
2019
10340
5054
16565
15720
3580
3165
6535
3637
7639
1092
8363
9817
13689
26503
10521
1239
4719
16307
13320
14118
4124
8818
45
2566
2423
3612
3136
11538
613
2930
2868
14030
1518
9194
1373
20816
12569
17166
8839
984
15199
7563
6898
6605
5137
7816
13069
2972
11005
1289
10970
31159
4273
4826
3627
13844
1632
5015
14808
14783
4036
12566
12054
361
5641
6734
808
12570
17330
10418
16919
7004
11470
837
20823
2674
20633
274
2531
873
2631
18859
10442
9126
2577
10264
11627
10165
74
701
14518
5238
6564
9943
13209
1535
5678
3134
2903
16525
1350
4094
5532
8016
5213
2882
4417
1704
18565
958
7553
6552
2393
875
10813
2497
971
904
6481
1023
11044
2
10402
6426
1045
7015
4765
5257
1925
2496
2563
1884
5227
7637
24071
16255
5003
6756
1268
6562
10558
19420
6887
7627
18195
1290
12896
16343
5336
4311
12473
15427
10327
9346
4856
8301
16155
10126
15073
7672
2050
11178
7119
5389
8692
6537
6723
11271
20814
14820
11346
4593
6209
10966
14384
1754
1310
5522
9505
9035
2417
8654
10925
8185
6056
4860
5346
25140
8484
4219
8780
4344
7298
8392
7581
8818
869
15695
7722
849
15159
27784
7695
8128
16198
11185
5200
20602
3747
9024
10361
9704
3765
4459
6461
16224
8506
621
4399
11741
5424
11901
19948
9458
1564
3974
4684
3341
3781
7563
5550
4540
1757
5130
6422
3709
9081
14573
2572
13072
2418
4182
243
5480
15081
9131
19145
23399
556
3269
1611
5433
2770
6865
10103
7870
1686
9041
799
17944
6073
5047
1933
14291
1483
14630
13986
13654
6239
15671
968
2567
11798
5176
2810
9644
18995
14793
19371
583
9060
5301
14009
10355
7784
18111
10528
17316
5433
8048
13172
6431
1010
17472
79
980
2779
12588
1677
20970
2209
3194
6114
10898
9485
569
5905
18957
1537
12915
9710
2520
3838
9600
13866
6420
4886
1504
13788
9483
5491
654
2957
11673
3678
29453
8443
9742
3752
2863
2924
2969
3854
10820
1469
10228
11164
14414
1823
1461
775
24855
15868
1433
24868
777
2397
6505
8262
4261
27169
19022
4405
1256
8584
669
21214
15352
8719
41
15431
3084
10161
2433
3870
2013
5306
10582
7030
10886
7940
13258
2141
5644
14590
12927
4605
13288
7096
11966
21462
12525
2613
653
12290
4205
12013
7060
5268
14342
10523
5312
1699
7150
2011
12486
11366
1352
6625
8802
14447
11364
14596
7720
16994
2566
9419
10580
15457
15936
5046
16315
18071
14660
4967
4482
2062
15474
2082
14337
13555
4793
1836
1545
8091
9919
4284
3510
12302
10548
2653
8597
22462
45
9948
4947
11606
3429
3172
2902
11741
10968
16407
3748
85
8148
413
6842
11130
6316
11227
3185
13398
12289
511
5298
1869
10281
2129
18326
5671
14048
1373
3224
19838
12593
11775
10416
1104
4253
10579
19803
7482
131
7478
1908
19252
10562
5965
17132
19197
9380
4932
2841
2742
20048
749
12697
6366
13201
11862
8886
10781
17129
9318
1945
2857
8222
2542
9768
3789
6733
842
12252
1484
4370
712
10657
8543
1052
8681
3884
7989
15452
4435
8604
3112
8015
17645
7030
1485
16870
1618
2838
15644
18084
18137
7437
8673
10942
12622
9576
4190
8345
5763
9590
6434
3531
1113
6082
2043
9103
1455
8502
7774
19693
3782
4685
5341
9110
7756
11261
9507
8733
17426
4034
3665
5970
584
15711
2472
4701
7168
1380
10756
11717
8958
4070
15969
10442
9531
4762
2690
14032
2189
8062
8940
1421
6161
10654
2771
1304
16190
9013
3123
3606
845
9770
115
1376
309
22616
17511
9775
6702
2911
26398
4926
28243
11987
3124
12911
780
11994
111
4395
11493
19637
559
21
7150
14452
10072
18685
1898
9241
17071
5832
6179
3231
12322
14112
3478
2813
5801
4563
682
9659
764
20389
19548
12035
4663
151
11580
5487
2114
363
6250
3112
1928
14696
15141
7716
13489
4098
7756
7527
19948
6268
3891
5156
5984
1622
5519
8044
198
8204
18336
14017
31345
13555
2509
3809
22899
11026
18288
3683
9681
13442
12291
14820
6197
11143
6909
594
7870
1295
8106
4554
3670
15490
21253
8224
2805
15176
6570
8889
2855
10083
13172
3614
12204
5048
5443
11507
2491
7167
3325
5923
8438
3853
14338
27753
3087
9915
20377
9691
2095
7934
9450
11640
9552
1852
7344
11496
12476
2822
677
7359
9861
1604
5454
561
12495
238
1736
8926
7738
15245
4383
3387
14962
9093
2890
12427
625
7534
19433
10196
1174
430
26730
20086
14615
13903
2253
13979
7448
20285
5964
4665
13431
18
12550
21626
3357
6547
1551
1180
19148
25189
1177
5028
5438
951
5999
20619
12009
9222
9613
6391
12027
3283
7830
1784
18234
15098
15540
10812
10200
674
15763
8417
7774
13628
405
16212
2603
5071
3699
2551
12824
12934
13744
2004
11492
22325
6194
5922
18486
53
7681
3853
1603
21125
8170
3337
9419
20215
4991
5331
10457
12059
14098
11535
13897
11729
8724
388
2927
12854
16041
1947
4732
14073
2494
13894
16407
18717
10890
16263
1392
16282
1660
5878
11542
2125
3371
2469
4908
13613
14831
123
15881
5819
6831
12448
1941
13051
6137
3791
20744
123
2718
11916
2882
9530
4402
14403
10955
13220
14794
6584
3771
3227
16192
14593
2007
4277
6087
4881
6329
191
2483
10436
8107
645
14034
10167
290
16
6787
8596
14243
9628
2612
1526
9024
464
6797
1585
15584
8238
30
8049
19949
12198
15225
16271
3043
6079
5048
1498
5873
12105
11792
3115
2378
14683
25154
1413
21368
17037
11513
493
7076
10021
9661
6859
22235
13744
2505
2502
1493
8079
1809
2151
8408
15042
2744
13715
21220
17675
19489
10341
17617
20604
12791
12480
690
5599
2873
1899
2867
17889
7219
5210
14780
3220
2950
7548
19910
10828
1724
2250
5661
231
8455
3463
1767
16626
7302
2385
15514
11210
7919
7770
5004
19535
1148
3399
16285
5331
7191
3251
14684
16858
7994
4296
22612
8421
18493
5364
3550
4622
4042
10526
8650
195
22984
6809
5734
4934
9478
8207
1576
13927
4137
6329
13430
12461
7944
5768
5811
6953
9995
6589
1942
17920
13462
6214
2682
964
7723
985
5432
20219
5386
12770
14335
1990
7939
5476
12667
6796
7218
10765
4080
2979
5252
3960
5701
6538
3710
12701
14723
14427
19189
5597
8078
624
15042
7780
11388
7951
11078
11308
1674
11316
12892
2492
6318
15191
13236
7187
7115
8559
14581
7542
20029
471
5768
2924
7687
13663
8650
8670
10726
11616
20000
3032
2384
13162
9501
1331
9894
5119
46
396
9066
10950
2400
9167
7834
1811
9319
457
5004
1510
17275
9383
580
7770
3843
10870
5549
8548
5270
6346
4441
20360
1831
4235
5510
13482
8834
11106
1016
9679
10826
11003
14720
3260
1793
15009
8991
1447
716
17967
35
10449
8176
15122
3846
369
4525
17040
10718
5521
8344
22550
5628
1262
10494
15557
3108
12693
6659
5822
10653
12104
6557
8419
3916
3420
3258
2373
14526
7762
11848
7073
9622
7281
8939
10253
8124
4168
10372
7795
5487
15797
9779
9833
433
5990
3355
20803
9756
19074
5475
4123
115
8631
12562
5150
4599
15118
1351
7737
15483
2456
8892
5146
9776
18256
2937
9743
3345
4432
11411
18148
14097
15727
8483
12992
18134
11813
9492
10330
1463
2707
15201
1736
4250
923
6993
13750
2339
2740
4583
15591
692
5022
2392
7487
20333
3413
1390
14673
4321
17522
4588
1462
21796
4835
12668
203
4541
10804
10010
1034
1095
11557
5264
1691
11856
2070
6223
15445
2632
2805
24436
14189
807
13501
1254
4743
14357
5210
6635
6434
2636
11485
17739
4220
19565
8295
9687
10332
4004
25118
9994
4167
1789
9762
11284
20153
4866
3322
2023
362
11606
8574
8389
19431
7959
1747
1920
15704
9260
18424
9536
2089
12969
1854
3322
2317
995
1264
218
14571
16277
3265
19942
12321
3827
23388
8534
3832
1472
17553
676
15551
7701
7049
964
16198
1949
19383
18055
4881
2877
22315
6729
2504
11810
3931
16135
9425
4872
16155
391
2171
8012
6514
8305
6260
19818
13080
23206
3958
2728
20165
1137
6930
709
3451
23001
3617
178
2776
2357
9990
15471
2834
4391
14132
19294
5498
18697
981
1964
38
13437
10574
325
10647
4436
2159
12886
183
7647
3266
10084
1903
570
2087
5474
6635
14742
2394
19662
14158
11789
19331
4530
6122
20792
8345
891
10684
2429
2773
15999
7869
1572
9231
399
20411
6139
42
6322
4272
3047
1024
11561
10343
4411
4946
7358
5438
17370
6042
9667
12171
18830
307
853
9375
10044
53
3128
1353
1907
12510
3201
2960
650
12956
1174
10588
4965
9085
10998
14552
7805
8365
11025
6493
10587
809
18327
14318
9464
262
11647
23800
12109
10821
6807
5949
12804
2410
15286
5426
8108
7197
1144
3932
4787
14807
8194
6297
3047
3215
452
1127
19677
11202
11771
18186
2557
7398
4900
11461
6144
16682
6232
14725
8807
20884
434
9501
18145
5172
3168
3291
7002
13714
3714
14022
14265
4798
13127
286
3786
8053
8631
7444
605
17114
7166
3244
7124
18605
12714
11364
17814
13071
2621
11056
24329
6264
13054
1894
13824
9685
10764
18877
14916
21548
767
18115
21830
14024
10277
6131
1822
12371
1678
8503
19372
7018
22536
11479
14391
1990
10787
20717
22093
3734
10312
9296
3638
17642
15036
16614
7350
1014
5963
5350
15258
5184
3970
17070
14154
12307
9816
1782
4762
21937
9344
7857
30023
6258
7409
13636
3979
396
19105
17673
13301
2730
4763
14714
2354
9314
9878
285
686
879
3397
10031
3197
17699
18054
8542
164
1589
1317
5054
3536
10788
18152
12563
17641
11093
740
16916
8294
14625
16956
1343
4779
1701
9623
3385
19096
17105
9474
2194
8498
19651
13884
2448
3005
15189
4361
7334
10262
6087
6210
7485
5625
4681
1227
11576
4320
17529
1075
16122
6003
22990
4003
22092
19250
587
18842
6178
4978
4774
5790
22795
9330
451
9724
9660
10253
6139
9223
11656
5094
6040
22017
3506
402
1265
9544
1173
12343
17034
14972
8508
15039
3618
9026
3138
13363
83
2384
3579
8472
13631
16810
10464
4991
1930
1722
10266
2724
2418
3126
10515
8373
2181
12614
853
4639
11218
2612
1554
1251
7580
16325
17548
495
16349
2894
18709
8863
5645
11752
12505
2547
10640
6636
8263
3802
1769
8348
2159
5259
3070
12009
1513
2191
7652
6703
9447
3438
4444
5209
4123
618
2400
5428
5239
3437
2910
2334
10458
877
13744
2130
13284
7460
21763
7944
13044
2049
1555
12075
12356
16454
4041
6496
3255
17689
1967
11401
17394
669
8791
2373
20471
90
12835
18285
6303
411
7331
1943
15611
215
6441
2306
5062
17260
7586
3256
7340
2951
8120
11968
2921
11998
4606
4326
11332
1399
3281
1055
4321
14364
8946
17856
11800
4960
3710
4248
1858
6010
3193
14806
5060
2516
515
7304
1390
4693
4691
4652
10977
1808
14369
13521
7116
16081
7699
981
7267
4962
490
2523
12964
8844
11250
10168
8795
7302
5489
8000
23169
11400
8342
16036
3357
8081
12
3355
14959
39
2180
6864
17310
3101
15356
5656
1124
19892
6313
13241
13942
1011
4623
10365
10959
6112
11614
14212
8273
16036
428
3136
12691
19156
12679
18540
13997
4498
13217
12155
16598
12600
3120
6963
2393
5181
14715
3395
6823
16201
18801
3332
24410
130
7042
8548
3653
18474
7629
925
6882
2263
1767
17
4171
10039
3652
15357
10561
15574
9498
9999
3587
12082
11045
7568
10225
5981
176
2616
31342
9140
3386
3293
12328
4984
4828
9606
13754
12660
18948
24377
11203
2398
7204
5958
17465
2841
13500
8083
13448
6617
8362
24386
12553
2326
2062
9757
17966
8233
17370
5212
21089
19583
7475
10213
4634
13148
12497
13931
15968
7062
8140
652
1803
9174
859
3587
9238
8862
20835
18206
20858
1193
6651
9531
14880
761
4883
5757
11482
5429
6769
5547
4444
9668
8989
9303
7596
5835
660
8944
13627
1315
13733
2284
13311
8446
3970
7435
859
12521
16240
11574
18774
11195
8727
11664
100
16935
7562
5535
2975
6553
22198
789
7608
685
13685
3388
14213
18529
15831
13541
5161
11968
17968
16070
13741
3998
4944
4907
2715
677
12616
17967
9221
9647
6915
8386
4545
13536
4296
10137
1918
16802
5066
2412
2284
17409
6610
5484
6516
9675
810
3930
3426
2657
2348
15111
1776
7304
5465
3480
10818
19427
544
15766
19759
6939
1566
3923
4663
861
7170
14978
8518
1237
1387
2717
18268
2069
11493
9375
16295
5268
15302
18834
5127
14934
23417
2183
11125
3071
4519
20935
8441
6067
14132
4264
0
10101
245
2832
3287
17667
2444
18832
3650
483
6509
435
7886
16484
10416
15768
7316
18377
5831
6764
15763
11532
1984
10684
13986
18893
8785
2060
18800
11865
2499
1230
2617
195
10411
3648
9384
5108
27892
11004
10405
2916
10893
10655
13805
800
12193
8688
6147
7892
11680
13554
11338
19802
6749
9779
17189
6293
16963
10603
13043
14420
3172
9427
2548
4651
4441
5327
8796
3852
816
14665
21670
1102
14641
11202
9853
1898
12348
7396
20909
8175
22900
2051
9672
3803
6352
4894
9537
6709
7394
1887
6060
7121
11562
17250
4657
778
19008
2638
14023
19333
19822
13110
20843
11527
9942
8307
1302
14411
4050
4378
966
11155
17599
10300
8313
7873
14304
12490
6894
8638
1777
14821
4206
5678
16500
20431
5494
6830
1310
12348
8073
7140
20083
11825
22140
1515
6683
15254
17681
13237
4383
5397
455
6144
9073
3284
1700
13868
22489
1001
11978
3956
22131
7291
10258
14013
4836
21657
12451
2341
5850
17025
841
5952
2730
9247
6880
13
4082
4829
15615
29695
14742
12190
9882
26957
13353
18368
2481
7816
20325
8511
13944
2680
10848
222
18699
2068
7814
23171
10077
7221
4454
4391
3704
1891
14100
7123
7016
18589
18544
4399
6355
1129
587
6193
5409
8863
13001
15995
3097
1519
16597
13703
15290
12254
620
173
7023
14108
20524
19
4670
17693
2335
331
2179
8770
1504
13140
211
3060
7010
13311
19450
257
11252
4932
14478
1059
5794
4833
2779
13333
2708
18046
17691
4430
9374
5828
9702
5235
7395
15732
3941
12056
7354
2135
2806
3613
12407
2377
3101
8762
1703
18228
3096
1997
11573
14400
12934
1133
14022
18555
2762
9613
13157
1912
16727
18872
11565
3329
3736
20189
13563
15595
1468
13466
12032
12457
11056
11669
15857
3115
24616
12436
4103
3837
16621
14634
3309
1203
6678
2210
7004
18144
773
10065
10205
12515
1217
15258
1470
21608
3721
9280
13009
3106
1823
7054
1071
12940
4659
1795
8790
4351
18367
19647
4037
18137
4863
3768
3766
13668
1981
5394
16079
1938
13652
4832
1218
11939
9908
18393
5429
4938
10151
4572
2341
10191
20410
10166
1422
6614
9656
13091
1494
3580
2612
1158
7702
4988
6948
8096
16550
9309
14515
10908
2552
14027
7825
9877
260
2651
7488
7591
3888
1241
10803
5181
6833
6737
4629
2533
14087
3761
1467
2500
10213
6882
14685
17408
452
3913
968
19072
11014
13515
20643
6252
17981
22806
8817
4148
23
5063
20056
20711
8732
1814
13854
17113
548
11015
3449
4596
17542
5123
11875
7552
5977
2496
7791
3744
5776
953
5841
9398
1350
22110
291
4352
2834
21556
545
297
16229
5570
7106
14277
13577
6067
29
3160
13295
474
2039
16206
3375
2587
3288
9771
3266
3870
19622
18369
19079
15067
15361
17058
72
1205
2735
13286
9349
5189
5778
3812
17687
8332
11759
2503
15091
10320
13977
24535
10175
1499
13848
3288
13537
7255
62
21085
6633
3448
8927
16387
15770
6725
1267
17352
9053
676
701
7153
5194
14629
3272
7304
5918
4703
2482
15348
3302
14966
18472
1261
14685
679
20207
2084
7035
2486
12946
6463
9808
6309
1832
3762
28696
5426
18803
12154
5465
23674
16241
10981
23401
1468
17912
10204
2245
11389
4803
2261
11128
1815
667
737
485
8015
24107
6298
9443
577
11929
21862
10560
13728
109
18488
6833
15074
2649
10389
11786
10465
8613
2213
661
15701
5392
12878
14004
9053
1118
5666
2021
4260
3758
8472
15067
1006
9387
763
416
19001
9019
16207
1686
7056
1530
11373
17650
1675
7339
5507
413
2345
5706
4856
3779
17103
462
12299
3398
8012
6810
20611
4186
2328
10497
16162
9092
3024
417
1529
8195
15867
11373
8
4310
14970
6173
949
12487
13005
24497
8164
1218
709
21123
12468
3809
12952
15224
14839
8633
4023
3437
6006
11891
15917
1449
10143
6888
17670
11761
449
19952
6034
8196
9538
3255
2934
88
5526
7127
2680
20001
5788
2342
19245
5330
2627
6966
10076
4553
570
3515
8819
12217
15701
4819
3362
7361
213
3070
9374
20668
9535
8965
892
703
2172
396
292
6053
5419
10746
9182
21919
4610
14926
18590
8429
2731
17424
11910
3177
1262
6506
1038
707
11439
3935
1958
3040
6135
8335
5920
5997
1936
861
3806
9237
6164
8559
18482
2674
5312
8524
1118
2860
2287
15366
170
8002
12418
11734
3234
6028
18841
2010
4859
7550
13902
9124
11348
9759
3368
8409
5997
11936
5041
6688
9255
9936
4308
20245
16879
820
18739
4306
16238
6764
9078
2457
14398
8718
11068
8353
6384
2050
898
5777
334
20579
2866
4209
11992
19698
3557
200
10688
13735
8607
11746
2754
10588
14366
7298
12111
6039
18587
1202
5293
11779
8180
7415
3569
15307
10089
15121
697
20765
15720
9672
1102
11732
14668
3412
17964
14245
1010
2489
1138
7909
4586
4999
3829
21263
18250
15139
4326
10991
3379
1179
601
11639
5128
6733
171
1360
2446
12169
2912
20939
11890
4958
6555
21378
2382
10078
16155
2736
16283
8669
17094
12657
8637
3169
2967
7033
15546
7456
17074
1737
11875
17720
75
9897
14561
11716
17604
7360
12465
3222
10715
7277
11675
14310
18292
6408
5471
230
4516
6243
2265
2374
1892
235
12571
580
13588
2576
7566
21973
16496
11230
17979
17740
14551
1920
10201
2984
14971
16223
8367
7381
53
8648
7524
1052
10928
3132
16868
2750
11549
5032
3165
19018
1957
8346
8862
256
19679
12067
13085
8388
1219
7554
219
11985
13585
2580
1900
2574
1039
6247
11812
12221
15694
12917
5203
1724
272
11174
2381
8296
3382
128
203
3980
10550
17880
14621
20691
6112
2448
3322
10120
6361
5880
1975
19489
5210
3079
14880
9449
5866
15568
8688
710
17704
1335
148
7511
4993
18324
1059
1860
24452
6749
18353
2798
7515
5536
31060
11048
13744
4017
11525
7052
15622
22200
1500
13568
8934
8804
10349
10502
6935
23921
13081
16419
8927
747
4656
3100
1518
1961
8824
13508
12694
2054
13211
7418
17466
907
16826
1314
17150
8732
9361
18411
2285
22229
23087
1281
596
17165
6915
17404
3363
10629
4963
16991
2726
20569
614
10550
12843
822
293
12134
12061
2207
16720
6684
10786
11061
191
6810
10936
2746
22357
2791
8895
10194
19402
1981
3408
10488
4573
582
9217
8224
3806
2726
2009
9683
3118
2535
741
1132
3022
6808
11080
12699
17524
18893
8431
4686
4406
12809
15020
20101
6374
12300
351
11082
8150
455
804
5809
894
14949
6093
13482
19466
7459
13691
20739
8375
9917
11081
27214
14889
499
2171
20317
11018
11526
11871
24119
1953
14499
7792
22366
16256
206
2160
1712
25131
7351
13384
2763
1886
2041
5343
19796
10659
6212
8165
20207
10382
3826
17536
4184
16168
3399
3509
16024
9503
1033
19340
4543
3034
10937
3956
14090
6952
4620
20713
1516
7824
7379
16604
7241
13653
15003
4976
15224
2349
21949
5280
5135
29216
8776
11473
7296
1612
813
17511
16265
1404
22094
25137
14661
13511
17471
871
20520
4930
6724
13526
947
6892
268
10367
4727
18902
4058
4849
14205
5870
5060
7869
4371
4693
6856
8702
6083
6903
16571
11871
3512
908
17573
4218
17045
819
25375
9801
20138
7358
21899
12748
2546
17533
6422
56
6530
19872
1774
17312
11098
20152
855
10557
6672
11689
10760
4531
12332
3413
5392
2699
2135
4895
2128
22511
14933
138
3918
11770
6135
8249
10392
2896
13806
4150
18334
5473
13292
9029
1178
7499
8738
2299
7739
14237
11389
482
11494
18999
4993
1401
2554
10404
11344
10880
11937
9162
21059
6449
2189
936
12286
3373
3808
24474
1605
284
1164
6
4504
20301
1140
21137
7918
18974
1581
13617
21500
23977
6793
18208
5761
473
1107
4533
19801
10590
15674
4685
6272
5000
4456
1273
12732
8070
14393
9605
7298
17081
13142
12252
260
12173
4537
18346
611
7538
17453
3583
3337
8841
16640
10877
2142
9386
6839
4140
8061
12696
6604
5433
13138
4033
5358
11943
5627
10946
316
8671
8403
10943
17707
17841
14359
8966
1440
12043
191
1968
12904
9134
5961
9773
1643
8622
12104
9524
18317
9446
15904
2679
16881
2851
12296
23442
4363
12884
8676
18169
2101
13030
19899
4787
10304
4402
8282
7219
1414
7972
4422
1975
517
16491
15154
4376
9216
27284
5538
3843
5982
3547
1989
3189
10929
3005
12272
15169
6335
11470
20429
7585
6323
10436
24253
8072
23170
2681
7033
7788
18165
20675
11063
4617
2616
15270
6634
5435
852
16603
3289
562
5212
1503
7967
25903
17079
4269
2868
19681
506
3026
16550
5816
5361
1179
4295
4981
21441
2525
8951
15710
408
25397
438
16030
630
8498
16349
845
3392
7656
5358
1650
8859
230
9168
6616
1879
14979
1331
3038
8241
9390
14619
4399
689
4956
17063
18329
14328
1176
15086
7163
16064
11011
7283
6735
19985
18852
4429
15451
1739
6976
2210
3008
6297
12351
2115
10872
14569
17235
7145
16727
18509
4012
5021
15587
15915
2125
4896
12312
11245
10039
15429
11394
25402
5302
1790
7827
12247
5313
1495
5270
4926
16948
15411
11919
8064
1032
5021
21456
14170
17955
9902
5633
20544
2247
8132
12685
6420
8742
2956
11546
4222
1894
14851
8155
2911
8615
21783
487
3264
8728
6371
9275
24153
15151
5675
21
4523
9006
2739
24183
12314
9043
2597
21633
17740
10498
7601
8441
20846
5967
11478
17044
15037
2401
4298
23123
540
6902
6863
23339
6388
465
1188
403
14066
12184
1232
4656
14586
1815
7657
16600
16468
15372
11220
7857
8999
21498
1344
4416
12842
5829
15312
5009
16606
26460
24711
1413
10367
1813
13096
5449
192
8736
7802
6853
4339
18997
4468
6953
10924
3357
17527
10112
12753
6288
14369
19165
1321
6313
15475
3771
4797
7134
16120
11787
10846
17032
12195
12269
5992
17407
2656
11160
15681
2955
7421
17256
15826
12296
11342
1608
2394
5626
2520
6780
3829
1747
528
21896
3399
5943
13205
20474
1940
20097
16297
8079
22338
4732
2704
286
9951
3588
13521
2738
17516
11567
12981
16553
863
1176
2040
8076
2884
18905
353
1984
19082
21804
7675
9094
18490
20252
11851
14167
4183
8287
9802
20579
2393
6777
25750
5938
2899
8884
4861
18045
23164
13587
21912
4195
17026
5868
20905
10760
9021
14437
13436
1488
17260
4055
11898
10284
8398
10306
2583
16654
2827
7975
11172
10663
912
10830
17338
3276
25555
12529
16126
3114
21243
13269
4342
2936
6053
5238
10863
7950
15703
16
8425
2905
7798
18829
15319
3600
9482
3889
16160
9215
1553
8418
21408
8186
7027
13395
12494
17317
16174
4563
14272
11006
4581
17347
11238
7796
13687
3709
3235
9043
2091
2488
256
8401
12288
11867
15606
5498
20059
1570
15564
10506
5693
8580
2480
5494
4394
3818
591
3015
11148
7937
12066
3261
1126
6933
14553
8734
24639
4583
11362
14700
9865
7638
15110
3989
16132
32055
8367
12834
21335
12156
15811
9057
16649
8041
5389
7860
8381
3659
15312
13916
6857
1254
4881
3652
24073
3753
16206
13681
1946
20838
8715
22962
4637
12933
7843
2691
10994
6918
13592
4704
11680
3268
4836
7003
16238
12721
8214
9538
2871
18669
9651
9768
10089
6488
20255
15994
4686
12013
8282
20510
16795
15417
3395
6931
22773
4648
2764
18664
8383
1918
11623
5698
10629
23691
9381
16272
2766
16590
8203
13644
18482
9607
7121
17866
25121
8714
7679
10990
492
15617
3465
20062
19719
16666
3954
3171
10679
9950
20694
17101
12537
4079
2413
8076
3074
8342
5802
13320
8172
19716
14281
10032
10385
12295
14500
1516
19956
1673
2128
5655
3586
3244
11
4752
11732
11856
14501
24225
8210
15810
9621
7723
21878
1021
20210
12551
3364
2635
3353
14679
15821
17479
3191
1391
4684
15418
13700
3521
4300
9655
2081
13196
1131
14276
13562
10936
19125
7807
14181
417
5510
17272
3776
6209
6465
15631
13140
2008
16326
4075
18957
8123
0
12083
2166
22000
14030
20252
6102
7714
15492
12352
3410
7198
694
15214
18299
4028
2318
16731
5393
13151
9227
12566
9090
3480
285
12737
9982
5487
21032
12139
2601
23144
830
10829
9426
3060
4902
17067
3244
11457
16730
5163
2760
5008
5837
22150
15262
5862
16343
971
3122
9215
2299
14410
14037
13192
2653
19477
14962
21670
1563
3009
12539
22253
338
5571
23417
9201
6539
21403
6013
2975
14947
10551
1259
9076
5670
2064
7535
11516
7531
1157
3020
1358
3869
11412
8541
2861
15978
7526
11334
9325
18974
867
3512
17128
812
15183
31385
6164
3266
18888
15549
1760
425
2554
23974
18638
9246
5085
681
9124
7229
15612
544
566
18389
21786
3605
9595
13039
5717
3929
494
16761
18109
13921
17062
8366
8099
10150
7612
7818
698
16396
6907
4145
12344
20998
19437
7003
1174
3742
20100
2363
15248
2061
17049
6002
2940
2231
2040
4661
26016
5788
8526
7313
6736
17919
9985
994
17632
5529
20320
6844
2357
4070
7585
23164
18750
15511
23109
11287
19792
6668
11804
6397
2058
12779
13143
6894
16862
7168
15859
3713
8239
7932
20143
15732
20227
1132
7861
1386
2468
1061
5459
4616
1260
2654
4488
6588
21303
11863
6289
8462
15447
10464
12106
8563
6225
3814
18007
3126
5413
12217
812
6005
16156
12441
3509
21663
19525
18260
4938
9300
3922
4049
2930
11551
10240
6727
649
1997
16496
3105
10756
519
17595
9940
3865
15429
7850
5965
1525
18412
18306
767
6787
12763
25084
776
2977
4455
812
6832
9581
1757
1410
1163
3921
14861
16268
10095
5064
15491
13888
9793
11084
9005
993
29296
13842
1210
9830
19186
165
27650
17067
2692
2689
17242
4236
6086
9245
13019
6332
24129
16346
15592
11565
22519
9006
12401
12936
1385
23192
797
18486
4029
5876
3697
16160
7087
484
9378
2587
9889
2989
1527
12775
7427
2029
24534
6055
1812
13441
4842
3999
6614
2939
7288
1073
5038
12646
5663
16346
4394
24948
15868
14737
7101
11723
1186
12555
942
3853
2656
11389
5138
2263
25379
2724
22463
6551
1410
3439
7286
12801
5706
20920
8973
1435
11413
10834
2286
1621
1371
6108
13006
14973
13691
12938
5007
21162
12282
4126
14948
4886
15925
3857
4815
4033
2074
22558
13475
1795
766
13474
18307
16595
13682
1449
14806
13044
7204
11320
8189
11697
23900
15893
22557
5448
6658
8301
164
5523
9790
4821
13196
21767
1338
614
659
18807
1381
5549
895
2178
4998
616
15267
11698
5399
14724
25238
1807
10780
8992
11409
15658
12300
19907
16628
8350
9986
187
5490
6595
17427
13209
2674
12945
11307
2546
2896
4386
6465
12183
4324
585
15388
16953
3070
20018
12551
25304
19598
1897
8179
9850
5484
7248
15828
4217
12566
8654
1254
1130
2244
9092
1087
7116
743
7282
3919
15016
14166
20479
15691
12537
7744
6677
976
3664
9222
1785
15631
30570
8028
8548
146
20774
3257
751
10976
21909
2891
12057
3034
13802
14741
12419
7425
7756
1829
5203
7064
13065
10215
9501
17679
26227
8585
7679
3940
18501
332
1554
1979
2989
6273
16799
18247
21656
14649
8229
20131
12046
15353
13744
207
7904
31691
10910
202
7148
16140
11144
550
9345
1777
17303
11346
8872
22
24620
15082
12290
9822
8679
4337
10056
8193
5231
10339
2985
7662
14009
3732
7478
12488
20751
8589
5721
4479
22736
26275
13488
8357
2340
4405
14184
18610
16216
13669
8753
6974
9022
17400
5998
8642
5674
25517
3152
2094
27607
9364
14752
10662
20966
26498
8254
0
6748
2208
3322
1802
10681
12445
10644
781
11565
26010
12449
4849
18985
135
4268
10957
1684
12522
4334
8914
1176
1123
582
17223
19444
5388
20934
405
24328
15780
6703
22525
11658
26319
5780
3821
8423
23184
16503
9699
10401
7432
19133
7062
17245
14490
48
20821
11443
7318
6452
6979
4144
6096
16957
11229
3392
6695
4454
20166
12701
15544
10745
31282
7257
7937
17123
664
5347
3977
9170
696
28699
1982
18571
13526
11208
228
7898
6126
2251
17802
10206
821
13255
16785
12429
7182
21520
16684
24644
932
13275
1149
6672
23256
613
94
11623
18370
12520
6499
4235
6510
1194
1864
18588
3273
11925
4103
10533
6137
23502
3505
24671
13404
8424
1401
4102
13113
1658
5652
5345
6236
8642
21440
19431
3700
1933
11238
9670
9918
2521
717
11882
6267
26902
10519
51
6019
3349
11560
12584
2082
27161
26764
5809
10574
9027
8067
18008
1507
20715
9741
20799
6484
3554
1432
12909
11977
10480
15135
18543
12419
26409
7775
1699
4509
19863
1977
33392
4596
862
19502
8063
1050
13242
16364
4965
4412
8394
224
4296
15316
486
8894
499
20678
8238
18440
14307
3503
5541
2101
2661
10323
7212
8844
8121
1324
22802
19737
14571
5415
3070
13593
18854
7090
3612
5440
23147
6879
4058
12550
14128
2555
12448
597
17838
1096
7618
88
4653
12466
17928
1017
4375
5831
4643
26293
5896
7522
16639
16610
8729
12410
8479
4635
3568
2479
5585
11593
28157
7851
15213
15357
1278
26002
1632
3413
959
4253
5718
15762
14317
23629
18268
2367
504
14126
27852
13559
3989
352
12663
15025
11222
9019
8452
4866
5620
12162
794
358
17713
9887
2253
4757
4531
6252
16531
7647
2951
14932
16991
22102
17571
20302
4169
2077
19150
100
8697
3028
11591
13399
9859
4308
7399
15516
18645
3130
2581
17316
5522
12124
14831
15869
17420
12746
9940
309
5529
4856
3449
16658
5332
6588
21263
12460
3937
9850
9874
5327
26683
23164
14983
720
5976
14047
5345
13389
14094
11629
14616
21297
2429
20103
6603
18565
3316
740
11385
13696
8840
5943
23880
11977
1294
17649
4799
20138
474
630
19231
22997
5681
5914
7250
2758
1226
21867
2964
4388
14149
9175
1143
5894
1364
2699
8610
27575
468
21835
1327
2149
13501
20311
4235
15121
14044
26760
3096
19662
5537
6231
23233
641
27094
26096
13028
5423
4210
1404
11643
14049
9812
12987
25171
10154
7558
1595
5023
3100
19122
4458
2061
468
12673
11241
982
2039
1411
8223
19105
20651
1005
22050
1293
644
21164
837
638
23819
4853
1881
18676
22526
3875
21311
7102
19474
14698
26402
4704
21076
20419
6077
15963
23451
10941
20766
11823
14064
4632
3597
1077
19945
10624
3158
2850
2043
162
12944
14858
20163
5267
1654
18368
26759
11221
3368
2979
2677
23066
18252
9351
1732
1698
21814
1351
18904
10802
18122
12310
21922
19605
19018
6611
8440
232
10040
17652
16020
15304
1098
7801
3384
1644
12647
2772
7804
812
26932
2
19101
14099
9820
23894
11399
4640
237
5295
14607
4451
17710
496
5617
11156
16612
25354
3164
5867
8265
6049
15816
4239
1353
8756
12435
3670
32204
4016
4867
11086
12090
5161
8025
5828
6846
14428
7923
4012
1347
2246
14847
13039
10716
1797
13020
2541
20797
19775
17544
18220
10102
2111
16231
691
5521
15093
5002
23780
4187
10796
5151
17193
20776
10195
13320
532
1170
1161
245
12624
1079
2715
1698
3832
6970
14258
22226
6739
6220
1928
10114
22645
21074
3924
1937
21043
10708
7855
10152
6026
11432
19201
5807
5196
15643
21545
15989
6681
6892
10269
15579
6114
15653
6004
12359
724
11133
19521
17681
7815
3982
9421
4231
5209
15392
3385
9464
1606
12147
10930
8070
19430
7646
8040
17774
8278
601
4306
3974
25750
3557
3571
5524
1952
13010
22082
5975
24328
18218
4293
32053
12856
13531
13944
17061
2160
4679
7945
2437
2305
11042
7974
23327
16831
6651
1899
29384
12320
2265
5187
16748
5059
7587
18805
9373
10216
4386
1915
23151
11939
682
2852
8216
9332
6666
1223
7439
1040
8038
2354
21047
134
8697
204
2155
8662
18933
6137
4428
17258
17508
17672
20118
9639
15108
11176
6506
7325
3649
8111
6783
26082
6390
16391
20236
681
12879
7272
3871
10564
834
955
498
8905
5724
21718
4765
8455
1426
3272
5764
16419
10295
1727
22327
874
4478
15829
3944
2747
16927
13218
22848
10870
15929
1932
4288
18030
16655
6303
11057
2612
2975
8779
14687
1699
10298
16317
3035
18239
3299
418
5318
17075
1389
17803
801
1432
3467
12310
11182
10773
9529
19016
19717
5879
241
6641
6026
2123
16149
747
21642
15673
23740
5912
8008
918
9862
224
26009
10235
7080
9873
14675
2416
12643
6491
1107
28682
10712
9756
1358
7083
12851
10663
1862
9345
5548
15547
6196
14099
4346
25811
18136
432
2206
6020
17598
4647
7488
3831
15419
2394
1911
2210
995
7704
6304
15773
2302
4166
3136
22069
20442
1321
14741
1266
4903
9429
12555
6891
6222
11174
12486
22841
19504
6464
7145
11131
8816
4962
748
1493
10963
2747
15402
23390
1356
7745
7661
21526
10443
6450
12136
10488
2352
8409
17038
4540
1768
6460
2496
25658
24068
12308
23671
4989
7057
9946
3091
15148
1716
13584
12314
19273
734
3823
8230
2621
16854
16617
10797
2785
19203
15489
3348
25461
2122
19441
4792
2732
16145
1302
14393
1036
11727
689
2825
3818
5453
11926
24958
6818
4014
4829
4069
6698
7991
894
1072
8614
6250
11738
6573
5052
8054
734
11465
12434
828
9473
1123
992
10113
5741
22374
14160
13020
5327
12976
15875
8241
143
14615
19363
16484
13654
10173
8000
8713
1715
4512
6619
8861
8152
15009
15809
3418
8310
23792
13467
1395
16576
343
16768
8205
1602
7470
12982
6116
13965
4499
12649
7235
5177
878
18345
9737
17494
3531
18191
3647
790
17831
676
9433
13039
8623
4405
17512
8368
6198
16309
21399
24072
19192
2834
1135
9225
6413
8806
15597
2009
4206
6004
63
17460
6825
4898
4106
2904
18217
8905
9375
9173
9779
18803
21836
5601
14879
4479
10576
12550
5316
21099
12228
22673
7925
1863
6234
2023
11344
16584
1357
15453
21970
5034
2999
8826
321
3765
6459
189
1792
2343
10606
6601
11223
3796
20753
19642
2909
26376
11991
8299
4756
2006
3846
1152
6025
12326
240
22256
8155
11168
10102
8205
9871
9822
16635
5469
401
618
8380
4904
2447
3061
1169
20374
13927
9023
4105
13377
21600
13986
13934
8035
17419
2098
7886
12614
10775
8137
3898
9822
345
8364
11247
11023
11323
10341
24493
8481
23692
6256
911
15072
12708
11339
4653
2127
11413
13752
404
3563
21222
9582
6893
2671
4743
25194
23669
5356
12458
3294
6331
2387
882
6597
438
24662
6614
3678
2190
11037
19124
1712
9323
14974
5516
10825
5647
2412
24390
2048
21528
16631
21286
9903
8817
7658
1916
1543
5930
3722
92
3822
9675
5119
2679
10774
12940
9398
5755
4422
13315
23060
6964
16196
4509
9598
11464
23353
3137
5619
11012
21173
2169
20080
26570
4248
12961
12002
17395
16553
7938
22305
4309
19877
10913
5765
1267
13810
4632
16809
13218
26697
29857
9849
2957
5451
7563
26457
10429
2758
22980
21001
2128
1238
3929
4507
15357
1421
1891
14826
13660
83
24567
20783
13879
2130
8277
8106
7355
24024
19408
11768
9327
6696
17903
5480
3047
4530
14692
25258
5833
19101
22926
20014
9335
6018
27145
15980
62
1005
6403
12742
4440
1563
5408
2484
25401
3018
1530
1512
10913
10338
8630
45
5892
15170
7518
27027
12126
22388
18108
13230
541
4813
7934
15368
5177
15583
20498
5609
9008
1022
5610
21934
6960
25221
627
9209
1759
9528
11470
13806
8057
21423
8797
7523
10322
20699
7483
15153
5201
5415
14671
4023
14061
12484
3100
15188
13064
3406
1746
4704
23293
19519
6497
3046
6700
4764
16940
1504
12047
13650
19874
14580
9804
11161
13452
2071
10044
5550
128
15118
7941
5910
11278
9239
2739
10583
6788
6831
23015
25617
1263
19151
23411
11914
627
2403
23927
7210
8987
6425
5650
21138
21803
9084
13884
18846
7877
8231
362
3756
6461
12228
6221
9069
3497
22127
6599
8847
3676
1636
82
14254
2709
3607
17521
5364
19855
12491
5834
10089
12678
4665
13948
8466
5286
100
11203
15322
4975
5296
14030
4970
26892
3513
9175
12134
27038
1298
6676
5452
21510
1416
6739
19083
2071
5295
2779
22577
23669
12456
1226
5672
9360
3033
8258
19675
4497
21322
6828
2862
29720
3420
20117
2814
7189
9016
2967
2121
7043
14124
13311
19686
28799
14329
8156
12358
3902
22781
18553
12164
18565
1484
15050
20190
6573
8481
18689
15907
15326
15350
15254
21786
6504
19495
13959
423
1599
16641
10650
25960
6139
17673
16167
16059
6007
16327
5836
13794
5752
24302
20430
7062
11315
21297
22522
5299
6527
10802
11308
13440
2619
20994
19102
13776
14820
28405
10216
2427
23812
4533
605
3793
1303
2557
14966
3835
5998
12085
7646
18508
1782
1509
6382
6585
6228
16711
23104
11698
14803
12859
21671
10565
5063
8700
6480
27678
9105
15871
23042
342
19075
8306
3382
16811
19367
15043
7281
20939
23385
4205
22173
274
21524
2568
7033
1939
6565
574
10245
17622
2227
14872
3116
23954
3765
24204
2450
15502
5803
3985
2742
7642
5739
12597
11394
29046
5664
2698
1128
8550
13317
19277
4546
1211
2117
10921
4691
10923
1783
22859
9679
7589
13411
22245
9151
7546
5662
8738
7204
2132
19324
122
4163
11411
1650
684
20685
20971
23286
12222
10276
1048
2515
2280
1609
6000
3440
994
22574
5585
19550
2357
7687
5549
2179
20201
434
5815
25971
6227
4349
29033
19382
19754
7948
3329
1462
3289
3425
10910
21946
5248
17179
28846
1074
14916
17335
24985
11137
3163
42
7767
16118
3696
25742
15404
19876
12832
10713
18293
6794
7494
11581
1546
18074
5265
15601
4326
10863
24086
19441
5111
20272
3209
9622
8565
12353
9696
4601
245
6244
15193
4704
3662
550
20219
18501
11189
751
5619
4808
11906
15635
25169
4446
13438
22273
9905
14988
16822
19290
17697
3556
21030
14050
12861
10986
25733
21155
3344
12393
4856
2976
6519
9549
17166
10193
1772
14174
3610
7782
1571
544
11038
29920
5032
11772
25908
2753
16509
4911
3239
23926
25658
1352
20449
6429
193
6368
10903
830
22112
4459
5747
13409
21369
362
5082
6116
6501
5898
27597
7887
8657
414
14751
6237
7826
1367
4929
20136
11667
10550
12965
10149
14965
2056
21337
10525
16674
318
7771
13802
5395
2076
1180
1277
6432
6114
4647
2868
1603
12966
16664
23818
19367
13145
7195
2464
7202
7614
25581
4760
1899
15359
1035
3718
27814
18213
18924
17951
19287
18832
3562
516
31161
14094
6563
15381
13077
20796
1315
1640
9247
1919
1527
18343
3004
5458
10977
11909
4384
5351
3303
32151
13119
8538
17520
296
19493
3824
13239
5106
14605
95
1863
12642
4869
3342
1811
21786
22305
19088
23331
8683
21126
7686
2086
24032
6538
7659
13782
11899
27682
6364
437
21054
2351
2011
21861
3803
3027
10739
5044
23493
12787
8766
19563
10945
5470
13125
16030
22587
12961
1754
11800
3242
4645
32574
1307
14354
921
23494
4425
9983
1312
25926
12419
24719
8446
14334
17942
7953
6357
2732
23548
11883
1814
12094
3339
9262
32739
16022
497
9505
1770
10288
1555
7173
12444
10889
132
3319
20942
15656
24725
26177
1854
9854
1155
26865
7508
8796
5720
13716
9942
8476
8011
63
2948
2976
13423
22971
18335
3507
372
4431
9418
16065
17753
18676
22270
11048
4752
20538
4924
16146
170
28214
8779
13698
21060
19301
12961
11542
12783
6765
6899
16243
16842
23189
17912
10227
3346
10607
1946
4727
22354
12528
6692
3606
4483
17967
4606
12075
18767
13017
12176
6104
9468
12401
5607
5982
25580
4783
4690
1073
23242
3313
21580
7125
5865
33334
7587
12634
3468
10897
4666
8557
8542
8145
15370
17412
6
12218
4418
911
19
2575
15210
8188
10194
3199
3172
1306
3182
5558
5929
8356
14853
7906
12589
9766
10657
24539
9784
2381
4198
17354
13151
23307
3642
19196
6687
9875
251
6729
1312
14693
5878
17399
639
291
22629
6457
1464
8401
24524
6790
5806
8429
7978
3963
13847
2877
5287
27006
14122
13685
21872
2100
8115
10435
3000
4389
5056
10914
11906
21174
6979
8959
7684
22680
670
19314
6210
24901
24056
8550
1158
18225
16336
25709
2174
15577
2029
23113
10835
6334
15143
11486
20533
10129
1359
7137
5314
22599
1847
11358
1027
22596
13593
1190
7769
7334
4015
23662
5651
12965
21929
10366
7451
19832
2832
5550
4046
9843
2181
6193
13000
23611
9939
2357
709
4610
3733
4495
4140
684
4438
25193
10559
2918
5694
18021
27677
580
28699
21739
3937
3931
2680
18054
1969
17948
695
6595
10478
4390
24981
17090
8600
6443
26871
22374
6374
11302
6319
3325
17214
9249
778
22909
5198
1643
2157
16750
9479
26068
5766
21280
26463
156
2712
6872
1911
3596
15645
6818
12230
8095
13566
120
7981
16458
5193
12832
7188
1861
6317
9690
21076
13760
2899
8583
886
8472
24303
237
4229
2732
1201
20936
27087
30858
23445
2432
10012
15946
4601
17206
19542
7258
27197
5481
3455
25525
5470
5978
2265
17454
28269
17846
2191
5320
8552
16384
4747
6133
378
12371
31836
2880
22729
16111
6184
17371
7143
6813
20969
3239
14728
17381
2715
284
828
14512
18803
3292
592
20246
25938
13946
10531
13495
10360
12763
14220
18499
12732
2449
15595
1157
3677
366
13976
33
14626
14374
19735
9962
15272
11802
12282
15997
8595
7721
998
200
4568
16024
11791
5841
473
26205
1778
22723
18558
3939
13056
19578
1534
21891
4555
5982
17175
2856
88
2258
1666
2275
11043
12676
4201
21296
11483
2231
17790
274
8189
3845
13720
9043
15774
2554
10693
192
29155
2279
15847
11377
3715
10790
1276
8339
27853
5615
18753
18329
7892
526
2161
10768
1978
6264
18916
13209
19388
19314
5333
2255
19905
1796
3055
21957
8163
5657
3791
8095
4705
1699
23077
13543
5621
14359
3294
11171
4464
14292
3311
2139
17591
11650
13889
715
2769
26625
624
4907
14175
26809
29397
7102
14008
25379
6580
9444
2111
15615
9451
3279
15284
4095
26367
2637
19246
3486
5144
6459
5182
162
21813
17472
27596
13660
20843
11311
9564
24481
3643
8939
3121
4385
8189
1683
2101
7415
3142
3203
5931
2927
4261
13686
6068
382
13922
5471
15996
19303
21845
6368
2819
12633
769
21278
14007
24903
13324
20094
23429
31957
12605
10139
1808
4455
4246
17063
391
15363
6885
1650
1180
3899
4412
9475
11297
16112
20269
5061
18223
19662
6762
3355
17103
7557
21509
30
16782
17165
10842
17206
3321
17455
16325
3128
3084
9028
23366
1991
4297
2990
13842
417
10753
935
180
7236
6065
1610
3918
11266
1401
5473
2118
5783
6112
15195
2646
4186
17300
330
15053
30360
79
22737
5292
10680
2077
2910
16108
2833
983
27166
15585
2389
17355
2920
6583
15103
373
2981
5795
6408
14213
24617
8586
9467
842
8802
8954
16201
27370
26601
10031
16290
5300
13910
5756
11689
5661
12022
7015
1280
14656
17988
14584
10893
6812
10398
22542
11619
20918
19069
1235
5177
5491
6985
5963
1928
8313
4469
3578
11697
14719
9182
8104
5911
3373
9678
25880
14012
4774
14087
19051
9212
442
4294
8677
8120
14367
20492
2547
20994
3218
17981
13638
17123
4696
13874
13072
10584
16329
5521
29169
1255
2010
4944
5722
3721
19446
1073
23280
16488
3341
12392
14667
1302
4151
15970
3071
1916
13076
24309
26286
3632
18178
2760
13763
14621
12961
8524
7692
10045
3250
11088
551
3884
8630
796
18956
18536
1837
15166
11212
3634
1615
107
16751
4259
19512
12355
10594
12905
19099
6323
10562
12807
22475
4771
898
18779
9740
6336
20295
10664
21798
12915
13852
13099
17227
2539
23325
12680
6201
7572
26824
8885
3148
23582
9982
9540
1328
11355
15021
1947
9051
3036
17090
8513
13289
3701
6153
6642
15381
6838
238
5526
18887
6513
16927
11084
20539
7918
19147
11904
3865
15573
14820
2295
6375
11324
17131
1990
14631
266
16277
16311
18537
21297
4822
13768
4483
4027
5585
5675
18064
5002
14732
14824
3437
18635
23558
12199
21631
18221
6877
9457
20883
5158
1441
5671
11442
9176
9485
14374
4731
18419
9501
12080
24419
12687
25464
7492
10261
7888
4227
193
1345
72
23538
1457
1145
902
3586
2659
29366
13201
518
7526
25329
10416
20736
2555
24504
12325
1508
12612
1086
8615
21091
6623
27048
871
7925
297
10982
26337
10174
2345
23637
6141
19859
14502
11837
16125
20764
1162
3000
1535
13847
2027
5973
17517
5340
13169
14461
623
8995
15147
21692
30325
7285
8352
2370
1500
9019
916
16974
21497
17897
707
961
6440
8300
22282
18939
3603
28
5938
10724
4139
9628
13576
6250
7831
17151
14863
5052
8024
2354
19596
1101
21707
10839
11960
2859
220
12973
21826
6339
10900
18520
16643
19321
18231
8311
21716
11809
1101
19061
3705
15999
624
10214
14567
13020
5767
1771
8754
982
4481
22500
10
24788
29039
4056
3662
9756
23679
1852
9819
593
5015
11805
6822
1435
14010
16884
18794
1077
13400
24372
9018
4304
10133
157
7858
18494
1419
4748
13861
21782
4479
19600
22222
9184
13305
5929
11421
15053
3947
4644
10033
30982
2266
26769
6565
15758
28640
8759
4355
2306
4839
14403
19159
22674
3572
653
30361
3863
19691
3882
14174
8104
18641
9044
20609
13154
22404
27841
2820
3826
2854
27206
14726
2131
12563
1702
933
5321
4667
5244
22621
4041
204
22475
9543
8287
677
4912
10778
3342
8048
15684
287
17708
12203
11974
16305
21689
716
18742
12444
5686
6919
12339
8491
5565
2017
16889
7050
2787
2415
5932
15699
21076
25686
774
18477
10274
5564
13591
3979
13266
161
7141
8098
5770
15867
5951
15144
4948
6102
18392
22983
651
4057
4540
9720
2971
17588
111
8673
4424
9116
19215
25162
740
14857
9327
8327
14387
1616
7773
8036
5954
3554
14316
3012
7712
9577
993
8787
12917
701
25757
329
11353
6657
14958
8784
13111
17202
20786
8999
6703
22228
5552
24191
22617
7873
19148
8900
24906
24487
9014
1410
12282
3706
15062
15964
1614
477
9578
404
2135
4560
6945
9347
10396
4031
13889
278
28338
6150
5834
9631
5350
10100
22211
13704
4368
23453
19686
23858
20711
5255
18071
7718
14702
10794
3410
6091
8905
2883
17570
7202
15554
25786
8815
22166
30923
2246
12524
6954
25628
7267
2225
23226
20344
21814
20669
9657
2212
8350
2969
2919
3880
1672
12054
24908
17918
22217
2739
1069
6443
846
22692
7109
6365
9186
139
10538
18455
3963
8512
6349
15685
14822
4550
24395
21
5225
8940
13476
2694
3436
2892
28660
2025
5851
8542
19494
6949
8110
20350
15107
1917
14959
1519
16411
10352
8521
3633
3528
2871
111
13613
2963
14155
21172
29460
11146
27189
16395
805
13328
11287
9328
5016
7594
10062
14467
20461
12884
15607
10126
15586
20970
19843
3527
7450
23628
5929
24877
11622
2466
2378
11899
17112
15649
3261
6733
13669
9250
8799
15041
17811
1502
5340
8299
12889
9410
23404
27470
10354
20461
5533
1595
29577
1826
926
8319
790
17957
18485
28248
161
29931
14435
14904
12392
12707
8974
2826
14780
26952
5590
3104
10148
6224
6580
19905
24544
1561
5650
29212
1459
10626
1063
5509
14583
1292
17280
8306
22225
17844
1121
4150
18552
5114
15857
10252
7927
4742
20107
4637
6228
1292
6602
8805
2301
10649
1076
20562
23829
6537
21976
4857
20188
5693
6465
15197
17790
10949
9918
21506
10619
8589
505
3296
3501
5
10718
18308
21122
10438
16641
6922
26540
9689
9950
6790
18010
11478
27514
328
2822
24522
5219
10216
8801
3546
1374
11910
630
3996
744
2304
8507
6737
7262
27210
5378
14173
11922
9368
4439
7118
28525
6599
18564
5063
21411
25840
16563
1165
17511
17368
9952
6107
12415
15465
18213
11832
9194
24936
5466
9256
2640
51
3253
4422
4035
23631
17612
4950
9434
4746
18812
186
6161
4375
15533
6264
14060
13599
13999
1617
1042
13710
20514
18305
19352
17969
5174
7278
2274
7662
21675
7404
17217
4564
20571
6042
142
18790
15977
6235
331
16551
12126
831
803
21534
1293
23031
20925
1762
6330
7247
1851
2672
213
10216
2933
22216
15481
28304
2875
493
828
5656
2095
7483
22969
20457
5581
8309
7659
8826
1458
20095
12601
21937
29317
19946
9481
8939
2558
2422
20189
12046
16802
17827
4001
8922
25901
4486
11323
11203
528
498
5217
3218
8106
22008
3327
18994
14738
24469
8293
22193
13168
9391
10039
26816
3346
13308
67
6197
12711
7416
10050
12623
3687
3929
22984
1742
8974
5444
4707
18660
13798
9502
4593
4980
16658
5804
840
8318
10114
14581
3032
23924
15305
1541
11366
8500
23879
19730
29539
5512
20305
7709
8351
15910
4095
9392
9284
13418
27393
26971
7391
1591
22914
2182
12742
18028
206
20271
4081
3592
15641
19840
6825
18677
3068
21915
10851
3213
12311
10634
3495
12374
29300
122
14966
2545
20940
11825
20163
553
15143
4450
16828
20516
7363
27864
15782
6447
5771
8745
9688
6770
10915
12521
2447
25595
16159
7229
8071
24818
11340
5306
11969
5974
8581
3930
17084
8835
25634
5025
3666
13803
3888
6110
2207
14929
3475
1729
3645
3310
2321
13457
4160
6407
15105
4231
6518
6030
4849
5171
15252
2232
26555
18098
1597
15228
2760
12709
21158
30306
15864
16139
10054
9956
275
3797
4866
11512
24637
1981
6579
23560
8534
4015
16330
8534
21151
7581
4999
12326
1093
12434
13492
3635
9199
10513
1577
3934
8024
12951
7866
8217
21999
6858
4542
18984
11363
2954
1164
8225
3133
2137
1197
7819
7725
11531
1247
16670
26452
925
12756
9919
2335
7783
7636
9159
20358
1963
2904
26133
17066
6661
17343
15408
23333
19048
11074
8780
14568
20214
28073
20407
17836
19952
6774
6649
7338
2667
18479
13694
1497
6842
8145
11069
14159
17051
24002
709
9588
380
25172
24374
16772
5396
524
5998
1226
22445
1508
26146
13510
7121
19099
2420
16134
16928
312
3940
4872
4087
13947
27148
23356
10446
12129
8216
29598
13689
15093
4979
5873
2921
10546
1401
1502
21832
12235
15308
9679
14956
284
31080
14697
8733
2266
5820
1779
6475
20000
719
17942
4660
3570
6772
18700
4316
3819
6463
4435
7029
2889
4423
5221
22240
12880
15862
6997
13904
7789
18477
17833
537
16066
7872
7724
7479
2518
14683
9194
18476
3405
15206
8559
18303
13792
3975
14059
19679
4311
364
11722
10097
20756
190
7648
9208
737
5339
4954
7765
18074
22840
10492
7502
2785
15269
21310
21318
16785
543
2686
18708
23004
10225
1907
2901
317
4992
8595
5702
13016
11895
12794
9796
5485
9508
3272
7185
12920
11843
25428
16525
8836
19854
3379
8796
9969
13869
23629
20366
5885
14951
12471
366
21440
4533
7209
2659
10435
22942
12302
27833
1560
17418
2887
820
22590
20586
1479
5359
10262
19168
4688
15670
2790
13166
6978
6943
703
13218
12742
2315
29471
11347
17364
6445
13822
27276
14622
6945
7570
2292
18429
22285
23314
6316
13943
20548
8211
21024
5016
7221
15127
4923
16546
18876
24164
1158
23003
15131
16996
30910
10478
6813
10704
15904
7622
10973
1718
15617
2906
6003
1061
1559
22402
31893
30345
9894
5950
26838
27580
8642
1475
320
2280
306
12825
5196
9195
1637
12347
11515
9230
8105
15849
6620
14823
1036
27179
6031
11217
2323
25999
5875
22432
2117
16376
10300
190
6770
13299
21236
5639
10715
6062
9062
7038
27556
19477
161
3781
15136
331
1883
2004
3531
8218
14872
20557
8981
6949
13849
5954
895
20215
17741
8294
2367
1821
17087
5576
7695
8980
18631
7065
18463
1563
7773
2778
3321
23190
25784
25018
2474
8688
29318
17179
8693
22048
13567
4813
20044
2263
5112
779
27082
13510
6719
2157
13199
8073
18823
6363
1350
5267
9685
4708
13313
6854
6174
1241
733
4706
2352
19641
4342
8557
6196
21694
18864
19387
11137
2499
7782
23106
23225
8007
23273
16040
7499
12749
13736
11469
19918
11266
9512
18430
15796
1401
25393
7766
16191
4353
7428
579
54
785
27556
10008
14676
6457
12051
7246
5791
886
18343
13933
13699
371
15044
7244
821
2847
18067
14374
20984
2723
4679
1648
10116
11833
4959
19623
8105
23210
8687
14911
17961
8230
19611
23649
9329
8394
24082
2770
368
9278
5988
7773
2696
21718
12945
5818
9725
3704
18627
21521
3603
7776
9095
1406
17690
1456
19152
517
15310
4599
20715
13840
7136
6335
705
19249
662
6450
3555
4671
14502
8135
7644
21958
6424
20751
6029
14654
28464
23683
9381
12603
8969
592
5273
740
17933
23671
17789
7441
8495
1865
29327
23459
21305
884
4065
31623
53
21967
21042
12017
7153
1655
28717
14115
3955
2900
3522
122
5046
4202
4934
6891
23219
6861
6311
21367
9957
2193
16911
2322
15867
28089
28053
2032
11608
1948
15129
3881
12996
3317
25185
21457
23254
7014
13787
5060
2642
9125
1506
8221
7102
5798
12470
5792
15253
25084
6011
22563
1486
9801
15911
6846
32112
21505
26041
9833
4264
15728
3421
12967
1228
1789
4166
28238
4841
7641
17820
9250
8262
24068
7243
5868
22001
213
11686
3069
20540
3091
6467
17973
799
17340
20138
18585
4193
14776
3065
17916
25783
20941
2667
368
4699
12119
2928
3591
11070
2172
13978
12963
12133
5373
13960
7610
7900
21087
5427
16799
21369
5717
395
29493
11905
179
21483
1040
7960
2915
17339
16163
19368
8464
13040
24132
9907
7636
11310
5238
10424
22451
10030
23942
17676
15022
20739
24448
7523
3011
22845
14262
12740
24139
19198
26373
13877
6544
24509
15041
10282
7019
7986
702
15677
30569
26394
8453
3467
25794
587
21344
14654
11728
4252
24058
5914
2297
7547
1473
26068
22225
4566
2779
4648
12998
9224
792
848
1596
22267
4306
794
1653
503
6332
9602
3308
18414
7132
7631
2531
6655
19362
12885
16644
890
498
4816
6727
3059
18491
2842
5316
6641
8775
18809
23576
23560
25918
14310
13893
25994
13808
15400
2303
18382
12998
9092
11415
11842
2810
11548
10635
10756
28611
8116
8470
18122
1990
23142
16444
4600
5544
5927
1019
10473
23460
14430
24424
3416
3141
3379
334
19256
2241
18264
393
15601
1795
17640
6757
650
5263
4684
12094
22876
1358
153
9291
13829
9703
10564
10423
17698
2398
11822
7579
3385
22493
8075
28866
3184
25052
26519
26999
14011
3235
16248
21083
4495
3598
12901
14236
870
5430
24324
12539
2989
12839
16580
14127
10700
9789
10165
17737
1442
2263
29402
7119
14203
13442
5102
29146
17197
5822
33049
20734
5342
2803
12252
5328
25458
4939
6739
12213
4855
17942
6463
1809
8521
10551
19135
10277
22208
8132
9302
21930
7908
26756
15978
2586
9191
9228
2374
3985
8702
14792
3236
16905
68
16240
4071
11262
6975
19212
2452
26053
11159
12432
35245
9937
15509
4724
25256
9153
1719
13524
10315
3544
5931
21343
10698
7608
15074
28286
21798
9099
18626
5330
15592
5205
20503
13303
10085
3292
13011
24697
2726
11881
11996
14888
7992
3503
12158
11298
6301
7332
765
15848
3633
4608
16488
5743
13265
20460
19058
1054
12289
19491
9638
7174
15114
20260
15604
17845
14242
5539
6643
9079
2899
16673
14186
4113
19617
8221
17700
24992
18734
13582
2295
19645
14852
19991
2903
26598
2445
17211
2186
7350
880
12277
23912
17024
8910
14268
300
2656
26623
17711
9967
10832
4507
25283
6914
13940
13926
1396
2615
12618
6745
9263
8032
176
11498
16536
640
15016
12581
15500
27035
13219
15757
9062
14567
2932
8113
7520
21923
77
13663
20791
3336
19503
4055
16947
21399
7119
20498
9700
910
8321
1785
24748
2177
9457
4208
11459
7989
11143
11249
5442
13318
29836
24616
2469
7321
12764
7401
23995
27597
9720
17649
9423
18466
797
9493
22937
2828
1039
3111
22404
6902
2638
14836
7793
240
15079
16449
5125
150
441
4665
14874
15316
25230
14268
2593
886
18887
2751
9259
25912
10719
11433
25401
5888
2703
5019
23652
8567
13511
21541
11901
4747
8401
3297
18849
8394
21225
331
19112
16417
14121
15534
16530
27812
21733
6500
20183
19367
12437
1339
978
27411
504
10859
8684
6060
7524
5518
21759
1789
20351
13236
1264
14919
10927
6352
5073
5075
2144
26107
7235
8927
14911
8539
10060
14471
3772
7955
7172
6315
26323
29398
7907
10386
10169
4022
32854
9970
832
3297
17538
16038
4777
8732
9693
4711
6150
7533
5429
24613
5591
6198
17025
3190
8589
4892
7602
980
2538
10819
3878
7754
56
4678
2614
571
19474
12208
11683
8559
22591
1170
26545
11998
65
3438
9042
21489
18841
3664
2793
31910
14456
2091
11667
9290
27253
26568
11556
19427
4439
808
9297
12571
3279
648
14248
5986
11141
21621
7906
2282
8179
11014
4224
20371
28889
16135
3208
22716
4432
2325
10145
16668
13779
21861
6070
8497
15305
7543
15410
7215
21262
638
1981
27220
1569
27084
449
8162
11225
29493
667
29189
4700
16304
6555
9471
1327
1128
19903
29291
17421
6250
26563
14148
16453
12718
16795
7521
8799
2878
11988
15514
11344
23456
10568
13150
932
33116
11029
1202
5252
10422
8850
4467
21241
5448
9982
4897
7063
10923
13286
1049
5006
267
3169
2642
13273
12406
10111
23586
16893
336
20779
24094
9272
17194
19726
15364
2958
2565
4336
10599
18640
10627
2215
28547
14827
16802
7277
20250
26596
3594
6714
282
3543
18213
8676
11359
2682
8870
4868
2275
4838
14020
10181
8554
3489
742
10796
11538
19657
8290
3630
33229
13006
22776
11029
5551
371
5971
18035
23641
7418
27780
20364
20814
673
6702
10568
4658
19517
5034
14631
27112
12245
2352
4533
32007
12469
4071
17263
23980
26500
29474
4248
11248
26077
9009
4341
674
9686
5930
9614
10006
6800
7282
16781
5934
14725
4672
17833
10100
12438
15236
5874
19018
14727
13316
20688
23250
15486
11480
16878
15992
2401
23103
10673
10377
15730
27482
9386
22905
15659
22485
15736
7255
4298
12558
18798
16020
939
4846
10419
14852
21325
12617
10970
4695
1120
20207
1258
26522
6053
15696
6796
21698
13836
764
6512
10832
31589
14604
2779
7865
6949
20212
64
2558
670
11652
20820
17077
10930
16452
2221
138
16829
4171
15468
15386
24823
10635
6749
5197
15107
8801
6391
18630
13147
7032
8251
3517
2284
8638
14112
5782
16696
12999
8311
25966
618
3121
9737
10130
13178
8797
366
2996
22442
15528
1274
25045
12288
1049
1694
22156
7798
5532
6937
11386
1895
10671
6704
1796
14995
3907
3677
24102
22419
2411
6309
13247
10541
20513
3326
3812
19307
8138
18089
2168
524
6299
20938
2119
9579
4278
6187
8208
12587
4494
588
15648
11085
10267
5435
3241
8303
934
15244
10053
22427
7391
23788
1794
8360
11862
3676
5493
876
25132
7491
2560
16438
5811
15078
487
22464
166
14791
15132
1598
11266
16666
15350
5218
10509
8096
15399
19113
4231
25337
10622
17737
11867
7549
4009
11945
15312
13943
1893
15304
6275
25724
10118
4868
11305
3871
3452
4678
23215
7050
5011
3437
396
25763
21053
15954
16195
11549
12923
9484
8651
58
4059
882
13453
5652
11834
7560
6756
915
20279
1864
1501
11493
19837
17980
8113
24530
3999
3809
10209
10739
10438
9576
2925
16982
23780
27415
24458
1083
12447
26318
4096
7312
13575
5442
9750
14606
26881
15720
2514
11428
6609
23978
25574
615
10558
19432
606
15256
5154
18449
11213
10422
1725
4341
19300
15869
36334
6350
1169
775
3276
15210
3466
19706
10738
10492
16904
1887
9391
17794
3367
10253
2745
14122
16957
2592
26901
6490
3392
6488
23211
10438
9527
6432
10473
2873
7443
14231
3316
13034
19752
11516
16207
5459
25443
25557
5637
10556
23518
3295
1443
16488
793
30859
3852
1844
13049
25388
7640
1019
23392
8725
6519
15853
12947
726
6224
27311
7911
28658
13671
18915
5434
13720
1263
6832
13984
29655
23527
8977
12691
21314
12704
7490
31138
891
610
27690
20223
17486
0
5044
3193
22138
7796
13285
6182
7999
21358
12790
6761
14551
13278
17596
16547
4094
18777
10304
25879
10427
7762
7275
23971
9339
2762
305
10409
9589
4463
5058
3593
6062
13588
19391
3445
23694
11610
582
13961
14345
15613
5304
6852
16847
2667
1086
16665
28605
4945
4352
5152
9991
11152
27880
4022
10818
20212
28134
18113
2568
10585
15534
6814
26066
10556
20836
7105
12629
3525
19246
10973
7198
15215
5583
25118
8320
8099
25811
12852
278
12036
29742
5682
12002
22294
11059
6573
4714
11395
15997
1340
27774
781
7212
4611
7758
9061
11848
99
15239
20891
10109
2159
8985
10092
333
25057
33475
21
3848
14208
7182
2782
5121
12805
7520
24931
2133
5913
17673
2532
30149
19410
22215
13198
10898
13942
11540
2631
12528
8769
27925
13244
13470
6666
32228
5045
8669
6477
7636
9632
7285
23694
23201
19754
23536
9316
15438
13864
77
14009
22869
15150
14243
25103
2028
4396
13771
1256
15034
11231
21335
1919
31530
9203
5800
11869
1437
24813
382
12525
13243
4324
2460
7750
22093
9233
10369
10103
2720
7283
19481
6719
8953
170
18038
8681
2398
4497
11406
6099
10086
1602
24182
10125
10265
1538
25104
363
22660
17258
15044
10196
8856
28445
20472
7909
9338
3964
12842
6404
5300
11834
19120
13413
23756
15669
2558
9540
18410
10819
20012
13549
13457
16326
10869
7067
1987
7752
11492
8382
15910
11819
13952
15979
5952
20798
2888
148
17515
15401
4134
17456
5736
2163
431
9760
25394
24691
29645
7584
28282
190
849
19063
5767
1722
9514
10523
10491
9530
26550
20164
22996
8121
25689
6650
2115
14895
9479
19490
15782
5706
30650
4596
11552
15334
3187
20029
8096
5466
2249
8191
5022
7785
21679
20262
24417
6878
10852
23977
2535
15581
7807
7794
8492
9887
21148
6865
16312
7484
16691
18910
59
12988
14261
15830
22964
13681
3291
16789
19335
1000
31333
15102
20552
21879
6075
3525
15825
19770
1047
19080
5373
2141
26694
22472
10508
1794
9226
3314
887
17941
20164
21352
2378
8964
4278
20007
10973
6499
21579
7019
7322
5054
11803
1879
32698
21045
2640
25739
15131
15775
10729
7869
10158
5707
5276
5427
3363
22741
13626
17767
18352
16658
19088
19911
35465
22874
763
18835
27600
811
12547
4744
7487
9689
13375
27515
21078
3560
605
15722
6833
16874
8148
5403
18378
10421
19189
16163
17377
4751
14919
7518
8870
31900
22940
10890
30995
1963
3501
11952
20413
2301
123
6597
111
26616
6875
20285
13792
23600
14223
360
360
27192
5834
19743
1762
16634
24837
326
5782
6997
21570
27252
16278
2129
9648
8025
2106
5657
11944
12657
721
16317
20632
14707
7114
5368
23326
2701
6078
26493
28935
24694
9680
16324
11159
15599
2869
5301
19334
5580
4303
13971
4538
1225
24633
9266
13715
7230
927
19590
5632
17301
2659
10908
15863
20198
1615
3195
15741
827
1075
16986
1981
213
13743
1110
18351
22045
18224
20244
1403
1474
18551
711
12884
12761
5417
19040
9893
9374
1734
7032
4273
20972
12841
11883
24544
9498
3643
4059
11693
910
3880
3433
13546
913
14531
23946
10577
12307
661
4385
11595
14017
11901
19277
4269
5346
3905
18143
6144
7017
947
1123
13966
33137
10482
17374
17996
285
1608
3684
6229
11980
21268
7597
15907
27566
24807
28611
25315
9966
4386
14667
31197
5972
15440
15892
1017
6060
12851
23712
11618
6326
25323
6189
4332
22581
11937
20125
4330
5614
27508
24181
23904
17095
4487
1214
3647
7161
5884
7641
16659
464
11451
15762
32526
13120
1865
16291
10398
9002
10500
29197
20562
10552
17749
18066
12173
13960
15935
12482
19622
4714
1214
8750
6480
25382
20557
14517
941
29927
4224
24732
21287
7342
8475
23017
24876
6026
4492
13008
1979
21036
31509
6058
27563
5634
5654
15050
19956
4959
13992
22928
359
4952
7579
7434
4252
2760
4359
6621
31413
8024
14344
12594
10269
12008
15337
3010
1581
17918
4759
1754
17344
15072
2868
1016
10040
3084
23005
20084
11977
1523
12435
20962
29257
9649
8383
11828
5684
2514
17256
5380
5378
18764
25060
28970
12342
4320
845
30042
12765
2084
2908
13972
5335
1558
13450
1218
27261
1516
1524
15470
7190
6824
15104
5961
14919
6958
5091
6701
15277
14428
4907
16442
3990
22254
2683
16211
16890
30732
7206
20023
18865
16632
22491
7339
7725
0
10720
5302
21257
30610
18526
14097
2196
13102
22743
5279
1538
12111
6206
14054
14261
27138
13630
2223
11670
22193
1279
31319
10325
11999
10144
9913
19662
17949
7567
7393
3311
3393
14687
6925
3524
4299
24719
8986
10437
1821
551
31989
15333
4423
2057
30780
6575
4902
5231
12382
1144
575
4321
3375
1994
6066
20021
16334
5206
3902
2553
9380
6335
23062
12036
29986
11695
15707
15477
9547
6021
7891
4404
16562
9650
19424
7659
1530
1503
2341
7060
22577
2099
15083
1692
1087
2227
11537
4670
12593
22846
856
7776
14271
7698
22683
1801
6796
34020
22060
10420
3456
3749
8396
21933
11957
2077
6172
13045
9024
8025
997
17993
8611
5934
6441
14235
1951
14242
1764
11747
17103
245
18216
6676
9390
11744
11010
9608
12277
8450
3554
8749
512
7453
2919
598
24530
21287
15015
1842
6138
7275
14386
7516
6909
1323
15935
6546
1388
7582
18066
10413
13087
31534
25373
3902
1893
8830
5329
2397
10314
17803
8433
25549
5369
21398
8321
5283
3651
8280
1948
8612
5392
13410
14182
9017
20283
2440
27269
4603
14339
18542
14006
15978
12869
11872
17462
17814
5718
10314
20911
31193
9643
5296
13698
9008
31271
10153
13142
18665
7873
21885
24544
5750
5335
10667
15445
3331
8037
5795
17361
9644
18885
20254
6315
11191
895
3009
6003
395
2017
13563
14973
14217
9323
22499
4941
13132
16599
21973
4555
7781
6358
32224
28093
8876
24214
9814
23323
19262
25586
14826
565
1308
366
13955
4270
16446
6652
15309
11225
9332
10779
13235
4406
17319
4387
1426
20106
18194
18640
21071
5069
24335
13228
13775
15534
8071
17797
13588
5652
27802
19092
27029
25527
838
16715
14373
13708
11838
23410
2615
8061
5602
1823
13263
22353
3747
1094
13393
18485
630
18925
13170
1808
26496
11745
6058
75
720
4127
605
1256
24359
23811
27056
35520
27988
15961
1527
16500
78
13958
5272
1243
1457
15014
14597
12853
9665
2404
6178
25613
18323
3039
9234
24904
29845
15421
23267
15864
7920
12396
29520
1709
8556
12432
20575
19367
2165
28449
33418
4184
18200
22573
18125
6289
33175
10048
16030
10188
9483
9483
2616
17814
12957
5072
5866
4912
21046
22050
8614
10781
14032
258
28232
3938
8485
22376
8613
13472
27883
13891
5600
10270
26740
16525
3924
2481
3944
1722
5183
22000
22108
14587
9693
16104
2227
11005
9410
2525
8519
7422
2678
3296
14796
28100
8002
6733
19513
10263
12002
6775
14260
15024
34015
8841
5191
16633
18782
5780
10226
4699
3081
22350
5544
13471
22728
5605
5979
3555
8134
19365
11543
10679
6565
12257
6376
6935
27135
3663
12035
7937
18073
11442
7622
15661
12219
25406
766
19771
9930
2717
18551
4986
18533
18928
14292
554
16583
17317
1020
23807
6711
12625
30558
7487
26815
2497
623
8351
19599
10406
5555
3026
19032
22479
19361
1219
33648
4267
15820
15247
7193
14139
638
6993
16296
6719
161
9207
9957
3873
936
22148
4549
2255
12515
3627
10289
5127
32420
6328
12428
17417
9108
1605
18228
8570
4965
805
4211
12058
27959
13317
14022
8441
3245
15799
15196
10930
4063
487
8852
18617
6266
1914
14872
1962
27056
13549
4006
5589
6117
5570
767
25179
17539
25354
6210
5164
3373
22341
17736
14726
20825
6705
3290
18438
21509
169
9280
33488
9582
8740
27082
21728
21715
23452
4616
18264
20100
22422
2543
11095
13450
754
18063
14914
4446
13382
11323
6318
1252
7043
30690
3609
12840
17117
26184
2741
1847
14007
19879
5268
32143
8534
2477
836
514
998
1415
11429
12998
4746
13754
15379
6108
3736
760
5016
8507
15446
10545
24595
1613
12965
17975
19015
16911
11192
11833
28332
22233
9213
9423
3906
1247
1390
17779
1730
1945
21563
23295
15815
6263
33820
7367
4992
12937
14048
1473
4294
7474
25174
908
882
38141
3899
16117
26653
16145
26796
2609
1262
9340
22821
20041
24472
13531
12608
2790
5904
3316
6305
21177
20614
11712
3910
5955
16637
14612
5376
15721
23436
5463
2032
18558
13054
19100
23844
6929
13807
22108
12785
11363
4928
29472
1408
21694
12181
13323
1403
18563
2537
4532
16845
558
1895
10798
388
24336
8103
23301
14487
26548
16431
3027
15084
6117
6624
12443
15495
15022
24261
5171
5571
10210
2179
6127
16513
8434
5489
2711
23465
15982
1783
6944
18224
25748
1043
6962
7076
33248
631
1237
9739
8834
11598
4974
12667
10024
6072
9825
1394
8991
15789
12390
25620
15640
10393
12553
8511
16197
15255
12004
7229
371
19264
2619
12128
7862
26963
10250
16383
6028
2877
17997
1211
20610
13717
8853
9917
12795
7309
15667
7272
2147
1821
26610
14936
36384
19207
5258
1806
1452
23536
13708
26360
7483
3714
26070
7268
523
1915
26705
12628
13262
4359
11860
17378
5437
11212
2814
25261
19043
2161
7895
8094
10620
19192
6749
6072
3130
28146
10385
10593
1981
21696
15491
6108
5018
13949
1023
8234
26092
4211
11772
13969
4189
28961
80
29728
5462
15488
1890
3407
12374
3724
10977
17291
11321
44
3820
26761
7536
11982
16537
2264
7652
463
12817
14714
6374
25044
3698
8197
11874
4910
21868
6793
8039
8094
2563
18052
10975
19455
7693
5600
8140
416
19307
12882
17335
6045
9591
24993
5813
28720
23852
2227
17359
11647
19709
3787
18505
19182
24029
6411
3486
2268
3013
9576
27740
16098
6714
23684
15969
454
17733
6526
4039
14532
31212
30752
4790
15601
13185
4965
12242
29505
13577
21165
15320
2465
3349
22936
7953
20256
2489
1259
21411
13319
8
4226
860
14134
726
20136
8777
4550
9431
8466
7693
8698
4077
17255
26412
4842
28
20967
435
20420
8347
18299
8767
15033
27375
4088
1260
8001
9682
14659
15652
615
15020
9148
24439
921
13954
3535
9370
22496
1259
15358
13524
17263
12439
2025
4382
198
5703
4161
19624
10695
31854
26607
24803
9715
2209
22326
3698
18346
4774
5668
12629
8297
14434
12219
5978
57
12430
6949
345
10056
3690
7405
9755
8751
11941
12465
13271
21981
11906
16085
20114
3925
17406
15486
4512
16868
12543
16635
7681
10
28101
13580
13603
12707
23421
8226
5779
19210
12702
10144
15052
11319
5320
1172
7893
14881
19689
7790
11772
23455
164
2590
3550
10076
9310
4397
9327
6032
15472
2673
19926
6404
32620
6874
581
10709
20088
11116
23064
10854
24110
5319
2209
13398
385
10281
3632
10372
32429
24980
10
12810
8279
4161
25084
14503
28960
507
21800
14459
6215
2029
2575
8879
7176
12742
21656
4611
10411
8389
13417
17509
1836
24611
7370
14447
5927
21565
10405
3724
178
9334
5247
13112
10454
21465
15575
3049
1184
10435
25474
23658
2910
22119
3008
31
11111
20756
7363
11418
19992
27309
18145
4115
3051
23819
23414
25183
5655
17346
17699
6324
5008
22067
7454
6807
4305
1792
666
15095
11499
25721
23414
21287
22387
22942
7555
9242
25599
16165
3449
5
33237
4634
15181
4758
8787
31662
19258
29121
21661
9840
32722
10380
9444
12407
12718
8986
6353
8814
2060
33391
2854
912
318
22152
14069
32096
16622
10683
8983
2666
981
4548
459
26826
6183
31508
11788
25442
21851
11332
10250
16859
19279
21765
11348
3499
11073
19216
4598
1939
9700
4724
5877
16166
1431
19839
14722
24793
20207
6801
5665
9037
55
2599
21757
3077
18615
5204
16013
1367
20386
10593
16567
14936
6030
15267
11254
17361
30515
1633
14634
22315
25401
14333
4187
18382
5599
18679
18543
39
33026
2099
7750
32105
10134
13900
23051
4092
8465
17581
23567
4416
13997
16899
7712
1056
13568
16361
8355
17015
3580
20318
921
17443
2356
14005
7853
14162
11607
16538
24088
28769
238
6724
8510
7511
20671
158
3870
26669
4638
21930
1681
16249
1228
8899
14680
11658
14865
14198
29633
28310
9401
4399
11068
3656
2056
11954
942
4349
3438
8643
16274
14742
1758
5595
17149
700
11123
6031
2450
16328
5350
7659
7272
2793
6151
5434
5201
8242
12
13780
20223
2169
2641
1181
2422
5208
2775
17883
5145
5427
30172
1953
5518
10217
9934
7456
3620
23571
6515
19852
8713
10919
32707
24229
24701
21628
8303
5078
3541
6215
24274
24168
23458
16015
5284
6535
1788
16483
61
1558
13925
31500
2989
31955
13341
20488
28218
2007
14845
7925
25845
2243
11165
20909
2225
874
9217
4656
14231
4383
10894
7124
13158
19764
5422
21303
10850
19048
3070
7234
8775
5947
4133
19696
14968
83
9662
17000
17805
13248
14614
6202
17504
2530
6674
2264
1987
4941
1789
26895
13713
3035
26402
423
579
1225
10933
7382
19148
11613
19853
10389
757
9160
13445
19173
4491
18652
6412
4798
16390
14527
11307
21456
7769
19644
33564
3221
9319
5109
17813
8772
5927
23521
9534
6911
14289
27389
3251
2398
6593
3041
603
13886
16801
15429
782
10260
14382
11876
17930
25662
14200
8776
23069
7766
34539
21572
1087
29003
11898
9139
17715
14723
18175
2562
612
10249
11092
420
4137
1189
11669
12106
19097
22930
14873
14317
2803
9760
3851
30601
3555
1419
5699
8271
7585
22647
6342
8489
19858
14237
15245
27296
4772
3401
13881
16065
27094
9260
24190
2999
677
20780
11882
2147
8974
32821
12554
19907
3108
27688
20013
2909
3869
2455
12263
17726
6177
10534
15161
15729
15824
15599
2514
9707
25474
19588
3314
4212
1127
23287
30927
6635
2491
9659
3273
15852
11019
4518
2282
13145
16983
9147
5821
18848
15347
1988
681
14493
1474
6772
2795
4353
4737
6583
4300
8841
29048
19510
6145
8618
10175
3306
23703
10796
10278
22015
23148
25015
33077
20253
7416
7803
28476
9130
22088
1929
23604
12485
4513
6689
25311
24460
913
16256
3072
10985
5253
25077
4574
16776
10658
20488
7920
120
25332
13578
8874
3379
12936
21954
8281
26
26467
27956
6757
22517
17811
2385
18275
11373
16411
6872
18505
55
16500
66
120
10438
1687
14366
5936
26887
14262
13018
1611
862
15021
8653
5356
5974
2480
8422
23724
618
12163
7018
3629
25731
20780
13313
10989
20848
5599
4161
7818
1328
7867
1810
6459
9929
20404
18766
18574
24123
14549
5943
18993
11387
5288
7087
24166
2921
1945
29262
14205
13636
32850
1218
7806
826
15417
13590
7896
25407
21344
5750
33231
7669
1923
3733
8178
10601
31564
20308
4640
5533
706
6850
6460
27094
5884
5817
6391
1477
28583
327
5147
1652
11016
18010
932
33349
1979
7174
8399
4077
318
21202
6161
17570
16582
21456
4419
14502
145
11702
15986
3270
23753
9563
1032
9898
343
29926
23609
1051
15084
17786
27053
19376
109
14451
12657
14112
3789
11316
10229
4823
13975
23749
1529
7917
5204
16231
15969
11741
21835
20499
7902
23334
11300
20976
13308
5577
264
14404
1053
15870
9108
6775
17136
2012
4238
6180
14758
1639
7641
16897
4494
19814
4634
21360
14483
16183
2161
29905
2797
1733
2499
4808
3399
4537
16141
14067
23977
25233
22801
11433
16705
944
17300
4240
5479
8248
12164
13236
17884
12730
223
1699
17495
26319
8773
3488
7761
25699
15401
23518
22226
5306
7590
6253
4018
19247
3627
20307
3114
23011
17928
1476
28852
21793
2078
5346
157
903
5543
4504
1030
3900
24500
25298
4905
18407
18429
1058
1297
25642
6983
15707
25613
372
2953
27877
10811
16244
113
12371
22170
18618
25828
17453
13937
14289
6851
26217
3721
12635
30442
5637
9052
3771
23682
4186
30131
12821
12728
15842
16450
18638
20603
1315
11283
6487
3735
8168
17782
9191
3669
20984
5274
6347
887
26841
3289
1969
284
9928
27690
10090
24639
5683
966
19733
25176
18537
16392
5424
10079
21056
5249
6558
17070
8067
10994
2036
7154
