2837
7391
191
1110
443
962
244
1310
1857
2697
2040
1163
2221
2863
4113
1396
2195
0
2093
4443
2733
163
1725
2660
5909
2850
488
3214
618
5588
1724
7052
3323
4067
5610
57
7489
2725
8264
3702
447
35
680
6690
7063
9440
5025
12165
9414
8970
9218
7364
5283
6915
6352
3755
8678
3675
4228
3903
3740
2700
10926
4432
8333
1702
9411
3729
11401
2999
9456
2459
3670
12862
14062
6869
2472
8363
692
2790
13386
5493
1119
5821
6103
5461
8864
3279
2373
7511
12756
13532
3927
5482
12137
4829
2625
1143
3046
9777
1392
3990
4881
7189
6617
4445
3337
6551
21957
618
14560
3395
1422
7909
6245
3431
8674
601
4216
7173
12288
306
18156
10183
5981
13864
3150
1491
713
4788
7010
724
21
10536
6733
6897
10468
694
4631
1748
2214
7293
15455
9567
3245
3206
10025
8429
8332
3239
18493
6976
2938
10464
12125
5400
121
3821
993
16291
9696
16861
2625
1905
12972
6029
1555
1058
2346
6800
12363
11871
11208
187
10618
23464
12100
1378
4006
5069
21000
7020
12652
18922
246
4701
4686
10506
18746
7489
13800
1905
0
1254
118
9033
3214
6849
14298
21766
13665
2079
4515
868
585
5182
17343
8355
1794
21605
131
906
7629
2509
646
19693
20231
5705
9962
6130
9545
1573
4216
9420
4633
1972
16004
22325
12191
16961
10161
8630
7539
16868
10453
473
1719
19312
8588
281
7722
5558
4873
2241
8754
7034
8202
508
18338
30
4570
14170
23067
23417
9623
1716
11799
14689
2370
1886
1703
5941
15004
10831
10550
21549
5606
5948
13660
1141
7605
1202
14736
13577
15930
6806
3622
489
5260
140
3941
3291
17802
3107
21651
15789
7124
10145
3758
636
1465
9607
14197
4844
17395
175
842
14779
5059
7179
214
6629
599
6838
15855
9990
7924
172
9528
4507
9825
7511
599
23354
3196
87
8100
21259
8424
18605
2477
3472
10698
21561
11855
13089
2535
1273
9635
2909
1965
20548
6248
21042
10382
748
9729
18343
1532
1898
19667
3121
438
6237
15381
10426
1526
19236
8525
3335
20497
6322
2283
7914
13227
9960
5637
3041
1682
19073
11613
5392
1775
25050
19761
16105
19513
6307
14203
3330
24352
22864
1994
14302
13122
6182
16332
1549
4383
25944
11171
14561
6491
11692
5861
9036
18713
15872
19252
11735
15946
1058
413
20594
7907
9003
872
20917
13280
4141
6494
12506
1088
140
5076
11493
7219
3658
12273
6633
12193
4525
2841
9161
5336
11435
9069
4514
4667
3772
904
8484
3993
2699
8686
104
4812
16849
1078
718
20107
1818
3790
657
28502
16906
2535
7962
1849
13050
10738
423
15135
9688
4768
7468
15683
12158
17186
2145
10757
975
3866
1864
5629
5828
5517
9841
6442
8910
11243
3642
11153
17014
16313
8559
6346
22288
18808
6072
14357
6128
3513
6738
8496
1028
5049
19379
19842
3962
11911
11073
910
3767
12770
15054
7878
8953
10172
10169
10523
7535
8620
16241
942
5066
6098
3405
20393
19115
19572
5344
10890
10442
3747
11307
2220
6625
27824
8798
894
3458
3313
11267
6512
15379
4279
18699
20459
11560
2034
1798
16135
10629
11320
6911
6846
2990
4127
6539
13103
621
20675
2228
17286
1605
9369
27648
11519
6563
234
13151
11707
16899
10550
6524
4189
4778
24308
12140
8204
6244
8480
6468
6676
11813
1674
2945
8542
25331
12880
9191
17291
2792
4235
1067
10710
5529
9388
7996
12406
296
6807
1592
3948
7839
8066
12368
21685
24643
18260
18213
9391
2161
1109
12727
6121
15378
2416
5113
15892
6009
12115
24315
18763
4473
11978
5838
13236
3367
3786
12196
9135
12083
4923
14848
6217
8094
11812
25824
12500
5808
4488
4058
752
12606
6851
6620
23804
23304
9879
304
3237
8721
1621
11141
11620
13344
4400
17423
3538
405
11242
11475
20057
23980
5230
1484
4080
9434
24161
15786
14232
6884
2244
13521
24499
15281
17431
18519
2250
6852
12923
2476
2841
2606
11606
17521
4969
3922
663
5240
2400
26762
195
7721
9371
16095
1645
11756
21273
3649
10983
822
16981
6474
1312
7247
16584
12235
3224
2883
3067
2124
7218
9393
2176
16097
1739
2223
2367
7010
22093
11272
1270
6573
1035
3060
5575
11353
4017
1929
10962
13915
19108
3228
11598
10386
17061
11541
5075
27221
7981
26761
14651
3712
3491
10289
3610
15328
13540
475
5550
136
9797
15837
21817
3003
13458
1580
8820
16562
9433
7931
11950
1160
4945
7652
1741
3792
9400
14601
1453
7035
10782
4625
4051
151
1898
2830
1944
9727
2164
4254
14033
25312
2128
4364
8429
14179
10351
198
635
22555
490
1301
1185
3649
13544
9053
4229
19253
7858
4490
9978
9401
17492
8263
5165
15709
5626
1278
7120
8294
6065
2796
7965
6109
6261
2053
1153
1610
750
48
1825
9423
7659
12219
948
356
18838
12808
7950
14718
6936
1273
3782
9024
11078
15507
17557
9997
2928
1819
7783
2537
18068
3546
7213
6406
2166
13964
831
4199
186
22156
9771
20710
1384
11918
5696
11333
11157
4390
10823
3448
2701
7784
5742
10941
19190
8874
5878
8573
2733
4267
7638
14470
7100
6306
2469
4882
8617
1687
2219
2241
73
15824
1958
16179
1863
10163
6771
966
10709
7884
1689
22632
8724
7704
13505
9491
5086
5530
2981
14190
6585
22600
11587
2462
13363
7412
13087
4468
7146
18228
12885
983
0
3751
11213
2842
2238
14731
13359
15264
18131
5051
10020
5671
18174
3451
2045
25926
17078
16095
6347
8405
16969
8692
5461
11101
2686
4857
2111
11321
18695
4565
7983
251
12213
13137
651
606
2036
3373
10325
4514
806
154
6348
4582
7041
6090
2337
16683
1510
5342
13740
16151
3367
448
4758
23214
5498
10132
6653
6043
3349
10694
6152
289
20811
10631
1844
17180
5327
3437
5000
19595
12144
518
9095
9108
19014
9553
815
18935
17725
12976
3830
12167
4716
4361
23275
12776
2376
10173
645
16575
840
13453
14465
5597
6044
10624
3362
13368
15447
747
16241
1132
10722
20926
18970
6385
2540
1096
22720
17305
3070
13010
1078
2034
13681
26341
14626
3997
4650
1273
11685
16365
4455
12178
13524
5030
19183
2414
2574
16878
26814
17354
16799
5918
18145
7693
22425
12684
8699
526
6421
6420
19452
9618
6071
12377
21019
18567
3276
14024
5043
12565
12225
16032
2861
8387
7264
16360
11040
2997
2184
7855
205
13460
6468
24233
19538
1925
12470
15250
7446
6833
8288
23624
5747
10978
1499
10550
8793
21559
14886
16267
3175
11935
8778
4237
699
13727
894
5242
418
9465
16192
6832
4813
5391
5551
949
15993
3819
2644
14911
2581
22080
11051
13016
5743
12010
16990
1937
21844
4093
14300
4684
3062
304
3290
10542
5750
1705
7216
591
7441
10461
7354
916
7934
3890
11601
3662
19057
4556
9188
14167
20943
7121
21305
13726
24881
5333
6267
3534
3076
19328
1074
11313
16556
24687
1947
28036
5080
5252
14856
5354
9841
8903
3857
1301
7912
3289
13214
21564
6198
5348
8166
1756
14409
6047
2748
24795
4658
17039
7348
24600
13559
2923
11427
3516
8238
1831
9857
3705
11223
12727
1618
8231
1706
970
19850
7720
14508
17026
6995
11801
9490
18425
4451
4277
2814
11464
9584
10498
16613
15532
6848
19735
3486
1331
1891
22340
8571
906
7133
2638
6508
16716
6306
3673
4668
11590
10120
10463
11664
6630
613
995
12445
14618
5733
3884
769
6476
5736
2588
21810
6055
20456
2702
6041
7275
8457
747
7120
13731
13902
25747
1819
463
1518
8364
520
20419
797
21729
498
6869
9072
6652
2139
11170
5587
1370
6813
3118
4610
5119
15984
17829
4582
4768
511
3819
17122
7451
4740
1215
8885
4551
5593
15878
348
1780
4423
6223
6692
3183
9419
12299
12430
14772
936
9002
1251
13750
9484
2334
2601
6221
20668
12948
17995
6408
5229
9430
13971
11981
4337
778
12963
22204
8009
17484
13282
1531
1273
265
8109
14139
884
17206
16937
8827
1061
20415
3615
71
494
10630
10337
2179
4817
4075
14818
1564
12256
14240
13841
2578
1991
3524
10426
23752
35
18857
1775
27843
15076
2262
478
4257
19276
15524
26096
24592
20658
21363
5859
11216
1131
3204
8708
4010
1573
3439
9862
9646
10599
7890
8266
13216
22128
16879
1063
8902
2875
1740
9932
8182
4753
10630
6392
18712
8686
18260
7277
10401
608
17635
10567
20891
10918
23069
22434
6654
22764
2243
1773
15393
15686
937
0
16317
410
18154
8127
7593
11170
6097
5415
959
10623
16897
434
18766
934
4356
6941
3766
743
7044
0
1273
3116
24612
3279
7216
734
1323
17607
4628
2048
892
14066
2877
6117
8269
6026
8104
17288
1713
26090
10355
4281
9830
1202
9812
340
10520
12985
14604
14508
12744
22225
12599
13081
13310
21871
3505
5359
5960
9076
7796
17954
17796
6728
20480
6184
11018
11744
15809
8068
18829
6675
5168
445
24376
1202
23539
4299
0
2210
19522
18473
19792
5751
14355
8208
13034
126
13861
16467
9647
17042
0
12474
14357
12639
6329
11346
664
2120
2857
4079
15790
8495
2544
5991
4866
21416
1059
2395
273
14151
3862
6513
2951
8351
5135
12093
11725
3252
22271
10702
24504
11847
4331
5218
6514
5439
7990
9945
19504
4137
2495
21262
1629
6602
3957
21510
9397
11895
7702
2116
13056
8090
1321
9622
13395
1246
13858
1146
3765
3205
3198
19845
11006
9898
18852
9669
2282
9296
17081
146
1562
1924
9544
9036
5338
18118
5526
1530
8959
18253
382
3524
8641
20069
3802
1779
5408
28322
4491
410
22348
5298
11007
14865
4605
23779
21745
11519
19934
332
1964
137
11267
17797
5752
9850
24908
12625
409
2943
3118
11166
8287
1533
3702
18994
18320
8605
23640
8147
1780
14854
4870
2558
4093
28010
14021
1318
26994
545
9513
2536
12171
20144
12506
4276
21250
10017
2551
11313
28418
9057
18074
16271
4993
7900
12067
16934
24205
6365
10691
7601
18803
2676
11404
10797
3394
16056
28549
15808
1437
4698
2987
17984
5838
5813
320
18325
12087
19553
20045
1918
6668
6693
19186
24429
26223
1085
16318
25882
1230
346
1027
2749
2835
3387
4170
5817
8825
16640
6489
27113
17760
27458
12428
22779
202
7802
18158
495
16484
13067
11846
10868
13408
13390
5338
10947
4984
13158
2408
19084
5181
10680
18287
23150
20593
1515
13644
8760
4194
7347
331
11391
22663
10047
18823
4717
9938
18109
4468
20034
14273
9709
913
433
5417
20641
5182
13620
12759
17539
8810
22821
2068
24814
11193
1296
6076
3559
9549
3826
1810
17734
9550
1822
14249
6930
14581
61
4325
1246
11832
10702
4972
19027
554
18727
25793
6250
17969
5424
1364
27441
6795
6933
3204
8632
71
5715
4614
16657
21113
10774
773
11714
11926
3806
7415
9482
8928
25711
1781
18936
21374
10139
2204
1952
8377
7587
18319
13627
16929
1515
3875
9002
23481
8698
14452
17172
2498
13304
19625
4128
8132
5422
13972
1810
23686
9288
20933
8766
26871
3607
1272
3760
5764
3570
678
4948
5106
685
1174
200
7182
8947
9487
3622
9470
4676
7992
12361
12353
9903
17557
11276
18336
4462
13904
2679
6625
18959
16366
549
12074
2843
10286
5819
342
5755
2133
3867
7002
25398
154
8126
4032
11781
6524
7747
1722
8947
4736
7509
12479
18863
2310
5043
7831
2264
6825
858
26468
8706
6204
6451
10209
19183
8453
1877
7775
12783
7310
20997
17315
2716
23062
25396
8537
15527
11974
19924
279
12071
652
1626
12149
6571
8687
2357
2476
21202
3664
1287
19206
9756
16081
1867
261
3238
15958
7599
12275
8876
10492
6339
16921
20079
3878
4213
15030
23963
7609
4554
16595
15054
19177
1474
11744
13397
8806
4923
10201
5790
4238
13009
1889
14984
816
1060
12430
12128
6082
4309
6841
21161
16369
363
13215
1191
9120
2064
14123
6357
10397
24945
12921
12794
6610
4786
22236
10432
10705
21775
8471
27683
18165
2259
7733
3000
1880
18780
10579
21268
3841
11236
25934
9286
9930
9673
17152
12611
18204
2815
14227
3065
671
1131
7438
2970
686
24976
6589
6682
12056
19199
4267
10967
10251
15293
1019
2434
12828
19178
6483
8284
684
11005
5420
23006
172
1176
19019
1203
20795
19313
10442
4109
2079
1924
11451
11063
17192
7226
28145
13082
21781
5478
17915
12395
4196
4318
1000
6893
123
1560
10313
19252
11439
118
3241
2776
8204
1765
15663
7643
8288
24186
6213
14126
4766
8063
18129
23762
2444
3182
6376
8703
4439
11522
22356
4587
26423
7470
14083
430
8891
13034
10857
5554
3359
6020
18615
16361
11492
24422
8261
7122
9049
20647
9550
1348
17006
12640
16669
1623
12250
13890
8141
18847
25042
2116
19318
10760
2631
2997
1251
7623
445
15314
2106
102
1900
19958
23119
12656
106
2046
2214
9217
9066
14889
951
5782
14976
11754
24402
22481
2681
1462
4647
12389
20003
23416
3073
16812
4373
20731
22763
13574
11360
1745
24171
15163
16377
3508
674
6052
7344
813
1758
2416
7999
3844
1957
12419
26163
12477
23117
4557
2880
3163
11103
7991
3052
5072
1855
3732
23552
2059
13608
11226
7207
7336
24512
2374
28828
17507
9260
9398
17550
22459
13289
13429
1685
19472
12030
15883
552
10274
7773
17223
3447
6690
2608
3745
2540
15653
7555
1138
26271
7012
1224
3834
12621
7387
12429
5083
11151
780
14475
2571
12638
6235
2278
3627
22768
3467
16462
7262
83
3453
8893
12872
3690
3936
8047
11355
8187
18346
10591
8406
2550
12112
15649
17805
10496
2272
6058
3397
1526
37
17639
4884
20194
6585
8919
8691
3824
15581
9099
15845
6888
5892
2949
5236
5768
2368
20542
6748
15426
10637
3765
2334
2112
4610
11703
1160
350
204
14718
19690
305
11608
244
12830
9340
977
12603
9421
7549
22739
19130
15971
25356
13857
12776
13101
17530
19383
3687
1647
722
11180
14974
5898
1189
4678
1910
6021
9429
19734
9205
2300
1913
1870
5611
9978
15981
14719
3063
8647
21655
4130
2499
3700
4321
4358
5385
10681
20479
8641
2702
437
12991
13713
3934
13666
7137
21545
23427
17817
3123
107
1495
19670
114
13004
25188
4268
1209
23603
19371
2247
12999
10926
18204
6188
5320
13127
5710
17260
12457
21395
15916
7913
851
17690
658
367
5242
2658
2797
5764
2024
3454
17096
20410
11962
8737
19340
6340
15799
2184
6437
8351
21751
13225
3355
3254
10514
17003
5698
14121
128
12709
3808
1288
16469
21466
6561
5165
18373
20522
4455
660
1768
9397
4918
5876
9543
12135
2216
3115
98
21654
17935
12865
12078
9852
8505
905
17009
12187
3756
2542
6105
15394
16819
3067
5117
23041
7267
6341
942
1970
375
12669
2869
9622
6501
26436
15702
6557
5884
21254
7589
11224
16450
6775
12344
4277
17419
9665
2702
2718
5567
6831
5418
15648
2025
1551
11876
8238
9285
2610
1784
23380
9916
3462
2724
706
9133
8167
9917
4657
7875
16299
5230
8534
9039
8409
5584
3388
12107
2260
11967
2445
15516
8803
24031
1626
1262
3640
6744
3370
18720
18513
12175
6159
2346
4231
5171
11918
4662
11357
20344
13260
6309
7720
1611
509
10515
22780
18083
1449
7899
14285
10752
25142
3958
51
0
5953
22755
1488
12592
22059
2511
19049
12741
2577
882
21823
24147
16980
2285
13279
21420
18869
16730
2486
15179
10074
14443
19685
5779
926
16076
12020
12509
23978
5506
2597
15239
4210
16124
15799
6949
18980
8370
17229
5559
495
6844
5525
16624
11022
2438
2205
20812
9524
8602
1214
13817
1754
9456
1499
3999
7000
9149
17188
3829
3389
21497
15566
1991
2767
3777
4713
6877
9323
24054
22448
9466
4453
853
1159
23186
15482
13985
17613
9872
5744
17028
2512
9935
15896
27807
7488
1062
7024
2889
21541
15475
3900
3030
16774
1606
13553
14606
3613
13810
11210
4234
322
565
10543
3323
1505
3102
9668
4624
8004
3409
12691
834
19640
13620
7547
5759
20119
10002
6752
796
4636
9911
15065
22697
8400
13504
15572
14427
20866
2966
20606
863
11591
12767
13232
149
7220
15335
25311
6975
12432
2845
21571
16835
429
6309
10453
7850
7182
5488
8607
27037
4671
15242
1334
25670
21614
17913
6356
10201
12840
1419
2311
4032
22442
14161
9513
3101
6385
10696
19126
13846
18634
803
27194
13594
6786
19897
0
27499
20977
7507
1
3586
11464
3459
9145
14371
13958
23845
10232
8956
14318
8061
14330
16956
2695
826
18273
9695
17805
1487
9228
5051
6764
12117
10792
6006
20905
7751
5837
3930
17402
17097
11598
5284
19953
14614
8288
17571
2591
5408
10152
10200
11387
2658
12110
16563
5856
25723
17888
5219
5039
1100
17837
8492
14483
10347
3002
9525
7710
11202
12211
9480
9054
11290
10694
4581
19307
14713
16520
20038
2969
16591
1025
19226
1380
1405
10078
15472
21358
12991
2006
2766
2292
29222
4588
12329
24123
15193
5468
4020
26225
5042
2373
24783
6496
10149
11330
7549
7579
19207
1536
555
20594
15932
15625
17641
21566
977
280
6722
8495
23288
4255
8997
14863
21022
8185
14953
1528
18286
20839
3020
8328
7350
6907
18840
14749
19879
7122
12395
14776
11792
28797
7498
19472
3485
17219
19373
6263
17480
4141
29254
10367
23054
1561
4042
1609
2247
5962
3705
18018
20990
16850
11424
13257
11547
641
30870
10184
13379
9165
3733
7202
11076
9728
14646
5048
14099
13342
2202
7809
553
5062
11765
15592
15609
15928
526
646
7558
5525
3960
5592
4247
6146
520
9551
17375
14593
5068
14378
13936
10580
11133
11919
9304
6021
9578
3056
17178
5709
13712
3288
8387
1589
34
1231
16528
7969
1575
11615
9935
5238
197
5088
28482
505
11018
30063
13273
22834
2405
3443
12465
3621
14902
17213
8567
6810
599
12367
17253
6064
21168
3775
17301
6067
4634
3890
28076
8866
15077
2731
5299
11515
14798
2691
14985
15488
1524
18685
12040
11946
15846
29160
24123
16494
21367
11264
10753
12223
2357
11487
1461
25798
22935
4277
16291
4428
16356
5204
10812
15021
22185
1686
3337
5050
5413
23011
14385
8327
6310
453
14229
9831
17074
1954
7206
12050
1527
731
2691
1752
11267
15131
4271
7880
4244
7213
1326
171
6115
8753
10000
1980
5467
15923
11143
2440
5458
3036
16985
11630
4088
1698
521
18750
10861
2785
3151
5811
345
742
2250
6601
13539
2024
6060
6416
6987
4319
14111
7542
4108
13018
3921
957
600
7933
5181
18743
24990
8943
9897
2047
2383
9825
294
11652
3286
13188
20696
4279
13130
22254
1224
1621
4336
4744
1447
14504
23226
17674
1362
21897
10152
18323
8809
1789
12412
767
23867
12491
467
7011
18685
8048
12715
1809
17343
13054
9203
15228
16885
6063
7521
11491
8016
5002
6149
22460
17135
12667
9996
4998
10233
3891
2738
12618
7629
208
4695
13224
4410
472
12360
12957
13316
9102
6782
3803
9393
6014
13555
12310
21204
19873
9647
1947
16910
12215
19344
6601
2232
3725
2252
5200
14087
8006
1097
6595
18314
4351
11545
6947
23903
10976
5942
8265
21514
4223
51
867
12381
15940
25560
22343
14840
5934
3330
9160
2016
540
999
20749
17359
19879
14389
16880
14404
274
3048
21620
15775
27867
18309
20443
152
19691
1096
15353
6328
12758
6434
3773
892
8687
1651
3948
23722
3299
9241
7455
4620
13933
18431
230
19247
1126
5195
1381
7483
12495
15709
26990
17846
10493
11248
12520
3151
6048
2375
13454
22107
10987
12511
4404
13988
3094
9974
6322
1486
7155
14935
6558
7426
15300
2040
18500
20311
17380
8959
11890
19852
10838
6395
20402
1242
5424
4226
3146
419
7913
14344
5867
1242
21455
3292
9336
14891
15289
2652
22156
11880
900
15776
1679
5902
9390
16311
19192
1225
2702
8375
8973
21783
6402
14673
17945
18183
16629
8156
9792
2713
137
1723
25521
6699
19740
10282
1444
19541
4430
13623
1212
813
2101
5456
6607
3713
148
6719
3639
3795
4993
301
5020
4493
12792
2609
852
4014
3199
7257
5624
14051
5497
2259
10612
7456
5394
6400
7983
7697
7478
3180
1082
2397
1196
14234
4361
5011
2094
12482
14646
9517
7474
3418
2116
566
18423
7522
3658
11956
10017
16947
2338
12811
14296
4471
1555
707
3121
9143
499
1086
714
15583
15661
8898
908
4375
2205
14154
6501
4666
13036
10971
2987
19557
10820
107
6115
6570
1305
12677
23044
23457
3886
2818
18577
1500
5886
13373
2139
15347
11609
6846
599
17334
2424
15938
18231
13237
697
19144
4318
10062
10393
10382
17831
25557
15318
15249
5926
1503
9813
2116
7388
24992
8708
9554
20653
1627
4968
10959
18249
14280
6142
7838
3229
9417
8492
1677
24129
19743
18079
2388
4276
8255
20131
3407
1063
8792
6574
6132
10594
14735
8163
4638
2767
7906
4627
9090
20030
10547
11564
30
25252
11614
4418
7385
7410
13655
15532
4349
6026
3821
7893
1191
10543
4478
1473
15817
16718
0
3766
10635
2725
11725
13537
11632
6982
5687
977
26042
15785
2418
2171
1739
16459
4272
14564
22948
141
7768
17863
4845
5070
6913
360
8769
7903
16191
512
566
7746
17339
16212
21428
3482
7911
4093
4920
20329
12308
19218
5343
10745
2017
1274
4186
11012
426
4577
10483
1567
7660
5881
6119
16446
185
3722
1130
1556
19849
6787
14414
1786
6295
3452
2493
5222
11606
13529
7175
19765
2412
581
11154
2713
16103
11972
3506
3098
15646
9002
429
8329
2770
1444
4309
5706
11230
9717
13510
12259
7080
5592
4741
24231
24171
4654
15831
844
10342
21845
9696
20983
599
25126
14139
7172
6403
16862
1546
699
13193
3010
1483
2689
6290
1453
19796
11394
1187
23543
9729
4354
20001
17981
12997
21225
4601
24250
9720
12109
6671
10732
12755
19423
5816
232
11285
22344
9865
24397
5563
11667
23143
214
11711
19789
28188
1840
5466
7525
24101
2214
14814
615
12381
6594
28628
28294
8824
12523
19294
13087
4359
15081
2005
14714
5076
5910
4534
223
5499
10266
3303
3993
2925
10397
16494
11427
22346
9598
9147
6640
22641
21532
3751
588
1743
5821
7885
21478
7635
5715
9149
4649
3513
17892
25171
4960
14153
8366
11054
16338
12763
15513
3295
14288
9387
2736
7401
12094
16457
11103
562
10229
5254
14515
7475
22157
5028
4858
3983
8151
25634
15881
6318
2751
8513
17406
1050
13805
18701
3047
8834
8770
22703
982
1061
1370
13098
17886
5883
525
13957
4266
6814
1314
12822
3545
20541
6016
5487
22872
6647
17801
1250
7232
10546
6862
9718
6606
13732
18531
5098
19289
15913
15674
14028
3641
16028
12547
26481
5312
340
4662
864
6606
12389
6923
7206
5738
5196
15162
11903
7924
7383
4716
8934
2553
8745
21249
3312
18871
8438
4123
4486
21240
1899
3584
3627
7045
8358
8074
11289
18188
7274
6076
10620
2318
1106
20744
3930
10314
3381
8956
8052
14629
2907
8736
9170
15512
15141
2737
1534
13101
12860
22861
2039
5170
2992
7378
19387
6167
1259
4728
11783
3211
3884
16956
19708
14775
9336
5759
13932
7696
14500
2299
11959
20935
14534
9913
11420
24224
13177
818
15475
24781
1777
2132
6004
13723
11005
23870
3424
144
17819
6307
2600
4412
7841
6104
269
21621
17386
13009
1752
20944
4738
12407
24432
22215
902
699
27252
20163
17823
15090
7306
22770
6011
17389
6973
60
6604
18070
21438
13894
12329
13671
19058
2554
14441
2164
5523
18879
7543
1178
20502
8359
3815
11660
20597
4171
10518
28609
9895
7749
11781
8600
2090
11225
5641
2475
20670
4193
20349
5674
5691
5065
5172
6355
2241
11905
13177
9143
10762
10808
2889
1886
1688
15498
4187
337
5014
10666
3193
3538
6303
1731
1100
15427
9750
2687
13327
2195
3338
19534
15869
8878
10837
1733
9306
21511
17196
18255
2445
8575
14833
2781
10520
2012
13252
7802
25910
18192
24222
20937
8043
5685
13558
2522
9864
15998
6469
18713
3749
8075
1079
22523
21161
14994
8765
1550
20391
18558
420
8283
1455
7905
12707
13116
358
4798
2995
2880
8222
16764
25423
958
11244
1544
2714
6961
10125
14158
665
465
21745
18008
12515
18749
11401
1822
15244
14271
9772
13682
17843
7634
2240
12820
9671
1452
13717
7151
8643
15057
995
16642
26267
11171
25008
9382
19653
24438
18046
8460
11794
1210
12570
6173
7370
15159
3671
1906
28267
4515
5035
727
10980
4167
10154
4265
23941
5035
5808
5675
2897
9482
12028
3347
15044
17727
1076
19871
26458
14635
1397
2228
8030
22043
619
16689
4300
7044
21194
7541
816
7212
7168
191
6004
22252
14147
3679
25788
4174
15906
1327
14111
7841
23438
27162
987
19215
3761
8904
17979
12608
709
24772
209
15821
12052
588
21
922
8223
325
19292
10278
15758
25653
3709
330
1361
13039
11960
8976
20726
19263
1059
23564
9852
17964
11916
3402
12586
45
7538
3283
11357
13685
6817
16934
2499
19186
10341
4475
22763
3160
10864
4092
4142
916
8631
6400
1393
287
750
10814
14307
23069
7992
11299
8488
8081
393
4058
695
13081
8056
17093
7923
18663
9466
2473
12507
19878
1833
714
716
23137
1490
10051
16796
10868
6012
2557
7355
22887
23680
4856
13349
1696
13316
6132
8563
15392
2910
11551
10121
5699
8436
27584
13658
7538
9646
15042
16680
15998
1517
10903
3896
13714
13193
17424
2408
15343
15230
19758
7471
2298
21192
19320
9167
13949
16551
1374
11757
10002
9976
5259
2026
17840
10162
20771
15939
323
3437
4304
13206
17693
20336
7581
18106
7078
11300
21520
4512
1915
14234
6328
8065
11140
331
12013
5242
12724
14136
7127
1623
3548
20191
12019
8375
5932
3136
3974
10864
4107
6948
3663
10729
11902
19720
413
573
12501
7681
17642
11591
9877
11954
6078
13462
20744
6034
2279
10595
8858
11519
16487
17473
4265
6201
2329
8937
570
17119
18833
6896
1161
12609
9479
7503
24606
5033
16062
2613
18353
4904
3784
11874
11789
1149
4717
15057
16696
4753
10150
12386
10741
3506
492
19246
17421
7208
7543
6425
2286
4763
797
8992
10097
970
15908
6872
4299
24835
3323
20159
5511
8348
8296
6502
7864
2968
3103
3751
277
27621
2764
20190
1363
8538
10437
7538
16110
1419
19843
7638
6199
11449
7903
7501
11539
2788
20460
11875
18621
13023
14676
456
2593
16427
3063
2806
546
4158
14022
19526
403
14334
9881
18528
5811
7203
1659
75
14320
4589
6837
18107
38
5784
5495
5283
13899
14071
23089
6275
3990
14005
16783
17029
5852
25337
24365
9151
7007
15864
3620
15225
22065
563
2754
6865
16538
7397
8087
4295
12020
5539
2654
4439
6885
3714
9405
1309
8228
6103
9011
7448
16875
4134
6427
18876
7930
5813
5162
4564
4531
7945
1691
13859
3874
9712
10973
1154
24172
22443
22886
8727
15208
8140
16425
829
11387
1117
1676
7298
2835
4759
7356
28
1894
893
3938
16093
4588
699
6587
3237
4597
3867
19591
11215
7500
14824
4581
3184
16793
3927
16052
1733
19227
12958
16661
1073
19506
11215
5848
3249
16031
8917
22474
12218
20375
1783
4615
10751
10560
9129
15496
12134
1887
13807
2562
1133
1916
6982
8393
11818
5474
9003
4227
18897
20347
461
4950
23846
6416
23535
12141
3400
5652
6739
17239
19785
17729
11727
18500
5983
6827
4757
8624
22515
13048
24008
22039
7520
23053
13788
12159
21014
12604
20357
6447
6241
16415
5721
13749
1625
8687
7712
9944
13207
2839
9617
6968
10362
8030
9750
17417
9744
16587
5127
149
12498
4559
8291
1380
11540
5961
1384
1641
10667
