88
3555
628
587
1088
4648
589
1467
1413
2860
406
1896
2173
1224
1065
2497
2015
1104
612
191
1813
380
185
2365
139
1522
1141
704
3444
4563
2524
4860
591
4043
294
549
212
2254
5285
1433
3362
2197
2246
280
2011
1947
1281
2067
4074
1306
835
3462
508
1514
1408
2198
4691
1448
2966
913
3597
250
2808
1027
2347
4157
4052
3548
2407
1015
819
3111
1662
30
346
256
2751
770
5033
3270
1138
1119
278
2064
3095
1602
175
1047
1695
116
3526
2790
2446
998
1577
2452
2054
1167
656
653
4611
39
2419
2315
620
2835
3008
1473
4227
1035
1608
3700
2069
1020
1247
3730
601
3392
4238
2019
2375
1717
918
1138
4498
3113
457
1889
1124
236
327
1338
5056
1453
37
1096
3846
1241
6320
113
703
2076
5129
2613
638
2434
6486
5478
1984
3002
1682
3803
3980
3861
3810
5699
106
1229
1099
140
811
3743
4977
1015
1451
2751
5269
612
3401
4957
6036
5031
7935
2968
588
1396
651
3889
102
4060
917
4899
214
5010
37
1167
4582
125
5900
785
5171
786
4347
1993
3967
6893
5390
4721
1322
1044
5968
4392
1914
8134
1939
4654
2812
1019
644
1395
1809
2634
1635
3337
433
2606
8502
4380
4591
1850
3396
5931
2282
1763
5556
7809
1550
6548
2246
6685
44
7210
2965
1657
1810
8046
1965
768
32
989
6504
1665
5968
1772
4771
3153
869
728
2824
1082
87
3004
3944
248
9046
70
735
3874
7284
5374
6649
974
7812
2748
2746
4155
1683
3516
3599
5631
877
2161
9167
7374
1351
9846
1645
8310
8554
8817
1979
737
7097
5924
899
2766
7956
8636
856
8099
7924
7726
839
3774
910
2378
1204
2474
3522
3554
3888
3092
3556
286
4379
4245
660
4912
4620
3443
5019
7362
191
66
2632
7534
3950
2481
2753
1106
6214
1597
1088
7680
757
9310
1431
9532
1205
4909
7016
2155
495
2170
4089
997
2358
4306
6955
478
3266
1588
622
5354
2238
4640
1151
4895
6064
703
1472
5858
4292
1860
2529
1451
5520
4760
5040
4362
8909
2981
1028
4100
245
928
5661
5613
3128
6356
3355
4329
11490
10200
3255
11741
722
2732
9381
1503
10332
4018
3239
10904
8735
4353
9088
5129
5370
7496
28
4309
2543
7416
1074
2656
11586
5837
1460
3637
2936
928
5769
6169
8216
4976
3767
5567
3934
2976
5384
2951
945
6463
6604
5414
715
5316
5582
5855
1707
270
3733
9119
10462
10103
9944
9194
5000
1145
427
2924
1707
611
1744
3952
9190
2094
12132
541
1164
12099
7944
2587
7895
13064
5850
8153
5988
12762
8214
709
5884
2559
316
3631
9796
1157
168
10764
9001
6991
7227
742
2698
2319
3970
1977
8410
2092
1401
3637
2167
3750
9340
8172
4841
2466
7131
6875
1707
6772
4822
1107
1365
6515
6896
10538
5055
8115
6171
1293
2216
6591
3605
835
11598
9601
5256
8070
8913
2272
1394
8041
13821
624
6776
938
11710
10760
4778
9719
772
7205
28
4205
6979
8338
8725
5987
4496
5935
97
72
2666
1416
10923
1076
11050
13826
474
330
11942
212
2110
7376
11217
1988
1823
12186
13654
4897
12040
7827
1717
9783
4008
7749
4476
4692
9127
7579
889
394
1604
5
4815
2053
3158
3619
7599
5328
12884
1893
575
2837
128
5768
4571
12079
8817
13695
9288
9786
6161
8933
11182
939
1730
2806
14194
3488
3521
12373
13450
3935
2960
10365
6097
10823
9746
4814
2177
456
2169
6350
12660
416
3059
6006
3333
13500
13769
9914
2074
5167
6063
904
8814
13702
16836
5444
7577
8144
1579
1947
12201
3888
13139
3680
4311
1964
4819
2939
5077
10479
6373
6787
4826
1891
8017
4136
2926
8509
2428
6151
13155
8294
7438
7200
8876
386
11393
2264
8354
4728
9009
2808
566
4680
7361
275
460
1564
4624
1344
6923
6611
11215
13697
12192
7362
6695
16970
16792
16418
3774
3897
11820
12725
10317
13090
4575
8678
9885
137
8365
268
261
2796
15632
2331
4644
3138
7864
8103
4614
4958
8928
3969
1230
1182
11057
215
3375
8188
8937
10603
1656
9420
18648
2392
9791
8890
11770
10331
17525
15823
5166
19098
419
11574
7861
12811
17877
11299
11006
7281
722
17951
5227
969
3047
13086
2047
13293
4388
10559
6207
6374
8775
1854
3969
4198
10819
16660
10635
2859
11490
12117
5501
8533
6827
7803
6184
13858
3389
5195
15636
14365
12638
10425
6365
653
9876
6022
11773
13966
19610
13513
1031
14385
2777
13355
13873
3513
1871
11681
18591
9421
3938
7819
11302
5993
278
1324
7112
8549
7203
4608
4364
14597
4273
3974
13908
15040
2201
4655
7804
2091
12351
2324
5134
8828
435
3720
11035
14301
1684
12547
1693
15926
3487
6008
7836
10574
17069
2221
886
13189
5075
971
6714
1449
2206
3790
15794
2401
2518
6964
10565
4396
8099
716
7333
18398
6528
16711
863
7
2250
1707
11247
1194
11836
8239
18567
17317
1181
12481
9728
709
1901
1106
4912
3510
7109
2609
13854
808
10060
1281
6060
538
2630
7532
2214
15999
6045
15463
1140
7580
1150
16709
947
157
1256
10127
14512
10041
1972
1462
11230
2138
1347
21131
1276
12690
13889
9880
16394
11708
5522
11131
1533
17187
17788
13443
2886
9762
10958
5250
17302
1718
13961
8784
1454
9885
4392
9013
4666
6171
4569
16627
10312
2060
5791
3912
5441
17408
3498
8944
8513
10624
2216
11262
21407
1204
14364
1961
1477
9928
10875
2098
13440
19588
10954
17435
6753
22162
879
12022
3048
7297
2864
5790
5702
15900
6238
8863
8134
14694
16201
13266
7740
2051
11684
1314
14833
16614
6031
5960
18296
9683
338
4537
17918
3240
10662
1361
3453
2163
17995
6949
3921
2324
3114
8914
10432
95
1706
10295
6965
1911
17227
12595
15438
10511
6900
3918
743
9905
2424
6506
5320
8988
597
10311
21442
4179
10594
17593
317
149
18318
3314
8132
9376
3515
5288
11775
2328
16276
11786
7936
15972
12689
6272
14775
4372
10607
884
11157
2285
12730
10827
9353
1203
19335
4247
10429
211
15751
11139
2320
14430
1340
20384
2264
7475
5864
174
4725
12540
5682
21703
10498
3
20242
8002
1727
2628
1740
1841
8688
9276
5109
19539
4279
17524
21364
1281
460
21
16435
17290
13579
14620
1156
11719
3352
3357
16061
5294
1283
705
75
11394
13321
9903
17366
15693
2459
15781
10914
1844
10531
697
3363
547
1457
2777
7806
22939
3149
7827
13181
9508
124
10243
10617
13380
7345
3698
834
11070
3057
4146
13768
4949
2039
5379
18263
2
12430
12970
22359
12952
8691
19681
7032
10480
920
17046
12861
2248
14765
8184
3820
4809
2958
685
4955
2123
2363
3148
835
14968
7194
9233
2450
10483
219
5657
16301
10496
21583
82
11816
2462
5217
8240
16420
7866
4618
2219
17059
13506
2771
6385
19702
21614
22896
4241
6170
6677
10850
11712
9554
174
19566
8511
4593
18843
3958
6300
14726
10118
15561
4170
1552
12088
7302
2784
1517
22081
8824
23820
980
11462
10323
2832
17896
24285
22855
303
14012
717
8292
7652
12441
1091
3861
20663
16710
1699
1081
12720
7268
7659
8020
305
2198
231
6551
6005
15246
2050
8838
3929
6146
15523
25065
11026
3167
5336
7607
3937
12137
2137
23372
4482
4400
15882
15894
10008
4864
2771
732
10974
7604
1101
17585
192
9184
10106
11205
13487
1882
2487
14779
6633
9343
141
4995
303
2277
18309
3774
1244
19542
16033
18996
14165
5620
10402
15087
9281
905
3671
24570
1680
686
648
12818
14168
8331
12129
5447
8186
5047
3384
7865
8965
15090
21752
244
183
15522
10852
532
1596
18523
6533
12541
19651
17405
8311
2397
2754
15230
10912
11230
4452
11207
16492
20946
13701
5770
964
25481
14377
10061
9866
1692
2960
2982
1451
4495
9052
8119
2351
10050
5392
6320
5211
8
477
2370
873
19141
3044
17178
2764
9083
9845
13457
9120
2693
10158
14762
24475
1416
1686
1531
14711
2689
335
8210
14878
2791
9796
9484
19103
3810
3476
12466
2156
19191
10408
601
10264
6848
22014
23052
7090
18246
534
2312
373
25307
6994
334
6692
17075
19374
20160
24340
6100
8934
5577
13749
5948
23932
1221
10295
28464
7472
919
12428
635
1147
22971
10239
8385
598
13007
577
4618
8535
4273
9384
8798
21723
8426
15840
6775
5353
8158
2759
27086
1729
969
19583
6467
15114
14758
9329
7823
1120
3518
6767
11439
18319
9380
17001
13482
28
20403
6194
10853
2364
8987
3319
12924
4782
6804
17385
21712
804
8312
11122
12816
20897
12834
847
10804
9565
21092
14869
15233
11422
1470
6055
16452
1959
10834
11520
2284
5547
262
10944
27390
7819
21401
6376
15825
4013
9003
2215
3337
2488
2703
11285
20855
24807
7124
4971
13795
3780
17160
19416
11775
12793
12653
2885
4398
725
23247
12352
12820
7367
12669
1866
13813
4873
2976
1921
4202
1660
12834
15307
10571
8486
9924
1161
6005
2943
556
13278
14771
11531
2503
12948
16373
17221
340
4693
13782
14978
2767
17099
3700
14060
3494
5833
24934
7054
3649
8432
15315
17343
15967
1139
16933
8009
3008
4711
11961
14308
8205
6945
4624
27569
15410
6354
5571
23374
10106
502
11273
7301
15123
9846
11197
27404
2109
6979
2665
11662
6326
171
3688
5168
24387
12307
9249
3801
3841
10102
22270
17015
1221
25871
9115
12143
8431
10005
11745
21405
6861
17541
9599
9498
8411
2806
13844
4064
16598
2813
1606
18149
7175
2488
22208
6532
4775
6956
4251
24962
1108
4305
6695
6022
23886
2282
2119
2776
4988
12515
6338
17029
14498
2113
1509
10526
16481
8167
12211
15007
13485
10179
26046
11943
1821
14352
3666
13608
8810
5806
7593
16337
2571
66
18358
5406
12771
5771
8904
7565
6520
29125
14520
10930
8777
7213
126
2742
13986
1314
8246
7051
4050
17922
25
20836
14386
863
18256
5475
4754
1661
6125
4826
10160
1061
21683
4481
9700
14137
1079
15536
3789
3778
12162
23845
16821
23323
959
841
7734
28234
2344
7868
14002
4263
12987
816
6327
7260
25756
10031
17830
3354
14001
14321
24483
20
4606
632
15405
14871
14173
16400
1511
6164
20638
23777
9258
17930
451
16035
1592
8126
27260
666
16680
26589
5339
18433
1362
8248
1439
484
15789
16160
2545
4839
2831
5212
11358
4083
953
4750
9807
21332
9506
3731
14271
1632
14711
19438
677
4901
3982
3014
6530
20862
12553
14884
27419
18053
14099
11910
3716
3073
23641
5333
7820
26567
11844
5084
10009
11076
21630
12554
10574
13686
708
11448
15146
6230
25240
11075
2481
2008
8131
12934
5941
1844
4943
13002
15327
23346
10733
1902
7
16063
6617
9420
20509
5377
2135
1893
1022
9192
1718
15322
8492
29462
14148
10870
8711
13958
320
22169
26536
17415
4463
2861
20869
1956
9964
4513
25230
8375
7309
16657
13811
1004
15046
22835
12209
14027
16560
4181
18371
14680
2742
7674
10611
12403
15467
5569
363
18948
611
2702
5856
18154
21749
17329
345
9496
5604
14226
19616
15244
27384
6703
6785
9574
7694
801
8954
6758
13773
601
21101
9959
8030
15821
5690
191
27450
23838
4843
22017
6703
5382
3943
6643
894
6355
29065
8119
3457
13021
10218
10367
278
3009
59
381
29277
10637
21779
12728
3767
8514
601
484
7110
5746
13634
1036
7406
11159
17202
13364
30868
3657
1581
19589
941
24586
10553
5528
22347
10516
505
9170
17358
23717
3139
1313
26745
7580
1379
16049
934
10010
12550
30886
12220
3054
3396
14787
29106
15334
5889
17259
26312
2213
5000
6580
15746
922
7861
2303
4574
15553
321
5975
15034
1393
933
27883
745
5769
5125
23407
2642
11233
4950
27962
4143
1094
13970
18043
1114
26635
16920
9379
3877
3168
610
7181
26139
10520
30939
8237
17197
20609
1195
21253
864
24233
4246
4568
154
74
398
4799
9662
11467
1610
23901
15489
14990
17403
778
12157
9295
3916
14425
11511
14939
4523
5188
28106
10319
19058
3148
6761
28002
19178
19567
29461
12790
11068
9806
16507
4542
4006
26880
753
7882
23279
32585
16903
3571
8496
24381
17364
7703
16322
2781
9278
13595
15687
17557
9605
10712
4450
13267
12955
968
14447
1764
11398
9673
6446
2445
5195
22542
746
16572
5382
17029
25041
20890
15538
25689
10495
6421
914
24797
2729
7433
15958
5637
30653
24585
738
5036
9485
17927
4558
6347
9391
28998
29360
5367
9986
7935
30248
2918
11532
23766
4052
13340
12702
4437
25749
5795
23634
4095
14756
4730
10612
14689
6970
10605
564
23769
28697
9885
16646
7207
5259
1269
22887
85
19582
18160
10634
219
26891
9969
3984
20022
8120
9366
2203
1595
4155
4106
6882
13223
5259
33281
16294
265
28104
28798
23300
488
24437
8106
17360
31464
6019
6587
9920
21132
4237
3156
3303
7656
5330
10457
25423
311
9846
32840
10935
3226
17
19708
142
25772
4263
18756
20242
12984
22703
13696
25258
7829
8723
4732
28694
6613
21217
15001
8568
3118
29873
1449
1700
11676
8813
10889
13679
1303
9734
18705
27196
4806
16036
18089
24943
13363
25889
1064
2440
24821
24206
9658
23284
29324
6482
18468
1093
14223
3403
4843
25155
1408
5294
14896
4872
3923
8118
10848
12460
6804
8545
4145
7496
1199
2933
10870
1933
21512
8601
13566
6358
10807
3048
2381
1966
22328
13482
2850
7605
1103
23057
1275
7602
12255
10446
22747
11687
3591
6632
12421
12705
24386
2211
14921
4667
29211
456
12606
7532
28011
30031
7335
4413
5303
12856
239
714
19833
9580
17297
6187
13100
4743
4537
9427
18442
29738
21531
3929
1093
9494
6068
27159
26011
19957
9832
21967
24469
5718
25820
29598
8496
12267
21357
28692
11167
112
12280
20562
12816
4576
5114
1481
4684
7811
16237
22120
6851
15169
2371
24811
17833
10650
9075
2667
7435
4483
6234
3164
18660
9951
2904
5317
43
3331
16934
7544
5056
12495
6982
16916
2278
8416
8833
10295
20263
14678
7031
1955
24620
14200
8570
4748
5002
8268
15308
3324
673
17741
11573
32173
2229
10761
4031
8339
22628
5121
2817
2023
8806
1017
2539
490
10122
4133
1237
26575
15538
11303
30050
2439
14597
7543
9605
25107
568
33578
7813
580
16231
2102
13345
11706
13732
24966
13708
8879
29132
586
5033
17848
4849
18293
7521
6683
929
24878
3414
13928
384
4221
19497
11054
398
7623
6636
882
1250
11735
2847
14993
16296
920
216
9526
11967
6874
32877
5622
4186
7083
2799
9928
4661
14403
28276
2158
12920
28323
9252
7064
0
13651
7958
15916
9254
7339
13237
3835
26659
5026
650
8116
33499
9298
22395
3375
3199
4676
11577
2160
15028
18182
31932
24861
19531
1867
7787
30992
4283
875
31372
9733
677
355
3478
5261
14606
17007
15437
1056
6890
7952
14643
5692
11834
10835
11916
4907
20271
17712
7944
14399
1526
18913
13816
9415
15125
19765
19686
3258
1773
3401
7858
29796
13851
18377
11542
34323
13473
1764
12552
16210
453
25279
8519
2925
25533
11566
1466
6594
5245
20206
30294
3601
8609
9810
6203
16646
13366
13213
15884
8562
20941
10223
18956
16501
5552
4378
25855
20978
20903
7962
9964
7711
31137
29693
1954
574
27169
7929
5201
19476
2721
19197
908
12310
4645
5137
8052
5141
12559
1950
29619
6969
1335
17140
17189
15487
4597
7928
801
29779
4930
8522
19388
27894
20747
1113
33343
16054
5757
9434
22670
24400
7525
17241
16423
16206
30327
1311
16594
24228
13422
1352
4839
22929
1856
296
24371
32630
9249
23017
340
19773
12233
7734
310
2
21361
17103
2721
12313
511
638
10114
4854
699
1255
14332
4032
28079
21923
22867
1357
18882
3532
14747
0
326
2349
16268
25492
14586
4933
13335
1341
1585
8512
3491
20826
26525
17454
6292
34120
16965
15088
22040
20842
534
9597
10061
9703
1497
27056
4443
2957
16123
13687
15962
713
5787
1911
10701
26259
12782
24808
1149
9447
126
4502
28653
9870
28133
682
3820
20655
2301
10690
699
4558
15863
4092
6378
21348
1292
13869
32585
10667
11125
6741
6733
2942
18349
13725
1171
7721
1940
744
4618
24330
12836
963
20119
4418
20586
3478
3447
26156
17634
2057
9025
8788
4805
13435
10966
4935
8741
6672
11903
8285
15070
1161
19335
9327
30460
2149
16755
6613
6854
10180
30053
19923
2977
6649
8717
30126
11727
1154
11329
23957
5748
6848
16870
1997
9143
1075
9721
19473
8803
6811
8016
2067
309
20960
3443
8502
18102
10312
17873
25612
6345
22998
1561
6565
11945
9433
14132
12427
33576
7296
17263
16890
5652
12113
909
19984
6669
11463
8584
28232
3810
15491
15437
4658
700
11909
9781
22372
517
28056
1693
19246
9047
9583
19492
13064
22847
10661
2591
5143
15158
18976
4901
17889
9897
4351
1418
12381
4730
1121
31045
20458
12438
22442
5425
29103
8208
13611
4760
15857
18884
2602
27003
5247
19093
15346
11358
21946
14011
1367
5648
3796
19848
23656
6721
16883
21297
6196
642
7372
1978
3098
5610
23999
1829
27999
16469
20111
19466
32849
29325
11233
1146
22671
478
24336
10436
24234
30488
25532
3519
6388
6830
18604
3746
8094
3210
4691
2293
15726
24188
5845
26639
20803
2310
26034
23484
25796
6344
383
4856
12518
11260
1889
17428
7313
11376
9184
1864
693
28590
14882
30336
433
5991
1348
10925
1664
1018
297
30034
8885
4914
5616
2893
17197
120
8345
8181
5259
21468
9963
4530
14929
14351
160
13145
12766
11666
2579
14290
331
22796
31872
285
17220
21786
13026
23914
13375
5432
13136
12339
954
12880
16275
22317
22471
2793
8224
7429
6527
17120
15366
544
19814
2711
13679
13360
239
7482
8978
12506
5959
3123
26614
28165
5045
4091
6400
417
15566
16774
15322
19820
27005
24515
2081
9734
20901
33074
8901
13772
7716
15070
2374
21163
15146
8144
18674
10593
11028
3296
1831
13739
3333
8876
1433
23364
11504
693
1799
8722
11200
15812
30381
6192
196
26314
4944
6323
640
10383
4979
14440
19204
11396
2581
9098
4685
2813
20568
15117
7505
24768
31537
23749
18649
13573
29317
9436
503
25431
20437
25194
6600
22383
11041
20855
7819
29329
26459
33234
18668
4031
12325
6866
2015
25145
10562
1206
8321
14061
9962
12490
21241
3064
16600
2766
493
30826
2611
9531
14760
31326
18509
29701
1180
216
10577
10610
658
2375
21928
7924
576
1994
30926
21472
23618
2193
5294
5038
12056
6652
10153
5630
4582
6292
25834
15381
6089
8156
19522
12186
2981
12421
4886
27690
15029
16804
18080
3226
4595
3775
9825
31376
6123
23216
10121
24855
3992
14332
1318
11795
14067
11631
31489
1289
15238
13482
1648
2554
4777
29836
65
9357
24466
9569
5182
6660
21917
1525
15336
20069
746
21201
3554
4367
19532
13379
2286
19381
14132
9881
2263
11221
32826
333
1793
22344
2811
2224
6293
9803
29349
18993
8195
140
25604
16346
4514
4544
6078
8046
10133
20567
1403
16150
16327
32218
5892
7717
13215
30282
2134
27236
7580
31102
1793
3659
21840
1116
142
18694
26562
167
7764
23584
11347
450
7392
8016
22982
23435
15912
4079
4482
5354
22964
12973
7845
1822
13533
3321
32181
4429
6720
5533
14870
23207
7710
3632
7253
907
29990
1242
2911
19567
19354
14846
26093
15630
30468
25533
2322
5023
1272
9562
31235
14137
16105
4153
18465
18275
19900
11629
28383
28685
11065
2936
23232
10491
36651
272
26894
5577
26516
3149
33536
15097
10497
12829
21526
28228
17606
28898
23532
20623
1393
11526
12719
18660
11660
8939
12493
8754
5479
7832
15269
12819
5892
28420
842
23564
8543
12146
4628
7662
7445
10478
11211
3615
303
6450
9302
7171
463
8104
23980
14961
1707
21075
13279
11487
10965
4936
24333
32259
7116
21909
138
12873
13812
6638
16070
12062
1802
18580
31140
31159
16487
15380
14373
9084
10712
28386
17830
5790
2502
11377
11483
4097
1420
7852
14927
13651
4925
3253
9624
14486
6767
33389
29277
3359
21
26306
29718
26628
11427
28200
1575
3478
12024
7499
960
16180
4899
3448
25040
1615
16614
2611
11732
29310
30922
6908
12833
3571
6692
4109
23516
21283
13877
1988
8294
29685
23729
9827
8741
20295
5176
6557
22903
4559
17353
20523
21185
15488
8713
13655
7584
7767
30752
19073
2279
11477
9471
699
16960
24000
34088
20541
14431
7565
12867
30414
26107
23345
14726
7747
15626
15715
19992
2817
12219
13701
18008
32989
3513
16042
4553
14882
11438
15514
7860
18472
5540
21494
34638
8288
4571
35581
16617
13951
3071
8160
15226
14776
7111
13486
18331
5134
16960
30363
26415
9251
28895
3093
19560
13545
18460
10486
16805
701
28142
480
28596
14653
965
922
28318
28792
6756
12936
24952
16735
717
21970
7752
1860
13264
9918
22670
13085
338
24613
11727
19659
36805
281
7361
6199
652
14639
13156
8134
28837
7777
17728
35533
5960
8725
9464
10176
25856
27007
20047
3975
8122
33950
14200
5280
3988
8506
15386
2907
7366
2753
13978
26157
12927
6014
19865
15512
5509
2035
8351
29678
23470
15875
10681
16693
19521
29959
3810
7185
27645
33997
29798
2656
35349
9316
1064
20775
5608
9125
2602
16159
5479
21171
9129
6521
9234
5310
22374
11295
10647
13542
5929
18559
8865
12993
23543
34499
10540
19229
14727
11693
7074
2805
5809
2232
7986
4859
22458
503
22907
17150
20994
8120
12434
9646
8582
16576
1078
15693
9007
7189
24634
24032
20235
13890
7046
15505
11731
10295
34369
15934
9585
5
8709
6438
7291
24305
8540
17064
3456
11109
19526
6542
3858
2882
6254
5672
30000
2342
4184
3394
33831
7899
18492
15090
383
14399
597
17019
15267
27464
35126
16728
5662
13000
32379
18095
7531
1991
22692
10998
262
15757
8042
5861
9872
28970
801
3458
28158
1826
21474
17420
7288
14855
21144
21489
24085
1918
12842
14780
23249
5297
1429
16651
1749
8969
23997
10501
900
10496
20011
8724
37250
6794
8013
10191
21447
16987
16998
21250
3168
12707
29395
1761
7731
9419
6646
12001
9434
26660
24265
9616
24798
2428
3611
15684
8145
19128
3921
15476
6777
12448
4903
18950
4031
3149
7736
28026
6863
5090
19141
14715
2881
10131
33475
24271
8670
19102
88
31539
8115
7427
616
968
12227
8534
6491
22901
8117
787
28029
6808
19962
5980
350
20390
18037
19153
8101
1858
31830
13607
11203
27985
15378
20477
2619
12892
25408
14040
29764
28182
14440
24901
6369
26417
10261
6709
3733
18617
17143
3986
24569
7321
8909
2286
16583
23765
6393
1113
14460
477
5725
25445
5417
16725
6703
1658
846
10951
33432
870
27229
2298
4501
4694
26714
35576
19873
23424
9485
21611
8417
24275
23199
2633
3904
6940
5136
5237
12619
8917
31650
32098
15135
3049
6775
932
2728
31228
31258
8921
4167
25911
21569
21051
2421
2813
17483
3334
14249
2418
12838
13452
15761
13197
27806
17093
2436
8875
9134
25358
10349
4266
21191
16573
3671
1665
16962
33484
7096
11646
26815
12973
6661
3769
28787
28144
10048
10129
10545
13681
7989
14359
32417
2089
20781
5132
2357
8563
30198
14289
11861
17801
14364
971
22463
1364
29398
4370
27994
5767
242
10550
21109
8808
3578
14277
13462
3615
202
14881
953
31391
5529
3386
10027
17390
28514
25980
16013
2208
3164
19949
19918
34001
3520
7133
10404
11002
3538
19940
17663
34913
23720
582
4056
21793
6560
8964
1435
31033
31853
4886
6242
34642
17266
1450
8312
1447
29608
12995
5194
13704
26029
7915
23458
17878
6943
33959
6926
23410
3218
9450
20434
6361
5564
7760
3559
15254
511
19888
28870
19001
8440
2076
9806
29910
19639
1209
29378
17866
1138
22612
623
9736
31247
31019
14206
7617
3882
6683
8825
13013
20560
9672
14812
33837
19469
9158
12348
20748
7013
1682
24047
2123
3705
33582
19551
10041
6343
23225
18813
6549
18047
7979
7134
12562
1000
10985
7726
22178
6951
34
14214
25071
6639
16218
14864
6019
8145
1784
2706
32360
6685
16635
34754
7376
23401
3750
1683
373
4894
1339
3449
6473
15122
32722
1239
16097
7323
9855
12482
28235
18353
23826
4957
9695
22304
11345
8402
16301
10967
16230
3482
13040
23222
21033
5160
833
3159
17686
19793
15012
8737
26081
132
3802
530
14552
915
11855
553
15523
22413
24595
8050
13903
20153
29628
17582
23362
8201
8034
3159
24330
16372
16653
8943
11685
22817
23442
8555
2031
16690
11069
9357
19214
6587
23415
36495
3267
29692
13872
1706
25768
1927
20680
3631
905
26718
12926
16452
3336
4533
7044
15778
14406
20713
5340
18328
23441
30127
18106
31309
18297
7521
537
20972
13677
21148
19032
28444
4690
29807
26313
13331
16407
912
1452
9394
2452
9322
11154
34031
10290
22231
11363
2840
19408
35121
3581
13507
31194
19610
339
18635
191
12573
451
2054
240
6009
5270
5926
26389
8269
390
12794
22452
16563
37124
6537
12958
6534
11932
1126
14429
690
24256
32843
5964
4890
9420
7269
19708
10599
10416
11055
9960
36134
28689
23815
31561
8537
12237
8884
14630
27186
3752
27175
915
23676
18697
13818
27471
2220
8824
2702
12375
6036
19497
2475
1388
2774
17795
2615
1970
1548
7234
18098
12360
1960
16575
277
18509
16856
10104
20152
3613
16155
11838
36644
18032
3119
2416
25736
17704
4751
6544
11863
12030
29674
18136
13918
8599
11604
1781
23827
25717
29748
6755
10335
31365
28870
36097
17869
34212
23801
5929
10864
15638
24768
4328
17033
17866
9844
1336
3344
22855
9395
30270
427
25405
7254
12922
514
14659
8924
12028
13583
31458
5609
10036
18557
28982
11590
8819
26934
424
21287
1036
15993
33816
31362
1047
3880
19991
5983
24411
1571
8250
15387
14357
9980
25336
1535
15397
10177
12046
3867
16006
4206
17531
6791
12571
24552
19514
11942
9276
4866
31393
5593
27223
23952
17123
12498
12441
9168
9633
27320
19703
17656
4701
11660
2360
34933
7616
16645
26962
18983
31941
9219
12891
5406
9882
23944
16687
6757
16104
3948
36913
15652
14539
8112
8453
20531
32108
6518
1027
17709
13645
30807
29040
20794
17183
6619
15322
5369
24148
36007
3584
9306
28378
5056
4802
11534
38109
33741
3817
10028
726
8808
20423
3386
7404
4609
23370
30560
26116
13188
1517
22337
20089
4393
19456
9485
8883
7304
2805
7871
15100
25145
34420
3303
24902
32646
20378
12977
5831
25169
2014
438
15533
2488
25987
24019
28842
2359
18907
308
2836
5910
10593
3151
5595
15201
352
3224
1864
21205
20617
14681
8666
6824
5925
32080
13218
1269
10488
7368
886
25274
2615
32934
5153
3117
2185
4680
23799
3401
25008
7582
2094
2644
32901
7208
22148
859
24845
4375
21136
5032
33853
6473
25625
29174
32008
7263
23467
11739
4308
20760
15503
10176
24631
7586
8734
5694
22841
36804
24015
4569
29829
27924
9805
10948
13926
12730
7575
6213
1160
19465
4017
91
13867
8789
25914
23151
4593
13199
388
11475
4350
22434
32052
9292
22025
6370
4853
28009
21937
7542
1634
7186
10427
26446
304
18668
5380
20648
7943
12049
35007
2699
657
1864
23882
17795
23186
5849
13110
35328
10051
4263
18163
16048
21333
2086
31256
4830
9712
15203
1580
495
139
5483
29315
38317
15710
23798
10665
701
1657
25759
8347
4936
10735
20256
17335
15791
13070
18520
25264
4223
38340
1861
21537
3723
8403
22764
33608
11921
189
33266
6627
32320
18526
14257
4993
34903
1594
1656
1454
11933
8344
7506
17287
37391
34507
21622
19985
18972
10056
23434
6075
15037
8843
2112
546
637
12794
1486
1403
3050
17083
16455
3148
8316
27029
7394
414
3626
15763
14406
15974
28870
28115
24939
20647
14816
19722
17883
18440
2977
5300
2479
15764
10897
3258
4352
8755
17928
11205
1002
337
6876
3597
33795
13112
12448
19688
18839
9
5828
10873
3744
26406
15129
26951
7608
19554
22445
1711
2831
9789
2789
32991
11673
27078
4708
6808
27000
10255
8717
18339
35015
6276
8863
13237
16665
321
6110
23631
11068
22410
9072
9994
18361
1653
32293
7038
27017
26118
13419
5610
18505
27636
1286
38023
21074
16231
14299
10623
12813
10049
14700
11214
19466
19005
7610
9595
22634
32158
22462
27698
31320
21557
39024
588
1859
22083
2892
8740
8226
27513
17721
16917
6604
20540
13850
20454
21120
36447
8583
24974
12532
2814
21022
14147
2072
2348
8467
18234
12119
15967
10148
383
8402
4668
31390
6054
15057
8782
7208
15040
11120
3777
6564
13944
17762
19316
31991
4780
5568
15824
2120
440
27841
302
19987
7054
4256
13620
8310
12848
9847
4430
18376
6032
10592
2574
131
3294
1529
10324
29682
29774
32221
38714
36687
5319
16033
6476
23391
8047
33220
37902
12212
19151
21141
25383
4015
1935
1762
5667
10880
6339
10465
12468
26310
18485
35701
14762
6691
6174
8754
28595
937
35885
20096
16422
9123
13826
7680
33982
8349
26208
908
15080
34500
22
4075
5978
10793
16302
17451
31944
6907
14772
17988
22977
1388
12507
2136
37143
16031
16480
28248
30151
9528
4055
14733
24444
382
8417
9397
24812
20926
21175
960
1402
15394
7831
20552
4700
40625
23821
391
10081
3546
25471
16094
6269
41149
10854
20873
26061
5903
18676
11367
4162
18662
27703
11853
14659
1075
28075
8769
8747
25298
19602
10856
37150
8018
14315
6363
5146
138
20140
3032
7993
20392
6914
26578
8693
6302
31010
24744
28094
2151
6024
4610
24411
5984
20171
3413
7899
21506
8894
14313
6109
27991
33791
1640
36595
13712
19592
5514
9293
3964
28937
14022
15703
22068
3289
19749
17842
23033
7642
4751
12303
3312
5329
12459
5624
26540
12480
1334
14688
10131
21899
887
6573
27154
17458
29822
21576
25179
10294
11572
3942
2169
7472
18997
17942
26530
5400
25755
25285
4414
26728
23259
3226
1920
15310
21452
11912
24236
12530
7491
5575
2273
1
3368
15982
37131
4452
10926
24990
7909
29423
5655
21289
23578
1766
18284
9302
2586
7273
7851
18778
7660
8867
9522
24445
26087
2655
11529
21879
3465
1000
17263
2413
6397
34298
17296
11259
4740
15088
6117
35655
30113
26931
9102
33341
5718
2914
15819
1064
5150
9998
20559
4940
21136
3966
7
38161
3294
4283
8756
1421
656
19791
36908
8257
6985
641
17262
5731
18501
39209
22552
24136
10776
9183
34832
39336
2671
23410
6059
28612
5211
21677
2246
19075
15411
8782
2930
7921
5906
6687
14181
22225
3161
13833
393
8446
26175
20670
16869
2569
14180
9811
21335
33254
39637
10799
18809
38762
1085
21153
16912
2820
7694
22391
14887
10651
24190
1487
38406
12270
14379
2945
812
9016
15794
19159
17167
23981
24819
9685
9037
9072
6162
9892
16495
8455
16747
4595
2623
12606
923
8057
19362
16576
16174
17675
6144
14729
594
17084
11170
15653
34172
8905
1143
32252
14518
29174
34865
6404
33927
18536
31272
13716
14553
25979
34509
31157
31910
4676
24211
6951
11632
24789
15697
11590
8432
4289
40547
41138
24817
12767
9097
34627
12493
21683
15772
32002
6901
9803
875
21366
212
22095
3572
4345
5632
10383
10254
7336
40097
6735
19795
2244
33135
1432
15553
24942
7003
23137
16702
26792
15850
18965
8868
15202
991
2572
31461
27819
18868
32123
27198
14242
9989
26611
26699
29429
36618
13958
22284
22384
20051
38888
33917
9706
1926
8150
1148
17958
23632
24192
2099
22527
20627
4754
21885
14663
1329
31960
11392
4826
3164
36228
4270
7383
25431
38249
2102
7107
36421
22848
829
2777
21924
16045
5010
36008
26298
24551
11356
3671
13728
24048
1320
5177
26136
4098
30047
24589
8164
3766
1747
32437
12592
832
19781
6086
5692
2793
11470
28020
5949
20204
21648
17503
25332
39677
22624
27938
14384
14018
32402
25039
22213
6908
18920
32133
2336
1473
344
24531
34435
4686
2354
36443
19561
3568
10509
989
3560
11075
8559
6325
21076
3052
29627
662
2313
20314
5379
9654
4432
36190
6716
761
23674
13924
2112
7031
2216
13581
28042
35636
669
16811
6786
5169
1040
32978
27936
20277
11471
10149
6235
4134
1591
2678
11655
8828
27194
7890
18882
10978
2782
28249
24229
11662
12367
21182
36292
16585
14797
6327
12108
8298
26275
22178
23171
3005
13360
9557
13039
11791
19106
25467
19271
26930
26592
23348
8148
14204
15742
16314
3963
14371
31433
18228
10539
31807
3721
2519
6951
3070
15412
5953
10838
30611
18072
7204
31181
22873
9590
19172
2162
15811
4422
9367
1405
3724
8055
2379
24364
27456
28851
11395
189
11216
24481
24044
2457
7010
34200
1380
28170
7443
19778
13858
1778
17250
14864
30149
3879
27452
31858
28080
36915
32518
3531
42439
7157
14222
15263
6137
5747
21016
39487
11871
32630
5112
20504
8186
26999
21383
25440
9726
6270
25204
1382
11625
21474
12697
10503
22673
5331
16604
32663
18766
8466
7637
8633
16503
23944
14751
12655
33004
11350
39463
8971
2505
3562
12404
18526
24024
11390
2510
710
9314
17904
27111
25473
28171
24850
29123
6571
11821
4738
13942
22402
6437
3391
32775
5581
24290
25821
11003
10559
16586
9429
17608
23908
21491
25008
27154
8647
18601
29360
19391
10386
38028
22889
33827
12860
2145
9953
35758
1848
7456
3805
18016
16548
15418
4842
5835
29947
24633
27676
11591
3391
5195
9041
10458
3726
13571
13166
25014
19463
39211
10832
11219
1240
10813
40311
20149
5417
27349
13527
132
26953
17004
23317
6902
3327
22684
13616
98
13271
7379
21733
6900
25
10329
3295
19507
2701
20176
10447
8556
2515
24880
22296
20459
14357
18462
2392
164
32842
23823
5056
8443
6391
23026
25090
24893
21462
12287
14795
10033
116
20262
17289
5036
7820
19103
7605
19973
35113
7029
32571
14133
22482
12410
14405
7118
19775
23579
24590
12008
1465
20714
3118
1566
11138
644
40552
4545
22936
16439
29481
3394
21242
9156
3460
9924
18516
8325
19569
13566
35164
26990
849
1489
8321
21118
34073
11110
16428
4418
13078
22383
10882
3822
16041
2093
23206
10307
1244
14911
24480
11087
23957
24933
26836
1088
12635
7240
1399
13096
15717
16991
29006
40571
25446
31178
303
19307
7123
15398
34335
7283
34295
182
21213
9137
2291
16814
9496
5403
2486
18044
3718
10989
11830
25311
7479
12277
29445
2729
20431
38811
6747
20805
21266
38268
35938
10098
2609
7839
7697
5561
12846
3274
3799
5789
7715
27204
15736
1783
17729
35961
653
9224
1122
18645
24051
20418
41544
11584
40692
39727
34149
32862
37780
20002
14759
24273
53
32903
14081
18761
13061
5025
516
36591
33812
786
35798
6768
24537
9993
20443
4833
6215
3244
17029
5383
4007
14915
1824
7058
11441
3555
5253
11792
13641
6854
24149
3385
13752
3559
38458
14044
7782
8427
38434
1197
14511
22156
15611
10593
3796
18501
14279
6843
4852
39774
11352
12851
30299
11483
31401
1944
8012
5974
9269
16102
19565
8830
775
19712
20418
17404
13069
27456
2433
2630
6948
15291
24424
33575
6242
12753
18300
22122
11912
35843
7112
2252
34910
1757
39597
12294
23961
13509
106
697
28522
4787
1502
16232
22447
16354
23476
14255
31406
13030
3969
32708
21237
786
8952
26228
10476
22644
18913
30236
5373
22725
12698
5517
10597
36964
11812
13202
6904
20204
16184
11332
36036
15630
5763
27325
14781
16113
2204
5757
24482
22129
28868
17769
4027
18922
1250
16115
4317
6407
21382
5475
5187
28737
1463
23624
17972
19118
39570
16536
21378
18314
40430
16799
118
2310
4244
14578
18029
36241
8241
25962
12698
11222
17314
2242
14384
18390
20668
14091
13860
3872
3434
10803
14289
26587
195
18586
23171
22106
14190
39303
12310
17729
4524
4848
1696
35887
23913
13531
10593
18309
6947
40538
17320
36200
40713
16682
38048
14000
26167
11150
404
6497
4569
11159
2223
13487
1709
10501
14115
37622
13033
3157
1028
30192
3715
2145
2197
557
9488
26398
726
2903
19884
14501
21255
13040
8119
5883
26155
132
7545
6228
3610
19833
13118
7493
15089
9133
22891
288
18420
12594
12039
35553
35864
3615
3640
20010
2495
28045
8189
1417
20052
14770
10768
14064
32066
8301
27606
17937
12871
13798
19655
28874
10691
3841
12410
14056
17136
17938
38064
24287
692
1821
31665
11051
10616
24479
10178
16826
12466
28626
14001
10631
10427
19254
2333
9768
17426
22290
8569
9662
24970
28290
8910
1561
10191
7279
19480
12908
18
3393
2738
27937
16058
40507
41444
7180
29921
16949
31565
33975
29366
14052
4120
7031
24337
24028
13029
27309
2360
14870
20253
9611
20557
35044
28192
31181
14184
14487
13985
8512
38357
10102
2035
12794
6894
5692
26978
18416
3076
29448
5875
4470
5255
3962
5692
18446
7245
12331
3946
8628
26277
535
26283
24493
22280
10633
17675
9319
8614
10719
11452
6762
7715
20315
32591
9133
2579
18382
40042
543
669
27124
18233
22210
4016
5820
23763
3016
11613
36107
4937
1741
9039
15525
14262
55
41265
7005
7584
26990
28730
4259
38744
12138
10815
19969
828
18567
27822
3617
35769
6492
4176
1004
22534
11365
13436
12417
33560
4015
4100
357
29320
28958
4411
12366
18910
17107
13858
3940
36000
397
9983
11323
8130
441
17730
7940
29125
11654
195
14200
1031
5408
9882
23461
9207
18844
23154
2108
17526
12227
15427
2058
42746
23594
18954
702
12711
21505
5456
20123
9288
31648
16060
19638
34084
38712
9031
4814
6260
21736
18782
23137
14350
18282
17499
19902
4209
6566
27335
10584
35606
39918
7266
942
24189
32974
21539
4734
12234
18678
15246
25122
41103
30752
4969
39888
16944
43767
6330
32482
14330
22905
26844
12854
11989
2190
41763
21538
14261
10913
7484
18179
35614
22510
1440
11192
20578
409
3770
33299
8622
16430
4085
4060
31706
3257
31358
11992
10744
21787
22692
21487
17677
12713
4640
5332
14037
13267
3099
22570
23974
5757
26
19575
31049
24323
10106
2247
22845
9202
16581
25519
1940
5048
7984
12868
15808
8956
35955
22678
13500
29209
19313
9008
11334
18279
3774
17169
2440
32084
11668
7035
10921
13202
8809
19905
20510
5890
8951
14908
38344
4529
15785
20792
32982
41588
16577
42984
30971
30189
24599
22401
32192
1986
4206
8654
20756
5224
35570
4206
3574
31895
17032
20614
4870
5825
4641
367
1284
15729
1613
587
19161
33041
43328
8217
11409
17431
29557
757
12665
28259
3051
5601
20044
3022
2622
23554
7913
19279
14408
20375
196
9456
23560
1432
3623
5157
6041
40655
15599
33484
23332
22475
3764
15710
41527
10477
23742
17695
22268
4544
3431
11854
29852
10696
5085
6591
37230
22723
5121
21637
8894
3487
7404
3018
41282
25747
32914
10046
29788
1785
16238
8619
31024
24999
4747
23202
27538
22661
7419
30058
10975
10730
1002
30080
34171
6823
33892
18986
5193
17656
13345
22598
22486
39128
41476
14275
26019
25430
33385
35983
20591
32288
21926
17805
26361
116
8293
11902
1684
17494
8099
20513
4325
2013
9720
39487
16812
12606
14571
5987
11399
22919
12717
338
16935
12155
4814
24265
19073
26355
6889
15778
4882
1663
15168
29728
5685
39933
9614
38192
4504
7340
5643
29243
14791
30957
5946
811
5441
1888
15642
4724
37078
1781
39715
7504
33
33090
28615
6929
30842
33930
19391
2820
8204
1011
28757
10143
28884
32186
968
30973
21448
5844
10644
893
3256
4695
8732
16876
6649
16615
35878
18965
8292
10840
14110
11978
29878
26340
17358
7374
14836
170
15440
35265
622
19964
34715
18496
6790
14734
36817
12707
18187
19965
12358
32882
117
16090
5935
159
13501
12016
17032
1908
298
22657
24920
12719
10070
19914
5194
8498
19147
31257
15422
7077
11395
24249
11826
32589
12151
7817
20214
27734
5988
27781
1732
18412
7178
12643
27419
16382
10762
37703
8477
12517
1949
6302
13314
3172
541
24869
40668
5757
31373
4120
494
37223
22574
21215
21543
32871
26657
40748
30618
26255
13923
38653
23305
18522
12821
17648
14901
26176
9700
7003
1396
13064
6662
33249
7705
12015
15762
23216
35823
15965
17343
35355
8306
39940
931
12901
16733
26486
2744
9693
12276
1314
22934
2426
18589
2725
13856
12182
6221
30290
10005
24025
11514
12234
471
20339
12796
17748
4571
772
84
39837
17620
16810
3014
12905
253
17557
18492
141
28851
25928
26614
11642
18440
27128
18302
5321
24119
41099
24149
42068
22327
23942
14233
5193
3198
15574
636
9912
7973
3493
6045
16526
5879
32360
16298
33095
67
1743
7611
16938
1003
26786
15754
727
15360
3161
38393
25934
33230
4853
9569
11818
24569
31677
7721
8738
13270
5244
29593
1519
8500
20341
1019
33583
3138
10615
4249
22012
34789
42079
30694
35837
3340
15439
26165
23270
27164
4573
31324
6526
13709
4856
20794
25217
10058
12241
8107
2146
10072
9270
3871
14116
13752
15784
16977
24433
16184
14396
21242
3372
12291
705
14341
10856
12965
21461
10808
7384
23964
25753
19988
21456
11770
28014
33949
5579
12161
13413
4110
6763
2803
11362
5715
1156
35557
25447
11101
4593
35850
267
31612
17599
26241
13570
26157
21998
6673
6224
11496
8038
23729
1272
21747
24423
18609
3809
37622
19902
28608
10609
5025
5072
6559
395
11727
11009
23631
6027
16782
6794
3116
34498
24771
29137
27932
22769
9943
9228
22518
35664
33690
34364
11049
2301
3175
19369
11328
22901
2740
3266
16199
30964
27668
9427
14294
14598
917
8366
25068
2356
21218
1007
40258
21182
35429
23913
18679
11412
23274
32454
7043
18372
32710
14443
17205
33308
27544
22715
16201
21019
7318
4873
24531
15890
16589
21723
24640
13210
7575
4200
8173
7644
6370
15949
28164
2032
1346
29651
12829
30040
39777
7897
21509
20338
919
153
38596
35720
10282
146
21856
14436
9483
39646
21152
18219
34064
30564
4904
3431
19170
25553
7959
39067
36447
2126
10374
29893
11871
2067
29447
8167
41977
17368
20475
18571
13570
5129
2643
241
9618
9895
12660
21329
31273
19971
10171
12004
1444
7757
10576
24085
8538
13772
4503
1825
14523
4795
33529
8049
24545
34175
34166
38274
798
13315
20151
31534
15875
16995
28085
13755
973
18561
36932
11277
8692
2301
31897
20339
24034
17241
16892
5058
39467
26342
16214
5143
7062
31059
15065
18034
42728
16337
2677
24437
27197
1753
1036
12575
4915
19142
4344
43954
26561
24633
25039
17007
1496
4187
73
1211
30147
2392
4135
3950
1835
195
44431
13129
3798
2750
41980
29430
3780
14944
19712
29182
8350
11792
13344
12625
792
26827
2056
22074
10240
18349
13560
5540
2145
3325
40126
11550
17691
28532
12702
11770
6097
12604
11370
11437
43
5328
40940
20691
21401
39697
11318
7386
33994
3581
5585
24104
1430
6605
9262
13960
26520
4498
15037
4662
8614
21884
9195
6056
10210
930
8883
29849
3381
25325
24137
20167
13072
30994
5954
1737
35920
28755
28924
31813
37975
7301
4728
27230
8079
4364
20325
6816
33736
10627
1904
6697
42017
8638
32681
39588
11609
10938
22602
28092
20472
17218
13557
37461
41904
26950
20449
27997
9852
27710
20289
13717
27110
28347
1826
1336
25894
11020
9577
6762
6004
11330
2615
22242
12937
1371
17948
22800
12249
11027
28631
10390
28696
29995
24496
18224
8016
7912
8635
11945
3098
30790
364
20959
21385
5352
23015
38382
19404
19815
31747
21354
7789
21091
5035
26449
16717
9113
3354
5572
18052
7258
4249
497
34648
16277
30135
2188
11467
24523
19017
23905
18894
5832
19955
2157
8233
41758
4729
34952
24176
18543
40165
995
13775
6694
26630
36691
25469
6700
30318
11739
42660
16091
5265
4040
26481
7958
6670
5960
255
5505
25341
11288
5094
9259
8996
22483
23178
36376
20387
10812
753
19329
29572
31484
8351
5673
33239
552
15221
4356
14747
40086
14484
1788
1559
19813
17445
34555
3
13182
20456
9086
31451
13797
25067
16565
13092
21649
25606
13238
4866
1900
26350
24635
19717
9132
24182
6236
260
5224
8254
25490
2108
2231
31949
9510
34977
20774
8327
22975
35158
29068
3195
23246
39482
21248
22363
10062
30061
22037
38650
11776
24570
2202
8196
17069
6114
5175
2579
25637
15330
6720
10737
22977
3823
5888
15940
4563
17410
20829
2988
9197
4030
22843
2659
29904
10053
6938
2786
17655
28186
39974
9246
9163
30656
10219
20714
28842
8676
22675
4483
14133
23363
1416
4051
32174
33906
15927
17933
9469
24519
26730
14680
13979
2398
1529
27401
2111
27758
11783
4666
14014
5600
12480
14025
21682
94
5238
1689
7513
1573
8859
1281
1362
2469
21188
42
8017
18477
10790
32850
685
24291
23982
9471
34831
36221
13159
21159
8260
6394
10130
21301
9203
19127
10098
34948
32212
17956
4904
19884
16283
6797
4699
24040
31935
8336
10408
28528
25645
31870
29924
2447
26329
37553
19285
27678
735
28521
20986
1419
23333
11462
18126
492
7032
26074
2104
8999
18299
10273
28789
3346
3954
2020
7995
13354
16860
6836
5818
877
31401
2021
3290
13145
7643
630
3628
6756
33714
35502
8463
2151
14621
8469
9331
2607
7878
36234
35064
8273
40814
26643
11149
40068
8302
2688
18916
1411
23677
16103
3670
13212
36381
32588
7654
11984
4664
39814
8526
27978
2875
29783
7553
811
1241
7299
19983
22035
7067
26818
8446
17742
17427
23355
34568
14384
34618
7445
25922
13132
21893
21449
11385
22212
23222
42000
11848
23043
31631
19787
20484
40654
14242
32329
44183
18024
43696
8480
12807
624
11560
10578
15383
42385
31360
6625
1641
12014
23342
780
15434
5490
1017
957
33049
40554
20385
1069
19045
23856
34869
10989
3662
18360
7343
13763
37245
43545
43316
2048
19857
7211
13343
9490
18729
14163
3718
27175
42073
953
11129
8296
41133
8100
24564
14939
24714
36734
9576
6226
16598
17942
26263
1190
26946
11397
8770
8937
24214
16314
8281
29651
13639
34108
14578
28063
27214
2685
38589
6703
4044
11941
10802
10635
8899
4711
37157
40138
24011
4103
13163
13711
27935
4252
26942
32660
19794
3265
172
2989
2916
12769
24445
11604
42063
24873
17719
45560
28224
4924
12330
15539
24010
9914
13363
27162
11020
1078
31798
7972
2818
1911
3629
32626
4474
16402
43054
25144
24180
21570
17529
6380
18039
17773
8102
10753
11150
24757
43406
8686
28685
3157
12924
16308
23554
18785
3132
21540
10207
15073
27291
24715
98
16463
25695
5999
28929
7337
9481
8567
21325
28154
714
13182
14665
3782
32371
13041
43781
2564
18051
15463
31038
20087
11717
15329
4270
8099
39122
13957
31400
5661
30341
16915
13631
4415
12387
29174
9017
12011
3615
6193
6082
7657
36823
21722
1215
14474
24342
33821
11404
7180
30284
29883
26323
3182
12671
9316
330
1696
19924
13029
19180
2819
18061
17531
1701
9428
27908
20555
17304
3498
20492
7331
25576
2003
5329
301
19141
8413
33631
1558
6991
26529
10773
467
10284
8887
16086
8796
41484
42256
870
29468
40646
29100
28495
33671
32333
41614
11217
18266
21771
3677
26908
10428
19505
27446
11756
4600
5200
38821
2837
2209
28463
18269
45161
3283
2110
28544
9532
6282
8807
7868
26661
13446
19773
12415
6318
13389
17195
33893
40748
5807
9055
201
1985
249
9083
21972
27641
10404
13903
7861
16651
26713
33531
20354
20
17574
7027
9696
3434
25896
15804
957
21971
22543
3414
5712
1954
19002
1958
12822
15682
5693
11447
7538
7739
3483
26511
1231
26469
1038
28481
29000
45026
2139
7476
3168
21624
3024
30394
7754
9376
5877
43308
7197
5536
6916
15121
1631
5511
24702
23824
27701
23761
507
9308
25148
2972
4638
8879
26786
814
14526
2033
30914
11451
4354
14543
1700
5753
13309
39313
14670
22268
15039
28417
12381
16860
14525
3086
26363
15513
7390
14457
5489
3587
27082
23792
5118
26861
30228
31783
19845
194
7137
45516
27769
5509
44760
10800
20492
9246
11589
9591
16063
1403
1656
13073
5974
15146
22161
25427
539
23379
14334
2898
33211
12966
13324
9109
6236
23642
5621
8750
11282
238
2259
22785
29225
28631
23707
41604
31274
9200
39691
2229
33276
4258
40632
27034
38309
13083
12661
22412
33490
41742
21424
15357
20299
26938
21259
21713
25661
5313
9569
9283
32913
19035
16522
2308
11817
105
2629
10338
32868
13437
11788
2432
4073
14069
27634
20024
19950
4608
30621
411
11755
6529
9527
9309
33242
14978
35576
17337
15647
29022
30475
13775
26198
21449
5563
14735
9095
20352
13311
5317
76
19881
5250
23413
9862
30511
22920
11720
3363
25260
13903
6968
19688
20394
13420
42235
1438
15227
4472
12536
17179
24573
2736
35575
18334
26935
28637
25885
2291
9352
30519
15147
44115
21673
19666
24447
1708
5963
5532
545
1860
3024
30081
12769
23274
12531
24727
1756
1275
3620
3636
2603
10675
25898
34
43269
21837
43331
3900
29186
7844
5350
6642
225
338
2874
42228
22126
7763
9907
15855
3756
3596
16880
22313
32196
36698
38780
30172
29085
24897
1811
7850
14195
18696
4439
16291
9289
31933
11587
3044
7291
29271
13212
33181
28031
879
5192
22867
13109
24694
26867
8741
34497
1840
34202
40077
9426
10001
24688
37027
29743
21623
9706
22678
16776
16431
19983
30785
1442
40888
18735
17490
3575
26767
12807
4221
12094
16279
9279
33160
10762
14687
19495
393
1657
25602
32770
23620
43889
19397
7763
25717
21765
770
6571
17811
6554
2160
15838
10941
32895
12778
15044
1195
6228
16475
8688
34020
11158
16114
5486
13752
17227
17374
18538
10089
43314
4565
14426
5495
25940
4515
18038
3023
8066
7797
1181
37549
32803
14215
2210
15347
20046
396
19691
6699
402
7870
4389
4032
8288
25761
17655
6224
13514
9539
39326
215
6276
17954
33283
44077
11137
17237
17498
37502
10433
9393
35276
20007
29372
17098
3044
34996
5023
32053
21129
13224
22244
1956
31068
8856
3120
8167
4623
15997
39445
15807
11127
5338
27805
30226
7339
9476
7592
6474
19433
43228
6988
2487
16734
4242
3179
17370
2474
18467
26566
35972
19342
12860
29199
7916
594
23999
7550
27380
6970
6475
39629
21465
23294
10323
23053
20993
6024
17844
15823
7734
31754
20080
2657
42182
5064
28386
14063
39439
14296
870
21971
11058
36072
28319
26440
46102
44916
31513
4403
36906
14758
6175
2716
40758
3520
5964
5063
2030
14591
16718
22649
3356
13927
24511
17266
27801
6212
5798
23486
27988
14084
19427
24389
4505
35964
3536
8058
31438
8432
34777
8853
12385
2180
8483
42164
2271
39483
40628
9685
4311
23499
43493
36887
19879
24758
11439
35921
1472
33691
32350
24937
29483
4693
16667
42873
18430
9438
18541
1121
16206
2058
4494
25976
31002
15255
7379
18762
27034
29374
2146
6829
34981
20187
4853
29033
12240
9220
6222
37768
15023
22673
9486
1030
32148
26065
8494
3540
2299
10563
1519
10780
31283
13377
28323
23296
9981
16733
19309
26214
10227
35884
34897
17496
11236
42198
11341
2537
1069
11978
33710
23943
18832
3430
17751
7930
546
767
22900
21079
26647
23384
721
9636
27295
10267
37529
3641
12705
17230
12507
14666
21937
18024
8957
18556
3750
1644
14079
316
24405
17671
33924
19159
10605
6024
17144
20560
873
12696
10680
14125
38884
33112
1939
23354
14
39372
287
40292
21115
16307
9693
1276
34909
12436
5655
18247
39967
551
22312
12520
22989
7907
339
8501
7739
6565
898
4010
33973
11294
12747
22911
21934
1246
24120
22033
18255
46002
4797
2343
6727
12112
33291
9652
846
24005
7642
3804
7091
1542
2990
28988
10883
2470
1498
16205
1818
31930
18874
4738
1219
12854
31789
17866
16996
19873
11023
9288
1656
23907
40503
17048
8287
3787
18267
300
16428
18603
15124
38741
20997
21427
30047
11327
9484
19538
7706
2509
11559
20729
29986
2513
7073
4041
28405
13995
8916
21914
3190
21624
5163
28371
15771
16769
10293
36620
1527
23105
17825
12126
69
431
2950
45689
18640
5371
3966
22862
21829
18184
30551
9166
11101
19567
38192
1085
18654
15111
22728
9823
32569
11693
5208
1259
15538
17450
896
663
3832
6425
19067
4912
1519
31584
17257
31576
1176
12492
31727
23021
39426
42502
3656
23543
32388
35839
32427
45895
23388
13416
41765
9473
40369
13780
305
6460
37163
38129
5935
6455
3868
17218
8177
4031
11510
12684
2460
20050
26212
5978
26971
10316
21447
22555
12558
6592
35813
7281
3038
25178
5221
27013
9531
9137
25228
3702
35879
12105
21316
10619
27317
4266
11880
32365
23562
24215
13701
12463
23502
27320
20517
410
18888
9491
5654
4942
22842
11461
17255
9409
1191
18664
33340
10681
2701
6077
20753
1100
18582
32727
9742
11798
14585
38082
29300
892
23188
6405
3668
11064
13805
12629
178
14911
3498
16158
4776
20742
26449
4775
2587
3475
24244
24061
3860
2472
11259
11116
4324
8025
29639
20528
12376
24862
21262
10056
21897
27408
5391
23483
10494
6892
12080
26039
5363
24945
18128
9271
20649
7692
35793
8396
653
34128
25160
980
10090
18804
13917
17338
25338
34082
23439
16861
12865
23386
37607
41261
16163
14725
27346
2700
14738
16248
10422
16545
23287
4299
15492
5695
3701
18351
25322
12464
17239
20064
7504
299
29660
4677
41968
8218
32962
39438
9722
23521
2538
23556
16068
26155
26444
42897
7741
4724
15949
27068
7508
9311
41721
28679
26405
12867
36580
27573
5018
6276
18493
35157
20784
3502
2228
22249
28481
9776
2985
2867
804
22225
18458
21718
21806
22215
43527
9633
190
19428
15368
4510
5790
1405
9494
13776
5826
8929
24021
29222
2752
15928
7570
17969
5720
30174
20980
38555
7448
4454
36089
15757
37701
8329
14564
6554
24067
23407
27194
24138
11781
15747
16687
21406
12209
13254
180
953
10762
29859
34340
7965
28141
13335
16693
7418
32416
15806
2142
20389
28568
21933
10875
2761
6242
7535
13828
32373
14560
8885
2326
11254
16602
27307
40497
26613
18352
10771
26535
18870
7873
21165
6272
4606
29129
10886
37144
6252
7328
21926
3477
26761
348
25334
29273
22758
35423
1624
2856
7499
40995
15776
22443
2916
20560
15629
12969
22894
20783
2820
16517
6770
12155
19865
7908
7732
5934
1012
12560
30181
4013
16721
21905
6169
11640
29370
20287
4732
12233
30156
25832
17697
0
7162
10545
27928
8105
21171
30018
3674
28162
11139
9306
27836
21380
12159
24156
3310
17544
27749
10840
22486
21373
23764
22153
11669
8055
17145
9115
19956
22391
11655
2521
8426
20924
41047
10422
5823
14060
2241
25777
16376
2999
8392
26639
16461
31574
17119
14417
11900
8716
15444
22101
1587
27244
14609
13306
12893
1635
2674
566
14654
28641
28857
31912
33719
20190
5301
30222
28432
24101
33844
27244
11243
12116
22771
3321
7307
16792
19701
25060
10339
33306
8128
23846
19505
9559
13978
29060
715
4699
23439
12548
11658
25845
18666
13284
8598
35339
20544
17281
37501
3042
11240
12713
11668
6700
23817
15175
19142
27647
3050
9285
31269
15830
1560
37159
200
36665
23299
16261
16148
16858
10542
4830
5295
30004
2663
31972
21912
3965
18879
16943
29689
630
2694
7547
2155
2305
40586
29600
15051
15153
16721
389
13578
26950
9678
7222
7880
22639
31512
15707
4397
3131
27356
2877
550
14761
35837
27508
15315
38030
19269
28237
36711
28426
2731
6236
17856
13185
2222
8892
29021
8321
16736
34359
17722
18360
33878
29229
30981
9091
36163
15228
282
11352
4726
28881
15966
17373
28139
19470
9940
40520
5060
18551
6806
6067
4632
22830
7677
38021
16951
16769
2355
3938
16175
39732
22564
5109
24833
19396
5313
14409
2797
2559
10896
827
17227
4693
15819
3569
4794
39318
15003
19328
7009
11679
9163
7150
4866
26261
23179
11187
10026
12560
17477
15332
0
10065
5173
18678
21486
19667
1835
39240
382
5905
35812
3445
2827
34428
12096
41489
26398
16815
8026
19200
34399
37159
22052
35217
2582
17050
1380
9008
4480
11235
5724
19822
14923
20494
7348
29883
12953
10794
11411
10131
40928
17557
6762
305
21896
2741
15571
4143
1255
16257
434
19299
16890
16105
31350
14342
17659
9996
5025
19738
24770
15415
38073
26340
30872
12275
5769
12622
3431
16741
31035
20784
44652
676
17829
17777
25724
41599
11310
3154
3837
26910
19237
6839
13498
6570
25064
8983
33008
6349
2476
39380
21468
31474
24549
505
5617
16281
209
4913
26646
35943
12265
14107
4125
3125
13925
3441
7710
6747
31669
24417
2377
15413
16839
34904
31277
4374
13960
3039
655
25152
7965
21515
22520
3448
5977
15485
4957
1905
1097
8425
19145
8945
6185
11887
5567
6395
20251
13402
16713
16715
203
3126
7000
6422
748
33286
347
19858
21757
17436
10714
15685
11362
32869
412
9834
30082
7492
626
42604
23345
27826
25469
8253
9499
4067
17952
6519
35332
4243
24644
4959
1546
4517
11801
33698
4026
10467
19736
16616
18719
13154
8590
20892
30054
7200
32653
20003
24930
700
14122
1475
3160
40992
17413
22797
18030
35565
2584
27629
11713
18358
36695
32524
27534
9656
18294
2147
2584
380
22386
5427
11641
7919
23931
42640
9849
43020
18807
14088
1296
1168
3440
16998
34805
29650
10503
15343
21685
6035
16698
5601
19706
4334
38011
10433
35225
3149
11893
3788
2856
4104
19024
5507
6033
1092
27412
14844
5717
27533
25386
28509
21112
37586
15513
21925
29725
28935
4229
5432
23721
43
2016
13789
13802
12601
545
14843
37084
19645
31945
16403
3994
30681
3671
23430
2092
26260
5635
14820
8697
36593
29375
10075
13331
3487
8209
3046
38341
30164
30537
8299
19655
35604
29598
28101
3595
20832
22063
25650
22435
34149
6507
6733
39373
19620
11689
14177
16738
13674
35281
6004
24124
2055
39899
7983
8495
4268
9387
14293
28732
7463
45614
14156
14149
13843
1668
16451
23243
12283
20619
34033
5753
32792
25935
17175
21117
1960
9146
24304
15617
29395
35434
26599
168
4607
18745
8187
8221
3705
8814
16235
31148
40501
27882
25613
28021
9945
522
2646
4296
7139
3939
6293
41250
28733
31872
43494
39929
17098
3554
4254
25812
14293
23110
16366
7761
34249
7422
18350
21333
24916
2395
860
4628
11328
16942
3456
5671
7567
6868
23625
38427
1565
35405
8879
11229
9756
18922
25049
29308
11549
40421
13442
13208
31331
37474
41423
6254
21119
813
21174
5524
33960
13103
13552
22489
22055
11604
31261
2408
29701
22198
10519
28990
9080
10486
37348
15880
24923
10410
25136
36714
15336
18740
10023
407
14629
15748
15017
27974
17835
1843
18951
33418
16735
14276
34391
1125
24975
2589
2895
18563
18528
10135
12831
21408
22534
13831
3546
25688
5222
1557
8636
4191
13820
24015
7876
10952
28426
29019
1056
44970
40697
8062
44552
41779
39140
18286
593
43164
24671
3028
25359
31823
13904
28098
12073
32218
23691
12619
21094
8081
11200
14977
24698
14857
17948
22386
6121
7605
0
19029
25292
6735
22793
15489
13156
2478
34940
36471
5984
2849
27131
18648
3264
12092
13765
19507
17369
1193
18198
39345
23400
14916
24348
33038
17139
26568
8338
4057
14075
10246
23752
21389
18777
2828
32420
12564
10324
15718
6034
23666
4654
9163
45810
23982
5560
24279
11576
17712
3425
26299
23576
5050
31955
22377
16719
7003
21350
4850
3636
28896
8737
5062
39062
38630
27841
11981
15357
6049
5177
4372
3731
22572
29925
22063
5161
17137
7303
2431
22904
40908
25422
8880
3620
8243
26577
10881
14916
36582
23477
18621
45036
35858
5657
26185
7412
28774
2981
22513
8682
