24096
32278
42035
36407
30343
17436
22040
17280
47582
54804
30266
55662
50336
39226
3511
49798
6854
73825
29306
12421
14681
27530
26984
29217
57916
21345
15894
59759
13167
8239
1675
1733
59514
93
57526
86232
26752
6524
63567
36077
62197
55446
5338
50071
9782
35147
37347
71825
4625
53185
44453
50172
33623
17529
54256
40786
14802
487
16746
24864
33728
43505
5833
15014
67616
41139
8175
91787
32580
6933
24859
22742
11002
48991
94302
53031
54654
50248
18079
10508
4652
33018
35655
63691
1764
79023
30334
50778
37468
5873
34516
24682
19971
30562
11645
38797
22048
15549
40226
28430
59988
53826
0
0
0
0
0
0
0
0
0
0
0
0
0
65286
15034
79790
21144
62357
17168
44307
2752
59385
28743
9270
44155
15324
41982
42894
15903
97859
17979
28266
18830
31010
0
0
0
0
0
0
0
0
0
0
0
0
0
0
0
0
0
0
0
0
0
0
0
0
0
0
0
0
0
0
0
0
0
0
0
0
0
0
0
0
0
0
0
0
0
0
0
0
0
0
0
0
0
0
0
41560
35142
13460
2515
19297
45614
76713
51928
15549
33897
84658
21016
832
20075
15056
8825
21758
58679
50770
0
0
0
0
0
0
11862
15441
39480
33531
28338
30872
71925
0
0
0
0
0
0
0
0
0
0
0
0
0
0
0
0
0
0
0
0
0
0
0
19201
77415
33941
16839
0
0
0
31929
18811
75126
30924
22112
41400
47151
16713
18638
21096
50646
17107
54762
21493
66129
26575
8770
85980
18091
44910
86887
56373
14830
3484
48208
16610
17385
21755
2266
42062
65989
0
0
0
0
0
0
0
0
0
0
0
0
0
0
0
0
0
0
0
0
0
0
0
0
0
0
0
0
0
0
0
0
0
0
0
0
0
0
0
0
0
0
0
0
0
0
0
0
0
0
0
0
0
0
0
0
0
0
0
0
0
0
0
0
0
0
0
0
0
0
0
0
0
0
0
0
0
0
0
0
0
0
0
0
0
0
0
0
0
0
0
0
0
0
0
0
0
0
0
0
0
0
0
0
0
0
0
0
0
0
0
0
0
0
0
0
0
0
0
0
0
0
0
0
0
0
0
0
0
0
0
0
0
0
0
0
0
0
9484
12581
8730
56329
55124
70488
53666
48208
29727
53325
24241
94224
28780
56490
67896
25129
39953
56570
43207
18565
49665
5620
953
15649
24961
16336
470
41311
16626
3126
20144
70600
5443
31085
8255
4299
73721
50228
46959
40456
37752
22545
19739
41533
36222
60622
54514
24907
19481
32189
76544
8026
33732
38037
25807
20649
64844
22923
6162
82064
73339
90348
43183
6873
54212
4294
1503
10858
56924
80866
33398
2339
62181
29964
25285
0
0
0
0
0
0
0
0
0
0
0
0
0
0
0
0
0
0
0
0
0
0
0
0
0
0
0
0
0
0
0
0
0
0
0
0
0
0
0
0
0
0
0
0
0
0
0
0
0
0
0
0
0
0
0
0
0
0
0
0
0
0
0
0
0
0
0
0
0
0
0
0
0
0
0
0
0
0
0
0
0
0
0
0
0
0
0
0
0
0
0
0
0
0
0
0
0
0
0
0
0
0
0
0
0
0
0
0
0
0
0
0
0
0
0
0
0
0
0
0
0
0
0
0
0
0
0
0
0
0
0
50545
5431
73881
8925
43308
9758
39753
14718
18782
51364
31929
46087
80605
51075
22722
13903
69781
1436
26021
23651
29471
21811
52510
36591
56646
48597
60273
52866
33632
11255
47706
63017
14356
48786
3531
26595
15610
49693
61213
59298
47790
1732
16903
66475
51356
19558
40725
67097
44264
54019
16787
49151
0
0
0
0
0
0
0
0
0
0
0
0
0
0
0
0
0
5548
294
24991
26812
76636
51633
8941
21706
13047
5644
19328
10103
40797
50526
40725
56450
3427
73166
6609
25815
14826
46745
69459
70001
41234
50236
58
27016
88599
59979
53819
25157
35516
84682
59037
53754
51345
27024
6142
5784
33109
9299
31262
87614
8500
2283
58353
16766
68243
15392
5066
18377
29009
5471
38500
66495
22509
7786
96274
41315
26253
9464
26386
12918
11288
49420
7832
15742
3278
44236
14180
1840
3214
471
85200
85920
24764
28803
75155
61201
88867
19232
66667
34210
47075
54790
10725
18545
39223
78424
16874
56992
18164
684
67166
29186
91519
63949
7227
37587
914
36299
20819
49067
6858
43517
32776
25510
20842
14364
2086
0
0
0
0
0
0
0
0
22876
45606
13167
12216
59008
55305
64784
31748
72724
2446
44111
21140
53742
38150
9966
23217
31708
48332
2781
6483
29768
74030
42114
22374
595
31213
35592
33820
7364
985
3716
29543
26398
3978
11966
63840
33024
41154
19944
26711
82457
36896
32832
16389
14337
6150
24185
51449
2371
25073
22224
8742
6001
17996
80188
13774
33326
3193
28349
28474
31671
1403
28828
75379
3187
22313
31182
23338
28739
25389
75810
60510
0
0
0
0
0
0
0
0
0
0
0
0
0
0
0
0
0
0
0
0
0
0
0
0
0
0
0
0
0
0
0
0
0
0
0
0
0
0
0
0
0
6689
9789
19666
346
34720
2194
31639
13151
76022
46709
16681
24638
62064
65112
41716
35403
46520
90240
23570
63518
19802
75123
33294
41994
35877
26184
39572
14473
13975
15726
20690
70725
34567
14018
54184
81344
17774
19075
39464
21880
42131
16661
63193
62550
3037
14328
0
0
0
0
0
0
0
0
0
0
0
20790
39500
3926
11536
32443
39680
31113
32507
0
0
67784
40435
37107
28795
59403
22092
46167
45769
12706
33921
2026
69901
33234
51658
51192
45456
18714
12139
0
0
0
0
0
0
0
0
0
0
0
0
0
0
0
0
0
0
0
0
0
0
0
0
7897
12870
7805
29092
8541
58043
13385
36608
14962
65671
71206
11858
5909
19003
11360
47067
51673
0
0
0
0
0
0
0
0
0
0
0
0
0
0
0
0
0
0
0
0
0
0
0
0
0
0
0
0
0
0
0
0
0
0
0
0
0
0
0
0
0
0
0
0
0
0
0
0
0
0
0
0
0
0
0
0
50807
1660
3263
18987
2941
8468
18645
4796
76641
8850
17188
836
31527
27417
10826
59968
45741
71898
57679
17284
4102
79152
57879
18726
9548
3198
876
32627
71571
88402
58654
31559
39664
10810
25779
16011
25434
18320
19312
68102
1387
47995
66214
23807
62832
30562
44625
28865
48485
26619
42005
21674
42673
68616
32506
40705
28598
10404
65877
42187
41978
13923
35154
29851
43062
52662
5126
21
49477
52895
2773
68138
35969
34025
34463
10616
50011
21144
21429
16835
64234
17112
47485
21035
49882
4078
40914
17493
84356
46457
10608
39352
0
0
0
0
0
0
0
0
39335
44034
14123
58719
29855
3062
39335
36174
14179
67049
16533
3471
17818
8063
2423
40862
0
0
0
0
0
0
0
0
0
0
0
0
0
0
0
0
37701
3886
6990
1676
38974
24698
3547
22654
26872
54653
18988
51955
36990
14239
11086
5568
14810
49918
25574
73443
41786
58514
68924
24627
68673
40399
7854
27626
44263
11975
78653
43521
35407
28956
65933
29723
27418
25880
20626
23819
17517
8693
36629
75158
51469
407
3708
51691
15276
16019
12111
18767
15187
63246
45
30089
10219
45573
86742
1319
46798
38897
45111
7331
74612
55301
56101
11397
62796
37885
31114
25542
15404
27626
21655
26595
3765
46528
35885
64901
33150
43250
20674
30651
52650
56815
33419
35688
21360
14063
57875
19285
4861
42227
52963
41826
8721
51469
2692
4335
39182
79802
13075
22992
20959
18244
68202
18016
20847
9039
53413
2371
35383
12271
65535
42850
6404
17597
13569
24104
29016
56678
23039
27514
64165
9351
17750
68676
43094
5239
10215
6901
11396
18385
44604
15103
76091
64391
16835
16958
15004
7356
22092
16364
14980
94101
9958
10785
7576
49871
22864
13525
42001
11336
34576
45035
54826
47590
67872
71824
49866
29189
31085
1186
70733
35796
83722
77998
60996
71138
14297
30583
38804
52562
22365
67490
4922
87738
36621
7416
6713
57205
9496
873
7966
38484
20068
23891
6504
25145
6271
18353
5825
36291
50080
3267
0
0
0
0
0
0
0
0
0
0
0
0
0
0
0
0
0
0
0
0
0
0
0
0
0
68936
48392
53891
70250
57924
4339
75612
51059
11657
6737
3781
46991
38090
77858
53092
22522
89421
19863
23662
53473
74543
57256
31912
39797
52032
25266
24486
2082
33808
5179
26555
5937
1322
32474
55208
6428
11698
10669
11870
38669
18887
44608
30138
19863
84388
55088
8436
10151
44609
47339
57076
20400
64221
65317
46705
20514
20932
44505
21868
32784
64831
20932
18674
65133
455
34639
50341
62748
82488
79461
34314
63230
60635
330
2628
9480
42593
55730
6889
46469
3371
49814
14224
3784
19622
79299
6660
23064
24204
20039
29185
74146
0
0
0
0
0
0
0
0
0
0
0
0
0
0
0
0
0
0
0
0
0
0
0
0
0
0
0
0
0
0
0
0
0
0
0
0
0
0
0
0
0
0
0
0
0
0
0
0
0
0
0
0
0
0
0
0
0
0
0
0
0
0
0
0
0
0
0
0
0
0
0
0
0
0
0
0
0
0
0
0
0
0
0
0
0
0
0
0
0
0
0
38500
0
0
0
0
0
0
0
0
0
0
0
0
0
0
0
0
0
0
0
0
0
0
0
0
0
0
0
0
0
0
0
0
0
0
0
0
0
0
0
0
0
0
0
0
0
0
0
0
0
0
0
0
0
0
0
0
0
0
0
0
0
0
0
0
0
0
0
0
0
0
0
0
0
0
0
0
0
0
0
0
0
0
0
0
0
0
0
0
0
0
0
0
0
0
0
0
0
0
0
0
0
0
0
0
0
0
0
0
0
0
0
0
0
0
0
0
0
0
0
0
0
0
0
0
0
0
0
0
0
0
0
0
0
0
0
77609
73452
55044
22313
13320
30632
68467
13135
33961
43978
3866
60558
7339
2090
31478
34784
70447
40456
3407
266
29570
51854
54136
41959
21771
1458
11983
23164
51477
41235
0
0
0
19557
14569
28120
79307
54076
87413
14782
44781
29068
14079
81400
41075
3379
49598
52429
69167
4198
28001
2752
47570
50461
46135
44187
37596
31021
2580
48801
11652
7938
76568
48071
50674
17280
34861
17063
38584
27768
3829
28346
55039
69825
30129
57887
28442
14986
1141
22333
9339
59731
26883
46947
73371
40432
6601
5089
25800
768
7126
20189
44501
17123
23622
7629
44596
298
50104
16581
40235
21454
15773
3351
32913
3150
13926
28024
44340
7323
7392
50935
0
0
0
0
0
22173
22089
74704
15260
10240
74211
56662
1977
28423
55091
26924
5330
55919
53393
62952
6597
24493
65571
74019
28213
15855
72319
11408
47396
12243
23113
37536
38741
26526
6231
5086
7817
74617
55153
16935
37523
34274
61434
37306
71138
14031
42039
16200
14312
5596
52622
51666
41954
47665
37696
39737
62141
90426
45079
70813
34918
39214
39347
9291
31563
43023
50058
18906
0
0
0
0
0
0
0
0
0
0
0
0
12662
4652
37536
32081
28996
68033
68150
25731
5620
62057
21417
35239
22787
22084
511
49887
10244
63591
7276
2367
5081
35250
21470
32929
64711
34371
7095
42219
74135
95150
82203
34933
3259
2635
0
0
0
0
0
0
0
0
0
0
0
0
0
0
0
0
0
0
0
0
0
0
40286
27233
46830
6371
2170
51481
3825
74925
91300
70532
44950
24783
29783
16276
18902
48665
13702
2595
12321
39178
40977
16887
14569
34355
51003
3213
58294
44650
9942
17686
16224
68555
70547
16778
70592
57109
38633
824
34941
35833
17722
69677
22734
82979
42175
11681
32917
8480
79521
33294
13677
50337
12612
49007
42716
79146
64230
56088
70962
2524
21573
510
15336
68170
8511
32419
62635
0
0
0
0
0
0
0
0
0
0
0
0
0
0
0
47742
7576
46959
14506
64311
27442
76211
9171
18778
70986
34885
2623
17263
12220
58626
27844
23297
22181
88718
1540
21288
50304
41853
53618
25458
2808
7175
49332
27691
41970
23847
0
0
0
0
0
0
0
0
0
0
0
14842
18751
21691
33033
25787
2331
41210
28138
18990
52197
23539
61957
17469
19265
0
0
0
0
0
0
0
0
0
0
0
0
0
0
0
0
0
0
0
0
0
0
0
0
0
0
0
0
0
0
0
0
0
0
0
0
0
0
0
0
0
0
0
0
0
0
0
0
0
0
0
0
0
0
0
0
0
0
0
40315
86040
7584
67371
43597
17734
46701
62760
5717
24265
11195
5203
8436
6665
32564
45713
2567
4560
6617
1680
8612
17843
34793
5833
28161
58479
28538
22618
45143
63314
43509
68728
71986
1447
39419
8259
10990
50996
35604
31318
53422
18481
13529
8605
7017
21742
611
7749
11006
43544
43468
5797
18742
36122
138
6094
43367
17032
3339
4424
1848
9030
11589
7447
25117
46147
56048
85485
9697
91960
41050
4134
18389
57257
50469
20240
4178
82633
9234
29294
38636
27118
42544
45369
14176
4021
45433
19040
27726
44087
36745
38315
19376
40761
16782
42351
1551
42363
11099
22766
49236
58402
3584
39837
30
37026
31402
50120
10854
54743
9741
3829
8697
23080
10701
22105
20657
77910
57844
79468
44324
21361
12601
37629
23811
47677
29872
12307
69053
59960
43143
32543
36596
43051
11155
18614
75994
76007
28397
19452
14958
30511
22437
30763
2853
47830
49076
46
61939
35150
166
74701
31482
24056
52943
48749
14284
17537
25161
54309
9174
18317
22505
36876
13351
53107
31993
22036
54590
14236
45042
45931
52963
21984
33797
59522
16794
13337
24742
62715
14593
71319
72010
3732
42465
18887
43485
2937
54787
65542
15987
6042
5604
1094
17224
55972
61182
14597
70796
4632
39768
46850
63346
27554
30772
10444
75436
86123
35267
37058
89465
15132
55048
67921
1640
64841
78833
50505
1014
47042
29160
4880
29310
42372
36415
44191
79818
31122
3917
62438
11114
67744
56497
5540
9669
34270
71371
3945
20622
82759
64028
60815
20859
3327
18140
12701
25474
28410
17754
23409
17409
21903
0
0
0
0
0
0
0
0
0
0
0
0
0
0
0
0
0
0
0
0
0
0
0
0
0
0
0
0
0
0
0
0
0
0
0
0
0
0
0
0
0
0
0
0
0
0
0
0
0
0
20630
65498
584
13472
59764
42933
1996
38906
11416
21003
8272
24321
35363
48843
12524
71640
4114
1178
37946
84890
72251
6886
13862
17870
68451
78224
49530
60880
55143
2386
61073
6842
24811
4974
26322
0
0
0
0
0
0
0
0
0
0
0
0
0
0
0
0
0
0
0
0
0
0
0
0
0
0
0
0
0
0
0
0
0
0
0
0
0
13641
5351
24470
44211
82565
31210
23598
0
0
0
0
0
0
0
0
0
0
0
0
0
0
0
0
0
0
0
0
0
0
0
0
42439
64467
12650
14509
44898
40596
11467
66725
16059
21602
9877
0
0
0
0
0
0
0
0
0
0
0
0
0
0
0
0
0
0
0
0
0
0
0
0
0
0
0
0
0
0
0
0
0
0
0
0
0
0
0
0
0
0
0
0
0
0
0
0
0
0
0
0
0
54213
3094
4673
93129
39640
28695
17477
5484
3443
29844
54522
16348
52791
5689
8118
20802
17867
4275
40042
35263
35109
5282
14110
26594
2816
29370
16758
7513
8300
46457
59393
45391
43994
6885
9078
19144
26574
61084
39275
15449
88212
8416
8440
28952
26257
16008
9143
67351
43841
33836
22642
13344
29145
5054
14826
42902
55642
63186
47830
0
0
0
0
0
0
0
0
0
0
0
0
0
0
0
0
0
0
0
27586
46103
4789
62100
33286
3853
8415
11710
32170
7853
24667
2860
60877
17979
20928
27349
16830
15871
24791
74151
5572
38467
26262
28651
6343
27301
19168
57016
44907
15922
55895
80754
76340
36198
0
0
0
0
0
0
0
0
0
0
0
0
0
0
0
0
0
0
0
0
0
0
0
0
0
0
0
0
51393
5845
0
0
0
0
0
13548
18040
4138
26623
32640
20590
32550
43267
30136
0
0
0
0
0
0
0
0
0
0
0
0
0
0
0
0
0
0
0
0
0
0
0
0
0
0
0
0
0
0
0
0
0
16991
9055
34926
41620
19593
31973
28486
62382
5552
4427
37544
1334
11400
45582
1684
59401
11737
262
71957
43701
54883
32407
16100
91879
18501
56426
0
0
0
0
0
0
0
0
0
14376
17075
28285
15850
7315
56051
51172
39171
31952
16332
25390
22478
44239
63285
177
4371
67427
42990
7636
528
38893
4419
19903
44011
46629
18080
59136
33242
18288
83770
52003
76448
17449
26591
75403
5467
36780
15637
35844
92578
58057
12677
27639
498
19252
44947
9737
69134
64949
5829
29816
0
0
0
0
0
0
0
0
0
0
0
0
0
0
25326
24678
8540
22867
43938
85775
25491
60739
41428
49767
8038
32355
5
1238
77889
43299
28787
59189
16774
23233
5013
997
3745
43813
24715
40190
35628
30912
39913
3250
24606
54804
14381
0
0
0
0
0
0
16284
36789
19096
52103
16988
3604
22365
10046
39672
30897
21071
13710
80131
5805
39443
22715
51610
18373
60334
17839
55538
76608
7412
46059
47335
37359
32908
40219
29799
9488
7278
82340
54847
31170
21522
63784
10288
4905
5126
43537
24109
36611
73058
11802
17489
18790
71660
51790
27920
2246
31550
12750
780
52249
4785
20136
54687
56012
24992
640
71616
24285
35230
57438
22490
620
65559
57382
31969
75143
86657
64869
17485
270
29723
34399
7657
34082
11235
9259
56068
38592
0
0
0
0
0
0
0
0
0
0
0
0
0
0
0
0
0
0
0
0
0
0
0
0
0
0
0
0
0
0
0
0
0
0
0
0
0
0
0
0
0
0
0
0
0
0
0
77102
84412
85317
30507
12203
11733
10243
44432
9668
32189
16352
7022
270
82923
21610
23815
21312
825
20553
17577
54558
19080
7290
19955
37210
27707
44817
67892
14694
5476
31050
9580
23940
27358
10930
7858
56577
18147
9086
0
0
0
0
9082
81497
26655
29723
3920
34777
24370
13011
70886
26904
53028
45396
42970
23369
23128
8211
17509
35206
9504
53967
71142
46287
59177
51963
213
0
0
0
0
0
0
0
0
0
0
0
0
0
0
0
0
0
0
0
0
0
0
0
0
0
0
0
0
0
0
0
0
0
0
0
0
0
0
0
0
9740
67093
11585
15536
12139
44460
37154
23361
47448
0
0
0
0
0
0
0
0
0
0
0
0
0
0
0
0
0
0
0
0
0
0
0
0
0
0
64908
58285
37368
16027
3431
24595
34716
3130
26257
41922
16501
6625
15721
1761
7616
5206
79653
0
0
0
0
0
0
0
0
0
0
0
0
0
0
0
0
0
0
0
0
0
0
0
0
0
0
0
0
0
0
0
0
0
0
0
0
0
0
0
0
0
0
0
0
0
0
0
0
0
0
0
0
0
0
0
0
0
0
0
0
0
0
0
0
0
0
0
0
0
0
0
0
0
0
0
0
0
0
0
0
0
0
0
0
0
0
0
0
0
0
0
0
0
0
24908
51273
32852
29591
11263
52325
40889
38074
52088
12774
80822
14625
57353
15742
78673
55513
4223
68330
13095
12388
4069
24487
61510
4403
48947
71753
40476
27530
30499
51593
22816
49477
28065
0
0
0
0
45500
1680
32106
29221
61209
22113
29230
11894
61048
2523
4953
92582
60258
58791
13540
30206
11018
12355
15052
13300
322
31238
9150
7528
33307
38326
13091
9862
59201
55337
28234
8335
71211
22691
16866
6166
48163
56394
8580
4641
12561
86585
79955
9740
21875
37114
39110
15257
18722
51373
22236
6544
43042
12131
71583
16060
58212
19453
14790
37608
20779
38873
11179
22076
22767
46521
34286
7070
12432
59233
50625
46766
44481
18936
44405
52333
1427
52542
33314
32977
46023
68170
7119
46319
291
27859
40817
57827
7392
15536
58481
35636
65712
2109
23084
69904
21767
64419
46035
90487
19208
53912
74716
0
0
0
0
0
0
0
0
0
0
0
0
0
0
0
0
0
0
0
0
46344
33813
17609
20092
65543
19995
13839
44995
5179
52068
6380
7572
49478
21498
81926
23314
12066
58426
4335
64390
5829
48428
24040
13597
61820
20650
78951
66466
23088
18184
9151
34969
6520
19928
38034
54116
31904
21597
50128
16726
4583
46991
45476
65313
35889
76304
96579
33422
61241
4869
20309
45593
7443
7624
46673
45658
82043
68687
34082
20814
64245
13849
73745
26815
31957
0
0
0
4412
32600
93775
24482
32611
94225
28631
54260
64539
20167
20738
22056
92314
0
0
0
0
0
0
0
0
0
0
0
0
0
0
0
0
0
0
0
0
78606
22124
39833
38451
10790
61820
4641
7748
29627
23691
31427
27771
12320
15697
6367
38283
44275
23796
36463
1319
61836
28262
15433
13998
4375
17268
30708
49770
53911
20348
14180
3753
87711
1038
64403
0
0
0
0
0
0
0
0
0
0
0
0
0
0
0
50356
17730
22185
13942
40416
85955
39737
38182
84947
31374
79525
1491
48593
27382
10106
61418
2656
12818
46304
37175
82135
11228
27196
21019
29041
32478
46324
43765
22361
48312
67037
1410
24864
52895
7652
44300
52790
48155
10087
47870
66009
34082
33101
38137
17670
24983
44078
42035
21438
0
0
0
0
0
0
0
0
0
0
0
0
0
0
0
0
0
0
0
0
0
0
0
0
0
0
0
0
0
0
0
0
0
0
0
0
0
0
0
0
0
0
0
0
0
0
0
0
0
0
0
0
0
0
0
0
0
0
0
20228
49460
18244
56096
93305
74513
3114
22714
5700
8247
32692
44974
42034
14550
17068
37716
5391
37524
70989
1511
12513
73463
41878
5207
15472
36243
23056
52601
50570
66218
63864
20470
15361
47332
33604
58538
12142
52128
20498
39419
39641
23786
21895
80192
5792
10629
57257
6315
31506
6335
7946
28337
11162
68298
44721
35941
3615
9794
65487
48156
64740
17228
38459
80621
0
0
0
0
0
0
0
0
0
0
0
0
0
0
0
0
0
0
0
0
0
0
0
0
0
0
0
0
0
0
0
0
0
0
0
0
0
0
0
0
0
0
0
0
0
0
0
0
0
0
0
0
0
0
0
0
0
0
0
0
0
0
0
13356
65366
0
0
0
0
0
0
0
0
3724
27152
30539
716
9757
7411
13749
55369
39163
15798
41528
24726
52927
23434
47730
55963
1323
33808
61125
85654
40902
14424
49601
4784
67998
32455
42195
26132
41721
34897
72427
8440
44480
48281
19272
45343
16859
24993
58639
8275
31383
38468
6806
49959
28760
20868
75794
43733
7363
2287
13612
36078
10212
23125
72444
64410
25715
20421
50742
46248
4644
84807
0
0
0
0
0
0
0
0
0
0
0
0
0
0
0
0
0
0
0
0
0
0
0
0
0
0
0
0
0
0
0
0
0
0
0
0
0
0
0
0
0
0
0
0
0
0
0
0
0
0
0
0
0
0
0
0
33017
48023
24955
2098
58297
27198
8766
48847
55229
38765
6282
51891
27724
11360
86039
36913
83285
62366
13665
94450
3905
29206
3637
11650
38070
17501
4769
41347
31997
20955
77697
53454
66828
27076
12468
6194
5488
28523
11159
65113
75874
21666
69523
17131
67981
15677
24574
39817
42030
6732
18232
43343
39480
64499
11351
24334
13175
9589
65747
2941
37488
17328
33676
68235
31531
12420
15248
27498
11098
11417
14922
29053
9159
18859
10448
29419
50285
55960
5166
18875
15300
63274
60932
24738
43645
13790
18894
38467
35611
68756
31607
49979
38259
1523
58964
19646
58742
3740
48817
90522
8002
28462
16
16517
2070
9962
33001
79661
46106
10031
65546
19478
50529
33929
3978
73548
2395
63840
495
40760
17538
23462
70492
17171
33326
5877
591
10970
13641
27768
24502
36769
20091
2840
6271
34350
85450
14156
5090
6705
21610
19301
48569
13765
3182
5167
90073
15686
40199
19689
54610
18710
7937
9356
65869
1547
11597
46805
16963
15159
50859
23096
68909
34663
772
4483
26141
53927
6945
9424
4677
15998
77292
57462
25442
19674
901
63354
78694
32808
15388
17746
71303
40303
34471
39416
71926
37050
38311
39595
9722
5961
4833
43087
47208
13830
70840
1989
36572
186
16019
20420
17654
36784
13179
13030
47721
91868
24739
22361
4195
64206
47532
73982
82509
57053
83023
25659
19618
57370
12051
24743
44585
35074
44468
230
41327
85589
70443
44853
1029
52634
51683
2022
24169
10974
6861
24923
4820
0
0
48939
37122
16726
37901
33363
44067
57726
63868
1318
80521
35450
14586
30378
18088
39411
2792
70274
73886
92373
51192
2447
48083
0
0
0
0
0
0
0
0
0
0
0
0
0
0
0
0
0
0
0
0
0
0
0
0
31314
29318
2524
38913
4383
11372
19305
37584
73777
34009
961
35664
19694
3455
10849
7019
29358
21224
2126
21405
9653
19638
40572
26607
27250
48043
15882
47826
65551
7138
10296
89446
2029
13180
42284
68033
63640
14389
65157
77927
91923
49774
19530
4793
4604
75483
66130
19292
4431
54312
2676
64740
12155
88221
13576
28931
1824
1740
38476
86349
59659
65273
8584
41271
77444
35001
60851
23879
3575
49087
56847
47814
15224
64575
19831
4149
5612
10484
38170
85574
15328
0
0
0
0
0
0
0
0
0
0
0
0
0
0
0
0
0
0
0
0
0
0
0
0
0
0
0
0
0
0
0
0
0
0
0
0
0
0
0
0
0
0
0
0
0
0
0
0
0
0
0
0
0
0
0
0
0
0
0
0
0
0
0
0
0
0
0
0
0
0
0
0
0
0
0
0
0
0
0
0
0
0
0
0
0
0
0
0
0
0
0
0
0
0
0
0
0
0
0
0
0
0
0
0
0
0
0
0
0
0
0
0
0
0
0
0
0
0
0
0
0
0
0
0
0
0
0
0
0
0
0
0
0
0
0
0
0
0
0
0
0
0
0
0
0
0
0
0
0
0
0
0
0
0
0
0
0
0
0
0
0
0
0
0
0
0
0
0
0
0
0
0
0
0
0
0
0
0
0
0
0
0
0
0
0
0
0
0
0
0
0
0
0
0
0
0
0
0
0
0
0
0
0
0
0
0
0
0
0
53317
20133
4358
48497
22212
55224
419
77339
45058
57622
15525
60788
31583
12958
49091
29096
18389
40155
31246
29245
40198
29197
39523
34090
38174
22650
5033
17633
88939
83440
78038
80738
50986
17718
25763
38396
35098
23421
17717
34860
39898
40632
38432
45203
51433
95045
51023
52996
17015
73728
83979
22326
0
0
0
0
0
0
0
0
0
0
0
0
0
0
0
0
0
0
0
0
0
0
0
0
0
0
0
0
0
0
0
0
0
0
0
0
0
0
0
0
0
0
0
0
0
0
0
0
0
0
0
0
0
0
0
0
0
0
0
0
0
0
0
0
0
0
0
0
0
0
0
0
0
0
0
0
0
0
0
0
0
0
0
0
0
0
0
0
0
0
0
0
0
0
0
0
0
0
0
0
0
0
0
0
0
0
0
0
0
0
0
0
0
0
0
0
0
0
0
0
0
0
0
0
0
0
0
0
0
0
0
0
0
0
0
0
0
0
0
0
0
0
0
0
0
0
0
0
0
0
0
0
0
0
0
0
0
0
0
0
0
0
0
0
0
0
0
0
0
0
0
0
0
0
0
0
0
0
0
0
0
0
4608
65599
29121
17847
8552
29611
31117
53546
84758
31892
22433
29177
5848
53883
48341
33556
29226
19775
51015
34399
11452
24322
69077
53264
29323
0
51863
75488
50618
73467
229
59570
33897
48216
34556
21288
29772
2423
30869
5073
11762
60431
24254
1371
48091
59285
14316
81039
31916
49557
44745
42754
1070
26173
16096
52882
1572
14111
12134
30567
48492
14409
18926
8214
44650
5095
8901
57092
28246
12424
4206
38950
20441
13701
20405
55032
64177
10701
10785
7605
5371
4328
44890
77416
7078
0
0
0
0
0
0
0
0
0
0
0
0
0
0
0
0
0
0
0
0
0
0
0
0
0
0
0
0
0
0
0
0
0
0
0
0
0
0
0
0
0
0
0
0
0
0
0
0
0
0
0
0
0
0
0
0
0
0
0
0
0
0
0
0
0
4089
9296
25289
13717
9742
18433
29017
20590
78645
77628
17585
47875
26904
53786
19630
32346
5472
53811
16947
26177
647
38416
22232
0
0
0
0
0
0
0
0
0
0
0
0
0
0
0
0
0
0
0
0
0
0
0
0
11664
48505
24928
31214
17839
3339
49980
17698
13120
56936
35239
4607
17505
62286
47730
42010
0
0
0
0
0
0
0
0
0
0
0
0
0
0
0
0
0
0
0
0
0
0
0
0
0
0
0
0
0
0
0
0
0
0
0
0
0
0
0
0
38134
22112
0
0
0
0
52590
17115
83894
59418
35013
48472
515
0
0
0
0
0
0
0
0
0
0
0
0
0
0
0
0
0
0
0
0
0
0
0
0
0
0
0
0
0
0
0
0
0
0
0
0
0
0
0
0
0
0
0
0
0
0
0
0
0
0
0
0
0
0
0
0
0
0
0
0
0
0
0
0
0
0
0
0
0
0
0
0
0
0
0
0
0
0
0
0
0
0
0
0
0
0
0
0
0
0
0
0
0
0
0
0
0
0
0
0
0
0
0
0
0
0
0
0
0
39777
14304
62377
0
0
0
0
0
0
0
0
0
0
33723
39777
1070
25498
20338
22510
41239
31097
13689
27844
32310
37440
7005
30403
12701
52344
41998
7817
14103
27329
56501
40311
49585
26675
30667
21839
68061
29141
13540
21345
49613
52361
12685
32205
44560
13978
63973
92622
35415
23972
45858
10545
13787
72492
29735
5039
93354
19871
62377
1138
0
0
0
0
0
0
0
0
0
0
0
0
0
0
0
0
0
0
0
0
0
0
0
0
0
48746
16268
13955
11235
17783
26132
27149
18224
18501
32808
31539
44243
45890
20136
3145
20690
4447
22324
2788
54566
10303
27129
23907
45577
27651
50493
1375
44954
43247
4544
5673
56731
1474
13014
1988
2669
53526
51200
30627
84260
81827
25727
17983
41250
48737
65138
47950
38419
22136
768
78862
13942
319
2605
53240
16377
34238
11288
11899
7673
36427
76383
57611
54169
20634
52157
52682
62575
69611
15951
6917
5503
31040
69351
47982
8235
33495
65965
20936
15923
90754
41509
23755
58666
14408
4848
59056
13761
20369
31861
28680
89003
17437
24502
26188
81573
13501
10014
63867
3057
51521
68262
59486
3238
45276
12545
15510
2218
1198
29679
2857
84148
59599
6704
14295
67841
32965
47525
45115
17617
18558
29795
59935
35391
34684
22943
1097
51285
23381
67093
9211
3255
79107
31740
5796
24321
40672
43902
4588
81023
19707
34149
9235
4821
5359
58063
3804
37966
41231
53911
46103
39298
21088
2010
19915
3869
43367
69407
56277
18586
46959
15528
13244
36616
17689
12018
37858
5705
14613
7319
47890
43400
11537
35716
64245
60539
74933
7637
53577
54870
2398
1764
9593
4331
13155
53755
40094
6793
11432
1856
61915
67238
7785
0
0
0
0
0
0
0
0
0
0
0
0
0
0
0
8227
3376
72070
12212
1941
59510
22285
63615
63575
85995
85028
31599
6929
8557
7717
3459
66812
9484
2989
32824
26129
43002
16605
79541
85629
73528
48120
26728
8399
31655
49336
28648
25899
13882
15737
30214
40014
4651
9231
33190
5359
5580
27755
9419
11130
14368
25410
45641
7187
34913
17377
14722
24487
46042
55771
7669
13541
17806
50265
4463
10552
29064
3965
69419
5227
0
0
0
0
0
0
0
0
0
0
0
0
0
0
0
0
0
0
0
0
0
0
0
0
0
0
0
0
0
0
0
0
0
0
0
0
0
0
0
0
0
0
0
0
0
0
0
0
39571
21779
67495
27977
21758
31507
76552
3178
50220
1266
52931
62180
46834
32273
29365
11292
35977
85144
0
0
0
0
0
0
0
0
0
0
0
0
0
0
0
0
0
0
0
0
0
0
0
0
0
0
0
0
0
0
0
0
0
0
0
0
0
0
64282
55643
23570
6014
42058
13432
59956
0
0
0
0
0
0
0
0
0
0
0
0
0
0
0
0
0
0
0
0
0
0
0
0
0
0
0
0
0
0
0
0
0
0
0
0
0
0
0
0
0
0
0
0
0
0
0
0
0
0
0
0
0
0
0
0
0
0
0
0
0
0
0
0
0
0
0
0
0
0
0
0
0
0
0
0
0
0
0
0
0
0
0
0
0
20225
84859
52176
27684
12228
32973
26748
18389
7592
6375
58422
27077
19312
20437
0
0
0
0
0
0
0
0
0
0
0
0
0
0
0
0
0
0
0
0
0
0
0
0
0
0
0
0
0
0
0
0
8391
693
28635
32945
54393
63410
69251
55995
3475
13974
32527
31567
7869
36656
0
0
0
0
0
0
0
0
0
0
0
0
0
0
0
0
0
0
0
0
0
0
0
0
0
0
0
0
0
0
0
0
0
0
0
0
0
0
0
0
0
0
0
0
0
0
0
0
0
0
0
0
0
0
0
0
0
29358
20396
28402
16653
16951
81376
58763
50481
2816
48525
2596
19329
43681
11805
65013
59369
0
0
0
0
0
0
0
0
0
0
7540
45444
0
0
0
0
0
0
0
0
0
0
0
0
0
0
0
0
0
0
0
0
0
0
0
0
0
0
0
0
0
0
0
0
0
0
0
0
0
0
0
0
0
0
0
0
0
0
0
0
0
0
0
0
0
0
0
0
0
0
0
0
0
0
0
0
0
0
0
0
0
0
0
0
0
0
0
0
0
0
0
0
0
0
11283
42548
57667
25639
68824
8676
6408
27443
37001
83521
50356
24478
0
0
0
0
0
0
0
0
0
0
0
0
0
0
0
0
0
0
0
0
0
0
0
0
0
0
0
0
0
0
0
0
0
0
0
0
0
0
0
0
50505
2415
52537
46401
10802
6701
1366
26181
3532
61920
64194
4266
6688
16991
5287
22991
11319
27341
16160
23936
78356
57510
54176
12521
11761
17529
8665
39729
22445
73897
55382
15866
41818
41030
13882
4741
0
0
0
0
0
0
0
0
0
0
0
0
0
0
0
0
0
0
0
0
0
0
0
0
0
0
0
0
0
0
0
0
0
0
0
0
0
0
0
0
0
0
0
0
0
2877
50665
980
13204
41681
33057
126
17317
4611
71492
56256
6488
780
3219
14348
70130
11826
2069
394
8918
52750
23068
69652
18055
62036
12405
81818
0
0
0
0
0
0
0
0
0
0
0
0
0
0
0
0
0
0
0
0
0
0
0
0
0
354
35139
23205
27792
4396
13637
26057
6737
3210
732
30562
15098
61708
48232
19008
63405
41371
7524
80597
15871
1588
35146
54357
70684
41
7918
36463
2705
50698
8866
66752
39086
55280
4548
2977
58562
8914
87774
13268
60466
70258
86333
66029
27481
12304
18678
26044
70226
5094
44789
41854
5190
67222
33724
43259
10291
80770
13797
13858
32250
35286
27446
47115
12971
25546
56024
12034
50980
13552
27941
78588
38154
53140
20368
4448
32366
53104
82633
37085
88481
27178
53020
9332
52120
42236
28045
6053
18601
34896
11279
0
0
0
0
0
0
0
0
0
0
0
0
0
0
0
0
0
0
0
0
0
0
0
0
0
0
0
0
0
0
0
0
0
0
0
0
0
0
0
0
0
0
0
0
25759
66957
25795
7215
21593
31504
88698
45420
4439
7524
54754
47979
25202
10625
72392
54597
10379
83870
52538
64740
39118
68744
22579
14155
50689
16047
41195
32030
47392
58635
33499
68110
24808
51187
11188
84826
8873
20460
21823
8881
60069
33757
8925
4134
33249
42376
25872
246
19670
37143
5392
55891
21349
49902
84240
19996
1535
14051
8435
7387
62776
23048
1921
64788
17175
17308
89916
26948
6725
25293
15794
17288
19746
36942
371
36335
38026
72089
19944
67749
5143
68146
27908
23691
30599
11533
29178
29723
0
0
0
0
0
0
0
0
0
0
0
0
0
0
0
0
0
0
0
0
0
0
0
0
0
0
0
0
0
0
0
0
0
0
0
0
0
0
0
0
0
0
0
0
0
0
0
0
0
0
0
0
0
0
0
0
0
0
0
0
0
0
0
87115
72492
20718
61367
27278
17662
1865
34302
40106
20493
17674
0
0
0
0
0
0
0
0
0
0
0
0
0
0
0
0
0
0
0
0
72275
62121
49063
3692
5091
8957
21349
38649
31349
95189
1005
18084
63932
28839
34012
49312
74002
45086
14895
46260
13280
30134
36447
48059
740
46958
15284
2495
87240
32077
17943
9360
0
0
0
0
0
0
0
0
0
0
0
0
0
0
0
0
0
0
0
0
0
0
0
0
0
0
0
0
0
0
0
0
0
0
0
0
0
0
0
0
0
0
0
0
0
0
0
0
0
0
0
0
0
0
0
0
0
0
0
0
0
0
0
0
0
0
0
0
0
0
0
0
0
0
0
0
0
0
0
0
0
0
0
0
0
0
0
0
0
0
0
0
0
0
0
0
0
0
0
0
0
0
0
0
0
0
0
0
0
0
0
0
0
0
0
0
0
0
0
0
0
0
0
0
0
0
0
0
0
0
0
0
0
0
0
0
0
0
0
0
0
0
0
0
0
0
0
0
0
0
0
0
0
0
0
53726
13445
21633
80837
22723
8585
39070
965
42568
2472
25238
17035
68339
0
0
0
2532
20261
38982
13593
30498
17637
48305
26812
6419
26723
28792
33243
39564
28635
4861
4114
45585
32647
6813
66482
31880
10456
7022
58189
36347
32563
10919
21702
45517
25518
12898
41789
87823
19906
64559
17927
40062
4688
58948
28848
8781
40926
10565
34097
28297
1680
31177
38174
5784
43806
12063
32496
32496
47717
36395
0
0
0
0
0
0
0
0
0
0
0
0
0
0
0
0
0
0
0
0
0
0
0
0
0
0
0
0
0
0
0
0
0
0
0
0
0
0
0
0
0
0
0
0
0
0
0
0
0
0
0
0
0
0
0
0
0
0
0
19682
24739
16741
72127
12837
35684
23908
1386
39961
35463
46493
30025
4318
37780
48730
95076
74786
25012
2436
14774
28531
0
0
0
0
0
0
0
0
0
0
0
0
0
0
0
0
0
0
0
0
0
0
0
0
0
0
0
0
0
0
0
0
0
0
0
0
0
0
0
0
0
0
0
0
0
0
0
0
0
0
0
0
0
0
0
0
0
0
0
0
0
0
0
0
0
0
0
0
0
0
0
0
0
0
0
0
0
0
0
0
0
0
0
0
0
0
0
0
0
0
0
0
0
0
0
0
0
0
0
0
0
0
0
0
0
0
0
0
0
0
0
0
0
0
0
0
41448
1949
79408
16380
30563
74271
48850
40195
19529
10810
6881
4632
24252
66503
42496
78986
5604
24554
38837
28864
15830
43754
48055
40270
18879
23068
93554
29977
33174
60017
21120
1363
29812
53843
37247
28439
42239
60209
22112
1921
0
0
0
0
0
0
0
0
0
0
0
0
0
0
0
0
0
0
0
0
0
0
0
0
0
0
0
0
0
0
0
0
0
0
0
0
0
0
0
0
0
0
0
0
0
0
0
0
0
0
0
0
0
0
0
0
0
0
0
0
0
0
0
0
0
0
0
46360
9409
62550
25200
21349
34632
50453
8215
28888
27747
27579
53433
65286
60542
14987
8411
76950
9444
19623
3383
20502
0
0
0
0
0
0
0
0
0
0
0
0
0
0
0
0
0
0
0
0
0
0
0
0
0
0
0
0
56908
4793
63656
1793
8246
93024
8384
6467
32924
63314
33941
20356
52605
36150
36419
1825
53
51321
39613
0
0
0
0
0
0
0
0
0
3121
69113
8649
35013
22706
15424
12319
19658
4038
32016
7962
37463
23783
60020
4865
2447
4651
93490
53441
25611
1391
27458
75758
63728
23751
3833
11468
54827
28875
8628
49541
18549
18397
56160
2483
28937
2022
9465
35259
8034
28294
6990
38817
43738
66013
54
25
0
0
0
0
0
0
0
0
0
0
0
0
0
0
0
0
0
33017
10758
61923
8115
30828
32395
69479
41669
48581
20474
672
56859
21723
62133
20405
65576
36215
1402
1563
38676
46375
0
0
0
0
0
0
0
0
0
0
0
0
0
0
0
0
0
0
0
0
0
0
0
22301
14312
24763
19366
47079
16123
1094
45151
35455
18698
19156
29691
70174
18794
25104
42668
0
0
0
0
0
0
0
3318
3696
68600
4922
36696
1656
9379
38844
12353
42493
33848
4355
5560
51433
74376
13889
53381
77774
14858
82389
17453
79939
34704
67805
66527
19317
63008
2808
79986
8367
27687
34944
0
0
0
0
0
0
0
0
0
0
0
0
0
0
0
67909
32664
5238
47280
18879
81095
29624
2648
32415
42038
54727
28281
46818
6740
3749
13227
1704
42737
23691
34021
11400
90835
22216
76448
17666
30715
17139
66667
55220
60759
49858
42319
54678
4536
23084
79176
78099
2110
28502
56591
13329
13769
11541
57329
0
0
0
0
0
0
0
0
0
0
0
0
0
0
0
0
0
0
0
0
0
0
0
0
0
0
0
0
0
0
0
0
0
0
0
0
0
0
0
0
0
0
0
0
0
0
0
0
0
0
0
14276
23515
15521
58551
71246
24417
34936
8742
19316
96181
27956
55052
26478
27619
23795
15380
64214
65394
46164
27702
70945
36170
4270
34608
14027
22390
34093
23357
57964
7194
34957
12030
25759
50894
24329
0
0
0
0
0
0
0
0
0
0
0
0
0
0
0
0
0
0
0
0
0
0
0
0
0
0
0
0
0
0
0
0
0
0
0
0
0
0
0
0
0
0
0
0
0
0
0
0
0
0
0
0
0
0
0
0
0
0
0
0
0
0
0
0
0
0
0
0
0
0
0
0
0
0
0
0
0
0
0
0
0
0
0
0
0
0
0
0
0
0
0
0
0
0
0
0
0
0
0
0
0
0
0
0
0
0
0
0
0
0
0
0
0
0
0
0
0
0
0
0
0
0
0
0
0
0
0
0
0
0
0
0
0
0
0
0
0
0
0
0
0
0
0
0
0
0
0
0
0
0
0
0
0
35097
28875
7054
39616
36728
67929
54144
44331
35210
16590
72597
55601
3142
6086
11311
44083
10136
71596
46914
7697
43777
41593
38210
30234
38226
34037
17948
40609
70527
27687
0
0
0
0
0
0
0
0
0
0
0
0
0
0
0
0
0
0
0
0
0
0
0
0
0
0
0
0
0
0
0
0
0
0
0
0
0
0
0
0
9452
13632
11620
77026
2491
0
0
0
0
0
0
20923
9340
22286
54309
51055
69419
86477
74396
37535
3555
10392
8561
20811
7408
28618
19669
73680
36648
3877
47601
30599
22345
68037
59497
12195
5163
35278
34958
106
34266
38074
12014
2149
67157
60780
6902
12585
42143
64994
59032
17405
20381
71283
48814
56932
23160
31852
31125
53767
12087
10191
31209
16666
12737
68235
32089
11701
23310
5628
31751
1034
39131
57024
6379
77975
1640
37379
29796
53871
13296
43714
45533
41965
47240
65852
56185
15690
14508
27270
11371
32283
2392
1632
24796
7038
20979
41914
32571
56654
6098
57213
0
0
0
0
0
0
0
0
0
0
0
0
0
0
0
0
0
0
0
0
0
0
0
0
0
0
0
0
0
0
0
0
0
0
0
0
0
0
0
0
0
0
0
0
0
0
0
0
0
0
0
0
0
0
0
0
0
0
0
0
0
0
0
0
0
0
0
0
0
0
0
0
0
0
0
0
0
0
0
0
0
0
0
0
0
0
0
0
0
0
0
0
0
0
0
0
0
0
0
0
0
0
0
0
0
0
0
0
0
0
0
0
0
0
0
0
0
0
0
0
0
0
0
0
0
0
0
0
0
0
0
0
0
0
0
28414
16135
21410
25607
46227
32933
10214
25445
1760
39456
60016
89356
8690
57715
38226
77481
24265
81674
24458
27453
61217
34703
81637
15974
45533
35551
60815
20051
3290
36319
9423
67547
12810
49658
71278
20181
25422
23378
14007
24286
55449
34873
32249
0
0
0
0
0
0
0
0
0
0
0
0
0
0
0
0
0
0
0
0
0
0
0
0
0
0
0
0
0
0
0
0
0
0
0
0
0
0
0
0
0
0
0
0
0
0
0
0
0
0
0
0
0
0
0
0
0
0
0
0
0
0
0
0
0
0
0
0
0
0
0
0
0
0
0
0
0
0
0
0
0
0
0
0
0
0
0
0
0
0
0
0
0
0
0
0
0
0
0
0
0
0
0
0
50642
91643
14771
61631
43869
41046
41885
4752
34375
15373
44605
24964
8480
0
0
0
0
0
0
0
0
0
0
0
0
0
0
0
0
0
0
0
0
0
0
0
0
0
0
0
0
0
0
0
0
0
0
0
0
0
0
0
0
0
0
0
0
0
0
0
0
0
0
0
0
0
0
0
0
0
0
0
0
74552
81601
10340
31370
4580
69025
42842
4472
9966
2378
45452
47958
59000
17445
7118
49292
29487
1085
36840
16911
11628
63708
42468
83120
8817
3017
4866
18589
70195
40299
54822
13585
38074
48436
14147
56631
24148
41319
28182
68318
53008
40889
23377
91109
59081
2234
8712
59140
44790
14501
7857
50581
72419
1961
10456
72685
61333
21328
46026
1703
35520
31845
31290
88453
49954
3861
60386
0
0
0
0
0
0
0
0
0
0
0
0
0
0
0
0
0
0
0
0
0
0
0
0
0
0
0
0
0
0
0
0
0
0
0
0
0
5881
15432
61382
9227
54336
77577
55639
47633
51570
34749
24755
42521
536
14813
8464
16830
56252
39905
77275
11653
3821
27201
46043
12148
51325
34303
26675
15851
36466
59020
41772
20478
5054
17000
39592
97696
27932
66944
13762
0
0
0
0
22798
7198
6351
30519
13091
55032
52501
56626
60603
41785
20658
11015
36149
41447
25682
89450
71118
75058
62700
23731
35403
16301
29000
17895
450
33475
60318
35583
11183
14585
49878
82641
49076
40416
40307
60362
17035
77432
31953
62704
66162
27893
76323
7484
73946
59707
29410
46894
28965
38215
12516
10375
36142
63282
1058
3725
38287
23394
17500
14657
39684
36234
93991
10396
80685
4777
51468
27036
56992
28362
15637
55920
31261
13529
38077
19601
4676
45106
53906
44903
13200
121
19806
36507
74010
24647
31739
13015
39035
65126
18566
20811
41994
61920
67033
10007
11106
9247
15429
36635
61125
19244
59567
8636
24835
56771
77403
15059
21622
17610
25309
63732
31466
66311
43942
50236
72810
66158
53972
57819
79207
33820
45384
23438
2480
20193
1491
36672
19304
34732
81007
41155
68929
69330
27153
2029
37749
53883
12212
46385
22012
6697
33475
27967
8062
83328
6411
69298
79308
1607
56120
11355
14805
10882
6797
42959
19176
29756
8444
12761
36962
34077
4045
4636
31974
25233
30458
67468
13761
54149
2793
60928
39223
2323
86827
14353
76335
34765
5572
5716
21
20565
43745
6496
25008
34109
48983
14151
55304
4058
60204
21257
25148
53598
55831
23321
17629
44403
40001
1876
2053
46843
13287
8854
53330
41018
67229
7098
18714
40669
33029
12773
58273
79432
8898
63877
3837
44435
7167
66459
27397
38070
24586
38897
14360
23369
28707
42023
11268
45424
63398
47606
65547
1464
7552
9477
49802
35262
30980
59213
46681
71552
70355
872
12091
43215
20863
43721
12794
5512
7103
20112
61764
21574
18691
67266
5632
39050
39079
28964
7150
30125
38596
34419
37098
27759
5544
8849
14658
27707
58089
37077
23031
10187
62359
13895
39247
20144
50778
1984
7617
4805
13645
86653
30145
14047
68278
18139
52457
95334
54220
33977
8248
16794
6443
36745
9034
19084
3696
31105
5431
83268
18004
15031
10513
22289
45906
57317
22944
30249
16690
23293
11910
11167
56554
18795
0
0
0
0
0
0
0
0
0
11063
49011
88115
36426
49385
52269
9291
4014
27895
4387
41448
52601
4210
1724
82657
2535
84244
3283
781
56831
2729
16478
109
31005
40929
78862
32109
35347
34560
3780
3571
19646
26792
47448
73484
36130
42223
55031
57887
24767
1138
33302
59654
56855
7191
58706
97639
29286
44156
53385
13870
52036
24305
11469
37825
77797
63205
37302
12388
2243
88326
14216
11485
16609
34616
17256
0
0
0
0
0
0
0
0
0
0
0
0
0
0
0
0
0
0
0
30118
60076
17075
60498
52072
16738
1402
917
17231
9761
31865
7014
44207
62297
23959
33053
5793
14815
20365
56811
7307
68832
24482
885
22353
11565
37849
26719
86417
33937
102
56402
3431
43556
91474
51209
90023
32153
36484
44806
59161
33760
77617
74777
58350
44774
10242
3937
26337
19842
83694
6781
50883
9018
44452
34543
27642
43295
4902
30679
32829
61318
35527
44866
42126
47188
15742
15416
949
33817
13388
69660
1362
11280
18272
44159
18095
18738
7074
51159
17144
6295
78577
30202
29121
44725
58133
4789
15774
16795
6026
35218
95209
8404
25507
52418
13
43541
7061
36881
35720
45505
2736
22300
10557
34945
6973
62740
52421
74085
88578
5390
42644
60852
24318
58450
40415
26430
20912
15879
47814
55919
0
0
0
0
0
0
0
0
0
0
0
0
0
0
0
0
0
0
0
0
0
0
0
0
0
0
0
0
0
0
0
0
0
0
0
0
0
0
0
0
0
0
0
0
0
0
0
0
0
0
0
0
0
0
0
0
0
0
0
0
0
7343
24663
49798
19167
146
91503
18706
33423
47730
38853
12509
26217
83971
10204
9930
30414
88999
69126
64860
427
9243
39326
47240
10773
65270
35580
34688
17674
6387
8854
14155
10
51099
75190
5110
42790
0
0
0
0
0
0
0
0
0
0
0
0
0
0
0
0
0
0
0
0
0
0
0
0
0
0
0
0
0
0
0
0
0
0
0
0
0
0
0
0
0
0
0
0
0
0
0
0
0
0
0
0
0
0
0
0
0
0
25526
17032
64648
9685
89551
70427
59551
26232
20248
47300
4997
53068
5243
36676
42055
5424
70608
28301
18445
25113
27796
70013
30390
74199
41319
38713
71881
26076
55320
3636
8223
19373
1444
63792
33070
52915
19151
26651
6552
1844
16733
46754
10874
48690
34247
66925
20039
73090
17778
20758
14823
5151
46464
19590
8656
65510
41018
11962
11107
58202
27611
11115
76428
87618
13609
15738
7001
22373
5801
29683
50015
12585
29883
13689
55935
84650
39110
63375
12641
33832
17116
34535
326
9999
8942
50216
27736
6697
0
36532
50036
17928
71764
23342
47271
68531
118
6560
77067
8777
8741
2912
7689
26354
18409
1387
37351
49111
13216
20711
41415
50766
4017
19340
97310
0
0
0
0
0
0
0
0
0
0
0
0
0
0
0
0
0
0
0
0
0
0
0
0
0
0
0
0
0
0
0
0
0
0
6801
30510
41460
26049
49565
38861
6752
69278
24892
81886
40364
3909
1997
53855
74363
59852
93498
55972
9668
32289
45023
71540
44002
74191
13496
25081
6103
93378
8006
50983
42487
5222
40938
43652
65748
62807
12300
26803
18689
12263
1789
8977
18450
65647
10935
59706
76194
6094
15063
5878
34182
15506
4620
27310
43011
41978
42661
28847
18485
7123
5110
5090
20876
26880
13795
8556
63309
69434
14754
42287
6656
7933
70881
25446
15854
1395
20490
25739
43625
73516
37540
43477
28960
10051
5720
4945
31961
4103
26278
60197
60426
9175
78335
18393
39110
4685
43234
58903
40817
40656
39278
78404
580
15533
56473
6507
14749
61996
74290
33254
23647
80469
48963
84935
69315
13107
0
0
0
0
0
0
0
0
55129
6854
54349
22555
6800
1254
94881
18875
17694
64940
15320
25241
80765
5452
35435
15589
13248
32455
44533
258
7404
31550
44665
27960
11718
9227
11765
21593
25453
33350
17827
5926
55117
18939
8906
71733
66852
31583
46087
22635
2523
81613
19253
10252
40640
15235
43026
10934
19582
46070
29378
75905
22414
46838
40283
58068
38500
40933
18147
29957
29261
74914
37820
62394
22232
91063
52502
70512
58586
5833
47790
43907
53682
18613
77893
5580
19191
78022
4435
2556
27330
33342
36175
43830
8564
15806
40010
49638
45789
31511
52967
26716
6154
50693
28803
4512
65427
44846
13098
23433
20252
4375
37026
42525
44212
3202
63684
49525
9017
60590
44841
12987
0
0
0
0
0
0
0
0
0
0
0
0
0
0
0
0
0
0
0
0
0
0
0
0
0
0
0
0
0
0
0
0
0
0
0
0
0
0
0
0
0
0
0
0
0
0
0
0
0
0
0
0
0
0
57771
80268
26374
62960
47364
67202
70845
18237
12617
70507
4078
86428
64744
20168
20927
29101
24578
17083
34801
49613
58326
591
6810
57599
19743
44118
876
2643
10404
70483
57726
4251
7439
50184
63443
23932
8480
94759
48144
13806
34946
4990
6866
11617
30406
11219
18281
8661
27386
22450
59092
64093
25470
18024
19422
62257
6058
16686
11207
28193
22667
51429
32198
36744
71372
36314
14886
20924
16167
75990
358
60085
18179
6524
0
0
0
0
0
0
0
0
0
0
0
0
0
0
0
0
0
0
4993
10276
60429
35395
40268
6761
18208
22076
57868
80802
48903
26876
51762
50850
3484
23892
48521
93776
29848
26061
64230
12184
3177
83476
76962
75644
10182
13794
47452
0
0
0
0
0
0
0
0
0
0
0
0
0
0
0
0
0
0
0
0
0
0
0
0
0
0
27956
5195
55200
22968
47778
0
0
0
0
0
0
0
0
0
0
0
0
0
0
0
0
0
0
0
0
0
0
0
0
0
0
0
0
0
0
0
13236
53180
1728
56216
17766
14537
72529
56256
21646
21382
46147
63194
55265
62250
36596
33985
2832
60583
70580
21020
63720
85059
14248
7889
6764
21670
1619
64563
2455
7974
8636
0
0
0
0
0
0
0
0
0
0
0
0
0
0
0
0
0
0
0
0
0
0
0
0
0
0
0
0
0
0
0
0
0
0
0
0
0
0
0
0
0
0
0
0
0
0
0
0
0
0
0
0
0
0
0
0
0
0
0
0
0
0
0
49019
47304
9568
67257
13260
24984
14360
13068
16237
25823
2214
40408
19139
45175
25547
24671
88598
78404
25727
29514
82216
49397
15910
56513
37403
0
0
0
0
0
0
0
0
0
0
0
0
0
0
0
0
0
0
0
0
0
0
0
0
0
0
0
0
0
0
0
0
0
0
0
0
0
0
0
0
0
0
0
0
0
0
0
0
0
0
0
0
945
69367
8665
42364
26523
18385
4958
12923
39206
48317
30793
8697
95507
603
38725
0
0
0
0
0
0
0
0
0
0
0
0
0
0
0
0
0
0
0
0
0
0
0
0
0
0
0
0
0
0
0
0
0
0
0
0
0
0
0
0
0
0
0
0
0
0
0
0
0
0
0
0
0
0
0
0
0
0
0
0
0
0
0
0
0
0
0
0
0
0
0
0
0
0
0
0
0
0
0
0
0
0
0
0
0
0
0
0
0
0
0
0
0
0
0
0
0
0
0
0
0
38797
63273
11774
23165
70608
40336
62675
25751
0
0
0
0
0
0
0
0
0
0
0
0
0
0
0
0
0
0
0
0
0
0
0
0
0
0
0
0
0
0
0
0
0
0
0
17208
6178
82789
38014
61065
7913
40399
23526
8841
38435
68459
0
0
0
0
0
0
0
0
0
0
0
0
0
0
0
0
0
0
0
0
0
0
0
0
0
0
0
0
0
0
0
0
0
0
0
0
0
0
0
0
0
0
0
14637
58932
31150
26285
53067
34386
28266
19051
30764
10106
23306
81987
50948
87322
7953
23650
11705
13509
3571
12388
38476
68741
40247
69395
3527
24188
45597
351
66374
18304
15397
38700
17883
18112
88883
52353
19722
70194
0
0
0
0
0
0
0
0
0
0
0
0
0
0
0
0
0
0
0
0
0
0
0
0
0
0
0
0
0
0
0
0
0
0
0
0
0
8162
0
0
0
0
0
0
0
0
0
0
0
0
0
0
0
24024
55783
71115
69435
39420
26056
81220
9095
25105
48120
68916
39922
39632
50995
17725
2797
8508
32109
4905
37900
34089
42536
46863
22225
18328
8785
28547
40789
55145
42415
39559
39946
75753
53156
46549
65703
31257
27378
0
0
0
0
0
0
0
0
0
0
0
0
0
0
0
0
0
0
0
0
0
0
0
0
0
0
0
0
0
0
0
0
0
0
0
0
0
0
0
0
0
0
0
0
0
0
0
0
0
0
0
0
0
0
0
0
0
0
0
0
0
0
0
0
0
0
0
0
0
0
0
0
0
0
0
0
0
0
0
0
0
0
0
0
0
0
0
0
0
0
0
0
0
0
0
0
0
0
0
0
0
0
0
0
0
0
0
0
0
0
0
0
0
0
0
0
0
0
0
0
0
0
0
0
0
0
0
0
0
0
0
0
0
0
0
0
0
0
7777
50533
48846
11268
26871
82473
29655
23177
40901
47220
30752
4391
93783
64764
57587
63450
54044
69266
64592
53710
33817
85883
84695
47011
78750
27080
74769
10143
6761
4407
56442
91530
11171
39170
0
0
0
0
0
0
0
0
0
0
0
0
0
0
0
0
0
0
0
0
0
0
0
0
9938
15393
25105
1837
24615
73330
64173
4375
13409
53895
46525
52160
45127
7500
31965
9766
40938
27644
9344
5134
46090
868
51059
44761
7496
18380
42496
69816
4716
34239
31546
35017
18795
72778
8592
8031
16244
27423
34825
45351
3390
13075
5616
23068
25811
55610
41371
9263
44452
73215
45978
57908
39894
18268
21649
42059
27679
21803
18316
56751
5845
16525
69753
38676
25510
31659
10452
20642
33036
33492
9011
10701
54883
21446
69503
21766
16617
28269
17288
83874
31442
33679
83593
17955
16717
22414
16782
18542
63892
76657
59354
14484
59402
33933
19510
9584
15232
3653
42191
33784
51613
5174
8471
9556
56441
8190
19695
30125
46842
24280
28700
16036
32398
56892
18918
15200
12496
5805
15943
51972
26001
21859
21449
0
0
0
0
0
0
0
0
0
0
0
0
0
0
0
0
0
0
0
0
0
0
0
0
0
0
0
0
0
0
0
0
0
0
0
0
17839
30588
2162
88115
30796
784
2443
47111
10082
10291
34009
60024
38604
27832
24069
0
0
0
0
0
0
0
0
0
0
0
0
0
0
0
0
0
0
0
0
0
0
0
0
0
0
0
0
0
0
0
0
0
0
0
0
0
0
0
0
0
0
0
0
0
0
0
0
0
0
0
0
0
0
0
0
0
0
0
0
0
0
0
0
0
0
0
0
0
0
0
0
0
0
0
0
0
0
0
0
0
0
0
20453
57237
25124
52682
47272
38033
6700
0
0
0
0
0
0
0
0
0
0
0
0
0
0
0
0
0
0
0
0
0
0
0
0
0
0
0
0
0
0
0
0
0
0
0
0
0
0
0
0
0
0
0
0
4957
26953
16541
15701
23643
39042
30861
0
0
0
44625
14879
19755
18899
14256
88911
29072
9424
48360
56646
22466
48469
17293
15340
11798
20883
1327
21999
47059
50493
9673
21603
47866
35142
5195
66226
7283
3085
61213
3921
41179
22771
5941
63901
24120
0
0
0
19412
1230
35038
10207
53799
94136
23145
48062
9351
39749
21100
67885
43572
68463
25000
75319
1699
8769
28941
71585
58486
0
0
0
0
0
0
0
0
0
0
0
0
0
0
0
4002
3182
53731
78381
2993
57213
11557
18084
36246
68740
1788
26972
17775
13195
17642
17605
62354
32306
37158
36757
29952
19368
10019
51839
10802
21317
43122
15875
22827
38841
34531
245
5837
25800
8890
56843
7874
16855
81035
6283
37800
928
54189
82871
13830
25606
32908
46617
84569
4062
19132
47027
73753
18498
48987
69073
44652
4865
11532
24433
86762
53288
41905
6062
59716
25201
31109
0
0
0
0
0
0
0
0
0
0
0
0
0
0
0
0
0
0
0
0
0
0
0
0
0
0
0
0
0
0
0
0
0
0
0
0
0
0
0
0
0
0
0
0
0
0
0
0
0
0
0
0
0
0
0
0
0
0
0
0
19382
45496
43729
28666
84352
15231
6874
0
0
0
0
0
0
0
0
0
0
0
50919
52542
19839
20898
21205
21229
16052
10661
5404
36372
36729
1934
67398
56747
1712
43231
12026
62969
29090
15481
10616
5085
75761
32804
17293
20863
73042
67587
35941
22004
40588
35282
25245
8371
809
71628
23124
77151
29816
230
1780
29964
66214
22860
83248
48389
3567
25538
2455
20003
24349
36331
44131
17276
3884
16023
247
53828
35539
1185
10834
4391
0
0
0
0
0
0
0
0
0
0
0
0
0
0
0
0
0
0
0
0
0
0
0
0
0
0
0
0
0
0
0
19786
36620
24980
18827
68278
19247
0
0
0
0
0
0
0
0
0
0
0
0
0
0
0
30563
7500
25168
65025
2415
87702
14725
19445
33688
24349
55137
78866
5656
26225
7054
45023
56655
42412
51806
808
5118
47079
78689
44371
24550
52124
33450
29024
2945
16224
71194
69724
17521
9548
58000
19919
22172
6500
32291
0
0
0
0
0
0
0
0
0
0
0
0
0
0
0
0
0
0
0
0
0
0
0
0
0
0
0
0
0
0
0
0
0
0
0
0
0
0
0
0
0
0
0
0
0
0
0
0
0
0
0
0
0
0
0
0
0
0
0
0
0
0
0
0
0
0
0
0
0
0
0
0
13352
23209
37954
15348
14115
13802
31760
0
0
0
0
0
0
0
0
0
0
0
0
0
0
0
0
0
0
0
0
0
0
0
0
0
0
0
0
0
45227
20043
25221
0
0
0
0
0
0
0
0
0
0
0
0
0
0
0
0
0
0
0
0
0
0
0
0
0
0
0
0
0
0
0
0
0
0
0
0
0
0
0
0
8022
73082
29141
65074
44914
876
35957
27635
2182
19642
13468
29366
37910
38238
19714
23036
58879
6813
56381
47059
18462
5391
2475
61410
46252
16622
17103
77664
49894
55521
9412
2912
48063
20051
35218
13353
69668
16275
40749
15139
83750
9593
50453
78332
44038
527
20389
7488
3327
9829
28658
46376
2447
83778
64526
40720
21859
5926
14690
23936
25546
4387
16075
53261
36259
19952
36692
48975
30656
25245
9404
44990
17758
20578
976
49485
6568
5769
18722
0
0
0
0
0
0
0
0
0
0
0
0
0
37350
28599
51570
14541
62812
43059
24470
18617
26169
29120
37645
22578
29245
17079
9235
3503
27739
79103
30687
90017
14006
11677
684
57545
38889
4756
8745
12866
19698
18313
20445
3507
9669
47665
3512
38496
9391
0
0
0
0
0
0
0
0
0
0
0
0
0
0
0
0
0
0
0
0
0
0
0
0
0
0
0
0
0
0
0
0
0
0
0
0
0
0
0
0
0
0
0
0
0
0
0
0
0
0
0
0
0
0
0
0
0
0
0
0
0
0
0
0
0
0
0
0
0
0
0
0
0
0
0
0
0
0
0
0
0
0
0
0
0
0
0
0
0
0
0
0
0
0
0
0
0
0
0
0
0
0
0
0
0
0
0
0
0
0
0
0
0
0
0
0
0
41298
31720
3302
18072
1021
63017
45785
29329
39411
21380
56911
25507
696
55513
21635
3464
12509
49235
56120
10449
64442
20437
18433
63358
35829
20269
6069
7440
31307
6596
75858
8046
11866
40376
24678
12453
33868
54923
10396
0
0
0
0
0
0
0
0
0
0
0
0
0
0
0
0
0
0
0
0
0
0
0
0
0
0
0
0
0
0
0
0
0
0
0
0
0
0
0
0
0
0
0
0
0
0
0
0
0
0
0
0
0
0
0
0
0
0
0
0
0
0
0
0
0
0
0
0
0
0
0
0
0
0
0
0
0
0
0
0
0
0
0
0
0
0
0
0
0
0
0
0
0
0
0
0
0
0
0
0
0
0
0
0
0
0
0
0
0
0
0
0
0
0
0
0
0
0
0
16167
59004
3126
55425
1274
57627
34989
41170
4335
88284
28277
70050
22819
50240
13581
33913
66166
54867
38884
10022
84208
9347
16758
19044
28238
69652
70218
16754
8862
27313
13264
10051
60125
49003
2370
19188
10227
23402
7143
10725
10537
45022
885
20192
57
39038
19393
4399
31940
41404
13850
39925
28739
9416
57426
64760
45958
4102
7605
10179
5347
36082
35652
80930
5921
17991
54240
4476
72394
22341
28234
79524
74467
10223
10529
9485
39581
0
0
0
0
0
51577
71097
27608
42797
55321
76810
53927
35969
16123
68259
62877
29033
22543
54003
36925
80714
56502
31548
8724
34664
13396
55401
42283
47379
22349
31394
65491
47300
15782
6645
69391
15404
64776
997
30667
17991
9014
22959
21834
57884
50120
47336
45918
84140
14762
45532
2005
8737
12995
23514
0
0
0
31086
65069
53670
34310
36512
7070
50139
14621
12444
38893
1098
65526
36158
62012
17956
45798
42786
2591
944
0
0
0
0
0
0
0
0
0
0
0
0
0
0
0
0
0
0
0
0
0
0
0
0
0
0
0
0
0
0
0
0
0
0
0
0
0
0
0
0
0
0
0
0
0
8781
68391
58149
5476
45485
60871
35777
13641
63370
35913
17084
752
64816
21763
652
44814
24052
62506
36836
26326
47994
30896
24366
44058
32695
32102
19653
72372
55852
51562
22305
27571
33735
44802
81630
19213
63660
64973
35909
20501
6503
53442
30812
0
0
0
0
0
0
0
0
0
0
0
0
0
0
0
0
0
0
0
0
0
0
0
0
0
68170
38122
38523
13806
1049
3463
76331
16994
66205
39697
3358
36793
59117
17159
30330
374
65001
41090
0
0
0
0
0
0
0
0
0
0
8343
28655
50581
60827
56193
7295
18297
21844
52485
57252
4800
6539
5765
48116
2166
12127
6890
33872
15758
8242
32813
6207
6435
27125
0
0
0
0
0
0
0
0
0
0
0
0
0
0
0
0
0
0
0
0
0
0
0
0
0
0
0
0
0
0
0
0
0
0
0
0
0
0
0
0
0
0
0
0
0
0
0
0
0
0
0
0
0
0
0
0
0
0
0
0
0
0
0
0
0
0
0
0
0
0
0
0
0
0
0
0
0
0
0
0
0
0
0
0
0
0
0
0
0
0
0
0
0
0
0
0
0
0
0
0
0
0
0
0
0
0
0
0
0
0
0
0
0
0
0
0
0
0
0
0
0
0
0
0
0
0
0
3083
3949
39784
9738
13163
25651
5573
43472
63265
62921
5861
10922
50743
64933
44669
0
0
0
0
0
0
0
0
0
0
0
0
0
0
0
0
0
0
0
0
0
0
0
0
0
0
0
0
0
0
0
0
0
0
0
0
0
0
0
0
0
0
0
0
0
0
0
0
0
0
0
0
0
0
0
0
0
0
0
0
0
0
0
0
0
0
0
0
0
0
0
0
0
0
0
0
0
0
0
0
0
0
0
0
0
0
0
0
0
0
21550
77122
18244
69520
81
48910
7768
0
0
2138
427
16986
568
4070
13204
16686
57417
18775
14702
73818
16039
84196
68009
34110
12131
55759
80689
9878
33540
48312
0
0
0
0
0
0
0
0
0
0
0
0
0
0
0
0
0
0
0
0
0
0
0
0
0
0
0
0
0
0
0
0
0
0
0
0
0
0
0
0
0
0
0
0
0
0
0
0
0
0
0
0
0
0
0
0
0
0
0
0
0
0
0
0
0
0
0
0
0
0
29165
65808
51727
12652
14685
77038
65451
5443
11284
49054
52124
20510
46653
21075
37833
32009
2872
29755
62475
4439
359
0
0
0
0
0
0
0
0
0
81007
7609
14597
1946
20373
11529
4150
12401
2768
49807
3355
7713
24477
20887
36639
14874
14874
57860
13
19657
1576
9146
38516
49232
2101
11440
51831
19200
25807
58788
44211
36977
59414
2014
34402
8086
18759
41617
75311
11287
13789
584
11421
9758
19979
62857
43710
71335
24771
25558
44987
10067
9082
31776
3030
14448
73933
14713
43673
0
0
0
0
0
0
0
0
0
0
0
0
0
0
0
0
0
0
0
0
0
0
0
0
0
0
0
0
0
0
0
0
0
0
0
0
0
0
0
0
0
0
0
0
0
0
0
0
0
0
0
0
0
0
0
0
21036
58686
54157
592
63045
809
18558
30064
99034
9403
87931
30334
76180
17273
0
0
0
0
0
0
0
0
0
0
0
0
0
0
0
0
0
0
0
0
0
0
0
0
0
0
0
0
0
0
0
0
0
0
0
0
0
0
0
0
0
0
0
0
0
0
0
8439
45609
18159
30358
27491
53281
7110
75874
36857
13686
52079
22213
28354
27125
14842
8733
0
0
0
0
0
0
0
0
0
0
0
0
0
0
0
0
0
0
0
0
0
0
0
0
0
0
0
0
0
0
0
0
0
0
0
0
0
0
0
0
0
0
0
0
0
0
0
0
0
0
0
0
0
0
0
0
0
0
0
0
0
0
0
0
0
0
0
0
0
0
0
0
0
0
0
0
0
0
0
0
0
0
0
0
0
31865
0
0
0
0
0
0
0
0
0
0
0
0
0
8046
34158
25249
49777
35636
82107
5548
15340
83007
53855
12180
33920
92049
1350
29547
37829
88309
17490
2198
7954
18859
5484
73375
31783
23851
62828
42424
76058
4431
39913
85927
87505
79604
19368
41516
28675
35222
22807
66961
25867
9846
2246
19734
71712
34679
14171
0
0
0
0
0
0
0
0
0
0
0
0
0
0
0
0
0
0
0
0
0
0
0
0
0
0
0
0
0
0
0
0
0
0
0
0
0
0
0
0
0
0
0
0
0
0
0
0
0
0
0
0
0
0
0
0
0
0
0
0
0
0
0
0
0
0
0
0
36628
19397
30647
3816
17300
30821
38901
43473
54589
7910
12357
22718
20128
27968
15718
36291
50204
52308
11850
86839
40078
17272
11560
68680
31977
43242
12107
39777
0
0
73246
25261
36218
40773
28330
20938
60961
3812
33263
50027
56955
39001
75845
64856
182
39849
36680
22759
26514
3475
52067
79199
1657
4684
10842
44520
14437
69475
11910
17313
51328
36627
21908
705
35406
15738
0
0
0
0
0
0
0
0
0
0
0
0
0
0
0
0
0
0
0
0
0
0
0
0
0
0
0
0
0
0
0
0
23803
41712
86179
36764
93715
15095
4532
59056
37609
21743
6677
31165
53722
5046
4761
87807
32809
65737
26792
67675
20819
62763
38781
74588
30390
45488
76323
83546
34330
28551
85862
0
0
0
0
0
0
0
0
0
0
0
0
0
0
0
0
0
0
0
0
0
0
0
0
0
0
0
0
0
4970
14018
11633
39310
2929
34933
10461
38383
27470
20160
51891
34378
34656
32592
10774
10183
75982
18175
73150
54706
43272
28016
24281
56856
71154
5720
40853
10902
0
0
0
0
0
0
0
0
0
0
0
0
0
0
0
31833
23031
9492
43657
25462
47738
18280
98008
72688
60727
31551
5138
19870
1580
12891
7857
1122
47175
7589
56555
8090
25245
8018
53751
50212
16930
0
0
0
0
0
0
0
0
0
0
0
43702
73033
65157
23659
2604
2671
7878
38151
69644
24297
32785
44207
21298
41897
31310
31113
39584
91258
2833
69070
7772
39343
45529
1314
0
0
0
0
0
0
0
0
0
0
0
0
0
0
0
0
0
0
0
0
0
0
0
0
0
0
0
0
0
0
0
0
0
0
0
44521
63779
4210
63206
50654
2327
4427
0
0
0
0
0
0
40906
34556
52537
10203
15670
49541
0
0
0
0
0
0
0
0
0
0
0
0
0
0
0
0
0
0
0
30948
24795
80304
49540
50919
26257
30258
54574
62162
58398
85212
1496
38761
28956
32419
60739
16457
12070
27104
0
0
0
0
0
0
0
0
0
0
0
0
0
0
0
0
0
0
0
0
0
0
0
0
0
0
0
0
0
0
0
0
0
0
0
0
0
0
0
0
0
0
0
0
0
0
0
0
0
0
0
0
0
0
0
0
0
0
0
0
0
0
0
0
0
0
0
0
0
0
0
0
0
0
0
0
0
0
0
0
0
0
0
0
0
0
0
0
0
0
0
41605
27261
64768
10226
28130
0
0
0
0
0
0
65058
63960
12746
12802
78915
2439
0
0
0
0
0
0
0
0
0
0
0
47239
639
30519
35282
92390
50143
59121
38259
15385
80529
86031
11296
38314
16855
18594
40616
4126
1949
48791
27208
67495
30037
56019
12067
25349
6352
31728
71681
45725
0
0
0
0
0
0
0
0
0
0
0
0
0
0
0
0
0
0
0
0
0
0
9584
79548
67536
9822
37033
7243
44408
16898
42075
17689
29610
0
0
0
0
0
0
0
0
0
0
0
0
0
0
0
0
0
0
0
0
0
0
0
0
0
0
0
0
0
0
0
0
0
0
0
0
0
0
0
0
0
0
0
0
0
0
0
0
0
0
0
0
0
0
0
0
0
0
0
0
0
0
0
0
0
0
0
0
0
0
0
0
0
0
0
0
0
0
0
0
0
0
0
0
0
0
0
0
0
0
0
0
0
0
77419
73805
32908
14983
3503
14416
4467
19168
74741
58290
16300
9805
2471
6520
0
0
0
0
0
0
0
0
0
0
0
0
0
0
0
0
0
0
0
0
0
0
0
0
0
0
0
0
0
0
0
0
0
0
0
0
0
0
0
0
0
0
0
0
0
0
0
0
0
0
0
0
0
0
0
0
0
0
0
0
0
0
0
0
0
0
0
0
0
0
0
0
0
0
0
24506
30117
48106
4227
13581
60101
36543
21614
13352
13601
17699
20159
3857
50042
89361
10841
23193
40066
16955
22088
36178
32242
20895
13476
4235
53272
60286
18578
15380
43545
33069
3319
20056
19939
23867
6786
20798
1512
14115
38953
1339
1278
8496
4849
43039
38323
45709
10894
0
0
0
0
0
0
0
0
0
0
0
0
0
0
0
0
0
0
0
0
0
0
0
0
0
0
0
0
0
0
0
0
0
0
0
0
0
0
0
0
0
0
0
0
0
0
0
0
0
0
0
0
0
0
0
0
0
0
0
0
0
0
0
0
0
0
0
0
0
0
0
17434
43921
10850
43287
62093
47200
44729
37519
68471
43119
18100
96984
60152
43155
62767
52115
92334
24739
24643
10708
94671
21100
37175
39978
8263
5343
33166
1773
6320
0
0
0
0
0
0
0
0
0
0
0
20746
73094
153
41243
23915
4568
51718
59325
48023
56409
8782
26405
23204
0
0
0
0
0
0
0
16930
1315
43367
12400
47179
3760
19104
845
39798
38107
0
0
0
0
0
0
0
67170
26366
35447
19598
62125
58490
49498
18208
46829
22173
70034
45500
39757
19763
57201
48360
15051
38853
39058
52878
46500
16882
14248
66017
93370
2225
28226
34201
24787
0
0
0
0
0
0
0
0
0
0
0
0
0
0
0
0
0
0
0
0
0
0
0
0
0
0
0
0
0
0
0
0
0
0
0
0
0
0
0
0
0
0
0
0
0
0
0
0
0
0
0
0
0
0
0
0
0
0
0
0
0
0
0
0
0
0
0
0
0
0
0
0
0
0
0
0
49939
6007
193
2922
52671
31266
64310
4584
48095
1279
59189
23804
78396
3085
19988
74239
51810
20722
7150
79010
61648
821
6087
30262
41215
8150
25836
49444
69921
79694
44906
29354
50549
0
0
0
0
0
0
0
0
0
0
0
0
0
0
0
0
0
0
0
0
0
0
0
0
0
0
0
0
0
0
0
0
0
0
0
0
0
0
0
0
0
0
0
0
0
0
0
0
0
0
0
0
0
0
0
0
0
0
0
0
0
0
0
0
0
0
0
0
0
0
0
0
0
0
0
0
0
0
0
0
0
0
0
0
0
0
0
0
0
0
0
0
0
0
0
0
0
0
0
0
0
0
0
0
0
0
0
0
0
0
0
0
0
0
0
0
0
0
0
0
0
0
0
0
0
0
0
15693
28691
78529
19927
33724
20610
83582
14384
10071
30258
29073
73
531
17260
41001
64635
38310
61113
14011
31855
2202
14272
20634
73601
48915
25907
785
59712
22386
13220
57803
7721
27904
2725
49677
43219
54312
48534
33671
12834
72933
59366
28911
40744
9592
3825
12521
31596
47894
1744
6753
56940
37443
29664
44600
11762
46377
35455
9910
30330
32860
19080
47425
25908
59860
28077
3829
41195
94844
2941
80481
39018
28811
22317
63064
47987
28144
34680
25618
48461
10147
12605
18818
3616
60800
9958
25948
64218
34720
3057
52601
13517
45239
48625
13276
14971
25916
4993
40202
13967
81617
74019
12769
31740
71536
20852
40110
30478
32920
16216
21081
40965
19461
2074
80067
76967
6302
73127
2985
0
0
0
0
0
0
0
0
0
47609
44617
83670
1278
2081
20566
4760
33692
1391
12352
3210
40837
44038
60795
10295
8541
29799
8677
55184
996
34860
4472
79397
15252
756
14907
3211
0
0
0
68162
73693
2077
37430
6507
38250
23357
20409
20999
72592
17706
22489
63759
71041
3897
29041
75146
47554
81365
3612
36141
27937
10681
20417
47927
38404
18180
15163
17866
47874
20667
17128
86943
24784
26647
5761
30667
26643
48641
10492
36776
66025
39222
35970
32587
49312
5716
9945
15750
34612
17910
32812
14522
47641
19698
59771
4965
32322
12805
53880
16657
39098
69295
54076
10339
33170
42324
17211
9485
9150
43778
10658
26534
20727
4246
39287
11251
3034
18891
42749
71392
84132
58088
23493
17236
7115
27977
34994
23622
12255
31077
19087
13360
56121
33194
33101
30622
56795
71487
11135
13609
11275
20185
44577
15618
3905
5897
24305
12773
25976
31061
3495
12814
45861
16284
11340
57867
36391
83951
9367
2600
55894
12911
5315
50212
8243
65418
3909
88711
43645
31812
0
0
0
0
0
0
0
0
11091
25353
21687
31150
10822
18682
66868
31005
73315
6836
1828
18332
61133
65435
88554
46641
44866
25125
6950
46256
45368
62338
4226
15994
54759
72447
73111
4853
92819
23441
1383
17429
9862
58293
29386
28547
53068
55999
30474
13608
2532
7817
14481
4913
42536
58277
66668
19361
80352
6584
51472
15654
72588
74243
28506
840
34595
68773
20831
2388
18882
23017
40794
19217
84123
31029
66298
55141
78837
11147
39664
18497
10822
24193
92072
13512
559
65524
33773
56373
20140
32747
14738
27719
14183
25856
42994
43785
1611
1495
43869
8436
1243
994
13867
5508
27615
63752
66274
23370
28634
2684
58618
51658
46561
50666
20225
79970
6082
70077
52397
2600
20048
63925
25028
8383
26437
6826
85971
1528
52328
14389
12039
8095
30233
0
0
0
0
0
0
0
0
0
0
0
0
0
0
0
0
0
0
0
0
0
0
0
0
0
0
0
0
0
0
0
0
0
0
0
0
0
0
0
0
0
0
0
0
0
0
0
0
0
0
0
0
0
0
0
0
0
0
0
0
0
0
0
0
0
0
0
0
0
0
0
0
0
0
0
0
0
0
0
0
0
0
0
0
0
0
0
0
0
0
0
0
0
0
0
0
0
0
0
0
0
0
0
0
0
0
0
0
0
0
0
0
0
0
0
0
0
0
0
0
0
0
0
0
0
0
0
0
0
0
0
0
0
0
0
0
0
0
0
0
0
16067
61293
68873
226
15469
47035
52734
43247
9239
640
45887
55851
30306
57570
61855
34607
11135
7733
9693
5050
78504
2199
27136
48497
2407
76652
32053
10484
27402
67013
39789
44127
63960
4049
81741
27812
11071
20269
23759
19701
4704
64094
4183
29614
12404
28924
23409
52357
45552
74359
22887
941
73
8657
86943
17071
68037
2773
23907
57948
55433
35479
47484
30526
0
0
0
28161
59434
62294
6720
64949
28025
29864
17360
18798
33311
0
0
0
0
0
0
0
0
0
0
0
0
0
0
0
0
0
0
0
0
0
0
0
0
0
0
0
0
0
0
0
0
0
0
0
0
0
0
0
0
0
0
0
0
0
0
0
38347
0
0
0
0
0
0
0
0
0
0
0
0
0
0
0
0
0
0
0
0
0
0
0
0
0
0
0
0
0
0
0
0
0
0
0
0
0
0
0
0
0
0
0
0
0
0
0
0
0
0
0
0
0
0
0
0
0
0
0
0
0
0
0
0
0
0
0
0
46360
34287
59840
44480
19517
32792
2692
55617
30363
14658
61100
82822
22778
31977
30840
16818
61937
2375
78794
57542
25073
23433
41665
16014
3286
0
0
0
0
0
0
0
0
0
0
0
0
0
0
0
0
0
805
17217
76930
14826
24333
46738
0
0
0
0
0
0
0
0
0
0
0
0
0
0
0
0
0
0
0
0
0
0
0
0
0
0
0
0
0
0
0
0
0
9014
611
17658
14794
47376
21586
51213
64989
55188
24398
7098
30435
11014
34162
31660
49131
22726
20867
9351
37672
34086
14485
51300
27257
1583
49091
83320
67226
35049
40448
59570
36757
26599
40371
48871
87321
29695
4700
3985
75179
40728
48745
62852
39339
51204
37978
479
80834
87165
2897
11694
16505
64346
28599
28692
11982
10581
67767
20083
82666
46653
16124
18135
51490
8183
49494
17039
22666
56730
5548
20413
21099
71127
37374
4620
67351
71363
0
0
0
0
0
0
0
0
0
0
0
0
0
0
0
0
0
0
0
0
0
0
0
0
0
0
0
0
0
0
0
0
0
0
0
0
0
0
0
0
0
0
0
0
0
0
0
0
0
0
0
0
0
0
0
0
0
0
0
0
0
0
0
0
0
0
0
0
0
0
0
0
0
0
0
0
0
0
0
0
0
0
0
0
0
0
0
0
0
0
0
0
0
0
0
0
0
0
0
0
0
0
0
0
0
0
0
0
21904
28198
18766
48401
7444
48862
54747
29266
44854
4917
13505
1685
65580
18268
25738
42637
17517
57040
9308
37575
7347
13079
70648
30811
10773
32311
82774
27458
63628
7508
55201
26539
29558
1069
29177
55461
23240
154
16433
12143
2508
9850
28113
18670
24550
71649
37725
61443
39332
6721
74938
12244
9027
5203
17019
4861
64467
43894
24554
42159
12770
32025
20850
0
0
0
0
0
0
0
0
0
0
0
0
0
0
0
0
0
0
0
0
0
0
0
0
0
0
0
0
0
0
0
0
0
0
0
0
0
0
0
0
0
0
0
0
0
0
0
0
0
0
0
0
0
0
0
0
0
0
0
0
0
0
0
0
0
0
0
0
0
0
0
0
0
0
0
0
46742
14710
14051
9834
54634
20333
23565
16633
13107
52389
7645
49968
13769
24948
48027
25631
5235
45452
11677
47601
33270
25486
55610
43191
44283
25029
10050
65414
27610
40544
18525
13223
5885
80520
10998
55851
19293
74142
53899
35463
10640
16505
68624
12484
28363
16721
43067
75524
21144
9038
3957
13335
32720
47906
45489
75957
20361
59622
78371
50324
70640
54948
65595
21803
44167
23051
13573
83211
37456
16798
21699
32427
67917
61281
18184
17895
34652
20575
10356
32101
36378
26373
53357
63844
6776
59435
14011
7344
25715
1062
13307
25249
1865
57449
22751
16753
8239
12637
0
0
0
0
0
0
0
0
0
0
0
0
0
0
0
0
0
0
0
0
0
0
0
0
0
0
0
0
0
8520
17042
39218
73021
98121
34166
10296
4853
7130
17743
22045
33503
28025
33844
9537
72114
80288
75809
8147
9131
49766
77156
51778
716
75644
66969
72187
57341
9962
11019
25952
78379
4838
22631
67032
29486
46135
2729
13907
10468
28286
47774
9191
48694
2006
13171
8372
30342
32093
27610
44661
75565
3949
54281
40548
12782
3636
36146
20437
26096
33149
41902
3773
13187
53775
44568
42022
0
0
0
0
0
0
0
0
0
0
0
0
0
0
0
0
0
0
0
0
0
0
0
0
0
0
0
0
0
0
0
0
0
0
0
0
0
0
0
0
0
0
0
0
0
0
0
0
0
0
0
0
0
0
0
0
0
0
0
0
0
69985
170
22477
17474
20384
46039
18629
37149
57085
17183
17325
24891
2908
13413
8118
8239
31957
13979
18172
15171
11613
12594
26004
13304
40424
33169
33676
30772
28695
23900
14268
29576
4211
47946
52541
23292
75194
38508
81372
33475
19453
29140
226
14139
59791
38989
36893
57209
42935
38098
11288
26859
16023
31969
11272
18385
22522
68190
34828
48373
60185
20822
12793
38789
30233
3540
76632
12854
37938
64803
8524
77838
55490
28157
25852
26815
78688
9906
54730
10199
20927
65985
13750
53184
39416
61466
58542
41958
66253
63636
21036
36552
25409
52345
33202
22144
32849
38593
87040
24738
5552
4564
84474
56309
49999
17224
50092
34229
14232
8806
43926
17416
15508
51432
17726
31093
35383
18586
19446
13167
39668
5203
26835
26872
61543
70392
42436
32865
14813
7854
21611
3399
17015
25318
43027
76798
42657
15633
18835
23722
2986
14119
33720
8805
49035
4796
33656
49662
30141
57555
86963
19975
31257
73986
36460
26285
21824
54855
41716
72579
3647
14835
6882
21301
15231
34434
7886
72814
17706
8003
7552
66539
9637
17044
74379
18207
40733
23301
20080
487
59032
4608
40311
50686
46947
51528
51525
95583
9099
67182
0
0
0
0
0
0
0
0
0
0
0
0
0
0
0
0
0
0
0
0
8548
2982
25731
60739
21783
0
0
0
0
0
0
0
0
0
0
0
0
0
0
0
0
0
0
0
0
0
0
0
0
0
0
0
0
0
0
0
0
0
0
0
0
0
0
0
0
0
0
0
0
0
0
0
0
0
0
0
0
0
0
0
0
0
0
0
0
0
0
0
0
0
0
0
0
0
0
0
0
0
0
0
0
0
50827
40167
24787
9364
49283
50208
32037
18541
1214
45103
4423
8107
13159
1953
35383
24923
58060
27209
5322
67888
79131
51505
14321
9010
23682
7749
11512
13529
49091
6311
16156
3323
29880
10927
431
33291
75677
13396
12227
69942
12661
47626
66524
4391
6770
6993
11275
3994
29145
60294
91466
39808
84088
32788
94827
4833
52111
79457
36937
0
0
0
0
0
0
0
0
0
0
0
0
0
0
0
0
0
0
0
0
0
0
0
0
0
0
0
0
0
0
0
0
0
0
0
0
0
0
0
0
0
0
0
0
0
0
0
0
0
0
0
0
0
0
0
0
0
0
0
0
0
0
0
0
48642
48445
23470
19288
32820
21334
4234
48540
16526
39303
27141
9054
39496
44758
18168
12830
18224
21565
5576
23928
40649
0
0
0
0
0
0
0
0
0
0
0
0
0
0
0
0
0
0
0
0
0
0
38849
42833
12148
27598
78730
8199
40881
3877
6540
60610
12160
65539
44689
11215
54638
0
0
0
21630
60273
48501
19181
27579
47140
35001
4929
11292
23345
10641
15389
22554
43874
8705
73897
6166
74254
0
0
0
0
0
0
0
0
0
0
0
0
0
0
0
0
0
0
0
0
0
0
0
0
0
0
0
0
0
0
0
0
0
0
0
0
0
0
0
0
0
0
0
0
0
0
0
0
0
0
0
0
0
0
0
0
0
0
0
0
0
0
0
0
0
0
0
0
0
0
0
0
0
0
0
0
0
0
0
0
0
0
0
0
65290
2355
18754
66081
61173
85317
32872
33037
18850
10243
5849
27145
27719
25060
29542
45906
19593
25738
88241
29012
25679
93964
61816
44966
11312
25389
85823
31536
61133
44883
23566
8452
37833
81464
33435
20149
38198
9437
16429
14766
34386
70452
50304
24273
4214
17803
14617
10734
6588
49522
21337
47243
16333
38146
10810
85718
10400
11014
4424
9757
13545
68732
0
0
0
0
0
0
0
0
0
0
0
0
0
0
0
0
0
0
0
0
0
0
0
0
0
0
0
0
0
0
0
0
0
0
0
0
0
0
0
0
0
0
0
0
0
0
0
0
0
0
0
0
0
0
0
0
0
23060
35748
5231
24462
8452
39637
35484
15284
33037
45
39146
21473
23357
18256
84561
61257
16208
31218
4921
30643
1615
79793
17377
0
0
0
0
0
0
0
0
0
0
0
0
0
0
0
0
0
0
0
0
0
0
0
0
0
17970
25401
17742
29133
26172
0
0
0
0
0
0
0
0
0
0
0
0
0
0
0
0
0
0
0
0
0
0
0
0
0
0
0
0
0
0
0
0
0
0
0
0
0
0
0
0
0
0
0
0
0
0
0
0
0
0
0
0
0
0
0
0
0
0
0
0
0
0
0
0
0
0
0
0
0
0
0
0
0
0
0
0
0
0
0
0
0
0
0
0
0
0
0
0
0
0
0
0
0
0
0
0
0
0
0
0
0
0
0
0
0
0
0
0
0
0
0
0
0
0
0
0
0
0
0
0
0
0
0
0
0
0
0
0
14726
20156
52650
17364
61932
54931
49
63450
39697
46006
11593
59449
13091
28884
89401
48694
13179
19144
11797
10417
45983
77319
2447
32174
13857
47252
19646
9002
12549
47305
35037
48111
4969
18497
65134
42299
50758
32881
78308
48308
0
0
0
0
17573
20919
12421
11745
56340
38364
23498
22639
21555
48059
88312
62370
72451
48721
90654
30081
24028
50412
41861
28044
39151
76797
15120
5002
61731
72556
24582
39319
52867
44497
29969
6290
34709
14340
45155
0
0
0
0
0
0
0
0
0
0
0
0
0
0
0
0
0
0
0
0
19384
59104
28439
30518
1467
12584
11392
47400
12609
12062
740
5364
73085
38986
50770
17742
18381
15340
12870
25554
30876
20417
57144
45295
13159
27759
8459
48372
18895
14099
25932
18465
46187
27261
36021
42669
44376
16292
25535
43958
37246
29024
38046
32318
72499
17682
76180
44774
20357
29028
37366
3789
21225
33382
17244
81369
22859
26289
31314
26627
7596
644
59739
8014
54100
46497
72676
32949
32691
19368
0
0
0
0
0
0
0
0
18738
85625
36596
19324
17083
7387
87305
11674
43581
12557
29398
65162
30353
56743
76532
78657
29570
57590
74476
45087
19678
17975
16095
10681
3660
8507
62639
39351
31816
3820
48191
343
4262
42665
2351
64587
9978
40689
63631
31012
64355
65081
23413
26060
24457
29229
50184
22044
33892
27048
8155
70129
1273
32430
12485
68636
31351
35282
74018
76018
15092
48304
0
0
0
0
0
0
0
0
0
0
0
0
0
0
0
0
0
0
0
0
0
0
0
49461
66704
16268
5159
38312
14228
46051
46734
21968
21401
4447
8877
20101
65567
74492
12918
50493
73974
26237
9516
8870
58562
34158
48999
26445
26647
29426
12168
27952
10797
66636
53964
27117
45448
4906
18115
15380
21908
17971
5283
6307
90513
945
26429
45544
17863
13805
8195
41311
1138
23984
29672
7760
31479
2797
82573
21943
61932
33298
8729
44975
12970
2065
7628
44842
11413
50743
0
0
0
0
0
0
0
0
0
0
0
0
0
0
0
0
0
0
0
0
0
0
0
0
0
0
0
0
0
0
0
0
0
0
0
0
0
0
0
0
0
0
0
0
0
0
0
0
0
0
0
0
0
0
0
0
0
0
0
0
0
0
0
0
0
0
0
0
0
0
0
0
0
0
0
0
0
0
0
0
0
0
0
0
0
0
0
0
0
0
0
0
0
0
0
0
0
0
0
0
0
0
0
0
0
0
0
0
0
0
0
0
0
0
0
0
0
0
0
0
0
0
0
0
0
0
0
0
0
0
0
0
0
0
0
0
0
0
0
0
0
0
0
0
0
0
0
0
0
0
0
0
68146
869
51996
1624
496
6363
12794
86778
47445
33086
15604
53862
21321
48363
11674
13674
53643
14657
55903
14027
10741
13983
55185
59510
5764
72326
27960
0
0
0
0
0
0
0
0
0
0
0
0
0
0
0
0
0
0
2275
1805
22466
17428
0
0
0
0
0
0
0
0
0
0
0
0
0
0
0
0
0
0
0
0
0
0
0
0
0
79465
38134
28430
49638
76343
17055
4663
95655
49140
12846
18421
8853
23812
29820
48757
36137
39339
67238
7503
52453
22188
4583
21224
39905
26160
53911
34146
20048
17806
1884
23258
33479
17071
72813
28349
26736
0
0
0
0
0
0
0
0
0
0
0
0
0
0
0
0
0
0
0
0
0
0
0
0
37061
13874
16280
62053
13099
19565
0
0
0
0
0
0
0
0
0
0
0
0
0
0
0
0
0
0
0
83039
59812
22546
16762
63535
13432
33760
2018
12918
32583
9424
21587
76219
16027
7833
29153
20883
46083
5524
0
0
0
0
0
0
0
0
0
0
0
0
0
0
0
0
0
0
0
0
0
0
0
0
0
0
0
0
0
0
0
0
0
0
49823
52947
50276
1869
42781
17899
44315
22116
25354
12203
80600
24140
41750
12452
6705
45613
1720
47846
43183
5033
28932
18251
6364
68290
3002
20192
2519
36115
72958
22683
13827
28037
31313
77528
67121
66691
14501
23867
67198
18939
24658
37259
25049
15770
23373
3568
11356
34949
59543
74797
18068
24646
14384
24502
5572
9336
12079
7756
34724
10047
57903
3070
41957
63610
68877
13140
58542
48802
18096
88803
24072
18429
46830
99197
23028
6323
63872
64113
53381
13734
18705
38170
21276
58108
41327
37503
25972
4179
40351
89631
17437
25626
14015
31969
37026
14417
13665
19907
41138
41175
23879
43532
65724
821
5519
56144
500
46605
69459
4962
11066
1628
81377
14299
1010
66242
66957
45340
66671
15119
129
39990
63281
43026
48485
50622
39508
18116
45670
42360
62338
27177
43062
76170
23012
32057
359
31993
51300
23638
14341
29663
54582
2094
17923
76922
32438
32278
22047
32149
0
0
0
0
0
0
0
0
0
0
0
0
0
0
0
0
0
0
0
0
0
0
0
0
0
0
0
0
0
0
0
0
0
0
0
0
0
0
0
0
0
0
0
0
0
0
0
0
0
0
0
0
0
0
0
0
0
0
0
0
0
0
0
0
0
0
0
0
0
0
0
0
0
0
0
0
0
0
0
0
0
0
0
0
0
0
0
0
0
0
0
0
0
0
0
0
0
0
0
0
0
0
0
0
0
0
0
0
0
0
0
0
0
0
0
0
0
0
0
0
0
0
0
0
0
12930
33287
26663
22595
57863
41772
26606
82035
13259
20718
43444
67884
6268
56775
14227
42697
25687
72873
8268
24831
28920
5013
60333
58004
29575
11537
76243
51172
33707
9247
14453
11364
43186
18116
69046
7226
57285
0
0
0
0
0
0
0
0
0
0
0
0
0
0
0
0
0
0
0
0
0
0
0
0
0
0
0
0
0
0
0
0
0
0
0
0
0
0
0
0
0
0
0
0
0
0
0
0
0
0
0
0
0
0
0
0
0
0
0
0
0
0
0
0
0
0
0
0
0
0
0
0
0
0
0
0
0
0
0
0
0
15576
22080
49938
3045
4491
54827
2889
54152
12279
17673
38187
52790
7395
66591
31704
77649
62
18621
1267
17665
32247
21341
11312
31178
58314
68591
69756
40786
26780
334
61
15192
54163
0
0
0
0
0
0
0
0
0
0
0
0
0
0
0
0
0
0
0
0
0
0
0
11917
54333
6745
37190
2113
21012
44043
53573
42295
40588
67961
41596
55091
73720
49429
81284
31864
34837
54791
72307
20422
52830
27129
79959
31640
84312
5649
21666
20012
92486
21662
32908
52172
23947
62000
23695
71395
18104
40030
62089
38254
83665
18522
35395
0
0
0
0
0
0
0
0
0
0
0
0
0
0
0
0
0
0
0
0
0
0
0
0
0
0
0
0
0
0
0
0
0
0
0
0
0
0
0
0
0
0
0
0
0
0
0
0
0
0
0
0
0
0
0
0
0
0
0
0
0
0
0
0
0
0
0
0
0
0
0
0
0
0
0
0
0
0
0
0
0
0
0
0
0
0
0
0
0
0
0
0
0
0
0
0
0
0
0
0
0
0
0
0
0
0
0
0
0
0
0
10891
59908
27912
1499
48216
11083
48552
75982
7171
40083
19119
42167
3663
8159
56160
76364
19786
44841
49665
9451
0
0
0
0
0
0
0
0
0
0
0
0
0
0
0
0
0
0
0
0
0
0
0
0
0
0
0
0
0
0
0
0
0
0
0
0
0
0
0
0
0
45015
0
0
0
0
0
0
0
0
0
0
0
0
0
0
0
69913
42107
53204
9114
26880
59431
6753
24080
26827
77656
3644
12512
5998
889
32339
6921
63768
29495
29941
30992
74296
27250
17593
30928
30728
41974
14397
18854
72491
71327
20161
61892
11082
32281
62137
8958
18164
36825
26643
10319
0
0
0
0
0
0
0
0
62547
21727
34190
67772
3395
13091
56265
70511
34041
10006
24437
38905
49802
10931
9287
4933
34435
12678
37857
2499
8050
83175
4861
19971
59871
53261
6941
30294
0
0
0
24511
4760
37768
1322
15072
56791
8837
59738
36640
10203
16312
43897
47797
14814
50867
26474
48550
62374
25675
5962
62165
60466
15642
24537
68595
2535
21450
12344
5066
51115
34652
21904
58149
56145
61106
8127
51393
21216
2182
10894
496
80694
81682
27574
90364
4826
44071
45505
30150
71769
30820
43247
13127
79658
36612
38893
60924
5191
31868
24213
4717
25370
27430
15155
77208
27772
47641
29511
3222
57643
19397
2765
16325
43206
23554
77198
2215
16100
6833
33298
6628
39629
61696
29812
46445
31768
5299
91490
79545
46191
43516
6122
10202
20770
40042
67065
79420
24530
60699
97258
75279
26647
26080
35516
8665
25221
8938
24390
37592
21092
73242
16449
11460
58595
11648
58302
85931
65064
45271
39459
41143
72078
0
0
0
0
0
42431
22625
8544
76813
41584
21959
45348
46152
30771
31699
66724
16952
51759
24916
22706
47930
40195
68800
42423
6664
55051
52164
19068
79199
20333
9291
10203
1912
53345
2250
25864
14047
7974
79890
1897
31796
16931
31752
22358
36263
11147
44982
1243
89707
20397
1768
49783
14492
41704
41272
7106
7017
26084
4869
53245
12528
65069
1929
5656
88759
14982
5732
20944
1046
15080
37704
45140
27133
59113
49071
26386
45674
4595
39997
41408
80465
32310
51135
43046
81737
9653
42311
29350
7962
35230
48380
2227
29840
68274
56964
6689
38074
21
31736
48513
28129
19377
31715
32064
20176
36753
41725
62800
24904
11280
1769
54727
6848
75721
7850
30008
66138
2471
11107
68097
42866
51959
27695
27008
57916
32796
19172
8870
1093
5327
31257
25128
24775
20039
24739
982
30194
19429
67957
14356
14604
9681
36669
25
46678
53393
161
39753
56036
31536
33776
51574
18466
83144
8331
52734
58261
42786
77303
8608
25209
34809
3813
36383
61025
88602
76043
4062
671
15071
5355
322
30526
1202
16915
51558
40636
11163
11777
42504
52670
137
17771
10857
28747
72809
20842
22943
27294
14103
72600
65406
48883
7985
11713
22486
14963
66038
893
44983
37644
30102
8568
8797
315
52051
6058
31700
39612
29936
2202
18975
14899
5167
18273
79878
79192
38126
8102
0
0
0
0
0
0
0
0
0
0
0
0
0
0
0
0
0
0
0
0
0
0
0
0
0
0
71286
74275
5303
26523
16734
21646
7713
11504
31503
55085
64016
62358
48380
70580
76456
51067
50685
58433
33877
15863
13954
17670
59132
0
0
0
0
0
0
0
0
0
0
0
0
0
0
0
0
0
0
0
0
0
0
0
0
0
0
0
0
0
0
0
0
0
0
0
0
0
0
0
0
0
0
51257
87474
86783
71535
55979
72637
25651
13159
85766
13083
860
2588
52497
61278
30185
1728
26337
47850
40034
8794
18959
52180
7215
72841
19152
0
0
0
0
0
0
0
0
0
0
0
0
0
0
25041
23876
55301
15099
33877
4744
27603
21634
44548
11713
68648
3616
40275
51714
15465
5729
48714
16795
59434
8042
36375
57570
10299
5251
1568
21151
27197
13923
45300
39139
16577
42211
65976
7223
47409
11324
7318
15919
25691
2761
8271
32086
58357
41223
54835
12657
45528
68937
18232
92249
16131
38577
36990
29863
414
62462
16823
30049
15922
64165
56076
16195
25446
29290
4897
41901
49489
33042
45625
48674
52915
66090
51618
50690
62940
14144
33929
48280
2600
27531
13580
15457
76431
24201
2061
29222
39354
3785
80112
15240
17131
60514
552
44139
1310
21288
3155
45079
3890
24896
62664
12175
39527
52341
3074
13135
12934
41781
30893
2741
27929
16396
17725
29659
48108
32246
39280
69045
16116
75769
23643
4737
2383
14368
32294
1893
2876
5214
46083
57555
76171
22594
70664
1157
37202
4756
27735
59177
22083
19308
63527
0
46576
56622
53498
25354
16501
41481
8379
57020
27989
51003
62387
3238
10179
18345
91438
2350
4436
22956
34531
61575
8267
87758
22374
63403
921
27871
38656
78275
22349
37343
54485
768
15709
35001
43604
57719
19011
49251
76404
27643
37612
45625
10504
89811
17151
50188
68010
26229
20996
45500
7906
695
22533
32198
660
30829
24964
63904
37922
49
3978
12110
29664
12902
22265
0
0
0
0
0
0
0
0
0
0
0
0
0
0
0
0
0
0
0
0
0
0
0
0
0
0
0
0
0
0
0
0
0
0
0
0
3363
10384
57928
30257
22152
11155
9142
17987
8580
5532
24868
3745
30036
31868
21798
85529
32189
1917
16814
8226
27004
74813
18441
86862
11150
23478
63106
33937
25723
27342
32391
48489
58908
1832
66905
43138
32335
11773
14436
44593
0
0
0
0
0
0
0
0
14324
81620
8303
11694
6930
68820
59920
9837
5436
54882
12380
0
0
0
0
0
0
0
0
0
0
0
0
13982
43319
68258
4151
33680
415
41741
876
5396
49689
9734
49489
32262
54574
3153
40701
17223
32676
80372
56277
49726
84071
47882
39535
89603
19678
33748
45448
18413
19613
55867
32121
3335
6009
2246
44927
35101
41279
46605
936
29025
8412
19056
4411
12574
59771
2705
44058
44251
52948
80504
12159
75560
74834
33467
69471
21968
28016
28049
3596
8098
32780
30671
79019
28784
2588
39041
55782
19505
63832
26908
56518
34724
63808
65403
6652
75668
33860
7725
62795
32486
94615
49910
57316
43625
0
0
0
0
0
0
0
0
0
0
0
0
0
0
0
0
0
0
0
0
0
0
0
0
0
20389
18208
65539
4600
11071
16155
29659
36880
51963
3640
51999
52823
29871
82227
25004
39637
68575
13689
21972
33366
64182
4777
53377
29341
31960
39688
30595
13814
54144
27486
20385
17979
54823
15445
31793
21087
8902
34045
28864
294
27615
79399
34351
1801
42304
48654
68934
7279
45223
287
38876
0
0
0
0
0
0
0
0
0
0
0
0
0
0
0
0
0
0
0
0
0
0
0
0
0
0
0
0
0
0
0
0
0
0
0
0
0
0
0
0
0
0
0
0
0
0
0
0
0
0
0
0
43190
38073
21513
5503
13673
17131
40347
78648
22249
29342
13267
45191
31422
58924
77609
6652
11195
37455
36848
81280
68809
8865
81308
17690
4282
44532
21048
56337
281
3440
11307
82541
16508
19699
55951
44331
18160
57261
23880
82778
18496
12859
10653
31197
62712
46075
2840
44697
11203
32185
10865
11404
84626
1157
26294
44657
9842
81546
45746
110
87280
21326
19140
46737
90409
15702
64173
50252
68532
21787
36909
2720
68503
45436
19076
17478
19991
50316
37685
48200
20004
58864
77721
51866
3573
11841
2062
56887
26446
20003
42825
2142
1977
39380
11388
36821
10316
36934
23523
25980
65727
43918
26634
43216
12303
24583
9536
39464
41412
71700
87509
35122
6593
29238
15883
1231
74886
2757
56530
49501
55762
44300
86288
41641
0
0
0
0
0
0
0
0
0
0
0
0
0
0
0
0
0
0
0
0
0
0
23056
52980
19442
35126
14392
17159
29727
48995
3078
0
0
0
0
0
0
0
0
0
0
0
0
56514
79869
40460
95314
75235
34487
53374
51321
4829
1266
80830
14465
21493
21125
60871
58667
7218
64463
43392
81187
520
28913
28016
42154
9882
7191
8970
37608
11665
12950
27061
77524
4230
55312
21465
0
0
0
0
0
0
0
0
0
0
0
0
0
0
0
0
0
0
0
0
0
0
0
0
0
0
0
0
0
0
0
0
0
0
0
0
0
0
0
0
0
0
0
0
0
0
0
58654
33853
15002
65904
30619
64189
18356
19634
62189
3194
55658
49272
35957
10207
57116
48782
18562
57346
13240
10862
69921
3531
41416
48344
42011
52123
32928
9970
73
5600
38725
71215
0
0
0
0
0
0
0
0
0
0
0
0
0
0
0
0
76091
7115
31808
25463
11541
1278
29671
7235
10987
16321
24883
41652
45436
539
51822
22132
8336
27880
4753
34074
2941
3194
36479
88874
2741
66897
35218
17469
1889
39765
5825
61338
48444
34001
41026
23125
65189
61607
18389
7094
14047
36202
21253
66302
17682
53506
54304
20144
55959
0
0
0
0
0
0
0
0
0
0
0
0
0
0
0
0
0
0
0
0
0
0
0
0
0
0
0
0
0
0
47440
19710
16678
33319
51272
59707
29245
58092
3427
8018
23674
83204
69721
2961
27128
41770
30382
28663
34837
72282
49
63080
37849
40829
56220
59473
1789
23522
46998
3648
6147
3736
42034
38681
41448
8203
42215
5119
6567
21473
24975
19910
17297
39247
45143
55393
18236
28334
82574
20152
49541
53610
63836
27266
0
0
0
0
0
0
0
0
0
0
0
0
0
0
0
0
0
0
0
0
0
0
0
0
0
0
0
0
0
0
0
0
0
0
0
0
0
0
0
0
0
0
0
0
0
0
0
0
0
0
0
0
0
0
0
0
0
0
0
0
0
0
0
0
0
0
0
0
0
0
0
0
0
0
0
0
0
0
0
0
0
0
0
442
7086
32973
14192
15870
20879
9922
23678
4109
15657
41605
57795
52762
31969
59021
11777
133
40953
35841
25575
44710
14396
44601
63076
7717
46135
6527
11399
25085
624
4492
73567
29893
66962
73280
21080
72825
93570
20288
61385
9111
5162
46187
48835
71893
66668
23164
8025
14071
25097
57895
68121
10793
6006
43704
929
74415
42536
58538
11793
27912
49645
85160
0
0
0
0
0
0
0
0
0
0
0
0
0
0
92542
18590
4419
39577
7745
47998
31157
63852
78372
9451
11308
7874
28386
19141
18148
15429
15584
15405
53510
42227
25064
52882
24867
20321
7963
39729
51083
52666
0
0
0
0
0
0
0
0
0
0
0
0
0
0
0
0
0
0
0
0
0
0
0
0
0
0
0
0
0
0
0
0
0
0
0
0
0
0
59494
18260
34616
7046
17787
46055
2616
17835
40130
9086
10007
1177
19550
49870
27502
29129
67880
2893
0
0
0
0
0
0
0
0
0
0
0
0
0
0
0
0
0
0
0
0
0
0
0
0
0
0
7275
50634
88369
3439
7745
12324
38584
12212
61664
46043
40322
48737
31299
37154
48863
5202
20996
0
0
0
0
0
0
0
989
4022
81136
32395
31362
23963
44485
60599
75009
41319
63903
11219
71323
7921
20160
17297
39599
6103
37463
31559
49958
10215
67290
8508
26847
9902
8969
16697
15031
44287
68921
1234
17092
6090
26449
63864
13617
20268
58924
23783
6890
22655
55333
56293
72773
54092
8552
0
64254
66093
22928
2711
10119
35134
45950
3483
54249
15071
3829
17220
0
0
0
0
0
0
0
0
0
0
0
0
0
0
0
0
0
0
0
0
0
0
0
0
0
0
0
0
0
0
0
0
26358
13408
7315
38258
5062
52401
9074
44742
42488
45176
31872
41497
53879
33134
25678
12885
24960
8978
6656
3512
6757
68852
54574
938
9725
61526
59125
33817
53557
76026
59864
24305
22205
1499
51791
15481
26281
53734
50685
48512
14075
35145
43271
19517
32853
71121
34949
13481
20590
27495
30619
0
0
0
0
32511
2628
21204
18096
42179
31270
9937
39154
20454
19055
20916
61262
57892
37456
74487
13264
63277
8717
36126
11986
59823
52633
24855
16075
395
0
0
0
0
0
0
0
0
0
0
0
0
0
0
0
0
0
0
0
0
0
0
0
0
0
0
0
0
0
0
0
0
0
0
0
0
0
0
0
51645
0
0
0
0
0
0
0
0
0
0
0
0
0
0
0
0
0
0
0
0
0
0
0
0
0
0
0
0
0
0
0
0
0
0
0
0
0
0
0
0
0
0
0
0
0
0
0
0
0
0
0
0
0
0
0
0
0
0
0
0
0
0
0
0
0
17099
2198
10219
38821
48827
1917
17280
4732
12006
43500
30451
26651
14577
31274
34539
3053
61399
1423
15779
12151
17449
54469
10385
51831
37724
3937
20689
25184
5002
2925
86987
56546
27675
1928
75902
17976
20967
84304
45465
8793
13689
65571
54996
22823
10146
49513
55915
73861
24638
4463
18815
29736
1515
75292
9625
15236
23831
6443
57655
87324
6728
53642
63447
4524
24670
56076
10733
19055
11978
54586
83971
44356
17385
26686
51702
24884
423
29680
29832
25290
53892
57953
58712
66776
65640
37367
2732
24297
70492
42432
531
4816
23000
10163
12737
9528
20461
17260
47657
48155
64676
49706
19381
31832
40560
16898
78841
46758
11159
18084
53698
2163
27989
4824
51959
35106
29173
59341
44822
9781
30704
29800
17373
63266
13504
7668
40793
66572
1925
3837
75625
80136
69643
43359
4330
3230
7938
53980
467
0
0
0
0
0
0
0
0
0
0
0
0
0
0
0
0
0
0
0
0
0
0
0
0
0
0
0
0
0
0
0
0
0
0
0
0
0
0
0
0
0
0
0
0
0
0
0
0
0
0
0
0
0
0
0
0
0
0
0
0
0
0
0
0
0
0
0
0
0
0
0
0
0
60293
32965
