2637
1783
494
315
2610
2093
2256
903
7524
1584
4679
5313
4144
11667
8582
467
3343
9308
2228
1626
2377
6224
7791
2601
4057
4737
4011
3378
2564
5665
1119
341
2154
801
1446
5977
5441
4180
5277
3023
2181
2717
6266
10146
3768
1509
5447
354
1889
2963
7169
5355
3310
4996
5263
7042
9740
4721
1063
1463
5320
1845
1990
1207
6025
642
5891
4568
1979
2191
8672
4765
1002
4713
130
1610
1245
77
4311
9670
494
3833
5732
2192
4745
902
2444
6630
5606
57
263
20
4692
4492
611
3245
2271
425
439
708
7816
6791
4388
616
2597
1636
4943
6573
9243
5034
1610
4087
5060
1867
423
275
2608
2345
2267
3579
5542
839
4856
8035
7625
2038
24
4785
7578
5648
6243
3168
3757
2215
2430
1945
2332
4447
7692
3080
286
168
7871
621
8526
3676
2755
482
1587
288
4605
4547
4314
2027
5047
7673
8395
6866
4102
2440
265
2286
11598
6795
2831
3086
5778
2369
1341
528
2603
5832
3057
6892
4068
1746
5656
3664
4561
3050
2563
347
5697
3477
7127
1650
144
7606
1907
492
6632
317
1085
6653
3166
7940
5641
4435
2525
1301
2255
5819
1715
862
4331
6575
6009
6905
2013
5559
736
830
1667
7198
7105
1840
8272
1261
6905
5592
7045
519
1813
4062
2905
5906
5903
1438
4336
1298
2377
5372
2029
5755
595
995
5141
8934
7873
11052
7215
154
3508
490
5405
2766
6915
4706
1402
4422
5428
1965
5441
4207
7246
848
5663
12709
6859
4462
4756
977
6953
368
5239
5560
499
7669
6354
3468
6631
2420
10261
4619
4416
763
7888
984
89
4518
9354
10338
7808
1868
691
6955
5300
7609
506
8987
5859
3966
2598
240
3318
13996
9510
639
5279
5226
2564
3417
9130
8702
4330
3712
2508
1061
401
3942
2266
6405
7150
2954
10124
12550
4425
1586
3563
3712
7423
3227
1739
5290
4023
39
539
1836
5527
829
3802
239
4990
1160
8304
4308
1535
6959
3088
2224
8893
8848
4762
5185
1751
4797
570
6052
2607
8210
2477
2449
1700
5605
290
9172
5826
5832
1736
629
4907
2989
1883
1072
14086
5509
3558
9579
2919
1766
8717
9640
6640
3932
1894
933
3474
8998
1244
6815
8881
7516
1238
284
3950
4316
902
1629
2420
345
4467
3920
3930
1596
2558
2292
2446
816
2216
5645
279
3331
4177
2105
1776
2565
9772
9521
2670
5282
169
1933
3371
8669
1964
5734
2854
6713
2771
1547
4650
5550
4149
2517
5731
5783
3566
11206
5262
1971
3422
3305
3158
1513
140
6327
3587
5446
3904
2970
10108
7210
6930
12181
1538
8299
2623
3995
3925
1275
3924
6732
9036
5860
1769
63
9724
543
1547
5784
4290
3853
822
2758
6203
100
350
1702
85
2960
6203
5258
4240
6290
2187
5186
3793
1499
10873
4238
846
9147
691
7306
2795
9112
559
6551
904
5490
2932
2165
710
4091
1876
5109
195
7481
1656
2865
1260
6932
4609
2600
1725
8331
2697
6874
4836
11147
7017
2424
5465
4708
4690
465
1114
9656
5532
1376
17
1856
11700
1913
14671
1148
6344
9993
895
7549
1937
553
942
6321
1884
1198
2424
9345
650
2251
7799
7100
5195
406
255
8183
1255
3237
3660
4010
5005
6924
3317
8360
709
7188
3668
9339
369
1442
5017
5875
5486
6369
2046
8594
965
4860
4823
4161
5293
1810
5442
4230
712
3846
4802
3349
5547
1636
747
8082
7523
1354
6425
1878
242
1015
932
2368
2738
4010
2055
11594
4162
1348
2253
1205
4748
1710
7848
1759
3445
8180
680
6384
2352
3847
3909
4879
6466
82
6090
6016
2989
6415
2037
2965
1376
4691
5184
4759
2059
373
3950
707
2035
896
3450
4887
6219
1609
2766
4999
7016
10597
7114
9270
509
985
8792
3
1795
367
1575
564
8338
747
6081
1408
6788
1721
3570
9866
2993
5538
1304
6410
12025
2237
418
6738
8153
1552
979
5441
44
6983
7133
327
7829
13763
6149
12348
4867
24
4163
2736
3214
3139
4038
1607
539
7273
1032
2381
4626
5534
3530
8757
1474
2686
6874
4139
1225
1881
18762
699
527
4250
1023
519
3598
1520
2916
1927
13332
8003
9682
2109
91
1364
2597
3815
6341
3
906
5562
1525
1071
3944
13437
341
7263
1040
1875
3544
2881
2197
5475
7208
4664
4387
2047
2882
10881
7772
5268
1544
7437
3404
1475
5509
157
2408
597
1588
2322
15259
927
5783
5597
2072
2135
2091
5312
2064
8391
5341
5139
8557
539
570
4841
487
1666
7750
5455
7191
3621
160
6174
4118
742
3812
171
990
5577
4575
7637
12
8297
508
3628
7816
9003
8368
3804
1431
6089
10283
5314
2716
1029
1528
400
6436
1758
4462
3143
3492
6042
1346
3920
8862
8790
11124
224
9913
8702
438
8782
697
10229
4907
5953
12289
5843
340
745
5992
8147
4119
8431
3442
6265
4794
5447
8901
351
9004
1616
325
1796
6540
2213
6898
570
3852
7432
2644
7147
3183
2392
7864
3149
565
3486
5681
1778
8729
763
9016
4357
2662
1265
934
3905
13343
3210
2647
2398
113
2334
352
299
1908
4883
379
11488
2895
2979
2671
11482
5737
5156
7914
6231
2391
45
7299
8930
1965
113
3346
3422
6359
5929
1007
1670
1269
3181
211
7746
8358
9940
2460
1855
5485
7656
1194
5357
1911
7392
2340
1171
2049
6348
3359
9827
896
2378
4949
233
371
6695
1423
5138
634
7472
4079
10561
118
4035
11609
3351
2228
3856
3636
3508
1189
3500
11166
3199
2836
11521
5829
14972
8682
2328
5245
8005
4758
7134
3029
3191
627
1812
4515
8550
4497
635
978
2537
1477
525
7427
4525
3554
10817
1072
75
6045
2749
7655
4246
3784
4388
9367
2192
438
3000
1132
3138
1329
2530
762
5519
640
2106
212
1696
1970
2422
49
8013
4462
966
14669
4732
6000
10779
13220
2602
1862
3224
3541
3148
15129
2174
4819
2019
1275
45
1426
6825
9894
10435
2520
4755
8600
76
5285
9251
4662
4841
1701
586
1567
7992
4959
611
5185
1162
3781
624
96
1134
3520
9648
9660
5812
2854
2139
565
5470
259
5653
8657
11645
3900
976
4952
2837
1549
6371
1256
3345
4388
1584
1541
7637
1820
7729
12132
651
6205
253
1871
1702
613
8643
4754
4028
55
634
8688
4688
8862
1946
11506
3793
345
2006
7612
7376
2859
633
3345
5495
4213
4197
2794
3763
853
374
10304
3084
7304
3681
5688
6825
8638
9534
5205
802
11266
3562
3625
5054
225
5385
1403
2860
4541
8386
2982
10491
8041
3683
2031
10006
774
4437
559
10402
8703
3225
1994
1856
1006
4832
1770
8577
1115
9308
14970
2647
6406
9422
8971
482
4739
7720
8914
7446
5933
6734
383
3747
10440
206
9026
10566
10121
814
1959
7282
1060
757
7438
9992
7991
2217
4907
1745
7823
2455
272
5154
7581
1512
10288
3004
7010
6293
6752
7702
2165
828
4082
172
9829
9886
3791
2311
3503
5584
586
8002
8071
8592
6956
11406
6805
11395
8450
2649
3630
1497
4995
2341
3146
8753
966
3680
591
770
8075
5149
2369
1683
14682
1807
6936
2796
3845
4954
10634
2210
2657
1091
4419
9634
5817
553
51
1577
5498
763
10937
16
5796
1114
1932
6811
6351
5109
1790
5996
8866
13566
4801
2481
2052
4868
8399
1310
6570
5065
11687
7923
10774
2155
3574
7312
4392
375
8574
3054
4067
7436
3945
1368
3663
3149
8300
4296
8598
956
6544
10560
1642
5525
10619
7368
2010
3488
5376
1317
1371
4509
3771
8323
5124
3221
14417
5030
12096
1019
13376
1281
3537
2997
689
4996
722
3880
6379
3556
6559
2357
6210
5156
3369
558
4015
1167
3102
8604
2535
1490
11282
8930
5145
2293
1838
74
5314
3713
3540
6908
3382
8072
628
7160
4502
5189
6054
5976
4096
3062
12912
10423
3358
1691
6513
3569
3405
560
11026
1358
1513
526
670
416
4370
1369
3032
11908
7250
7476
4039
6490
6124
11232
4104
1472
7521
3014
5266
6443
3352
4886
7948
6429
656
7345
2157
4164
12910
7609
10446
1091
3316
7895
7261
490
3457
368
4611
7891
1520
11990
4054
8183
768
5213
3425
4342
2168
9493
5659
2314
1745
13271
7751
1298
9851
3019
8950
2905
950
3347
4972
11102
3113
9348
5884
8896
3625
9817
812
2935
4890
3301
6542
8225
4673
8862
3431
6746
2813
2804
8956
11005
9020
7450
1191
2204
3003
6698
10748
2230
2809
3930
275
1739
2986
6215
7952
2167
3989
2871
461
3738
6122
1919
6856
4734
4380
8051
19
2683
6851
5478
1415
768
4426
1597
7268
2550
13406
1335
6116
3539
4628
227
5327
794
4963
19251
4363
3184
6488
1879
5181
1438
436
4179
8378
9498
4100
6096
5783
9036
8517
2805
17413
4723
1728
6596
5716
1416
6095
6607
9415
6971
5794
1040
213
5155
976
15430
8399
5510
3706
2227
1217
5
1356
9106
5584
6241
4854
3863
10511
1565
7339
5600
5308
6570
7628
4440
3214
988
8688
8462
3990
3525
6717
4917
1097
2952
6716
10298
4737
5063
1568
8198
696
3279
1508
563
1510
10041
12255
5544
6186
8715
978
608
796
3132
5647
9097
3998
5646
3432
6845
8799
1178
113
10078
6411
1295
1239
1796
12572
4048
9643
1099
1077
4294
3406
13436
6368
15083
4262
5081
2540
1160
5764
1187
3795
6242
12084
10295
13165
4062
1562
3960
1427
6387
8291
2096
2523
3322
4514
4180
2334
221
4031
3062
3063
8538
10983
6605
125
10568
1199
8529
5671
653
589
1765
751
10138
1616
4147
4126
860
42
3529
3955
5948
6111
3820
9520
11862
240
10294
7573
5656
3766
8740
432
4239
10115
1254
8145
1351
11659
1376
1849
8097
5795
2540
7029
2326
4101
2299
11371
7807
2426
1575
6240
1493
4362
16746
388
2099
6532
179
6484
4072
6964
7848
1671
7325
6312
539
9317
3039
2041
10954
828
1975
6171
2256
8491
5629
4707
5166
2541
952
1864
10362
3773
864
3668
2212
7531
7617
4181
10690
599
1910
4967
2587
557
8313
15427
12908
2091
8285
17501
8431
496
3838
740
3857
13650
2583
7554
12369
5966
1494
6629
7583
268
2945
3105
10695
4173
333
10267
8414
11916
2866
3901
1702
1035
3589
1082
407
7559
5558
6583
11869
1891
8114
11711
4153
1173
154
2200
2427
1255
12987
7956
2079
550
4036
7601
7129
177
7486
4317
14082
1584
3918
12812
1612
2121
317
10351
9084
8476
6658
6076
3788
8585
2073
13306
3289
1662
4936
1880
2920
11410
7079
7839
6839
11340
4474
167
5336
2626
182
3415
5688
4164
1478
105
3337
6991
3670
7281
5317
12445
9236
10487
4164
3613
839
9190
5343
8445
8571
4701
8909
10007
147
4447
1548
7452
3135
8471
12260
1489
4444
7841
1211
4222
1943
5498
8985
4802
915
4154
9167
8026
7558
603
3637
4808
9562
5192
10345
3363
12224
2016
8988
11090
2247
1950
12491
6832
1798
8614
9725
8133
5807
12391
3945
696
2751
3559
4926
4843
517
32
5351
88
12844
2923
5141
12165
11851
154
9563
6570
1161
6349
7065
6015
3182
6569
4692
4305
1877
8223
11338
8958
4609
7955
7302
758
11813
12234
5812
3874
1354
720
4730
1332
2790
1751
667
4605
294
4111
10988
5344
9510
9610
3010
9588
7900
9480
4409
162
5764
272
1885
9816
11095
2709
4619
2315
3239
3613
5166
1095
13268
1369
6482
9999
8071
11155
11207
2388
13748
2332
3135
5125
11178
653
6928
2746
2458
6086
953
6576
199
1364
12365
2238
4669
5859
9838
4718
9859
12988
4670
5243
698
8304
7561
2423
11417
6908
3533
2028
3608
10466
1647
691
4662
1910
3466
10142
3710
4430
688
5457
964
1183
8536
3551
11040
1254
726
10481
6212
9014
2278
6461
4281
6427
7267
565
4586
6822
6730
2226
790
3239
1026
651
5388
108
1179
3049
6029
7418
2941
8134
476
2272
1801
1736
967
2485
7185
10681
6297
224
5484
8186
717
235
1058
2578
2823
3
8
2973
1422
67
223
2344
546
669
7141
8038
4127
1485
10646
993
7772
11459
1072
1222
3296
313
3783
6817
12455
4061
152
423
5280
3250
8614
7254
1256
7756
6362
5740
498
14274
6082
13959
3757
1646
892
1012
6551
8240
7372
9041
4917
6379
8555
1745
5811
2008
5328
6050
12527
111
3240
558
2924
10724
2063
2051
9738
7113
1707
2187
1076
3618
12976
6720
5785
6800
12127
6064
883
6337
2483
4751
69
3288
4112
35
2087
4093
9219
3120
10553
10925
931
10603
202
7949
2909
3858
7658
1449
1498
560
2909
2536
4950
1124
5862
6678
13225
6465
366
3326
376
5049
2840
371
523
4034
11290
1851
1415
5524
1383
6960
3424
2819
6822
3856
5928
5146
612
15375
5910
13569
337
658
9963
2411
8887
3839
1474
377
358
902
4231
13851
7201
2023
8790
14398
1175
10070
8396
9217
2328
5513
3418
110
4508
5216
7757
2935
4426
6009
576
1272
6343
1267
12267
8088
944
6642
203
732
4688
6710
6960
718
7391
2057
4541
6172
223
2148
4576
12368
3421
1466
2959
2666
8954
8616
2746
10036
9747
8608
7373
407
6036
162
4857
11668
4036
2482
7554
9773
275
9226
450
8321
2552
1177
9969
8833
544
8212
2472
339
12883
7096
8328
2312
13376
3140
3574
4716
5313
7622
8110
3998
4140
4736
1795
8063
1023
12198
14422
1094
1688
2316
2118
157
4190
7972
7790
4181
3198
3393
6303
3867
11593
11941
10089
7533
7206
10187
12421
3029
4342
2627
5718
1473
8867
53
11500
4608
5067
3915
1885
5104
7569
5782
4751
9476
4707
3730
9762
3608
11037
5272
4777
11624
2751
9839
6645
11564
9118
4
6908
2087
313
1529
2083
4257
13801
6548
10310
7239
6998
1327
5788
4583
226
3490
12932
1287
1357
403
5
5919
8737
3826
2206
1058
10317
2783
9840
3844
7051
3317
665
3473
224
653
3787
9236
6409
10965
4652
3673
6970
77
1068
3719
11959
9308
3689
2248
9731
68
5164
4930
6321
4434
13968
900
9922
8410
585
2751
1225
4752
11010
5943
7850
4706
11282
1950
4975
1744
4069
8109
6356
10333
6601
10074
20
10427
8328
310
8981
335
6981
10528
4112
1316
3942
4038
782
8601
3317
1465
7470
1797
4965
1358
7656
1686
195
1362
6174
3608
3199
3877
13854
8715
5467
836
9612
8271
562
5509
1064
5981
5508
3201
1022
3772
4068
2091
12512
19266
3441
4608
4578
6713
2666
9408
1865
328
3844
3069
5739
7118
4745
4239
1099
387
7662
10932
2917
3604
471
1052
1690
15303
2244
6263
7786
5329
4520
60
3316
604
247
778
1557
7540
7926
11159
4091
14080
7549
7301
389
1039
4354
9711
3109
7408
4110
8190
5849
4382
1585
5531
9801
754
16840
4410
10860
4012
8122
14594
11947
7993
853
6115
12293
10455
8136
7686
10596
12242
80
825
9420
1668
7585
6358
2574
6418
10329
7566
8268
4904
55
3306
1824
5261
6100
1866
1437
15302
8446
2277
2998
8830
14207
762
5077
5914
2709
3511
348
8799
321
126
5148
6010
10256
1137
5323
1768
5613
4340
3307
12110
5312
201
9057
12930
2387
15692
897
352
4381
3908
3911
7203
648
7327
6469
774
1648
5150
10546
2129
3976
7846
4630
13066
7154
4337
5754
2179
16063
6690
8655
6320
11468
2267
8865
1036
11424
7824
455
4492
7110
4045
9395
2055
3550
4023
12817
9617
10707
705
15456
6483
5253
5642
5673
5506
117
3085
12603
11380
9566
877
8024
4872
9908
5437
3061
11244
5498
14243
9283
4718
343
3012
3821
11089
4559
2980
3534
5011
6160
9178
69
2666
12189
1782
7592
639
1805
5621
6503
12482
589
1200
5830
1168
303
2495
1531
8198
4403
15618
1877
1443
3640
1287
241
6073
10334
8244
2649
5556
12889
8897
6167
12279
859
2458
2874
1072
5473
5251
4870
4305
653
3042
4419
6479
1041
1996
4316
2637
2241
13199
3335
418
183
5285
607
777
1146
9045
1391
6596
5462
1380
4752
6568
4149
1828
605
2355
14630
2768
3572
1578
4923
4464
3028
10133
9122
1792
12840
8997
647
10131
1915
488
598
7809
2254
8544
8325
1761
1068
7905
3636
1336
9569
15322
9928
3365
6338
9818
6974
4571
2631
15589
6113
9449
7494
709
3527
6125
1454
8629
8343
10959
12319
3647
17501
6947
482
1045
2174
13064
4413
14295
1105
8615
9427
1675
2107
12592
1017
13989
5439
7725
1791
10006
12566
6211
1343
2754
4375
10920
756
2636
2738
6968
1059
1743
11630
1949
11506
405
14001
1194
4040
3548
423
1104
9124
9845
3294
2812
2838
7165
6459
3499
6326
3025
1041
12
3196
14618
133
4322
5027
15741
872
5375
7850
4515
745
635
1461
4633
2518
5412
1994
1300
10900
481
3846
7729
1001
10903
4997
1963
169
147
3632
1937
4341
2969
380
18
3312
6385
3131
2765
6832
13577
6690
16277
8117
6183
10008
5380
5497
9553
8211
11461
4880
3716
8019
12677
3234
9305
13546
4878
2614
17999
7817
8792
11122
13451
5717
9836
703
5505
958
8337
7572
3334
947
943
8295
9209
13547
4556
12504
878
6969
409
1931
4866
296
630
1965
6378
773
7409
7054
3695
2335
3757
1716
8638
8967
6087
11673
9481
1259
3476
2414
4611
2322
4523
2906
10830
4286
11598
11815
9218
18642
4913
16316
8009
13418
12312
7067
6503
9257
248
12482
4091
4023
3885
851
6349
8509
7258
7100
796
557
597
830
922
11070
6068
12159
7672
11704
8198
640
2949
12469
11507
960
195
91
2643
10542
6062
6924
5717
9040
7617
16026
8713
8547
3934
2366
8213
8752
85
14
17074
4037
2908
5987
4711
7677
1080
1237
2163
3051
1694
8487
3441
1728
4595
6495
10243
304
462
2627
3466
463
9210
11066
3166
3056
1245
14595
7461
14067
8817
193
9649
1719
5187
4004
695
4267
6354
3951
3099
5287
7627
5904
12208
9961
14499
4340
3636
12613
6671
97
14510
6435
6640
9131
12012
6549
3275
6610
10222
230
5689
1629
920
12613
3077
10364
1649
85
903
8793
5016
762
6252
4560
5588
1384
2039
14019
4084
2058
12401
4665
12420
6245
1769
5368
3544
3313
1973
2613
5183
2604
2882
12063
571
10285
12969
406
308
1052
8698
8854
4407
9161
856
2352
10538
429
1557
3370
3247
15440
12343
3892
211
9737
1084
13480
2669
12786
9901
518
16372
602
15076
6496
10723
9220
2753
2251
3368
8284
1762
1155
8852
3578
13647
188
13468
1429
1093
374
12102
15629
4884
12505
367
3798
1442
7567
5825
2994
6369
1958
5
8615
4563
4534
13572
18946
8023
5553
3004
2514
12984
269
11461
7973
52
452
7908
4566
2839
7334
1179
83
2737
1783
5208
5301
7828
7762
1203
12771
8989
13203
77
2005
2787
754
2648
3363
5960
2823
8362
11
3156
2559
13058
1447
7593
13680
10842
3382
3809
7997
209
992
5877
14371
4563
6979
4133
4941
12628
16240
9395
2491
9317
11116
15441
3071
10869
9007
1790
2964
8827
6819
3266
2617
15281
4067
5705
245
3473
6270
2258
2898
6482
7409
11071
15064
6961
5850
3520
6733
2611
5194
4520
11972
4776
289
8328
6915
4464
4273
1944
4338
4266
5465
10594
8335
1587
1005
6456
1504
9196
7441
903
6983
499
14117
1425
908
2996
4822
11605
841
6280
219
11441
13605
8374
8709
5278
2813
5065
14704
1710
3949
999
1820
2970
10672
14009
6230
5702
959
15282
10123
4866
11862
10925
10205
5187
2166
10760
7418
8513
1473
8206
2025
6040
2807
2388
4699
7404
2618
2315
8040
10603
1982
19
2668
2360
6982
3074
5307
5670
12086
2471
12712
16978
4094
3513
15355
7359
6600
15981
2140
7564
6691
7359
13331
8709
1779
7431
9659
5666
9771
10260
10268
13861
2238
6338
4050
1141
10551
3594
4851
8489
6207
9546
10832
9251
1125
9156
8141
2451
1474
5427
7466
7891
11093
14959
13806
8004
345
5484
1501
2856
10780
5875
3961
11202
8864
4437
1062
14180
14965
1468
1088
13176
512
5680
14927
53
8241
6309
8192
4716
8126
4270
14850
556
967
14717
1374
8376
4995
329
13043
9513
3298
14319
14525
3300
7538
1571
12595
4708
873
8836
13771
9326
3204
5656
1840
512
2798
1261
11307
136
3358
16009
9460
2401
7632
2173
3876
13053
2400
2753
19945
3243
7432
5944
6614
9344
5095
10731
17152
961
1685
1159
5103
5861
2368
2418
7011
12230
17659
9501
301
16807
382
6075
9243
554
4197
13239
1045
157
1878
6787
4345
5683
3669
14539
7219
15042
14183
6558
2828
10568
3942
17063
4227
15996
10667
427
2067
6200
1612
9339
18431
9110
8619
18282
8017
1182
14326
5207
1451
7293
5126
7787
9692
8262
11044
3035
1294
3626
1656
1272
10190
11950
11376
2538
16646
2257
10936
16087
2954
5239
7533
3336
5999
14993
16446
12556
4619
17132
6579
11172
4705
9675
13687
3359
1984
6991
12983
17004
2976
9247
1260
973
3143
1633
8329
9382
8976
1087
15370
5212
5182
2078
4290
3168
3975
11813
2956
4651
616
15978
4230
6049
7408
10870
3733
12503
730
15935
7214
1009
7870
3273
10459
17751
6687
7570
12215
10548
5013
11945
4177
15185
9527
2766
1679
2978
7839
17428
10941
12050
4854
6810
3991
7894
4801
1756
252
3229
3363
10939
9342
3177
497
1892
2183
10394
7558
3873
2827
5485
4180
8751
4559
3853
5315
4616
2460
2295
11227
6205
1948
2182
12285
7660
6505
5465
4878
9886
6971
3347
4902
5091
3161
3979
3515
15082
16371
8612
1256
15226
1264
462
5504
3549
9114
11295
6156
2606
3144
12684
1360
1120
221
12204
14454
10575
9504
1168
5924
12635
9695
3365
8166
5616
2231
4937
7889
4690
6214
7747
3319
4529
13671
9840
3582
4692
4806
5001
444
12338
10157
7949
8567
791
10256
5594
13549
16899
163
9938
8912
7088
2625
5211
644
7408
269
7309
5057
6296
7415
3755
4829
9921
10747
1961
7664
3119
2811
11590
6316
6633
5704
6704
8028
7054
153
11886
2459
383
256
13324
4858
8885
8943
1336
17120
2621
4893
6015
3245
5415
6810
586
6955
2570
49
5100
12278
3411
957
9065
98
2642
14220
11447
3481
13066
1028
10286
4187
9866
2882
2933
213
11078
2080
3340
11642
16495
6951
18121
7298
883
241
13553
5648
10619
3267
4956
128
7385
929
1223
247
5124
16308
379
3063
981
1599
1407
3870
277
17581
363
451
3863
6871
4327
1112
4245
12479
2986
10032
4656
1016
5187
17074
4574
10948
7127
8726
7753
9209
12506
5509
5939
1769
11018
830
4810
6230
4903
9975
2171
1999
17066
1019
5472
1217
12318
12056
12735
2454
8499
10306
1243
9100
5816
1782
6990
16953
446
9251
6048
178
3054
8239
3558
5347
5064
3811
2616
8076
18101
10541
751
2516
11120
17112
12618
15544
2982
13337
12514
3104
3005
1035
3939
2192
2607
564
4557
6759
13288
14636
10772
339
5457
6321
13082
2055
7515
11689
12599
5312
587
5250
10801
3343
476
2072
2410
10022
2129
5596
788
7952
250
9174
12576
7060
10161
2986
12433
6313
7128
6991
4646
648
2340
11481
16874
3242
16350
17545
6197
9752
1431
8641
8615
4282
15180
1750
7935
3577
4336
15599
10291
8763
7932
1351
5742
2891
7781
4253
9658
1357
7714
405
6197
13179
15084
13244
1653
645
2016
6770
2616
13394
3687
7069
4695
12207
8374
12920
1080
3279
3341
8774
3112
2280
5491
100
5057
3837
556
6854
833
2166
14207
3807
7357
76
3707
13213
19496
6015
97
2185
11996
1777
4800
7185
86
5643
315
14341
1083
13351
10538
11914
20392
1273
2636
3255
22093
6745
785
3962
5899
4059
4020
10809
12527
9605
3398
3668
7400
891
7906
296
4895
5538
1306
2697
2017
3761
16127
7530
8501
3116
9942
12478
4146
1905
6249
9739
665
5225
4911
1500
199
10720
1223
10722
13693
2366
1922
11143
2819
1163
1876
5011
2796
15748
4532
1572
1664
5280
15483
10211
5058
4778
1036
5984
532
1805
6303
195
2108
5702
8394
4107
13701
12950
434
7365
11093
5361
3158
4612
2631
4928
15088
24
9848
1450
248
47
6365
14522
9661
7248
13525
1372
741
274
1626
718
3871
12591
14835
14120
405
17118
3138
109
11379
4316
6223
1203
400
9525
8178
13281
9738
2042
11368
11528
12029
48
3456
8546
5643
9662
179
7082
12066
3450
6226
2997
922
1037
3794
2150
5590
1211
4267
13474
4339
1070
12022
3548
15998
13547
11072
10629
435
6021
1459
5655
7598
2390
5717
6920
15774
5933
11941
6613
7097
14360
2113
6497
18532
8071
11791
3933
110
13859
14885
6751
13799
12709
844
3268
1360
4650
10889
16127
10716
904
5950
6523
3557
3737
8498
4337
9848
5235
5420
2636
882
16458
7674
9399
7133
5282
10449
10371
6816
17330
4166
19209
3309
3968
16774
3315
302
13832
2109
23575
10721
8942
6960
8262
3533
1851
11027
12603
3408
4337
9545
2221
17506
11154
3563
57
10214
11706
8518
4096
6528
5096
3302
11224
14332
2328
3766
1599
129
4381
11509
1132
919
17027
585
11339
19576
1860
16742
785
8157
4974
8965
13035
16321
1592
1311
4483
12300
6743
6615
3403
5255
2
5248
7846
16210
1741
8006
10033
3108
2761
2604
6915
2389
3854
14077
7946
11283
11817
18526
15186
10524
4908
14965
9137
7830
6026
6465
16461
3149
145
4061
2
13207
17145
1753
5610
4105
14522
8602
6794
6475
17848
10488
15859
3186
6009
2076
4554
14859
1699
2297
9789
9786
10719
3552
8536
15020
3304
7609
6190
471
3490
5749
8376
13860
7183
3335
15788
6688
5532
13577
148
1489
4118
17624
1517
2906
17845
21976
2075
7520
9350
6158
6980
10931
11722
7357
15431
3799
4223
9357
1272
945
2232
2593
1186
4718
7670
15155
9918
10832
748
510
7585
1147
3570
19703
5807
19292
6386
3471
4964
1199
4210
13709
945
1846
12419
18170
1083
15163
2183
594
9361
23
2553
17066
18909
3095
11066
9541
2817
1915
1693
15265
9637
6475
14244
596
6381
2118
15798
2788
9592
1365
1526
8781
12343
6547
837
9731
1925
1680
13249
4558
13726
12723
14759
10884
8115
14374
11452
4105
3309
3925
14996
2479
11399
14395
8134
8554
4726
13530
5059
5438
3889
1151
3105
2951
6501
9126
12026
3463
8083
2549
5169
7016
17081
5800
6958
6501
11642
16120
1984
3380
718
8111
4931
4534
9019
3778
5974
16772
9422
11992
13901
2341
5420
5846
12029
15066
10456
209
10358
12100
415
2452
11113
1314
7651
12515
6720
336
5664
235
8665
8788
2926
13863
4232
7129
3691
10228
7014
28
4370
11995
12763
9803
8638
983
15301
244
3057
10198
8813
4295
6590
6182
8370
14380
10894
1358
13805
1135
15305
14234
3879
6595
139
14923
12196
4853
12432
332
1625
1782
1895
9743
2706
10723
2796
19855
13933
15801
1549
3054
12368
11494
960
12277
16337
11023
2291
8439
7041
14745
3975
6671
2179
10471
12731
7014
4145
14718
3365
8174
2798
7834
1816
4913
12165
16659
879
6850
3292
10324
8151
14837
819
1815
3186
993
2373
5617
5557
7624
14415
17048
5898
2758
12267
2912
8708
4007
2554
3413
1245
1947
11351
5548
7622
3746
8309
14451
2846
5220
7839
5447
13931
5741
5538
13042
4223
9052
5926
11705
16198
8320
14003
13235
4755
10981
2700
9443
4404
7834
8027
1944
21093
11
10364
2758
644
248
11082
4715
18554
6469
1173
2646
2319
160
2493
9157
2298
10914
4226
12284
11452
3486
742
17887
15776
1990
11643
1496
7519
4677
7539
10297
12096
4588
1843
11170
15389
6525
3368
727
14601
2786
2619
379
18370
6579
10180
12926
3639
2327
263
11896
6413
2435
8431
2070
19438
4808
42
3356
12363
1319
3399
16288
32
5484
9836
7756
1551
3557
867
434
8524
15667
4732
6059
13246
3276
12157
7250
7489
13462
5420
2562
137
6908
5772
3008
12298
3377
15234
2213
4089
12459
213
13068
15311
4446
2489
2773
6445
15298
12121
5146
581
14479
11994
1971
20397
8838
13754
4794
1024
10806
10529
12426
10942
5587
11933
6043
12483
8055
16825
2607
2107
7363
1829
5138
2035
13642
17974
225
10648
396
16952
8327
3874
12156
4255
14261
17724
546
2087
4138
624
10200
3510
9842
12564
7731
11082
14079
2105
7
17063
1215
6450
15911
7412
2762
4788
2412
2846
7171
8763
4668
9408
2078
4728
6673
6381
4904
4332
11528
10161
1841
262
8406
12720
2804
11476
17323
9136
5978
5317
1761
6740
255
1644
6052
5811
8792
15049
6771
18804
2763
6358
13162
2501
12792
733
10274
622
2302
4399
7001
6990
6300
5626
6912
1595
1589
15521
9196
4917
2262
9227
18780
7076
17092
9508
148
11823
13776
20308
7670
2238
8969
5534
697
13250
7591
18182
5517
8723
1842
11311
6853
16961
2333
5220
2239
2865
11848
16020
1859
10284
305
1512
2177
15470
3083
14149
799
6559
3661
3962
14426
10729
5835
10071
840
10074
4369
7823
1216
742
6259
2105
5533
3271
13243
603
5102
3309
9962
663
5515
12011
4432
13556
3115
17746
4096
2716
4736
12848
4784
6172
4252
2887
14919
13611
17360
3206
12412
1506
3790
3949
5484
439
1792
3174
5827
10802
10288
676
1252
6412
17922
2754
261
5818
8869
42
2732
1646
1635
2139
9928
6120
7657
1381
1284
2097
2878
2819
14212
7051
19257
7968
2377
9154
13122
2473
369
1275
1643
7067
17662
15324
6883
1193
1415
14347
4776
4748
6678
2118
1756
19889
708
1596
12049
17033
2301
11646
5677
1981
1275
20370
13438
8601
364
4809
2334
10799
13231
11576
7677
10974
7895
8234
4768
6934
7843
13472
14763
15658
14812
9865
88
17461
7860
17327
1182
2184
134
17025
4608
4179
2817
5867
6688
12313
923
15102
8715
1518
4490
1408
6305
632
1230
5715
11226
16961
18037
2984
11597
9371
11577
9310
4925
492
6382
1625
6294
9066
9160
14382
14339
17245
4802
6076
16473
764
21965
350
10425
4313
4032
2815
2494
6655
13947
7256
4320
1043
3463
4405
6157
218
18508
2141
8236
2060
8576
487
11799
6497
4902
11063
13259
8983
1819
8377
700
2784
17477
768
12864
7222
9100
11365
4426
620
4859
7352
6501
9414
476
1953
4495
1772
2172
3642
9022
4523
14573
16117
8947
9985
16412
14415
3202
933
4334
9082
13051
9919
7478
1462
6823
7807
6034
1467
13480
19438
9187
5181
2749
11343
15254
14253
10319
8106
1857
8443
3899
14067
6073
2189
6223
814
5915
4170
4397
7520
1996
799
14454
7993
14
4601
18521
14701
6967
5166
10079
15202
362
115
9270
12412
1969
8181
11459
16971
6159
13195
19407
1680
8484
12894
3568
2644
4076
5820
13604
3491
1073
404
9252
12371
3868
2874
13021
16525
17151
5524
9301
263
13027
6204
1784
2702
8945
10468
7075
11041
13396
12990
3402
7896
17954
8171
14038
2980
10918
10090
258
6027
8955
8447
3646
13482
9379
9482
8844
1074
6343
8993
16022
3874
4633
5488
13652
4749
7855
13381
11289
12047
2680
11332
15442
8965
14682
3641
7575
3375
1901
14951
22474
16313
4054
14650
5581
10304
10687
3150
528
690
1186
7781
213
303
2744
13197
507
9563
10979
13413
1367
9160
4898
4210
145
6177
2022
5056
8159
13716
6737
7981
2119
5699
383
15884
4117
5371
11991
1943
3102
3878
20010
5159
19211
14853
5222
6443
1470
1470
2593
14030
5605
16559
6751
10823
232
3242
4424
15572
19730
8515
9190
12501
9021
9479
751
15670
7349
18859
6600
10216
6904
465
4083
10557
469
7877
5305
11074
3260
2097
10038
18822
16409
4247
6700
11304
3692
5174
5539
729
10518
3873
9578
12952
3575
17294
725
19776
279
4146
19299
3970
4503
14193
12351
2206
3872
13263
16782
14729
12646
11528
15712
8311
731
17242
14525
8769
5835
7875
16540
2458
2943
18912
4647
3640
3849
5682
16611
13932
762
1610
1158
17401
9954
12126
7216
15253
1056
5905
6482
11543
15371
251
2726
1516
5466
5456
8538
10455
4652
11867
5534
5354
2099
1146
7176
124
18628
6468
4132
3841
9868
5438
5311
3070
5142
11694
7543
16861
8311
225
12100
14846
4309
12703
5622
15122
6405
10717
276
15339
18065
7987
848
7293
11756
9811
5350
8240
19022
5779
10512
11634
19005
5632
11056
7930
4707
1618
9667
5684
5067
15943
4860
7209
1303
1448
14240
6905
10051
14915
1368
2824
13977
6161
5028
5146
12164
18443
326
11053
410
11903
11532
3339
16320
15860
10197
863
4116
4986
2426
4130
6
103
577
10552
5586
9198
10149
16597
14381
862
6064
10724
12238
5253
4068
592
18857
16396
5182
12284
16408
3884
4191
12927
4754
8189
15335
599
7713
9907
343
10807
14355
19540
174
4894
15757
7109
736
4924
15432
18747
14543
3432
16823
7393
9274
8839
14107
2987
5901
5747
13804
20717
2041
1856
44
3963
14230
11217
1709
17173
14934
3840
5839
7311
431
12469
2272
7573
1970
7635
8983
12819
5557
13661
5886
8093
9304
5772
12834
15404
11004
13810
3857
4003
3273
14817
17476
5787
88
12513
333
2639
3475
18024
8563
1317
19551
13059
635
20244
2193
20295
21626
8955
4812
470
429
3031
8277
342
6064
3600
7258
17140
14296
13355
11920
14332
1993
8411
3927
11021
14855
497
4018
1643
3376
9129
3371
11
10283
12000
4570
3172
11893
14136
310
686
9107
383
3208
13507
3212
1837
9383
1047
6893
7634
6178
18311
126
2337
962
15394
15547
6346
7387
4062
10196
9724
1680
14686
2189
7474
1715
6521
7605
6049
4574
11281
1530
6183
2845
13629
828
14403
10548
3080
1706
11210
6158
1251
6251
7940
1053
4793
16873
6712
8491
15675
11686
7254
14191
4938
1448
16145
19009
8260
11809
5176
9137
269
4672
11427
3086
4544
7145
6854
17654
14174
8727
2598
1411
7174
13460
1611
2130
251
19
119
3385
5445
4511
4728
1253
3530
3908
17969
5598
4891
4267
1688
1191
19450
10452
2183
5049
17927
12038
15055
8138
4508
3365
14607
17378
3872
11983
633
8207
4895
1170
9231
8148
13354
13164
39
6335
17397
1996
8937
9003
3734
17207
1869
4
11179
4765
7872
2765
10578
8320
7493
12164
9134
831
1635
76
1790
7074
4148
10398
2676
5877
4523
6090
15868
17128
8962
17627
1206
1264
17541
6329
1916
703
17784
3106
5037
11925
7975
13003
18535
11011
15107
13837
2231
12529
8806
1835
19344
1107
9959
7943
5592
4504
1922
1325
3950
5824
9540
5049
1739
11196
4092
14492
229
6056
13859
7853
2425
9178
6784
15863
898
5302
3966
11383
5529
12334
15812
5344
15909
19434
9326
10187
1078
15240
261
5255
4143
1635
4998
543
8230
10179
372
4203
15597
8388
5761
4023
2157
4498
374
3436
7312
19017
8058
5340
2576
16638
4189
13445
15619
4080
10308
291
10320
7191
191
12982
593
2214
1602
12983
1514
1099
6776
4537
8644
17327
4240
733
4034
1726
6187
8854
2603
4987
4435
10238
793
603
2879
2120
4565
12640
7965
2688
5341
16406
6248
3560
442
10197
5566
3071
11718
12751
13628
13314
380
3326
10379
18560
5212
15890
8889
19231
1868
6964
14652
4983
3950
11986
9780
3523
14521
1805
1053
6147
7013
1255
4464
4255
6620
3270
400
10640
5362
384
1664
7106
14788
8794
8506
316
8755
18884
2768
9640
8181
5627
4337
1931
1337
14401
15826
13566
7905
17072
2799
5279
3999
7187
22304
7263
10696
2585
17337
15956
2328
11440
1829
6374
462
18532
5227
9965
12880
13343
3130
2280
7243
1738
11020
10793
15385
3037
2361
6108
3756
2676
337
3021
20961
23006
653
4828
13813
3854
8073
22842
5884
2830
13317
6586
17162
5865
11194
10905
8020
10856
659
4761
5354
12840
8417
13264
9411
20103
20692
17494
3861
4581
4803
18434
8008
8394
3658
5377
16092
14873
19450
2262
14112
14934
5485
8289
14265
3911
10192
6785
6040
14577
16765
4207
2730
356
18759
3555
13126
1223
15166
19177
3369
2881
11257
6532
6629
12404
5895
11179
2172
10913
7169
1362
5006
3778
11058
6423
7685
7288
6983
15048
11824
6318
18770
2699
5361
5630
374
8067
11113
12666
1459
15026
13324
441
7028
4729
11064
7315
11994
9009
8729
6972
9186
4021
4031
5133
1685
3275
7942
15263
10349
4
12306
18352
2631
1505
256
3778
98
796
17596
12846
14110
16482
337
12356
802
9817
6913
15786
588
12319
3771
4218
4920
10708
8988
2611
7437
4317
3228
15601
6024
9924
17307
9961
10024
4217
6535
9232
311
5795
5762
12383
232
1291
20036
19354
10475
6167
6823
8594
3055
5167
6470
758
1156
10707
2589
2137
766
9041
557
1055
9016
7441
9970
5490
16497
20755
5157
2133
5252
6267
1842
5681
8487
3727
9626
2798
17134
13690
441
4019
2376
16444
11314
274
15611
11211
12610
14499
974
11528
10045
2186
8931
5391
901
14417
9010
1752
8990
6696
17624
7405
3702
7718
9272
8250
6421
7976
58
12111
20201
501
6989
3368
7509
8223
11743
4115
16439
106
3901
13544
531
5674
21449
9047
1639
702
1293
9094
3597
8251
5411
12088
2596
3764
642
7915
15430
13408
10585
1683
20860
5515
1701
16993
15818
7542
556
3814
4254
4473
7892
1302
1912
16318
15599
12022
18873
2905
12781
7085
18392
12331
15636
2099
2510
8782
443
3963
454
15795
893
3951
15767
3583
2393
3091
16795
19814
605
15454
6575
8155
3078
3639
6082
1551
15718
3484
17611
1679
13965
1028
140
474
3468
9899
10222
1484
2350
11764
12762
10113
18906
19698
2595
10762
9864
2878
1955
8576
14047
16947
20505
928
1827
9609
691
1416
20105
21366
86
1405
13534
20503
4189
3126
8218
3232
5852
1450
470
6938
12800
25154
6732
2028
20341
2067
14964
2868
16928
22410
5314
9949
7996
4832
15364
16269
11395
2301
9928
3461
3646
12317
207
16222
765
11130
544
529
9195
5497
50
953
6034
1725
319
20727
6040
13012
10241
13534
1301
11419
6286
21313
3473
775
13619
1472
2198
14340
4864
13973
3259
10713
7109
9426
11162
2357
11858
3984
8972
883
5707
1623
11768
8120
11188
4212
7898
11175
4270
1936
14906
2924
3010
6090
7297
9298
11862
20745
8583
6736
420
3775
1608
1996
13020
13852
2370
1947
4833
3627
13647
4596
6262
3312
13955
5377
1870
19336
22329
1316
9412
3400
5595
4687
20444
3640
7117
14504
4535
22884
12099
4429
6578
6425
5290
630
2016
3365
17029
5727
2237
8958
13231
23178
1085
6613
4099
5230
2962
10225
2958
11613
4803
5533
9450
11218
18208
8451
10707
2433
5992
1850
1096
774
2411
1570
14879
20790
13524
3538
4186
22567
5947
3420
10720
121
15949
11149
14434
12823
9924
423
2725
7319
8382
20757
13638
9417
10691
9480
1498
5655
20618
14620
4225
17452
16712
9138
655
8330
8940
11290
15911
5722
1621
16358
12115
5271
9249
8126
20950
17540
8476
12276
5494
18221
1966
12042
7534
15794
18927
74
3342
94
5433
5004
5163
4127
7908
2273
4756
11761
3682
142
1832
3939
6780
19487
1789
5534
4751
13629
1899
3126
14063
18025
18903
3271
11522
2933
20142
4833
1462
507
6393
3384
1301
5911
13641
2572
18667
974
13606
15060
9121
6384
6900
6989
607
7003
19601
15197
12816
1092
14697
3109
9895
15364
9653
2305
3364
12868
775
6858
2427
6333
1197
2247
13893
2949
5412
23144
20446
5029
8321
1125
16512
15170
8989
1173
12218
3002
4290
14771
15275
2172
18424
652
427
6812
13693
6272
11847
6336
17977
281
4288
330
6609
10834
8820
14629
2863
725
3315
4708
1666
2966
4460
9875
10704
144
3461
4706
1005
17193
13741
1653
11357
6567
15622
11834
15908
14177
7162
11247
11925
13886
4523
8480
2823
3866
11624
5981
12472
8025
3729
7721
669
2516
19942
13986
532
5557
5866
3288
3053
1473
8334
385
4076
15750
6946
14436
710
7984
3615
7276
3858
9034
4412
349
10515
1157
9417
3157
20642
5830
17706
118
15542
232
4570
14560
5290
11810
598
19615
22743
12826
5533
1261
3263
294
8231
6239
4301
6390
65
19022
12168
4139
20448
21975
4193
6382
6929
1367
3109
15636
8914
8840
7129
13944
6358
10173
16729
5303
2691
127
4229
8449
8988
6167
5544
12324
2714
8324
9789
4213
7405
8236
21267
2373
6309
8275
11561
4709
11728
18413
9257
6063
5151
7347
3005
6190
14981
474
1427
1341
6659
2706
9622
2235
11470
16791
8773
1411
5981
6487
7919
1808
15580
15183
5261
10590
5583
78
9665
4054
4814
14632
12831
20059
9800
15615
14977
960
8654
282
99
16906
1271
8527
38
9439
8138
20390
4593
1892
4341
2618
1673
1189
17786
7495
15458
714
531
212
13030
9278
9208
2361
7691
12686
10143
2011
7182
2253
8460
5256
11911
2619
6753
17332
2617
1615
12579
7736
13529
2063
1944
13164
15896
2275
665
7058
7653
10075
22519
5710
753
16320
8563
23191
3914
22737
20589
18598
9111
5483
5573
16202
4955
2202
1508
12820
18248
19884
14234
6612
9633
2403
14043
2717
18281
8752
6906
4782
6024
16213
3702
761
14821
1951
108
18694
19050
6042
4239
19708
10076
474
3247
13485
4468
3990
3065
3677
13138
16653
12636
12719
656
10350
6245
3846
12319
2505
2045
4562
1487
18252
1676
9082
1040
17726
690
5947
135
6629
20557
18513
306
5687
15326
16244
9348
1134
10566
11818
2468
3182
15702
11453
12662
74
220
11415
4177
7123
15991
3683
2434
10099
942
2189
14281
16520
12586
9270
9528
723
9378
4768
7411
9958
334
15714
20711
13734
8699
2241
19341
18061
1158
17979
7920
22184
9915
5109
1141
2581
13606
14150
14577
14027
10220
5821
9203
6585
7775
5496
4998
661
7449
1498
88
4300
771
3568
23035
232
6079
550
716
10328
2494
9777
14352
19131
11088
6397
1406
2784
57
13054
1712
3995
13987
13420
3796
17043
20490
10978
10072
5303
4584
12013
1805
12756
973
1560
1913
5755
718
12789
19233
3168
2919
6022
22845
14389
11600
9284
11055
1967
338
8582
3729
17248
8476
3613
5452
17147
819
13652
14547
1525
4057
15349
4578
4248
173
5943
16975
1100
5111
15852
3955
14669
14546
2227
1703
12959
19391
4913
1172
14
9351
3744
739
585
5649
9413
15243
1031
21102
1827
6579
2142
21477
18149
16057
8051
5802
12211
1070
17127
9383
1102
5702
6341
8552
9786
2258
17795
20759
17734
6838
9127
11884
17103
18519
7826
9347
1859
11335
3853
1627
7263
1422
21341
4422
6683
9885
18271
22359
5098
11880
9058
2987
2054
1005
3165
5415
1036
14163
15342
12811
6980
615
1718
656
7348
14762
940
15678
7008
961
11197
13224
4805
1006
11584
5192
2326
20983
6545
16076
1305
13567
9001
11168
5202
6828
18761
13640
5947
9489
9566
5131
2054
611
14658
7501
9776
101
1709
4144
12099
12217
4945
1517
13900
10938
3409
1089
9447
18889
817
3020
6857
7993
8017
12557
15906
7304
9447
1406
22125
10527
953
12195
20452
3241
10756
11864
7064
7481
3815
3779
4406
552
2828
3848
7091
5952
966
15472
842
6975
5197
13130
11538
6336
6606
18356
1648
2644
4141
3746
2454
836
3755
8022
18690
11265
4972
3440
3091
15021
10594
20090
1092
19282
3598
2711
5356
6327
3823
15213
687
3758
20261
12783
10937
5021
20612
741
1420
3851
5922
11555
1766
8
8964
6245
5873
857
0
8404
15112
10655
7153
2619
7994
8401
5713
4335
2833
9418
14796
2406
12240
1284
5169
12062
19506
7985
9574
19059
13019
14179
5001
4834
11269
21890
8137
10038
5055
9909
6920
2398
1429
6737
11070
4841
10284
2490
11977
3879
13444
17337
10481
4737
6781
18268
13312
1963
15358
5312
7461
15319
387
13594
2358
1234
9861
5659
4606
6500
2533
23975
8438
374
5357
14568
12792
1744
1665
21391
1409
7522
13627
6083
2245
6604
6671
4676
15143
12173
8957
18744
3739
9783
4675
313
1792
3456
1602
5544
1666
6881
2340
23495
18808
7028
8294
6227
5517
9316
6672
1146
4297
13719
13336
1668
529
5261
12682
700
15539
8700
8096
9789
10229
21502
18449
17383
23251
5915
23455
11252
14240
15654
3611
226
5623
1760
15327
6428
13684
1731
7145
5723
8194
13607
668
15032
1624
6025
13518
6053
11084
1104
326
4131
1937
3104
6579
14762
2212
14970
3880
1433
23699
9842
18727
805
586
3639
2430
8960
15680
5363
19563
24339
7934
1426
11210
8351
112
4662
4865
516
9485
1672
2811
9735
3829
19157
8170
14051
17857
4062
4959
4515
7013
3395
12536
18312
13981
8578
19608
8667
9102
14383
4766
7106
6280
5535
14569
4370
10032
3697
23223
10280
15576
5439
13502
5255
20419
378
11198
16119
362
24345
4555
17566
21873
34
10469
21142
3240
6591
349
20584
12568
5714
13168
339
45
17140
3071
2355
3999
18769
3085
6668
159
3927
4077
3941
22289
22014
7839
1644
4387
9638
12866
14142
15474
1130
15987
9161
6063
8005
22434
20660
1723
4390
3743
2650
2730
8408
3070
16310
14123
4309
19429
4940
6618
941
19831
10068
1410
23080
4420
11323
5199
17149
5265
10003
1320
13561
10832
6936
12051
11192
737
21708
351
93
20906
12392
15477
6711
6329
395
19918
21714
18917
2869
2599
4065
735
20840
528
3859
15064
4588
13080
2639
16681
1873
4652
14007
10989
3808
5492
11895
7732
3603
5176
8269
16454
8759
6783
1698
12795
8817
9075
10527
4578
7570
12982
8081
525
212
8564
155
14689
5917
13453
11524
5475
4661
6513
7483
4682
11046
22563
4828
5794
22666
12278
7446
6083
2002
15283
20661
10817
18749
11858
15673
7132
16216
15237
1078
6756
16188
9715
3316
6779
5194
1393
3396
11174
10923
14714
5883
15730
3064
20049
5091
19626
20364
9945
23684
12754
4661
2857
13447
4554
5835
6618
2971
247
17979
93
4678
20911
11609
9077
4830
2818
2343
11417
18469
16492
5933
9157
10365
4479
1886
8432
1433
361
8811
2776
1633
21134
11461
7336
2170
11125
12075
19708
2924
15539
10312
708
7059
20243
4762
5979
13944
9842
4143
16167
167
14229
15442
2125
17992
8426
13822
10531
762
1146
2713
7718
922
7251
5565
1068
18582
6289
7812
9086
8024
4762
10264
11459
18973
8913
5633
6420
6392
12154
1216
2452
3416
5585
7503
6531
2536
16737
9720
1277
5673
914
7954
7063
19092
1079
2783
6627
3747
21807
14085
4061
12536
19522
18756
5970
17247
1201
12901
18099
20939
7349
18745
18607
9820
16247
4107
17102
5731
12408
5154
5019
22240
10118
3190
16493
1171
10078
2336
5089
6649
2764
5417
2001
23575
8743
3349
10494
7126
13009
851
15059
9997
3948
1380
3244
10356
1432
17213
11321
20210
798
11082
19660
9652
2107
4606
5772
13480
3086
18089
16817
6553
16334
4393
6563
4532
15681
7290
16492
514
347
8656
1277
715
5465
14489
12033
8150
10385
10781
821
474
17970
13513
16515
15606
4621
10342
130
15117
11590
3374
19580
12705
8710
14036
6427
11664
6880
4248
7370
18516
2376
14915
4342
483
22138
8245
18303
15199
4166
14634
7656
9864
4923
12470
15417
12568
11171
6307
6311
5366
759
22520
6411
769
3069
3673
1744
2057
3587
1532
12612
1322
10147
9317
10316
5945
10541
3805
3850
343
7365
586
11798
14376
15905
1922
12141
9401
2760
5386
6942
19
14018
1365
16062
7068
182
2673
18635
7500
5053
14932
11495
4232
54
12302
3832
4845
3192
6651
514
16325
9845
2988
18890
16316
5822
10998
18326
13718
4085
4217
7667
6927
19449
1759
13022
21061
8297
412
8910
21906
12259
11291
2868
13292
12257
19878
4789
12103
1622
9172
17034
14188
3928
9184
19741
4100
936
1487
7423
7453
6623
1154
10037
10284
8331
3345
13103
9244
14209
2329
24179
8463
6234
3818
3982
1626
4101
26556
8069
11231
1981
17303
7163
1330
9579
13278
13286
17735
803
443
16769
8743
8372
6047
15467
21905
13088
7905
15345
11661
15488
2423
18108
7863
16984
1730
18079
11415
6955
6339
12664
22478
12772
4992
2870
21484
2747
15136
894
13013
10378
6620
13905
20681
5738
3299
562
5204
1965
9410
7051
19347
9181
1574
8455
23906
6369
14825
831
4084
9209
6932
3069
13558
14745
1766
4544
16104
21347
7721
16442
5087
2112
24380
10694
9241
4523
4253
90
2035
21871
5969
9853
13665
7744
10033
11373
12303
682
84
10819
15070
16617
16866
6030
12177
7801
17551
5248
24056
2226
18767
20716
780
8543
5973
11387
8283
20923
21277
3338
17235
138
18539
10117
3118
16020
3765
15382
9257
15985
2098
12062
13922
9566
19209
6424
15141
20995
2
5653
6833
502
4569
18705
11526
10520
17596
1805
10857
3911
9137
2819
14619
12111
1510
11098
3289
6398
2715
5535
265
9314
87
24130
3625
18022
1493
12711
23882
2246
4551
21072
9
1652
6947
20469
4739
18023
8903
1650
13146
4529
21897
15741
4877
12349
15249
11568
21912
10198
7589
2252
3017
20660
22172
8251
1290
5037
16828
2280
21924
3310
8442
3430
8889
443
600
428
5642
7013
2500
16004
16
5209
1297
8175
18871
17314
2919
14181
20437
9474
3703
7978
8529
1408
16366
20699
13888
1727
900
16708
8475
2182
7061
5629
2051
1844
11600
730
13625
12342
6004
14186
1178
3177
5450
16398
18600
9992
11047
1782
8975
3453
7262
24247
6207
13112
3161
16710
7915
8675
249
4639
16619
4246
6428
18275
6513
8692
10232
16337
20975
24833
18791
10887
22210
16955
19888
3757
7413
21003
15012
14410
4092
10365
15829
10587
2180
6617
10994
3393
2094
8725
10131
5097
4979
4639
16416
8518
10176
941
8363
12261
1104
2873
1287
1123
7949
6768
7206
11576
3076
8855
5825
11307
20007
9514
9280
11161
7197
16046
7523
2500
13466
16881
7622
16579
8001
15695
5859
107
8073
10823
14635
2031
5166
7112
1118
1579
3647
8575
17152
13842
5159
5866
547
1766
14885
11386
1491
13482
10504
18441
16268
3719
16100
652
923
1551
13413
14576
9635
9016
3260
6105
21731
18836
5408
17653
19499
11560
19307
11097
3219
2332
12406
11293
7105
10321
15426
10063
9288
11750
20568
11550
5484
21747
17017
16559
12055
5050
8002
3998
24499
12421
931
14207
350
12001
172
7678
5044
6227
9902
12756
3284
21325
23100
17741
21504
1663
3171
5884
11448
7940
5458
10436
4257
16493
19618
13744
12395
4591
22569
4627
2615
14058
3266
8894
14602
8296
5173
8388
12050
5041
2282
12903
22292
23724
8397
976
112
3217
4043
4808
8235
1961
4558
20829
18772
7647
34
8097
14825
15593
2530
11631
1804
23458
8838
9119
20707
1448
9298
7287
4892
2878
3304
8374
10793
23492
535
863
11479
5240
966
1528
4253
5189
8268
21334
17066
3001
14297
7041
10224
19377
4087
11703
1828
9910
7672
11657
7776
12196
17435
2927
915
4779
2144
5909
6615
8015
12503
1838
7510
1485
2971
13450
12019
15495
10489
16021
19766
13814
840
12390
9525
10472
54
2030
11959
9024
9816
8946
1840
9140
6861
21541
26367
24380
1961
566
20912
19912
3857
752
3530
14526
9540
11965
542
1720
2897
9220
992
14864
4718
3121
4123
2056
27941
27137
11283
4636
6569
8700
7953
21920
7991
23198
756
14903
3963
7983
122
1770
21657
26860
789
280
13466
6229
3890
3358
3296
14610
12775
4653
10526
1082
22617
900
10696
1349
9485
5965
6005
14857
15320
13371
18669
555
10428
345
3574
6362
15537
3026
728
1753
12413
9570
7231
5821
3002
20908
1096
8108
7692
2082
938
1570
7587
10605
18845
1439
1401
15983
20747
10645
11960
6509
6216
23926
21948
9827
6947
12747
9757
14115
19083
13112
1113
3588
192
3860
6222
10556
1233
16995
14713
8927
19578
3381
19250
14546
12940
3993
10245
10042
7293
2483
16206
18934
8544
4989
4290
10860
3802
1702
2570
22502
9543
16017
16522
3710
11927
3944
4544
254
7986
15264
10260
4152
26115
16664
1714
16417
6246
1192
187
6802
11524
12853
2588
1120
11592
1603
23871
13731
1955
25173
6272
9832
5904
64
4491
13104
632
418
17056
4398
3734
2048
1889
17920
1743
8605
5625
25596
21020
3049
2182
2094
1652
14337
25849
8239
20848
6226
6052
8429
218
15632
624
24701
15597
14279
16213
12153
3053
6070
19414
10966
4854
2075
3130
5237
14239
17045
2982
20013
22419
5478
9752
7847
15255
6127
5977
12975
14394
18183
17641
12385
1806
10
4012
10560
11210
15748
10990
22596
19209
22051
2497
3891
21447
2389
4848
14680
3123
11762
9575
4304
234
2756
3219
228
6624
6263
2846
22975
717
4146
11794
9954
12273
4388
1918
11372
16050
626
19218
16427
2064
18371
12159
14081
1951
8504
1895
22121
6546
10255
17180
285
2845
9670
13766
6696
6545
1749
5781
17157
2776
21305
9808
5416
1312
18124
3917
2017
5649
1226
1001
1645
11994
7570
5394
4260
11069
26525
250
11948
5204
4318
7327
621
17815
21413
7173
8089
8569
16121
24498
10490
5279
7930
870
449
11643
20852
7092
14879
19723
10606
2360
5826
2887
1624
1020
9240
555
4809
7648
15629
5279
15071
8197
9052
3353
3885
21133
187
7556
21413
4263
7743
4462
1421
17564
9216
1357
1550
124
10733
11078
13563
14161
6933
3175
5351
16607
72
2150
8665
9447
11992
12929
15891
8049
6258
18696
3069
19454
11928
10239
5867
25089
13636
19755
7618
10446
929
6830
11561
8431
24164
763
13460
1514
17870
9189
17647
23144
2031
5667
17084
419
1914
2686
952
13689
967
7132
1850
8867
1124
1942
5964
17124
3402
24129
13832
3820
14941
10776
19108
22347
10165
8874
15646
11376
15287
11347
25699
2983
808
17592
8167
7269
13260
7247
8463
417
17199
17117
57
22871
1071
3615
3168
6287
20711
2605
6703
1411
6683
10925
2185
6862
17210
10009
4818
5044
18938
6245
12063
360
14789
2064
3700
6453
7469
2559
260
7114
2679
795
6106
11756
12126
11335
2864
21571
5296
356
5163
6331
21089
5906
17518
1887
4841
4918
19097
13859
21349
12561
14892
18229
11240
6364
654
8259
7871
17901
5426
16827
22045
8495
4404
10861
2928
3277
4382
2395
2737
1838
16298
1151
22767
2841
12310
22920
9072
14175
4410
2247
4551
12514
17935
5930
9079
2979
4812
12790
22931
17051
3513
8253
389
12950
7402
1266
15156
11526
11257
8941
9647
3330
12347
2261
3766
983
1001
80
3193
19182
9294
5192
6903
21726
13116
18162
2817
302
8328
9361
6228
19980
9794
14148
1972
18510
8591
7409
24505
13905
6944
8653
20584
10361
1391
3714
12964
3507
3579
1922
20157
3548
1096
7412
11753
21531
22168
10533
8954
798
20987
1254
12583
9765
673
15013
2625
1183
11034
7643
5387
9877
20745
776
5400
3923
12176
6665
2580
10348
16716
295
3745
12159
5517
19047
2219
22925
4194
2088
1383
5154
6229
2094
925
7228
12269
6299
15282
6680
9392
2128
40
4028
24361
2398
8114
12383
286
23218
23956
5240
3902
11104
1693
19929
24919
2200
8645
12402
2615
148
8950
7567
14731
11641
250
19655
747
12545
4681
14255
332
792
16308
5900
3290
3822
11832
8618
22961
21340
3450
21372
4410
21642
1702
8132
3511
6234
18902
1812
22740
10334
604
3262
16263
3696
16796
6072
3670
4567
20292
20529
7419
333
268
7066
1247
6798
1803
15330
18836
1398
23227
5422
17910
15367
11757
26710
12728
12223
172
6435
3630
1638
525
2206
6936
4092
8383
6549
4382
4724
507
6152
3512
3736
3813
9178
14421
654
15469
22587
11745
7534
11702
24160
417
18804
13874
3032
3186
13833
21684
17069
2148
15336
19444
12964
14078
10328
15147
10398
23499
10487
5086
5636
20534
8555
1816
3903
8957
6452
452
4741
1817
5411
21142
5137
461
223
6920
1909
3728
21506
5260
603
1400
5931
4475
15416
9561
11946
1243
13550
25249
6988
11485
3128
15351
3377
1642
19131
2982
5323
827
10001
3960
6300
12159
10581
12222
26241
2365
24824
8069
130
10309
16199
10852
18715
9394
6186
2641
10737
23585
6300
15500
6514
525
2550
4771
1865
12178
6143
1798
5531
6206
10818
745
515
10845
18551
5267
437
1214
2001
10781
10382
22156
216
19412
17486
5604
11718
12912
18150
4978
20400
2838
9576
22371
13209
6309
381
3632
4749
10129
5919
26875
3335
10416
1881
3833
21326
12961
10199
3490
8477
4611
8114
3704
3602
4292
5850
17325
586
10340
9150
4860
3699
11667
14243
11242
16048
2069
6087
1757
24781
2349
4190
3056
3902
11407
21353
15256
1255
11235
8045
3842
3138
5754
12132
1993
2543
2051
14195
7944
2075
452
11291
18066
18333
5570
12230
4343
20305
10276
12206
13929
3342
21134
3256
5569
18239
6773
13553
1164
1843
9026
10670
26001
759
1113
1107
23559
975
12560
11059
16919
3186
14267
23143
1233
12571
8179
12450
11832
4449
1743
13099
20457
2904
16300
12523
12736
24757
6072
3455
1840
14980
13304
12840
4163
3911
6330
2561
7740
14571
6516
9885
25430
3881
19216
17831
16367
757
19509
4889
20488
20951
22419
9845
16356
20433
24525
3105
20386
16145
20613
2964
112
15930
14209
18568
7830
78
1452
14034
8475
1473
10008
4303
3920
11325
7464
3059
15434
7908
10121
20108
15267
220
10843
2147
4750
695
3723
6451
2927
20389
1374
2938
789
2197
7081
14411
4245
17022
6905
4345
11959
7723
17384
6409
16209
15176
8242
6817
14665
19499
1919
179
21628
16158
21462
274
12292
3915
22125
2570
25380
3906
7241
23430
15036
9030
18979
20935
5714
5805
10343
3239
7409
19340
3415
20135
3359
7297
147
4200
16943
8491
2699
7478
8675
10299
19669
4253
23236
1786
7487
28
17287
4994
4527
5472
3604
8816
14589
1568
11912
12237
1120
17965
13712
10165
4364
5108
23786
4768
18318
1230
1019
22914
355
26013
9924
15592
1208
21952
5806
147
7065
22090
6728
16808
20363
4608
4718
2102
6560
22276
19188
24162
21824
1312
241
4244
26285
10657
533
22440
24433
9179
15233
8206
68
10882
7348
16187
3178
778
12836
931
10726
6098
6396
7960
4887
3753
62
7892
39
8240
13268
8610
1434
13725
1945
1319
5545
15308
21175
14496
20772
15927
10559
15613
7948
4797
4016
4332
3241
9806
2209
15819
1850
15207
23257
1362
12421
15225
1188
4594
8402
20268
19013
5118
23439
19228
17701
10165
9273
19324
13675
3732
2020
14769
2200
19092
13732
13803
12729
23423
136
17772
6152
12787
331
12927
6480
5550
10221
39
1214
7267
5446
5408
9352
4508
95
20354
5436
3165
24844
22604
17508
18375
11600
7743
17159
2489
7305
4917
15896
2383
2217
11463
18520
14947
9479
6687
3442
2849
2755
14746
14943
11571
6341
2561
8735
5380
7020
10745
9237
12166
18597
1374
3596
2097
4256
788
21509
14388
17542
2828
10789
12827
20779
12423
17422
8320
8813
3687
18364
13922
1308
61
2556
1372
1600
406
16042
1042
25520
2244
6279
2600
15143
9228
3196
21903
8987
775
12615
5818
2325
14310
122
1409
3222
25873
2779
2226
13620
22026
12763
1664
1608
3025
9475
10311
3231
3719
16755
22933
1044
1074
23872
11261
13505
151
4133
5032
29327
6525
13379
3459
4355
620
262
2401
23169
639
6471
4151
10943
15348
25242
4020
20100
735
17895
9644
7900
570
1431
6732
9634
1751
892
201
5000
4105
10769
3001
7146
5930
20066
9573
11803
5632
2522
17416
13382
4945
13312
20700
17037
2126
6612
8799
14215
12667
10428
5287
21287
8322
8456
16213
8001
5718
22781
5378
5100
26350
3652
3780
13989
3235
3263
7252
11925
9199
8531
500
827
13819
11241
1046
6052
6483
3957
6131
16798
12199
11384
14338
7493
3629
19086
2514
4075
2270
1716
5872
6395
562
986
181
4530
10855
4025
21623
10624
9194
24607
2940
1923
7123
11258
2631
3069
873
8767
14926
11280
2742
16365
25805
14303
5376
13180
4569
9680
3375
15819
6527
857
233
14587
12339
9044
1415
22533
10600
2922
14257
10647
3218
12602
5288
484
938
2881
9393
1668
18652
18517
6672
5122
5976
2305
2870
6190
16088
25247
5488
2545
26154
6595
6708
1357
3240
957
1870
4313
5150
2542
10955
15485
2087
2767
12075
1487
5023
5264
1341
8898
12081
286
2918
17395
19688
7204
15871
1824
2307
24248
6509
21128
8738
1345
18907
7479
3104
12107
12577
19672
22490
13252
10598
1897
747
3149
24134
7332
17696
17769
8834
20704
2029
7026
4094
21424
8722
9073
11964
8285
2615
1695
13943
11849
11391
26537
6208
16381
4478
7351
11281
17303
1111
15385
1506
10632
8217
11150
22805
4771
11703
10450
14097
18170
14951
23055
3629
15753
14949
7196
10804
15416
12586
11437
15831
3499
13134
11910
24589
1521
19816
3769
16971
11747
2777
7040
1308
11652
20995
1805
13876
5607
19443
7651
4253
7134
11318
5331
1240
20766
20808
1593
17079
12171
7081
7975
8644
4277
1579
184
7050
3948
14125
15839
4171
2225
11296
12642
5800
4218
17170
5337
11456
8326
3671
6702
11459
1021
2991
23639
17052
4352
26541
17984
10272
29
20039
21036
11570
1899
13316
4092
6608
26104
10508
1550
19718
7691
9553
6093
3219
120
95
11503
2064
5949
18450
7863
7997
1945
1785
5553
802
20467
4433
17003
6624
10530
16789
1218
5411
12019
2456
7445
17
2539
17853
7741
4641
7076
287
4438
17962
12135
14587
23616
14290
10789
7315
19791
7259
7801
1779
12827
9051
7837
253
4851
5740
283
13581
6139
2204
20944
233
10467
17946
11169
2481
22549
23141
17451
11119
1372
984
11218
15734
3359
5377
5339
133
11045
7653
3698
10483
4086
16164
18036
12205
259
20399
14878
1629
1429
25674
2431
11147
2516
6656
10134
1228
3222
22049
2786
10771
17836
3921
10823
409
6978
4703
8362
5295
4910
7064
928
11664
4861
9836
15971
24013
15600
15884
6004
5011
24974
20434
19093
13838
3128
4147
13187
16793
25890
7677
6283
1498
1987
4919
2668
53
3106
8309
4636
13921
6159
12701
22034
8006
26832
2203
15997
15480
5003
15275
20786
348
13640
16397
13016
12342
12936
27523
11207
14314
9357
20646
7987
7189
12898
10173
2653
18350
5364
13813
789
4234
18053
3387
13887
22560
12718
17845
5057
9540
2235
16007
1525
4003
1644
13978
1501
916
14383
15876
487
8390
16437
11495
8038
5392
17059
230
686
15811
22633
2351
18672
7684
906
9041
8013
3191
4409
4481
5257
1778
6357
571
1155
5910
8071
7790
8499
10781
11050
20401
1527
12375
14130
1280
3958
10184
8677
3374
16025
9440
24357
22893
15607
23461
15340
3509
6676
279
3128
15195
5571
22034
3308
14430
546
3
5471
20620
2787
8007
16
3753
23542
13675
8360
4861
13609
6421
2597
3805
3732
1124
20775
3942
5352
10861
8068
7673
8568
12193
3492
15592
14580
977
2453
6418
3980
233
6585
19407
421
1531
8665
1131
5429
17346
7695
2434
564
22438
17274
17597
3291
15530
7385
15913
9389
28
1057
15691
135
4322
10793
17071
5684
13682
153
6601
10150
12457
8482
20123
1
16169
71
3797
13241
25233
1166
3564
21853
4654
12995
18479
12055
13740
11486
6875
18156
17862
4395
8557
7294
5577
4093
476
17269
263
778
1093
5181
5273
7485
7267
3750
17112
5342
1575
6538
17752
12780
1518
5895
17096
2489
13904
593
3655
536
833
26532
193
11196
14647
14280
4131
14964
2841
2199
11656
9582
8086
16141
4400
29391
7202
9452
10931
6927
3526
22367
4621
3625
8785
17214
9012
18960
21640
15590
16087
757
9642
11635
675
1439
16747
4362
8136
9982
16962
23466
6392
1780
7045
13475
10041
7971
14991
7062
229
9471
19107
6871
24787
18392
3641
20133
4451
2600
22335
573
9163
2206
19830
7911
545
6098
15587
4136
3846
1190
10164
3249
11776
17108
22684
16
2880
6987
377
3410
5943
7099
1442
15408
13043
5820
11824
10498
5055
21922
9430
3491
7435
18959
5460
3191
264
8219
1049
23723
2378
8541
8729
20503
18126
5106
19571
15314
5875
21009
20802
23613
13871
2790
4613
5932
7176
4972
7497
13630
9607
10372
13359
5063
15524
6015
19217
18696
15757
14806
296
7479
4172
2698
10798
14473
8399
6318
23865
5543
24030
2864
19813
11730
7476
8600
13835
17237
10110
10563
7176
3102
14264
2106
12106
645
18912
17287
1830
5350
16869
9442
9719
21545
12058
5481
5530
13032
19853
264
9868
9849
7200
943
15317
658
13404
27291
11661
17154
24793
14428
1899
8666
4401
16393
4534
3720
26145
27300
1231
4307
5736
1056
2846
20370
390
880
12098
1406
16960
7156
20166
16240
6123
9431
21454
9067
15015
2889
6502
22288
5050
15563
268
16612
26983
4866
3133
15068
29140
11240
15836
7871
8760
13346
937
7747
10614
14602
13601
3336
15266
25846
1348
2592
264
7626
9855
21178
8216
5301
6785
20367
7673
16514
7060
5803
12683
3125
685
16179
2900
10068
7017
21611
18326
6561
5844
14210
120
11662
7227
7233
4533
25631
10778
26443
9865
594
3372
281
5426
17005
14117
12195
1469
12335
1842
8668
7764
1194
11457
2712
6086
22095
24332
8056
6649
19748
1944
1597
2073
1356
1713
12222
235
9411
1962
25260
1030
17957
398
16977
9204
20303
409
24469
17505
7593
15391
1277
6624
16832
3434
9082
557
5824
8914
5522
6245
3606
334
4134
21802
10773
2954
1774
8610
24549
9856
15510
13776
9959
15930
20041
33
8217
9236
12058
7654
10947
7391
8075
19627
272
3693
5625
11389
9946
8326
21929
1883
607
3850
1
4659
12691
2290
1822
16480
8909
11740
6702
12024
24533
1749
3232
10777
3505
4798
14740
1097
2414
11629
28190
10557
8286
5360
27491
11335
326
5852
10136
5478
2214
13424
917
21625
10856
8102
25523
15283
1181
18880
3984
17416
12007
15435
247
2179
21371
25139
9194
11229
5395
17797
15805
6559
8199
3558
8469
17541
13016
13514
1688
1636
822
22261
26018
11579
21630
18279
4826
1719
13228
20595
21933
1473
15833
12957
18255
101
10894
21512
8925
5445
6057
12243
12367
1972
18882
7477
3740
8669
5435
7492
8769
3792
18235
12661
5804
1264
7503
11295
6836
730
6219
16803
6119
12759
8891
2891
15889
10141
16956
9901
451
25894
6275
3213
26619
5005
3342
251
27899
9393
13396
9852
9939
14950
5299
91
9859
7846
1155
8006
14569
5793
23142
8259
749
25561
4487
3242
11851
14775
8297
18335
26165
24498
8196
16400
11718
5414
21142
16875
15284
16202
8230
8584
6506
10167
15249
9519
16548
7534
958
1562
5570
28210
18861
7467
17763
14981
1333
17889
8213
5543
5881
19212
5564
4222
11868
626
14775
4151
18128
4078
4079
9145
18529
26577
97
14621
9523
4066
16372
2531
19063
12430
1566
9282
8030
2097
19431
2578
4964
908
13104
6274
12222
17604
15702
2599
19664
23260
17460
1462
3575
5974
4035
3081
11300
10793
4079
19186
8097
2441
2699
504
285
2513
3128
4762
5582
762
973
4886
15947
26608
29953
7486
5408
20706
234
26659
14625
7445
973
3893
15981
13922
10247
14140
11129
7535
14199
15145
22236
3920
4309
867
7112
7207
3597
15267
4434
25705
16895
7615
3683
25810
2906
2404
1594
4382
8220
8934
11045
21160
2824
20261
2011
4979
7668
6170
3132
3698
13370
1013
2956
9104
4984
1349
6973
4965
20585
17654
256
21036
10795
10240
12485
6990
15921
4862
11906
14427
9245
2835
13926
22051
16755
3521
3059
1188
7307
2541
8304
6850
7309
2808
14896
22592
16499
16993
8693
4010
28227
11024
6191
5996
5045
11580
15581
19298
12462
1126
1164
27907
4014
15813
5090
1053
19850
7492
3698
13837
23995
227
5077
15577
10124
4197
23705
2161
6825
9696
9542
8816
26240
9048
10270
14842
4615
873
7634
794
12213
4831
5159
1627
21369
894
512
10885
12977
3649
7933
21123
14359
4461
3873
14414
11280
9782
2835
8122
12377
27086
13323
2567
6895
13892
9198
10328
4264
24087
14952
230
18746
12323
14062
14709
26547
13
5815
2619
8163
995
1816
17944
14532
16987
4369
24332
3129
8308
8672
577
1733
12998
12352
18174
12100
16547
25746
19969
6074
15760
3829
607
13230
2594
1280
10348
20158
14989
12944
12047
7501
8281
6168
5324
2977
6314
18006
10348
2891
644
23238
10299
8047
22923
18829
5368
5531
22551
3303
27255
9163
11487
1873
13702
19828
6278
695
861
1677
22229
1514
15456
22415
4476
19618
2935
8625
6176
6988
21585
6565
658
3030
3582
24023
7455
11553
792
2058
2327
4487
7733
2221
1299
12517
17088
4818
1132
11209
10717
17521
14402
6486
17618
21993
26317
6353
22447
16199
1483
26528
4089
13570
13226
8097
12789
20101
5452
8116
20341
5228
5194
6137
391
8719
3854
12963
2920
16280
3880
15692
18733
17201
16789
8564
3743
11393
9727
9370
12220
1082
3068
20487
25064
5166
13903
14772
9504
16561
10534
4838
5993
11503
14889
13563
7169
7482
6286
7891
6209
1871
1212
3974
164
9860
19925
2183
2107
2130
1348
3677
17127
17245
624
10295
20045
9628
161
2609
3348
11946
25861
901
23230
6961
2654
10681
18949
10727
5343
953
1069
5393
2937
6369
8321
8840
10331
65
788
1090
23135
20051
5869
11135
21555
19445
6125
3561
5503
6221
595
8750
15069
1829
5649
4974
11271
8364
1765
10058
23628
3294
2541
3942
26427
19466
17590
26476
2982
16686
1783
15191
2372
5492
4576
10897
10403
26128
1478
6675
11413
18201
7058
3203
3962
2647
8722
13899
15653
24032
9533
3053
19980
2219
9908
4489
14772
1473
2619
3375
7308
16872
10937
3492
12962
14731
22643
22616
22797
927
5026
19201
5803
5318
9397
13568
3326
10866
5995
7552
2471
15961
892
2496
7575
10897
3446
7238
1271
4410
18087
9351
431
1765
8515
12453
2376
25613
15861
3984
22522
5404
17777
6037
2871
124
429
1202
9907
430
6338
11959
25627
19075
5842
5734
6236
16594
20957
4069
10503
9455
13930
3092
3174
11914
22592
679
19341
8348
5011
21136
2306
24432
13461
5113
323
6865
5406
16178
26626
24685
6407
16647
17223
21318
11456
9472
8003
12250
12551
2121
11968
9500
8825
5780
15203
5891
6738
15358
6933
7829
11133
20484
18803
5740
1609
20489
78
6746
1740
1218
1688
20217
22652
21421
24633
4094
16053
1625
2509
6257
46
8558
6032
8306
4543
11351
12562
23247
20658
1908
241
1262
1768
9416
7887
25048
13304
4139
25995
28089
21290
16168
8160
2714
8978
456
25695
8225
1088
1481
2619
13
5693
27484
1837
4718
322
9854
3949
567
16098
7602
14062
1618
2325
4277
21531
5600
19042
23652
3036
674
1869
2272
3965
9918
3479
877
10296
191
1005
16952
7456
1605
1739
21842
20442
6360
3932
16410
20835
3707
3888
5089
13777
7471
13756
3338
542
16062
5638
5378
15927
14921
11075
17946
11420
6130
149
12760
4520
11994
21373
4743
6716
3771
5136
10790
6335
9257
22820
10321
8803
2784
14797
10913
20915
5196
1238
7671
49
6027
14901
10289
12517
6175
2361
5424
9934
9401
17360
10173
11780
5907
8568
1745
13589
9088
3892
16522
953
6540
2601
21901
18808
27268
27345
20103
17308
3992
803
10091
8385
3369
4609
13400
2259
8661
13082
11914
6187
6017
8181
20827
28638
2372
22236
6002
9001
22808
11969
4583
18711
12570
322
140
9728
19682
13510
14076
10484
18593
12474
884
8772
4840
8672
8376
23569
12148
20584
985
9505
27692
8235
19049
11621
1549
22679
8524
5382
12088
5296
12632
10055
211
3838
3318
6367
6952
23614
1337
8801
19969
10123
5364
366
5231
13323
518
6073
6796
6421
24959
9463
16607
5360
15383
5871
5924
9633
4887
4887
1353
3138
22188
2374
14376
26748
7516
2482
12056
10161
5293
4401
3613
27071
7784
18796
8615
2686
4202
6350
23068
5073
3670
14624
7048
4814
9484
1534
13037
16482
1706
14853
15671
301
11323
5576
18848
22333
12213
7991
10621
2493
22326
2820
3803
7566
1808
23281
1034
12835
2310
6099
24026
2561
15021
24217
8328
22824
13762
12728
8264
17150
6027
9545
3855
15406
22756
6440
3002
7186
5680
14426
7199
2266
7010
9015
16449
24318
8239
12591
12221
753
9666
22548
6248
3835
0
2107
12293
5261
7940
3194
8188
8429
5893
3233
10338
10084
10586
15193
9340
19429
7300
7401
7778
13791
17977
2947
778
2719
2009
13942
11148
8877
22784
8630
8751
1899
13682
21952
9054
8492
2033
21809
5323
7756
24179
6850
5160
4395
27295
484
2666
4928
11249
3546
16874
5820
26978
14340
5970
3079
8901
608
8576
114
4876
18648
214
6096
6599
14727
4200
7465
203
1902
15576
2886
7115
12862
1793
5666
2796
22975
20403
11246
1682
22496
12943
11391
15712
23965
3794
631
10652
205
1210
6534
12244
21720
11975
5114
4528
23776
361
5307
18992
13346
12670
1222
763
17857
3393
12227
11350
16020
1050
8916
1669
23224
2117
5005
7810
20218
2664
27995
9750
21305
3040
10652
16353
11863
2766
27192
1770
13958
773
846
2760
16454
5648
728
4559
19995
24679
273
11334
433
1630
3982
5507
18771
20026
17010
11758
20224
2972
1423
18244
2067
18537
17549
2336
20800
4393
1227
6525
5579
10858
2104
3017
14345
5093
250
3774
998
9454
10199
1585
20110
16513
22577
15926
8086
3955
13039
3519
7629
27669
5501
8147
269
24375
18550
31011
4319
14278
16954
17052
667
21797
3344
1793
867
3850
11399
1815
15616
22509
9376
11759
1047
10017
22882
5721
3170
25828
7920
6360
11884
2745
3823
22369
5750
2923
19197
264
5376
287
805
1582
12997
12397
7458
10975
7938
14204
5587
23169
5692
9185
2256
3005
2427
18600
3288
406
7676
16663
3933
16669
11803
2320
19103
3204
24907
23082
14961
26801
23501
19188
116
6515
3132
1554
15803
1854
4105
11156
27146
9795
1008
6319
14438
9301
12894
4571
1662
28841
6794
7595
13497
17505
2260
11380
7934
14405
10407
8999
851
6853
27
13199
7267
679
2137
4770
23697
2629
1103
15801
19005
12194
6682
22758
25531
20206
7349
13310
627
1351
11227
7917
1127
14018
14867
2628
18028
19822
8416
8682
4272
12493
17499
7333
1847
10609
327
1780
6348
23754
1150
7802
8474
15586
28380
2109
6222
3808
151
11334
12225
6880
1753
1883
3318
1449
7271
3989
1745
4186
9691
17260
45
8173
11712
3286
728
19036
1126
24104
14852
25262
7290
10620
19099
16545
5514
6479
8917
584
7326
14905
14222
5093
4355
740
16146
4713
367
4582
12181
14845
12296
2536
9488
3380
20245
3821
18378
5380
1189
7383
14950
18819
10656
9344
14484
4279
1511
4432
9552
5460
16423
30075
8066
16315
22634
15199
21717
12932
21107
7249
3985
1703
5220
5458
686
28292
1009
1759
120
10084
14671
4257
604
22168
1480
17973
12046
10889
14970
16295
8937
2764
2968
18538
5852
17832
62
16202
15748
14299
23469
10601
15907
16630
16278
159
9343
8543
13163
9647
42
1843
22827
16202
2730
22634
19319
15735
19911
9422
23919
659
3801
21316
6757
3871
20974
25507
1776
5776
6798
10924
6352
7286
1354
10145
20624
11054
3876
5254
13833
1605
12466
18417
11518
15893
6100
29540
3506
20491
8678
1443
9693
23188
355
10216
2419
12463
23537
21055
13596
9240
13177
1381
6978
631
16647
8926
23602
946
1664
11475
8834
5350
11095
20028
9021
1643
6960
10292
12546
11129
1941
902
16378
6305
5143
18495
2011
13346
20543
12098
15937
18513
1358
26516
1881
7227
3619
8295
22281
7284
12938
14547
5025
7502
9718
3149
4381
10745
12902
16949
5119
1437
17309
11219
1680
826
202
611
14124
11316
6387
4947
6838
3314
11886
13204
14887
21897
15346
6545
7679
13612
944
20838
11334
22302
14553
573
7614
12870
6696
29279
546
1830
14483
1759
2225
2465
5811
13032
372
9724
5718
10211
6212
19167
24785
13494
12987
28561
2055
27733
25940
15628
332
8946
8311
6932
2367
17175
22322
24055
9283
21053
4934
3707
21779
24128
15502
13509
15972
16407
5380
4043
19684
5648
11652
19346
4914
24823
12704
13417
1925
8062
2035
4228
6765
2369
16195
1872
3240
3425
7637
12968
10422
6971
4950
9495
14976
11088
22535
25413
84
15419
14252
4596
95
19203
2908
5594
4522
1868
496
218
2346
835
9874
7306
20533
6160
9074
9276
10942
1207
26657
22645
410
19920
706
11616
4653
6449
1831
7107
16187
21531
26465
9978
15172
22377
8242
3772
24200
438
8953
4469
10194
11613
5505
28146
7406
10431
10998
18304
6786
6474
17757
20258
13809
11757
5979
2395
870
387
16844
7278
8087
757
4716
22253
10457
12039
9018
10634
15873
11576
618
4145
28143
16980
16932
3791
12043
2130
8146
363
19957
12667
16677
510
2087
7435
25073
228
2230
11437
18426
19738
682
15326
2102
1620
14973
4130
1830
12299
10036
1382
1010
10650
15420
2654
2968
21913
24641
123
19247
15520
6037
9630
3267
16220
65
18719
22585
18850
9847
49
2299
2966
20667
6887
17186
4351
22362
16454
26185
12502
12431
2241
2431
23737
17370
1570
1881
12807
6478
16132
3506
25758
7463
643
15641
1889
2160
6153
19502
157
3609
5168
13868
5114
17124
7664
3284
6321
9244
2277
16563
22382
778
4465
6930
11004
156
101
6570
6492
10858
25792
21794
22919
19543
4157
391
15875
4620
15815
11830
7073
5388
5081
7611
6329
1065
3203
14873
5507
5815
12811
11090
8359
1627
873
9245
8180
1026
28982
12156
3454
4799
2170
27172
2430
569
4319
7523
19467
15096
5098
15614
1085
136
19742
1492
14633
22584
3483
4789
17560
7142
2142
11074
9298
5486
9075
4574
17686
8210
10802
11039
5127
12236
17696
9641
1114
2937
2054
21412
6174
950
565
24175
3313
23448
1559
18072
1606
5052
357
7507
711
17710
11021
20226
21969
1565
16178
169
14705
18078
14823
7365
20181
8969
6818
6229
16097
15828
3007
2645
3893
6342
20569
7845
14054
957
2800
662
22958
6863
2405
14879
19060
12981
17298
12253
4168
19008
15245
11381
19955
1546
19725
12648
14830
13071
2708
14199
3696
18469
21126
14915
4515
2717
1136
17822
15539
9802
2442
26788
11068
29346
6153
15703
8881
3488
11010
22778
19761
18228
3681
14646
5701
12074
7662
13917
285
2656
13273
15235
1833
3393
7491
19186
25975
1935
6469
25018
2581
9141
29218
6770
24472
13499
11092
5614
428
3160
9606
28636
10788
4590
25634
18057
69
10986
1432
3516
13297
29340
9711
860
13545
1892
20281
897
6843
7737
21181
2632
14715
18671
12340
19780
2198
12066
16366
5033
11791
6148
19368
12556
9609
1858
10328
13766
10780
442
4691
3084
22184
10353
4450
4087
28402
18196
19443
5601
8766
365
15635
10974
13131
8208
1652
4279
11230
155
27564
11966
16155
5994
8793
4785
941
9716
583
517
20137
4058
15880
28652
1468
21875
15281
701
22045
5680
3918
5067
521
19222
2357
11649
7375
5883
6812
11681
3565
16313
4280
2784
65
11423
1155
12341
15256
21399
14318
12825
11865
20450
20079
20846
4130
4104
8878
9084
2182
8224
20840
1082
10370
14022
19526
8392
9853
6544
4654
21629
26638
9717
11940
24439
20255
19021
7550
16057
21297
3472
4565
21122
14476
2699
11912
19973
13030
10406
8692
17363
9583
1292
15679
19645
7570
19109
2594
3799
11202
3153
9070
19320
3126
12557
4076
14587
7638
1239
3343
15677
2226
28220
12637
13977
8335
411
29746
5614
2
9800
23402
12314
3281
13
19307
20718
26631
21315
16239
17893
5348
10076
11230
1672
18208
7605
19772
3925
10537
27667
3166
2479
5331
25338
15985
2392
19548
442
29111
387
21009
1064
21846
2247
7463
11129
16481
16288
15434
15074
369
2635
22490
8943
11820
6944
14468
24571
16379
26112
15116
11867
23311
4274
10240
3
376
10372
9971
14397
4714
7048
12288
17581
8451
2934
13077
5495
9217
9245
1738
13807
238
14547
18961
24182
16950
3040
7960
5296
6400
7529
5925
1070
2069
9431
2964
12957
4003
6241
8470
8626
6967
6698
8529
21514
1924
19965
737
2372
11924
23176
9822
1334
17117
12483
22480
12759
26179
455
6501
2423
9797
16443
19557
19309
26267
7601
10530
19508
6650
8651
17599
22432
5101
584
18796
17901
3070
511
555
7952
11183
21726
29118
3650
8117
9800
7885
27435
20448
20430
7765
23724
2926
6599
9108
5510
8174
6199
143
21327
14111
8587
19500
17240
19902
26380
13975
3399
22526
11807
13286
7905
12510
9362
6478
8743
1878
6751
11975
23645
21920
8824
19826
219
862
12875
1597
4902
18218
4576
7230
1913
560
25029
29237
16099
5612
5067
9619
2838
6062
589
24537
12831
14319
2144
565
2758
27608
12012
1728
1401
2217
25207
8939
6063
2820
14514
3044
9018
201
5350
4277
15081
5688
8967
4757
17459
8124
19210
7617
9969
2872
24589
5743
2511
9783
49
9219
11550
358
22979
11197
19030
24797
5843
2254
203
15426
2705
25478
12282
19693
13847
2008
15875
679
18164
10411
