1087
1789
708
779
1301
17
1399
111
628
1245
63
1246
1841
2302
1266
1329
88
399
1041
1276
959
9887
241
278
675
1862
251
1721
427
10480
1385
797
3958
3471
1937
481
1080
16248
817
1895
755
1065
1236
493
3534
1400
533
1619
1161
561
2041
289
823
5645
1709
823
404
3792
233
1
2410
251
1371
3841
1449
49
915
1941
1065
1213
1475
2778
2218
7396
1892
1289
959
976
1766
1813
651
560
1165
1880
15728
601
2667
113
206
4194
2218
24454
1449
545
1417
4698
17
760
8252
1660
1436
1486
1107
1517
33464
2086
2558
217
81
89
111
4125
1663
2402
925
1694
443
4125
443
533
1055
1246
178
1590
675
3092
3441
1801
833
2667
45842
843
925
2142
82
1449
1751
1771
447
1075
173
30710
8781
6323
7253
251
1031
25273
1161
3151
5182
1245
13485
4669
629
1890
361
1154
1901
1364
1242
161
1552
251
1961
1236
1681
883
876
1116
1252
1618
2905
1236
183
22988
114662
8338
685
2256
1552
1834
812
1933
1012
65
3746
3138
32344
225
961
3437
377
1552
3081
1863
2905
395
183
4877
194
1057
241
1840
883
1329
1485
7876
4151
117228
1704
3710
10331
1999
4200
1480
542
3532
1301
1949
1021
1404
8983
2519
975
1161
4151
10485
3157
2670
2931
1896
1031
2315
416
1515
4065
1560
1740
5429
9089
65
2259
853
1598
975
10290
503
1841
39428
293
1841
1598
2946
2581
1515
1287
1167
2922
1505
2475
661
1473
1841
2256
16946
1686
11264
10835
599
1681
393
113
7779
2054
3608
533
1869
1801
1417
4817
46940
86
1301
4896
393
1750
4334
1301
578
5958
5033
1633
2962
336
1619
9231
1377
2089
4794
1566
441
1933
2341
3959
5350
1949
3557
1301
12276
113
5509
1694
81
2926
1397
1961
1277
2741
5132
1972
1801
3188
1324
7405
2720
2652
886
484
464
26572
5224
2686
17645
3160
2746
46874
2252
1796
1166
4587
10562
201
371
6540
42214
484
1404
5745
5732
4236
6618
1832
963
1337
3704
2218
1845
7043
571
493
4023
25441
10124
236125
1875
1301
1410
8725
2859
2218
5006
188761
26281
4925
5272
201
853
3684
6091
25836
4327
2119
3197
247493
1882
6953
1841
6189
2019
2903
1890
2358
7658
5446
5220
3688
1602
3980
5177
1913
1006
4611
2352
3684
3050
1341
55905
2140
2009
6277
2001
1034
3785
2922
4587
3616
4730
4370
5656
29355
1057
1466
21759
8630
2820
1051
1359
15104
23727
1761
1475
4138
599
1006
1530
9659
91454
113
2726
4950
1188
4995
2976
3694
4606
30565
484
1869
10571
4611
2019
416
1745
425
3160
13014
4497
3971
1649
1598
2358
3639
1515
1035
3455
12674
5509
2250
1285
1397
1317
