48
40
618
15
96
63
483
101
281
574
215
176
159
676
447
163
193
492
54
175
254
168
73
254
64
57
337
280
3
105
201
299
1
33
93
1
15
2
57
170
47
139
65
245
136
91
24
85
24
6
8
81
100
248
195
272
266
112
32
69
257
54
29
12
193
76
159
30
67
260
38
256
357
161
60
50
0
32
0
167
232
291
201
113
228
85
233
321
233
0
16
86
266
298
257
22
195
196
0
0
240
60
10
212
219
146
245
64
221
183
183
67
0
160
95
137
174
368
312
0
145
388
0
14
28
76
247
169
136
189
242
328
55
197
181
233
120
121
34
0
175
217
27
0
12
80
152
115
197
333
38
24
58
374
129
98
66
27
60
12
159
100
146
18
28
192
23
0
57
188
0
2
0
47
147
171
308
168
11
101
13
144
0
8
8
0
167
196
102
167
176
74
19
0
183
215
233
336
166
239
248
131
162
238
219
237
2
26
339
0
359
290
82
135
365
10
263
129
19
0
43
319
81
108
154
253
280
20
212
54
304
163
46
30
19
188
194
82
225
21
316
195
219
0
205
107
34
190
145
153
151
155
282
73
196
7
309
285
130
5
34
16
163
212
14
0
54
127
92
5
180
96
0
189
0
93
29
215
97
192
83
90
13
194
182
56
146
292
297
78
125
25
6
77
413
406
58
194
0
498
88
62
442
422
172
315
52
0
166
272
261
284
0
60
61
46
4
125
78
26
228
137
172
235
107
172
170
24
86
139
2
0
121
178
59
179
0
126
0
35
57
69
135
154
127
154
14
39
175
0
0
17
204
119
169
245
292
0
10
19
0
198
274
4
264
275
106
0
71
307
245
306
159
25
273
57
0
53
294
368
68
67
162
282
0
87
300
195
171
57
129
177
214
235
75
22
90
212
212
129
60
321
197
