24429832
127093926
121342313
71869804
69855422
85719856
4498232
24144612
27396950
7398053
81430280
103574533
74098
30987600
106483061
99030050
49931209
27756120
85715692
6280355
105268821
111395768
30781483
125846193
6365085
57070132
113663194
15944958
132019533
67887164
102555545
92355849
2000402
128288704
20544321
99176842
593659
58475815
118490082
4251560
47943159
39867667
104861109
62850005
54615701
57527597
77376042
46205646
131733375
20751942
127411978
56206541
24795923
14890855
103008975
88426512
97884232
129837938
107700821
127760652
47129342
52485432
68309604
1477145
76208822
75507845
66047785
5883648
41508906
57934742
34416700
6019009
55946587
54777066
126338695
76743255
128955817
6652019
85693981
45237289
131669589
52174542
22193417
128575221
119297182
109104905
525483
29719660
87558732
29543767
121010150
102110630
114984255
52306701
361705
5491776
98841766
111090474
14473781
25677820
40833796
108942970
98573587
24496659
87997720
61885811
91710815
84701148
93421640
7721775
9327168
2065828
81457633
16659353
121263583
46702074
56359280
4330511
111585177
97086286
114854188
2288773
75847694
14390098
9613666
9726924
28012470
42125579
54079453
36364865
5983200
100505165
29613639
76510606
1697481
1902062
28584433
92524445
60683004
56440252
41672937
117021143
99956486
69089651
119039205
120495006
39502997
98419267
1245701
73965166
77376302
15288210
42169468
8872701
67265022
19120471
76015463
22872916
69001645
76485159
74045210
22821556
68594089
71986158
48812134
72529878
22697592
53950120
4991714
56395707
122730689
64483830
86940112
689374
11357959
58576476
30151643
123580665
115028639
133793481
96937637
56344071
7734257
24750494
98341079
3444969
84336125
30438215
55556679
16482029
20417514
100397280
108577490
87396457
13321889
32104511
3527898
12643816
83834447
55069498
106047678
64686368
117887863
131907272
10607809
81082167
25783221
86333080
43081650
61712676
97729280
117620010
102339886
109689555
97824981
26979148
70142305
116911871
10183607
76689439
99437650
103789748
33170426
128502513
39390769
27110993
124479144
56533246
55609412
70680378
121608693
97067273
114104973
26330173
93186375
71802170
101841473
23898878
41917891
17944870
39309143
60472517
52566097
1048180
36947205
9587423
13460147
63790557
33208639
33615912
2965874
132693750
109908669
54785237
88237783
21142037
115206445
121780563
43867931
113812172
127893847
117856443
10061594
89853932
11703964
19277286
96682412
47254422
124737777
128097114
54550594
72968602
72781358
97318127
58327587
17238748
8180236
55968141
26920106
33652469
54071761
37519071
28013216
79296202
11160001
38910420
9820963
21219831
91126950
123436113
4343872
9561424
47787912
25392827
108890796
6956943
28770697
110222149
87791608
8860810
129971868
69881429
25567433
129451450
64716939
53018786
131965441
122118855
56210527
74316295
80761644
18038805
54298283
71392584
29414003
86217535
52105584
84136433
26748226
98260751
9039482
30056319
117704550
63079498
623118
101212590
56062918
48609385
27846086
56210913
71525338
37755688
119511789
24076394
124843484
59475921
98571856
121682931
99980194
124781333
8736877
120452712
91871805
72350732
33225024
7618202
128991322
83485492
19413479
130702729
105895389
94433087
124437214
119057909
33143803
77621799
860679
2759881
42511737
62910495
9606401
20310031
76064479
10769160
129179973
97216042
105082500
128141888
110794455
94202559
127276610
70618325
52265685
41443523
65756139
130888714
133953188
77522142
16026738
2076807
95217024
130765230
11381529
41616199
24267648
111539171
114376733
79211932
106537415
132757875
99031839
74301161
47829100
103351077
131733630
94889515
78009440
81875667
13887661
73135522
105020526
6763890
127003498
111822034
49180466
97887456
22640282
118289095
58998285
77784626
109197091
6807219
59252088
19485087
128560490
103236676
22520625
51079062
60742407
100407370
116927977
21814718
13676529
53251028
45672043
68810856
21559889
37098811
60375838
50817420
30427273
87850174
4703479
109894090
71736917
81476194
16185430
130010234
127302779
31412330
92005633
75447648
121271883
87222028
93903152
53351387
75758847
30397133
58713305
16288574
99435994
81973894
4439500
78309975
52641201
117704028
82100746
29568402
6264265
5492614
76389590
27400756
74352696
109590261
14418916
128897926
92911423
43606231
17040102
133464326
5231654
116968023
34841553
31792994
71218401
30948401
51913969
96473218
70609967
132549824
97557799
87851845
49065759
21747473
11034351
11385441
73829904
40822850
12642690
63912362
49668330
32504617
64461678
78151203
79819436
18039521
9271225
56643176
17149177
94058429
128940207
119594853
65445943
2338481
129584283
123394955
65252866
104637363
108364409
37356063
116500660
79961313
64492304
48161705
4852181
96620169
134000875
29516246
55725630
80228924
13403194
21833769
109280577
27473621
91819891
30994635
20247299
83287912
114971096
83544304
80363530
41318212
101319855
4068381
53938964
28995245
61774744
114217348
11484969
1733544
60063497
13173601
81016456
1309320
61218640
80195793
40345162
43651140
117362295
64110611
83542730
75671764
74534421
69029725
75253373
17465890
34376103
116976475
19899805
24629289
47437657
128092703
791605
117127934
124833098
10026241
99453091
7597451
37504414
83199940
12626288
93211949
52723837
115641193
41413626
114099437
62231329
37791382
57924308
73714874
121287200
111385455
39053333
88117390
48170500
9926793
92339452
15838047
67032911
48910961
47083591
119478325
19371068
50194449
62309516
31518863
12092276
21102284
119517084
102793971
58483742
134095141
92450235
76562359
86720652
104102878
94033078
79577666
126259202
107243042
81627707
84180341
30285180
74653415
86797168
120561067
125465465
102317547
72887704
116656583
44878811
93998253
78529285
82040897
28373687
46166692
15164534
133817896
105411860
34636398
57330573
6463864
56496043
126566965
95166242
60402018
94279491
120286517
183716
4473626
25782017
114631335
33653771
103539682
131924142
108440533
90733456
55348219
77783377
106836888
89299195
9723933
103781142
50309878
6575387
74425814
93086019
42911815
132976141
67223615
2555006
37010934
53008978
39487903
15492633
42585154
98483723
118491472
47907103
12513708
126497463
68303820
101372026
32524477
19895000
63721377
25627747
60310764
17364465
33119820
90721881
112512245
31636179
55205069
9620009
59865578
121973523
78799752
28965691
118340942
122459520
88261609
68217756
12414857
131898532
22256799
37778103
10530027
97705830
31871030
61047032
125446141
64827136
61455034
122277317
38158828
118434121
28222037
128684920
68032359
27622199
104074026
58297632
37688140
39555951
65961884
76449175
59389000
33099386
82047456
92518144
29081138
60997099
31352128
82319758
98429425
96111441
104766024
119384223
20132940
88279794
22398579
54073280
61198701
4796104
85833169
86597376
2481209
41524691
111609591
125322988
12770452
10788854
83402585
102454853
57609034
29021457
112561656
87062510
6534591
114489426
43257853
75283601
107592530
113929289
5840338
74776107
115797131
14766216
120394666
42745837
11799851
58879542
107979734
67319857
11086790
26477429
118841689
74052158
69689358
114155344
62088512
8054820
124798800
43795271
115742857
47426665
87815965
99368401
14813503
7142796
56286340
122680835
83749392
3335704
100809008
90543004
81192108
110348010
43571780
108818331
17398791
58681247
5348361
93058473
39938146
40320574
71756443
65140400
72814023
119888515
6177771
50782066
102404448
44741079
108180885
26588832
35539888
107372320
41804701
80975978
61701844
74583182
3068285
87148401
114438997
88724617
46668099
20936515
131921190
24089464
117157829
14224226
93380989
65214289
44733734
48352622
80066698
5512671
53218620
53750564
51755778
37187142
108359172
117382285
36199016
123237187
53812749
57484338
17203739
94556505
38399434
18622359
23847838
64294249
68089028
76520394
13310258
40441081
28352726
37818478
112554817
23546448
26054281
126433932
24115388
45034065
50997403
40884924
57797836
36645770
104651580
14279079
112622084
73149709
21967441
123341711
22687997
25893753
47942546
86705839
52714390
480936
4670016
92490847
95791675
93782340
10850338
35657367
1859057
131281951
74931991
105692072
95898489
19832034
88543377
92032993
95954400
17482968
71531054
81184746
72029697
93720520
13905708
8588613
4397669
85530000
105905647
32145644
44878394
90341880
100008190
69978083
47169920
11357099
127611565
56157253
127321687
92643163
26788512
130228604
41754885
4880874
80886507
24956083
12270095
92825294
116589590
49706594
91017844
100548461
131270918
82335015
40550853
27889317
100189071
22488193
85813933
85634117
44066355
41320942
47387713
58125883
80317107
68215636
9907894
122170054
107652026
78625804
124615745
75845301
109406851
90398960
66907750
19000036
69911699
90799148
9203717
9300089
112519861
79659672
43041871
46093745
84184292
74977399
43401474
97935381
48335907
12526397
80391433
17377184
18901956
16720421
37616794
123350996
54809558
38056614
97991856
9117446
56586081
43645751
121311377
75513132
73164568
59944516
26218986
107604427
70662131
125112854
13258999
120763721
78399403
58234113
133228414
64643012
85206987
74304820
14867556
20605275
68517986
61945837
8925294
591878
61644758
130877684
5003448
129601953
815322
100970776
47156925
106067116
22770604
109939457
15411167
95269368
85845998
91730191
77184629
92932837
23602412
93811042
8855482
95236313
36326147
16564025
11632905
100672407
3321218
129561143
5797197
101761888
105550608
83792863
19149779
124918381
52107018
81084914
23764820
54649109
101062696
25853876
32092786
81790252
15104351
114100664
84449638
37881460
84187977
28658650
73757263
26781524
90455988
50396734
25265516
105766530
18738103
83210193
83862401
101559225
119595822
32960951
128385179
53767663
130270779
117763463
103868344
112521833
4140103
60618703
87174482
18827776
63606212
49356898
39528170
24853655
10083833
17682929
46262059
9443920
63212259
68781247
6016087
113996673
8269326
39775674
20001671
36939582
125436758
115124895
16264409
86284036
6503959
113244075
96314418
79548571
127965740
4658607
58832304
27875512
79418929
70368322
63112281
79587060
42375489
129563540
116238265
106666348
16684182
4332538
2529527
6089295
109372368
111612220
68840471
8287143
55734279
27275440
72762457
94926958
22788790
131299373
22742041
44216567
99404547
123901107
133554058
10900265
10183639
43040024
51647911
33228631
80667072
104871875
94277850
27787188
98667227
95459984
471057
79749594
69710261
48377363
35292507
60521198
123631423
64513155
81927225
65923179
2770635
78062552
28630846
85567308
95066022
121262248
17617460
49748369
19893666
32548092
76821043
84804717
125680956
78286366
60367228
47575966
126971342
34232684
40814974
4847093
62800151
117884215
25151011
85791762
110995921
76052594
74663091
101153797
127574688
1658218
107963040
51743404
64989154
58814146
95575575
42046558
71278976
125637191
48531658
99333896
118901937
71005013
44675167
22982794
64527470
97882358
81155134
99431922
101046094
61525609
59636644
68146425
95544058
129711835
120728514
10123625
50977616
46902306
118285089
153155
108431590
111011758
127860442
6829153
112695979
84679928
91694692
131802130
129799430
49745694
9691251
42161044
80850650
11641019
19068367
119125567
79692199
86442673
29697870
1366261
46604170
84350045
88638822
93898055
9449168
8553449
35641352
83516723
101307998
98774
86997966
29682256
87899457
52549295
37731571
4489142
91231403
58369686
53106206
59929959
66309874
75512043
23124935
124903720
93751874
31304207
110358160
101710518
40239957
102664182
69045159
132390116
70430895
1053830
27159013
58938161
120616106
2677698
73136206
33727017
13345230
55522697
52733591
79595083
40373792
23902861
100471706
84962194
79079134
26102643
118576676
124548933
16785681
126102215
13576813
33647986
24825696
109418240
1650923
85412771
107368397
109643732
55242484
29417948
39442063
28866816
131514013
128933912
27992488
11393519
63470292
117304806
19921398
86175914
2077083
92840048
106643907
95488269
89073137
91465292
130574533
61306758
18597372
47658653
67259898
116510009
109520379
98869492
76369516
46255508
82030224
111204445
65088788
88392770
124354242
110935939
104207870
112401741
30579134
40532595
53735575
96552496
71450885
68154942
36376227
68816331
97188763
38424877
31913186
77922072
121817112
11784560
80753675
23516606
9287867
74427095
89719012
120339258
78679274
15557911
31667298
20046480
127916970
5685527
22867882
86631169
34814246
28855019
24668282
12874694
85118682
121166430
120191053
63037902
47886086
40011455
74521135
113776752
104891995
81481861
105567494
70723255
8244629
48660544
87888981
86248930
19609680
33981979
57621117
19355040
75298589
44020809
121392493
45470493
42924347
26830133
75467425
5536113
28908771
89117251
81183700
123238553
64399027
20955935
36802024
1549018
84559780
82313995
69964592
59557481
61338886
98619786
70243867
132811550
615235
43849647
85811463
10861311
99322026
128227588
19890550
107055527
46111538
73379878
20028328
126748759
117155106
11295947
7093123
13933290
85629538
53970933
41387170
127460765
122027417
34874841
8652354
97669082
116378859
78444449
118623105
127353545
25198873
3903320
124194793
114379389
50201096
78267953
123568505
79210745
86230308
85644738
75367720
38393663
52505660
15938551
32352716
115289474
16695629
119079530
101254098
131481698
19641829
47414784
70248489
85808281
70540669
40381085
98688051
48441480
125723335
128485830
93471658
27986166
119894934
82464698
72400879
12794346
100668118
132919078
34109473
28691923
69930729
72581667
49333555
190685
14051707
110804640
20968623
121791493
81316714
106743479
103435272
65868171
114379601
115497950
101454279
13317164
46950451
86803902
120119119
3889682
98047032
130531037
42527319
45142478
115322611
28881767
95958184
54250833
30216165
131938433
45037992
70306909
61722465
54740257
55936069
47518788
14775842
29678765
12033620
40400141
64751814
80054316
85831272
131594706
17302945
122492630
94716754
61349719
34374314
131098637
70856150
38069687
41659548
44201482
16246583
120877860
76442265
80476979
44395707
96650160
62008833
125110436
127914987
106525112
56661616
10046588
21155913
113617029
45481055
34647339
127353990
67302382
84460665
111576807
26035971
23760098
114045887
58077657
88128825
70805151
3096723
132359727
124453029
51192527
71888484
19694358
83438055
108258353
21636985
50490430
127636812
113269374
15409811
77101862
44159876
58254512
22612393
129929205
88072373
84811461
34416869
59552371
2649456
113069927
834977
119298841
64237669
102749858
95766984
110407476
35325018
67661113
69496213
24692442
79834086
105154700
127979958
100890434
114507672
74655713
105959594
94313132
56234135
82615458
73508206
332118
12489768
133553975
54165383
62642286
6388215
111690717
13418484
95013213
58482142
3743789
19409339
75862230
7793476
132057443
55452565
42467435
117011738
120275273
61510407
95448474
52363543
20858697
62185578
18558238
105055976
93178226
106392743
3055077
51397687
132574883
3604032
23456347
120316958
92015195
105909717
44750569
31295185
22154302
92580631
47185252
91291346
39833330
3408738
59229501
55728693
69715687
82234119
36267721
7317751
23510276
17894655
104032561
85710618
101135726
63075953
85536574
78513495
44927279
84044508
26561205
94292345
50228449
61874652
127133328
95161430
133620473
13959379
23707143
124413271
41885581
105015441
35463313
88253030
72148428
38675138
51792159
53729051
70327014
28817096
59925010
104891462
91176918
26325721
92433701
47014398
117333997
23410203
80993585
107783681
100231593
88835743
132582464
27672601
61012890
132061438
130673285
15053850
88400325
2040038
5122131
8172707
42717078
110246356
38049956
81194621
98858304
44314319
42408504
104423397
5633211
59761503
28963019
6925380
52106312
125344384
79756436
59448896
29707732
111490194
86389214
66823760
32054470
131664225
62871106
122041858
130548738
28158441
83899861
83601315
17700664
88403522
114245944
54842682
83460262
56574894
37783264
85612447
122667355
80051949
117271683
98478822
65362159
567930
75172
20264736
18816016
122836684
24055238
89658907
4937529
87630044
24050226
113264969
52332603
40422611
73265282
91239960
15565959
121745052
43300770
5922103
27950958
85248537
113572090
34455737
10122849
54094309
132070855
40569544
109010962
62177688
69812359
80268937
70803182
44959711
77233850
18022120
91821401
87513776
34113084
61238605
67826651
60530120
75608004
97507504
78196276
90454156
108312270
116118417
2642872
58827693
76395775
97171986
5869937
119131418
110603183
53782740
96123949
51697638
133405855
33037655
31359547
27036439
13005107
55855364
80622272
79885959
131043910
131416824
44568460
97142412
39106426
56097663
13216328
97701673
69017703
6920130
65969853
14821145
29045631
87518879
107033085
56992884
20416616
65756586
29880076
96457273
122024317
64897622
74580376
19732793
25169692
11995160
33936153
15722919
19399372
49113998
51498241
45103605
11736010
36419405
36246205
101035330
40463577
109696860
8937334
7974915
77784787
74756710
41644990
98254623
120945618
12966647
1388401
75744282
120170343
68303410
111867864
97546951
124847040
86949528
51640272
13906733
66154712
24126704
103234834
87135984
6655533
84117187
60452130
22712507
112204658
93276822
63683951
87364088
61807826
21123963
62542456
12917389
24358662
84186104
94609638
127193132
15028039
73837443
53091203
61417732
49731034
14561343
4943171
4072243
17898326
120002564
121842721
82228656
66926512
33251526
8778978
32619604
108958848
49010067
61833880
57365682
85644593
72168823
66174133
104716599
84593016
82419451
87264933
32830632
72709444
18028424
47043869
104629782
89380529
11782771
90089466
43503072
4576355
47505413
5877386
58781152
111283938
121448962
123217884
124240901
45634623
100939712
77296007
27021975
36888559
79744634
1913653
125496404
30760139
44988310
51729342
85503400
115721961
90682856
34487464
62115379
4974793
57078736
90526758
134049361
121707551
104443597
125540659
35086181
63903574
24537927
36527209
116264671
25963236
14286866
70507582
78469605
14152396
109905873
9642468
97093447
102495853
91693642
119202705
60623346
20023830
124998818
131575807
131114427
107484613
93256227
76482474
76571194
130922451
6829238
131906927
54848594
115457465
66966986
9137181
44792115
112364011
2405586
26748459
104312629
4179329
113398407
76437774
22045469
28385452
10904563
8428216
107741586
120148549
30196901
103929535
36314752
108688350
129840600
80013390
85201216
42037423
51770230
23839781
68816
107613289
42122750
71347905
687163
68394514
94376516
116357446
92722425
108823424
121286608
34757061
77226581
60894593
31393538
108547741
24676425
98851508
91406020
18112193
9843392
70609460
99740148
56572313
96922338
110070875
90333597
121480947
79309813
120725719
1257971
106414608
113121832
53929573
37230540
27190155
57037618
18940462
114456544
117466890
127863124
19552394
88779879
88541948
51680289
34032166
27675641
126402608
98323832
44463624
53799553
92216516
27585559
53753423
35827969
91291245
94738938
67245085
4368372
85150448
79482366
62584548
43412939
97095332
27743507
5389134
70971285
63365022
23797743
47093299
3577730
61529348
51125745
25200647
111968391
19592164
118908160
3037140
87823876
6329926
24783333
67841924
101623150
46684263
22138669
94843868
30188166
86895844
97722430
45944505
93471373
29418237
1143851
109086075
60597667
10859364
129576039
127870091
11772498
120522112
82259898
124414267
94732155
107111403
130802473
65265931
130139943
4205807
29132188
62636272
108937708
125159063
112403652
108284891
45092354
20652679
43199211
14714672
8060924
98190307
22632252
37800349
20485503
64472760
103953976
16619394
124794898
14114344
109479086
122184844
96628714
61416823
57629116
127977470
125536661
14827326
35996040
123971187
91714698
31789625
75446123
33219707
101364082
27938717
72048232
12432876
110064224
43408194
28410840
54111032
5500748
1805089
64220170
18312318
109775908
5527466
43553411
15717470
82978009
38571349
59888957
54873396
45569707
12255913
88365768
132568865
54809133
20846193
56221648
59941212
45772209
6932172
91269158
129396630
6509084
29616471
80520340
1607656
88297668
60450046
126032475
32634552
66147079
113573306
43091270
16759985
20735630
53704902
121651321
78293378
39560207
48781789
10804155
74340437
14965357
76257180
45718742
55249351
24553836
74620339
3647995
106089510
55514907
4115008
94268688
95246407
45477592
77737173
24328543
73624618
4960536
130136731
34546901
91845717
5637357
27888798
83953686
73538236
110606856
126323290
66867722
17793948
54762826
124441625
28885480
5765358
122488033
57122702
19052684
13718158
20792284
29168325
77710678
39099234
45549805
3894886
106897472
97597623
22775858
95564995
116528666
8891915
85371450
40795096
5252180
106124451
3795655
26113747
100965252
109911491
73385243
57034317
19018071
96495020
75662254
82901058
67075292
72880463
16192935
76993265
113164986
43500947
66342843
23133659
105489842
65211335
82725600
92406533
10218494
129186820
84146961
22441571
54307294
120934799
41588129
22359601
86582041
59029244
4862049
4196465
127027800
42521880
53457596
7098988
7505463
24858700
54607718
88368052
13700950
53087690
128735266
17214560
101259795
37814645
69456383
40418890
76183571
86046816
55933810
25531087
7525197
61709095
128197769
46352858
106066230
82496162
21941695
25388431
129290171
79564006
31011475
118037854
68909174
116186330
75393377
39436720
42698717
40077276
95267616
127789930
111969343
70577733
129854135
70115183
44497557
73689982
33153343
33830136
14282512
114302206
98648687
76447715
66805556
28256251
127190774
34807525
54127976
100881091
97849351
97202272
71092834
35131886
133572092
78745042
86593272
22530504
97557481
23409944
50603444
27378733
21930117
34899278
111677054
116389739
57001398
44465095
107322947
19571491
47858973
117670507
97081767
130920097
50557181
82014851
78613528
28111546
45477202
117818488
73961252
16869044
59929024
869993
18259059
86440077
6625741
57688576
113607776
5225158
93564381
11672163
79861965
107223084
93649345
33849371
21652140
79227891
25245517
45767674
110054792
95715057
57645081
4636271
92675376
37861893
81650247
76299896
106015818
21174750
21119303
122498205
124148364
72643958
53279829
82668685
22744387
74294786
108442606
67132507
32810097
10763415
14907475
82170092
79011643
15697062
86335726
118564422
29957158
16232812
115156832
48580307
91700773
63568229
122397182
58271278
14041703
58100258
38631524
23612749
101846638
8203568
119185487
79786173
2687359
16332289
53887231
114100787
63272399
58552816
77497716
48743802
51851095
6059254
64437518
109935181
68652437
108335295
126152177
83253207
24630241
87211387
129487042
47820607
11877250
97413699
129434045
119489746
105113739
7092266
4111063
17446483
70741500
30324421
92549424
997894
132039923
46445647
91365834
75208994
30394160
54684433
116551077
71868818
6904285
8458122
64361861
10400743
55258211
127840815
86593165
13285439
89068034
54073832
77725276
21031428
18823519
80151574
31885077
62376925
64073570
67224636
61997567
26322551
80115357
80239067
35704773
75236544
117506046
51724316
86268376
114871307
21427386
54293340
9598067
1539034
127836367
15196383
105565587
51237606
55953544
100060218
11367151
87238501
91562110
72672469
87769922
91837830
26324659
42739913
97881678
17081360
40891740
30172672
55936042
103539029
47754596
71700550
27486433
50832360
66728531
50873440
45883138
34013173
65561828
27118181
6312810
98528643
111754263
121135289
75024135
29525534
24325699
86348474
96206653
64669087
128774947
683620
54131217
104693419
68314498
128602685
1307699
69122676
74009165
108005664
20991910
111179363
94527139
75825136
39628628
7835766
126786225
22975772
67220791
42430760
130078346
17016943
62223494
133248567
20643545
52839901
111086936
35120372
8516402
383432
106727354
70570223
75495821
131237529
111995558
79420347
68059550
59548935
67884542
70782452
56883704
35466099
64115928
68719862
98326995
6303228
29311819
108133795
8145232
9832864
111841656
111178403
27470539
107553355
43273388
54209770
8404978
107843806
68475258
124795434
128956784
50280350
17591348
15894533
63741315
75800477
18443241
52410686
130062328
23770401
125033789
63518345
29001360
124854402
115616277
133959170
86325717
109777505
114317119
61693491
115079066
78611709
41766692
66420545
44838633
128227556
7923759
93730754
33447143
81038449
101493305
74751855
119742390
64434667
103963853
6518954
41436433
95298614
20499621
83901048
95093507
60135875
127258622
120433135
68458216
70303587
13347068
83447760
32784038
92839055
28789754
86462276
92586217
889553
85015737
64325475
2077419
26356566
4813954
5162174
98651201
38987574
124453938
81102338
75067084
110586088
54449560
22500795
32099607
5457247
133808352
29577064
89092895
109034936
100510453
40814420
65681927
48291517
7959515
110819338
5224189
80056745
11464550
40944698
87885496
109620727
25471734
121315554
18879364
125084214
56391092
120080909
83328333
64646481
77428852
100524336
72001410
54804208
82476746
37845300
97739744
106556288
83216627
120530518
120614664
119998671
30661721
10393147
18506196
127804292
39905298
32833721
10696895
111165071
29771268
43703915
14083845
33658888
127730552
22874356
29421150
45188159
103155739
48282157
118403603
4535868
32662296
47654383
13636024
112898013
95739610
39701347
104807327
110301901
3244869
70331667
2017883
119421563
110574737
98178455
101093126
95699710
24393743
86716860
91221873
60825403
116829045
27904880
41728961
16766426
96660604
1497355
101045433
123202341
83440230
3030079
95366905
67215448
37337660
86841631
86409619
22962796
82737154
57311643
118132306
127975479
39902539
96588137
9081781
59337510
2549396
30350790
107873596
11038483
33546133
29377597
53833596
1294905
10516398
87239036
99486027
36061563
99882861
78372068
120983153
1170290
15648433
49022410
68114073
78852446
67132849
120537239
66888586
51412378
45168601
83865709
128164168
39694990
117633749
125870230
37919021
126844153
55947237
69650239
67249530
122544652
25022698
35133507
77265594
27666465
83188493
47718603
16440775
60708023
63801259
106180372
1350084
60270165
60087825
65379276
72369643
125788511
72792437
27954680
101101861
13042366
74709281
53251402
90149441
108741789
124721283
22730660
122609364
35217178
99481333
10606208
93384473
31663916
35017260
96677236
85018739
4555734
99858221
4146049
71719359
77196206
46872799
131288153
97588445
111095935
82098971
88072133
101955657
106347969
1119231
56023799
83683907
111516295
54451840
107042224
68520583
90904349
24326708
99825718
99215191
44776338
126727718
53561058
96840664
87680759
39454618
119317395
3729505
87642089
23055171
98572514
22969032
9193738
69785828
52871778
114770618
111433291
12530680
127464669
23461914
8777454
82538721
110908198
117138645
11136866
9052240
66795469
35555868
730942
47181085
129792102
82932718
12404898
117039689
6598279
104410535
25963719
103326864
76174118
107316971
82109753
106569418
92359583
78027237
9849311
73778574
65797660
117139310
128866860
30240765
128177013
6870468
8935474
13738258
35040560
71071662
92243635
25035217
63909656
65743902
63605880
11234290
62743208
51904083
103678989
17426792
26698076
11284168
99709124
41674528
73206959
110084154
70993913
47304486
102955380
113144905
40628722
61807773
83652990
129787069
39570632
9589093
132399156
112694162
124971773
23788283
28984964
21133277
75068432
69387865
107578338
65516370
8401814
124535911
23061027
73031698
97172947
95530329
96938398
111896365
36630062
98935788
48158096
38492182
56754043
127795805
119076137
84015768
6049067
15204146
101920768
43397521
73905965
25972297
20948266
59899033
67355695
46552547
70983626
3936358
120009411
55261666
123581429
55241691
117839486
6446646
110453159
95696362
8531059
17632785
96812005
113595932
54162276
81914964
105756239
125011744
11440772
39933073
40288307
16589513
115220371
23805583
49882189
62691471
79984581
100328131
14439034
133012509
73637939
68325519
78080038
126342924
78719412
73444454
97146860
123040136
107477193
89499426
27645423
108005542
38162068
120028354
91806938
129147955
34114716
21478111
17226626
84047902
90771333
8035974
24100404
9497029
26738131
62808204
53965677
16237496
70131143
48831559
132925457
117322501
64046937
115151335
130088699
53720592
128032635
88691961
61780302
42348081
99320055
37999611
86131086
11278111
21715634
907826
21442236
69667579
38800216
1635500
49854710
128677776
65838082
68728253
104021842
7804164
57759460
24279823
4348071
55446031
125616779
11471130
121838184
81168991
31956505
50106710
63572959
75557848
49810143
118026457
24608559
96121872
112855750
41946201
27558338
37629503
38170965
77605888
71901703
38318886
120041380
75124740
39518392
130609864
16574170
57675604
103767961
10253171
56259288
34903039
6761840
83848395
122723122
32579079
68032687
84073840
22546013
22100748
68356331
53024958
2361059
55336512
74893675
70026576
43515232
93987639
114199669
54844264
123220098
108348402
112146958
51537410
106515394
46434721
8036079
52696990
5516438
65523052
112338343
93991588
4709607
63749055
125105952
102008864
105017011
25308718
99185859
62596293
88962370
68513239
113013971
26111500
99443600
28948475
98088939
116442229
106459425
65252906
19584503
19364528
68093023
34381687
12106679
132038043
5462385
67943321
79738917
124647134
21320828
20139530
5558083
127976835
109832910
74402258
71946551
40872941
44963492
111640412
125565411
66730924
69696244
61744076
26358820
110470365
76011791
26616317
102997875
11183636
8331118
11129326
105441209
89130160
108626199
129233383
36368977
33008112
36871425
24269712
39761005
78283246
115635680
86954960
39131609
129056931
89904023
128063678
131548865
92835857
132692859
68840298
107856751
32955450
59270878
28523224
88877246
99180818
114798803
87764772
11147880
110824702
96827573
76612008
32242096
56617932
2514910
36591043
57701602
4981365
68629578
105854705
41047941
58572324
127837077
123774556
14040014
82753236
56820779
104712744
106101262
40103051
110698467
96109388
90209469
124400892
52410865
123913773
4340448
55525315
39106145
90494193
104977383
39738302
14592898
28990466
96942234
64906513
116954699
58429638
2290037
121177288
87717988
34331607
126284158
13043664
89809951
55389343
52515697
51921214
40008406
116857066
106225593
92049322
81875908
117445161
131487508
4193457
119077847
19068979
88813833
33026729
28413008
40826699
29739151
29650015
22726890
89132989
50005540
128146860
60701607
68352883
107435832
114660915
15049028
92504416
27663579
28702695
45975862
108349631
48788738
97266466
33936746
73379975
114498253
1625579
83214319
98016135
91373422
93090540
65512673
22995819
4028632
29918336
18872722
114893312
45733196
96020216
90461178
23113020
32371115
110081154
117234726
354064
104451911
42518539
53319098
99513521
97300219
99806184
126808447
107410810
51256375
106807797
21024934
117430747
31382490
7386071
27494372
1047361
19962887
123188215
98499760
112742954
28516298
71122039
46995823
68045862
98318582
9620408
7229484
26339605
121171346
62365912
67178992
17689522
29382799
27125710
33437284
129801644
131594081
18743256
23237554
65200537
111046969
121960115
26706717
73943455
75742094
68897613
37789360
117567274
129950542
132544238
3449908
93137310
98452518
47791902
96648780
11697756
88673555
54501110
37693077
21981071
73515522
97612243
59627343
25478149
89381502
12172316
18072664
130315175
75038376
79416548
100563093
77358143
114430839
131788238
119852762
55007456
120849930
26982372
89628529
70278339
77297226
132678773
113955960
35242666
33390167
49727517
11782080
80512647
2669585
104611640
130538385
90416833
8402940
100456101
4459244
133962084
26237909
103699015
122719285
106475442
118095070
70698414
77029799
83869457
18031875
20903937
16940547
95697914
30555269
91652560
21539158
100515864
126209865
126295561
105583651
78226347
32743858
29878691
43468191
125017737
123587038
115280261
61574246
129515174
65560652
41549507
102007858
45645413
47703411
17623285
91454276
55368755
84426415
13321552
97950423
79514570
97552898
24178027
133018739
114413873
35200125
90961816
7964036
75885229
41965739
83134076
46534595
52007282
29855333
1382590
108635859
72930607
86852753
36507530
34754550
36985963
126609355
99716987
91371120
77821582
30551683
94129740
48106604
70951970
121836651
79919500
22106979
115677618
53264392
63279613
60920344
108743665
117304998
62555856
102372224
46349228
86016050
114439278
82581900
57731214
50694958
81765161
31419019
83700898
11691508
109561425
27454493
122537868
34835899
47388624
111850133
134186722
2189143
57428602
85615577
58828211
45747326
21473583
87875258
79533571
101263393
15451777
96231767
104975175
3150966
29960810
131925961
76948087
119457821
34035375
96969873
35364361
108982727
6479250
78509999
133993301
108194901
46230465
107638941
16945519
106020031
111278266
46520874
124816966
56428817
83419877
72866586
127051763
77950023
79714554
72664375
128974790
54610899
103504856
97827513
127870021
117109007
106870905
2923901
128488680
107177322
75845015
37354777
14555149
91633105
80711421
24818144
93032278
125152777
61138631
54379794
11752783
122885638
89354373
53799266
25091338
41724754
38183318
81614316
94374050
67760530
5298590
10595214
21338398
16801663
84346005
74675246
13842516
61693637
116981933
125869687
95267346
17400703
90423978
112765729
23850970
28030895
68404170
110543093
7908132
120994237
35458461
96496243
33520646
57147441
132385141
110342799
88079240
8456312
88859780
3506928
42642962
37100202
55889829
113679474
109405461
19479307
13185190
132690034
5171387
67458113
116212887
117333271
3697120
36593117
117521420
97104341
122337757
121227202
121016921
51308313
47432585
100626312
95535754
39821144
104214210
41051383
8255050
50177142
88645740
117176079
62241009
29568596
97432552
17630927
100564807
72625174
92615687
87832692
5268057
119426260
103379555
75844301
96494371
96252429
97116827
17554955
1324721
83065125
70863519
18349749
85047318
23571451
3887371
54694453
4489275
30222831
67189583
130404111
125478705
25549838
55159110
44141289
16162778
46263210
56087125
15847413
85484584
2887312
52582608
12990095
111458137
64579866
130544540
66510005
40756437
16247033
42220412
66837222
15337934
47611627
113040115
118024474
21122705
95722162
7529809
80710382
47202876
57269465
10638976
3238589
115759374
121876704
15994138
30748373
133632490
112105913
124469165
26735393
62027641
16913264
78597328
89162130
38078185
122713979
22121915
25526522
83151656
54315369
111632346
130709827
18816072
64259206
103062348
42183661
53922490
44144258
65597482
18314922
57727313
107799080
72399961
108542177
76718069
24445319
125913974
61418636
25132168
89832634
82296058
35991458
94358495
131870790
122321640
67792880
21866137
38855027
28944871
39488613
30365658
127835075
80561324
43574681
55740991
81663152
37022602
28100192
37091529
85997501
30194521
6132198
34351610
38440589
7019128
63653169
27918010
36710771
98660311
16692984
129526442
125673714
8454340
40906982
37962857
23860303
114163489
100049986
14983515
96699049
100994470
30534070
110783471
20463890
126299269
101804163
83880588
96956243
79997763
19143384
132438275
30635471
21939812
36787442
11985851
76313553
130239564
118987016
67574405
38554722
57444619
81755759
125424891
59149810
4297036
117056948
86140247
98540378
99181531
106995655
116916896
84950012
128132232
56118454
76433368
41267358
45559947
115552949
83558059
21607137
48661708
24036182
6186406
26961785
112237926
61791453
28271282
131453854
80866731
56141216
57782000
60718842
74999682
112127694
17099507
101306821
18087347
128184495
82787573
122753640
2470786
59056329
9068175
64652516
7146512
31525251
130319136
84109343
11813396
35413136
93749249
92340103
33421037
133266205
15776088
117877691
124848204
31346850
101615757
117001728
50902770
116607070
116994474
46332222
81218499
105556972
126070471
45087795
133102976
51784479
126680848
90823577
62870329
103101637
92660239
116760889
86639294
18442128
69988952
20037598
72660561
84768399
13508444
55684465
28140252
23828124
3045723
35556397
6895806
62875606
9882349
86802905
86612923
124102787
133849616
11156022
29746710
27047142
127501233
4063312
97159565
24831172
75381956
33555961
22377530
19238724
87863334
35848550
96794845
100698281
80113784
88056686
11777781
20019077
131323852
91812230
25868325
37909218
121459536
21143903
62535106
69354373
57976358
131183284
54869034
102196581
109684767
71783618
32133330
44365465
91718880
92299515
34068306
88902115
82344239
364265
83295738
50509271
97485606
127449598
53359672
96404982
3426721
107614405
87438736
130094358
121645489
105880616
85333750
118732512
67162412
67421530
18148127
116894050
108888598
98523575
35255631
6081942
115621605
66176920
100422824
127993579
41829678
42399446
7977124
58753628
92519738
9631182
87031938
87810100
31625360
19417481
86459235
90063594
117710818
53067580
54329969
97948033
18313019
131151166
75041386
103329330
126544830
88842232
112786930
57088905
95613760
70958552
73083537
55642163
73152008
22171644
52260897
68119387
28955117
43633133
106406992
63990760
116714142
88785913
87919724
114809338
124487994
110065668
47537779
44819381
101777860
100961198
39019411
114020001
33799642
70900086
81216104
66388392
43548672
45596006
68440919
8460566
50121631
8010394
98117017
81103578
62260342
47033406
85229900
10271328
130716309
123446003
95537094
119172493
15354861
108107970
128474196
121656635
84189628
133412762
90518043
40981510
27887215
49365520
77862202
27079045
57139510
83487451
6745452
109935480
3169035
74546986
116012996
114880450
78439857
23120306
101705682
22592619
100950163
106811224
70433785
97338949
58478924
51605820
61239404
79739821
59406626
31310492
79023858
124000800
75653757
51625316
22275380
31451812
7485431
37230246
107867872
85409921
18363241
77762970
14716426
10069472
38295938
109021924
67780576
103616274
26288164
20629487
131788248
45729038
123367135
26322465
33181148
19999503
87062563
22314700
13879125
3312168
15893633
101164917
9335235
90813216
42744160
132230476
27656656
33432424
77235370
29367889
131807880
26135783
90498971
37117969
91596647
56906903
59143690
103271244
79595861
130809281
65740682
43651455
12893341
42998884
107824267
18306003
83084855
118660599
20410859
39943649
76654471
4479790
23750219
36016490
10724784
42525926
83142473
133783995
74230152
20213730
29438538
79292203
26203116
55903890
62470130
126992432
52063667
68034846
86749243
126629180
60403028
126204538
27095997
28887549
81931376
84642332
115458254
73719106
118915102
133356639
131672705
38482610
59164940
43723518
57449262
29023510
33366281
101019279
56486182
104645604
33327836
12166894
86140701
61882429
4909453
94082028
600293
11084412
81175517
115070272
95692224
61294176
48356981
94437256
39988245
96937941
77417450
130810462
89987910
1455828
81710560
96249651
133994999
63100228
104453070
119823930
32804806
65029975
23188462
97334649
27717400
11025214
98201329
119734474
23862946
16411781
31258254
70057385
60062552
66610714
89245769
42730891
58968681
109934763
110949577
126569957
48307971
24096767
78836018
32992582
75647243
84658546
100456598
66094767
87759972
91368752
51922764
19454777
106386482
98276933
28598304
61178878
105382510
24424612
103373832
120099402
98927477
32653561
15691370
46674077
40139969
68626781
70564799
2582318
86481146
80291808
131119302
91969993
73590178
96002555
68757878
52420742
40484470
115155559
47377679
61862979
59776426
122994356
34324191
123506471
18999755
6781381
97891282
45892501
14391215
11532903
45339789
67890784
8300706
6507137
41790137
86678226
44890083
134161350
126188506
6782825
73903592
64391054
33308126
121467866
61774354
121797219
428669
50422802
81482453
20652890
107522790
38610976
31863287
116772460
91753247
91404301
62739717
118226825
92968554
13762515
116656449
133862735
49329796
39936088
95411838
103838893
86887432
56636373
130738340
43086400
70446738
121002202
21848031
49146934
100748483
109435995
123448067
33545375
125201576
85170007
45288547
18921646
110785435
73004286
87161411
102386420
80952519
105454753
103898611
14820281
58439941
63875874
70238735
84793906
118177252
50519510
109946042
118480018
40514904
100249845
101282967
22535962
3954771
79276752
92161524
66668250
81822514
36349051
61259811
108406130
92645040
114514193
108882366
41092196
82309335
46455524
112145575
89449772
97392339
124078819
84064982
104888417
61210193
54859103
28091548
133080884
107402973
130510746
26573321
12382896
80256407
893208
61670628
11127084
20382615
80848085
33224171
67255664
95368881
17925846
79456521
81032961
990740
32419016
20760728
59128847
121470849
10786689
120473254
78869439
40584601
48669766
37083112
58621458
8306940
89055849
102008117
12516608
87182662
15247372
53049467
13874911
7077891
110384557
117500656
48787834
132985702
81600011
105749419
38559090
102004257
133170484
100251159
27627332
3198418
47291245
80402736
87461943
45917338
123041129
122978223
7978138
58677863
119706510
47184069
75126672
63713676
2924012
100852154
43249375
129635165
15286267
39137488
55798945
57924943
78939122
18691702
79383200
15599500
121124420
72509861
47822311
53354203
120906752
71048185
9388226
18605959
12136982
52410240
17894992
80613516
72682337
122737549
113783659
101116816
106245612
36453639
20086343
13288599
115500050
85544917
88904578
14683212
130948517
24330543
84456084
46426314
119856350
14196266
29116028
83202714
28635408
129905579
42779366
101733280
8191642
129089459
96795781
64218275
17750168
54828723
125182199
97684608
55290993
14626293
38581894
44875758
51229560
49544860
61334305
24728220
71028173
29041237
126047122
67139181
60406600
74830588
21605558
16522395
115025056
89084989
42287867
101943678
46944574
131467105
123507075
97129885
82527995
74217846
90848169
58541373
117764351
14292352
131465997
81321976
123316067
27714974
54046546
128637152
126288665
118477572
122570605
68907606
108453689
95538560
74398625
70555499
38701880
31345300
133450993
125789121
86961338
111705625
87131937
125077600
13777845
20685944
24316854
57703276
110753065
3459113
21638359
65047821
99864767
97442990
15362551
122070249
55111774
12863786
91449601
44748588
15729724
89477430
76189058
28736357
123154246
50994849
124538179
8558578
42999901
81415674
44481597
71316266
48327943
80604357
48582321
36005093
42725478
188176
122146775
42934290
10014535
97944284
51173166
88311641
116649089
70978270
97864032
40411286
51326756
48292394
35089097
127196239
33005216
82640906
40512469
31284182
82048543
20583419
44587943
85663323
89532318
128699810
113951402
50952849
19497031
118045557
95960309
42071901
64984937
67521358
64411961
108526498
60806922
25040465
89272678
125975989
93593659
72358894
123195093
110842375
59224958
14417339
114910639
6284925
126233598
123046548
65325402
35200721
76705615
123566091
13218964
80384227
96710032
130745700
105563594
98157901
131530710
106067934
74635682
1477413
132478524
65142480
73823175
2188405
32422867
58302429
10010722
133018768
54731743
81441751
20570377
73115908
42703757
52227206
128487091
74382392
3926207
111496186
102229779
111559586
5251020
52499016
43406726
65088355
131848128
38423942
7565275
61697434
53704708
67360481
56100424
83635839
16472335
8497303
124815007
90996882
123121642
119789650
4419487
66018203
130309181
14547092
70710879
4630208
99908175
25544421
34690491
111370572
19830614
16917274
47921311
85697262
62948000
98900189
39873395
124293011
72298850
22002016
56768997
14262311
129635587
30504626
133302678
20509333
75490186
10290847
59906528
60608511
80198458
15911552
42899134
55860090
36772420
19292781
129534416
11054195
98813263
118441713
40555196
121050442
113685975
114400199
53662093
29342928
62728402
19956940
53253040
91880772
11658804
48844723
103572949
2445107
91739170
110797412
16718979
51845075
99432531
88779575
26948177
131618587
83776012
85719436
100003234
9965575
67927645
13541469
38408809
71826860
88631574
94298799
133965003
126998226
7166491
55676718
62684514
125315247
27827244
6183991
119950238
81508532
75840558
21414627
19788484
57096769
128407347
22823624
14771973
111540112
113129148
5654832
133726584
100527734
13830586
20432683
114696574
53843766
97427629
60340211
68461943
15429040
16245558
120263269
84828703
37120958
71581606
84953254
126143129
65659535
47422094
13939790
50922025
116204298
87007069
99446544
73582026
6906145
120023797
79072653
76775592
59570766
71153062
84821122
62540605
114716750
32680407
118065108
110942442
115891268
75657897
93634470
56302599
43821292
74385526
96024970
12398896
96909243
62153038
35026708
22032267
63271853
92508134
101188824
70069438
40247269
123777193
96606213
1568094
121493871
20595421
72776537
122714023
63518957
18919332
29459852
94884845
26087829
87987967
60419280
91386260
114289644
29603483
35825138
38190912
67561387
86796789
20336014
90174382
107321142
16328733
40146533
82918918
80130306
62603605
70406397
24083449
81671801
32572191
102177858
111508231
65484275
62582264
117382403
123069969
12803342
132241071
99921710
76747198
20741519
40314320
30372491
24189495
82129364
55221868
79314002
47301875
19437652
49936627
6746326
38473061
8057991
74768161
41471318
84252197
8918427
101377280
23227317
95475693
99754319
50929053
58166217
49358174
26317835
92327506
11891606
79083915
40449524
22806134
76524503
122878393
126342327
115849950
88246705
90254827
38802185
9957026
134193885
122895490
72715862
130178820
108869030
127340787
113257990
35800828
27074416
63697021
122519797
130572014
7276094
29936624
113161064
133797097
59346232
57348620
103030999
60676750
70345096
99800743
13888189
82455663
16534427
111174433
33834272
103157037
113686391
13241151
116255994
47845974
1081569
66258017
3696024
96783984
121573690
102854462
103432971
97710603
92540454
66694678
6504742
115885878
110201943
29328547
109946383
42773545
100891724
122158
34805911
36316855
8852357
132642448
59305367
1811259
89087533
27893315
30229157
35530661
22605353
68306649
16027038
97224562
115211373
74660635
61639136
45633993
57876118
85896393
84022143
15028811
81047922
126495542
1170610
96057279
67576201
49615636
85956339
86116454
54443473
55074201
38274434
84208155
91512278
60226393
15321279
99335278
43382647
82342071
107940145
65357302
120267394
92127641
39152063
83791942
115154602
1950791
59364965
130184990
110668702
31982629
65454152
18670755
86146893
73534755
7640875
12161900
59754050
90625617
71949200
31813657
93807269
67710792
56120317
78927973
87705005
121605764
88722750
55958765
133950879
28932670
44223795
16924235
8405537
58792091
132322200
13491858
9234068
107327183
