10
9
8
30
11
9
70
34
19
8
2
52
28
5
15
7
17
5
8
6
4
164
17
14
38
4
10
12
5
7
9
11
34
4
16
24
14
20
12
9
16
2
32
11
10
3
11
33
9
84
27
9
11
23
321
7
23
5
8
10
34
8
11
13
8
7
17
9
14
14
13
14
14
9
8
3
14
15
28
12
33
15
142
30
61
15
9
91
35
9
15
27
66
7
325
25
12
9
13
4
5
107
4
113
8
54
8
10
10
43
7
27
190
14
8
12
43
8
11
15
6
76
9
9
146
104
13
11
5
5
155
13
8
25
30
6
51
5
13
10
20
7
10
17
19
10
14
11
38
359
15
8
27
14
9
13
13
32
8
11
23
16
101
22
10
10
3
18
15
9
47
8
8
13
37
9
123
76
110
13
147
17
8
21
7
19
21
157
18
10
16
15
6
9
9
13
202
125
5
25
10
11
183
10
7
5
8
20
20
8
50
29
49
16
33
7
162
14
9
3
30
29
20
10
79
3
145
21
11
11
7
9
2
10
5
9
31
5
115
90
9
53
64
9
142
12
25
11
1
17
110
63
11
6
25
11
118
23
19
15
16
16
9
13
84
32
365
10
38
6
14
6
5
12
156
57
10
8
90
20
5
11
27
17
9
18
12
14
26
5
10
9
131
5
85
24
27
8
81
11
4
24
12
16
11
53
30
5
12
28
7
14
16
10
9
8
9
7
8
3
24
7
19
70
12
31
6
7
14
11
13
16
7
12
7
20
10
12
24
11
6
6
7
12
274
17
8
7
9
42
10
28
6
18
11
16
83
22
15
7
21
24
8
22
7
29
16
3
11
10
10
46
13
17
10
15
16
5
72
6
8
11
3
8
11
10
23
7
9
100
46
6
17
8
259
40
7
10
33
17
7
8
8
10
17
20
11
5
64
6
4
21
3
12
21
97
15
10
29
8
15
2
9
19
99
9
10
2
16
5
16
22
73
10
5
6
52
8
7
12
10
14
55
3
8
11
9
13
31
7
16
11
17
19
11
12
11
8
41
480
63
29
14
4
3
14
8
21
10
17
7
15
38
39
19
23
5
6
71
42
7
4
26
19
71
11
58
39
8
25
3
33
12
10
17
17
17
18
10
6
