21
22
140
7
10
11
4
11
9
45
18
101
8
19
78
35
5
66
9
10
67
12
38
7
24
10
410
10
7
7
4
19
50
87
19
5
16
14
86
285
115
31
12
101
0
16
8
10
9
13
56
10
5
163
12
13
67
10
10
193
10
17
7
28
26
12
60
9
7
4
6
12
12
4
14
13
6
225
17
12
10
12
65
22
22
40
7
17
12
8
16
14
10
14
4
24
8
60
68
126
12
13
6
6
29
71
2
11
39
2
6
10
10
11
28
5
14
204
18
9
14
28
14
11
7
4
3
9
12
10
3
8
7
7
8
12
27
18
10
318
10
14
6
38
7
12
33
51
10
51
23
10
23
34
13
7
59
27
47
7
44
2
5
3
7
3
13
11
13
8
9
9
30
10
3
7
16
52
18
74
45
2
44
9
24
29
40
19
11
3
28
7
13
10
86
99
30
39
29
14
8
14
18
14
18
14
139
27
13
9
21
10
76
10
88
7
17
149
24
11
21
13
8
379
34
13
12
11
12
8
15
11
1
7
72
11
428
18
51
4
10
9
6
3
10
14
13
31
25
8
2
14
85
25
19
14
25
333
75
36
9
27
35
7
109
82
6
9
10
8
28
52
11
37
484
10
8
11
6
11
18
15
9
9
6
13
14
21
12
4
25
8
10
8
53
11
8
13
15
22
10
8
15
17
16
5
7
38
8
12
8
5
14
9
468
11
13
9
7
12
25
15
14
6
11
4
18
7
7
11
11
364
11
149
13
12
8
6
7
7
17
41
10
6
13
8
7
11
6
6
14
13
22
6
18
13
53
30
6
4
8
83
33
12
9
6
19
10
7
9
8
11
7
11
8
13
14
28
119
12
104
7
18
4
7
18
16
10
13
40
10
59
19
9
7
22
11
61
9
14
7
36
9
15
34
16
8
48
14
5
8
7
18
24
50
21
15
19
48
28
17
14
5
10
113
5
16
15
5
14
2
5
6
11
8
16
10
9
10
20
12
49
24
35
12
3
14
11
12
10
61
12
7
14
50
131
5
17
27
15
7
22
5
330
11
31
0
14
4
7
20
20
8
7
6
12
9
10
7
12
38
4
19
23
24
9
9
11
7
8
19
9
54
7
7
40
12
10
9
18
