5
24
21
10
28
10
11
92
11
13
124
29
11
44
8
10
14
130
11
10
8
8
5
20
22
17
10
9
9
17
30
5
13
7
15
16
11
11
6
9
8
8
14
10
8
414
7
31
154
22
22
27
9
32
4
18
39
7
26
15
9
9
10
10
23
10
15
9
7
17
2
10
30
5
8
46
28
17
15
11
6
13
14
29
12
393
20
8
8
16
13
70
23
119
120
8
6
14
12
13
8
12
2
3
9
4
9
5
5
13
21
51
8
15
10
23
8
11
4
11
19
8
8
29
40
13
89
61
13
13
23
6
12
5
69
12
8
12
22
55
9
274
5
10
39
7
9
12
8
12
9
5
10
8
12
51
13
8
86
20
58
13
16
1
5
6
30
11
57
22
9
7
8
9
8
12
17
12
4
14
6
19
14
10
11
484
23
15
26
5
5
14
26
14
7
11
14
8
8
19
17
18
13
55
10
12
7
6
16
14
10
8
5
32
7
383
22
7
5
20
9
9
20
7
7
11
11
13
9
9
10
10
9
12
5
10
86
27
9
12
7
25
15
10
41
20
14
6
9
16
7
31
4
40
43
10
25
12
9
7
13
10
8
8
6
6
17
32
9
13
17
10
97
15
27
13
8
12
19
5
13
9
18
15
10
11
35
7
7
10
14
16
17
17
18
1
13
9
9
7
0
7
13
29
54
7
6
4
12
7
4
36
15
43
8
11
22
11
42
13
6
8
8
33
258
24
75
10
7
13
8
11
45
8
26
11
17
10
15
18
8
5
14
14
8
16
25
10
7
7
10
17
8
9
9
47
9
11
8
17
6
10
56
14
12
284
112
8
12
9
12
13
6
5
9
12
12
7
38
34
7
65
19
14
13
29
7
44
9
10
28
9
8
9
4
10
7
14
9
9
12
27
6
35
8
6
11
26
33
41
8
32
7
0
26
9
50
65
9
15
8
10
31
61
151
10
8
41
9
4
14
196
52
27
72
6
17
28
6
54
10
6
11
13
5
18
12
4
5
11
6
380
306
8
18
11
400
11
30
5
2
13
10
5
6
19
16
7
37
4
10
8
12
4
12
24
14
11
13
17
21
15
6
6
8
24
21
20
25
5
9
54
6
13
11
14
7
42
13
7
