9
8
12
13
14
12
25
19
10
6
12
154
9
11
11
433
9
27
1
10
8
11
5
302
17
12
8
33
36
268
114
16
21
10
13
15
11
7
17
12
19
40
8
6
43
6
10
4
9
10
39
17
10
24
8
39
17
52
3
11
86
49
18
9
16
4
20
41
2
8
10
13
146
11
13
14
28
8
19
7
9
8
10
116
8
7
27
4
12
18
1
3
79
13
9
9
6
11
36
11
7
10
10
5
11
7
9
5
19
8
35
12
7
8
6
8
12
11
13
15
48
31
15
52
7
7
7
6
27
13
19
20
4
12
7
9
5
15
10
15
41
8
21
12
12
35
47
9
6
11
74
10
168
10
9
7
84
25
13
9
11
16
5
14
14
31
3
8
6
12
10
12
12
5
52
15
11
5
453
11
145
10
41
4
16
10
11
17
121
13
20
7
11
15
12
22
204
56
11
10
33
3
170
13
160
7
11
37
6
14
352
8
7
14
10
15
13
12
5
40
17
11
107
15
9
9
7
15
38
8
25
54
9
12
7
8
8
10
34
16
21
18
56
9
128
9
11
25
15
11
56
14
15
26
11
13
40
30
10
11
24
20
11
13
5
11
8
10
13
24
13
6
12
11
15
13
8
12
23
14
9
3
11
9
33
40
29
91
14
4
18
19
5
97
76
12
4
9
32
13
158
137
16
62
12
9
8
23
13
40
13
15
17
9
6
5
14
17
11
10
15
14
6
11
6
23
13
22
9
16
33
19
23
84
10
58
16
12
119
45
112
26
8
8
7
10
28
19
31
12
9
7
14
72
62
5
22
31
26
4
9
34
27
14
39
31
13
18
25
79
11
5
8
8
5
9
7
8
53
437
7
3
5
35
37
11
14
19
21
6
36
35
282
22
24
8
20
86
18
26
19
11
13
17
41
10
12
8
11
30
26
10
99
13
9
25
12
15
20
28
18
8
4
246
19
31
28
24
8
12
19
7
20
9
13
11
32
1
58
11
456
14
12
15
12
9
141
102
13
6
11
82
170
75
55
15
25
5
12
10
8
6
15
2
8
16
20
11
7
8
187
63
14
14
6
6
11
4
11
7
4
8
11
11
6
10
8
20
16
22
11
301
17
20
13
8
10
3
19
322
