132
0 0
1 0
2 0
2 1
2 2
2 3
3 3
3 2
3 1
3 0
4 0
4 1
5 1
5 0
6 0
6 1
6 2
5 2
4 2
4 3
5 3
6 3
6 4
7 4
8 4
8 3
7 3
7 2
7 1
7 0
8 0
8 1
8 2
9 2
9 1
10 1
10 0
11 0
11 1
11 2
10 2
10 3
9 3
9 4
10 4
10 5
11 5
11 6
10 6
10 7
9 7
9 8
10 8
10 9
9 9
8 9
8 10
9 10
10 10
11 10
11 11
10 11
9 11
8 11
7 11
7 10
7 9
7 8
8 8
8 7
7 7
6 7
6 8
6 9
6 10
6 11
5 11
5 10
4 10
3 10
2 10
2 9
1 9
1 10
1 11
0 11
0 10
0 9
0 8
1 8
2 8
2 7
3 7
3 8
3 9
4 9
5 9
5 8
4 8
4 7
5 7
5 6
6 6
7 6
8 6
9 6
9 5
8 5
7 5
6 5
5 5
5 4
4 4
3 4
3 5
3 6
2 6
2 5
2 4
1 4
1 5
1 6
1 7
0 7
0 6
0 5
0 4
0 3
0 2
1 2
1 1
0 1
