1
1
1
1
1
1
1
1
1
0
1
1
1
1
17098
1
1
1
1
1
1
0
1
17808
1
1
1
1
1
1
1
1
1
1
5096
1
1
1
1
1
1
1
1
1
1
0
1
1
1
1
1
1
1
1
0
1
1
12644
1
1
1
1
1
1
1
1
1
1
1
1
1
1
1
0
65385
1
1
1
1
1
1
1
1
1
1
1
0
1
1
1
0
1
1
1
80156
1
1
1
24427
1
73017
1
1
1
18506
1
1
1
1
1
1
1
1
1
0
1
1
1
1
11267
1
1
1
1
1
1
1
1
1
1
1765
1
59246
39719
1
1
1
1
1
1
1
1
1
1
1
1
1
1
1
55381
20054
1
1
1
34254
1
1
0
1
1
1
1
1
0
1
1
1
1
1
1
0
1
1
1
72588
1
1
0
1
39615
1
0
1
67540
1
1
1
1
1
1
1
1
1
1
1
1
1
86953
65972
1
1
1
0
1
1
1488
1
1
8112
1
1
1
1
1
1
0
1
1
1
1
1
1
1
1
1
1
9444
1
1
1
1
1
1
7001
1
1
1
9055
1
1
1
1
1
1
0
1
1
1
1
1
6731
1
1
0
1
1
1
1
1
0
1
1
1
0
1
1
1
1
1
1
1
1
1
1
1
0
0
1
1
1
1
11342
1
1
1
93899
1
1
1
0
0
1
1
1
1
1
1
1
0
1
1
1
1
1
1
21559
1
1
1
1
1
1
1
1
28389
1
2598
1
1
1
1
1
1
1
1
0
0
1
1
1
1
1
1
1
1
1
1
89671
1
1
1
1
1
0
1
1
1
1
1
1
65672
1
1
1
1
1
1
1
1
1
3056
1
1
1
1
1
0
1
1
1
1
1
1
1
29979
1
38114
1
51313
1
1
1
1
1
1
1
1
0
0
1
1
1
0
1
1
1
1
1
1
1
1
1
1
85774
1
1
1
1
1
1
1
1
1
1
1
32407
1
1
1
0
1
1
1
0
1
1
1
8556
1
27992
1
1
19947
1
1
1
0
1
1
1
1
1
11823
4571
1
0
1
1
1
1
1
1
1
1
26026
0
1
1
1
1
16368
1
1
1
1
1
1
1
1
1
1
1
1
1
1
1
1
1
1
1
1
1
1
1
0
1
1
1
1
25842
1
1
1
1
1
1
1
1
1
1
1
1
1
1
1
1
1
1
1
1
1
1
45161
1
1
1
1
1
1
1
5292
1
1
1
1
1
0
26513
88496
1
1
1
1
1
1
1
1
1
1
1
1
1
1
1
0
1
1
0
1
4779
1
1
1
1
1
1
44328
1
1
1
1
1
1
1
1
1
18374
1
1
1
1
1
1
9633
0
1
1
1
1
1
1
3095
1
1
36144
1
1
1
1
1
1
1
1
1
0
1
1
1
1
1
1
4858
1
1
1
0
1
1
1
1
1
0
1
1
1
1
1
1
1
1
75362
1
1
1
1
1
1
0
1
1
1
1
1
1
1
1
1
1
1
1
1
1
1
1
1
1
1
1
1
1
1
1
0
1
1
0
1
1
1
1
1
1
1
1
1
1
0
6346
1
1
1
1
1
1
1
1
1
1
1
1
0
1
1
79014
1
1
1
1
1
26480
33009
1
1
1
1
28833
3118
1
1
1
1
1
0
1
1
1
1
1
1
1
1
1
1
1
1
1
0
0
1
1
1
1
1
1
1
1
1
1
1
1
0
1
1
0
1
1
0
1
1
1
1
0
6052
0
1
6139
1
1
1
1
0
1
0
1
1
1
1
1
1
1
1
1
1
0
48021
1
1
1
0
1
1
1
1
1
1
1
1
1
1
1
1
1
1
1
1
1
1
1
1
1
1
1
1
1
1
1
1
1
1
1
1
1
1
1
15053
1
1
1
1
1
1
1
1
1
23648
1
1
1
1
1
1
1
1
1
0
1
1
1
1
1
1
1
8105
1
1
1
1
1
1
1
1
1
1
1
1
1
1
1
1
1
1
1
1
1
1
1
1
1
1
1
1
1
0
1
1
1
0
0
1
1
1
1
1
1
1
1
0
1
1
1
1
19426
1
1
1
1
1
1
1
1
1
0
1
1
1
1
1
1
1
0
1
1
76962
1
1
1
1
1
1
1
22663
1
1
1
1
1
1
0
1
25377
1
1
1
1
1
0
1
1
1
1
1
1
1
1
1
1
1
1
1
1
1
1
1
12746
1
1
1
0
1
1
4957
1
1
1
17756
1
1
1
1
42628
1
30158
1
1
1
1
1
1
1
1
1
1
1
1
1
1
1
1
0
1
1
1
1
1
1
1
1
0
1
1
1
1
13577
1
1
1
74875
1
0
1
1
1
1
0
1
1
1
1
71362
1
1
1
0
1
1
1
0
1
1
1
1
1
1
1
22578
1
1
1
1
0
1
1
1
1
0
1
1
1
0
1
1
1
1
1
52170
1
1
1
1
1
1
1
1
58878
1
1
1
1
0
1
1
1
1
1
1
1
0
4250
0
1
1
1
1
1
1
1
1
1
1
1
1
0
1
1
1
1
1
1
0
1
1
1
1
1
0
1
1
1
1
1
1
0
1
1
1
1
1
1
1
34049
1
1
1
1
13554
1
1
1
1
1
1
1
1
1
1
30516
1
1
1
18834
1
1
1
71631
1
1
0
1
1
1
1
1
1
53656
1
1
12704
1
1
1
1
1
1
1
1
1
1
1
1
1
1
1
1
1
1
90158
17603
1
1
1
0
1
1
1
1
1
0
1
0
1
1
1
1
1
1
69486
1
1
1
1
1
1
1
1
34526
1
1
1
1
1
1
1
1
1
1
1
1
1
1
1
1
1
1
62819
1
1
15328
1
1
49523
1
1
1
1
1
1
1
1
65189
1
22590
1
1
1
1
1
1
1
1
531
1
1
1
1
1
1
1
0
1
1
1
1
1
1
1
1
1
93137
65049
1
1
0
17127
1
0
1
1
0
0
1
1
1
1
26112
1
1
1
1
1
67932
1
19577
1296
1
1
1
1
1
0
0
5999
1
1
1
1
1
1
1
1
12211
1
1
6890
1
1
1
1
1
1
1
0
1
1
1
1
1
1
0
65308
1
1
1
1
1
1
1
1
1
1
1
1
1
1
79192
1
1
21246
1
0
3700
1
1
0
1
44140
1
1
1
1
61414
16804
1
1
1
0
1
1
1
5473
3412
1
10892
1
1
34859
1
1
1
37703
1
1
1
1
1
1
1
1
25694
1
66997
1
1
1
1470
1
1
1
1
1
1
1
1
1
1
1
1
1
1
1
1
6001
1
1
1
1
1
1
1
1
9288
1
1
1
1
88376
1
1
1
0
1
1
1
0
1
33066
1
1
10447
1
1
13792
1
1
1
1
1
1
1
1
1
1
1
1
0
1
1
1
34224
1
53437
1
0
1
1
1
1
1
1
1
1
1
1
1
1
1
1
1
1
15905
1
1
1
1
1
1
1
1
1
1
1
1
1
1
1
1
58359
1
12686
1
42711
1
1
1
1
1
0
1
1
1
50218
1
74283
1
1
1
1
1
1
1
1
1
1
60132
1
1
1
1
1
0
1
1
1
1
1
1
0
1
1
1
1
1
1
1
1
1
1
1
27793
1
1
1
1
1
1
1
1
1
50181
1
1
1
1
1
1
1
1
90982
1
1
0
1
1
60677
1
1
1
1
1
1
1
1
1
8155
1
1
1
1
1
55662
1
1
1
1
1
43375
1
1
1
1
1
0
1
1
1
1
1
30927
1
1
0
1
1
1
1
1
1
1
1
1
1
0
4052
1
1
1
1
1
0
1
1
1
1
1
1
1
1
1
1
1
15105
87443
1
1
1
6191
1
1
1
1
1
1
1
1
2591
1
1
1
1
1
23205
1
44247
1
1
1
1
22662
1
1
1
1
6557
1
1
1
1
1
74938
1
1
1
1
1
1
1
1
0
1
1
1
1
41129
1
1
1
1
0
1
1
1
1
53465
1
1
1
1
1
0
1
1
1
0
1
1
1
1
1
1
27738
1
1
1
1
1
1
1
1
1
1
1
79930
1
1
1
1
1
1
1
1
0
1
1
1
33273
1
1
1
1
1
1
1
1
21071
1
1
1
0
1
1
0
1
1
1
1
1
1
1
1
1
1
1
1
1
1
1
1
1
1
57794
1
1
1
1
70677
1
1
1
0
1
1
1
1
1
1
1
23058
1
1
1
0
1
1
1
85160
1
1
1
1
1
1
1
1
1
1
1
1
0
1
0
1
1
1
1
1
1
1
1
0
1
1
1
1
1
1
1
43554
14280
1
1
1
1
1
1
1
16970
1
1
0
1
1
0
1
1
1
1
1
1
1
1
1
1
1
1
1
1
1
1
1
1
1
1
1
1
1
1
78703
1
1
1
1
1
1
1
1
66126
0
1
1
1
1
1
1
1
0
1
1
1
1
1
1
1
1
1
0
1
1
1
1
1
1
32107
1
1
1
1
1
1
52359
1
1
1
1
68936
1
1
1
1
1
1
1
1
1
1
1
1
46925
1
1
22516
1
0
1
1
1
62197
1
1
1
1
1
1
1
1
1
0
0
1
1
1
1
1
1
1
1
1
1
1
1
0
1
1
1
1
1
1
1
1
23379
1
1
1
1
1
28389
1
1
1
1
1
1267
16975
1
1
1
1
1
1
1
1
0
1
1
1
1
50605
1
1
1
1
1
1
1
1
1
1
0
1
1
1
1
1
1
1
1
30965
1
1
1
1
1
6179
1
0
1
1
1
1
0
0
1
1
1
73177
1
1
1
1
1
1
1
0
1
1
1
1
1
0
1
1
0
1
1
1
1
1
1
0
1
1
55662
995
1
18924
1
1
1
1
1
1
1
1
1
1
1
28502
1
1
44264
1
1
1
1
1
0
1
1
1
1
1
1
1
1
1
1
1
85051
1
1
0
1
1
1
1
1
1
1
1
1
1
0
1
1
1
1
1
1
1
1
1
1
1
38575
1
1
1
1
1
1
0
1
68928
1
0
1
1
1
1
1
1
1
1
1
1
1
1
1
58670
1
1
1
1
51178
1
1
1
0
1
1
1
1
71234
60842
1
1
1
1
0
1
1
1
1
1
1
1
1
31188
30877
1
1
1
0
1
1
17310
1
1
1
1
0
1
1
1
1
0
1
1
1
1
75285
15761
1
87651
1
1
1
1
1
1
1
1
0
1
1
1
1
1
87095
1
0
1
1
1
1
1
91215
1
1
1
1
0
1
1
1
1
1
1
32957
1
1
1
1
16335
1
1
1
1
1
1
1
1
1
1
1
0
0
1
5455
1
1
1
621
1
1
1
1
1
1
1
1
24910
1
1
50013
1
1
1
1
1
1
1
1
1
1
36441
3714
1
24259
0
1
0
1
1
12518
1
1
1
1
1
1
1
8368
0
1
26812
1
1
1
0
1
1
1
0
1
1
1
1
1
1
1
1
1
0
1
1
1
1
1
1
1
0
1
50905
1
1
6266
1
80438
1
1
1
1
0
0
1
1
1
0
1
1
1
1
1
1
1
1
1
1
1
1
1
1
1
1
1
1
18461
0
1
1
1
1
1
1
1
1
1
1
1
1
1
1
1
1
1
1
1
1
1
26735
1
1
16144
1
0
1
0
1
9916
1
1
0
1
1
1
1
1
1
1
1
1
1
1
1
1
1
1
1
1
1
1
14585
11531
1
1
1
1
1
1
1
1
1
0
1
1
1
1
1
38286
4906
1
1
1
720
1
1
1
34514
1
1
22021
1
1
1
1
1
1
1
1
1
1
0
1
1
1
1
1
1
1
1
1
1
1
1
1
1
82986
1
1
1
1
1
1
1
1
1
1
1
1
1
3484
0
0
1
1
1
1
1
1
1
1
1
1
11707
0
1
1
1
1
1
1
1
1
1
1
0
1
1
1
1
1
1
1
1
1
1
0
1
1
1
1
1
0
1
1
1
1
1
31946
0
54222
1
1
1
1
1
1
1
1
1
1
1
1
1
1
1
0
797
1
82385
33841
1
0
27290
1
1
1
1
1
1
1
1
1
1
1
1
0
1
1
1
1
1
1
1
1
1
1
1
1
1
1
1
1
1
1
1
1
1
1
1
1
1
1
1
0
50838
1
0
0
14948
1
1
12197
1
0
15799
1
1
1
1
1
1
1
1
1
1
1
1
1
11719
1
1
1
1
1
1
1
6793
1
1
1
1
1
1
40186
1
1
1
1
1
1
1
1
1
1
1
1
1
1
1
1
6965
1
1
1
1
1
1
1
1
1
9600
1
1
1
1
1
1
30954
1
1
1
1
1
1
1
1
1
1
1
0
1
1
1
1
1
1
1
1
1
1
1
1
0
1
1
0
1
0
1
1
1
1
1
1
1
1
1
1
1
0
1
1
0
1
67503
1
1
1
1
1
1
1
0
1
1
1
1
1
1
1
1
1
1
1
1
0
0
1
0
80407
48684
1
1
1
1
1
1
1
1
1
1
1
0
1
1
1
1
1
1
1
0
1
1
1
1
1
1
1
1
0
1
1
1
1
39942
1
1
1
1
1
1
1
1
1
26660
0
0
0
1
1
1
1
1
1
36693
1
1
1
1
1
1
1
0
1
1
1
1
1
1
1
54010
0
1
1
1
0
1
1
32667
1
1
1
1
1
1
0
4652
1
31366
1
1
75305
1
1
1
1
0
0
1
14002
1
1
1
1
95075
1
2770
1
1
1
1
1
1
1
1
1
1
1
0
1
1
0
1
1
1
1
1
1
1
1
58382
1
1
16669
1
39560
1
1
1
1
1
1
1
1
1
1
1
1
1
1
0
0
1
1
1
1
1
3006
0
1
1
1
1
1
1
0
1
1
0
1
1
0
1
1
1
1
1
1
1
1
1
1
73888
1
1
1
1
1
1
1
1
1
1
0
1
1
1
0
1
1
1
1
1
1
1
1
1
1
1
1
1
1
1
1
0
1
1
1
1
1
50512
1
1
1
1
0
1
1
1
1
1
1
1
1
1
1
1
1
1
1
1
0
1
1
1
1
0
1
1
1
1
1
1
1
1
1
1
1
1
1
1
1
1
1
0
1
1
1
1
1
1
1
0
1
1
1
12530
1
1
0
1
1
1
1
1
1
1
1
1
1
11602
0
48264
1
1
1
1
1
1
1
65295
1
1
1
0
0
1
1
1
1
1
1
44668
1
35692
1
1
1
1
1
1
1
1
64825
1
1
0
1
13931
43567
1
1
1
45285
1
1
1
1
1
1
1
1
25659
0
1
1
0
64496
146
1
1
1
1
1
1
1
24238
1
1
1
1
1
1
0
1
1
1
0
1
1
1
1
1
1
1
1
1
1
1
1
81361
1
1
1
1
0
1
10404
1
1
1
1
1
1
0
1
1
1
19616
1
22813
1
1
1
0
7988
1
1
1
1
1
1
1
1
1
1
1
1
43234
1
1
1
0
1
1
1
1
1
1
0
0
1
1
1
1
1
1
1
1
1
1
1
1
1
1
1
1
1
1
1
1
1
1
1
1
1
1
1
1
1
1
1
1
1
1
1
1
1
1
1
1
1
1
1
1
1
1
1
15230
1
1
1
91191
69977
54420
1
1
1
1
1
30894
1
1
1
1
1
1
1
16660
1
38335
1
1
1
41921
1
1
1
1
1
1
0
15034
1
8177
1
1
1625
1
1
1
1
1
1
1
1
1
7045
1
1
1
1
1
1
1
1
1
20373
1
0
44374
42780
1
1
0
1
1
1
1
1
0
1
1
30519
0
1
1
0
1
1
1
43947
1
1
1
1
1
1
1
1
1
1
0
1
1
1
13718
1
1
1
1
1
13851
1
1
1
27619
1
1
1
0
1
0
34168
1
1
1
1
872
1
1
1
1
1
1
1
1
1
0
1
1
1
1
1
1
1
1
1
1
1
1
1
1
1
1
1
1
1
1
1
1
1
1
1
1
1
1
1
0
1
87320
1
1
1
1
1
1
1
1
1
1
1
1
1
1
1
8580
1
1
0
1
1
1
1
1
1
1
0
1
1
69354
1
1
1
0
1
0
1
0
25634
0
0
1
1
1
1
31494
1
0
1
1
0
37366
1
1
14259
77113
1
0
1
1
1
1
1
1
1
1
1
1
1
1
0
1
21704
1
1
0
1
1
1
1
1
1
1
1
1
0
1
1
1
1
1
1
1
1
1
1
1
1
1
1
1
1
1
1
1
1
0
0
1
1
1
0
0
18179
1
1
1
1
1
1
0
0
1
1
1
52704
1
1
1
1
1
1
1
1
1
1
1
10654
1
1
1
1
1
1
1
1
19271
0
25738
1
1
1
1
0
1
1
1
0
0
1
1
1
1
1
1
1
1
1
11165
1
1
1
0
1
1
1
1
1
1
1
1
1
1
1
1
1
1
13811
1
1
0
1
1
1
1
1
1
1
1
53605
1
1
1
1
1
1
0
1
0
1
0
1
1
1
1
1
1
1
1
1
1
1
46534
1
1
1
0
1
1
0
1
64668
0
1
1
1
1
1
1
1
1
1
1
1
1
1
1
1
0
1
1
1
62740
1
1
1
1
1
1
86579
1
0
68326
1
1
1
1
85411
49307
1
1
1
0
1
1
1
1
1
1
88498
0
1
1
1
1
52626
1
1
1
1
1
63422
1
1
1
1
1
1
1
1
1
1
1
20914
1
1
1
19638
1
1
2501
0
1
1
0
1
1
1
30037
1
1
1
1
1
1
1
1
0
1
1
1
1
1
1
1
1
1
1
1
1
1
1
66267
1
1
1
1
1
57515
1
1
1
1
1
1
0
62390
1
1
1
1
0
1
1
1
1
1
1
1
1
1
0
23498
1
1
1
1
1
0
1
1
1
1
1
1
1
1
1
1
1
1
1
32634
1
1
1
1
0
1
1
26060
1
1
1
1
0
1
1
4485
1
1
1
1
1
1
1
1
1
29236
1
1
1
1
1
1
1
1
1
1
1
1
1
43350
1
80240
1
1
50682
60326
1
1
1
1
1
1
1
27933
1
1
1
1
0
1751
1
1
19290
1
1
1
1
1
1
1
3761
1
1
1
0
5604
1
1
1
1
1
33870
1
0
1
1
1
28408
1
1
51034
62911
0
1
1
1
0
1
1
1
0
0
1
58232
1
0
1
1
1
1
6873
0
1
1
1
1
0
1
1
1
1
1
1
1
9462
1
1
1
1
28747
1
1
83417
1
1
1
1
1
1
1
1
1
1
0
1
1
1
1
1
1
1
1
3004
1
0
1
1
1
42022
1
1
1
0
1
1
1
1
1
1
1
1
1
1
0
1
1
0
1
1
1
1
42487
1
1
1
1
1
1
1
44391
30642
0
1
1
1
1
1
1
0
23210
75664
1
1
1
1
1
1
1
1
1
1
25184
1
1
1
1
1
1
0
0
1
38487
1
1
1
1
1
1
1
1
1
1
1
1
1
1
1
1
1
42173
1
1
1
1
1
1
0
53191
13902
1
1
1
0
1
1
1
1
1
1
1
1
1
1
1
1
16084
8893
1
1
1
1
0
1
1
1
1
1
1
1
1
79507
1
1
1
1
1
1
1
0
1
1
0
1
1
1
74260
1
0
1
1
1
1
1
1
1
59075
1
27530
1
1
1
1
1
1
1
1
1
1
1
1
1
1
1
1
1
1
1
1
1
46807
1
1
1
1
1
1
1
1
1
1
1
1
1
1
1
2492
1
1
0
1
1
1
1
1
1
52954
1
0
1
1
1
1
1
1
1
1
38755
1
0
88199
53607
1
33442
1
1
1
1
1
1
1
41386
1
1
1
1
1
1
1
1
1
1
33939
1
1
1
1
1
1
1
1
1
44106
1
65919
1
1
1
1
1
1
1
1
1
1
1
1
1
1
1
1
1
1
11442
1
1
1
41182
1
1
1
1
1
1
1
1
1
1
1
1
1
0
1
1
1
17283
1
616
12939
1
1
1
1
1
1
1
90722
1
1
1
1
1
1
43448
1
1
1
41099
1
1
1
1
1
1
1
1
1
1
1
1
1
1
1
1
1
1
1
1
1
1
21134
41149
1
1
1
0
1
1
1
1
1
1
1
1
1
1
1
1
1
68295
1
1
1
1
1
1
1
1
1
1
0
50630
1
1
1
0
1
39322
1
1
1
1
0
1
67047
11391
1
1
1
1
1
1
1
1
1
0
1
1
1
1
0
1
1
27609
1
1
1
1
1
1
12223
1
1
1
1
1
1
1
1
1
1
1
1
1
1
1
1
1
18272
1
1
1
1
8912
1
12874
1
1
1
1
68139
1
43982
1
1
33300
1
1
22180
1
1
0
1
1
1
1
1
1
1
1
1
1
1
1
1
1
1
1
22302
1
0
1
1
1
0
1
1
1
1
0
1
1
1
1
1
10249
1
1
1
1
1
1
1
40645
1
0
1
1
1
1
1
1
1
1
1
1
8167
1
1
1
1
1
1
1
1
1
1
1
0
1
1
1
1
1
1
1
1
128
1
20415
1
1
11314
1
1
61666
1
1
1
1
1
1
1
1
1
1
1
1
0
1
1
1
1
1
1
0
1
1
1
1
1
1
1
1
0
1
1
1
1
1
1
12219
1
1
1
1
1
1
1
1
0
1
1
1
1
1
1
1
1
1
1
1
0
1
60052
1
1
1
1
1
1
1
23199
1
1
1
1
1
0
1
1
0
0
1
79604
1
68626
1
1
69142
1
1
1
0
1
1
1
1
1
1
1
25501
1
1
1
1
1
1
16976
1
55251
1
1
1
1
1
1
36789
1
1
1
1
1
1
1
1
1
1
27197
1
1
1
1
1
1
1
1
1
0
1
1
1
1
1
0
1
0
1
13484
1
1
1
1
1
1
1
1
1
1
1
0
1
1
1
1
1
40257
1
1
0
1
1
1
1
1
1
50567
1
0
1
1
1
1
1
0
0
1
1
1
1
1
1
1
1
1
1
0
1
1
1
1
1
1
0
1
0
1
1
1
1
1
1
1
1
1
9383
1
17223
1
1
0
1
1
1
1
1
1
1
1
1
1
1
23374
1
59653
1
1
1
1
1
1
1
1
1
1
1
1
1
1
1
1
1
1
38771
1
1
1
0
1
3989
0
1
1
0
1
1
16447
1
1
1
1
2057
1
1
1
1
1
1
1
1
1
1
1
1
1
1
1
1
1
1
1
1
1
1
1
1
1
1
1
1
1
1
21060
1
1
32638
1
1
1
1
1
39423
1
6780
1
1
1
1
1
0
1
1
1
1
1
1
26780
1
1
1
1
1
0
1
1
1
1
0
1
1
1
1
46597
0
1
56729
1
1
1
7460
0
25381
1
1
0
1
1
1
1
1
1
1
1
7600
1
1
1
1
1
1
1
1
1
1
1
1
1
1
1
1
0
1
1
1
1456
1
1
1
1
1
1
1
1
1
71570
1
1
1
1
8225
1
1
1
1
1
1
1
1
1
1
1
1
1
1
80903
1
1
1
1
1131
1
1
1
1
1
1
1
1
1
1
1
1
1
1
1
0
1
1
1
1
1
62592
1
1
1
1
1
0
1
1
1
1
1
1
1
1
1
1
1
1
52106
1
1
1
1
30816
1
1
1
1
0
1
1
1
0
1
1
4086
1
1
1
1
1
1
1
1
1
1
1
1
1
1
1
1
1
1
1
1
1
1
1
1
1
1
1
1
1
44294
0
1
0
65122
1
1
1
1
1
0
1
1
1
1
1
1
1
1
1
1
1
1
1
1
1
1
1
1
0
1
1
1
1
1
1
1
1
1
1
1
1
1
1
1
1
1
14150
1
1
1
1
1
1
1
1
0
1
1
1
1
0
1
1
1
1
1
1
1
1
1
1
0
1
1
1
1
1
1
1
1558
1
1
1
1
1
1
1
1
1
87212
1
1
1
1
0
0
1
1
1
1
1
1
1
0
1
1
1
1
1
0
5571
1
0
1
1
1
1
1
1
1
1
38614
1
1
1
1
1
1
1
1
1
1
1
1
1
0
1
1
0
1
1
1
1
1
0
1
1
0
1
1
1
1
1
605
1
1
0
1
33820
1
1
1
12830
1
1
1
1
1
0
1
1
1
1
1
1
8837
1
1
1
27899
1
1
1
1
1
1
1
1
1
1
1
1
1
1
26286
45538
1
25208
1
1
1
1
1
1
0
1
1
1
1
1
1
1
1
0
1
1
1
1
1
1
18089
1
1
1
1
1
1
1
24106
1
1
1
1
1
1
1
77319
1
1
1
1
12315
1
51053
1
2960
1
38842
1
0
1
1
1
1
0
1
1
1
1
0
1
1
1
1
1
1820
1
1
1
1
1
1
1
1
1
1
1
1
1
1
1
1
1
1
1
1
1
1
43846
1
1
1
46358
28962
1
1
0
1
1
1
1
15737
1
91426
1
1
1
0
1
1
1
1
1
1
1
1
0
1
1
1
1
1
1
1
1
1
1
1
73291
8532
1
1
1
1
1
1
1
0
1
1
1
1
1
0
23840
1
1
1
1
1
0
1
1
1
1
39349
1
4351
1
27633
1
1
1
1
1
1
1
40398
1
1
1
1
1
1
1
2351
1
1
1
14405
1
1
1
1
1
86168
1
1
1
0
1
1
1
0
1
1
1
8922
1
1
1
1
1
1
1
1
1
1
1
1
1
1
1
1
1
1
1
1
1
1
1
1
1
1
1
1
1
1
1
1
1
1
1
1
1
25767
1
1
1
75143
1
1
35059
50304
1
24069
1
1
0
32980
1
1
1
1
1
1
1
1
1
1
1
1
27073
1
1
1
1
1
1
1
1
1
1
1
1
1
1
1
1
1
1
1
1
0
1
1
1
65317
1
1
55804
1
1
1
1
1
1
1
1
1
1
1
1
0
1
1
1
1
0
1
98533
1
1
0
1
1
1
1
1
1
1
0
1
1
1
1
1
1
1
1
19532
1
1
1
1
1
1
1
1
80689
1
85330
1
1
1
1
1
0
1
65272
1
1
0
8810
56379
1
1
1
1
1
1
0
1
1
1
1
1
1
1
1
31152
69753
1
1
1
1
1
1
1
1
1
1
1
1
1
1
1
1
0
1
1
1
1
1
1
1
27625
1
1
1
23883
1
1
1
1
76298
1
1
1
1
1
1
1
1
1
1
1
0
1
1
1
1
1
1
1
1
1
1
1
1
12299
0
1
1
1
1
1
1
1
1
1
1
1
1
1
1
1
1
1
1
1
1
1
1
0
1199
0
1
1
0
1
1
1
0
1
1
1
1
1
1
1
52731
1
1
1
1
1
1
13375
1
1
1
1
1
18328
1
1
1
1
0
1
1
1
0
1
1
1
1
1
44619
1
1
1
1
1
1
1
9665
1
1
1
1
1
1
1
1
44637
1
1
1
1
1
1
1
1
1
1
1
0
0
1
1
1
1
1
1
1
1
1
1
1
71005
1
19992
1
1
1
39831
1
1
1
1
1
1
0
1
1
1
0
1
1
1
1
1
1
1
1
1
1
10349
80049
1
1
1
1
12617
1
14912
1
1
0
1
1
1
1
1
0
1
1
1
478
1
1
1
8897
1
0
0
1
1
1
1
1
1
1
1
1
1
1
1
13366
1
39214
1
1
1
1
1
1
17229
1
1
1
1
1
1
1
1
1
32598
1
1
73066
1
1
1
0
1
1
1
10082
1
32931
3890
1
1
1
14884
1
1
1
1
1
1
1
1
1
0
1
49695
1
1
1
0
1
1
1
0
1
1
1
1
1
1
1
1
1
1
1
1
1
1
1
1
1
1
1
1
1
1
1
0
0
62453
1
1
1
1
1
1
1
1
1
1
1
1
1
1
1
1
1
1
64002
1
1
1
1
1
1
1
1
1
1
1
1
1
1
1
13402
1
1
1
1
1
1
1
1
1
1
1
1
1
1
1
1
1
0
1
1
1
1
1
1
0
12376
83103
53062
1
1
55304
1
1
0
1
1
14697
1
55212
1
1
1
1602
1
1
1
1
1
1
0
1
1
1
1
1
1
1
1
1
1
1
1
1
1
1
1
1
1
1
1
1
1
1
1
1
1
25559
1
1
1
1
1
1
1
1
0
1
1
0
1
1
1
1
1
0
1
1
1
1
1
0
1
1
1
1
1
1
1
1
0
1
1
1
0
1
1
1
1
1
1
1
1
1191
7789
73659
1
1
1
1
1
45124
43033
0
1
1
0
1
1
1
1
1
1
0
1
1
1
1
1
64072
1
1
1
1
1
1
1
1
1
1
1
1
1
1
1
1
1
1
1
1
1
1
0
1
1
1
0
3345
1
1
1
1
1
1
1
1
1
1
1
0
1
3534
29198
1
1
1
1
0
1
1
1
1
0
1
1
1
1
1
0
1
1
1
0
1
1
1
18530
1
1
43714
0
1
0
1
1
1
1
1
1
0
0
1
1
1
1
1
2547
30423
1
53302
1
1
1
1
0
1
0
1
1
0
1
1
1
1
1
1
1
1
0
46359
1
1
1
1
1
1
1
1
1
1
1
1
19442
42121
1
1
1
1
1
1
32175
1
1
1
1
1
1
1
1
1
1
1
1
1
1
1
1
1
1
1
1
1
1
1
1
3023
0
1
1
1
1
1
1
41224
1
1
1
1
30023
1
1
1
1
1
1
552
55884
1
1
0
1
31290
1
0
1
1
1
1
1
1
1
1
1
1
0
1
1
1
1
0
1
64340
1
1
1
1
1
0
1
87734
1
1
1
1
1
1
1
1
1
1
1
1
1
1462
1
1
7436
1
1
1
1
1
1
1
1
1
1
54983
1
1
1
1
1
0
1
0
1
1
1
1
1
1
1
1
1
1
1
0
1
1
1
1
0
1
1
1
1
1
1
29531
24412
1
1
1
1
58610
1
1
1
1
1
1
1
1
1
0
1
1
1
1
1
1
1
1
13389
81674
1
1
1
1
1
1
1
1
1
0
1
1
8237
3642
1
1
1
1
1
1
1
1
1
1
9132
1
1
1
1
1
0
3099
1
1
1
18478
1
1
1
0
1
1
1
1
1
1
1
1
1
1
1
1
0
1
1
0
1
1
1
1
16424
1
1
1
1
1
1
1
1
24033
1
1
1
1
1
1
1
1
1
1
1
1
0
73376
0
1
4892
23572
1
5918
52201
1
1
1
1
1
1
1
1
1
1
1
1
1
1
1
1
56689
16006
1
1
1
1
1
1
1
1
1
1
1
0
1
1
1
1
1
67756
1
0
0
1
0
1
1
1
1
63546
1
1
1
0
16059
1
1
1
1
1
1
1
1
1
1
1
1
0
1
1
1
0
1
1
1
1
0
1
1
1
1
1
1
1
1
26894
1
0
1
0
1
1
1
0
1
1
13404
1
1
1
1
1
1
1
1
1
1
1
1
1
1
1
1
1
1
1
1
1
1
1
1
1
1
1
1
1
1
1
1
0
1
1
1
1
1
1
1
1
1
1
1
64478
1
1
1
73206
1
1
1
1
1
1
15218
1
1
1
1
1
1
1
76674
1
1
1
1
1
1
1
1
1
1
1
0
46329
1
1
1
1
1
1
8507
1
1
1
1
1
1
1
0
1
1
1
1
1
1
1
1
1
1
1
1
1
1
1
1
1
1
1
1
1
0
1
1
1
1
1
0
1
0
1
1
1
29644
1
1
1
1233
1
1
1
1
1
1
1
1
1
68298
1
1
1
1
1
1
1
1
1
0
1
1
1
1
1
1
1
1
1
1
1
1
1
1
1
1
1
1
1
1
1
23011
9474
1
88085
1
1
1
1
1
4770
1
1
1
1
1
1
40935
1
29811
47726
34397
1
1
1
0
1
1
1
1
1
1
1
1
1
1
1
0
1
1
1
0
1
1
1
1
1
1
1
1
3077
0
1
1
1
1
1
1
1
1
1
11021
1
1
1
1
1
1
1
0
55907
1
0
1
57710
1
1
1
1
1
1
1
18847
1
0
1
1
1
1
1
1
1
1
6551
1
1
1
1
0
1
1
0
1
1
1
1
1
1
1
0
1
1
1
1
1
34696
1
39893
1
1
0
1
1
1
14375
1
1
1
1
1
1
1
21995
1
55824
1
1
1
1
1
1
0
1
1
1
1
72557
1
44775
1
1
1
1
1
1
1
1
1
1
1
1
1
1
1
1
1
1
1
0
1
1
1
1
1
0
1
1
1
1
1
1
1
3173
1
1
1
45311
1
1
1
1
1
1
1
1
35428
1
1
1
1
1
1
17858
1
1
1
0
1
1
1
1
1
12660
1
1
1
0
1
1
1
1
1
1
1
0
1
1
1
57532
1
1
1
1
1
1
1
0
0
1
1
12596
1
1
1
1
1
1
1
1
1
0
1
0
1
1
1
1
60642
1
10945
1
1
1
1
1
1
1
1
0
1
1
1
1
1
11031
1
0
45969
1
0
1
1
1
1
1
38101
1
1
1
1
1
1
1
1
1
1
1
1
1
6078
1
1
15530
1
1
1
1
0
1
1
1
0
1
76841
88848
2977
1
9761
1
1
1
1
1
0
1
0
1
1
1
1
1
1
1
1
1
57639
1
1
1
1
1
13224
1
1
1
1
1
7359
1
1
6928
1
0
1
1
14910
1
23979
2132
1
1
1
66232
1
25397
1
3287
1
1
1
1
1
1
1
70031
1
1
1
1
1
1
1
1
1
1
1
1
1
1
1
1
1
1
26462
1
1
1
1
1
1
6505
1
1
5533
1
0
1
1
1
1
1
1
1583
1
1
1
1
1
0
1
1
1
0
1
50033
1
34643
1
1
1
1
1
1
1
0
1
41937
40735
37549
4296
30606
1
1
1
1
1
1
1
1
1
1
1
1
1
1
1
1
1
1
1
1
1
1
0
1
1
1
1
1
1
0
1
1
1
1
1
1
1
1
1
23313
1
1
1
1
1
1
1
1
1
1
1
1
1
1
1
1
1
46873
1
1
1
44723
1
1
1
3730
0
1
1
1
1
1
1
1
1
0
1
1
1
1
1
1
1
1
1
81201
1
1
1
1
1
1
1
1
15133
1
0
1
1
0
17170
1
1
0
1
1
1
1
1
1
1
1
1
1
1
1
1
1
1
46920
1
1
1
0
1
1
1
1
1
1
1
21024
1
1
1
1
1
1
1
1
1
1
1
1
1
1
1
1
1
1
1
1
9110
1
1
44020
22209
1
23338
1
1
1
1
1
1
1
1
1
1
1
1
1
1
28758
1
1
1
1
1
1
1
1
1
1
0
1
1
71376
0
1
1
1
1
1
11192
1
0
1
1
0
1
30082
1
1
1
1
1
1
1
1
1
1
1
1
1
1
1
1
1
2332
1
1
1
1
1
1
1
1
1
1
1
1
1
1
21159
1
1
0
1
1
1
11168
1
1
1
1
1
1
1
0
0
1
1
29427
1
0
25083
1
1
1
78042
1
1
1
1
1
1
28859
62552
1
1
1
1
10112
1
56225
1
1
1
1
1
1
1
1
1
1
1
1
1
1
1
1
1
1
1
1
1
1
1
0
1
1
1
8722
0
1
0
1
1
1
1
1
1
8722
0
1
1
1
1
1
1
1
0
1
1
1
64131
1
1
1
1
1
1
1
1
1
1
1
1
1
1
48101
36080
1
1
1
1
1
1
1
1
0
1
1
1
1
1
1
1
1
1
1
1
1
1
1
1
1
1
1
1
1
1
1
1
1
1
1
1
1
1
1
1
1
1
1
1
1
1
1
1
1
1
1
1
1
1
0
1
1
1
0
1
1
1
1
1
1
1
1
1
1
1
1
1
1
1
1
1
1
43608
1
1
0
1
0
1
1
1
1
1
1
48977
1
1
1
1
1
1
1
0
1
1
1
1
1
1
1
1
1
1
1
1
1
1
1
1
0
1
3445
1
0
1
1
1
1
1
1
1
1
1
1
35648
1
1
1
1
1
1
1
1
1
1
1
1
1
1
1
1
23674
1
1
1
1
1
1
3965
1
1
1
1
1
9502
1
1
1
1
1
1
0
1
1
1
1
1
1
23323
1
1
0
1
1
0
26465
1
1
55959
1
24494
10325
1
1
1
1
1
0
1
1
1
1
1
1
1
1
1
1
1
1
74646
1
1
1
20764
1
1
1
1
1
1
1
68367
1
1
1
1
1
1
1
1
70073
1
0
1
1
1
0
1
1
1
1
1
10835
1
0
1
1
1
1
0
1
1
1
1
8359
1
1
60976
1
1
1
1
1
1
0
0
1
1
1
1
1
1
1
1
1
1
1
1
1
1
1
1
1
1
1
62580
1
1
1
23072
1
1
0
1
1
1
1
1
1
1
1
1
1
1
1
20794
0
5627
1
1
1
1
6665
1
1
1
1
1
1
1
1
1
91096
1
1
1
1
1
0
1
1
1
1
1
1
1
43431
1
57079
1
1
1
1
1
1
1
1
1
0
0
1
1
1
1
1
1
1
1
1
1
1
1
43541
1
1
71676
1
1
1
1
1
1
1
1
1
1
1
1
1
1
0
1
1
1
1
1
1
1
1
1
1
1
1
1
56070
1
1
1
47229
1
71137
47141
1
1
1
1
1
1
1
1
1
1
72493
1
1
75463
1
1
0
1
1
1
28244
1
1
1
1
1
0
1
1
1
1
1
1
1
1
1
1
1
1
43375
1
1
1
1
1
52920
1
1
22317
1
1
1
4612
1
1
0
1
27098
1
0
1
1
0
1
31387
1
35685
1
0
1
1
1
1
0
0
1
1
1
1
1
1
1
1
1
41949
1
1
1
1
1
1
5458
1
1
1
1
1
1
1
1
8909
1
1
1
1
1
1
1
1
0
1
0
1
1
1
1
1
1
1
0
1
10523
1
1
1
1
5460
1
1
1
1
1
0
1
1
30694
0
29585
31404
1
1
0
1
1
18697
1
1
1
1
1
1
1
1
1
1
1
1
1
1
1
1
1
66148
1
1
1
1
0
1
1
1
1
1
1
1
88046
1
1
1
1
1
1
1
1
1
1
1
1
0
1
1
1
12636
1
1
0
1
1
1
1
1
1
0
1
1
1
1
37261
1
1
1
1
19187
1
0
1
1
0
1
1
1
1
1
1
1
0
1
1
0
1
1
1
1
1
1
1
0
1
1
1
1
22322
1
1
35251
1
1
1
1
1
1
1
1
1
1
1
1
1
1
1
1
1
1
1
0
3028
1
1
1
1
1
1
1
1
1
1
1
1
1
1
1
1
1757
1
0
1
1
1
0
1
1
1
1
1
1
1
1
1
1
1
1
1
1
1
1
1
1
1
1
3076
1
1
1
1
1
0
1
1
1
1
1
1
1
1
1
1
1
1
1
1
1
1
1
1
1
1
5284
1
1
1
1
1
1
1
1
1
1
1
1
1
1
1
1
1
1
1
1
1
1
1
1
1
1
1
1
1
1
1
1
1
23646
1
1
1
2642
1
1
1
1
1
1
1
1
1
9340
1
1
17310
0
1
1
1
1
1
1
1
68640
0
1
1
1
0
65793
0
1
1
1
1
1
1
1
1
1
1
1
1
1
0
1
0
1
1
1
1
1
66650
1
64060
1
1
1
1
1
43434
1
1
1
1
1
1
1
1
0
1
1
0
0
1
1
1
1
1
1
1
0
1
1
1
68451
1
1
1
36341
1
0
1
1
1
1
0
51543
1
1
0
1
27712
1
1
70067
9064
0
1
26309
0
1
1
0
60663
1
1
1
1
1
1
1
0
1
1
1
1
1
1
13626
0
1
1
1
1
1
1
1
1
1
1
1
0
1
1
74516
1
1
84784
1
1
1
1
38904
1
1
1
1
1
1
0
1
1
1
1
1
1
1
0
1
14502
1
1
1
1
1
1
1
36058
1
1
1
1
0
1
39256
27979
1
1
1
1
1
1
1
21866
0
1
0
1
3942
1
1
0
1
1
1
1
1
1
47308
1
1
1
0
0
1
1667
0
1
1
1
1
0
1
1
1
1
0
1
1
1
1
1
1
1
43873
1
1
1
1
1
1
1
29978
0
1
1
1
76969
1
1
1
1
1
1
0
1
1
0
48266
1
1
1
1
1
1
0
1
1
1
1
1
1
1
1
1
1
1
1
1
1
1
0
1
1
0
2648
1
1
1
1
1
1
1
1
1
1
1
1
1
1
1
1
86863
1
1
1
1
1
1
1
1
1
1
1
0
1
1
0
1
1
1
1
1
1
1
1
1
1
1
1
1
1
1
556
1
1
1
28576
0
1
0
1
1
1
1
0
1
1
1
1
0
1
40158
1
1
1
1
1
1
1
1
1
1
1
1
0
1
54145
1
1
1
1
1
1
1
32231
1
1
1
1
1
1
0
0
1
1
1
1
1
1
57454
0
1
1
1
1
1
20283
1
0
1
1
0
1
1
1
1
1
1
1
0
1
1
1
1
1
1
0
1
1
1
1
1
1
1
1
1
1
1
0
1
0
1
1
1
1
1
1
1
1
1
1
1
1
0
1
0
0
1
1
1
1
1
1
9480
1
1
1
0
1
1
1
1
1
1
2073
1
1
1
1
0
1
1
0
0
1
1
0
1
1
59541
1
1
1
1
1
1
1
1
1
1
1
1
1
1
1
1
1
1
1
1
0
1
1
1
1
1
1
1
53300
1
0
1
1
85379
1
1
0
1
1
1
1
1
0
1
1
0
1
1
1
1
0
1
1
1
1
1
0
26289
1
1
1
1
1
1
0
0
0
1
1
1
1
1
1
1
1
1
0
1
32106
1
1
19146
1
1
1
1
1
1
0
1
1
1
1
41948
39995
1
1
1
1
1
9610
1
1638
1
1
1
1
1
1
1
2734
1
1
1
1
1
1
0
1
1
1
1
89873
1
1
1
0
1
1
1
1
1
0
1
1
46879
1
1
1
1
1
1
1
1
1
1
67810
1
0
1
1
1
1
1
1
1
1
0
1
1
1
1
1
1
1
1
1
1
1
1
0
1
0
1
10532
1863
1
1
1
1
0
1
1
1
0
2488
1
1
1
1
1
1
57458
1
1
1
1
1
1
1
45116
1
1
1
10518
0
1
1
1
1
1
1
51273
1
20831
7047
1
53055
1
1
1
0
1
1
1
1
1
1
1
1
1
1
15607
1
1
1
1
1
1
1
1
0
1
1
1
1
1
1
0
1
0
2882
0
1
1
1
1
1
63400
1
1
92975
1
1
1
1
1
1
1
1
1
1
1
1
1
82614
1
1
1
1
1
1
1
1
1
1
1
1
1
1
1
1
1
43965
1
1
1
5688
1
1
1
1
1
1
1
1
37288
1
1
1
1
1
1
0
1
1
1
1
1
1
1
1
0
1
1
1
1
1
1
1
1
1
1
1
1
1
1
1
1
1
0
69862
1
1
1
1
1
0
1
1
1
1
1
1
0
1
1
1
1
1
0
32374
1
1
1
1
1
1
1
0
1
1
1
1
1
1
1
1
0
44171
1
1
0
16446
1
1
1
0
1
1
1
1
1
59747
1
1
1
1
1
1
1
1
1
1
1
1
1
0
1
1
1
1
1
1
1
1
1
27944
1
1
1
1
1
1
1
1
0
1
1
1
1
1
1
1
1
1
1
0
1
0
1
1
1
8437
1
1
0
0
1
1
1
1
1
45438
1
1
1
1
1
1
1
1
1
1
1
1
1
1
1
43558
1
1
0
1
1
1
1
1
1
43919
1
1
1
1
1
1
1
1
1
1
1
1
1
1
1
1
1
1
1
1
1
1
1
5804
1
1
1
1
1
1
1
1
1
8676
1
1
1
1
1
0
1
1
1
1
1
1
1
1
1
1
1
1
1
1
66054
0
1
20649
1
1
1
1
1
1
0
1
1
1
21823
1
1
1
1
1
1
1
1
1
13706
1
1
1
1
1
1
1
0
1
1
1
1
0
1
1
1
1
1
1
1
1
1
1
27282
1
1
1
1
1
1
1
1
1
1
1
1
1
1
1
1
1
1
1
2545
1
1
1
1
1
0
1
0
1794
1
1
1
1
1
1
1
1
0
1
1
1
1
1
1
1
1
1
0
0
1
0
1
0
1
1
2669
1
40137
1
1
1
1
1
18237
0
1
1
10054
1
1
1
1
1
1
1
0
1
6738
1
1
0
1
1
1
1
1
1
1
1
1
75447
1
1
1
26472
1
1
1
0
0
1
1
1
1
1
1
1
1
1
1
1
1
1
1
1
1
1
1
1
1
1
9969
1
0
76400
1
1
1
1
1
1
1
1
1
0
1
1
1
1
1
1
1
1
1
1
1
1
67950
1
1
1
1
1
8888
30692
1
1
1
1
1
1
8276
71323
1
11903
1
0
1
1
1
1
61209
1
1
1
1
1
1
1
1
1
1
1
1
1
1
1
1
1
1
1
1
1
1
1
1
1
0
1
1
1
1
1
1
1
23274
1
1
1
1
1
1
1
1
1
1
1
1
1
1
0
0
77714
1
1
1
1
1
1
28930
1
1
1
1
0
1
1
1
1
1
1
1
0
1
1
1
1
1
1
7101
1
1
1
1
1
0
1
1
1
1
0
0
1
1
1
9865
1
1
0
1
1
1
1
1
1
1
1
1
1
1
1
0
1
1
1
1
0
1
1
1
1
1
1
1
30205
1
56526
1
1
1
1
1
1
1
1
1
1
1
1
1
1
0
1
1
1
961
1
1
1
1
1
1
1
1
1
1
1
1
1
1
1
1
1
1
1
0
1
1
1
1
0
1
1
1
1
1
1
1
1
1
1
1
1
1
1
1
1
14331
1
1
1
1
1
0
1
1
1
1
1
1
1
0
1
1
88842
1
1
1
1
1
50867
1
810
1
1
1
1
1
1
1
1
1
1
1
1
1
1
1
1
1
1
1
1
27573
1
1
1
1
1
1
1
1
1
1
0
1
1
1
1
45153
1
1
1
19428
1
1
1
1
1
1
1
1
0
18162
1
1
1
33259
1
0
54086
1
1
1
0
1
1
0
1
1
0
1
1
1
4683
1
1
1
1
1
1
1
1
1
0
1
1
1
1
1
1
1
0
1
1
1
1
1
1
1
1
1
1
0
1
1
1
1
1
1
1
1
0
1
1
1
1
1
1
1
1
1
1
1
1
0
1
0
1
1
1
1
1
53
9571
1
1
1
0
0
1
1
1
1
1
1
1
1
1
1
1
1
1
1
1
1
0
1
1
0
1
1
1
1
1
0
1
1
1
1
1
1
1
41237
1
1
1
1
0
25961
1
0
1
1
1
1
1
1
1
1
1
1
1
1
35210
1
1
1
1
1
1
0
1
1
1
1
1
1
1
1
1
1
1
1
1
1
1
1
1
1
1
1
36159
1
1
1
1
1
1
1
31099
1
1
33679
1
1
0
1
1
1
1
1
1
1
1
1
1
1
1
1
0
1
1
1
1
0
1
11361
1
1
1
1
1
1
1
1
1
1
1
1
1
1
1
1
1
1
2565
1
1
1
1
1
1
1
1
1
1
1
1
1
1
1
1
1
1
1
1
1
1
1
0
1
1
1
1
1
1
0
1
1
1
17677
12174
1
1
1
1
0
1
1
1
1
1
1
1
1
45365
1
1
78392
1
1
1
1
1
45918
1
1
1
1
1
1
1
1
1
1
1
1
22878
1
1
1
28506
1
1
1
1
1
0
1
0
7187
1
1
1
1
1
1
1
1
1
1
1
1
0
1
1
36485
1
1
0
1
1
1
1
1
1
1
0
1
1
0
1
1
90292
1
1
0
1
1
1
18647
1
1
1
1
1
1
1
1
1
1
1
1
1
1
1
1
1
1
1
1
1
1
36938
1
1
1
0
1
1
1
1
49430
1
1
1
1
1
1
1
1
1
1
1
1
1
1
1
74490
1
1
2927
1
1
1
1
1
1
1
1
1
1
1
1
1
437
1
1
1
1
1
1
1
70010
0
1
1
1
1
0
1
1
1
0
0
1
1
1
1
1
1
1
1
1
1
1
0
1
1
39274
1
1
1
0
0
1
1
1
1
1
60013
1
0
1
20085
1
0
11069
1
1
1
87573
1
1
1
14148
1
1
8529
19777
1
1
1
10095
0
1
1
1
1
38470
12886
1
0
1
1
1
1
1
1
1
1
1
1
1
1
1
30971
1
0
0
1
1
1
1
1
1
1
1
1
1
1
0
19778
1
1
1
1
1
1
1
1
0
1
1
1
1
1
1
1
1
0
1
1
1
1
1
1
0
1
1
1
0
1
1
1
1
1
0
1
0
1
1
1
1
41215
1
0
0
1
6909
1
1
1
1
1
1
1
1
1
1
1
1
0
1
1
0
1
1
1
1
1
1
18523
1
0
1
25049
1
1
1
1
24610
1
7156
1
1
0
33601
1
0
1
1
1
1
50576
1
1
0
1
1
61559
1
1
1
1
1
1
1
1
1
1
1
1
1
33192
1
1
1
1
1
0
1
1
1
1
1
1
1
1
1
1
1
1
0
1
1
33929
1
1
1
1
1
0
60137
1
5572
1
1
1
1
1
1
1
1
1
28825
1
1
1
2495
10226
1
1
1
1
0
1
1
1
1
1
0
1
1
1
1
1
1
1
1
1
1
1
0
1
1
1
1
1
1
42689
1
1
1
1
1
1
1
1
0
1
62467
0
1
1
79631
1
1
1
1
1
1
1
1
1
1
1
1
1
34266
1
1
1
1
1
1
1
1
1
1
0
1
1
1
1
1
1
1
1
1
1
1
1
1
1
1
0
1
1
1
1
1
1031
1
1
1
1
1
1
1
1
1
1
0
44361
1
1
1
1
1
0
47211
1
1
1
1
1
1
30355
1
1
1
1
1
1
1
1
1
1
1
29919
1
1
1
1
0
1
1
1
1
1
1
26612
1
1
1
1
1
1
1
1
1
1
1
1
1
1
1
1
1
0
6050
1
1
1
1
1
1
1
0
1
1
1
1
1
1
1
1
1
1
1
1
1
1
1
11221
1
57797
0
1
1
1
1
26967
1
1
1
1
1
1
64116
1
1
1
36800
1
1
0
1
1
1
1
2393
1
1
1
1
1
1
1
0
0
1
11178
41979
1
1
19454
1
1
1
1
1
1
1
1
1
1
1
1
0
1
1
1
17973
1
1
1
1
1
1
1
1
1
0
0
1
1
1
1
1
1
1
1
1
1
1
1
1
1
0
1
1
1
1
1
1
1
31001
1
15219
1
1
1
1
1
62178
1
1
1
1
1
1
69059
0
1
1
1
1
1
1
1
1
1
1
1
1
1
1
1
1
1
1
1
1
61339
0
1
6885
1
1
1
1
1
1
1
1
1
1
0
1
1
1
1
51331
1
0
1
0
1
1
1
1
423
1
1
1
1
1
13153
1
1
1
1
1
1
1
1
1
1
1
1
1
1
1
23911
1
5758
1
0
1
1
1
1
1
0
1
48497
1
1
1
1
1
1
1
1
1
1
1
29248
1
1
1
1
1
1
1
1
0
1
21324
1
1
30376
1
1
1
0
1
1
25942
1
1
1
0
1
1
1
1
1
1
1
1
1
1
0
1
92274
1
1
1
1
1
1
1
1
1
0
1
1
1
1
1
1
1
1
1
0
1
1
1
5337
1
1
1
1
1
1
1
1
1
1
1
1
1
1
1
1
1
1
1
1
1
1
1
0
1
1
1
1
1
0
1
1
1
1
0
75066
1
0
1
9759
1
1
1
36760
1
1
1
1
1
1
1
1
1
1
1
1
1
0
1
1
1
1
19339
1
1
1
1
1
1
1
1
1
1
1
1
1
1
1
1
1
1
0
0
1
0
1
1
1
1
1
3939
1
0
1
1
10360
1
1
1
1
1
1
1
1
1
0
1
1
1
1
1
0
1
1
0
1
1
0
0
1
1
1
1
0
1
0
0
1
0
16628
1
1
1
1
1
5669
77426
0
1
1
0
1
1
1
1
1
1
1
1
1
1
1
0
0
6732
1
1
1
1
1
1
1
0
1
1
1
1
1
0
1
1
20954
1
1
1
1
1
1
1
1
1
1
1
1
0
1
1
1
1
1
1
1
1
1
1
1
1
1
1
37803
1
1
1
1
1
1
1
1
0
88592
0
1
1
1
1
1
1
35876
1
1
1
1
1
1
1
1
1
1
1
1
1
1
1
1
1
1
1
1
44823
1
1
66500
1
1
1
1
26476
1
1
1
1
1
74282
1
1
1
0
12164
1
1
0
1
0
21870
1
1
1
1
1
1
1
1
1
1
1
1
1
1
1
1
1
1
1
1
1
1
35657
1
1
1
1
1
1
1
1
1
1
1
1026
1
1
1
1
1
1
1
1
1
1
1
1
0
1
1
0
1
0
1
26888
1
1
1
1
1
1
1
1
1
1
1
0
1
1
1
1
1
1
1
1
1
1
1
1
1
1
1
1
1
1
1
1
1
1
1
1
57672
1
1
1
1
1
1
3891
1
1
1
1
1
1
1
1
1
1
1
0
1
63655
1
1
30275
1
1
1
1
1
1
1
1
71961
30455
1
1
1
1
1
1
1
1
1
1
1
1
1
1
1
1
1
1
1
1
1
1
1
1
1
0
1
1
1
1
1
1
1
1
1
1
1
2321
1
1
1
1
1
1
1
1
1
1
1
1
1
1
1
7817
1
0
1
0
1
1
1
1
1
1
35524
38058
64017
1
1
1
1
1
1
1
1
1
1
1
1
1
1
1
1
27989
1368
1
1
1
21029
1
1
1
1
1
1
1
1
1
1
1
1
1
1
1
1
1
1
1
1
1
16901
1
1
1
1
1
1
1
0
0
1
1
1
1
1
1
1
1
1
1
0
1
1
1
0
1
1
0
1
1
1
1
1
1
1
1
1
0
1
1
1
0
1
1
22734
1
1
0
0
1
1
1
1
1
1
0
1
1
0
1
1
1
1
1
68154
1
1
1
24110
1
1
1
1
1
8968
1
1
1
1
1
1
1
1
1
1
1
15235
0
1
1
1
0
1
1
1
1
1
1
1
1
1
1
1
1
1
0
1
1
1
1
1
1
1
0
1
1
75331
54291
1186
1
1
1
1
1
1
1
15255
1
0
0
1
0
1
1
1
1
1
1
1
1
1
0
1
1
1
1
1
1
1
1
1
1
1
1
1
0
1
54825
1
1
1
26312
1
1
1
1
0
0
1
1
1
1
1
1
1
1
1
1
12809
1
1
1
1
1
3651
1
1
1
0
1
1
1
1
1
1
1
1
0
6363
1
35047
1
1
19304
1
1
1
1
1
1
1
0
1
1
1
1
61045
1
1
1
1
1
1
1
1
1
1
1
69245
1
17573
1
0
1
1
1
1
0
1
1
1
1
1
1
1
28946
1
0
1
1
0
1
1
1
1
1
1
1
1
1
1
1
1
0
1
1
0
1
1
1
8162
1
1
1
24023
1
0
1
1
1
1
2215
1
1
1
46712
0
1
1
1
1
1
0
1
1
1
1
1
1
1
1
1
1
1
1
1
1
1
1
1
1
1
1
1
30230
1
1
1
1
1
0
1
1
1
0
1
1
1
1
0
1
1
1
1
1
1
1
1
1
1
1
1
1
1
1
1
1
1
1
1
1
1
1
0
1
1
1
1
1
1
1
0
1
1
1
1
1
1
1
1
1
1
1
1
1
1
1
0
1
1
0
1
0
1
0
1
1
1
0
1
1
1
1
1
0
1
1
1
1
1
1
1
1
0
1
1
1
1
0
1
1
0
30510
11450
1
1
1
1
1
1
1
1
1
1
32792
1
1
1
1
1
1
1
1
1
1
1
1
1
1
1
1
1
1
65481
1
1
1
1
1
0
0
14668
1
1
1
1
1
1
1
1
1
1
26360
1
442
1
1
1
1
34718
1
1
0
1
1
1
1
7684
1
1
1
1
77279
1
1
1
12752
1
1
1
1
0
1
1
1
1
1
0
1
1
1
1
1
1
1
1
0
1
46929
1
14222
1
1
1
1
1
29985
1
1
1
1
1
1
1
1
1
1
1
1
13100
1
1
1
1
1
1
1
1
1
1
1
1
1
1
1
1
1
1
91635
1
1
1
1
1
1
0
1
1
1
1
15569
8129
1
1
0
1
1
1
1
1
1
1
1
1
1
0
1
1
1
1
1
46402
1
0
1
1
1
1
1
1
1
1
1
1
1
84531
51633
1
1
0
1
1
1
1
23035
1
1
1
1
1
1
1
1
1
1
0
1
15803
1
1
1
1
1
1
1
1
1
1
1
0
1
1
1
1
1
49916
1
13324
1
1
1
30973
0
1
1
1
1
1
79232
0
1
1
0
65352
1
1
1
1
0
1
1
49756
1
1
0
1
1
1
1
1
7043
1
1
1
1
1
1
1
65832
0
1
70883
1
1
1
1
1
1
1
0
1
1
0
1
1
0
1
1
1
1
1
1
1
1
1
1
1
1
0
1
1
1
1
1
1
1
1
1
1
1
1
1
12438
1
1
1
1
1
1
1
1
1
1
1
1
1
0
0
1
1
0
1
1
1
1
1
1
63822
1
1
1
1
1
0
0
0
1
1
1
0
25335
0
1
1
0
1
1
0
1
1
1
75126
1
1
1
1
40366
1
1
1
1
1
29495
1
1
1
0
1
1
1
1
1
1
1
1
1
1
1
1
1
1
1
1
0
1
1
1
1
1
1
1
1
1
1
1
1
1
16947
1
1
1
1
1
22897
1
1
1
1
1
1
1
1
1
1
1
0
1
1
1
1
1
1
1
1
1
1
44474
1
1
1
1
1
51972
1
21849
1
0
1
1
1
1
1
1
88242
1
1
1
1
1
1
1
1
1
1
38052
1
1
1
1
1
0
0
1
1
1
1
0
1
1
1
1
0
1
1
1
1
1
1
1
1
1
1
1
3123
0
1
48031
1
1
3503
1
1
1
1
1
1
1
1
1
1
1
1
1
1
1
1
34797
1
1
1
1
1
1
1
1
1
1
1
1
1
1
0
1
0
1
1
1
1
1
1
1
38554
1
0
1
77143
1
1
0
1
0
1
0
1
1
1
0
1
1
1
1
1
1
1
1
1
1
1
1
1
1
0
0
64841
1
1
1
1
1
1
1
1
1
1
1
1
1
1
1
1
1
1
1
1
0
1
1
1
1797
51184
1
1
1
1
1
1
1
1
1
1
0
0
1
1
1
1
26492
1
1
39072
1
1
1
0
10770
1
1
1
1
1
0
1
1
1
1
1
37682
1
1
1
1
1
0
1
1
1
1
1
1
1
1
1
1
1
1
1
1
1883
1
1
1
0
1
1
1
1
1
1
1
1
1
1
1
1
1
1
1
1
1
1
1
1
1
1
1
1
1
1
1
1
1
1
55197
1
0
1
1
1
1
1
1
1
1
1
1
1
37490
68999
52070
1
19783
1
1
1
1
50905
1
0
1
1
1
1
10755
1
1
1
1
1
1
1
1
1
1
1
1
1
1
1
1
1
1
1
1
1
0
1
1
1
1
1
1
1
1
1
1
0
0
36340
1
39795
1
0
1
1
1
1
0
1
1
1
1
1
1
1
1
1
36495
1
1
1
1
1
1
1
1
1
1
1
1
1
1
1
21267
1
1
1
1
0
1
1
1
1
1
1
1
1
2118
1
1
1
1
1
1
1
16585
1
1
1
1
1064
1
1
1
1
1
1
1
1
1
1
1
6287
1
1
1
1
0
1
1
1
1
0
0
1
1
1
1
1
69157
0
1
1
1
1
1
1
1
1
1
1
0
1
1
1
0
1
69641
1
1
53317
1
79319
1
1
1
1
1
1
26540
1
1
1
1
1
1
1
1
1
1
1
0
1
1
1
13418
6985
0
1
1
1
1
1
1
0
1
1
1
1
0
0
1
1
1
1
1
1
1
1
1
1
1
0
1
1
1
1
1
1
1
1
1
1
1
43539
8736
1
1
1
1
1
1
1
69439
1
1
1
1
1
1
1
1
0
1
1
1
1
1
1
0
80913
1
1
1
29698
1
1512
1
1
1
1
1
1
1
1
0
1
1
1
1
1
1
1
1
1
1
1
1
1
1
1
1
0
1
1
1
1
1
1
55434
8539
1
1
1
1
1
1
3426
1
1
1
1
0
1
1
1
1
1
2899
1
0
1
1
1
1
1
1
1
1
1
1
1
0
1
1
1
1
1
386
1
1
1
1
1
1
1
1
0
1
1
35809
1
1
1
61146
1
0
1
1
1
1
1
1
1
1
1
1
1
1
1
19395
1
60890
0
1
31856
0
1
1
0
1
1
1
1
1
1
1
14382
1
1
1
1
1
1
1
1
2871
1
1
87650
1
0
2788
1
1
1
1
1
1
1
1
1
1
1
19580
1
1
1
1
1
1
1
1
1
1
1
1
1
1
1
1
1
1
1
0
1
1
1
1
0
1
1
0
1
1
0
0
1
1
1
1
1
1
1
1
1
1
1
15904
1
1
1
1
1
1
1
1
1
1
1
23414
1
1
1
1
1
15449
1
1
1
1
1
1
1
1
1
79081
1
1
1
1
1
1
1
1
1
0
56697
1
1
1
0
1
1
1
3109
1114
1
1
1
1
9003
1
1
1
1
1
68512
1
1
1
3864
1
1
1
1
0
1
1
1
1
1
1
1
1
1
1
1
1
1
1
1
1
1
1
1
0
1
1
1
1
1
1
1
1
1
1
1
1
1
1
1
1
1
1
1
1
30066
1
1
0
1
1
1
1
1
1
1
1
1
1
1
1
1
1
1
1
1
1
1
1
1
1
1
1
1
1
1
1
0
7727
1
1
1
1
1
0
1
1
1
1
1
0
45551
0
0
1
1
1
1
0
1
1
1
1
1
1
1
0
1
1
1
1
23186
1
1
0
1
1
1
1
1
1
1
1
1
1
1
1
1
1
1
63318
1
1
1
1
1
38772
1
0
1
1
0
1
0
1
1
1
1
1
1
1
1
1
1
1
1
1
2477
1
1
1
1
1
1
1
1
1
1
1
1
1
14890
1
1
1
1
1
1
1
1
1
1
1
1
1
1
1
1
1
1
1
1
0
1
0
33239
1
1
1
1
1
1
1
26085
1
1
9538
1
1
1
1
1
1
0
1
1
1
1
0
1
1
1
1
1
1
1
1
1
1
1
1
23657
1
1
1
1
1
0
67046
1
0
0
1
1
1
1
1
1
1
11639
1
1
1
1
1
1
1
0
1
3424
1
1
1
1
1
1
1
1
1
1
1
1
1
1
1
1
1
1
1
1
1
1
15667
1
0
1
1
1
1
1
1
1
0
1
1
0
1
1
0
1
1
1
1
1
1
1
1
1
1
1
1
1
1
1
1
1
1
1
1
1
0
1
1
1
1
0
0
1
1
1
0
1
1
1
1
1
1
1
1
1
1
0
1
0
1
1
1
1
1
1
1
29241
1
1
1
1
1
21533
1
1
1
1
1
1
1
1
1
1
51261
1
0
1
1
1
1
1
1
1
1
1
1
1
1
0
1
1
1
1
1
1
1
1
1
0
1
1
1
1
4009
1
1
1
1
1
1
8586
1
0
1
1
1
1
1
0
0
1
1
1
1
1
76554
1
1
1
1
1
1
1
1
1
1
1
1
1
1
1
1
1
1
1
1
1
915
1
1
1
1
0
1
1
1
1
1
0
1
1
1
0
1
0
1
1
1
1
1
1
1
1
1
39717
1
59
1
1
1
1
1
1
20196
1
1
0
1
1
0
1
1
1
1
0
0
1
1
1
1
1
1
0
1
49981
1
1
0
1
1
1
1
1
0
1
0
1
1
1
1
4624
1
0
1
1
1
2499
1
1
1
1
1
1
1
1
1
1
1
1
1
1
1
1
1
1
1
1
1
1
1
1
1
29192
1
1
1
1
0
1
1
1
1
1
0
51470
1
1
1
71487
12265
1
1
1
1
1
1
1
46667
1
1
1
1
1
1
1
1
1
1
33662
1
1
1
1
1
1
1
14340
1
1
1
1
1
16822
0
1
1
1
1
1
1
1
1
11142
1
0
1
1
0
1
1
1
1
1
1
49675
1
1
1
1
1
1
0
55180
1
1
1
1
0
0
1
1
0
72825
1
0
1
1
1
1
24348
0
42534
1
1
0
1
1
1
24012
1
1
1
1
1
1
78115
1
1
1
1
1
0
832
1
709
1
1
1
1
0
1
1
61549
1
25733
1
1
1
67033
1
1
1
0
1
1
1
1
1
1
1
1255
1
1
0
1
0
1
0
1
1
1
0
1
1
1
0
17970
2919
7731
1
1
1
1
1
23497
1
1
1
0
1
1
1
1
1
1
0
1
1
1
17856
1
1
33242
1
0
1
1
1
1
1
0
1
1
0
1
1
1
1
1
0
1
1
1
1
1
1
1
1
1
1
1
0
1
1
43090
1
1
1
1
1
1
1
1
4005
1
1
1
1
0
1
1
1
1
1
1
1
1
1
1
0
1
1
0
1
0
29900
1
1
1
0
1
1
1
1
1
68701
1
1
1
1
1
1
1
1
1
1
1
1
1
0
1
1
1
1
73343
1
1
1
1
1
1
1
1
0
1
1
1
0
1
1
1
1
1
1
32089
0
42589
0
1
1
1
1
1
1
1
1
1
1
1
1
1
1
1
1
1
1
1
1
1
1
1
1
79812
1
1
1
1
1
1
1
1
27761
1
1
1
1
1
1
1
1
1
1
1
1
0
0
1
35213
1
1
1
1
67963
1
1
1
1
1
1
1
1
1
11883
1
1
1
1
1
1
2863
64736
26652
0
0
1
1
1
1
1
1
1
1
21756
1
1
1
1
1
1
1
1
1
1
1
1
1
1
1
1
1
1
0
1
1
1
1
33982
1
1
1
15283
1
1
1
1
48242
1
1
1
1
1
1
1
1
1
1
1
1
1
1
1
1
1
1
79509
1
1
1
1
1
1
0
1
1759
0
1
1
1
1
1
1
0
1
1
1
1
1
1
1
1
0
0
1
1
1
1
1
1
1
1
0
0
1
1
0
10952
5744
1
1
1
1
1
0
1
1
1
1
1
1
0
0
52278
1
1
1
1
1
1
1
1
0
18885
1
1
1
1
1
1
31507
1
1
1
1
1
1
1
1
1
1
1
1
1
1
1
43688
1
1
1
1
1
1
0
1
1
1
1
1
1
41265
1
1
0
1
1
1
1
1
25297
1
1
0
0
1
1
77812
0
1
1
1
1
74050
1
1
1
1
1
1
10104
1
1
0
1
1
1
0
1
1
1
1
1
23416
1
45518
1
1
1
0
1
1
1
1
1
22445
1
1
1
1
0
1
1
1
1
1
1
4525
1
39482
1
1
0
15468
1
0
75976
0
93679
1
1
1
1
1
1
2661
1
1
1
1
1
1
1
1
1
8427
1
1
1
0
0
1
1
10484
1
1
1
1
1
1
1
62360
1
1
1
1
0
1
1
1
1
0
1
0
0
1
17739
1
1
1
1
1
1
0
1
0
1
1
1
1
47624
0
0
1
1
1
1
1
3150
1
1
1
1
1
1
1
1
0
9709
1
83041
1
1
21230
1
1
51803
1
1
1
1
0
1
0
1
0
1
0
1
0
1
22568
1
1
1
1
1
1
1
1
1
70782
0
0
1
33826
1
1
1
1
1
1
1
7829
1
1
1
1
1
1
1
1
1
18257
1
0
1
1
6577
1
1
1
1
0
0
1
1
0
1
1
1
1
1
1
1
1
1
1
1
1
1
1
1
1
1
1
1
1
1
1
1
1
1
1
1
1
1
1
1
1
1
1
1
1
1
1
1
1
1
1
1
1
1
1
1
1
1
1
70653
1
1
1
1
9507
1
1
1
1
1
1
1
68309
12711
1
0
0
1
1
1
1
1
1
0
1
1
1
1
1
1
1
1
1
0
1
1
1
1
0
1
1
0
1
1
0
1
47547
1
1
1
1
1
1
1
1
1
1
19359
1
1
1
0
1
1
1
1
1
1
1
1
1
1
1
1
1
1
1
1
1
1
67185
1
1
1
1
1
1
1
1
1
1
0
1
738
1
1
1
1
1
1
1
1
34926
1
1
18279
32105
1
1
1
1
55300
1
1
1
7117
1
1
1
1
1
1
1
13870
1
1
1
1
1
0
1
3009
1
1
1
1
1
1
1
1
1
1
1
1
84323
0
1
1
1
0
1
1
1
1
1
1
1
1
1
1
0
1
1
1
1
1
6019
1
1
1
1
1
1
24465
1
1
1
1
1
1
1
1
1
22017
1
0
1
0
1
1
0
1
0
1
1
1
1
1
65239
1
1
1
1
1
1
1
1
0
1
16417
1
1
1
1
1
1
1
1
1
1
1
1
1
1
1
1
1
1
1
0
1
1
0
1
11558
0
1
1
1
1
1
1
1
1
1
0
1
1
1
1
1
1
1
79672
1
1
1
1
0
1
1
1
1
1
1
1
0
1
1
0
1
1
1
1
1
1
1
0
1
1
1
1
1
1
1
0
1
1
1
1
1
1
1
1
1
1
1
1
1
1
1
1
1
1
1
1
1
1
0
1
1
1
1
0
1
1
1
1
1
1
1
1
1
1
1
77523
1
0
1
1
1
1
67799
1
6646
1
1
1
1
1
0
1
1
0
1
1
1
1
1
1
1
0
1
1
1
1
1
32945
1
1
1
1
1
1
1
0
0
1
1
1
1
1
1
0
1
1
1
1
1
1
0
1
1
1
1
1
0
1
0
1
1
1
1
1
1
1
1
1
17066
1
1
69838
1
1
1
1
1
1
1
1
12249
1
0
1
1
1
1
1
1
1
1
1
87605
1
1
1
1
1
1
1
1
1
1
1
1
1
0
1
17741
0
0
1
1
1
1
1
1
5519
1
539
1
1
1
1
1
1
1
1
1
1
1
1
0
1
1
1
1
1
1
1
1
0
1
36454
1
1
1
1
1
54090
1
1
1
1
1
1
1
1
1
0
1
1
1
1
1
1
1
1
1
1
1
1
1
1
1
38774
1
1
1
1
1
1
1
1
1
1
1
1
594
61577
1
3486
1
1
0
1
1
1
1
1
1
1
44282
1
1
1
1
27648
1
1
0
0
1
1
1
1
1
1
1
3293
1
1
1
0
1
1
1
1
1
55867
5728
1
1
1
1
63594
1
1
0
1
1
1
0
1
0
1
1
22320
0
1
1
1
1
1
15375
1
1
0
1
1
1
1
1
1
1
0
1
1
1
1
1
1
1
1
1
1
1
1
1
1
1
1
1
1
1
1
1
1
1
0
1
1
0
1
1
1
50243
1
16373
1
1
1
1
1
1
1
1
1
1
1
1
0
1
1
1
1
31292
49876
1
1
1
1
8573
1
1
1
1
1
1
1
1
1
1
1
1
1
1
1
1
1
1
1
1
1
1
36556
1
0
1
1
0
1
1
1
0
53648
1
0
1
62602
1
1
1
1
12946
0
1
0
1
0
0
1
1
1
1
1
1
6662
1
1
1
38697
1
0
1
1
1
41468
1
1
1
1
1
1
1
1
1
1
1
0
1
1
1
1
1
0
1
1
0
1
0
1
1
1
1
1
1
1
1
1
1
1
1
1
1
0
0
1
1
1
1
1
1
1
1
1
0
1
1
1
1
0
1
0
1
1
1
0
0
1
1
11531
1
1
1
1
43114
0
0
1
1
1
1
1
1
1
1
1
1
1
1
1
1
1
1
1
1
1
0
1
57293
40798
1
1
1
1
1
1
1
1
1
1
1
1
0
1
1
1
1
1
1
1
1
1
1
1
1
1
1
1
1
1
1
1
0
0
1
1
27122
3965
65782
1
1
1
1
1
1
1
1
1
1
1
1
1
1
0
1
0
1
1
1
1
1
1
1
1
0
1
0
0
1
1
13999
1
1
1
1
1
1
0
0
1
1
1
1
0
1
1
1
1
1
1
1
1
1
1
1
1
1
1
1
0
1
1
1
1
1
1
1
0
0
1
1
1
1
37334
1
1
1
1
1
1
1
0
35630
1
1
1
1
1
1
1
1
1
1
1
0
1
1
25587
1
1
1
1
1
0
1
1
1
1
1
1
1
0
1
1
1
1
0
1
1
1
1
1
1
1
26931
20585
1
1
1
1
1
1
1
1
0
1
0
1
1
1
21188
1
1
1
1
1
1
0
1
1
1
0
1
1
0
1
1
1
29181
1
1
1
1
1
1
1
1
1
0
0
1
1
2179
1
1
1
1
1
1
1
0
1
1
0
1
1
1
1
1
1
1
1
1
23560
47777
1
0
1
1
1
1
1
1
1
1
1
1
1
1
1
1
1
1
1
13472
1
1
0
1
1
1
1
0
1
1
1
1
1
1
0
1
1
1
1
1
1
1
0
1
0
1
1
0
1
1
1
0
1
25988
0
1
1
1
1
1
0
1
8576
19140
1
1
1
1
1
1
1
0
1
1
1
1
1
1
1
1
1
1
0
1
0
1
1
1
1
1
1
1
1
1
1
1
54106
1
1
1
1
1
1
1
1
1
1
1
1
1
1
1
1
1
1
1
1
1
1
1
19397
1
1
53104
1
1
17301
1
1
1
1
1
1
0
0
0
1
1
1
1
1
17162
1
1
1
1
1
1
1
1
1
1
1
1
6753
1
1
1
1
63279
1
23075
1
1
1
1
1
1
1
1
1
1
1
1
0
1
0
1
1
1
1
1
1
1
1
1
1
1
1
1
1
1
1
21195
1
1
1
1
1
1
1
1
1
1
1
1
0
1
1
27590
1
31014
1
1
1
65042
1
1
1
1
0
1
1
10284
1
1
1
1
1
1
1
0
1
1
1
1
1
1
1
1
1
1
0
1
1
36004
1
1
1
1
1
2163
1
1
1
1
1
1
1
1
1
1
1
1
1
1
0
1
1
1
1
1
1
1
19977
1
0
1
1
1
1
1
1
0
1
0
1
1
1
1
63715
1
0
1
1
71320
1
16327
1
20542
19344
1
1
0
0
1
1
1
1
1
33931
1
1
1
1
1
1
1
0
1
35889
1
1
1
1
1
1
1
1
1
1
0
1
1
270
306
1
1
61128
0
1
1
1
0
1
1
1
1
1
1
1
1
1
1
0
1
0
1
1
41056
13126
1
1
1
1
1
0
1
1
1
0
1
0
1
1
0
1
1
1
1
1
1
1
1
1
1
0
1
1
1
1
1
1
0
1
1
1
0
1
1
1
1
1
1
1
1
1
1
1
1
1
1
1
1
0
1
1
0
1
1
1
1
1
0
1
0
0
1
1
0
1
0
0
1
60335
1
1
1
1
4510
0
1
1
1
1
1
1
1
1
1
1
1
9187
0
0
1
1
1
0
32035
0
1
1
1
1
1
1
1
0
1
72178
1
25763
1
1
0
1
1
1
1
0
0
1
0
1
1
1
1
1
1
0
1
1
1
1
1
1
1
0
1
0
1
1
1
1
1
1
1
93
1
1
1
1
1
1
1
28781
1
1
1
1
1
1
59870
1
166
1
1
1
1
1
726
1
1
1
1
1
1
1
1
1
1
1
1
1
1
1
1
1
1
1
1
1
1
1
1
1
1
0
1
1
1
0
0
1
1
1
0
1
1
16162
1
1
1
1
62616
1
1
1
1
0
15245
1
0
1
1
1
14403
1
1
0
0
1
1
22748
1
1
39940
1
77522
1
0
1
1
10894
1
1
0
1
1
0
0
79583
1
1
0
1
1
1
1
1
1
1
0
1
1
1
1
1
0
1
1
1
1
1
1
8644
1
1
1
0
1
1
1
1
1
1
1
1
1
1
1
1
1
1
1
1
1
25698
1
86962
1
1
1
1
1
1
1
49970
1
1
1
1
0
1
1
1
1
1
1
1
1
1
29577
1
1
40650
1
1
1
13638
1
1
1
1
1
1
1
1
1
1
1
1
1
1
1
1
1
1
1
1
1
1
1
1
1
1
1
1
1
0
1
1
1
1
0
1
1
1
1
1
1
1
24773
3303
1
1
1
1
1
5466
1
1
1
1
1
1
1
1
0
1
1
1
1
0
1
81801
1
1
1
1
1
1
1
1
1
1
1
1
1
1
0
1
1
1
0
1
1
1
1
1
17379
1
1
1
0
1
1
0
0
1
1
6235
0
1
1
1
1
1
1
1
1
0
9770
1
28299
1
28802
1
0
1
1
0
1
32765
1
0
1
1
0
1
1
0
3407
13798
0
0
1
1
1
1
1
1
1
1
1
0
0
1
1
1
1
1
25268
1
1
0
1
1
88115
1
1
1
0
1
1
1
1
1
1
1
1
1
1
0
1
1
1
0
1
1
1
1
1
0
1
1
1
1
1
1
1
1
1
1
1
0
1
1
1
1
1
1
0
1
1
1
1
1
0
0
1
1
1
1
1
1
1
1
1
1
1
1
1
1
1
44709
1
37610
1
0
0
1
1
1
1
1
1
1
1
1
1
1
1
1
1
52070
1
1
1
1
1
1
1
1
1
0
1
1
1
1
1486
1
1
1
1
1
1
1
1
1
0
1
1
1
1
1
1
1
1
0
1
1
1
1
1
1
1
0
1
1
63208
0
1
1
1
1
1
1
1
0
1
37515
1
0
1
1
1
1
1
1
41751
19715
1
1
1
1
1
1
1
1
1
1
1
1
1
1
1
1
1
1
1
1
0
1
78984
1
1
1
1
1
1
57004
1
0
1
1
1
1
1
1
9462
1
57108
1
1
1
1
0
1
0
28502
1
1
1
1
1
51061
1
51392
1
1
15177
1
1
1
1
1
1
1
1
0
1
1
1
1
1
1
1
1
1
1
1
1
1
1
0
1
1
1
1
1
1
47610
1
1
1
1
1
1
1
1
0
1
1
1
1
0
1
1
1
1
1
0
1
1
1
1
1
1
1
1
1
1
1
1
352
1
1
1
1
1
1
1
1
0
1
0
1
1
0
1
1
1
1
0
1
0
0
1
1
1
1
1
1
1
1
1
1
1
0
1
1
1
1
1
1
0
1
1
1
42840
1
1
1
1
1
1
1
1
1
1
1
1
1
1
1
1
1
1
1
1
1
0
1
1
1
1
1
1
1
1
1
1
1
0
1
1
0
0
1
1
1
1
1
1
1
1
1
55414
0
1
1
1
1
1
1
11554
1
0
1
1
1
1
1
1
5724
1
12646
1
34714
0
1
1
1
1
1
0
0
1
1
1
1
1
1
1
1
1
1
1
1
1
1
33823
1
1
1
1
1
1
1
0
1
1
1
1
1
1
1
1
76693
1
1
1
1
1
15820
0
1
8563
1
1
1
1
1
0
1
1
0
1
1
1
1
0
1
1
1
1
1
1
1
1
41234
1
0
51886
1
1
1648
1
1
1
1
1
1
1
1
1
1
1
1
1
1
1
12179
0
1
1
1
1
1
1
7777
1
1
1
1
1
1
1
1
1
1
1
1
1
1
0
0
1
1
1
0
1
0
1
1
1
1
1
1
1
1
1
1
1
0
1
1
1
1
1
1
1
1
1
1
1
0
1
1
1
1
15976
1
1
1
1
1
1
1
1
1
1
1
1
1
1
1
1
0
1
1
1
1
1
1
1
0
1
0
1
1
57564
0
1
1
1
1
1
1
1
1
1
1
1
50794
79706
0
1
1
1
1
1
1
1
85276
0
1
1
1
10030
1
1
0
1
1
1
1
1
0
0
1
1
1
1
1
1
43813
1
1
0
1
1
0
1
1
1
1
18927
1
1
1
1
1
1
8471
1
1
1
1
1
1
1
1
1
0
18700
1
1
54203
1
1
0
1
1
32653
0
1
1
1
1
1
1
1
1
1
1
1
1
1
1
1
1
1
1
1
32493
1
0
1
1
1
1
1
0
19254
1
1
1
1
1
1
1
1
1
17219
1
1
1
51152
1
1
1
1
1
1
1
0
1
1
36510
1
1
1
1
0
1
7583
1
1
1
1
1
1
1
1
1
1
1
1
1
1
1
1
1
1
1
1
1
1
1
1
1
82189
1
1
1
1
1
1
1
1
1
2342
1
1
1
1
1
1
12923
1
1
1
1
1
1
11878
1
1
19618
1
1
1
1
1
1
1
0
1
1
1
1
1
1
1
1
32214
1
65776
1
1
52491
1
1
1
71815
1
1
1
1
1
1
1
1
7913
1
1
1
1
52143
1
1
1
48869
1
1
1
1
1
1
1
1
10905
1
1
1
1
1
1
1
1
1
1
1
53155
1
1
1
1
1
0
1
47034
18671
1
34996
75514
1
1
28545
1
1
16207
1
1
1
1
1
0
1
1
1
1
0
1
1
1
1
1
1
1
1
0
1
1
0
1
1
1
37527
1
1
90030
1
1
1
1
38942
1
1
1
1
7663
15246
1
1
1
1
1
18680
1
1
0
1
1
1
1
1
1
1
1
0
0
1
1
1
1
73278
1
1
1
1
1
1
1
1
0
1
1
1
1
1
1
1
1
1
1
1
32619
57197
0
1
1
1
1
1
1
0
1
1
1
1
1860
1
1
1
0
1
1
0
1
1
1
29592
1
1
1870
1
1
0
0
1
1
1
1
1
1
1
1
69687
25101
1
1
1
1
1
1
1
1
1
0
1
1
1
1
1
1
1
1
1
1
1
1
1
1
1
1
1
1
1
1
0
1
1
1
1
20092
1
1
1
1
1
1
1
10526
1
1
1
1
1
0
1
1
1
1
1
1
1
1
1
0
1
1
1
1
1
1
1
1
1
1
1
1
1
1
52211
1
1
1
1
0
1
1
2653
1
1
1
1
0
1
1
1
1
1
1
1
1
1
0
37407
1
1
1
0
6000
1
1
1
1
36228
1
1
1
1
0
1
5079
1
1
0
1
1
1
1
1
1
1
1
1
1
1
1
1
1
1
1
1
1
1
1
1
1
1
1
1
0
1
1
1
1
19659
69545
0
2029
1
1
1
1
1
1
1
1
1
1
1
60550
1
1
1
1
1
1
1
1
1
1
0
1
1
1
1
1
1
1
1
15140
1
0
1
1
1
1
1
0
1
1
1
1
0
1
1
1
1
1
1
1
1
1
1
64617
7
1
1
1
1
1
1
0
1
24474
1
1
1
1
1
1
1
1
1
1
1
1
0
1
1
1
1
1
1
1
1
1
1
0
1
1
1
1
1
1
1
1
1
1
0
1
1
1
1
1
1
1
1
0
1
1
1
1
1
1
0
1
1
1
1
1
66884
1
1
1
1
1
23930
0
1
1
1
1
1
1
1
1
1
1
0
1
1
1
6485
1
1
1
1
1
1
35398
1
1
1
0
0
1
1
0
1
1
0
1
1
1
1
1
0
1
1
1
1
0
1
1
1
1
57777
1
0
1
1
1
1
1
1
1
1
1
49399
1
0
1
1
1
1
1
1
1
1
0
1
1
1
1
15000
1
1
1
1
1
1
1
1
1
1
1
1
0
1
1
1
1
1
1
1
1
1
1
1
1
1
1
1
1
92251
10553
12961
1
1
1
1
1
1
1
1
1
1
1
1
25307
0
1
1
1
1
1
1
1
1
1
1
1
1
15556
1
1
1
22237
0
0
1
1
1
1
1
1
1
1
0
1
1
1
1
1
30274
1
1
1
25243
1
1
1
1
1
1
1
1
1
0
49989
1
1
1
1
1
1
1
1
1
1
1
1
1
1
1
1
1
1
0
1
1
1
1
1
39504
1
1
1
1
0
1
1
1
1
1
1
0
1
51051
0
1
0
1
1
0
1
38335
1
1
1
1811
1
1
1
0
1
1
1
1
1
64367
0
1
1
1
1
1
1
1
1
42073
1
1
1
1
1
1
1
1
1
1
0
1
0
1
4408
1
1
1
1
1
1
1
1
1
1
1
1
1
1
1
1
1
1
1
1
0
1
1
0
1
1
1
1
0
323
1
1
0
1
1
1
1
1
0
1
1
1
0
1
18051
1
1
1
1
1
1
50746
1
1
1
1
1
1
1
139
1
1
1
53012
1
1
1
1
1
1
1
1
1
13728
1
0
1
1
1
1
1
1
1
1
1
1
1
0
55902
1
1
1
0
1
1
1
1
1
1
1
1
1
1
1
1
0
1
0
1
1
1
0
1
1
1
1
1
1
1
0
1
1
1
55203
1
50325
1
55141
1
1
0
1
1
44291
1
1
1
0
1
1
20446
1
1
1
1
1
4598
0
1
1
1
1
1
0
1
1
1
33094
1
14753
1
1
28236
1
1
1
1
0
1
1
1
1
1
1
1
1
25969
1
1
1
0
0
1
0
1
1
1
35570
1
1
1
1
1
1
1
1
1
1
1
1
1
1
1
1
0
1
1
1
1
1
1
1
0
1
1
1
1
3380
1
1
1
0
1
1
1
1
2211
1
0
1
1
1
1
1
1
1
1
0
1
1
1
1
1
0
1
1
30930
0
1
1
1
24800
1
1
61262
1
0
37695
1
1
1
1
1
1
20086
1
1
0
0
1
0
71639
1
1
51656
1
1
1
1
1
1
1
1
1
0
0
1
1
0
1
1
1
1
1
1
1
1
0
1
1
1
0
48793
1
1
0
1
1
1
1
1
1
1
1
0
1
1
0
1
0
1
1
1
1
1
1
1
1
1
39851
1
1
1
1
1
1
1
1
1
1
9627
0
1
0
1
1
1
1
1
1
1
1
1
1
0
1
1
1
1
1
1
1
1
1
1
0
0
1
1
1
1
1
1
29805
0
1
1
1
1
1
1
1
0
1
1
1
1
0
1
0
1
1
1
1
1
1
1
28500
1
1
1
66264
1
1
1
1
1
1
1
1
1
1
1
1
1
32533
1
1
1
1
1
1
1
1
1
1
1
43380
1
1
1
1
1
1
1
17953
1
1
1
1
1
1
1
1
0
0
1
1
1
1
1
1
1
1
1
1
38073
1
1
17341
1
1
1
1
1
1
9008
1
1
33156
1
1
1
1
1
1
1
1
1
1
1
90179
1
1
1
1
0
1
0
1
1
1
61202
1
1
1
1
1
1
1
1
1
1
1
0
1
1
1
1
0
1
1
1
1
1
1
1
1
1
1
1
1
1
1
1
1
1
1
0
1
0
1
1
1
1
1
1
1
0
164
1
1
1
74567
1
47491
1
1
1
41529
51578
0
1
1
1
1
1
1
1
32410
1
1
1
1
1
1
83840
41018
1
0
0
1
1
1
0
1
1
1
1
1
1
1
1
1
1
1
1
1
1
1
1
1
1
1
1
1
1
5940
1
0
1
1
1
1
1
1
1
1
0
1
1
1
1
0
1
1
1
1
0
1
1
1
1
0
1
1
4343
1
1
1
1
1
1
0
1
1
1
1
1
1
1
1
1
1
1
1
0
0
1
1
1
1
1
0
1
1
1
1
1
1
67502
1
1
1
1
22755
1
0
1
1
0
1
1
1
1
1
1
1
1
1
1
1
0
1
0
1
1
1
1
1
1
0
1
1
1
1
1
1
0
1
25237
55455
1
0
1
1
32384
1
1
1
76005
0
1
1
1
1
1
1
18763
1
1
1
1
1
1
1
0
1
12511
1
1
1
1
1
1
1
59959
1
1
1
1
0
1
1
1
1
1
1
1
1
1
1
1
1
1
1
1
1
1
0
1
3372
1
1
1
1
1
1
1
1
1
1
1
1
1
1
1
1
40367
1
1
1
1
1
1
1
1
1
1
1
1
1
1
1
1
1
1
1
1
1
1
0
1
11846
1
0
1
1
42719
1
1
0
1
1
1117
1
1
1
1
1
0
28741
0
1
1
1
1
1
1
1
1
1
1
0
1
1
1
0
1
1
1
1
1
1
1
1
1
1
1
2138
1
0
0
1
1
1
1
1
1
0
0
1
1
1
1
84439
1
1
1
0
1
1
1
0
1
1
1
1
1
1
1
1
1
1
0
7953
1
0
0
1
1
1
0
1
1
1
1
1
1
1
1
1
1
1
1
0
0
1
1
1
1
1
27488
0
57869
37122
1
21175
1
1
35419
0
54788
1
1
1
1
1
1
1
1
1
1
1
1
1
0
1
12599
1
1
1
1
1
1
1
1
1
1
1
1
1
48200
16992
1
1
84231
1
19775
1
1
53837
1
1
1
1
0
1
1
1
1
1
1
1
1
1
18334
1
1
1
1
1
0
0
1
1
1
1
1
1
1
64655
1
1
1
1
1
1
1
1
1
1
1
1
1
1
1
2961
1
0
1
1
1
1
1
1
1
1
1
0
1
1
1
1
1
1
0
1
1
1
1
1
1
1
27396
1
1
1
1
1
1
1
1
1
1
53452
1
1
47976
0
0
1
1
1
1
1
1
1
1
1
1
1
1
1
1
1
1
77843
0
1
1
0
0
1
1
1
1
1
1
1
1
1
1
1
1
1
1
1
1
1
1
1
1
1
1
1
23435
1
1
1
1
1
1
1
1
1
1
1
1
1
1
1
5218
1
41501
1
1
0
1
1
1
1
1
1
1
1
0
1
1
1
1
1
1
1
0
1
1
0
1
1
1
1
1
1
1
1
1
1
1
1
1
1
1
0
1
1
1
1
1
1
1
1
1
1
1
0
54796
21295
0
0
22403
1
1
1
1
1
1
1
1
1
13747
1
1
1
1
1
1
1
1
1
1
17700
1
1
1
1
40497
1
62708
1
1
1
1
1
1
1
1
1
1
1
1
1
1
1
1
1
1
1
1
1
1
21536
1
1
39525
0
1
1
1
1
1
1
1
1
1
1
1
47543
1
1
1
1
1
5006
1
54239
1
1
32472
1
1
1
1
1
1
1
1
1
0
1
1
1
5482
1
1
1
1
1
60339
1
1
1
1
1
0
1
1
1
1
1
0
1
1
1
35744
1
1
1
1
4401
1
1
1
1
0
14898
0
1
1
1
0
1
12952
1
1
1
1
1
23320
0
1
1
1
1
1
0
1
1
1
1
0
1
1
1
1
0
1
1
1
1
1
0
0
1
1
1
68862
1
1
1
1
26821
1
0
1
1
1
1
1
1
1
1
1
1
1
1
1
40817
1
1
1
0
1
1
1
37968
1
1
1
1
32431
1
1
1
1
1
1
1
1
1
1
71341
0
1
1
1
0
1
1
1
1
24295
1
1
1
1
1
1
1
4599
1
0
89173
0
1
1
1
1
1
1
1
1
0
1
1
1
1
1
1
1
0
1
13786
1
1
1
1
2261
9737
1
1
1
1
1
0
1
1
1
1
0
52188
1
1
1
1
1
3819
1
1
1
0
1
0
1
1
1
1
1
1
0
1
1
1
1
20138
1
0
1
1
1
1
1
1620
1
1
0
67050
1
1
1
1
0
0
1
1
74898
1
1
1
0
1
1
1
1
1
1
1
1
0
1
1
1
1
1
1
1
1
19205
1
1
1
1
1
1
0
0
1
1
1
1
1
1
34746
1
1
12851
1
1
1
1
1
1
1
0
1
40826
1
1
1
1
1
1
1
1
1
32305
30094
1
1
52621
1
1
51217
23033
1
1
1
1
1
1
0
1
1
1
1
1
1
1
1
1
0
1
1
1
0
1
1231
1
1
1
1
1
1
1
1
0
1
1
47076
1
1
1
13341
0
1
1
1
1
1
1
1
1
1
1
0
1
1
1
0
1
1
1
1
1
1
23146
1
1
1
1
1
75524
1
1
0
1
1
1
1
1
1
1
1
0
1
0
1
1
1
1
21968
1
1
1
1
1
1
1
1
1
1
1
1
1
1
1
1
1
1
1
1
85103
1
1
1
1
14151
1
1
1
0
1
17759
1
1
1
1
11996
1
1
43559
0
1
1
1
1
1
1
1
1
1
1
1
1
1
1
1
1
60001
1
0
0
1
1
1
17492
0
1
1
1
66712
1
32480
1
1
1
1
1
1
39572
1
1
0
1
1
1
1
1
7337
0
0
1
32844
1
1
6540
1
0
1
1
1
1
0
1
1
1
1
239
1
1
1
1
1
1
1
1
1
17371
1
1
7661
1
78429
7735
1
1
1
1
0
1
1
1
1
1
1
2403
0
1
1
1
1
1
1
1
1
1
1
1
1
1
1
1
1
1
1
1104
18317
1
1
1
1
1
1
1
1
1
1
1
1
1
1
1
1
1
1
1
1
1
1
1
1
1
1
1
1
1
0
0
1
1
1
1
1
1
7160
1
1
1
1
1
1
1
1
1
1
1
1
1
1
0
46895
1
1
1
1
1
1
1
1
1
1
1
0
1
1
55042
0
1
1
1
1
1
1
1
1
1
43272
1
0
1
1
1
41343
1
1
1
1
1
1
1
1
1
1
1
1
48463
0
1
1
1
0
1
1
35147
1
1
1
1
1
1
1
1
1
1
1
1
1
1
10504
0
1
1
1
1
1
1
1
1
1
0
1
1
1
65530
1
0
1
1
1
1
1
1
1
1
1
0
1
0
1
1
1
40683
1
1
1
1
50415
1
77438
1
1
1
1
1
0
1
1
1
0
1
1
1
1
1
1
1
22852
1
1
1
1
1
15119
1
1
1
1
1
1
38160
1
1
0
0
1
1
1
1
1
0
53745
1
1
1
1
0
1
1
1
1
1
8050
1
0
1
1
1
1
1
1
1
1
1
1
1
1
1
91349
1
1
1
0
1
25720
1
1
1
4773
1
1
1
1
21382
1
1
1
1
0
1
1
24504
1
1
1
1
1
1
2393
1
1
1
1
1
1
1
0
1
1
1
1
1
0
4124
1
39531
0
1
1
1
1
1
1
1
0
1
39295
84550
1
1
1
1
1
1
1
1
1
1
1
1
28050
1
1
0
1
1
1
1
1
1
1
1
1
1
1
1
1
1
1
1
1
1
1
1
1
1
1
1
1
1
1
1
1
1
1
1
0
0
1
1
1
1
1
1
1
1
0
1
1
1
1
1
1
1
1
1
1
1
1
1
1
1
1
1
38684
1
1
1
1
1
1953
1
1
1
1
0
1
1
1
1
1
1
1
1
1
4279
1
1
1
1
1
1
1
0
1
1
1
1
1
1
0
1
1
1
1
1
1
1
0
1
1
1
1
1
1
1
1
1
1
1
1
1
1
1
1
1
1
1
1
1
1
1
1
1
1
1
1
1
1
1
1
1
1
1
1
1
1
1
1
1
1
1
38944
1
1
1
1
1
0
1
1
0
28532
0
1
1
74736
1
12849
1
1
1
1
1
0
1
0
1
1
45132
1
1
1
1
18697
1
1
1
1
1
1
1
1
1
1
1
1
0
1
1
1
1
1
1
1
1
1
1
17445
1
1
1
1
61653
1
1
1
1
1
1
1
1
1
50969
1
0
0
1
1
1
1
1
1
12845
1
1
0
0
1
1
1
1
1
1
1
1
1
1
1
1
0
0
0
1
1
194
1
1
1
1
1
1
1
0
1
1
1
6059
36128
1
1
1
1
1
1
15874
0
1
1
1
1
1
1
1
1
1
1
0
1
1
1
1
1
5007
15727
1
1
1
1
1
1
1
1
1
1
1
1
1
1
1
1
3656
23854
1
1
1
1
1
1
48325
1
1
1
1
1
1
1
1
1
1
1
1
0
1
1
1
1
1
1
8779
1
78023
1
0
1
0
1
0
1
1
1
1
1
1
1
1
1
1
26073
22526
1
1
1
1
1
0
0
1
1
1
1
1
1
1
1
1
1
1
1
1
34395
1
1
1
1
1
1
1
1
1
1
1
6625
1
1
1
1
32973
1568
1
1
1
1
1
1
1
0
42121
1
1
1
1
1
1
1
1
1
1
0
63204
1
21087
1
1
1
1
0
1
1
1
1
1
0
1
1
1
1
1
1
1
1
1
1
80934
33950
1
1
1
0
0
1
1
1
1
1
1
1
1
1
0
61472
1
1
1
1
0
1
1
0
1
1
10806
4785
1
1
10747
1
1
1
1
1
1
1
1
0
1
1
1
1
1
1
1
0
1
0
1
1
48238
1
1
1
1
1
1
1
1
1
1
1
1
1
0
1
1
1
1
1
0
931
0
1
1
0
57541
3753
1
1
0
1
1
1
1
1
0
1
1
1
14574
1
1
0
1
1
55309
1
0
1
1
1
1
1
1
0
1
1
1
1
1
1
1
1
1
1
1
1
0
1
23785
1
1
1
1
1
1
1
1
1
21326
1
1
1
1
1
1
84729
1
1
1
66341
1
1
1
1
1
1
1
1
1
1
1
0
0
1
42393
1
1
1
18081
1
1
21024
1
1
1
1
1
1
1
1
1
1
1
1
1
1
28533
1
1
1
1
1
1
1
1
1
1
1
1
1
1
1
1
1
1
1
1
1
1
1
1
1
28870
1
1
1
1
1
1
1
1
1
1
1
1
1
1
1
1
1
1
1
1
0
1
1
1
1
1
1
1
1
46159
1
0
0
1
1
1
1
1
1
1
1
0
1
1
1
1
1
1
0
1
1
1
1
15385
1
1
1
1
1
1
1
1
1
1
0
1
1
1
1
24726
1
1
1
1
1
0
1
1
1
1
1
1
1
1
0
1
1
0
1
1
1
1
1
1
17086
0
39349
1
1
1
1
1
1
1
1
1
1
22075
1
1
1
1
1
1
1
22942
1
1
1
1
1
1
1
1
1
1
0
1
1
22667
1
1
52173
1
1
1
1
1
1
1
1
1
1
39927
1
1
1
1
1
69987
1
1
1
1
1
1
1
1
1
1
1
1
1
1
1
1
1
0
1
0
0
1
1
1
1
1
1
1
1
1
1
1
1
82288
1
1
1
1
1
1
1
0
1
1
1
1
1
1
1
0
0
1
1
1
1
1
1
1
1
1
1
1
1
1
0
0
1
1
1
1
0
1
1
1
1
1
1
1
1
1
1
1
1
35652
1
1
1
1
1
1
1
28070
1
1
1
0
1
1
1
1
1
1
1
1
1
1
1
1
1
1
1
1
1
1
1
1
1
1
1
1
1
1
53839
1
1
1
1
25507
1
22224
1
1
1
1
1
1
1
1
1
1
0
1
1
0
1
11122
1
1
1
1
1
1
1
1
1
1
11618
1
1
1
1
1
1
1
0
1
1
34195
1
1
1
0
1
1
1
1
10305
0
1
1
1
1
1
1
1
9228
1
1
1
1
1
1
1
1
0
1
1
1
1
1
1
35490
1
1
1
1
1
1
1
24282
1
1
1
1
1
26936
0
1
1
1
1
1
1
0
1
1
1
1
1
1
1
1
1
30459
1
1
58132
0
1
1
1
20763
0
0
1
1
1
1
1
1
1
0
1
64323
1
1
1
1
1
1
1
1
0
0
1
1
1
53347
7356
0
1
1
1
1
1
1
1
1
1
1
1
1
0
1
0
1
0
1
0
19343
0
28184
1
1
1
1
56479
1
1
1
0
0
1
1
1
1
1
33634
1
1
1
1
1
1
1
1
1
1
1
1
1
0
1
1
1
1
1
1
1
1
1
1
0
47926
0
1
65881
1
1
1
1
0
1
21577
1
1
0
1
1
1
1
1
1
1
0
1
62050
1
1
1
50118
1
1
1
1
1
1
1
1
1
1
0
1
1
1
1
1
1
1
1
1
1
1
0
1
0
12403
1
1
1
1
1
1
1
1
30474
1
1
1
1
0
1
27259
1
1
1
1
1
1
1
1
1
66067
1
1
1
1
1
1
0
1
1
0
5278
1
0
0
0
1
1
1
0
1
0
1
1
1
1
1
1
1
1
1
1
1
1
1
1
1
1
1
1
1
1
1
1
0
1
1
35432
1
1
1
1
59929
1
1
1
1
1
1
48121
7323
1
1
1
1
1
1
1
1
1
1
1
1
1
10711
1
1
1
1
1
1
1
1
1
1
1
1
1
1
73275
1
1
1
1
1
0
1
1
1
1
1
13859
82555
1
1
0
1
1
1
1
0
1
1
1302
1
24768
1
1
1
1
0
1
1
1
1
1
1
1
1
0
1
33184
36591
1
1
4386
0
1
1
1
1
1
8736
1
1
1
1
1
34104
1
1
1
1
1
45546
1
49385
1
1
1
9144
0
1
96364
1
1
1
1
1
0
1
1
1
1
0
1
0
89473
1
1
1
1
1
1
1
1
1
1
1
1
1
1
75767
1
1
1
1
1
1
1
0
1
1
1
49271
2718
1
1
0
1
1
1
16302
1
1
0
4737
38927
1
0
1
1
1
1
1
0
0
1
1
21420
1
1
1
1
1
1
1
1
1
1
1
1
1
0
1
1
1
9633
83871
1
1
1
1
1
1
1
1
1
1
0
1
1
1
9498
1
1
1
1
1
1
1
1
1
28463
1
1
1
1
1
1
1
1
1
1
1
1
1
2490
1
1
0
30191
1
1
1
1
1
1
1
1
1
1
1
1
1
1
40967
1
1
1
1
1
75346
1
1
1
0
33190
1
0
1
1
1
1
1
1
1
1
1
1
1
1
1
0
1
1
1
8060
1
1
1
51912
1
1
1
1
1
1
1
1
1
1
1
1
1
1
1
1
0
1
1
1
1
1
1
1
1
1
1
1
17821
3854
1
0
1
1
1
0
1
22165
1
1
58352
1
2576
24352
0
12150
1
1
1
1
1
0
1
1
1
1
1
0
1
1
1
1
1
1
1
1
1
1
1
1
1
1
1
1
1
0
1
1
1
1
1
1
1
1
1
0
1
1
1
1
1
1
1
1
1
40972
1
67425
1
1
52317
0
1
1
1
1
1
1
7510
1
1
1
1
1
1
1
1
78858
0
35108
1
0
1
1
1
1
1
1
0
1
1
1
0
1
0
1
1
1
1
1
1
1
1
1
1
1
1
1
1
1
1
7226
1
83948
1
1
1
1
1
1
1
0
18602
1
62725
1
20441
1
0
1
1
1
1
1
1
1
1
1
1
1
1
1
1
1
0
1
1
1
1
1
1
56095
1
1
1
1
1
1
1
37547
1
1
1
1
1
1
62352
1
1
1
1
1
1
1
1
1
1
0
1
1
1
31007
1
1
1
1
1
1
1
1
1
1
1
1
0
1
1
1
1
1
82069
1
1
1
1
50635
1
1
1
1
1
1
1
1
1
1
1
1
0
1
14369
1
1
1
1
1
1
1
1
1
1
0
0
1
1
1
1
1
1
1
1
1
1
1
1
1
0
69333
1
69559
1
1
1
1
1
1
1
1
1
1
1
1
74371
1
1
1
1
14478
1
1
1
1
1
1
1
1
1
36097
1
1
1
0
1
1
1
1
1
1
1
1
0
1
0
1
1
1
1
5506
1
1
1
1
1
17486
1
1
1
1
1
63476
1
15827
1
1
1
1
1
1
1
0
2045
1
1
1
1
1
1
0
0
1
1
1
1
1
0
0
1
0
1
1
65112
1
1
1
1
1
21831
1
0
1
480
1
0
1
1
1
1
0
1
1
1
1
1
0
1
0
1
1
1
0
1
1
0
1
1
1
1
1
1
1
1
1
1
1
1
1
1
1
0
1
1
1
1
0
0
1
1
1
1
1
1
1
0
1
1
1
1
0
1
1
1
0
56843
1
1
1
1
1
1
1
48151
1
1
1
1
1
1
1
1
1
1
1
1
1
1
1
1
25588
1
1
1
1
1
57867
1
1
1
1
1
1
1
1
1
1
1
1
1
1
1
1
0
1
0
1
1
1
1
1
1
1
1
1
1
1
0
24189
1
1
1
28957
1
1
1
1
87173
1
1
1
1
72788
1
1
19910
1
1
1
1
1
59628
1
1
1
1
1
49992
1
1
1
1
1
1
1
1
1
1
1
1
1
1
1
1
1
1
24802
1
0
1
1
1
1
1
1
1
1
1
0
1
1
1
1
90690
1
60187
47238
27330
0
1
1
1
1
1
1
1
1
1
1
1
15764
1
1
1
21576
1
0
1
1
1
1
1
1
1
1
1
1
1
1
0
1
1
1
9229
1
1
1
1
1
1
1
1
1
1
1
1
45908
1
1
1
1
1
1
1
1
1
1
1
1
1
1
1
0
1
1
1
1
1
1
1
0
1
1
1
1
1
0
1
1
0
1
1
1
1
79357
1
1
1
0
1
1
0
17601
1
1
1
1
60924
0
1
1
1
1
1
1
1
1
1
0
1
1
5602
1
1
1
1
1
21921
72586
35277
1
1
33202
1
1
0
1
1
1
1
0
1
35013
0
1
1
833
1
1
0
1
1
1
1
1
1
0
1
1
1
1
1
0
1
1
1
0
1
1
1
1
1
1
1
1
1
0
1
1
1
1
1
1
1
1
1
1
1
1
1
1
1
1
42911
1
0
1
1
1
1
0
27926
1
1
1
1
1
1
1
1
14354
1
1
1
1
1
1
1
1
1
1
1
0
1
1
1
1
1
1
1
0
1
10890
1
1
1
1
1
1
1
1
1
77255
1
1
1
1
1
1
1
1
1
1
1
1
1
1
0
1
1
11382
1
1
1
0
1
1
1
1
1
1
1
47105
1
1
1
1
0
1
30753
1
1
1
0
1
1
1
1
48785
1
1
1
1
1
0
1
1
1
1
1
1
1
0
1
1
1
1
1
1
0
1
0
1
1
1
1
62400
1
0
1
1
83860
1
1
1
1
1
1
1
1
1
1
0
1
1
1
1
1
1
1
1
1
0
1
1
1
1
1
0
0
1
1
7905
0
1
1
0
1
3706
35078
1
1
1
1
1
1
1
1
1
16939
1
1
1
1
1
1
1
1
1
1
1
1
1
1
1
1
1
1
1
1
1
1
1
1
1
16000
1
1
1
1
1
1
0
1
1
1
1
1
0
1
1
1
1
0
0
1
1
1
1
1
1
1
1
1
1
1
1
1
1
1
0
11838
1
27576
3010
1
1
1
1
1291
1
1
1
1
1
1
1
1
1
1
1
1
1
1
1
1
1
1
67264
41732
1
1
1
1
1
1
1
1
1
1
0
1
1
1
1
1
1
1
1
1
1
1
1
1
515
1
1
1
1
1
1
1
1
12668
1
1
1
1
1
0
1
1
1
8951
1
1
1
1
1
1
1
1
1
1
1
1
1
1
0
1
1
1
1
18831
1
1
1
1
1
1
0
1
1
1
1
1
1
1
1
25158
1
1
1
1
1
1
13231
1
1
1
8451
1
1
0
1
1
1
1
1
1
1
1
1
1
1
1
50066
1
1
1
1
1
1
1
1
71061
1
1
1
60907
1
1
1
1
1
1
58590
1
1
1
1
1
1
1
1
1
1
51694
1
1
1
1
1
1
1
0
1
1
1274
1
1
1
1
1
5521
1
1
1
1
1
0
1
51848
1
29954
0
0
2893
0
1
0
1
14784
1
0
1
1
1
1
1
1
1
1
56485
1
1
1
1
1
1
1
1
1
1
0
1
1
42009
1
16636
0
1
1
0
1
1
0
0
1
18268
0
1
1
1
1
1
1
1
1
9507
1
1
1
1
1
1
35364
0
1
1
0
1
1
1
1
1
1
1
1
1
1
1
1
1
1
1
1
1
1
1
1
1
1
1
1
1
1
1
1
0
1
1
25626
1
1
56427
1
1
1
1
1
0
1
1
1
1
1
1
1
1
1
1
1
71764
1
1
1
1
1
1
1
1
1
1
1
1
1
1
1
1
1
1
1
1
1
1
2777
1
68052
1
1
1
1
1
1
1
20315
1
22410
3243
1
1
1
1
0
1
1
1
1
0
0
1
1
11877
1
1
1
1
1
1
1
1
0
0
1
0
1
1
1
1
1
0
1
0
1
1
1
1
1
1
0
1
0
1
1
1
1
1
1
1
1
1
1
1
28354
1
1
1
34958
1
0
7622
1
1
0
1
74362
1
1
1
0
1
1
1
1
1
1
6727
1
41740
1
1
1
1
1
1
1
1
1
1
1
1
1
1
1
1
1
78154
1
1
1
1
77367
1
1
1
1
0
1
1
1
1
1
0
1
1
1
46139
1
66872
1
1
1
29480
1
1
0
0
1
1
1
0
1
0
1
1
1
1
0
1
16856
1
1
1
1
1
1
1
0
1
1
1
1
5349
1
1
1
1
0
25379
1
1
1
1
1
1
1
1
1
1
1
1
1
1
1
1
1
1
17777
8728
1
27202
3623
1
0
1
1
1
23581
1
1
1
1
1
0
1
1
57265
1
1
1
1
10639
0
1
1
1
1
0
1
1
1
1
1
1
1
1
1
5113
1
1
0
1
0
1
1
0
1
1
1
21105
1
1
1
1
1
1
1
1
1
39797
1
1
1
1
1
1
0
1
1
1
1
1
1
1
0
1
1
1
1
1
6360
1
1
1
0
1
1
1
1
1
1
1
1
1
0
1
1
87575
1
1
1
1
1
0
1
1
1
1
1
1
1
1
1
1
1
1
1
1
1
0
1
1
1
1
62649
1
1
1
0
1
1
0
0
70920
1
1
1
1
1
1
1
1
0
1
1
1
1
1
1
0
0
1
1
1
0
1
1
1
1
1
1
1
1
13327
1
1
1
1
0
0
1
14841
1
1
1
1
41897
1
1
1
1
0
1
1
1
1
1
1
1
1
1
1
1
1
1
1
1
86113
1
1
1
1
1
1
1
1
1
66611
1
1
1
1
1
1
1
1
1
1
1
1
1
1
1
1
1
1
8875
2428
1
1
25289
1
1
1
0
1
30477
3933
1
765
1
1
1
1
1
1
1
1
1
1
0
72110
0
1
0
1
1
1
1
1
1
1
1
1
0
1
1
0
1
38087
5475
45413
1
1
1
1
1
1
1
1
1
1
1
1
77402
22406
1
20133
1
1
1
1
1
1
1
1
0
1
0
1
1
1
4089
1
1
1
1
1
1
35185
1
1
1
1
1
0
1
1
1
1
1
1
1
2608
1
1
1
1
1
1
84676
0
1
1
1
1
1
1
0
1
28960
1
1
1
1
1
1
0
1
1
1
1
1
1
1
1
1
1
1
1
1
1
1
0
1
74553
0
1
0
1
1
5760
1
88178
1
1
0
0
22930
1
1
1
32497
1
1
1
1
1
1
1
1
1
1
1
1
1
1
1
1
1
1
1
37507
0
1
1
8366
1
16442
1
57678
1
65239
1
1
1
1
1
1
0
1
1
26433
38201
1
1
1
1
1
1
1
1
0
1
1
1
1
1
1
0
0
1
1
1
1
1
3291
1
1
0
1
1
1
1
55810
0
1
1
1
0
1
1
1
1
0
1
1
1
1
1
1
1
1
1
1
1
1
1
1
1
1
1
1
1
1
0
1
0
1
1
1
1
1
1
1
1
1
1
1
1
1
25966
1
1
1
0
1
1
0
1
1
1
1
1
39506
1
1
1
1
1
1
1
1
45872
0
1
1
1
1
0
1
1
1
1
0
1
1
1
1
54720
1
1
1
1
1
1
1
1
0
1
1
1
1
1
1
1
1
0
1
1
0
1
1
1
1
1
1
1
1
1
1
0
1
1
1
1
1
1
1
1
1
0
0
1
1
1
0
1
1
1
1
1
1
2701
1
1
1
1
1
1
1
1
0
1
1
44041
1
0
1
0
1
1
1
1
0
70394
1
0
1
1
0
1
1
1
1
1
1
1
48875
1
1
1
1
1
0
1
1
1
1
1
0
0
1
1
1
1
1
1
1
1
1
0
0
7240
0
1
1
1
0
0
1
1
0
1
1
1
1
1
1
1
1
70083
70939
9837
1
1
1
1
1
1
1
1
1
21344
1
1
0
1
1
1
1
1
1
1
1
0
1
1
1
27169
1
0
1
1
0
1
1
1
0
1
0
1
1
1
1
16662
1
1
1
1
1
1
0
1
1
1
87054
1
1
1
1
1
1
1
1
72179
12451
1
43945
1
1
27296
0
1
1
1
1
46598
1
1
68130
1
1
1
1
1
1
1
1
1
1
1
1
1
0
1
1
1
1
1
1
5086
0
1
1
1
1
1
1
1
1
1
1
1
1
1626
28917
1
1
1
59436
1
0
1
65701
1
1
1
1
1
0
1
1
1
1
1
40073
1
1
0
1
0
0
0
1
1
1
1
17261
0
1
1
1
1
1
1
0
40674
1
1
1
1
1
0
1
1
1
1
1
43860
1
1
0
1
1
1
1
1
1
1
1
1
1
1
33170
1
0
1
1
1
1
0
1
1
1
1
589
1
0
1
1183
0
1
1
1
1
1
1
1
1
0
1
1
1
0
1
0
1
1
1
1
1
1
1
2744
1
1
10376
1
0
1
1
1
0
0
1
37203
1
1
1
1
1
1
1
1
1
1
1
1
1
1
1
1
1
1
1
1
1
7094
0
59510
0
1
1
1
1
1
0
1
1
1
1
1
1
1
1
1
1
1
0
1
1
1
1
1
1
1
1
1
1
1
1
1
1
1
0
1
1
1
1
1
1
0
14418
1
1
9363
1
1
1
1
1
1
1
1
19987
1
1
1
52793
1
1
1
0
1
0
1
1
1
1
1
1
1
14476
1
1
1
1
1
15729
0
1
1
0
1
1
1
52466
1
1
0
1
1
1
1
1
1
1
1
1
1
1
1
0
0
1
1
61666
0
0
1
1
0
0
0
1
1
1
1
0
1
1
52073
1
1
1
1307
0
1
1
1
24735
1
1
1
5498
1
1
1
1
1
1
1
1
1
0
1
1
1
1
1
1
1
1
1
1
1
28674
1
53406
28241
1
1
1
1
1
47687
1
1
1
1
25803
0
1
1
0
1
1
1
1
1
1
1
0
0
1
1
8773
1
1
1
1
1
1
1921
1
1
1
1
1
1
44932
38707
0
40620
1
66218
1
1
1
0
1
0
1
1
1
0
1
1
1
1
19550
1
1
1
1
1
1
1
1
1
1
1
1
1
9761
1
1
37099
1
1
1
1
58315
1
29554
1
1
1
0
38122
1
1
1
1
1
1
1
1
1
4739
1
1
1
1
1
1
12589
1
1
1
1
0
1
1
1
1
0
0
37929
1
0
1
1
0
0
1
1
1
1
1
1
1
1
1
1
2529
1
1
1
1
1
1
1
1
1
1
1
1
1
0
1
1
1
1
1
16983
1
1
1
1
1
1
1
1
1
1
0
1
1
1
1
1
1
1
1
1
1
0
1
0
0
1
1
1
0
1
1
1
1
1
1
1
1
1
1
1
1
1
1
1
1
38604
1
1
1
1
1
1
1
0
1
26571
1
1
1
1
6141
1
1
35761
31087
1
1
1
49431
0
1
1
1
1
1
0
1
1
1
1
1
0
1
1
1
1
35510
0
45296
1
0
1
1
1
1
1
0
78960
1
1
1
1
1
0
1
1
62791
1
1
1
1
1
1
1
1
1
0
1
0
0
1
1
1
0
36634
1
1
1
1
0
1
1
35408
0
1
1
1
1
1
0
1
1
0
1
1
1
1
1
1
1
1
0
1
1
1
1
1
1
7917
1
1
1
1
22528
0
1
1
1
1
1
16071
1
0
20558
1
1
1
61266
1
29123
1
1
1
1
1
1
28274
1
1
0
1
0
1
1
1
1
1
1
1
1
0
1
1
1
1
1
1
1
1
1
1
0
1
1
1
1
1
1
1
0
1
1
1
1
0
1
1
1
1
1
1
1
1
0
1
1
1
0
1
1
1
1
2349
1
1
63985
0
1
1
1
52259
1
1
1
1
0
1
31515
1
44145
0
92260
1
0
1
50414
1
1
1
1
1
1
1
1
1
1
1
0
1
1
1
1
15924
1
1
1
0
1
0
17061
1
1
1
1
1
1
1
1
1
1
1
1
1
0
0
1
1
1
1
0
1
1
1
1
1
1
0
0
0
1
1
1
33153
1
1
1
0
1
1
1
1
0
25574
1
1
0
1
12780
1
1
1
1
1
1
1
1
1
1
1
1
73434
1
1
1
1
1
1
1
0
1
1
1
0
1
26689
1
1
1
1
1
1
1
1
1
1
0
1
1
1
1
1
1
1
1
15727
1
1
1
1
1
1
1
1
1
52836
1
1
1
1
0
1
1
1
1
1
53089
1
1
1
1
1
1
1
76881
1
1
1
1
1
0
1
1
1
1
1
1
13070
1
1
1
3480
1
1
1
1
1
1
0
0
1
1
1
0
8470
1
1
1
1
1
1
1
1
1
1
1
0
1
65108
1
1
0
1
1
1
1
0
1
1
1
1
1
1
1
1
1
1
1
1
1
1
1
1
0
1
1
37637
1
1
1
1
1
1
1
1
1
1
1
1
11266
1
1
1
0
1
1
1
1
1
1
0
1
1
1
1
1
1
1
1
1
1
16683
1
1
0
0
1
0
1
1
1
1
83462
1
1
1
1
1
1
1
0
1
1
65407
1
1
0
16972
1
1
1
0
1
1
1
0
1
1
1
1
28393
0
1
1
33818
1
1
1
1
60763
1
1
1
0
9604
1
0
1
1
0
1
0
1
1
1
1
1
0
1
1
0
1
1
1
1
1
1
1
1
1
1
1
1
1
1
0
0
1
1
1
1
0
1
1
1
1
1
6393
1
1
1
1
0
27384
1
1
50004
1
55985
0
0
1
1
1
1
0
1
1
1
1
1
1
1
1
0
3556
1
0
0
1
1
1
1
1
1
1
1
1
0
0
1
1
1
1
1
1
0
1
1
1
1
1
1
1
63476
1
1
1
1
1
3637
0
1
1
1
1
0
1
34875
0
1
1
0
1
0
1
21677
1
1
1
1
1
1
1
1
1
0
1
21690
1
1
0
2759
1
8047
1
0
1
1
1
1
1
1
0
1
1
1
1
1
1
1
1
48477
26708
0
1
34387
0
1
1
1
7473
0
1
1
0
1
1
1
1
1
1
0
1
1
1
1
0
1
1
1
1
1
0
1
1
27610
1
0
1
1
1
1
1
0
1
1
0
1
1
1
0
1
52019
1
1
1
1
1
1
1
36844
1
1
1
1
0
0
1
1
1
1
1
0
1
1
1
56732
1
1
1
1
1
1
1
1
0
1
1
1
1
0
1
0
1
1
1
13828
1
1
1
1
1
0
1
1
0
0
1
1
1
1
0
1
1
35704
1
1
1
1
1
1
1
1
1
1
1
14149
25926
1
1
1
1
1
1
1
1
1
1
28593
0
1
0
1
11131
1
0
0
1
1
1
1
1
1
1
39041
0
1
1
1
1
1
1
0
1
1
1
1
1
1
1
1
1
1
1
1
1
1
1
1
1
0
1
1
1
1
1
1
1
1
1
1
1
1
1
1
1
1
1
1
1
0
1
1
1
0
1
1
1
1978
1
0
68483
1
1
1
1
1
5184
1
1
1
1
1
1
1
1
1
12134
42154
1
20791
1
1
1
1
78870
1
1
1
1
1
1
1
20549
1
1
1
0
1
1
1
1
1
1
1
1
1
1
0
1
1
1
1
1
1
1
1
1
1
1
87184
1
1
1
1
1
1
0
1
1
1
1
1
1
1
1
1
1
1
1
23857
1
1
1
1
1
1
1
1
1
1
40939
1
0
1
1
1
1
0
1
1
1
1
1
1
20540
0
1
1
1
1
1
1
1
1
1
1
0
10598
1
1
0
1
1
8335
1
0
1
1
1
1
1
1
1
1
1
1
1
1
1
1
1
1
1
21471
0
82613
1
1
1
1
1
0
1
1
33045
45376
1
1
1
1
1
1
1
1
0
1
1
1
0
1
1
1
1
1
1
1
1
1
1
1
1
1
1
1
1
1
1
13348
1
1
1
1
1
1
1
1
1
1
0
1
1
1
1
1
0
1
1
1
1
1
1
0
55348
0
1
1
1
0
1
0
1
0
1
1
1
0
1
1
0
1
63249
1
1
1
1
34341
0
1
1
1
1
1
11890
1
4268
1
0
1
44676
1
1
1
1
1
1
1
20538
1
1
0
1
1
1
1
1
1
0
1
1
1
1
1
1
0
1
1
1
1
1
1
1
1
1
0
0
1
1
1
1
1
1
0
0
1
1
1
1
1
1
1
1
1
1
1
1
1
1
1
0
12756
1
1
1
1
1
1
1
49043
1
1
1
4201
1
1
47022
1
1
0
0
1
1
1
1
1
1
1
1
1
1
1
1
1
1
1
1
1
65284
1
1
1
0
1
1
1
1
1
1
1
0
1
0
1
1
1
1
1
1
1
1
1
1
1
1
1
1
1
1
1
1
8229
1
44216
0
1
1
1
1
1
1
1
1
24155
0
1
1
1
1
5456
1
1
1
1
1
1
1
1
0
1
1
1
1
1
0
1
3
1
1
1
1
1
1
1
0
1
1
1
1
1
1
1
1
1
1
1
1
0
1
0
1
1
1
0
1
1
1
1
2798
1
1
1
0
1
19380
1
1
0
1
1
1
6059
1
1
1
1
1
1
13039
1
1
1
1
1
1
1
1
20142
1
1
1
1
1
1
1
1
1
8603
1
1
1
1
1
1
1
1
1
1
1
1
1
1
1
1
1
1
0
1
1
1
1
1
1
1
1
50639
1
1
1
0
1
1
1
1
1
1
0
1
1
1
1
1
1
1
1
1
1
1
1
1
1
1
1
1
1
1
1
0
0
1
1
1
1
1
1
1
1
0
1
1
1
1
1
1
1
0
62969
1
1
1
1
50677
1
1
1
0
0
1
1
152
1
19256
1
1
1
1
1
1
1
1
1
4835
0
1
0
1
65704
0
1
1
0
1
1
1
1
1
1
1
1
1
17415
1
1
1
1
1
1
1
0
1
0
1
1
1
1
1
1
1
1
1
0
1
59293
1
1
1
1
1
0
1
1
0
1
1
35489
1
1
1
1
1
1
60410
1
10618
1
1
1
1
1
1
1
55117
1
1
1
1
1
0
1
0
1
1
1
1
78773
1
0
1
1
0
1
672
0
1
1
1
1
1
0
1
1
1
1
1
1
1
42043
1
1
1
1
13751
1
1
1
1
1
1
1
1
1
1
1
1
1
1
1
1
17484
1
1
1
1
1
1
1
1
9180
1
1
1
1
1
0
1
1
1
0
1
8573
1
0
0
1
1
16878
0
0
0
1
1
1
0
1
1
1
0
1
1
1
1
0
1
1
1
0
1
1
1
1
1
1
1
1
1
6541
1
1
1
1
1
1
1
1
1
1
1
38750
1
1
1
1
1
0
1
1
1
1
1
16439
1
1
0
1
1
43183
1
1
1
1
1
1
0
1
1
1
1
1
1
1
1
1
1
1
1
1
1
1
0
0
1
65023
1
1
1
1
1
1
0
1
1
1
1
59876
1
24884
1
1
1
1
1
1
43249
1
0
14546
1
1412
1
1
1
1
1
1
1
0
1
1
1
1
1
1
1
1
1
1
46405
1
1
1
0
1
1
0
1
14424
1
1
1
1
0
1
0
0
47618
1
2990
1
1
1
1
1
54255
1
1
49893
1
1
1
1
11331
1
1
1
1
1
0
1
1
1
1
2082
81979
1
0
1
1
1
1
1
28234
1
1
1
1
1
1
1
1
0
1
1
1
1
1
1
1
0
1
48180
1
1
1
1
1
0
1
0
1
1
1
1
1
1
1
1
1
1
22450
1
1
1
0
1
0
0
1
1
1
1
1
0
1
1
1
0
18540
1
1
1
1
1
10145
1
0
1
1
1
1
1
1
1
1
35932
1
1
1
1
1
1
0
0
1
1
1
0
1
0
1
1
0
1
1
1
1
1
1
1
1
68981
1
1
1
1
1
1
1
1
1
1
1
0
0
0
1
0
18754
1
1
0
1
1
0
1
1
1
0
1
1
1
1
1
1
1
1
1
1
1
1
1
0
1
1
0
1
1
1
1
71325
9486
1
61055
1
0
1
1
1
1
1
1
0
1
1
1
1
1
1
4165
1
1
10257
0
1
1
28723
1
1
1
1
0
1
1
1
0
11203
1
31307
1
1
1
0
63510
1
0
1
1
1
1
1
1
1
1
0
1
1
1
1
0
1
1
0
1
0
1
1
1
1
1
1
1
1
1
1
1
0
0
1
1
1
1
1
48314
20591
1
0
1
1
1
1
0
1
1
1
1
1
14512
1
1
1
1
1
1
1
0
19600
1
1
1
78477
1
14836
1
1
1
1
1
1
56083
1
1
0
1
1
1
1
1
1
1
1
11287
0
1
1
0
1
1
1
1
1
1
1
1
1
1
1
1
1
1
1
1
1
1
0
1
1
1
1
1
1
1
1
1
2047
1
0
1
1
1
1
1
1
0
0
1
1
5153
1
1
1
1
1
0
1
1
1
1
1
1
1
1
1
48280
5039
1
1
1
1
1
1
0
0
1
83453
1
1
30882
1
1
93328
1
1
10340
1
1
1
1
1
1
1
0
1
1
1
1
1
1
88565
1
1
1
1
1
1
1
1
0
0
1
0
1
93813
1
0
1
0
1
0
1
1
1
1
1
1
1
1
1
1
1
1
1493
1
1
1
1
1
1
1
1
1
1
1
1
1
1
1
1
0
1
1
1
1
1
1
1
1
1
1
0
0
17342
1
1
1
1
1
1
1
0
0
1
1
1
1
1
1
1
0
1
1
1
8166
1
1
1
1
1
1
1
1
1
1
1
1
1
1
1
1
1
1
1
1
1
1
1
1
1
20036
1
1
1
7563
1
1
0
1
27638
1
6133
1
1
1
1
0
0
1
0
1
1
1
1
1
0
1
1
1
1
0
21682
1
1
1
53251
1
1
1
1
33310
1
0
1
1
1
1
1
1
1
1
1
1
1
1
3776
1
1
1
1
1
1
1
1
1
0
1
0
1
1
1
1
1
1
1
19712
0
1
0
1
0
1
0
1
26237
1
1
1
1
1
1
1
0
1
0
1
0
1
0
1
1
0
1
1
1
1
0
1
1
0
1
0
1
1
1
1
1
1
0
1
1
1
1
1
1
0
1
1
1
1
1
1
1
1
1
0
0
1
1
1
1
1
0
14484
1
1
1
0
1
1
1
26123
1
1
1
1
24108
1
1
1
1
1
1
1
1
1
1
1
1
1
1
0
1
1
1
1
1
1
1
1
1
1
1
41939
1
1
0
1
8756
0
1
1
1
1
1
1
1
1
0
1
1
1
1
1
1
1
1
1
5040
1
1
0
67811
1
1
1
1
1
0
31513
20511
1
1
1
1
0
1
1
1
1
1
1
11147
1
74354
1
1
1
1
1
0
0
1
1
1
1
1
1
0
1
1
1
958
1
1
1
1
1
0
1
1
1
1
1
1
1
1
1
1
30822
1
1
1
1
1
1
0
0
1
1
1
1
1
1
1
1
66337
1
1
0
1
1
1
1
1
1
1
1
1
1
1
0
1
1
0
0
1
16128
1
1
9178
1
1
1
1
66224
0
1
1
1
1
1
0
1
1
0
1
0
1
1
1
53680
69784
0
25289
1
1
1
1
1
1
1
1
1
1
25144
1
1
1
1
1
1
1
0
1
1
1
1
1
1
1
1
1
1
1
1
1
1
1
1
1
1
1
1
13313
0
1
1
1
1
5652
1
0
1
1
1
0
1
1
1
1
1
61132
1
1
0
1
1
1
1
0
1
8227
1
0
1
1
1
1
1
1
1
1
1
1
1
1
0
5827
1
1
1
1
21089
1
1
1
1
1
1
1
0
14676
1
1
1
0
0
1
1
1
1
1
1
1
1
1
1
1
1
1
1
1
1
28914
1
1
10264
1
0
1
0
1
0
1
1
1
1
0
1
1
1
1
0
54406
1
1
1
1
1
1
1
1
0
1
1
1116
1
1
1
1
1
1
1
1
1
1
1
1
1
1
1
1
1
1
1
1
1
1
1
1
35928
1
0
1
1
1207
0
45231
1
1
1
0
1
1
1
0
1
1
1
1
1
1
0
1
1
1
1
1
1
1
1
30562
1
21062
1
1
1
1
59321
1
0
1
0
1
1
1
1
1
1
1
1
52033
1
0
0
1
1
1
0
1
1
1
1
1
1
1
1
1
1
1
1
1
1
1
1
1
1
49233
23351
0
1
0
1
25299
1
1
0
1
994
1
0
1
1
1
1
1
1
1
0
1
1
1
1
1
1
16705
1
23010
1
1
1
1
0
1
1
1
1
1
1
1
1
17918
0
1
1085
1
1
1
1
0
1
0
0
1
1
1
1
1
1
1
1
1
32373
0
1
1
1
1
0
1
1
1
1
1
1
1
0
34710
1
1
21820
1
1
1
1
1
1
1
1
1
1
1
40063
1
1
1
0
1
0
1
1
1
46951
1
1
1
1
1
1
1
9671
1
1
1
64498
0
1
1
1
0
1
0
1
1
1
1
1
1
56217
1
531
1
1
1
0
1
1
1
1
1
1
1
0
1
1
1
1291
1
1
1
1
1
0
18552
54592
1
1
0
1
1
1
1
1
0
1
1
1
1
1
1
1
1
1
1
1
56278
1
1
0
1
1
1
1
1
0
1
1
0
76751
1
1
1
1
1
53522
11039
1
1
1
1
1
9805
1
31250
1
1
0
23506
1
1
1
1
1
1
1
1
1
1
1
1
1
1
1
20306
1
1
1
1
1
0
1
1
0
1
1
1
1
1
0
1
1
1
1
1
30228
1
1
1
0
1
0
1
0
0
1
1
1
1
1
1
1
1
0
1
1
1
1
1
1
1
1
1
1
1
1
0
0
1
1
1
1
1
1
1
1
1
12454
22729
1
1
15653
0
1
1
1
1
39250
1
0
1
1
1
1
1
1
1
0
1
21460
14427
1
1
1
1
1
1
1
1
0
1
1
1
1
1
0
1
1
1
1
1
0
1
1436
1
0
1
24387
1
1
1
22566
1
1
1
1
1
1
1
1
1
1
0
1
4419
1
1
1
1
1
1
3243
1
1
1
1
1
1
1
1
1
1
1
1
1
1
1
1
46701
1
1
0
1
3809
1
1
1
0
20148
0
1
1
1
1
1
66547
1
1
68708
1
1
1
1
1
82475
24843
1
1
1
8335
1
1
27246
1
1
1
1
1
17426
1
1
1
0
1
1
1
1
1
1
1
0
1
1
1
1
1
1
1
1
1
1
1
1
1
1
0
1
0
1
1
1
2536
0
1
1
1
1
1
1
1
1
1
1
1
1
1
1
12372
1
1
1
4928
1
0
1
31929
1
1
1
1
1
39514
0
0
5299
1
1
1
1
1
1
1
1
1
1
20088
82546
1
1
1
1
1
1
1
36245
1
1
0
1
1
1
1
1
1
1
1
1
1
1
1
1
1
1
1
1
1
1
0
1
1
0
1
32035
0
43080
1
1
1
1
0
1
1
0
1
1
1293
1
1
1
1
23815
1
1
1
1
1
1
1
1
0
1
1
0
11592
1
1
1
0
1
1
1
23633
1
1
1
0
1
1
1
1
1
1
2384
1
1
1
1
1
3565
1
1
1
1
1
21245
1
0
1
1
36827
1
1
1
1
1
1
1
1
37450
1
1
1
4981
27642
1
1
65095
0
1
18660
10231
1
1
1
1
1
1
1
1
1
0
1
1
1
1
0
1
1
1
1
1
1
1
1
1
0
1
1
1
1
0
6333
21068
0
1
1
54005
1
1
1
26423
1
1
1
1
1
1
4383
1
1
1
4327
1
0
1
1
20506
1
1
1
1
1
1
1
1
1
1
1
1
1
1
1
20062
0
0
8730
1
1
1
4089
0
1
1
1
1
1
30662
1
1
1
1
0
1
1
1
1
0
0
1
0
1
0
1
0
1
1
1
1
93624
1
1
1
1
1
1
1
1
1
1
1
1
1
1
1
1
1
0
1
1
1
1
1
1
1
0
1
1
0
0
1
1
1
1
1
71085
61771
1
1
0
1
1
1
1
0
1
1
1
1
1
1
1
1
1
1
0
1
0
1
1
1
1
1
1
1
0
1
1
8973
1
1
1
1
1
1
1
1
3352
1
1
1
1
0
1
1
1
1
1
1
1
1
0
1
1
1
1
1
1
0
1
1
0
1
1
1
1
1
1
46805
0
1
19691
1
1
1
1
1
1
1
1
1
1
1
1
11080
1
1
1
1
1
1
1
1
0
1
1
1
1
1
1
85764
1
1
1
1
1
1
1
1
1
1
1
29894
0
1
29401
1
62796
1
1
1
1
1
1
1
1
1
1
1
35827
1
1
1
1
0
1
1
1
0
1
1
1
1
11668
1
1
1
0
0
10951
1
1
1
1
1
1
0
1
1
1
46660
1
1
1
1
1
1
1
1
1
1
1
45521
1
1
1
0
1
1
63045
1
1
1
1
1
1
67060
1
1
0
0
1
51966
1
1
1
1
1
1
1
1
1
16971
1
1
1
1
1
1
1
1
61133
0
1
1
1
0
64648
1
1
1
20355
1
1
1
1
1
1
1
32861
1946
1
1
0
1
1
1
1
1
0
1
1
1
1
1
1
1
1
1
1
1
0
1
1
1
0
1
1
1
1
1
17563
0
1
1
1
1
1
1
1
1
1
1
1
1
1
0
1
1
1
1
0
0
51963
1
1
1
1
1
1
0
1
1
1
54456
1
1
1
1
1
1
0
1
1
0
1
1
54107
1
1
1
1
1
1
0
0
1
1
58125
1
0
1
1
1
1
18292
1
1
34316
1
0
1
1
1
1
1
1
1
1
1
1
1
1
18447
0
1
1
1
1
1
1
1
1
1
1
1
0
0
1
1
1
1
1
1
1
1
1
69509
13742
1
1
0
0
0
1
1
1
1
1
1
0
1
0
0
1
32458
1
1
1
34778
1
1
21894
55076
1
1
1
1
1
1
1
1
1
1
1
18588
1
1
1
39770
1
0
1
1
6103
13938
1
1
1
1
1
1
1
1
1
1
1
1
45296
1
1
1
1
0
1
1
42543
1
1
1
1
21683
1
0
1
1
1
1
1
1
1
1
1
1
10603
1
1
1
1
1
1
1
1
1
1
1
1
1
1
1
1
0
1
25350
1
1
1
1
1
0
4839
1
1
0
1
1
1
1
1
1
1
1
1
1
1
1
0
1
1
0
0
1
1
1
1
1
1
1
1
1
0
0
34574
0
1
1
1
1
1
1
1
1
1
1
65181
1
0
1
1
1
1
1
1
1
1
75108
1
1
1
1
1
2573
1
1
1
1
1
1
77619
1
1
1
0
1
0
1
1
1
1
1
1
1
1
1
0
1
0
1
1
1
1
1
1
23390
1
1
1
58
0
1
1
1
1
1
1
1
0
1
1
1
1
0
1
1
1
0
1
1
1
1
78651
1
1
1
0
1
1
1
1
1
0
1
1
1
1
1
1
1
1
43563
1
1
1
0
1
1
1
1
0
1
1
1
1
1
1
1
1
1
1
1
1
1
1
1
1
1
1
0
1
1
19728
1
1
1
0
1
1
1
1
1
1
1
1
1
1
1
1
1
1
1
1
1
1
0
1
1
1
1
1
1
1
1
1
1
1
1
1
54070
1
0
1
1
21798
1
1
1
1
1
1
0
1
1
1
1
1
1
1
1
1
0
1
1222
1
1
0
1
1
1
0
1
1
1
1
1
1
1
1
0
1
1
1
1
0
0
1
3660
1
1
0
1
1
1
1
1
1
0
1
1
1
1
11666
1
1
0
1
1
0
1
1
39920
1
0
1
1
1
1
1
1
1
0
1
1
1
0
1
1
1
1
1
1
1
1
1
791
1
20251
1
1
1
1
1
0
1
1
1
1
1
13191
8977
1
1
1
1
1
1
1
1
1
82213
27113
0
4000
1
1
1
0
1
1
1
1
35529
0
1
0
1
1
1
1
1
0
1
1
0
1
1
1
1
0
1
7420
1
1
1103
1
1
1
1
1
1
0
1
1
0
1
1
1
1
1
1
0
1
34770
6324
1
1
1
1
9186
1
1
24347
0
0
0
0
1
24422
1
85159
1
1
1
1
1
1
1
1
1
1
1
1
1
0
1
18934
1
1
1
1
67209
1
1
1
1
1
1
1
1
1
1
1
0
1
1
1
1
1
1
1
1
1
1
0
1
1
1
1
0
0
1
0
1
1
1
1
1
1
0
1
1
0
1
1
1
1
1
1
1
1
19343
1
1
2724
31105
1
1
17813
1
1
0
0
1
1
1
1
1
1
1
1
1
1
1
1
1
1
57890
1
1
19453
0
1
1
3201
1
1
1
1
1
1
1
1
1
1
26323
0
1
1
1
7942
1
1
3398
3048
1
0
0
1
1
1
1
49118
1
1
1
1
0
1
1
0
1
0
1
1
1
1
1
1
0
1
1
1
1
1
1
1
1
16113
1
1
5997
1
1
1
1
495
1
1
1
1
1
1
1
1
1
1
1
1
1
1
1
1
1
1
1
1
1
1
1
1
1
1
1
0
1
1
0
1
23796
0
1
9554
0
1
1
1
0
1
1
8542
0
1
1
1
1
1
1
1
1
1
1
14237
1
1
1
1
1
1
1
1
1
1
0
1
0
1
1
0
0
57885
1
1
1
1
1
1
0
18281
1
1
14587
1
1
1
1
1
1
1
0
0
1
1
0
1
0
1
1
0
0
0
1
1
1
1
0
1
1
1
0
0
1
1
1
1
1
1
1
1
1
1
1419
1
1
1
1
0
1
68805
1
1
1
1
1
1
1
1
1
1
0
0
1
1
1
1
1
0
0
1
1
1
1
1
1
1
1
0
1
1
1
75676
1
1
1
1
1
1
1
1
1
1
1
1
1
1
1
1
1
20737
28032
1
1
17857
1
1
0
1
1
1
0
14135
0
0
0
1
1
1
1
1
0
0
1
1
1
1
1
0
16230
1
1
1
1
1
1
1
1
1
1
0
1
1
0
1
1
1
1
1
0
1
1
76326
1
31130
1
1
1
1
0
1
1
1
1
1
1
56055
1
1
1
1
0
1
1
1
1
165
1
1
0
1
1
1
61337
1
1
0
1
1
1
1
0
0
1
9609
1
1
1
1
1
1
1
1
17496
1
32379
4165
0
1
1
0
1
0
1
1
1
1
1
1
1
1
1
0
0
0
60942
40
18786
1
2848
1
1
1
0
1
1
1
1
0
1
1
1
0
0
52979
1
1
1
1
1
1
0
0
1
1
1
1
1
1
0
1
1
1
1
1
1
1
1
1
1
35432
1
1
1
1
1
1
1
1
0
0
1
1
1
1
1
0
1
0
1
51149
0
1
1
1
9771
1
1
1
29071
1
1
1
1
13535
1
1
1
1
1
1
1
7561
1
1
1
0
1
1
1
1
0
0
1
0
1
1
1
1
1
1
1
0
19099
1
1
20474
1
0
1
1
1
1
1
1
1
1
0
1
1
1
0
1
1
1
1
1
1
1
1
1
0
0
0
1
1
1
1
1
1
1
1
1
1
1
1
0
1
1
0
1
61019
1
1
1
1
1
1
0
0
85941
1
1
1
1
1
1
1
1
1
1
1
1
1
1
1
38042
0
70074
1
1
1
1
1
1
1
0
1
44863
0
1
0
1
1
0
1
1
1
1
0
1
0
0
1
1
74254
0
1
59718
1
1
1
0
1
1
1
1
1
1
0
1
1
0
1
1
1
1
1
1
1
1
1
27189
1
1
2435
1
1
0
1
1
1
1
0
1
1
1
1
0
1
1
1
11571
1
1
1
0
1
1
1
0
36587
1
1
1
1
0
1
1
0
1
1
1
1
0
1
1
1
0
1
1
1
1
1
1
1
1
1
0
0
1
1
1
1
1
1
0
1
1
1
1
1
0
0
1
1
1
1
0
1
1
1
1
1
1
1
0
1
1
1
0
1
0
1
0
1
66959
1
2985
1
90850
1
1
0
1
1
1
1
20255
1
1
1
1
0
1
1
1
0
1
1
1
1
1
24560
0
1
43407
1
1
1
0
1
1
1
1
23472
1
1
0
51709
1
1
1
1
0
1
1
1
1
0
1
20814
1
1
1
1
1
1
1
0
0
1
1
1
48016
1
1
1
1
1
1
1
1
1
1
1
1
1
1
1
1
1
1
1
1
1
1
1
35288
1
1
1
1
1
1
1
1
1
0
54186
1
1
1
1
0
1
1
1
1
1
0
1
0
1
1
1
1
1
1
0
1
1
1
3327
47865
1
1
1
1
1
0
0
1
1
1
1
1
1
1
1
1
1
1
1
1
1
1
1
1
1
1
62054
0
1
0
39648
0
0
1
1
0
1
1
1
1
1
1
5123
1
1
1
36354
0
0
16662
0
1
1
21175
1
1
31124
8960
1
0
5054
1
1
3522
1
1
0
1
1
0
1
1
1
0
0
1
1
36382
72402
1
1
1
1
1
1
1
1
1
0
1
0
1
61746
1
1
0
1
1
1
1
1
1
1
1
1
1
1
1
1
0
0
1
0
1
1
1
1
1
1
1
1
1
1
1
1
1
1
1
1
1
1
1
1
66351
1
1
1
1
0
1
1
1
1
1
1
0
60207
1
1
1
1
0
1
1
1
1
1
1
3841
1
1
1
1
1
1
1
0
1
1
1
1
1
1
1
1
1
0
0
0
1
44918
1
1
0
1
1
0
1
1
1
1
1
1
1
1
21278
1
1
1
1
1
0
1
1
1
1
52789
1
1
1
0
1
1
6930
1
1
6751
1
37653
1
1
1
1
0
1
0
1
9953
1
1
10165
49286
1
1
1
1
1
1
1
1
1
1
1
1
1
1
1
1
0
1
1
1
30578
1
1
1
1
38394
0
0
1
1
1
1
1
1
1
19970
30816
1
64267
1
41113
1
1
1
1
1
0
44383
1
1
1
1
19454
1
1
1
0
1
12037
1
1
1
1
1
1
1
1
1
1
1
1
1
1
0
1
1
1
1
4884
1
1
1
1
1
1
1
1
1
1
1
1
1
0
1
1
1
1
1
1
0
1
1
1
0
51670
0
1
1
9185
1
1
0
1
1
1
54991
1
1
0
1
1
1
1
1
1
1
0
1
1
1
316
1
1
1
1
1
1
1
1
1
13996
1
1
1
1
1
1
1
1
1
1
1
76114
1
0
1
0
1
1
25997
1
1
1
1
1
1
1
0
31913
1
1
1
1
1
1
1
1
0
1
1
1
1
1
1363
1
1
1
1
1
1
67432
1
1
1
1
1
1
1
1
1
1
1
1
1
1
1
1
0
0
48566
1
1
1
1
1
1
1
0
1
1
1
1
1
4478
0
89654
1
1
1
1
1
1
1
1
1
1
1
1
1
1
0
1
1
1
1
1
62688
1
1
1
1
1
1
1
11241
1
1
18147
1
1
1
1
0
1
1
1
1
0
1
0
1
50376
0
1
1
0
1
1
1
1
1
1
0
1
1
1
14609
1
60580
1
1
9811
1
1
1
1
1
1
1
1
1
1
1005
1
1
1
1
0
1
1
1537
1
1
1
1
0
1
1
1
1
1
0
1
1
1
1
42060
71528
1
0
0
0
1
1
1
1
10949
1
0
0
1
1
1
1
1
0
1
1
1
1
0
19738
1
1
1
1
1
0
1
0
1
0
1
68706
1
1
1
4747
1
1
1
1
1
0
1
0
1
0
1
76060
1
1
0
5570
1
1
1
1
1
0
1
1
1
1
1
1
0
1
1
1
1
1
1
1
1
1
0
1
1
70191
1
1
1
1
1
1
1
5971
1
1
1
1
1
1
1
0
1
0
1
1
1
0
1
1
0
1
1
1
1
1
1
1
0
0
1
1
1
1
1
1
1
1
1
9298
1
1
0
1
1
1
1
1
1
1
1
1
1
1
0
1
1
1
1
1
0
1
1
1
1
1
1
1
1
1
1
1
0
30443
55490
1
1
1
1
22602
52818
1
1
1
15550
1
0
1
1
1
1
1
57187
1
24362
1
1
1
1
1
1
1
1
0
1
1
1
1
1
1
1
1
1
1
67746
1
1
1
1
1
1
1
1
1
1
0
1
1
1
1
1
31047
1
1
1
1
0
1
1
1
1
1
0
56220
1
1
1
1
0
1
1
45203
1
1
1
42738
1
1
1
1
1
51484
1
1
1
1
1
1
1
1
0
1
1
1
1
1
1
0
1
1
0
0
1
1
0
51875
1
1
1
1
1
1
36000
0
1
1
0
1
1
0
1
1
57500
1
1
1
1
1
1
0
1
1
0
1
1
1
0
1
1
1
0
6520
1
1
1
1
1
16138
1
1
1
1
82562
1
1
34837
1
1
1
1
1
1
28398
1
0
1
1
1
0
1
1
0
1
1
0
1
1
1
1
1
1
1
0
0
0
1
0
1
1
1
1
1
34789
1
1
1
1
1
95300
16579
1
1
1
71415
1
1
1
1
0
19068
1
4859
1
1
2110
0
1
1
1
1
1
0
0
1
1
1
1
0
1
1
1
1
0
1
1
1
0
1
1
1
1
1
1
1
1
1
1
1
1
1
1
0
1
1
1
1
1
1
1
1
1
1
1
1
1
0
27906
1
0
1
1
1
1
1
1
1
1
1
72834
1
1
1
48981
1
1
20404
1
1
1
1
1
1
0
1
1
19474
1
0
1
0
1
1
0
1
1
1
1
1
1
0
0
0
23051
1
1
1
1
1
1
1
1
1
1
1
1
1
1
1
1
1
0
1
1
1
1
161
1
3137
1
1
1
1
1
1
1
1
1
1
1
1
1
1
1
9819
0
1
1
1
0
1
1
1
1
1
1
1
1
1
1
1
1
0
0
1
1
1
1
0
1
20128
1
0
0
1
1
1
1
1
1
1
1
0
1
1
1
1
1
1
1
0
1
0
0
1
1
1
1
1
0
1
0
1
1
1
1
1
1
1
1
1
1
1
1
1
1
1
1
0
67110
10061
35927
1
1
0
1
1
1
45481
5002
1
0
1
1
1
11969
1
0
1
1
1
1
1
1
1
1
1
1
1
1
0
0
1
0
1
1
0
53042
1
1
1
359
1
1
1
1
1
1
1
1
1
1
1
1
1285
1
1
1
1
1
1
1
1
0
1
0
0
0
1
1
1
1
1
0
1
1
1
1
1
1
54877
1
0
0
1
1
1
1
1
0
27615
1
1
1
1
0
1
3627
1
26676
1
1
1
0
1
1
1
1
1
1
1
1
1
0
1
1
1
1
1
1
1
1
1
1
1
1
1
1
1
0
1
1
1
1589
1
3528
1
6772
1
9175
1
1
1
1
0
1
91008
1
0
16444
1
0
20684
12080
1
1
1
1
0
1
1
1
1
1
1
1
1
1
1
0
72894
1
1
1
1
1
1
1
1
1
1
1
0
1
1
1
1
1
1
1
1
70086
1
1
1
1
1
1
1
1
1
1
1
1
1
32362
1
1
1
0
1
1
1
0
1
1
1
0
1
1
1
1
1
1
43387
25340
1
1
1
1
1
78771
1
23574
1
1
0
1
1
1
1
1
0
1
1
1
1
1
0
1
1
1
1
1
1
1
1
1
1
1
1
0
1
1
1
1
1
1
1
1
37376
1
1
1
1
18502
1
1
1
1
1
1
1
1
1
1
23377
1
1
1
1
0
1
1
23745
1
1
1
0
41754
0
1
1
1
1
0
0
1
1
0
1
1
0
72936
0
1
1
1
16569
1
25846
0
8194
1
1
2490
1
1
1
1
26140
82164
42140
0
70649
1
1
1
1
1
1
1
0
79734
1
1
0
1
1
1
1
1
1
1
1
1
0
25690
1
1
1
1
1
1
1
1
1
1
1
14328
1
19920
0
0
1
27629
12555
1
1
0
1
0
1
1
0
0
1
1
76378
1
31368
1
0
0
1
1
1
1
1
1
0
66684
1
1
1
1
0
1
1
1
0
1
1
0
1
1
1
1
1
0
0
18777
1
1
0
0
1
0
1
1
0
1
1
1
1
1
0
1
1
1
1
1
1
1
1
1
1
12357
1
1
0
1
1
1
1
1
1
1
1
1
1
1
1
17510
1
0
0
1
1
1
18168
1
1
1
1
1
1
1
1
1
1
0
1
0
1
1
1
1
1
1
0
1
1
1
1
1
1
1
34741
24134
0
1
0
1
1
1
1
1
3024
1
1
1
19602
1
1
1
1
0
1
1
1
8458
1
1
1
1
1
1
1
1
1
1
1
1
1
1
1
1
1
0
1
1
1
1
1
16446
1
1
1
0
1
1
1
1
0
1
30039
1
1
1
1
1
1
1
1
9982
1
12454
1
1
1
1
1
1
1
1
1106
1
1
1
1
1
0
1
1
1
1
1
1
0
64751
0
1
1
1
83508
1
1
5025
1
1
10328
1
1
1
1
1
1
1
1
1
1
0
1
1
1
1
1
1
1
0
1
1
1
1
1
1
1
0
1
1
0
1
1
1
1
1
0
0
1
0
1
1
1
1
0
1
1
13725
1
1
1
1
1
1
1
1
1
1
1
1
1
1
1
1
1
1
1
1
1
1
4621
6743
1
1
1
1
1
1
1
1
0
0
1
1
1
0
1
1
1
1
0
1
1
1
1
1
0
1
1
1
28661
1
1
1
1
1
1
1
1
1
1
1
79116
1
0
1
1
1
0
1
1
1
15716
1
1
1
1
1
1
1
1
1
1
1
52551
1
0
1
1
1
1
1
1
1
1
1
1
1
1
1
1
1
0
1
1
0
0
1
1
1
1
56914
1
1
1
1
1
1
1
17455
63518
32816
25587
1
1
1
1
1
1
1
0
1
1
0
1
1
1
1
1
1
1
1
30597
0
1
1
1
1
1
1
1
1
0
1
63734
0
67642
1
57304
1
1
0
1
1
1
1
1
68761
0
1
673
1
1
1
12449
1
0
1
1
1
1
1
53184
1
0
0
1
1
1
1
1
1
1
1
1
0
64600
1
1
1
1
1
1
1
1
1
0
1
1
1
1
1
1
1
1
1
1
1
1
1
1
1
1
1
1
14045
1
1
1
1
0
1
1
1
1
1
1
1
1
1
1
1
1
1
1
1171
1
1
1
21730
1
1
1
1
21877
0
0
1
1
1
1
1
16215
1
1
0
1
1
1
25835
1
0
1
1
0
1
1
1
0
1
0
1
0
1
1
1
32527
23190
1
1
14361
1
1
0
43968
1
0
1
1
0
55004
1
1
0
1
1
1
1
1
1
0
1
0
0
1
1
1
1
0
0
1
1
1
77645
8589
0
1
1
16791
1
1
1
1
0
38558
1
1
0
1
1
1
1
1
0
55145
0
1
1
1
1
1
1
1
1
1
1
1
0
1
1
1
1
1
1
1
1
1
1
1
1
0
1
1
1
1
1
1
1
1
1
1
1
1
1
1
1
1
0
1
1
1
1
1
1
43158
1
1
1
1
1
1
0
56023
14050
1
22148
1
1
1
1
1
1
1
1
1
1
1
1
1
1
1
1
1
1
1
1
1
1
1
1
1
1
1
1
1
0
1
1
1
1
1
1
1
1
1
0
1
1
1
1
1
1
0
33985
1
0
0
1
1
53229
1
0
1
3115
0
0
1
1
1
1
1
1
65278
1
0
1
0
1
1
1
1
1
1
28696
1
1
1
1
1
1
1
1
1
1
1
1
1
21460
1
1
1
22271
1
1
1
1
1
1
0
1
1
1
1
1
1
1
1
1
1
42584
1
1
27184
1
1
1
1
0
43583
1
1
1
0
49717
1
8029
1
0
1
1
1
0
1
1
1
1
1
67741
1
1
0
1
1
0
1
1
1
1
1
1
1
1
1
1
1
1
0
1
29303
0
1
1
1
1
0
1
0
1
1
1
0
1
1
1
1
1
1
0
1
1
1
0
1
1
1
0
29130
1
1
0
1
1
1
1
1
1
1
1
1
1
1
1
1
1
25952
1
1
17187
1
1
1
1
1
1
1
1
1
1
1
1
1
1
0
1
1
1
1
1
0
1
30211
0
26492
1
48492
1
1
1
1
1
1
1
1
1
1
1
54419
1
1
16174
1
1
1
1
1
1
0
1
1
21329
1
1
1
9722
1
0
0
1
1
1
65880
1
1
1
0
1
1
1
1
1
1
1
1
14439
626
1
1
1
0
1
1
0
1
1
1
1
0
1
0
1
1
1
69779
1
1
1
1
1
1
1
1
0
1
1
1
1
1
1
0
1
0
1
1
0
1
1
1
1
1
9139
1
21650
1
1
1
1
0
1
1
1
1
1
20221
12799
1
1
0
1
1
1
1
0
1
1
1
0
1
1
0
0
1
1
1
1
1
1
1
54985
1
1
1
1
1
1
66753
1
0
1
1
1
1
1
84604
1
1
0
1
1
1
1
1
1
1
1
1
0
0
24945
1
1
12452
1
1
1
1
0
1
1
1
1
3830
28940
0
1
13420
0
6474
1
1
1
1
1
13992
1
1
22147
1
44175
1
1
1
1
1
1
1
0
1
1
1
1
0
0
1
1
1
1
1
1
1
1
1
1
1
1
1
1
1
1
1
0
0
1
1
1
7544
1
1
1
68598
1
1
1
1
1
0
1
1
1
0
0
1
1
1
1
0
37826
1
1
1
1
1
1
0
0
1
1
0
1
1
1
1
1
1
0
25336
1
1553
1
0
1
0
1
0
1
1
0
1
1
1
34303
1
1
1
1
1
1
1
1
1
1
0
1
1
1
1
1
1
1
1
68916
1
1
1
1
1
1
0
26976
1
0
1
1
1
0
1
1
1
1
55398
1
0
17023
0
1
1
1
1
1
1
1
1
1
1
1
1
1
45096
1
1
1
0
0
50931
1
1
1
1
1
0
1
1
1
0
1
0
0
1
1
1
1
1
1
1
1
1
1
1
1
1
9290
1
0
1
1
8572
1
1
1
1
1
1
0
1
1
1
0
1
45884
60433
1
0
1
1
1
1
0
1
13726
1
1
1
0
1
1
1
1
1
1
0
1
1
1
0
1
1
1
1
0
1
1
1
0
1
1
0
1
0
1
1
1
1
1
1
1
1
0
1
1
1
74737
1
62998
1
1
1
79171
35059
1
1
1
1
1
1
1
1
6815
85107
1
1
1
1
0
0
1
1
1
1
1
1
1
1
1
1
1
1
1
1
1
1
1
0
0
1
1
0
0
1
1
1
0
1
1
1
1
1
0
1
22012
1
1
0
1
1
1
1
1
1
1
1
1
0
1
1
1
0
77251
1
0
1
1
1
1
1
1
1
1
93802
1
1
0
35423
1
1
17674
1
0
1
1
1
1
1
1
1
1
1
48043
0
1
0
1
0
1
1
1
1
12767
1
1
1
21259
1
1
1
1
1
1
0
1
0
1
1
1
0
1
1
1
0
1
1
1
1
1
1
66863
1
1
1
1
1
1
1
1
1
1
1
1
1
1
1
0
1
1
1
0
1
1
1
1
0
0
1
1
1
62751
0
1
1
0
1
1
1
1
1
1
1
1
31428
1
1
1
1
1
41235
67972
1
1
0
0
1
1
1
1
1
1
1
1
0
1
1
1
1
0
1
1
1
0
46854
1
1
1
1
47430
1
0
0
1
1
1
1
80884
0
0
1
1
1
1
1
1
0
1
1
0
1
1
0
0
0
1
1
2185
1
1
1
1
1
1
26745
8368
47187
1
1
1
1
1
1
0
1
1
1
1
1
1
1
1
1
1
1
1
0
1
1
1
1
1
1
1
0
1
1
0
1
1
1
0
1
1
13540
1
1
1
1
1
1
1
12583
1
1
1
1
1
1
1
1
0
1
1
1
1
1
1
0
1
1
34218
1
0
1
1
1
1
1
1
1
0
1
1
1
1
1
1
1
1
1
1
1
1
1
1
1
3862
43990
1
1
1
33732
0
0
1
1
1
1
1
1
1
1
2308
1
37870
1
1
1
1
94214
1
1
26625
1
1
54144
1
1
1
1
1
1
1
1
1
1
1
1
0
1
1
1
15996
0
1
1
1
1
1
1
1
0
1
1
1
1
1
1
1
1
0
1
1
1
0
1
1
25293
1
1
1
1
39234
1
1
1
1
1
1
1
1
1
1
1
0
0
1
1
0
0
1
1
1
1
73306
1
1
1
0
1
1
1
1
1
1
1
1
9896
1
0
1
1
1
1
0
1
0
0
1
1
51410
1
1
1
1
1
1
1
1
1
1
0
1
41218
1
1
1
1
1
1
1
1
1
1
1
1
1
1
0
1
1
1
1
1
1
1
1
1
1
1
1
0
1
1
1
1
1
1
1
1
1
1
0
0
0
1
1
1
8785
1
1
0
1
1
9611
1
0
1
1
0
1
85683
1
0
0
17371
1
1
1
1
1
1
1
1
1
0
1
1
1
1
0
1
1
1
1
1
1
1
1
1
37419
64044
0
0
1
1
1
1
15410
0
1
1
1
1
1
1
1
1
0
1
1
1
1
1
1
0
53003
1
1
1
1
1
1
1
1
1
1
0
0
1
309
1
1
1
1
1
32606
1
1
1
1
27174
1
1
1
0
1
1
1
1
0
1
1
1
0
1
1
1
1
1
1
1
1
1
1
0
1
10014
1
1
0
1
1
0
1312
37056
1
1
1
0
1
1
1
1
18996
1
1
1
1
1
1
1
1
1
1
1
24592
0
0
1
70694
8930
1
1
1
1
0
1
1
1
1
0
1
1
17916
1
1
0
1
1
1
0
0
1
1
1
0
1
1
1
1
4576
1
0
0
42114
1
1
1
0
1
1
1
1
1
1
1
0
206
1
1
0
1
1
1
0
1
0
1
1
1
1
1
70198
1
1
0
1
1
1
1
1
1
1
43235
0
1
1
1
1
1
1
1
1
1
1
1
1
1
40953
1
1
1
1
1
1
1
1
1
1
1
48988
1
1
0
1
1
1
1
1
1
1
1
1
1
1
0
1
1
666
0
1
1
0
0
1
1
1
1
70202
0
63097
0
1
1
1
1
1
1
1
1
30206
1
0
18136
1
1
1
1
1
1
1
0
1
1
1
1
1
1
1
1
1
1
0
1
0
1
1
1
1
1
1
1
1
1
1
80513
1
1
1
1
1
1
0
1
24347
1
0
1
1
1
17318
1
1
1
1
1
1
1
1
1
1
22621
1
1
0
1
1
1
1
0
1
1
0
1
1
1
1
1
0
0
0
1
1
1
1
1
1
1
26930
1
1
11029
74231
1
1
1
2596
1
1
1
1
33409
1
1
1
1
1
1
1
1
1
1
1
1
1
1
1
0
1
0
0
0
0
1
1
1
1
1
1
1
1
1
1
1
1
1
1
1
1
1
26711
1
1
0
1
1
1
1
1
1
1
1
1
1
1
1
1
1
1
1
1
1
0
1
2691
0
1
0
1
0
1
0
0
1
1
1
1
0
0
1
49247
1
1
0
1
83822
1
0
1
1
1
1
26331
1
9599
3788
1
1
1
1
1
0
0
1
1
1
1
91968
1
1
1
1
29236
1
253
1
1
1
1
46357
1
69764
1
1
1
1
0
1
1
0
1
1
1
1
1
1
1
0
1
59494
1
0
1
1
1
0
1
1
1
1
1
1
1
1
1
1
76132
1
1
1
1
0
1
1
1
0
0
1
1
4758
35448
1
1
1
1
1
0
0
1
1
1
1
1
1
1
1
1
1
1
1
1
1
1
1
1
1
1
1
1
1
1
1
24984
6973
1
1
53064
1
1
1
1
0
0
1
1
1
1
0
1
1
1
1
1
1
1
1
1
0
1
0
1
1
1
1
1
1
1
1
1
1
1
1
1
1
1
0
0
1
0
13102
1
1
1
1
1
1
22533
1
1
1
4888
1
1
1
0
1
1
1
1
1
1
1059
0
1
0
1
1
1
1
9836
1
1
5276
13098
1
1
1
0
6039
1
0
1
1
1
1
1
1
1
1
1
1
1
1
1
1
1
1
1
1
0
1
1
1
1
0
1
1
1
1
1
1
1
1
1
0
1
1
1
1
1
1
0
11787
1
1
0
1
3916
1
1
1
0
1
1
1
1
1
1
1
1
14014
1
0
1
1
0
1
1
63555
1
0
1
1
66303
1
0
1
0
1
0
6076
1
2469
1
1
1
0
1
1
1
20900
1
1
1
1
1
1
1
0
1
1
1
0
1
1
0
1
69705
